 Welcome to HYDRUS                                                       
 
 Program HYDRUS3
 Date:  14. 7.2019    Time:  18: 1:34
 Time dependent boundary conditions
 
 Units: L = cm   , T = min  , M = mmol 
 

----------------------------------------------------------
 Time       [T] 0.00000000E+00
----------------------------------------------------------
 Sub-region num.                     1
----------------------------------------------------------
 Volume  [L3]        0.21000E+05  0.21000E+05
 VolumeW [L3]        0.37988E+04  0.37998E+04
 InFlow  [L3/T]      0.00000E+00  0.00000E+00
 hMean   [L]        -0.18999E+03     -189.994
----------------------------------------------------------

----------------------------------------------------------
 Time       [T]        5.0000
----------------------------------------------------------
 Sub-region num.                     1
----------------------------------------------------------
 Volume  [L3]        0.21000E+05  0.21000E+05
 VolumeW [L3]        0.39988E+04  0.39994E+04
 InFlow  [L3/T]      0.39996E+02  0.39996E+02
 hMean   [L]        -0.12371E+03     -123.708
 WatBalT [L3]        0.30824E-01
 WatBalR [%]               0.008
----------------------------------------------------------

----------------------------------------------------------
 Time       [T]       15.0000
----------------------------------------------------------
 Sub-region num.                     1
----------------------------------------------------------
 Volume  [L3]        0.21000E+05  0.21000E+05
 VolumeW [L3]        0.43988E+04  0.43994E+04
 InFlow  [L3/T]      0.39998E+02  0.39998E+02
 hMean   [L]        -0.11281E+03     -112.812
 WatBalT [L3]       -0.18239E-03
 WatBalR [%]               0.000
----------------------------------------------------------

----------------------------------------------------------
 Time       [T]       30.0000
----------------------------------------------------------
 Sub-region num.                     1
----------------------------------------------------------
 Volume  [L3]        0.21000E+05  0.21000E+05
 VolumeW [L3]        0.49988E+04  0.49991E+04
 InFlow  [L3/T]      0.40001E+02  0.40001E+02
 hMean   [L]        -0.98652E+02      -98.652
 WatBalT [L3]       -0.46139E-02
 WatBalR [%]               0.000
----------------------------------------------------------

----------------------------------------------------------
 Time       [T]       60.0000
----------------------------------------------------------
 Sub-region num.                     1
----------------------------------------------------------
 Volume  [L3]        0.21000E+05  0.21000E+05
 VolumeW [L3]        0.61987E+04  0.61985E+04
 InFlow  [L3/T]      0.39999E+02  0.39999E+02
 hMean   [L]        -0.67802E+02      -67.802
 WatBalT [L3]       -0.99587E-01
 WatBalR [%]               0.004
----------------------------------------------------------

----------------------------------------------------------
 Time       [T]      120.0000
----------------------------------------------------------
 Sub-region num.                     1
----------------------------------------------------------
 Volume  [L3]        0.21000E+05  0.21000E+05
 VolumeW [L3]        0.61912E+04  0.61913E+04
 InFlow  [L3/T]     -0.24252E+00 -0.24252E+00
 hMean   [L]        -0.45578E+02      -45.578
 WatBalT [L3]       -0.22575E+00
 WatBalR [%]               0.009
----------------------------------------------------------

----------------------------------------------------------
 Time       [T]      180.0000
----------------------------------------------------------
 Sub-region num.                     1
----------------------------------------------------------
 Volume  [L3]        0.21000E+05  0.21000E+05
 VolumeW [L3]        0.61782E+04  0.61782E+04
 InFlow  [L3/T]     -0.18336E+00 -0.18336E+00
 hMean   [L]        -0.37625E+02      -37.625
 WatBalT [L3]       -0.19091E+00
 WatBalR [%]               0.008
----------------------------------------------------------

----------------------------------------------------------
 Time       [T]      240.0000
----------------------------------------------------------
 Sub-region num.                     1
----------------------------------------------------------
 Volume  [L3]        0.21000E+05  0.21000E+05
 VolumeW [L3]        0.61694E+04  0.61693E+04
 InFlow  [L3/T]     -0.12746E+00 -0.12746E+00
 hMean   [L]        -0.32564E+02      -32.564
 WatBalT [L3]       -0.17910E+00
 WatBalR [%]               0.007
----------------------------------------------------------

----------------------------------------------------------
 Time       [T]      500.0000
----------------------------------------------------------
 Sub-region num.                     1
----------------------------------------------------------
 Volume  [L3]        0.21000E+05  0.21000E+05
 VolumeW [L3]        0.61514E+04  0.61514E+04
 InFlow  [L3/T]     -0.41062E-01 -0.41062E-01
 hMean   [L]        -0.23068E+02      -23.068
 WatBalT [L3]       -0.14819E+00
 WatBalR [%]               0.006
----------------------------------------------------------

----------------------------------------------------------
 Time       [T]      720.0000
----------------------------------------------------------
 Sub-region num.                     1
----------------------------------------------------------
 Volume  [L3]        0.21000E+05  0.21000E+05
 VolumeW [L3]        0.61449E+04  0.61448E+04
 InFlow  [L3/T]     -0.23799E-01 -0.23799E-01
 hMean   [L]        -0.20772E+02      -20.772
 WatBalT [L3]       -0.14151E+00
 WatBalR [%]               0.006
----------------------------------------------------------

----------------------------------------------------------
 Time       [T]     1440.0000
----------------------------------------------------------
 Sub-region num.                     1
----------------------------------------------------------
 Volume  [L3]        0.21000E+05  0.21000E+05
 VolumeW [L3]        0.61344E+04  0.61344E+04
 InFlow  [L3/T]     -0.11621E-01 -0.11621E-01
 hMean   [L]        -0.19604E+02      -19.604
 WatBalT [L3]       -0.11408E+00
 WatBalR [%]               0.005
----------------------------------------------------------
 
 Calculation time [sec]   80.7799999713898     
