 Welcome to HYDRUS                                                       
 
 Program HYDRUS3
 Date:  14. 7.2019    Time:  18: 1:34
 Time dependent boundary conditions
 
 Units: L = cm   , T = min  , M = mmol 
 

 Max. number of iterations             10
 Absolute water content tolerance [-] 0.00100
 Absolute pressure head tolerance [L] 1.00000



MatNum, Param. array:

   Mat     Qr     Qs        Alfa         n          Ks      l       Qm     Qa     Qk       Kk

    1    0.045  0.430   0.145E+00   0.268E+01   0.495E+00  0.500
    2    0.100  0.390   0.590E-01   0.148E+01   0.218E-02  0.500
    3    0.045  0.430   0.145E+00   0.268E+01   0.200E+01  0.500

       Table of Hydraulic Properties which are interpolated in simulation
       =================================================================

  theta         h        log h        C             K        log K          S
 
  0.4300  -0.100E-01 -0.2000E+01  0.0000E+00  0.4950E+00 -0.3054E+00    1.0000
  0.4300  -0.115E-01 -0.1939E+01  0.0000E+00  0.4950E+00 -0.3054E+00    1.0000
  0.4300  -0.132E-01 -0.1879E+01  0.0000E+00  0.4950E+00 -0.3054E+00    1.0000
  0.4300  -0.152E-01 -0.1818E+01  0.0000E+00  0.4950E+00 -0.3054E+00    1.0000
  0.4300  -0.175E-01 -0.1758E+01  0.0000E+00  0.4950E+00 -0.3054E+00    1.0000
  0.4300  -0.201E-01 -0.1697E+01  0.0000E+00  0.4950E+00 -0.3054E+00    1.0000
  0.4300  -0.231E-01 -0.1636E+01  0.0000E+00  0.4950E+00 -0.3054E+00    1.0000
  0.4300  -0.266E-01 -0.1576E+01  0.0000E+00  0.4950E+00 -0.3054E+00    1.0000
  0.4300  -0.305E-01 -0.1515E+01  0.0000E+00  0.4950E+00 -0.3054E+00    1.0000
  0.4300  -0.351E-01 -0.1455E+01  0.0000E+00  0.4950E+00 -0.3054E+00    1.0000
  0.4300  -0.404E-01 -0.1394E+01  0.0000E+00  0.4950E+00 -0.3054E+00    1.0000
  0.4300  -0.464E-01 -0.1333E+01  0.0000E+00  0.4950E+00 -0.3054E+00    1.0000
  0.4300  -0.534E-01 -0.1273E+01  0.0000E+00  0.4950E+00 -0.3054E+00    1.0000
  0.4300  -0.614E-01 -0.1212E+01  0.0000E+00  0.4950E+00 -0.3054E+00    1.0000
  0.4300  -0.705E-01 -0.1152E+01  0.0000E+00  0.4950E+00 -0.3054E+00    1.0000
  0.4300  -0.811E-01 -0.1091E+01  0.0000E+00  0.4950E+00 -0.3054E+00    1.0000
  0.4300  -0.933E-01 -0.1030E+01  0.0000E+00  0.4950E+00 -0.3054E+00    1.0000
  0.4300  -0.107E+00 -0.9697E+00  0.0000E+00  0.4950E+00 -0.3054E+00    1.0000
  0.4300  -0.123E+00 -0.9091E+00  0.0000E+00  0.4950E+00 -0.3054E+00    1.0000
  0.4300  -0.142E+00 -0.8485E+00  0.0000E+00  0.4950E+00 -0.3054E+00    1.0000
  0.4300  -0.163E+00 -0.7879E+00  0.0000E+00  0.4950E+00 -0.3054E+00    1.0000
  0.4300  -0.187E+00 -0.7273E+00  0.0000E+00  0.4950E+00 -0.3054E+00    1.0000
  0.4300  -0.215E+00 -0.6667E+00  0.0000E+00  0.4950E+00 -0.3054E+00    1.0000
  0.4300  -0.248E+00 -0.6061E+00  0.0000E+00  0.4950E+00 -0.3054E+00    1.0000
  0.4300  -0.285E+00 -0.5455E+00  0.0000E+00  0.4950E+00 -0.3054E+00    1.0000
  0.4300  -0.327E+00 -0.4848E+00  0.0000E+00  0.4950E+00 -0.3054E+00    1.0000
  0.4300  -0.376E+00 -0.4242E+00  0.0000E+00  0.4950E+00 -0.3054E+00    1.0000
  0.4300  -0.433E+00 -0.3636E+00  0.0000E+00  0.4950E+00 -0.3054E+00    1.0000
  0.4300  -0.498E+00 -0.3030E+00  0.0000E+00  0.4950E+00 -0.3054E+00    1.0000
  0.4300  -0.572E+00 -0.2424E+00  0.0000E+00  0.4950E+00 -0.3054E+00    1.0000
  0.4300  -0.658E+00 -0.1818E+00  0.0000E+00  0.4950E+00 -0.3054E+00    1.0000
  0.4300  -0.756E+00 -0.1212E+00  0.0000E+00  0.4950E+00 -0.3054E+00    1.0000
  0.4300  -0.870E+00 -0.6061E-01  0.0000E+00  0.4950E+00 -0.3054E+00    1.0000
  0.4300  -0.100E+01  0.0000E+00  0.0000E+00  0.4950E+00 -0.3054E+00    1.0000
  0.4300  -0.115E+01  0.6061E-01  0.0000E+00  0.4950E+00 -0.3054E+00    1.0000
  0.4300  -0.132E+01  0.1212E+00  0.0000E+00  0.4950E+00 -0.3054E+00    1.0000
  0.4300  -0.152E+01  0.1818E+00  0.0000E+00  0.4950E+00 -0.3054E+00    1.0000
  0.4300  -0.175E+01  0.2424E+00  0.0000E+00  0.4950E+00 -0.3054E+00    1.0000
  0.4299  -0.201E+01  0.3030E+00  0.1139E-01  0.4939E+00 -0.3064E+00    0.9997
  0.4261  -0.231E+01  0.3636E+00  0.1403E-01  0.4573E+00 -0.3398E+00    0.9898
  0.4207  -0.266E+01  0.4242E+00  0.1710E-01  0.4142E+00 -0.3828E+00    0.9758
  0.4132  -0.305E+01  0.4848E+00  0.2051E-01  0.3648E+00 -0.4379E+00    0.9564
  0.4030  -0.351E+01  0.5455E+00  0.2411E-01  0.3101E+00 -0.5086E+00    0.9298
  0.3894  -0.404E+01  0.6061E+00  0.2756E-01  0.2522E+00 -0.5983E+00    0.8944
  0.3718  -0.464E+01  0.6667E+00  0.3041E-01  0.1945E+00 -0.7111E+00    0.8488
  0.3499  -0.534E+01  0.7273E+00  0.3213E-01  0.1410E+00 -0.8509E+00    0.7921
  0.3241  -0.614E+01  0.7879E+00  0.3227E-01  0.9532E-01 -0.1021E+01    0.7249
  0.2951  -0.705E+01  0.8485E+00  0.3068E-01  0.5991E-01 -0.1223E+01    0.6495
  0.2642  -0.811E+01  0.9091E+00  0.2756E-01  0.3500E-01 -0.1456E+01    0.5694
  0.2332  -0.933E+01  0.9697E+00  0.2346E-01  0.1910E-01 -0.1719E+01    0.4889
  0.2036  -0.107E+02  0.1030E+01  0.1902E-01  0.9814E-02 -0.2008E+01    0.4120
  0.1766  -0.123E+02  0.1091E+01  0.1481E-01  0.4796E-02 -0.2319E+01    0.3418
  0.1528  -0.142E+02  0.1152E+01  0.1116E-01  0.2252E-02 -0.2647E+01    0.2800
  0.1325  -0.163E+02  0.1212E+01  0.8197E-02  0.1026E-02 -0.2989E+01    0.2272
  0.1154  -0.187E+02  0.1273E+01  0.5909E-02  0.4567E-03 -0.3340E+01    0.1830
  0.1014  -0.215E+02  0.1333E+01  0.4202E-02  0.2000E-03 -0.3699E+01    0.1466
  0.0900  -0.248E+02  0.1394E+01  0.2958E-02  0.8653E-04 -0.4063E+01    0.1170
  0.0808  -0.285E+02  0.1455E+01  0.2068E-02  0.3713E-04 -0.4430E+01    0.0931
  0.0735  -0.327E+02  0.1515E+01  0.1439E-02  0.1584E-04 -0.4800E+01    0.0740
  0.0676  -0.376E+02  0.1576E+01  0.9975E-03  0.6729E-05 -0.5172E+01    0.0587
  0.0629  -0.433E+02  0.1636E+01  0.6899E-03  0.2851E-05 -0.5545E+01    0.0465
  0.0592  -0.498E+02  0.1697E+01  0.4764E-03  0.1205E-05 -0.5919E+01    0.0368
  0.0562  -0.572E+02  0.1758E+01  0.3286E-03  0.5090E-06 -0.6293E+01    0.0292
  0.0539  -0.658E+02  0.1818E+01  0.2264E-03  0.2147E-06 -0.6668E+01    0.0231
  0.0520  -0.756E+02  0.1879E+01  0.1560E-03  0.9051E-07 -0.7043E+01    0.0183
  0.0506  -0.870E+02  0.1939E+01  0.1074E-03  0.3814E-07 -0.7419E+01    0.0145
  0.0494  -0.100E+03  0.2000E+01  0.7393E-04  0.1607E-07 -0.7794E+01    0.0114
  0.0485  -0.115E+03  0.2061E+01  0.5088E-04  0.6766E-08 -0.8170E+01    0.0090
  0.0478  -0.132E+03  0.2121E+01  0.3502E-04  0.2849E-08 -0.8545E+01    0.0072
  0.0472  -0.152E+03  0.2182E+01  0.2409E-04  0.1200E-08 -0.8921E+01    0.0057
  0.0467  -0.175E+03  0.2242E+01  0.1658E-04  0.5051E-09 -0.9297E+01    0.0045
  0.0464  -0.201E+03  0.2303E+01  0.1141E-04  0.2126E-09 -0.9672E+01    0.0035
  0.0461  -0.231E+03  0.2364E+01  0.7848E-05  0.8952E-10 -0.1005E+02    0.0028
  0.0459  -0.266E+03  0.2424E+01  0.5400E-05  0.3769E-10 -0.1042E+02    0.0022
  0.0457  -0.305E+03  0.2485E+01  0.3715E-05  0.1587E-10 -0.1080E+02    0.0018
  0.0455  -0.351E+03  0.2545E+01  0.2556E-05  0.6679E-11 -0.1118E+02    0.0014
  0.0454  -0.404E+03  0.2606E+01  0.1758E-05  0.2812E-11 -0.1155E+02    0.0011
  0.0453  -0.464E+03  0.2667E+01  0.1210E-05  0.1184E-11 -0.1193E+02    0.0009
  0.0453  -0.534E+03  0.2727E+01  0.8323E-06  0.4982E-12 -0.1230E+02    0.0007
  0.0452  -0.614E+03  0.2788E+01  0.5726E-06  0.2097E-12 -0.1268E+02    0.0005
  0.0452  -0.705E+03  0.2848E+01  0.3939E-06  0.8829E-13 -0.1305E+02    0.0004
  0.0451  -0.811E+03  0.2909E+01  0.2710E-06  0.3717E-13 -0.1343E+02    0.0003
  0.0451  -0.933E+03  0.2970E+01  0.1865E-06  0.1565E-13 -0.1381E+02    0.0003
  0.0451  -0.107E+04  0.3030E+01  0.1283E-06  0.6587E-14 -0.1418E+02    0.0002
  0.0451  -0.123E+04  0.3091E+01  0.8825E-07  0.2773E-14 -0.1456E+02    0.0002
  0.0451  -0.142E+04  0.3152E+01  0.6072E-07  0.1167E-14 -0.1493E+02    0.0001
  0.0450  -0.163E+04  0.3212E+01  0.4177E-07  0.4914E-15 -0.1531E+02    0.0001
  0.0450  -0.187E+04  0.3273E+01  0.2874E-07  0.2068E-15 -0.1568E+02    0.0001
  0.0450  -0.215E+04  0.3333E+01  0.1977E-07  0.8707E-16 -0.1606E+02    0.0001
  0.0450  -0.248E+04  0.3394E+01  0.1360E-07  0.3665E-16 -0.1644E+02    0.0001
  0.0450  -0.285E+04  0.3455E+01  0.9358E-08  0.1543E-16 -0.1681E+02    0.0000
  0.0450  -0.327E+04  0.3515E+01  0.6438E-08  0.6495E-17 -0.1719E+02    0.0000
  0.0450  -0.376E+04  0.3576E+01  0.4429E-08  0.2734E-17 -0.1756E+02    0.0000
  0.0450  -0.433E+04  0.3636E+01  0.3047E-08  0.1151E-17 -0.1794E+02    0.0000
  0.0450  -0.498E+04  0.3697E+01  0.2096E-08  0.4845E-18 -0.1831E+02    0.0000
  0.0450  -0.572E+04  0.3758E+01  0.1442E-08  0.2040E-18 -0.1869E+02    0.0000
  0.0450  -0.658E+04  0.3818E+01  0.9923E-09  0.8587E-19 -0.1907E+02    0.0000
  0.0450  -0.756E+04  0.3879E+01  0.6827E-09  0.3615E-19 -0.1944E+02    0.0000
  0.0450  -0.870E+04  0.3939E+01  0.4697E-09  0.1522E-19 -0.1982E+02    0.0000
  0.0450  -0.100E+05  0.4000E+01  0.3231E-09  0.6405E-20 -0.2019E+02    0.0000
end
 
  0.3900  -0.100E-01 -0.2000E+01  0.0000E+00  0.2183E-02 -0.2661E+01    1.0000
  0.3900  -0.115E-01 -0.1939E+01  0.0000E+00  0.2183E-02 -0.2661E+01    1.0000
  0.3900  -0.132E-01 -0.1879E+01  0.0000E+00  0.2183E-02 -0.2661E+01    1.0000
  0.3900  -0.152E-01 -0.1818E+01  0.0000E+00  0.2183E-02 -0.2661E+01    1.0000
  0.3900  -0.175E-01 -0.1758E+01  0.0000E+00  0.2183E-02 -0.2661E+01    1.0000
  0.3900  -0.201E-01 -0.1697E+01  0.0000E+00  0.2183E-02 -0.2661E+01    1.0000
  0.3900  -0.231E-01 -0.1636E+01  0.0000E+00  0.2183E-02 -0.2661E+01    1.0000
  0.3900  -0.266E-01 -0.1576E+01  0.0000E+00  0.2183E-02 -0.2661E+01    1.0000
  0.3900  -0.305E-01 -0.1515E+01  0.0000E+00  0.2183E-02 -0.2661E+01    1.0000
  0.3900  -0.351E-01 -0.1455E+01  0.0000E+00  0.2183E-02 -0.2661E+01    1.0000
  0.3900  -0.404E-01 -0.1394E+01  0.0000E+00  0.2183E-02 -0.2661E+01    1.0000
  0.3900  -0.464E-01 -0.1333E+01  0.0000E+00  0.2183E-02 -0.2661E+01    1.0000
  0.3900  -0.534E-01 -0.1273E+01  0.0000E+00  0.2183E-02 -0.2661E+01    1.0000
  0.3900  -0.614E-01 -0.1212E+01  0.0000E+00  0.2183E-02 -0.2661E+01    1.0000
  0.3900  -0.705E-01 -0.1152E+01  0.0000E+00  0.2183E-02 -0.2661E+01    1.0000
  0.3900  -0.811E-01 -0.1091E+01  0.0000E+00  0.2183E-02 -0.2661E+01    1.0000
  0.3900  -0.933E-01 -0.1030E+01  0.0000E+00  0.2183E-02 -0.2661E+01    1.0000
  0.3900  -0.107E+00 -0.9697E+00  0.0000E+00  0.2183E-02 -0.2661E+01    1.0000
  0.3900  -0.123E+00 -0.9091E+00  0.0000E+00  0.2183E-02 -0.2661E+01    1.0000
  0.3900  -0.142E+00 -0.8485E+00  0.0000E+00  0.2183E-02 -0.2661E+01    1.0000
  0.3900  -0.163E+00 -0.7879E+00  0.0000E+00  0.2183E-02 -0.2661E+01    1.0000
  0.3900  -0.187E+00 -0.7273E+00  0.0000E+00  0.2183E-02 -0.2661E+01    1.0000
  0.3900  -0.215E+00 -0.6667E+00  0.0000E+00  0.2183E-02 -0.2661E+01    1.0000
  0.3900  -0.248E+00 -0.6061E+00  0.0000E+00  0.2183E-02 -0.2661E+01    1.0000
  0.3900  -0.285E+00 -0.5455E+00  0.0000E+00  0.2183E-02 -0.2661E+01    1.0000
  0.3900  -0.327E+00 -0.4848E+00  0.0000E+00  0.2183E-02 -0.2661E+01    1.0000
  0.3900  -0.376E+00 -0.4242E+00  0.0000E+00  0.2183E-02 -0.2661E+01    1.0000
  0.3900  -0.433E+00 -0.3636E+00  0.0000E+00  0.2183E-02 -0.2661E+01    1.0000
  0.3900  -0.498E+00 -0.3030E+00  0.0000E+00  0.2183E-02 -0.2661E+01    1.0000
  0.3900  -0.572E+00 -0.2424E+00  0.0000E+00  0.2183E-02 -0.2661E+01    1.0000
  0.3900  -0.658E+00 -0.1818E+00  0.0000E+00  0.2183E-02 -0.2661E+01    1.0000
  0.3900  -0.756E+00 -0.1212E+00  0.0000E+00  0.2183E-02 -0.2661E+01    1.0000
  0.3900  -0.870E+00 -0.6061E-01  0.0000E+00  0.2183E-02 -0.2661E+01    1.0000
  0.3900  -0.100E+01  0.0000E+00  0.0000E+00  0.2183E-02 -0.2661E+01    1.0000
  0.3900  -0.115E+01  0.6061E-01  0.0000E+00  0.2183E-02 -0.2661E+01    1.0000
  0.3900  -0.132E+01  0.1212E+00  0.0000E+00  0.2183E-02 -0.2661E+01    1.0000
  0.3900  -0.152E+01  0.1818E+00  0.0000E+00  0.2183E-02 -0.2661E+01    1.0000
  0.3900  -0.175E+01  0.2424E+00  0.0000E+00  0.2183E-02 -0.2661E+01    1.0000
  0.3900  -0.201E+01  0.3030E+00  0.2830E-02  0.2178E-02 -0.2662E+01    0.9999
  0.3891  -0.231E+01  0.3636E+00  0.2989E-02  0.2020E-02 -0.2695E+01    0.9969
  0.3880  -0.266E+01  0.4242E+00  0.3148E-02  0.1859E-02 -0.2731E+01    0.9932
  0.3868  -0.305E+01  0.4848E+00  0.3306E-02  0.1697E-02 -0.2770E+01    0.9888
  0.3852  -0.351E+01  0.5455E+00  0.3457E-02  0.1535E-02 -0.2814E+01    0.9835
  0.3833  -0.404E+01  0.6061E+00  0.3600E-02  0.1375E-02 -0.2862E+01    0.9771
  0.3811  -0.464E+01  0.6667E+00  0.3728E-02  0.1217E-02 -0.2915E+01    0.9694
  0.3785  -0.534E+01  0.7273E+00  0.3836E-02  0.1065E-02 -0.2973E+01    0.9603
  0.3754  -0.614E+01  0.7879E+00  0.3918E-02  0.9187E-03 -0.3037E+01    0.9496
  0.3718  -0.705E+01  0.8485E+00  0.3969E-02  0.7812E-03 -0.3107E+01    0.9371
  0.3676  -0.811E+01  0.9091E+00  0.3982E-02  0.6540E-03 -0.3184E+01    0.9226
  0.3627  -0.933E+01  0.9697E+00  0.3953E-02  0.5384E-03 -0.3269E+01    0.9060
  0.3573  -0.107E+02  0.1030E+01  0.3879E-02  0.4355E-03 -0.3361E+01    0.8871
  0.3511  -0.123E+02  0.1091E+01  0.3758E-02  0.3458E-03 -0.3461E+01    0.8660
  0.3443  -0.142E+02  0.1152E+01  0.3593E-02  0.2696E-03 -0.3569E+01    0.8426
  0.3369  -0.163E+02  0.1212E+01  0.3388E-02  0.2062E-03 -0.3686E+01    0.8170
  0.3290  -0.187E+02  0.1273E+01  0.3150E-02  0.1549E-03 -0.3810E+01    0.7895
  0.3205  -0.215E+02  0.1333E+01  0.2888E-02  0.1142E-03 -0.3942E+01    0.7603
  0.3116  -0.248E+02  0.1394E+01  0.2611E-02  0.8278E-04 -0.4082E+01    0.7297
  0.3025  -0.285E+02  0.1455E+01  0.2331E-02  0.5904E-04 -0.4229E+01    0.6982
  0.2931  -0.327E+02  0.1515E+01  0.2055E-02  0.4149E-04 -0.4382E+01    0.6660
  0.2837  -0.376E+02  0.1576E+01  0.1792E-02  0.2877E-04 -0.4541E+01    0.6335
  0.2743  -0.433E+02  0.1636E+01  0.1547E-02  0.1971E-04 -0.4705E+01    0.6011
  0.2651  -0.498E+02  0.1697E+01  0.1323E-02  0.1336E-04 -0.4874E+01    0.5692
  0.2560  -0.572E+02  0.1758E+01  0.1123E-02  0.8969E-05 -0.5047E+01    0.5378
  0.2471  -0.658E+02  0.1818E+01  0.9464E-03  0.5975E-05 -0.5224E+01    0.5074
  0.2386  -0.756E+02  0.1879E+01  0.7929E-03  0.3954E-05 -0.5403E+01    0.4780
  0.2304  -0.870E+02  0.1939E+01  0.6610E-03  0.2601E-05 -0.5585E+01    0.4497
  0.2226  -0.100E+03  0.2000E+01  0.5487E-03  0.1703E-05 -0.5769E+01    0.4227
  0.2151  -0.115E+03  0.2061E+01  0.4538E-03  0.1110E-05 -0.5954E+01    0.3969
  0.2080  -0.132E+03  0.2121E+01  0.3743E-03  0.7216E-06 -0.6142E+01    0.3724
  0.2013  -0.152E+03  0.2182E+01  0.3079E-03  0.4677E-06 -0.6330E+01    0.3493
  0.1949  -0.175E+03  0.2242E+01  0.2528E-03  0.3024E-06 -0.6519E+01    0.3274
  0.1890  -0.201E+03  0.2303E+01  0.2072E-03  0.1951E-06 -0.6710E+01    0.3068
  0.1833  -0.231E+03  0.2364E+01  0.1696E-03  0.1257E-06 -0.6901E+01    0.2873
  0.1780  -0.266E+03  0.2424E+01  0.1386E-03  0.8090E-07 -0.7092E+01    0.2690
  0.1730  -0.305E+03  0.2485E+01  0.1132E-03  0.5200E-07 -0.7284E+01    0.2519
  0.1684  -0.351E+03  0.2545E+01  0.9242E-04  0.3340E-07 -0.7476E+01    0.2357
  0.1640  -0.404E+03  0.2606E+01  0.7538E-04  0.2144E-07 -0.7669E+01    0.2206
  0.1599  -0.464E+03  0.2667E+01  0.6145E-04  0.1375E-07 -0.7862E+01    0.2064
  0.1560  -0.534E+03  0.2727E+01  0.5008E-04  0.8816E-08 -0.8055E+01    0.1931
  0.1524  -0.614E+03  0.2788E+01  0.4079E-04  0.5650E-08 -0.8248E+01    0.1807
  0.1490  -0.705E+03  0.2848E+01  0.3322E-04  0.3620E-08 -0.8441E+01    0.1690
  0.1459  -0.811E+03  0.2909E+01  0.2705E-04  0.2319E-08 -0.8635E+01    0.1581
  0.1429  -0.933E+03  0.2970E+01  0.2202E-04  0.1485E-08 -0.8828E+01    0.1479
  0.1401  -0.107E+04  0.3030E+01  0.1792E-04  0.9508E-09 -0.9022E+01    0.1383
  0.1375  -0.123E+04  0.3091E+01  0.1459E-04  0.6087E-09 -0.9216E+01    0.1294
  0.1351  -0.142E+04  0.3152E+01  0.1187E-04  0.3896E-09 -0.9409E+01    0.1210
  0.1328  -0.163E+04  0.3212E+01  0.9657E-05  0.2494E-09 -0.9603E+01    0.1132
  0.1307  -0.187E+04  0.3273E+01  0.7858E-05  0.1596E-09 -0.9797E+01    0.1059
  0.1287  -0.215E+04  0.3333E+01  0.6393E-05  0.1022E-09 -0.9991E+01    0.0990
  0.1269  -0.248E+04  0.3394E+01  0.5201E-05  0.6538E-10 -0.1018E+02    0.0926
  0.1251  -0.285E+04  0.3455E+01  0.4231E-05  0.4184E-10 -0.1038E+02    0.0866
  0.1235  -0.327E+04  0.3515E+01  0.3442E-05  0.2677E-10 -0.1057E+02    0.0810
  0.1220  -0.376E+04  0.3576E+01  0.2800E-05  0.1713E-10 -0.1077E+02    0.0758
  0.1205  -0.433E+04  0.3636E+01  0.2278E-05  0.1096E-10 -0.1096E+02    0.0708
  0.1192  -0.498E+04  0.3697E+01  0.1853E-05  0.7014E-11 -0.1115E+02    0.0663
  0.1180  -0.572E+04  0.3758E+01  0.1507E-05  0.4488E-11 -0.1135E+02    0.0620
  0.1168  -0.658E+04  0.3818E+01  0.1226E-05  0.2872E-11 -0.1154E+02    0.0580
  0.1157  -0.756E+04  0.3879E+01  0.9972E-06  0.1838E-11 -0.1174E+02    0.0542
  0.1147  -0.870E+04  0.3939E+01  0.8112E-06  0.1176E-11 -0.1193E+02    0.0507
  0.1137  -0.100E+05  0.4000E+01  0.6598E-06  0.7523E-12 -0.1212E+02    0.0474
end
 
  0.4300  -0.100E-01 -0.2000E+01  0.0000E+00  0.2000E+01  0.3010E+00    1.0000
  0.4300  -0.115E-01 -0.1939E+01  0.0000E+00  0.2000E+01  0.3010E+00    1.0000
  0.4300  -0.132E-01 -0.1879E+01  0.0000E+00  0.2000E+01  0.3010E+00    1.0000
  0.4300  -0.152E-01 -0.1818E+01  0.0000E+00  0.2000E+01  0.3010E+00    1.0000
  0.4300  -0.175E-01 -0.1758E+01  0.0000E+00  0.2000E+01  0.3010E+00    1.0000
  0.4300  -0.201E-01 -0.1697E+01  0.0000E+00  0.2000E+01  0.3010E+00    1.0000
  0.4300  -0.231E-01 -0.1636E+01  0.0000E+00  0.2000E+01  0.3010E+00    1.0000
  0.4300  -0.266E-01 -0.1576E+01  0.0000E+00  0.2000E+01  0.3010E+00    1.0000
  0.4300  -0.305E-01 -0.1515E+01  0.0000E+00  0.2000E+01  0.3010E+00    1.0000
  0.4300  -0.351E-01 -0.1455E+01  0.0000E+00  0.2000E+01  0.3010E+00    1.0000
  0.4300  -0.404E-01 -0.1394E+01  0.0000E+00  0.2000E+01  0.3010E+00    1.0000
  0.4300  -0.464E-01 -0.1333E+01  0.0000E+00  0.2000E+01  0.3010E+00    1.0000
  0.4300  -0.534E-01 -0.1273E+01  0.0000E+00  0.2000E+01  0.3010E+00    1.0000
  0.4300  -0.614E-01 -0.1212E+01  0.0000E+00  0.2000E+01  0.3010E+00    1.0000
  0.4300  -0.705E-01 -0.1152E+01  0.0000E+00  0.2000E+01  0.3010E+00    1.0000
  0.4300  -0.811E-01 -0.1091E+01  0.0000E+00  0.2000E+01  0.3010E+00    1.0000
  0.4300  -0.933E-01 -0.1030E+01  0.0000E+00  0.2000E+01  0.3010E+00    1.0000
  0.4300  -0.107E+00 -0.9697E+00  0.0000E+00  0.2000E+01  0.3010E+00    1.0000
  0.4300  -0.123E+00 -0.9091E+00  0.0000E+00  0.2000E+01  0.3010E+00    1.0000
  0.4300  -0.142E+00 -0.8485E+00  0.0000E+00  0.2000E+01  0.3010E+00    1.0000
  0.4300  -0.163E+00 -0.7879E+00  0.0000E+00  0.2000E+01  0.3010E+00    1.0000
  0.4300  -0.187E+00 -0.7273E+00  0.0000E+00  0.2000E+01  0.3010E+00    1.0000
  0.4300  -0.215E+00 -0.6667E+00  0.0000E+00  0.2000E+01  0.3010E+00    1.0000
  0.4300  -0.248E+00 -0.6061E+00  0.0000E+00  0.2000E+01  0.3010E+00    1.0000
  0.4300  -0.285E+00 -0.5455E+00  0.0000E+00  0.2000E+01  0.3010E+00    1.0000
  0.4300  -0.327E+00 -0.4848E+00  0.0000E+00  0.2000E+01  0.3010E+00    1.0000
  0.4300  -0.376E+00 -0.4242E+00  0.0000E+00  0.2000E+01  0.3010E+00    1.0000
  0.4300  -0.433E+00 -0.3636E+00  0.0000E+00  0.2000E+01  0.3010E+00    1.0000
  0.4300  -0.498E+00 -0.3030E+00  0.0000E+00  0.2000E+01  0.3010E+00    1.0000
  0.4300  -0.572E+00 -0.2424E+00  0.0000E+00  0.2000E+01  0.3010E+00    1.0000
  0.4300  -0.658E+00 -0.1818E+00  0.0000E+00  0.2000E+01  0.3010E+00    1.0000
  0.4300  -0.756E+00 -0.1212E+00  0.0000E+00  0.2000E+01  0.3010E+00    1.0000
  0.4300  -0.870E+00 -0.6061E-01  0.0000E+00  0.2000E+01  0.3010E+00    1.0000
  0.4300  -0.100E+01  0.0000E+00  0.0000E+00  0.2000E+01  0.3010E+00    1.0000
  0.4300  -0.115E+01  0.6061E-01  0.0000E+00  0.2000E+01  0.3010E+00    1.0000
  0.4300  -0.132E+01  0.1212E+00  0.0000E+00  0.2000E+01  0.3010E+00    1.0000
  0.4300  -0.152E+01  0.1818E+00  0.0000E+00  0.2000E+01  0.3010E+00    1.0000
  0.4300  -0.175E+01  0.2424E+00  0.0000E+00  0.2000E+01  0.3010E+00    1.0000
  0.4299  -0.201E+01  0.3030E+00  0.1139E-01  0.1996E+01  0.3001E+00    0.9997
  0.4261  -0.231E+01  0.3636E+00  0.1403E-01  0.1848E+01  0.2666E+00    0.9898
  0.4207  -0.266E+01  0.4242E+00  0.1710E-01  0.1674E+01  0.2237E+00    0.9758
  0.4132  -0.305E+01  0.4848E+00  0.2051E-01  0.1474E+01  0.1685E+00    0.9564
  0.4030  -0.351E+01  0.5455E+00  0.2411E-01  0.1253E+01  0.9787E-01    0.9298
  0.3894  -0.404E+01  0.6061E+00  0.2756E-01  0.1019E+01  0.8147E-02    0.8944
  0.3718  -0.464E+01  0.6667E+00  0.3041E-01  0.7858E+00 -0.1047E+00    0.8488
  0.3499  -0.534E+01  0.7273E+00  0.3213E-01  0.5695E+00 -0.2445E+00    0.7921
  0.3241  -0.614E+01  0.7879E+00  0.3227E-01  0.3851E+00 -0.4144E+00    0.7249
  0.2951  -0.705E+01  0.8485E+00  0.3068E-01  0.2420E+00 -0.6161E+00    0.6495
  0.2642  -0.811E+01  0.9091E+00  0.2756E-01  0.1414E+00 -0.8495E+00    0.5694
  0.2332  -0.933E+01  0.9697E+00  0.2346E-01  0.7717E-01 -0.1113E+01    0.4889
  0.2036  -0.107E+02  0.1030E+01  0.1902E-01  0.3965E-01 -0.1402E+01    0.4120
  0.1766  -0.123E+02  0.1091E+01  0.1481E-01  0.1938E-01 -0.1713E+01    0.3418
  0.1528  -0.142E+02  0.1152E+01  0.1116E-01  0.9100E-02 -0.2041E+01    0.2800
  0.1325  -0.163E+02  0.1212E+01  0.8197E-02  0.4145E-02 -0.2383E+01    0.2272
  0.1154  -0.187E+02  0.1273E+01  0.5909E-02  0.1845E-02 -0.2734E+01    0.1830
  0.1014  -0.215E+02  0.1333E+01  0.4202E-02  0.8079E-03 -0.3093E+01    0.1466
  0.0900  -0.248E+02  0.1394E+01  0.2958E-02  0.3496E-03 -0.3456E+01    0.1170
  0.0808  -0.285E+02  0.1455E+01  0.2068E-02  0.1500E-03 -0.3824E+01    0.0931
  0.0735  -0.327E+02  0.1515E+01  0.1439E-02  0.6400E-04 -0.4194E+01    0.0740
  0.0676  -0.376E+02  0.1576E+01  0.9975E-03  0.2719E-04 -0.4566E+01    0.0587
  0.0629  -0.433E+02  0.1636E+01  0.6899E-03  0.1152E-04 -0.4939E+01    0.0465
  0.0592  -0.498E+02  0.1697E+01  0.4764E-03  0.4870E-05 -0.5312E+01    0.0368
  0.0562  -0.572E+02  0.1758E+01  0.3286E-03  0.2056E-05 -0.5687E+01    0.0292
  0.0539  -0.658E+02  0.1818E+01  0.2264E-03  0.8675E-06 -0.6062E+01    0.0231
  0.0520  -0.756E+02  0.1879E+01  0.1560E-03  0.3657E-06 -0.6437E+01    0.0183
  0.0506  -0.870E+02  0.1939E+01  0.1074E-03  0.1541E-06 -0.6812E+01    0.0145
  0.0494  -0.100E+03  0.2000E+01  0.7393E-04  0.6491E-07 -0.7188E+01    0.0114
  0.0485  -0.115E+03  0.2061E+01  0.5088E-04  0.2734E-07 -0.7563E+01    0.0090
  0.0478  -0.132E+03  0.2121E+01  0.3502E-04  0.1151E-07 -0.7939E+01    0.0072
  0.0472  -0.152E+03  0.2182E+01  0.2409E-04  0.4847E-08 -0.8315E+01    0.0057
  0.0467  -0.175E+03  0.2242E+01  0.1658E-04  0.2041E-08 -0.8690E+01    0.0045
  0.0464  -0.201E+03  0.2303E+01  0.1141E-04  0.8592E-09 -0.9066E+01    0.0035
  0.0461  -0.231E+03  0.2364E+01  0.7848E-05  0.3617E-09 -0.9442E+01    0.0028
  0.0459  -0.266E+03  0.2424E+01  0.5400E-05  0.1523E-09 -0.9817E+01    0.0022
  0.0457  -0.305E+03  0.2485E+01  0.3715E-05  0.6410E-10 -0.1019E+02    0.0018
  0.0455  -0.351E+03  0.2545E+01  0.2556E-05  0.2699E-10 -0.1057E+02    0.0014
  0.0454  -0.404E+03  0.2606E+01  0.1758E-05  0.1136E-10 -0.1094E+02    0.0011
  0.0453  -0.464E+03  0.2667E+01  0.1210E-05  0.4782E-11 -0.1132E+02    0.0009
  0.0453  -0.534E+03  0.2727E+01  0.8323E-06  0.2013E-11 -0.1170E+02    0.0007
  0.0452  -0.614E+03  0.2788E+01  0.5726E-06  0.8475E-12 -0.1207E+02    0.0005
  0.0452  -0.705E+03  0.2848E+01  0.3939E-06  0.3567E-12 -0.1245E+02    0.0004
  0.0451  -0.811E+03  0.2909E+01  0.2710E-06  0.1502E-12 -0.1282E+02    0.0003
  0.0451  -0.933E+03  0.2970E+01  0.1865E-06  0.6322E-13 -0.1320E+02    0.0003
  0.0451  -0.107E+04  0.3030E+01  0.1283E-06  0.2661E-13 -0.1357E+02    0.0002
  0.0451  -0.123E+04  0.3091E+01  0.8825E-07  0.1120E-13 -0.1395E+02    0.0002
  0.0451  -0.142E+04  0.3152E+01  0.6072E-07  0.4716E-14 -0.1433E+02    0.0001
  0.0450  -0.163E+04  0.3212E+01  0.4177E-07  0.1985E-14 -0.1470E+02    0.0001
  0.0450  -0.187E+04  0.3273E+01  0.2874E-07  0.8357E-15 -0.1508E+02    0.0001
  0.0450  -0.215E+04  0.3333E+01  0.1977E-07  0.3518E-15 -0.1545E+02    0.0001
  0.0450  -0.248E+04  0.3394E+01  0.1360E-07  0.1481E-15 -0.1583E+02    0.0001
  0.0450  -0.285E+04  0.3455E+01  0.9358E-08  0.6234E-16 -0.1621E+02    0.0000
  0.0450  -0.327E+04  0.3515E+01  0.6438E-08  0.2624E-16 -0.1658E+02    0.0000
  0.0450  -0.376E+04  0.3576E+01  0.4429E-08  0.1105E-16 -0.1696E+02    0.0000
  0.0450  -0.433E+04  0.3636E+01  0.3047E-08  0.4651E-17 -0.1733E+02    0.0000
  0.0450  -0.498E+04  0.3697E+01  0.2096E-08  0.1958E-17 -0.1771E+02    0.0000
  0.0450  -0.572E+04  0.3758E+01  0.1442E-08  0.8241E-18 -0.1808E+02    0.0000
  0.0450  -0.658E+04  0.3818E+01  0.9923E-09  0.3469E-18 -0.1846E+02    0.0000
  0.0450  -0.756E+04  0.3879E+01  0.6827E-09  0.1460E-18 -0.1884E+02    0.0000
  0.0450  -0.870E+04  0.3939E+01  0.4697E-09  0.6148E-19 -0.1921E+02    0.0000
  0.0450  -0.100E+05  0.4000E+01  0.3231E-09  0.2588E-19 -0.1959E+02    0.0000
end
