 Welcome to HYDRUS                                                       
 
 Program HYDRUS3
 Date:  25.12.2019    Time:  10:44:49
 Time dependent boundary conditions
 
 Units: L = cm   , T = min  , M = mmol 
 

----------------------------------------------------------
 Time       [T] 0.00000000E+00
----------------------------------------------------------
 Sub-region num.                     1
----------------------------------------------------------
 Volume  [L3]        0.37804E+05  0.37804E+05
 VolumeW [L3]        0.54234E+04  0.54236E+04
 InFlow  [L3/T]      0.00000E+00  0.00000E+00
 hMean   [L]        -0.15655E+04    -1565.514
----------------------------------------------------------

----------------------------------------------------------
 Time       [T]        5.0000
----------------------------------------------------------
 Sub-region num.                     1
----------------------------------------------------------
 Volume  [L3]        0.37804E+05  0.37804E+05
 VolumeW [L3]        0.57617E+04  0.57614E+04
 InFlow  [L3/T]      0.67491E+02  0.67491E+02
 hMean   [L]        -0.46867E+03     -468.672
 WatBalT [L3]        0.90448E+00
 WatBalR [%]               0.098
----------------------------------------------------------

----------------------------------------------------------
 Time       [T]       15.0000
----------------------------------------------------------
 Sub-region num.                     1
----------------------------------------------------------
 Volume  [L3]        0.37804E+05  0.37804E+05
 VolumeW [L3]        0.64365E+04  0.64366E+04
 InFlow  [L3/T]      0.67478E+02  0.67478E+02
 hMean   [L]        -0.38968E+03     -389.679
 WatBalT [L3]        0.71596E+00
 WatBalR [%]               0.044
----------------------------------------------------------

----------------------------------------------------------
 Time       [T]       30.0000
----------------------------------------------------------
 Sub-region num.                     1
----------------------------------------------------------
 Volume  [L3]        0.37804E+05  0.37804E+05
 VolumeW [L3]        0.74488E+04  0.74493E+04
 InFlow  [L3/T]      0.67500E+02  0.67500E+02
 hMean   [L]        -0.27237E+03     -272.368
 WatBalT [L3]        0.51971E+00
 WatBalR [%]               0.020
----------------------------------------------------------

----------------------------------------------------------
 Time       [T]       60.0000
----------------------------------------------------------
 Sub-region num.                     1
----------------------------------------------------------
 Volume  [L3]        0.37804E+05  0.37804E+05
 VolumeW [L3]        0.92306E+04  0.92314E+04
 InFlow  [L3/T]      0.43806E+02  0.43806E+02
 hMean   [L]        -0.87908E+02      -87.908
 WatBalT [L3]        0.22477E+00
 WatBalR [%]               0.005
----------------------------------------------------------

----------------------------------------------------------
 Time       [T]      120.0000
----------------------------------------------------------
 Sub-region num.                     1
----------------------------------------------------------
 Volume  [L3]        0.37804E+05  0.37804E+05
 VolumeW [L3]        0.90197E+04  0.90205E+04
 InFlow  [L3/T]     -0.13727E+00 -0.13727E+00
 hMean   [L]        -0.30081E+02      -30.081
 WatBalT [L3]        0.77847E+00
 WatBalR [%]               0.017
----------------------------------------------------------

----------------------------------------------------------
 Time       [T]      180.0000
----------------------------------------------------------
 Sub-region num.                     1
----------------------------------------------------------
 Volume  [L3]        0.37804E+05  0.37804E+05
 VolumeW [L3]        0.90168E+04  0.90163E+04
 InFlow  [L3/T]     -0.22561E-01 -0.22561E-01
 hMean   [L]        -0.26898E+02      -26.898
 WatBalT [L3]        0.85076E+00
 WatBalR [%]               0.019
----------------------------------------------------------

----------------------------------------------------------
 Time       [T]      240.0000
----------------------------------------------------------
 Sub-region num.                     1
----------------------------------------------------------
 Volume  [L3]        0.37804E+05  0.37804E+05
 VolumeW [L3]        0.90160E+04  0.90157E+04
 InFlow  [L3/T]     -0.12257E-01 -0.12257E-01
 hMean   [L]        -0.26597E+02      -26.597
 WatBalT [L3]        0.92029E+00
 WatBalR [%]               0.020
----------------------------------------------------------

----------------------------------------------------------
 Time       [T]      500.0000
----------------------------------------------------------
 Sub-region num.                     1
----------------------------------------------------------
 Volume  [L3]        0.37804E+05  0.37804E+05
 VolumeW [L3]        0.90135E+04  0.90136E+04
 InFlow  [L3/T]     -0.85885E-02 -0.85885E-02
 hMean   [L]        -0.27470E+02      -27.470
 WatBalT [L3]        0.10355E+01
 WatBalR [%]               0.023
----------------------------------------------------------

----------------------------------------------------------
 Time       [T]      720.0000
----------------------------------------------------------
 Sub-region num.                     1
----------------------------------------------------------
 Volume  [L3]        0.37804E+05  0.37804E+05
 VolumeW [L3]        0.90118E+04  0.90118E+04
 InFlow  [L3/T]     -0.74241E-02 -0.74241E-02
 hMean   [L]        -0.28132E+02      -28.132
 WatBalT [L3]        0.10489E+01
 WatBalR [%]               0.023
----------------------------------------------------------

----------------------------------------------------------
 Time       [T]     1440.0000
----------------------------------------------------------
 Sub-region num.                     1
----------------------------------------------------------
 Volume  [L3]        0.37804E+05  0.37804E+05
 VolumeW [L3]        0.90117E+04  0.90116E+04
 InFlow  [L3/T]     -0.28552E-02 -0.28552E-02
 hMean   [L]        -0.29231E+02      -29.231
 WatBalT [L3]        0.48480E+01
 WatBalR [%]               0.107
----------------------------------------------------------

----------------------------------------------------------
 Time       [T]     2160.0000
----------------------------------------------------------
 Sub-region num.                     1
----------------------------------------------------------
 Volume  [L3]        0.37804E+05  0.37804E+05
 VolumeW [L3]        0.90093E+04  0.90094E+04
 InFlow  [L3/T]     -0.36631E-02 -0.36631E-02
 hMean   [L]        -0.29585E+02      -29.585
 WatBalT [L3]        0.55417E+01
 WatBalR [%]               0.123
----------------------------------------------------------

----------------------------------------------------------
 Time       [T]     2880.0000
----------------------------------------------------------
 Sub-region num.                     1
----------------------------------------------------------
 Volume  [L3]        0.37804E+05  0.37804E+05
 VolumeW [L3]        0.90066E+04  0.90067E+04
 InFlow  [L3/T]     -0.37704E-02 -0.37704E-02
 hMean   [L]        -0.29728E+02      -29.728
 WatBalT [L3]        0.56445E+01
 WatBalR [%]               0.125
----------------------------------------------------------
 
 Calculation time [sec]   41.9699999988079     
