 FileVersion=0003
 Welcome to HYDRUS                                                       
 
 Program HYDRUS3
 Date:  25.12.2019    Time:  10:44:49
 Time dependent boundary conditions
 
 Units: L = cm   , T = min  , M = mmol 
 
 All cumulative fluxes (CumQ) are positive out of the region
          Time     CumQAP      CumQRP     CumQA      CumQR     CumQ3       CumQ1      CumQS      CumQ5      CumQ6      CumQ7      CumQ8      CumQ9     CRunOff    cEvapor   cInfiltr
           [T]      [L3]        [L3]       [L3]       [L3]      [L3]        [L3]       [L3]       [L3]       [L3]       [L3]       [L3]       [L3]       [L3]       [L3]       [L3]

         0.0010  0.000E+00  0.000E+00  0.000E+00  0.000E+00 -0.675E-01  0.000E+00  0.000E+00  0.000E+00  0.955E-03  0.000E+00  0.000E+00  0.000E+00  0.000E+00  0.000E+00  0.000E+00
         0.0020  0.000E+00  0.000E+00  0.000E+00  0.000E+00 -0.135E+00  0.000E+00  0.000E+00  0.000E+00  0.156E-02  0.000E+00  0.000E+00  0.000E+00  0.000E+00  0.000E+00  0.000E+00
         0.0030  0.000E+00  0.000E+00  0.000E+00  0.000E+00 -0.203E+00  0.000E+00  0.000E+00  0.000E+00  0.203E-02  0.000E+00  0.000E+00  0.000E+00  0.000E+00  0.000E+00  0.000E+00
         0.0043  0.000E+00  0.000E+00  0.000E+00  0.000E+00 -0.290E+00  0.000E+00  0.000E+00  0.000E+00  0.254E-02  0.000E+00  0.000E+00  0.000E+00  0.000E+00  0.000E+00  0.000E+00
         0.0060  0.000E+00  0.000E+00  0.000E+00  0.000E+00 -0.404E+00  0.000E+00  0.000E+00  0.000E+00  0.310E-02  0.000E+00  0.000E+00  0.000E+00  0.000E+00  0.000E+00  0.000E+00
         0.0082  0.000E+00  0.000E+00  0.000E+00  0.000E+00 -0.553E+00  0.000E+00  0.000E+00  0.000E+00  0.372E-02  0.000E+00  0.000E+00  0.000E+00  0.000E+00  0.000E+00  0.000E+00
         0.0110  0.000E+00  0.000E+00  0.000E+00  0.000E+00 -0.745E+00  0.000E+00  0.000E+00  0.000E+00  0.442E-02  0.000E+00  0.000E+00  0.000E+00  0.000E+00  0.000E+00  0.000E+00
         0.0148  0.000E+00  0.000E+00  0.000E+00  0.000E+00 -0.996E+00  0.000E+00  0.000E+00  0.000E+00  0.519E-02  0.000E+00  0.000E+00  0.000E+00  0.000E+00  0.000E+00  0.000E+00
         0.0196  0.000E+00  0.000E+00  0.000E+00  0.000E+00 -0.132E+01  0.000E+00  0.000E+00  0.000E+00  0.606E-02  0.000E+00  0.000E+00  0.000E+00  0.000E+00  0.000E+00  0.000E+00
         0.0259  0.000E+00  0.000E+00  0.000E+00  0.000E+00 -0.175E+01  0.000E+00  0.000E+00  0.000E+00  0.703E-02  0.000E+00  0.000E+00  0.000E+00  0.000E+00  0.000E+00  0.000E+00
         0.0340  0.000E+00  0.000E+00  0.000E+00  0.000E+00 -0.230E+01  0.000E+00  0.000E+00  0.000E+00  0.812E-02  0.000E+00  0.000E+00  0.000E+00  0.000E+00  0.000E+00  0.000E+00
         0.0446  0.000E+00  0.000E+00  0.000E+00  0.000E+00 -0.301E+01  0.000E+00  0.000E+00  0.000E+00  0.936E-02  0.000E+00  0.000E+00  0.000E+00  0.000E+00  0.000E+00  0.000E+00
         0.0584  0.000E+00  0.000E+00  0.000E+00  0.000E+00 -0.394E+01  0.000E+00  0.000E+00  0.000E+00  0.108E-01  0.000E+00  0.000E+00  0.000E+00  0.000E+00  0.000E+00  0.000E+00
         0.0722  0.000E+00  0.000E+00  0.000E+00  0.000E+00 -0.487E+01  0.000E+00  0.000E+00  0.000E+00  0.120E-01  0.000E+00  0.000E+00  0.000E+00  0.000E+00  0.000E+00  0.000E+00
         0.0860  0.000E+00  0.000E+00  0.000E+00  0.000E+00 -0.580E+01  0.000E+00  0.000E+00  0.000E+00  0.131E-01  0.000E+00  0.000E+00  0.000E+00  0.000E+00  0.000E+00  0.000E+00
         0.1039  0.000E+00  0.000E+00  0.000E+00  0.000E+00 -0.701E+01  0.000E+00  0.000E+00  0.000E+00  0.144E-01  0.000E+00  0.000E+00  0.000E+00  0.000E+00  0.000E+00  0.000E+00
         0.1218  0.000E+00  0.000E+00  0.000E+00  0.000E+00 -0.822E+01  0.000E+00  0.000E+00  0.000E+00  0.156E-01  0.000E+00  0.000E+00  0.000E+00  0.000E+00  0.000E+00  0.000E+00
         0.1397  0.000E+00  0.000E+00  0.000E+00  0.000E+00 -0.943E+01  0.000E+00  0.000E+00  0.000E+00  0.167E-01  0.000E+00  0.000E+00  0.000E+00  0.000E+00  0.000E+00  0.000E+00
         0.1577  0.000E+00  0.000E+00  0.000E+00  0.000E+00 -0.106E+02  0.000E+00  0.000E+00  0.000E+00  0.178E-01  0.000E+00  0.000E+00  0.000E+00  0.000E+00  0.000E+00  0.000E+00
         0.1756  0.000E+00  0.000E+00  0.000E+00  0.000E+00 -0.119E+02  0.000E+00  0.000E+00  0.000E+00  0.188E-01  0.000E+00  0.000E+00  0.000E+00  0.000E+00  0.000E+00  0.000E+00
         0.1935  0.000E+00  0.000E+00  0.000E+00  0.000E+00 -0.131E+02  0.000E+00  0.000E+00  0.000E+00  0.197E-01  0.000E+00  0.000E+00  0.000E+00  0.000E+00  0.000E+00  0.000E+00
         0.2168  0.000E+00  0.000E+00  0.000E+00  0.000E+00 -0.146E+02  0.000E+00  0.000E+00  0.000E+00  0.208E-01  0.000E+00  0.000E+00  0.000E+00  0.000E+00  0.000E+00  0.000E+00
         0.2401  0.000E+00  0.000E+00  0.000E+00  0.000E+00 -0.162E+02  0.000E+00  0.000E+00  0.000E+00  0.219E-01  0.000E+00  0.000E+00  0.000E+00  0.000E+00  0.000E+00  0.000E+00
         0.2634  0.000E+00  0.000E+00  0.000E+00  0.000E+00 -0.178E+02  0.000E+00  0.000E+00  0.000E+00  0.229E-01  0.000E+00  0.000E+00  0.000E+00  0.000E+00  0.000E+00  0.000E+00
         0.2867  0.000E+00  0.000E+00  0.000E+00  0.000E+00 -0.194E+02  0.000E+00  0.000E+00  0.000E+00  0.238E-01  0.000E+00  0.000E+00  0.000E+00  0.000E+00  0.000E+00  0.000E+00
         0.3100  0.000E+00  0.000E+00  0.000E+00  0.000E+00 -0.209E+02  0.000E+00  0.000E+00  0.000E+00  0.248E-01  0.000E+00  0.000E+00  0.000E+00  0.000E+00  0.000E+00  0.000E+00
         0.3333  0.000E+00  0.000E+00  0.000E+00  0.000E+00 -0.225E+02  0.000E+00  0.000E+00  0.000E+00  0.256E-01  0.000E+00  0.000E+00  0.000E+00  0.000E+00  0.000E+00  0.000E+00
         0.3566  0.000E+00  0.000E+00  0.000E+00  0.000E+00 -0.241E+02  0.000E+00  0.000E+00  0.000E+00  0.264E-01  0.000E+00  0.000E+00  0.000E+00  0.000E+00  0.000E+00  0.000E+00
         0.3799  0.000E+00  0.000E+00  0.000E+00  0.000E+00 -0.256E+02  0.000E+00  0.000E+00  0.000E+00  0.272E-01  0.000E+00  0.000E+00  0.000E+00  0.000E+00  0.000E+00  0.000E+00
         0.4032  0.000E+00  0.000E+00  0.000E+00  0.000E+00 -0.272E+02  0.000E+00  0.000E+00  0.000E+00  0.280E-01  0.000E+00  0.000E+00  0.000E+00  0.000E+00  0.000E+00  0.000E+00
         0.4265  0.000E+00  0.000E+00  0.000E+00  0.000E+00 -0.288E+02  0.000E+00  0.000E+00  0.000E+00  0.287E-01  0.000E+00  0.000E+00  0.000E+00  0.000E+00  0.000E+00  0.000E+00
         0.4498  0.000E+00  0.000E+00  0.000E+00  0.000E+00 -0.304E+02  0.000E+00  0.000E+00  0.000E+00  0.294E-01  0.000E+00  0.000E+00  0.000E+00  0.000E+00  0.000E+00  0.000E+00
         0.4731  0.000E+00  0.000E+00  0.000E+00  0.000E+00 -0.319E+02  0.000E+00  0.000E+00  0.000E+00  0.301E-01  0.000E+00  0.000E+00  0.000E+00  0.000E+00  0.000E+00  0.000E+00
         0.4964  0.000E+00  0.000E+00  0.000E+00  0.000E+00 -0.335E+02  0.000E+00  0.000E+00  0.000E+00  0.307E-01  0.000E+00  0.000E+00  0.000E+00  0.000E+00  0.000E+00  0.000E+00
         0.5267  0.000E+00  0.000E+00  0.000E+00  0.000E+00 -0.356E+02  0.000E+00  0.000E+00  0.000E+00  0.315E-01  0.000E+00  0.000E+00  0.000E+00  0.000E+00  0.000E+00  0.000E+00
         0.5570  0.000E+00  0.000E+00  0.000E+00  0.000E+00 -0.376E+02  0.000E+00  0.000E+00  0.000E+00  0.323E-01  0.000E+00  0.000E+00  0.000E+00  0.000E+00  0.000E+00  0.000E+00
         0.5872  0.000E+00  0.000E+00  0.000E+00  0.000E+00 -0.396E+02  0.000E+00  0.000E+00  0.000E+00  0.331E-01  0.000E+00  0.000E+00  0.000E+00  0.000E+00  0.000E+00  0.000E+00
         0.6175  0.000E+00  0.000E+00  0.000E+00  0.000E+00 -0.417E+02  0.000E+00  0.000E+00  0.000E+00  0.338E-01  0.000E+00  0.000E+00  0.000E+00  0.000E+00  0.000E+00  0.000E+00
         0.6478  0.000E+00  0.000E+00  0.000E+00  0.000E+00 -0.437E+02  0.000E+00  0.000E+00  0.000E+00  0.345E-01  0.000E+00  0.000E+00  0.000E+00  0.000E+00  0.000E+00  0.000E+00
         0.6781  0.000E+00  0.000E+00  0.000E+00  0.000E+00 -0.458E+02  0.000E+00  0.000E+00  0.000E+00  0.351E-01  0.000E+00  0.000E+00  0.000E+00  0.000E+00  0.000E+00  0.000E+00
         0.7084  0.000E+00  0.000E+00  0.000E+00  0.000E+00 -0.478E+02  0.000E+00  0.000E+00  0.000E+00  0.358E-01  0.000E+00  0.000E+00  0.000E+00  0.000E+00  0.000E+00  0.000E+00
         0.7387  0.000E+00  0.000E+00  0.000E+00  0.000E+00 -0.499E+02  0.000E+00  0.000E+00  0.000E+00  0.364E-01  0.000E+00  0.000E+00  0.000E+00  0.000E+00  0.000E+00  0.000E+00
         0.7690  0.000E+00  0.000E+00  0.000E+00  0.000E+00 -0.519E+02  0.000E+00  0.000E+00  0.000E+00  0.370E-01  0.000E+00  0.000E+00  0.000E+00  0.000E+00  0.000E+00  0.000E+00
         0.7993  0.000E+00  0.000E+00  0.000E+00  0.000E+00 -0.539E+02  0.000E+00  0.000E+00  0.000E+00  0.376E-01  0.000E+00  0.000E+00  0.000E+00  0.000E+00  0.000E+00  0.000E+00
         0.8295  0.000E+00  0.000E+00  0.000E+00  0.000E+00 -0.560E+02  0.000E+00  0.000E+00  0.000E+00  0.381E-01  0.000E+00  0.000E+00  0.000E+00  0.000E+00  0.000E+00  0.000E+00
         0.8598  0.000E+00  0.000E+00  0.000E+00  0.000E+00 -0.580E+02  0.000E+00  0.000E+00  0.000E+00  0.387E-01  0.000E+00  0.000E+00  0.000E+00  0.000E+00  0.000E+00  0.000E+00
         0.8901  0.000E+00  0.000E+00  0.000E+00  0.000E+00 -0.601E+02  0.000E+00  0.000E+00  0.000E+00  0.392E-01  0.000E+00  0.000E+00  0.000E+00  0.000E+00  0.000E+00  0.000E+00
         0.9295  0.000E+00  0.000E+00  0.000E+00  0.000E+00 -0.627E+02  0.000E+00  0.000E+00  0.000E+00  0.398E-01  0.000E+00  0.000E+00  0.000E+00  0.000E+00  0.000E+00  0.000E+00
         0.9689  0.000E+00  0.000E+00  0.000E+00  0.000E+00 -0.654E+02  0.000E+00  0.000E+00  0.000E+00  0.405E-01  0.000E+00  0.000E+00  0.000E+00  0.000E+00  0.000E+00  0.000E+00
         1.0082  0.000E+00  0.000E+00  0.000E+00  0.000E+00 -0.681E+02  0.000E+00  0.000E+00  0.000E+00  0.411E-01  0.000E+00  0.000E+00  0.000E+00  0.000E+00  0.000E+00  0.000E+00
         1.0476  0.000E+00  0.000E+00  0.000E+00  0.000E+00 -0.707E+02  0.000E+00  0.000E+00  0.000E+00  0.417E-01  0.000E+00  0.000E+00  0.000E+00  0.000E+00  0.000E+00  0.000E+00
         1.0870  0.000E+00  0.000E+00  0.000E+00  0.000E+00 -0.734E+02  0.000E+00  0.000E+00  0.000E+00  0.423E-01  0.000E+00  0.000E+00  0.000E+00  0.000E+00  0.000E+00  0.000E+00
         1.1264  0.000E+00  0.000E+00  0.000E+00  0.000E+00 -0.760E+02  0.000E+00  0.000E+00  0.000E+00  0.428E-01  0.000E+00  0.000E+00  0.000E+00  0.000E+00  0.000E+00  0.000E+00
         1.1657  0.000E+00  0.000E+00  0.000E+00  0.000E+00 -0.787E+02  0.000E+00  0.000E+00  0.000E+00  0.433E-01  0.000E+00  0.000E+00  0.000E+00  0.000E+00  0.000E+00  0.000E+00
         1.2051  0.000E+00  0.000E+00  0.000E+00  0.000E+00 -0.813E+02  0.000E+00  0.000E+00  0.000E+00  0.439E-01  0.000E+00  0.000E+00  0.000E+00  0.000E+00  0.000E+00  0.000E+00
         1.2445  0.000E+00  0.000E+00  0.000E+00  0.000E+00 -0.840E+02  0.000E+00  0.000E+00  0.000E+00  0.444E-01  0.000E+00  0.000E+00  0.000E+00  0.000E+00  0.000E+00  0.000E+00
         1.2839  0.000E+00  0.000E+00  0.000E+00  0.000E+00 -0.867E+02  0.000E+00  0.000E+00  0.000E+00  0.449E-01  0.000E+00  0.000E+00  0.000E+00  0.000E+00  0.000E+00  0.000E+00
         1.3350  0.000E+00  0.000E+00  0.000E+00  0.000E+00 -0.901E+02  0.000E+00  0.000E+00  0.000E+00  0.455E-01  0.000E+00  0.000E+00  0.000E+00  0.000E+00  0.000E+00  0.000E+00
         1.3862  0.000E+00  0.000E+00  0.000E+00  0.000E+00 -0.936E+02  0.000E+00  0.000E+00  0.000E+00  0.461E-01  0.000E+00  0.000E+00  0.000E+00  0.000E+00  0.000E+00  0.000E+00
         1.4374  0.000E+00  0.000E+00  0.000E+00  0.000E+00 -0.970E+02  0.000E+00  0.000E+00  0.000E+00  0.466E-01  0.000E+00  0.000E+00  0.000E+00  0.000E+00  0.000E+00  0.000E+00
         1.4886  0.000E+00  0.000E+00  0.000E+00  0.000E+00 -0.100E+03  0.000E+00  0.000E+00  0.000E+00  0.472E-01  0.000E+00  0.000E+00  0.000E+00  0.000E+00  0.000E+00  0.000E+00
         1.5398  0.000E+00  0.000E+00  0.000E+00  0.000E+00 -0.104E+03  0.000E+00  0.000E+00  0.000E+00  0.477E-01  0.000E+00  0.000E+00  0.000E+00  0.000E+00  0.000E+00  0.000E+00
         1.5910  0.000E+00  0.000E+00  0.000E+00  0.000E+00 -0.107E+03  0.000E+00  0.000E+00  0.000E+00  0.482E-01  0.000E+00  0.000E+00  0.000E+00  0.000E+00  0.000E+00  0.000E+00
         1.6422  0.000E+00  0.000E+00  0.000E+00  0.000E+00 -0.111E+03  0.000E+00  0.000E+00  0.000E+00  0.487E-01  0.000E+00  0.000E+00  0.000E+00  0.000E+00  0.000E+00  0.000E+00
         1.7087  0.000E+00  0.000E+00  0.000E+00  0.000E+00 -0.115E+03  0.000E+00  0.000E+00  0.000E+00  0.494E-01  0.000E+00  0.000E+00  0.000E+00  0.000E+00  0.000E+00  0.000E+00
         1.7752  0.000E+00  0.000E+00  0.000E+00  0.000E+00 -0.120E+03  0.000E+00  0.000E+00  0.000E+00  0.500E-01  0.000E+00  0.000E+00  0.000E+00  0.000E+00  0.000E+00  0.000E+00
         1.8418  0.000E+00  0.000E+00  0.000E+00  0.000E+00 -0.124E+03  0.000E+00  0.000E+00  0.000E+00  0.506E-01  0.000E+00  0.000E+00  0.000E+00  0.000E+00  0.000E+00  0.000E+00
         1.9083  0.000E+00  0.000E+00  0.000E+00  0.000E+00 -0.129E+03  0.000E+00  0.000E+00  0.000E+00  0.511E-01  0.000E+00  0.000E+00  0.000E+00  0.000E+00  0.000E+00  0.000E+00
         1.9749  0.000E+00  0.000E+00  0.000E+00  0.000E+00 -0.133E+03  0.000E+00  0.000E+00  0.000E+00  0.517E-01  0.000E+00  0.000E+00  0.000E+00  0.000E+00  0.000E+00  0.000E+00
         2.0414  0.000E+00  0.000E+00  0.000E+00  0.000E+00 -0.138E+03  0.000E+00  0.000E+00  0.000E+00  0.522E-01  0.000E+00  0.000E+00  0.000E+00  0.000E+00  0.000E+00  0.000E+00
         2.1079  0.000E+00  0.000E+00  0.000E+00  0.000E+00 -0.142E+03  0.000E+00  0.000E+00  0.000E+00  0.527E-01  0.000E+00  0.000E+00  0.000E+00  0.000E+00  0.000E+00  0.000E+00
         2.1945  0.000E+00  0.000E+00  0.000E+00  0.000E+00 -0.148E+03  0.000E+00  0.000E+00  0.000E+00  0.533E-01  0.000E+00  0.000E+00  0.000E+00  0.000E+00  0.000E+00  0.000E+00
         2.2810  0.000E+00  0.000E+00  0.000E+00  0.000E+00 -0.154E+03  0.000E+00  0.000E+00  0.000E+00  0.540E-01  0.000E+00  0.000E+00  0.000E+00  0.000E+00  0.000E+00  0.000E+00
         2.3675  0.000E+00  0.000E+00  0.000E+00  0.000E+00 -0.160E+03  0.000E+00  0.000E+00  0.000E+00  0.545E-01  0.000E+00  0.000E+00  0.000E+00  0.000E+00  0.000E+00  0.000E+00
         2.4540  0.000E+00  0.000E+00  0.000E+00  0.000E+00 -0.166E+03  0.000E+00  0.000E+00  0.000E+00  0.551E-01  0.000E+00  0.000E+00  0.000E+00  0.000E+00  0.000E+00  0.000E+00
         2.5405  0.000E+00  0.000E+00  0.000E+00  0.000E+00 -0.171E+03  0.000E+00  0.000E+00  0.000E+00  0.557E-01  0.000E+00  0.000E+00  0.000E+00  0.000E+00  0.000E+00  0.000E+00
         2.6270  0.000E+00  0.000E+00  0.000E+00  0.000E+00 -0.177E+03  0.000E+00  0.000E+00  0.000E+00  0.562E-01  0.000E+00  0.000E+00  0.000E+00  0.000E+00  0.000E+00  0.000E+00
         2.7135  0.000E+00  0.000E+00  0.000E+00  0.000E+00 -0.183E+03  0.000E+00  0.000E+00  0.000E+00  0.567E-01  0.000E+00  0.000E+00  0.000E+00  0.000E+00  0.000E+00  0.000E+00
         2.8000  0.000E+00  0.000E+00  0.000E+00  0.000E+00 -0.189E+03  0.000E+00  0.000E+00  0.000E+00  0.572E-01  0.000E+00  0.000E+00  0.000E+00  0.000E+00  0.000E+00  0.000E+00
         2.8865  0.000E+00  0.000E+00  0.000E+00  0.000E+00 -0.195E+03  0.000E+00  0.000E+00  0.000E+00  0.576E-01  0.000E+00  0.000E+00  0.000E+00  0.000E+00  0.000E+00  0.000E+00
         2.9730  0.000E+00  0.000E+00  0.000E+00  0.000E+00 -0.201E+03  0.000E+00  0.000E+00  0.000E+00  0.581E-01  0.000E+00  0.000E+00  0.000E+00  0.000E+00  0.000E+00  0.000E+00
         3.0595  0.000E+00  0.000E+00  0.000E+00  0.000E+00 -0.207E+03  0.000E+00  0.000E+00  0.000E+00  0.585E-01  0.000E+00  0.000E+00  0.000E+00  0.000E+00  0.000E+00  0.000E+00
         3.1460  0.000E+00  0.000E+00  0.000E+00  0.000E+00 -0.212E+03  0.000E+00  0.000E+00  0.000E+00  0.590E-01  0.000E+00  0.000E+00  0.000E+00  0.000E+00  0.000E+00  0.000E+00
         3.2325  0.000E+00  0.000E+00  0.000E+00  0.000E+00 -0.218E+03  0.000E+00  0.000E+00  0.000E+00  0.594E-01  0.000E+00  0.000E+00  0.000E+00  0.000E+00  0.000E+00  0.000E+00
         3.3190  0.000E+00  0.000E+00  0.000E+00  0.000E+00 -0.224E+03  0.000E+00  0.000E+00  0.000E+00  0.598E-01  0.000E+00  0.000E+00  0.000E+00  0.000E+00  0.000E+00  0.000E+00
         3.4315  0.000E+00  0.000E+00  0.000E+00  0.000E+00 -0.232E+03  0.000E+00  0.000E+00  0.000E+00  0.603E-01  0.000E+00  0.000E+00  0.000E+00  0.000E+00  0.000E+00  0.000E+00
         3.5439  0.000E+00  0.000E+00  0.000E+00  0.000E+00 -0.239E+03  0.000E+00  0.000E+00  0.000E+00  0.608E-01  0.000E+00  0.000E+00  0.000E+00  0.000E+00  0.000E+00  0.000E+00
         3.6564  0.000E+00  0.000E+00  0.000E+00  0.000E+00 -0.247E+03  0.000E+00  0.000E+00  0.000E+00  0.613E-01  0.000E+00  0.000E+00  0.000E+00  0.000E+00  0.000E+00  0.000E+00
         3.7688  0.000E+00  0.000E+00  0.000E+00  0.000E+00 -0.254E+03  0.000E+00  0.000E+00  0.000E+00  0.617E-01  0.000E+00  0.000E+00  0.000E+00  0.000E+00  0.000E+00  0.000E+00
         3.8813  0.000E+00  0.000E+00  0.000E+00  0.000E+00 -0.262E+03  0.000E+00  0.000E+00  0.000E+00  0.622E-01  0.000E+00  0.000E+00  0.000E+00  0.000E+00  0.000E+00  0.000E+00
         3.9932  0.000E+00  0.000E+00  0.000E+00  0.000E+00 -0.270E+03  0.000E+00  0.000E+00  0.000E+00  0.626E-01  0.000E+00  0.000E+00  0.000E+00  0.000E+00  0.000E+00  0.000E+00
         4.1050  0.000E+00  0.000E+00  0.000E+00  0.000E+00 -0.277E+03  0.000E+00  0.000E+00  0.000E+00  0.630E-01  0.000E+00  0.000E+00  0.000E+00  0.000E+00  0.000E+00  0.000E+00
         4.2169  0.000E+00  0.000E+00  0.000E+00  0.000E+00 -0.285E+03  0.000E+00  0.000E+00  0.000E+00  0.634E-01  0.000E+00  0.000E+00  0.000E+00  0.000E+00  0.000E+00  0.000E+00
         4.3288  0.000E+00  0.000E+00  0.000E+00  0.000E+00 -0.292E+03  0.000E+00  0.000E+00  0.000E+00  0.638E-01  0.000E+00  0.000E+00  0.000E+00  0.000E+00  0.000E+00  0.000E+00
         4.4406  0.000E+00  0.000E+00  0.000E+00  0.000E+00 -0.300E+03  0.000E+00  0.000E+00  0.000E+00  0.642E-01  0.000E+00  0.000E+00  0.000E+00  0.000E+00  0.000E+00  0.000E+00
         4.5525  0.000E+00  0.000E+00  0.000E+00  0.000E+00 -0.307E+03  0.000E+00  0.000E+00  0.000E+00  0.645E-01  0.000E+00  0.000E+00  0.000E+00  0.000E+00  0.000E+00  0.000E+00
         4.6644  0.000E+00  0.000E+00  0.000E+00  0.000E+00 -0.315E+03  0.000E+00  0.000E+00  0.000E+00  0.649E-01  0.000E+00  0.000E+00  0.000E+00  0.000E+00  0.000E+00  0.000E+00
         4.7763  0.000E+00  0.000E+00  0.000E+00  0.000E+00 -0.322E+03  0.000E+00  0.000E+00  0.000E+00  0.652E-01  0.000E+00  0.000E+00  0.000E+00  0.000E+00  0.000E+00  0.000E+00
         4.8881  0.000E+00  0.000E+00  0.000E+00  0.000E+00 -0.330E+03  0.000E+00  0.000E+00  0.000E+00  0.656E-01  0.000E+00  0.000E+00  0.000E+00  0.000E+00  0.000E+00  0.000E+00
         5.0000  0.000E+00  0.000E+00  0.000E+00  0.000E+00 -0.337E+03  0.000E+00  0.000E+00  0.000E+00  0.659E-01  0.000E+00  0.000E+00  0.000E+00  0.000E+00  0.000E+00  0.000E+00
         5.1125  0.000E+00  0.000E+00  0.000E+00  0.000E+00 -0.345E+03  0.000E+00  0.000E+00  0.000E+00  0.662E-01  0.000E+00  0.000E+00  0.000E+00  0.000E+00  0.000E+00  0.000E+00
         5.2249  0.000E+00  0.000E+00  0.000E+00  0.000E+00 -0.353E+03  0.000E+00  0.000E+00  0.000E+00  0.665E-01  0.000E+00  0.000E+00  0.000E+00  0.000E+00  0.000E+00  0.000E+00
         5.3374  0.000E+00  0.000E+00  0.000E+00  0.000E+00 -0.360E+03  0.000E+00  0.000E+00  0.000E+00  0.668E-01  0.000E+00  0.000E+00  0.000E+00  0.000E+00  0.000E+00  0.000E+00
         5.4498  0.000E+00  0.000E+00  0.000E+00  0.000E+00 -0.368E+03  0.000E+00  0.000E+00  0.000E+00  0.671E-01  0.000E+00  0.000E+00  0.000E+00  0.000E+00  0.000E+00  0.000E+00
         5.5623  0.000E+00  0.000E+00  0.000E+00  0.000E+00 -0.375E+03  0.000E+00  0.000E+00  0.000E+00  0.674E-01  0.000E+00  0.000E+00  0.000E+00  0.000E+00  0.000E+00  0.000E+00
         5.6747  0.000E+00  0.000E+00  0.000E+00  0.000E+00 -0.383E+03  0.000E+00  0.000E+00  0.000E+00  0.677E-01  0.000E+00  0.000E+00  0.000E+00  0.000E+00  0.000E+00  0.000E+00
         5.7872  0.000E+00  0.000E+00  0.000E+00  0.000E+00 -0.391E+03  0.000E+00  0.000E+00  0.000E+00  0.680E-01  0.000E+00  0.000E+00  0.000E+00  0.000E+00  0.000E+00  0.000E+00
         5.8996  0.000E+00  0.000E+00  0.000E+00  0.000E+00 -0.398E+03  0.000E+00  0.000E+00  0.000E+00  0.682E-01  0.000E+00  0.000E+00  0.000E+00  0.000E+00  0.000E+00  0.000E+00
         6.0121  0.000E+00  0.000E+00  0.000E+00  0.000E+00 -0.406E+03  0.000E+00  0.000E+00  0.000E+00  0.685E-01  0.000E+00  0.000E+00  0.000E+00  0.000E+00  0.000E+00  0.000E+00
         6.1246  0.000E+00  0.000E+00  0.000E+00  0.000E+00 -0.413E+03  0.000E+00  0.000E+00  0.000E+00  0.687E-01  0.000E+00  0.000E+00  0.000E+00  0.000E+00  0.000E+00  0.000E+00
         6.2370  0.000E+00  0.000E+00  0.000E+00  0.000E+00 -0.421E+03  0.000E+00  0.000E+00  0.000E+00  0.690E-01  0.000E+00  0.000E+00  0.000E+00  0.000E+00  0.000E+00  0.000E+00
         6.3832  0.000E+00  0.000E+00  0.000E+00  0.000E+00 -0.431E+03  0.000E+00  0.000E+00  0.000E+00  0.693E-01  0.000E+00  0.000E+00  0.000E+00  0.000E+00  0.000E+00  0.000E+00
         6.5294  0.000E+00  0.000E+00  0.000E+00  0.000E+00 -0.441E+03  0.000E+00  0.000E+00  0.000E+00  0.696E-01  0.000E+00  0.000E+00  0.000E+00  0.000E+00  0.000E+00  0.000E+00
         6.6756  0.000E+00  0.000E+00  0.000E+00  0.000E+00 -0.451E+03  0.000E+00  0.000E+00  0.000E+00  0.699E-01  0.000E+00  0.000E+00  0.000E+00  0.000E+00  0.000E+00  0.000E+00
         6.8218  0.000E+00  0.000E+00  0.000E+00  0.000E+00 -0.460E+03  0.000E+00  0.000E+00  0.000E+00  0.702E-01  0.000E+00  0.000E+00  0.000E+00  0.000E+00  0.000E+00  0.000E+00
         6.9680  0.000E+00  0.000E+00  0.000E+00  0.000E+00 -0.470E+03  0.000E+00  0.000E+00  0.000E+00  0.705E-01  0.000E+00  0.000E+00  0.000E+00  0.000E+00  0.000E+00  0.000E+00
         7.1142  0.000E+00  0.000E+00  0.000E+00  0.000E+00 -0.480E+03  0.000E+00  0.000E+00  0.000E+00  0.708E-01  0.000E+00  0.000E+00  0.000E+00  0.000E+00  0.000E+00  0.000E+00
         7.2604  0.000E+00  0.000E+00  0.000E+00  0.000E+00 -0.490E+03  0.000E+00  0.000E+00  0.000E+00  0.710E-01  0.000E+00  0.000E+00  0.000E+00  0.000E+00  0.000E+00  0.000E+00
         7.4065  0.000E+00  0.000E+00  0.000E+00  0.000E+00 -0.500E+03  0.000E+00  0.000E+00  0.000E+00  0.713E-01  0.000E+00  0.000E+00  0.000E+00  0.000E+00  0.000E+00  0.000E+00
         7.5527  0.000E+00  0.000E+00  0.000E+00  0.000E+00 -0.510E+03  0.000E+00  0.000E+00  0.000E+00  0.715E-01  0.000E+00  0.000E+00  0.000E+00  0.000E+00  0.000E+00  0.000E+00
         7.6989  0.000E+00  0.000E+00  0.000E+00  0.000E+00 -0.520E+03  0.000E+00  0.000E+00  0.000E+00  0.718E-01  0.000E+00  0.000E+00  0.000E+00  0.000E+00  0.000E+00  0.000E+00
         7.8451  0.000E+00  0.000E+00  0.000E+00  0.000E+00 -0.530E+03  0.000E+00  0.000E+00  0.000E+00  0.720E-01  0.000E+00  0.000E+00  0.000E+00  0.000E+00  0.000E+00  0.000E+00
         7.9913  0.000E+00  0.000E+00  0.000E+00  0.000E+00 -0.539E+03  0.000E+00  0.000E+00  0.000E+00  0.723E-01  0.000E+00  0.000E+00  0.000E+00  0.000E+00  0.000E+00  0.000E+00
         8.1375  0.000E+00  0.000E+00  0.000E+00  0.000E+00 -0.549E+03  0.000E+00  0.000E+00  0.000E+00  0.725E-01  0.000E+00  0.000E+00  0.000E+00  0.000E+00  0.000E+00  0.000E+00
         8.2837  0.000E+00  0.000E+00  0.000E+00  0.000E+00 -0.559E+03  0.000E+00  0.000E+00  0.000E+00  0.727E-01  0.000E+00  0.000E+00  0.000E+00  0.000E+00  0.000E+00  0.000E+00
         8.4299  0.000E+00  0.000E+00  0.000E+00  0.000E+00 -0.569E+03  0.000E+00  0.000E+00  0.000E+00  0.729E-01  0.000E+00  0.000E+00  0.000E+00  0.000E+00  0.000E+00  0.000E+00
         8.5761  0.000E+00  0.000E+00  0.000E+00  0.000E+00 -0.579E+03  0.000E+00  0.000E+00  0.000E+00  0.731E-01  0.000E+00  0.000E+00  0.000E+00  0.000E+00  0.000E+00  0.000E+00
         8.7223  0.000E+00  0.000E+00  0.000E+00  0.000E+00 -0.589E+03  0.000E+00  0.000E+00  0.000E+00  0.733E-01  0.000E+00  0.000E+00  0.000E+00  0.000E+00  0.000E+00  0.000E+00
         8.8685  0.000E+00  0.000E+00  0.000E+00  0.000E+00 -0.599E+03  0.000E+00  0.000E+00  0.000E+00  0.736E-01  0.000E+00  0.000E+00  0.000E+00  0.000E+00  0.000E+00  0.000E+00
         9.0147  0.000E+00  0.000E+00  0.000E+00  0.000E+00 -0.608E+03  0.000E+00  0.000E+00  0.000E+00  0.738E-01  0.000E+00  0.000E+00  0.000E+00  0.000E+00  0.000E+00  0.000E+00
         9.1608  0.000E+00  0.000E+00  0.000E+00  0.000E+00 -0.618E+03  0.000E+00  0.000E+00  0.000E+00  0.739E-01  0.000E+00  0.000E+00  0.000E+00  0.000E+00  0.000E+00  0.000E+00
         9.3070  0.000E+00  0.000E+00  0.000E+00  0.000E+00 -0.628E+03  0.000E+00  0.000E+00  0.000E+00  0.741E-01  0.000E+00  0.000E+00  0.000E+00  0.000E+00  0.000E+00  0.000E+00
         9.4532  0.000E+00  0.000E+00  0.000E+00  0.000E+00 -0.638E+03  0.000E+00  0.000E+00  0.000E+00  0.743E-01  0.000E+00  0.000E+00  0.000E+00  0.000E+00  0.000E+00  0.000E+00
         9.5994  0.000E+00  0.000E+00  0.000E+00  0.000E+00 -0.648E+03  0.000E+00  0.000E+00  0.000E+00  0.745E-01  0.000E+00  0.000E+00  0.000E+00  0.000E+00  0.000E+00  0.000E+00
         9.7456  0.000E+00  0.000E+00  0.000E+00  0.000E+00 -0.658E+03  0.000E+00  0.000E+00  0.000E+00  0.747E-01  0.000E+00  0.000E+00  0.000E+00  0.000E+00  0.000E+00  0.000E+00
         9.8918  0.000E+00  0.000E+00  0.000E+00  0.000E+00 -0.668E+03  0.000E+00  0.000E+00  0.000E+00  0.749E-01  0.000E+00  0.000E+00  0.000E+00  0.000E+00  0.000E+00  0.000E+00
        10.0380  0.000E+00  0.000E+00  0.000E+00  0.000E+00 -0.678E+03  0.000E+00  0.000E+00  0.000E+00  0.750E-01  0.000E+00  0.000E+00  0.000E+00  0.000E+00  0.000E+00  0.000E+00
        10.1842  0.000E+00  0.000E+00  0.000E+00  0.000E+00 -0.687E+03  0.000E+00  0.000E+00  0.000E+00  0.752E-01  0.000E+00  0.000E+00  0.000E+00  0.000E+00  0.000E+00  0.000E+00
        10.3304  0.000E+00  0.000E+00  0.000E+00  0.000E+00 -0.697E+03  0.000E+00  0.000E+00  0.000E+00  0.754E-01  0.000E+00  0.000E+00  0.000E+00  0.000E+00  0.000E+00  0.000E+00
        10.4766  0.000E+00  0.000E+00  0.000E+00  0.000E+00 -0.707E+03  0.000E+00  0.000E+00  0.000E+00  0.755E-01  0.000E+00  0.000E+00  0.000E+00  0.000E+00  0.000E+00  0.000E+00
        10.6228  0.000E+00  0.000E+00  0.000E+00  0.000E+00 -0.717E+03  0.000E+00  0.000E+00  0.000E+00  0.757E-01  0.000E+00  0.000E+00  0.000E+00  0.000E+00  0.000E+00  0.000E+00
        10.7690  0.000E+00  0.000E+00  0.000E+00  0.000E+00 -0.727E+03  0.000E+00  0.000E+00  0.000E+00  0.758E-01  0.000E+00  0.000E+00  0.000E+00  0.000E+00  0.000E+00  0.000E+00
        10.9152  0.000E+00  0.000E+00  0.000E+00  0.000E+00 -0.737E+03  0.000E+00  0.000E+00  0.000E+00  0.760E-01  0.000E+00  0.000E+00  0.000E+00  0.000E+00  0.000E+00  0.000E+00
        11.1052  0.000E+00  0.000E+00  0.000E+00  0.000E+00 -0.750E+03  0.000E+00  0.000E+00  0.000E+00  0.762E-01  0.000E+00  0.000E+00  0.000E+00  0.000E+00  0.000E+00  0.000E+00
        11.2952  0.000E+00  0.000E+00  0.000E+00  0.000E+00 -0.762E+03  0.000E+00  0.000E+00  0.000E+00  0.764E-01  0.000E+00  0.000E+00  0.000E+00  0.000E+00  0.000E+00  0.000E+00
        11.4853  0.000E+00  0.000E+00  0.000E+00  0.000E+00 -0.775E+03  0.000E+00  0.000E+00  0.000E+00  0.766E-01  0.000E+00  0.000E+00  0.000E+00  0.000E+00  0.000E+00  0.000E+00
        11.6753  0.000E+00  0.000E+00  0.000E+00  0.000E+00 -0.788E+03  0.000E+00  0.000E+00  0.000E+00  0.767E-01  0.000E+00  0.000E+00  0.000E+00  0.000E+00  0.000E+00  0.000E+00
        11.8654  0.000E+00  0.000E+00  0.000E+00  0.000E+00 -0.801E+03  0.000E+00  0.000E+00  0.000E+00  0.769E-01  0.000E+00  0.000E+00  0.000E+00  0.000E+00  0.000E+00  0.000E+00
        12.0554  0.000E+00  0.000E+00  0.000E+00  0.000E+00 -0.814E+03  0.000E+00  0.000E+00  0.000E+00  0.771E-01  0.000E+00  0.000E+00  0.000E+00  0.000E+00  0.000E+00  0.000E+00
        12.2455  0.000E+00  0.000E+00  0.000E+00  0.000E+00 -0.827E+03  0.000E+00  0.000E+00  0.000E+00  0.772E-01  0.000E+00  0.000E+00  0.000E+00  0.000E+00  0.000E+00  0.000E+00
        12.4355  0.000E+00  0.000E+00  0.000E+00  0.000E+00 -0.839E+03  0.000E+00  0.000E+00  0.000E+00  0.774E-01  0.000E+00  0.000E+00  0.000E+00  0.000E+00  0.000E+00  0.000E+00
        12.6256  0.000E+00  0.000E+00  0.000E+00  0.000E+00 -0.852E+03  0.000E+00  0.000E+00  0.000E+00  0.776E-01  0.000E+00  0.000E+00  0.000E+00  0.000E+00  0.000E+00  0.000E+00
        12.8156  0.000E+00  0.000E+00  0.000E+00  0.000E+00 -0.865E+03  0.000E+00  0.000E+00  0.000E+00  0.777E-01  0.000E+00  0.000E+00  0.000E+00  0.000E+00  0.000E+00  0.000E+00
        13.0057  0.000E+00  0.000E+00  0.000E+00  0.000E+00 -0.878E+03  0.000E+00  0.000E+00  0.000E+00  0.779E-01  0.000E+00  0.000E+00  0.000E+00  0.000E+00  0.000E+00  0.000E+00
        13.2051  0.000E+00  0.000E+00  0.000E+00  0.000E+00 -0.891E+03  0.000E+00  0.000E+00  0.000E+00  0.780E-01  0.000E+00  0.000E+00  0.000E+00  0.000E+00  0.000E+00  0.000E+00
        13.4046  0.000E+00  0.000E+00  0.000E+00  0.000E+00 -0.905E+03  0.000E+00  0.000E+00  0.000E+00  0.782E-01  0.000E+00  0.000E+00  0.000E+00  0.000E+00  0.000E+00  0.000E+00
        13.6040  0.000E+00  0.000E+00  0.000E+00  0.000E+00 -0.918E+03  0.000E+00  0.000E+00  0.000E+00  0.783E-01  0.000E+00  0.000E+00  0.000E+00  0.000E+00  0.000E+00  0.000E+00
        13.8034  0.000E+00  0.000E+00  0.000E+00  0.000E+00 -0.932E+03  0.000E+00  0.000E+00  0.000E+00  0.785E-01  0.000E+00  0.000E+00  0.000E+00  0.000E+00  0.000E+00  0.000E+00
        14.0028  0.000E+00  0.000E+00  0.000E+00  0.000E+00 -0.945E+03  0.000E+00  0.000E+00  0.000E+00  0.786E-01  0.000E+00  0.000E+00  0.000E+00  0.000E+00  0.000E+00  0.000E+00
        14.2023  0.000E+00  0.000E+00  0.000E+00  0.000E+00 -0.959E+03  0.000E+00  0.000E+00  0.000E+00  0.788E-01  0.000E+00  0.000E+00  0.000E+00  0.000E+00  0.000E+00  0.000E+00
        14.4017  0.000E+00  0.000E+00  0.000E+00  0.000E+00 -0.972E+03  0.000E+00  0.000E+00  0.000E+00  0.789E-01  0.000E+00  0.000E+00  0.000E+00  0.000E+00  0.000E+00  0.000E+00
        14.6011  0.000E+00  0.000E+00  0.000E+00  0.000E+00 -0.986E+03  0.000E+00  0.000E+00  0.000E+00  0.790E-01  0.000E+00  0.000E+00  0.000E+00  0.000E+00  0.000E+00  0.000E+00
        14.8006  0.000E+00  0.000E+00  0.000E+00  0.000E+00 -0.999E+03  0.000E+00  0.000E+00  0.000E+00  0.792E-01  0.000E+00  0.000E+00  0.000E+00  0.000E+00  0.000E+00  0.000E+00
        15.0000  0.000E+00  0.000E+00  0.000E+00  0.000E+00 -0.101E+04  0.000E+00  0.000E+00  0.000E+00  0.793E-01  0.000E+00  0.000E+00  0.000E+00  0.000E+00  0.000E+00  0.000E+00
        15.1900  0.000E+00  0.000E+00  0.000E+00  0.000E+00 -0.103E+04  0.000E+00  0.000E+00  0.000E+00  0.794E-01  0.000E+00  0.000E+00  0.000E+00  0.000E+00  0.000E+00  0.000E+00
        15.3801  0.000E+00  0.000E+00  0.000E+00  0.000E+00 -0.104E+04  0.000E+00  0.000E+00  0.000E+00  0.795E-01  0.000E+00  0.000E+00  0.000E+00  0.000E+00  0.000E+00  0.000E+00
        15.5701  0.000E+00  0.000E+00  0.000E+00  0.000E+00 -0.105E+04  0.000E+00  0.000E+00  0.000E+00  0.796E-01  0.000E+00  0.000E+00  0.000E+00  0.000E+00  0.000E+00  0.000E+00
        15.7602  0.000E+00  0.000E+00  0.000E+00  0.000E+00 -0.106E+04  0.000E+00  0.000E+00  0.000E+00  0.798E-01  0.000E+00  0.000E+00  0.000E+00  0.000E+00  0.000E+00  0.000E+00
        15.9502  0.000E+00  0.000E+00  0.000E+00  0.000E+00 -0.108E+04  0.000E+00  0.000E+00  0.000E+00  0.799E-01  0.000E+00  0.000E+00  0.000E+00  0.000E+00  0.000E+00  0.000E+00
        16.1403  0.000E+00  0.000E+00  0.000E+00  0.000E+00 -0.109E+04  0.000E+00  0.000E+00  0.000E+00  0.800E-01  0.000E+00  0.000E+00  0.000E+00  0.000E+00  0.000E+00  0.000E+00
        16.3303  0.000E+00  0.000E+00  0.000E+00  0.000E+00 -0.110E+04  0.000E+00  0.000E+00  0.000E+00  0.801E-01  0.000E+00  0.000E+00  0.000E+00  0.000E+00  0.000E+00  0.000E+00
        16.5204  0.000E+00  0.000E+00  0.000E+00  0.000E+00 -0.112E+04  0.000E+00  0.000E+00  0.000E+00  0.802E-01  0.000E+00  0.000E+00  0.000E+00  0.000E+00  0.000E+00  0.000E+00
        16.7104  0.000E+00  0.000E+00  0.000E+00  0.000E+00 -0.113E+04  0.000E+00  0.000E+00  0.000E+00  0.803E-01  0.000E+00  0.000E+00  0.000E+00  0.000E+00  0.000E+00  0.000E+00
        16.9005  0.000E+00  0.000E+00  0.000E+00  0.000E+00 -0.114E+04  0.000E+00  0.000E+00  0.000E+00  0.804E-01  0.000E+00  0.000E+00  0.000E+00  0.000E+00  0.000E+00  0.000E+00
        17.0905  0.000E+00  0.000E+00  0.000E+00  0.000E+00 -0.115E+04  0.000E+00  0.000E+00  0.000E+00  0.805E-01  0.000E+00  0.000E+00  0.000E+00  0.000E+00  0.000E+00  0.000E+00
        17.2806  0.000E+00  0.000E+00  0.000E+00  0.000E+00 -0.117E+04  0.000E+00  0.000E+00  0.000E+00  0.806E-01  0.000E+00  0.000E+00  0.000E+00  0.000E+00  0.000E+00  0.000E+00
        17.4706  0.000E+00  0.000E+00  0.000E+00  0.000E+00 -0.118E+04  0.000E+00  0.000E+00  0.000E+00  0.807E-01  0.000E+00  0.000E+00  0.000E+00  0.000E+00  0.000E+00  0.000E+00
        17.6607  0.000E+00  0.000E+00  0.000E+00  0.000E+00 -0.119E+04  0.000E+00  0.000E+00  0.000E+00  0.808E-01  0.000E+00  0.000E+00  0.000E+00  0.000E+00  0.000E+00  0.000E+00
        17.8507  0.000E+00  0.000E+00  0.000E+00  0.000E+00 -0.120E+04  0.000E+00  0.000E+00  0.000E+00  0.809E-01  0.000E+00  0.000E+00  0.000E+00  0.000E+00  0.000E+00  0.000E+00
        18.0408  0.000E+00  0.000E+00  0.000E+00  0.000E+00 -0.122E+04  0.000E+00  0.000E+00  0.000E+00  0.810E-01  0.000E+00  0.000E+00  0.000E+00  0.000E+00  0.000E+00  0.000E+00
        18.2308  0.000E+00  0.000E+00  0.000E+00  0.000E+00 -0.123E+04  0.000E+00  0.000E+00  0.000E+00  0.810E-01  0.000E+00  0.000E+00  0.000E+00  0.000E+00  0.000E+00  0.000E+00
        18.4209  0.000E+00  0.000E+00  0.000E+00  0.000E+00 -0.124E+04  0.000E+00  0.000E+00  0.000E+00  0.811E-01  0.000E+00  0.000E+00  0.000E+00  0.000E+00  0.000E+00  0.000E+00
        18.6109  0.000E+00  0.000E+00  0.000E+00  0.000E+00 -0.126E+04  0.000E+00  0.000E+00  0.000E+00  0.812E-01  0.000E+00  0.000E+00  0.000E+00  0.000E+00  0.000E+00  0.000E+00
        18.8010  0.000E+00  0.000E+00  0.000E+00  0.000E+00 -0.127E+04  0.000E+00  0.000E+00  0.000E+00  0.813E-01  0.000E+00  0.000E+00  0.000E+00  0.000E+00  0.000E+00  0.000E+00
        18.9910  0.000E+00  0.000E+00  0.000E+00  0.000E+00 -0.128E+04  0.000E+00  0.000E+00  0.000E+00  0.814E-01  0.000E+00  0.000E+00  0.000E+00  0.000E+00  0.000E+00  0.000E+00
        19.1811  0.000E+00  0.000E+00  0.000E+00  0.000E+00 -0.129E+04  0.000E+00  0.000E+00  0.000E+00  0.815E-01  0.000E+00  0.000E+00  0.000E+00  0.000E+00  0.000E+00  0.000E+00
        19.3711  0.000E+00  0.000E+00  0.000E+00  0.000E+00 -0.131E+04  0.000E+00  0.000E+00  0.000E+00  0.815E-01  0.000E+00  0.000E+00  0.000E+00  0.000E+00  0.000E+00  0.000E+00
        19.5612  0.000E+00  0.000E+00  0.000E+00  0.000E+00 -0.132E+04  0.000E+00  0.000E+00  0.000E+00  0.816E-01  0.000E+00  0.000E+00  0.000E+00  0.000E+00  0.000E+00  0.000E+00
        19.8083  0.000E+00  0.000E+00  0.000E+00  0.000E+00 -0.134E+04  0.000E+00  0.000E+00  0.000E+00  0.817E-01  0.000E+00  0.000E+00  0.000E+00  0.000E+00  0.000E+00  0.000E+00
        20.0553  0.000E+00  0.000E+00  0.000E+00  0.000E+00 -0.135E+04  0.000E+00  0.000E+00  0.000E+00  0.818E-01  0.000E+00  0.000E+00  0.000E+00  0.000E+00  0.000E+00  0.000E+00
        20.3024  0.000E+00  0.000E+00  0.000E+00  0.000E+00 -0.137E+04  0.000E+00  0.000E+00  0.000E+00  0.819E-01  0.000E+00  0.000E+00  0.000E+00  0.000E+00  0.000E+00  0.000E+00
        20.5494  0.000E+00  0.000E+00  0.000E+00  0.000E+00 -0.139E+04  0.000E+00  0.000E+00  0.000E+00  0.820E-01  0.000E+00  0.000E+00  0.000E+00  0.000E+00  0.000E+00  0.000E+00
        20.7965  0.000E+00  0.000E+00  0.000E+00  0.000E+00 -0.140E+04  0.000E+00  0.000E+00  0.000E+00  0.821E-01  0.000E+00  0.000E+00  0.000E+00  0.000E+00  0.000E+00  0.000E+00
        21.0436  0.000E+00  0.000E+00  0.000E+00  0.000E+00 -0.142E+04  0.000E+00  0.000E+00  0.000E+00  0.822E-01  0.000E+00  0.000E+00  0.000E+00  0.000E+00  0.000E+00  0.000E+00
        21.2906  0.000E+00  0.000E+00  0.000E+00  0.000E+00 -0.144E+04  0.000E+00  0.000E+00  0.000E+00  0.823E-01  0.000E+00  0.000E+00  0.000E+00  0.000E+00  0.000E+00  0.000E+00
        21.5377  0.000E+00  0.000E+00  0.000E+00  0.000E+00 -0.145E+04  0.000E+00  0.000E+00  0.000E+00  0.824E-01  0.000E+00  0.000E+00  0.000E+00  0.000E+00  0.000E+00  0.000E+00
        21.7848  0.000E+00  0.000E+00  0.000E+00  0.000E+00 -0.147E+04  0.000E+00  0.000E+00  0.000E+00  0.824E-01  0.000E+00  0.000E+00  0.000E+00  0.000E+00  0.000E+00  0.000E+00
        22.0318  0.000E+00  0.000E+00  0.000E+00  0.000E+00 -0.149E+04  0.000E+00  0.000E+00  0.000E+00  0.825E-01  0.000E+00  0.000E+00  0.000E+00  0.000E+00  0.000E+00  0.000E+00
        22.2789  0.000E+00  0.000E+00  0.000E+00  0.000E+00 -0.150E+04  0.000E+00  0.000E+00  0.000E+00  0.826E-01  0.000E+00  0.000E+00  0.000E+00  0.000E+00  0.000E+00  0.000E+00
        22.5260  0.000E+00  0.000E+00  0.000E+00  0.000E+00 -0.152E+04  0.000E+00  0.000E+00  0.000E+00  0.827E-01  0.000E+00  0.000E+00  0.000E+00  0.000E+00  0.000E+00  0.000E+00
        22.7730  0.000E+00  0.000E+00  0.000E+00  0.000E+00 -0.154E+04  0.000E+00  0.000E+00  0.000E+00  0.828E-01  0.000E+00  0.000E+00  0.000E+00  0.000E+00  0.000E+00  0.000E+00
        23.0201  0.000E+00  0.000E+00  0.000E+00  0.000E+00 -0.155E+04  0.000E+00  0.000E+00  0.000E+00  0.828E-01  0.000E+00  0.000E+00  0.000E+00  0.000E+00  0.000E+00  0.000E+00
        23.2672  0.000E+00  0.000E+00  0.000E+00  0.000E+00 -0.157E+04  0.000E+00  0.000E+00  0.000E+00  0.829E-01  0.000E+00  0.000E+00  0.000E+00  0.000E+00  0.000E+00  0.000E+00
        23.5142  0.000E+00  0.000E+00  0.000E+00  0.000E+00 -0.159E+04  0.000E+00  0.000E+00  0.000E+00  0.830E-01  0.000E+00  0.000E+00  0.000E+00  0.000E+00  0.000E+00  0.000E+00
        23.7613  0.000E+00  0.000E+00  0.000E+00  0.000E+00 -0.160E+04  0.000E+00  0.000E+00  0.000E+00  0.831E-01  0.000E+00  0.000E+00  0.000E+00  0.000E+00  0.000E+00  0.000E+00
        24.0083  0.000E+00  0.000E+00  0.000E+00  0.000E+00 -0.162E+04  0.000E+00  0.000E+00  0.000E+00  0.831E-01  0.000E+00  0.000E+00  0.000E+00  0.000E+00  0.000E+00  0.000E+00
        24.2554  0.000E+00  0.000E+00  0.000E+00  0.000E+00 -0.164E+04  0.000E+00  0.000E+00  0.000E+00  0.832E-01  0.000E+00  0.000E+00  0.000E+00  0.000E+00  0.000E+00  0.000E+00
        24.5025  0.000E+00  0.000E+00  0.000E+00  0.000E+00 -0.165E+04  0.000E+00  0.000E+00  0.000E+00  0.833E-01  0.000E+00  0.000E+00  0.000E+00  0.000E+00  0.000E+00  0.000E+00
        24.7495  0.000E+00  0.000E+00  0.000E+00  0.000E+00 -0.167E+04  0.000E+00  0.000E+00  0.000E+00  0.833E-01  0.000E+00  0.000E+00  0.000E+00  0.000E+00  0.000E+00  0.000E+00
        24.9966  0.000E+00  0.000E+00  0.000E+00  0.000E+00 -0.169E+04  0.000E+00  0.000E+00  0.000E+00  0.834E-01  0.000E+00  0.000E+00  0.000E+00  0.000E+00  0.000E+00  0.000E+00
        25.2437  0.000E+00  0.000E+00  0.000E+00  0.000E+00 -0.170E+04  0.000E+00  0.000E+00  0.000E+00  0.835E-01  0.000E+00  0.000E+00  0.000E+00  0.000E+00  0.000E+00  0.000E+00
        25.4907  0.000E+00  0.000E+00  0.000E+00  0.000E+00 -0.172E+04  0.000E+00  0.000E+00  0.000E+00  0.835E-01  0.000E+00  0.000E+00  0.000E+00  0.000E+00  0.000E+00  0.000E+00
        25.7378  0.000E+00  0.000E+00  0.000E+00  0.000E+00 -0.174E+04  0.000E+00  0.000E+00  0.000E+00  0.836E-01  0.000E+00  0.000E+00  0.000E+00  0.000E+00  0.000E+00  0.000E+00
        25.9849  0.000E+00  0.000E+00  0.000E+00  0.000E+00 -0.175E+04  0.000E+00  0.000E+00  0.000E+00  0.836E-01  0.000E+00  0.000E+00  0.000E+00  0.000E+00  0.000E+00  0.000E+00
        26.2319  0.000E+00  0.000E+00  0.000E+00  0.000E+00 -0.177E+04  0.000E+00  0.000E+00  0.000E+00  0.837E-01  0.000E+00  0.000E+00  0.000E+00  0.000E+00  0.000E+00  0.000E+00
        26.4790  0.000E+00  0.000E+00  0.000E+00  0.000E+00 -0.179E+04  0.000E+00  0.000E+00  0.000E+00  0.838E-01  0.000E+00  0.000E+00  0.000E+00  0.000E+00  0.000E+00  0.000E+00
        26.7261  0.000E+00  0.000E+00  0.000E+00  0.000E+00 -0.180E+04  0.000E+00  0.000E+00  0.000E+00  0.838E-01  0.000E+00  0.000E+00  0.000E+00  0.000E+00  0.000E+00  0.000E+00
        26.9731  0.000E+00  0.000E+00  0.000E+00  0.000E+00 -0.182E+04  0.000E+00  0.000E+00  0.000E+00  0.839E-01  0.000E+00  0.000E+00  0.000E+00  0.000E+00  0.000E+00  0.000E+00
        27.2202  0.000E+00  0.000E+00  0.000E+00  0.000E+00 -0.184E+04  0.000E+00  0.000E+00  0.000E+00  0.839E-01  0.000E+00  0.000E+00  0.000E+00  0.000E+00  0.000E+00  0.000E+00
        27.4672  0.000E+00  0.000E+00  0.000E+00  0.000E+00 -0.185E+04  0.000E+00  0.000E+00  0.000E+00  0.840E-01  0.000E+00  0.000E+00  0.000E+00  0.000E+00  0.000E+00  0.000E+00
        27.7205  0.000E+00  0.000E+00  0.000E+00  0.000E+00 -0.187E+04  0.000E+00  0.000E+00  0.000E+00  0.840E-01  0.000E+00  0.000E+00  0.000E+00  0.000E+00  0.000E+00  0.000E+00
        27.9738  0.000E+00  0.000E+00  0.000E+00  0.000E+00 -0.189E+04  0.000E+00  0.000E+00  0.000E+00  0.841E-01  0.000E+00  0.000E+00  0.000E+00  0.000E+00  0.000E+00  0.000E+00
        28.2271  0.000E+00  0.000E+00  0.000E+00  0.000E+00 -0.191E+04  0.000E+00  0.000E+00  0.000E+00  0.841E-01  0.000E+00  0.000E+00  0.000E+00  0.000E+00  0.000E+00  0.000E+00
        28.4803  0.000E+00  0.000E+00  0.000E+00  0.000E+00 -0.192E+04  0.000E+00  0.000E+00  0.000E+00  0.842E-01  0.000E+00  0.000E+00  0.000E+00  0.000E+00  0.000E+00  0.000E+00
        28.7336  0.000E+00  0.000E+00  0.000E+00  0.000E+00 -0.194E+04  0.000E+00  0.000E+00  0.000E+00  0.842E-01  0.000E+00  0.000E+00  0.000E+00  0.000E+00  0.000E+00  0.000E+00
        28.9869  0.000E+00  0.000E+00  0.000E+00  0.000E+00 -0.196E+04  0.000E+00  0.000E+00  0.000E+00  0.843E-01  0.000E+00  0.000E+00  0.000E+00  0.000E+00  0.000E+00  0.000E+00
        29.2402  0.000E+00  0.000E+00  0.000E+00  0.000E+00 -0.197E+04  0.000E+00  0.000E+00  0.000E+00  0.843E-01  0.000E+00  0.000E+00  0.000E+00  0.000E+00  0.000E+00  0.000E+00
        29.4934  0.000E+00  0.000E+00  0.000E+00  0.000E+00 -0.199E+04  0.000E+00  0.000E+00  0.000E+00  0.844E-01  0.000E+00  0.000E+00  0.000E+00  0.000E+00  0.000E+00  0.000E+00
        29.7467  0.000E+00  0.000E+00  0.000E+00  0.000E+00 -0.201E+04  0.000E+00  0.000E+00  0.000E+00  0.844E-01  0.000E+00  0.000E+00  0.000E+00  0.000E+00  0.000E+00  0.000E+00
        30.0000  0.000E+00  0.000E+00  0.000E+00  0.000E+00 -0.203E+04  0.000E+00  0.000E+00  0.000E+00  0.845E-01  0.000E+00  0.000E+00  0.000E+00  0.000E+00  0.000E+00  0.000E+00
        30.2471  0.000E+00  0.000E+00  0.000E+00  0.000E+00 -0.204E+04  0.000E+00  0.000E+00  0.000E+00  0.845E-01  0.000E+00  0.000E+00  0.000E+00  0.000E+00  0.000E+00  0.000E+00
        30.4941  0.000E+00  0.000E+00  0.000E+00  0.000E+00 -0.206E+04  0.000E+00  0.000E+00  0.000E+00  0.846E-01  0.000E+00  0.000E+00  0.000E+00  0.000E+00  0.000E+00  0.000E+00
        30.7412  0.000E+00  0.000E+00  0.000E+00  0.000E+00 -0.208E+04  0.000E+00  0.000E+00  0.000E+00  0.846E-01  0.000E+00  0.000E+00  0.000E+00  0.000E+00  0.000E+00  0.000E+00
        31.0624  0.000E+00  0.000E+00  0.000E+00  0.000E+00 -0.210E+04  0.000E+00  0.000E+00  0.000E+00  0.846E-01  0.000E+00  0.000E+00  0.000E+00  0.000E+00  0.000E+00  0.000E+00
        31.3836  0.000E+00  0.000E+00  0.000E+00  0.000E+00 -0.212E+04  0.000E+00  0.000E+00  0.000E+00  0.847E-01  0.000E+00  0.000E+00  0.000E+00  0.000E+00  0.000E+00  0.000E+00
        31.7047  0.000E+00  0.000E+00  0.000E+00  0.000E+00 -0.214E+04  0.000E+00  0.000E+00  0.000E+00  0.848E-01  0.000E+00  0.000E+00  0.000E+00  0.000E+00  0.000E+00  0.000E+00
        32.0259  0.000E+00  0.000E+00  0.000E+00  0.000E+00 -0.216E+04  0.000E+00  0.000E+00  0.000E+00  0.848E-01  0.000E+00  0.000E+00  0.000E+00  0.000E+00  0.000E+00  0.000E+00
        32.3471  0.000E+00  0.000E+00  0.000E+00  0.000E+00 -0.218E+04  0.000E+00  0.000E+00  0.000E+00  0.849E-01  0.000E+00  0.000E+00  0.000E+00  0.000E+00  0.000E+00  0.000E+00
        32.6683  0.000E+00  0.000E+00  0.000E+00  0.000E+00 -0.221E+04  0.000E+00  0.000E+00  0.000E+00  0.849E-01  0.000E+00  0.000E+00  0.000E+00  0.000E+00  0.000E+00  0.000E+00
        32.9895  0.000E+00  0.000E+00  0.000E+00  0.000E+00 -0.223E+04  0.000E+00  0.000E+00  0.000E+00  0.849E-01  0.000E+00  0.000E+00  0.000E+00  0.000E+00  0.000E+00  0.000E+00
        33.3107  0.000E+00  0.000E+00  0.000E+00  0.000E+00 -0.225E+04  0.000E+00  0.000E+00  0.000E+00  0.850E-01  0.000E+00  0.000E+00  0.000E+00  0.000E+00  0.000E+00  0.000E+00
        33.6318  0.000E+00  0.000E+00  0.000E+00  0.000E+00 -0.227E+04  0.000E+00  0.000E+00  0.000E+00  0.850E-01  0.000E+00  0.000E+00  0.000E+00  0.000E+00  0.000E+00  0.000E+00
        33.9530  0.000E+00  0.000E+00  0.000E+00  0.000E+00 -0.229E+04  0.000E+00  0.000E+00  0.000E+00  0.851E-01  0.000E+00  0.000E+00  0.000E+00  0.000E+00  0.000E+00  0.000E+00
        34.2742  0.000E+00  0.000E+00  0.000E+00  0.000E+00 -0.231E+04  0.000E+00  0.000E+00  0.000E+00  0.851E-01  0.000E+00  0.000E+00  0.000E+00  0.000E+00  0.000E+00  0.000E+00
        34.5954  0.000E+00  0.000E+00  0.000E+00  0.000E+00 -0.234E+04  0.000E+00  0.000E+00  0.000E+00  0.852E-01  0.000E+00  0.000E+00  0.000E+00  0.000E+00  0.000E+00  0.000E+00
        34.9166  0.000E+00  0.000E+00  0.000E+00  0.000E+00 -0.236E+04  0.000E+00  0.000E+00  0.000E+00  0.852E-01  0.000E+00  0.000E+00  0.000E+00  0.000E+00  0.000E+00  0.000E+00
        35.2378  0.000E+00  0.000E+00  0.000E+00  0.000E+00 -0.238E+04  0.000E+00  0.000E+00  0.000E+00  0.852E-01  0.000E+00  0.000E+00  0.000E+00  0.000E+00  0.000E+00  0.000E+00
        35.5589  0.000E+00  0.000E+00  0.000E+00  0.000E+00 -0.240E+04  0.000E+00  0.000E+00  0.000E+00  0.853E-01  0.000E+00  0.000E+00  0.000E+00  0.000E+00  0.000E+00  0.000E+00
        35.8801  0.000E+00  0.000E+00  0.000E+00  0.000E+00 -0.242E+04  0.000E+00  0.000E+00  0.000E+00  0.853E-01  0.000E+00  0.000E+00  0.000E+00  0.000E+00  0.000E+00  0.000E+00
        36.2013  0.000E+00  0.000E+00  0.000E+00  0.000E+00 -0.244E+04  0.000E+00  0.000E+00  0.000E+00  0.854E-01  0.000E+00  0.000E+00  0.000E+00  0.000E+00  0.000E+00  0.000E+00
        36.5225  0.000E+00  0.000E+00  0.000E+00  0.000E+00 -0.247E+04  0.000E+00  0.000E+00  0.000E+00  0.854E-01  0.000E+00  0.000E+00  0.000E+00  0.000E+00  0.000E+00  0.000E+00
        36.8437  0.000E+00  0.000E+00  0.000E+00  0.000E+00 -0.249E+04  0.000E+00  0.000E+00  0.000E+00  0.854E-01  0.000E+00  0.000E+00  0.000E+00  0.000E+00  0.000E+00  0.000E+00
        37.1649  0.000E+00  0.000E+00  0.000E+00  0.000E+00 -0.251E+04  0.000E+00  0.000E+00  0.000E+00  0.855E-01  0.000E+00  0.000E+00  0.000E+00  0.000E+00  0.000E+00  0.000E+00
        37.4860  0.000E+00  0.000E+00  0.000E+00  0.000E+00 -0.253E+04  0.000E+00  0.000E+00  0.000E+00  0.855E-01  0.000E+00  0.000E+00  0.000E+00  0.000E+00  0.000E+00  0.000E+00
        37.8072  0.000E+00  0.000E+00  0.000E+00  0.000E+00 -0.255E+04  0.000E+00  0.000E+00  0.000E+00  0.856E-01  0.000E+00  0.000E+00  0.000E+00  0.000E+00  0.000E+00  0.000E+00
        38.1284  0.000E+00  0.000E+00  0.000E+00  0.000E+00 -0.257E+04  0.000E+00  0.000E+00  0.000E+00  0.856E-01  0.000E+00  0.000E+00  0.000E+00  0.000E+00  0.000E+00  0.000E+00
        38.4496  0.000E+00  0.000E+00  0.000E+00  0.000E+00 -0.260E+04  0.000E+00  0.000E+00  0.000E+00  0.857E-01  0.000E+00  0.000E+00  0.000E+00  0.000E+00  0.000E+00  0.000E+00
        38.7708  0.000E+00  0.000E+00  0.000E+00  0.000E+00 -0.262E+04  0.000E+00  0.000E+00  0.000E+00  0.859E-01  0.000E+00  0.000E+00  0.000E+00  0.000E+00  0.000E+00  0.000E+00
        39.0920  0.000E+00  0.000E+00  0.000E+00  0.000E+00 -0.264E+04  0.000E+00  0.000E+00  0.000E+00  0.861E-01  0.000E+00  0.000E+00  0.000E+00  0.000E+00  0.000E+00  0.000E+00
        39.4132  0.000E+00  0.000E+00  0.000E+00  0.000E+00 -0.266E+04  0.000E+00  0.000E+00  0.000E+00  0.867E-01  0.000E+00  0.000E+00  0.000E+00  0.000E+00  0.000E+00  0.000E+00
        39.7343  0.000E+00  0.000E+00  0.000E+00  0.000E+00 -0.268E+04  0.000E+00  0.000E+00  0.000E+00  0.877E-01  0.000E+00  0.000E+00  0.000E+00  0.000E+00  0.000E+00  0.000E+00
        40.0555  0.000E+00  0.000E+00  0.000E+00  0.000E+00 -0.270E+04  0.000E+00  0.000E+00  0.000E+00  0.898E-01  0.000E+00  0.000E+00  0.000E+00  0.000E+00  0.000E+00  0.000E+00
        40.3767  0.000E+00  0.000E+00  0.000E+00  0.000E+00 -0.273E+04  0.000E+00  0.000E+00  0.000E+00  0.940E-01  0.000E+00  0.000E+00  0.000E+00  0.000E+00  0.000E+00  0.000E+00
        40.6979  0.000E+00  0.000E+00  0.000E+00  0.000E+00 -0.275E+04  0.000E+00  0.000E+00  0.000E+00  0.102E+00  0.000E+00  0.000E+00  0.000E+00  0.000E+00  0.000E+00  0.000E+00
        41.0191  0.000E+00  0.000E+00  0.000E+00  0.000E+00 -0.277E+04  0.000E+00  0.000E+00  0.000E+00  0.118E+00  0.000E+00  0.000E+00  0.000E+00  0.000E+00  0.000E+00  0.000E+00
        41.3403  0.000E+00  0.000E+00  0.000E+00  0.000E+00 -0.279E+04  0.000E+00  0.000E+00  0.000E+00  0.146E+00  0.000E+00  0.000E+00  0.000E+00  0.000E+00  0.000E+00  0.000E+00
        41.6614  0.000E+00  0.000E+00  0.000E+00  0.000E+00 -0.281E+04  0.000E+00  0.000E+00  0.000E+00  0.197E+00  0.000E+00  0.000E+00  0.000E+00  0.000E+00  0.000E+00  0.000E+00
        41.9826  0.000E+00  0.000E+00  0.000E+00  0.000E+00 -0.283E+04  0.000E+00  0.000E+00  0.000E+00  0.283E+00  0.000E+00  0.000E+00  0.000E+00  0.000E+00  0.000E+00  0.000E+00
        42.3038  0.000E+00  0.000E+00  0.000E+00  0.000E+00 -0.286E+04  0.000E+00  0.000E+00  0.000E+00  0.423E+00  0.000E+00  0.000E+00  0.000E+00  0.000E+00  0.000E+00  0.000E+00
        42.6250  0.000E+00  0.000E+00  0.000E+00  0.000E+00 -0.288E+04  0.000E+00  0.000E+00  0.000E+00  0.637E+00  0.000E+00  0.000E+00  0.000E+00  0.000E+00  0.000E+00  0.000E+00
        42.9462  0.000E+00  0.000E+00  0.000E+00  0.000E+00 -0.290E+04  0.000E+00  0.000E+00  0.000E+00  0.950E+00  0.000E+00  0.000E+00  0.000E+00  0.000E+00  0.000E+00  0.000E+00
        43.2674  0.000E+00  0.000E+00  0.000E+00  0.000E+00 -0.292E+04  0.000E+00  0.000E+00  0.000E+00  0.138E+01  0.000E+00  0.000E+00  0.000E+00  0.000E+00  0.000E+00  0.000E+00
        43.6849  0.000E+00  0.000E+00  0.000E+00  0.000E+00 -0.295E+04  0.000E+00  0.000E+00  0.000E+00  0.213E+01  0.000E+00  0.000E+00  0.000E+00  0.000E+00  0.000E+00  0.000E+00
        44.1024  0.000E+00  0.000E+00  0.000E+00  0.000E+00 -0.298E+04  0.000E+00  0.000E+00  0.000E+00  0.316E+01  0.000E+00  0.000E+00  0.000E+00  0.000E+00  0.000E+00  0.000E+00
        44.6452  0.000E+00  0.000E+00  0.000E+00  0.000E+00 -0.301E+04  0.000E+00  0.000E+00  0.000E+00  0.488E+01  0.000E+00  0.000E+00  0.000E+00  0.000E+00  0.000E+00  0.000E+00
        45.1880  0.000E+00  0.000E+00  0.000E+00  0.000E+00 -0.305E+04  0.000E+00  0.000E+00  0.000E+00  0.721E+01  0.000E+00  0.000E+00  0.000E+00  0.000E+00  0.000E+00  0.000E+00
        45.8937  0.000E+00  0.000E+00  0.000E+00  0.000E+00 -0.310E+04  0.000E+00  0.000E+00  0.000E+00  0.109E+02  0.000E+00  0.000E+00  0.000E+00  0.000E+00  0.000E+00  0.000E+00
        46.5993  0.000E+00  0.000E+00  0.000E+00  0.000E+00 -0.315E+04  0.000E+00  0.000E+00  0.000E+00  0.157E+02  0.000E+00  0.000E+00  0.000E+00  0.000E+00  0.000E+00  0.000E+00
        47.5166  0.000E+00  0.000E+00  0.000E+00  0.000E+00 -0.321E+04  0.000E+00  0.000E+00  0.000E+00  0.231E+02  0.000E+00  0.000E+00  0.000E+00  0.000E+00  0.000E+00  0.000E+00
        48.4340  0.000E+00  0.000E+00  0.000E+00  0.000E+00 -0.327E+04  0.000E+00  0.000E+00  0.000E+00  0.322E+02  0.000E+00  0.000E+00  0.000E+00  0.000E+00  0.000E+00  0.000E+00
        49.5906  0.000E+00  0.000E+00  0.000E+00  0.000E+00 -0.335E+04  0.000E+00  0.000E+00  0.000E+00  0.454E+02  0.000E+00  0.000E+00  0.000E+00  0.000E+00  0.000E+00  0.000E+00
        50.7472  0.000E+00  0.000E+00  0.000E+00  0.000E+00 -0.343E+04  0.000E+00  0.000E+00  0.000E+00  0.609E+02  0.000E+00  0.000E+00  0.000E+00  0.000E+00  0.000E+00  0.000E+00
        51.9038  0.000E+00  0.000E+00  0.000E+00  0.000E+00 -0.350E+04  0.000E+00  0.000E+00  0.000E+00  0.782E+02  0.000E+00  0.000E+00  0.000E+00  0.000E+00  0.000E+00  0.000E+00
        53.0604  0.000E+00  0.000E+00  0.000E+00  0.000E+00 -0.358E+04  0.000E+00  0.000E+00  0.000E+00  0.972E+02  0.000E+00  0.000E+00  0.000E+00  0.000E+00  0.000E+00  0.000E+00
        54.2170  0.000E+00  0.000E+00  0.000E+00  0.000E+00 -0.366E+04  0.000E+00  0.000E+00  0.000E+00  0.118E+03  0.000E+00  0.000E+00  0.000E+00  0.000E+00  0.000E+00  0.000E+00
        55.3736  0.000E+00  0.000E+00  0.000E+00  0.000E+00 -0.374E+04  0.000E+00  0.000E+00  0.000E+00  0.140E+03  0.000E+00  0.000E+00  0.000E+00  0.000E+00  0.000E+00  0.000E+00
        56.9157  0.000E+00  0.000E+00  0.000E+00  0.000E+00 -0.384E+04  0.000E+00  0.000E+00  0.000E+00  0.172E+03  0.000E+00  0.000E+00  0.000E+00  0.000E+00  0.000E+00  0.000E+00
        58.4579  0.000E+00  0.000E+00  0.000E+00  0.000E+00 -0.395E+04  0.000E+00  0.000E+00  0.000E+00  0.206E+03  0.000E+00  0.000E+00  0.000E+00  0.000E+00  0.000E+00  0.000E+00
        60.0000  0.000E+00  0.000E+00  0.000E+00  0.000E+00 -0.405E+04  0.000E+00  0.000E+00  0.000E+00  0.243E+03  0.000E+00  0.000E+00  0.000E+00  0.000E+00  0.000E+00  0.000E+00
        60.0010  0.000E+00  0.000E+00  0.000E+00  0.000E+00 -0.405E+04  0.000E+00  0.000E+00  0.000E+00  0.243E+03  0.000E+00  0.000E+00  0.000E+00  0.000E+00  0.000E+00  0.000E+00
        60.0023  0.000E+00  0.000E+00  0.000E+00  0.000E+00 -0.405E+04  0.000E+00  0.000E+00  0.000E+00  0.243E+03  0.000E+00  0.000E+00  0.000E+00  0.000E+00  0.000E+00  0.000E+00
        60.0040  0.000E+00  0.000E+00  0.000E+00  0.000E+00 -0.405E+04  0.000E+00  0.000E+00  0.000E+00  0.243E+03  0.000E+00  0.000E+00  0.000E+00  0.000E+00  0.000E+00  0.000E+00
        60.0062  0.000E+00  0.000E+00  0.000E+00  0.000E+00 -0.405E+04  0.000E+00  0.000E+00  0.000E+00  0.243E+03  0.000E+00  0.000E+00  0.000E+00  0.000E+00  0.000E+00  0.000E+00
        60.0090  0.000E+00  0.000E+00  0.000E+00  0.000E+00 -0.405E+04  0.000E+00  0.000E+00  0.000E+00  0.243E+03  0.000E+00  0.000E+00  0.000E+00  0.000E+00  0.000E+00  0.000E+00
        60.0128  0.000E+00  0.000E+00  0.000E+00  0.000E+00 -0.405E+04  0.000E+00  0.000E+00  0.000E+00  0.243E+03  0.000E+00  0.000E+00  0.000E+00  0.000E+00  0.000E+00  0.000E+00
        60.0176  0.000E+00  0.000E+00  0.000E+00  0.000E+00 -0.405E+04  0.000E+00  0.000E+00  0.000E+00  0.243E+03  0.000E+00  0.000E+00  0.000E+00  0.000E+00  0.000E+00  0.000E+00
        60.0239  0.000E+00  0.000E+00  0.000E+00  0.000E+00 -0.405E+04  0.000E+00  0.000E+00  0.000E+00  0.244E+03  0.000E+00  0.000E+00  0.000E+00  0.000E+00  0.000E+00  0.000E+00
        60.0320  0.000E+00  0.000E+00  0.000E+00  0.000E+00 -0.405E+04  0.000E+00  0.000E+00  0.000E+00  0.244E+03  0.000E+00  0.000E+00  0.000E+00  0.000E+00  0.000E+00  0.000E+00
        60.0426  0.000E+00  0.000E+00  0.000E+00  0.000E+00 -0.405E+04  0.000E+00  0.000E+00  0.000E+00  0.244E+03  0.000E+00  0.000E+00  0.000E+00  0.000E+00  0.000E+00  0.000E+00
        60.0564  0.000E+00  0.000E+00  0.000E+00  0.000E+00 -0.405E+04  0.000E+00  0.000E+00  0.000E+00  0.244E+03  0.000E+00  0.000E+00  0.000E+00  0.000E+00  0.000E+00  0.000E+00
        60.0743  0.000E+00  0.000E+00  0.000E+00  0.000E+00 -0.405E+04  0.000E+00  0.000E+00  0.000E+00  0.245E+03  0.000E+00  0.000E+00  0.000E+00  0.000E+00  0.000E+00  0.000E+00
        60.0976  0.000E+00  0.000E+00  0.000E+00  0.000E+00 -0.405E+04  0.000E+00  0.000E+00  0.000E+00  0.245E+03  0.000E+00  0.000E+00  0.000E+00  0.000E+00  0.000E+00  0.000E+00
        60.1279  0.000E+00  0.000E+00  0.000E+00  0.000E+00 -0.405E+04  0.000E+00  0.000E+00  0.000E+00  0.246E+03  0.000E+00  0.000E+00  0.000E+00  0.000E+00  0.000E+00  0.000E+00
        60.1673  0.000E+00  0.000E+00  0.000E+00  0.000E+00 -0.405E+04  0.000E+00  0.000E+00  0.000E+00  0.247E+03  0.000E+00  0.000E+00  0.000E+00  0.000E+00  0.000E+00  0.000E+00
        60.2185  0.000E+00  0.000E+00  0.000E+00  0.000E+00 -0.405E+04  0.000E+00  0.000E+00  0.000E+00  0.248E+03  0.000E+00  0.000E+00  0.000E+00  0.000E+00  0.000E+00  0.000E+00
        60.2850  0.000E+00  0.000E+00  0.000E+00  0.000E+00 -0.405E+04  0.000E+00  0.000E+00  0.000E+00  0.250E+03  0.000E+00  0.000E+00  0.000E+00  0.000E+00  0.000E+00  0.000E+00
        60.3715  0.000E+00  0.000E+00  0.000E+00  0.000E+00 -0.405E+04  0.000E+00  0.000E+00  0.000E+00  0.252E+03  0.000E+00  0.000E+00  0.000E+00  0.000E+00  0.000E+00  0.000E+00
        60.4840  0.000E+00  0.000E+00  0.000E+00  0.000E+00 -0.405E+04  0.000E+00  0.000E+00  0.000E+00  0.255E+03  0.000E+00  0.000E+00  0.000E+00  0.000E+00  0.000E+00  0.000E+00
        60.6302  0.000E+00  0.000E+00  0.000E+00  0.000E+00 -0.405E+04  0.000E+00  0.000E+00  0.000E+00  0.259E+03  0.000E+00  0.000E+00  0.000E+00  0.000E+00  0.000E+00  0.000E+00
        60.8202  0.000E+00  0.000E+00  0.000E+00  0.000E+00 -0.405E+04  0.000E+00  0.000E+00  0.000E+00  0.263E+03  0.000E+00  0.000E+00  0.000E+00  0.000E+00  0.000E+00  0.000E+00
        61.0673  0.000E+00  0.000E+00  0.000E+00  0.000E+00 -0.405E+04  0.000E+00  0.000E+00  0.000E+00  0.270E+03  0.000E+00  0.000E+00  0.000E+00  0.000E+00  0.000E+00  0.000E+00
        61.3885  0.000E+00  0.000E+00  0.000E+00  0.000E+00 -0.405E+04  0.000E+00  0.000E+00  0.000E+00  0.278E+03  0.000E+00  0.000E+00  0.000E+00  0.000E+00  0.000E+00  0.000E+00
        61.8060  0.000E+00  0.000E+00  0.000E+00  0.000E+00 -0.405E+04  0.000E+00  0.000E+00  0.000E+00  0.288E+03  0.000E+00  0.000E+00  0.000E+00  0.000E+00  0.000E+00  0.000E+00
        62.3488  0.000E+00  0.000E+00  0.000E+00  0.000E+00 -0.405E+04  0.000E+00  0.000E+00  0.000E+00  0.300E+03  0.000E+00  0.000E+00  0.000E+00  0.000E+00  0.000E+00  0.000E+00
        62.8916  0.000E+00  0.000E+00  0.000E+00  0.000E+00 -0.405E+04  0.000E+00  0.000E+00  0.000E+00  0.311E+03  0.000E+00  0.000E+00  0.000E+00  0.000E+00  0.000E+00  0.000E+00
        63.5972  0.000E+00  0.000E+00  0.000E+00  0.000E+00 -0.405E+04  0.000E+00  0.000E+00  0.000E+00  0.324E+03  0.000E+00  0.000E+00  0.000E+00  0.000E+00  0.000E+00  0.000E+00
        64.3029  0.000E+00  0.000E+00  0.000E+00  0.000E+00 -0.405E+04  0.000E+00  0.000E+00  0.000E+00  0.336E+03  0.000E+00  0.000E+00  0.000E+00  0.000E+00  0.000E+00  0.000E+00
        65.2202  0.000E+00  0.000E+00  0.000E+00  0.000E+00 -0.405E+04  0.000E+00  0.000E+00  0.000E+00  0.349E+03  0.000E+00  0.000E+00  0.000E+00  0.000E+00  0.000E+00  0.000E+00
        66.1375  0.000E+00  0.000E+00  0.000E+00  0.000E+00 -0.405E+04  0.000E+00  0.000E+00  0.000E+00  0.360E+03  0.000E+00  0.000E+00  0.000E+00  0.000E+00  0.000E+00  0.000E+00
        67.3301  0.000E+00  0.000E+00  0.000E+00  0.000E+00 -0.405E+04  0.000E+00  0.000E+00  0.000E+00  0.373E+03  0.000E+00  0.000E+00  0.000E+00  0.000E+00  0.000E+00  0.000E+00
        68.5226  0.000E+00  0.000E+00  0.000E+00  0.000E+00 -0.405E+04  0.000E+00  0.000E+00  0.000E+00  0.383E+03  0.000E+00  0.000E+00  0.000E+00  0.000E+00  0.000E+00  0.000E+00
        70.0729  0.000E+00  0.000E+00  0.000E+00  0.000E+00 -0.405E+04  0.000E+00  0.000E+00  0.000E+00  0.395E+03  0.000E+00  0.000E+00  0.000E+00  0.000E+00  0.000E+00  0.000E+00
        71.6232  0.000E+00  0.000E+00  0.000E+00  0.000E+00 -0.405E+04  0.000E+00  0.000E+00  0.000E+00  0.404E+03  0.000E+00  0.000E+00  0.000E+00  0.000E+00  0.000E+00  0.000E+00
        73.6386  0.000E+00  0.000E+00  0.000E+00  0.000E+00 -0.405E+04  0.000E+00  0.000E+00  0.000E+00  0.413E+03  0.000E+00  0.000E+00  0.000E+00  0.000E+00  0.000E+00  0.000E+00
        75.6540  0.000E+00  0.000E+00  0.000E+00  0.000E+00 -0.405E+04  0.000E+00  0.000E+00  0.000E+00  0.420E+03  0.000E+00  0.000E+00  0.000E+00  0.000E+00  0.000E+00  0.000E+00
        78.2739  0.000E+00  0.000E+00  0.000E+00  0.000E+00 -0.405E+04  0.000E+00  0.000E+00  0.000E+00  0.428E+03  0.000E+00  0.000E+00  0.000E+00  0.000E+00  0.000E+00  0.000E+00
        80.8939  0.000E+00  0.000E+00  0.000E+00  0.000E+00 -0.405E+04  0.000E+00  0.000E+00  0.000E+00  0.433E+03  0.000E+00  0.000E+00  0.000E+00  0.000E+00  0.000E+00  0.000E+00
        84.2999  0.000E+00  0.000E+00  0.000E+00  0.000E+00 -0.405E+04  0.000E+00  0.000E+00  0.000E+00  0.439E+03  0.000E+00  0.000E+00  0.000E+00  0.000E+00  0.000E+00  0.000E+00
        87.8699  0.000E+00  0.000E+00  0.000E+00  0.000E+00 -0.405E+04  0.000E+00  0.000E+00  0.000E+00  0.443E+03  0.000E+00  0.000E+00  0.000E+00  0.000E+00  0.000E+00  0.000E+00
        92.4599  0.000E+00  0.000E+00  0.000E+00  0.000E+00 -0.405E+04  0.000E+00  0.000E+00  0.000E+00  0.446E+03  0.000E+00  0.000E+00  0.000E+00  0.000E+00  0.000E+00  0.000E+00
        97.0500  0.000E+00  0.000E+00  0.000E+00  0.000E+00 -0.405E+04  0.000E+00  0.000E+00  0.000E+00  0.449E+03  0.000E+00  0.000E+00  0.000E+00  0.000E+00  0.000E+00  0.000E+00
       102.7875  0.000E+00  0.000E+00  0.000E+00  0.000E+00 -0.405E+04  0.000E+00  0.000E+00  0.000E+00  0.451E+03  0.000E+00  0.000E+00  0.000E+00  0.000E+00  0.000E+00  0.000E+00
       108.5250  0.000E+00  0.000E+00  0.000E+00  0.000E+00 -0.405E+04  0.000E+00  0.000E+00  0.000E+00  0.453E+03  0.000E+00  0.000E+00  0.000E+00  0.000E+00  0.000E+00  0.000E+00
       114.2625  0.000E+00  0.000E+00  0.000E+00  0.000E+00 -0.405E+04  0.000E+00  0.000E+00  0.000E+00  0.454E+03  0.000E+00  0.000E+00  0.000E+00  0.000E+00  0.000E+00  0.000E+00
       120.0000  0.000E+00  0.000E+00  0.000E+00  0.000E+00 -0.405E+04  0.000E+00  0.000E+00  0.000E+00  0.454E+03  0.000E+00  0.000E+00  0.000E+00  0.000E+00  0.000E+00  0.000E+00
       126.0000  0.000E+00  0.000E+00  0.000E+00  0.000E+00 -0.405E+04  0.000E+00  0.000E+00  0.000E+00  0.455E+03  0.000E+00  0.000E+00  0.000E+00  0.000E+00  0.000E+00  0.000E+00
       132.0000  0.000E+00  0.000E+00  0.000E+00  0.000E+00 -0.405E+04  0.000E+00  0.000E+00  0.000E+00  0.456E+03  0.000E+00  0.000E+00  0.000E+00  0.000E+00  0.000E+00  0.000E+00
       138.0000  0.000E+00  0.000E+00  0.000E+00  0.000E+00 -0.405E+04  0.000E+00  0.000E+00  0.000E+00  0.456E+03  0.000E+00  0.000E+00  0.000E+00  0.000E+00  0.000E+00  0.000E+00
       145.0000  0.000E+00  0.000E+00  0.000E+00  0.000E+00 -0.405E+04  0.000E+00  0.000E+00  0.000E+00  0.456E+03  0.000E+00  0.000E+00  0.000E+00  0.000E+00  0.000E+00  0.000E+00
       153.7500  0.000E+00  0.000E+00  0.000E+00  0.000E+00 -0.405E+04  0.000E+00  0.000E+00  0.000E+00  0.457E+03  0.000E+00  0.000E+00  0.000E+00  0.000E+00  0.000E+00  0.000E+00
       166.8750  0.000E+00  0.000E+00  0.000E+00  0.000E+00 -0.405E+04  0.000E+00  0.000E+00  0.000E+00  0.457E+03  0.000E+00  0.000E+00  0.000E+00  0.000E+00  0.000E+00  0.000E+00
       180.0000  0.000E+00  0.000E+00  0.000E+00  0.000E+00 -0.405E+04  0.000E+00  0.000E+00  0.000E+00  0.457E+03  0.000E+00  0.000E+00  0.000E+00  0.000E+00  0.000E+00  0.000E+00
       195.0000  0.000E+00  0.000E+00  0.000E+00  0.000E+00 -0.405E+04  0.000E+00  0.000E+00  0.000E+00  0.458E+03  0.000E+00  0.000E+00  0.000E+00  0.000E+00  0.000E+00  0.000E+00
       217.5000  0.000E+00  0.000E+00  0.000E+00  0.000E+00 -0.405E+04  0.000E+00  0.000E+00  0.000E+00  0.458E+03  0.000E+00  0.000E+00  0.000E+00  0.000E+00  0.000E+00  0.000E+00
       240.0000  0.000E+00  0.000E+00  0.000E+00  0.000E+00 -0.405E+04  0.000E+00  0.000E+00  0.000E+00  0.458E+03  0.000E+00  0.000E+00  0.000E+00  0.000E+00  0.000E+00  0.000E+00
       268.8889  0.000E+00  0.000E+00  0.000E+00  0.000E+00 -0.405E+04  0.000E+00  0.000E+00  0.000E+00  0.459E+03  0.000E+00  0.000E+00  0.000E+00  0.000E+00  0.000E+00  0.000E+00
       307.4074  0.000E+00  0.000E+00  0.000E+00  0.000E+00 -0.405E+04  0.000E+00  0.000E+00  0.000E+00  0.459E+03  0.000E+00  0.000E+00  0.000E+00  0.000E+00  0.000E+00  0.000E+00
       355.5556  0.000E+00  0.000E+00  0.000E+00  0.000E+00 -0.405E+04  0.000E+00  0.000E+00  0.000E+00  0.460E+03  0.000E+00  0.000E+00  0.000E+00  0.000E+00  0.000E+00  0.000E+00
       427.7778  0.000E+00  0.000E+00  0.000E+00  0.000E+00 -0.405E+04  0.000E+00  0.000E+00  0.000E+00  0.460E+03  0.000E+00  0.000E+00  0.000E+00  0.000E+00  0.000E+00  0.000E+00
       500.0000  0.000E+00  0.000E+00  0.000E+00  0.000E+00 -0.405E+04  0.000E+00  0.000E+00  0.000E+00  0.461E+03  0.000E+00  0.000E+00  0.000E+00  0.000E+00  0.000E+00  0.000E+00
       573.3333  0.000E+00  0.000E+00  0.000E+00  0.000E+00 -0.405E+04  0.000E+00  0.000E+00  0.000E+00  0.461E+03  0.000E+00  0.000E+00  0.000E+00  0.000E+00  0.000E+00  0.000E+00
       720.0000  0.000E+00  0.000E+00  0.000E+00  0.000E+00 -0.405E+04  0.000E+00  0.000E+00  0.000E+00  0.463E+03  0.000E+00  0.000E+00  0.000E+00  0.000E+00  0.000E+00  0.000E+00
       864.0000  0.000E+00  0.000E+00  0.000E+00  0.000E+00 -0.405E+04  0.000E+00  0.000E+00  0.000E+00  0.464E+03  0.000E+00  0.000E+00  0.000E+00  0.000E+00  0.000E+00  0.000E+00
      1056.0000  0.000E+00  0.000E+00  0.000E+00  0.000E+00 -0.405E+04  0.000E+00  0.000E+00  0.000E+00  0.465E+03  0.000E+00  0.000E+00  0.000E+00  0.000E+00  0.000E+00  0.000E+00
      1248.0000  0.000E+00  0.000E+00  0.000E+00  0.000E+00 -0.405E+04  0.000E+00  0.000E+00  0.000E+00  0.466E+03  0.000E+00  0.000E+00  0.000E+00  0.000E+00  0.000E+00  0.000E+00
      1440.0000  0.000E+00  0.000E+00  0.000E+00  0.000E+00 -0.405E+04  0.000E+00  0.000E+00  0.000E+00  0.467E+03  0.000E+00  0.000E+00  0.000E+00  0.000E+00  0.000E+00  0.000E+00
      1800.0000  0.000E+00  0.000E+00  0.000E+00  0.000E+00 -0.405E+04  0.000E+00  0.000E+00  0.000E+00  0.468E+03  0.000E+00  0.000E+00  0.000E+00  0.000E+00  0.000E+00  0.000E+00
      2160.0000  0.000E+00  0.000E+00  0.000E+00  0.000E+00 -0.405E+04  0.000E+00  0.000E+00  0.000E+00  0.470E+03  0.000E+00  0.000E+00  0.000E+00  0.000E+00  0.000E+00  0.000E+00
      2520.0000  0.000E+00  0.000E+00  0.000E+00  0.000E+00 -0.405E+04  0.000E+00  0.000E+00  0.000E+00  0.471E+03  0.000E+00  0.000E+00  0.000E+00  0.000E+00  0.000E+00  0.000E+00
      2880.0000  0.000E+00  0.000E+00  0.000E+00  0.000E+00 -0.405E+04  0.000E+00  0.000E+00  0.000E+00  0.472E+03  0.000E+00  0.000E+00  0.000E+00  0.000E+00  0.000E+00  0.000E+00
end
