 Welcome to HYDRUS                                                       
 
 Program HYDRUS3
 Date:   6. 2.2018    Time:  14:37:12
 Time dependent boundary conditions
 
 Units: L = cm   , T = min  , M = mmol 
 

----------------------------------------------------------
 Time       [T] 0.00000000E+00
----------------------------------------------------------
 Sub-region num.                     1
----------------------------------------------------------
 Volume  [L3]        0.87411E+06  0.87411E+06
 VolumeW [L3]        0.18377E+06  0.18387E+06
 InFlow  [L3/T]      0.00000E+00  0.00000E+00
 hMean   [L]        -0.10221E+02      -10.221
----------------------------------------------------------

----------------------------------------------------------
 Time       [T]       15.0000
----------------------------------------------------------
 Sub-region num.                     1
----------------------------------------------------------
 Volume  [L3]        0.87411E+06  0.87411E+06
 VolumeW [L3]        0.18385E+06  0.18387E+06
 InFlow  [L3/T]      0.51294E+01  0.51294E+01
 hMean   [L]        -0.10229E+02      -10.229
 WatBalT [L3]        0.20785E+01
 WatBalR [%]               0.100
----------------------------------------------------------

----------------------------------------------------------
 Time       [T]       60.0000
----------------------------------------------------------
 Sub-region num.                     1
----------------------------------------------------------
 Volume  [L3]        0.87411E+06  0.87411E+06
 VolumeW [L3]        0.18407E+06  0.18391E+06
 InFlow  [L3/T]      0.48829E+01  0.48829E+01
 hMean   [L]        -0.10262E+02      -10.262
 WatBalT [L3]        0.71151E+01
 WatBalR [%]               0.085
----------------------------------------------------------

----------------------------------------------------------
 Time       [T]      120.0000
----------------------------------------------------------
 Sub-region num.                     1
----------------------------------------------------------
 Volume  [L3]        0.87411E+06  0.87411E+06
 VolumeW [L3]        0.18437E+06  0.18421E+06
 InFlow  [L3/T]      0.49120E+01  0.49120E+01
 hMean   [L]        -0.10306E+02      -10.306
 WatBalT [L3]        0.13216E+02
 WatBalR [%]               0.079
----------------------------------------------------------

----------------------------------------------------------
 Time       [T]      180.0000
----------------------------------------------------------
 Sub-region num.                     1
----------------------------------------------------------
 Volume  [L3]        0.87411E+06  0.87411E+06
 VolumeW [L3]        0.18467E+06  0.18460E+06
 InFlow  [L3/T]      0.51120E+01  0.51120E+01
 hMean   [L]        -0.10344E+02      -10.344
 WatBalT [L3]        0.25230E+02
 WatBalR [%]               0.101
----------------------------------------------------------

----------------------------------------------------------
 Time       [T]      360.0000
----------------------------------------------------------
 Sub-region num.                     1
----------------------------------------------------------
 Volume  [L3]        0.87411E+06  0.87411E+06
 VolumeW [L3]        0.17148E+06  0.17141E+06
 InFlow  [L3/T]     -0.97881E+02 -0.97881E+02
 hMean   [L]        -0.11299E+02      -11.299
 WatBalT [L3]        0.36423E+02
 WatBalR [%]               0.095
----------------------------------------------------------

----------------------------------------------------------
 Time       [T]      720.0000
----------------------------------------------------------
 Sub-region num.                     1
----------------------------------------------------------
 Volume  [L3]        0.87411E+06  0.87411E+06
 VolumeW [L3]        0.14485E+06  0.14479E+06
 InFlow  [L3/T]     -0.61737E+02 -0.61737E+02
 hMean   [L]        -0.13464E+02      -13.464
 WatBalT [L3]        0.65245E+02
 WatBalR [%]               0.101
----------------------------------------------------------

----------------------------------------------------------
 Time       [T]     1440.0000
----------------------------------------------------------
 Sub-region num.                     1
----------------------------------------------------------
 Volume  [L3]        0.87411E+06  0.87411E+06
 VolumeW [L3]        0.12041E+06  0.12037E+06
 InFlow  [L3/T]     -0.22840E+02 -0.22840E+02
 hMean   [L]        -0.16120E+02      -16.120
 WatBalT [L3]        0.12433E+03
 WatBalR [%]               0.139
----------------------------------------------------------
 
 Calculation time [sec]   209.749999992549     
