 Welcome to HYDRUS                                                       
 
 Program HYDRUS3
 Date:   6. 2.2018    Time:  14:37:12
 Time dependent boundary conditions
 
 Units: L = cm   , T = min  , M = mmol 
 

 Max. number of iterations             10
 Absolute water content tolerance [-] 0.00100
 Absolute pressure head tolerance [L] 1.00000



MatNum, Param. array:

   Mat     Qr     Qs        Alfa         n          Ks      l

    1    0.045  0.430   0.145E+00   0.268E+01   0.495E+00  0.500

       Table of Hydraulic Properties which are interpolated in simulation
       =================================================================

  theta         h        log h        C             K        log K          S
 
  0.4300  -0.100E-03 -0.4000E+01  0.6970E-09  0.4950E+00 -0.3054E+00    1.0000
  0.4300  -0.120E-03 -0.3919E+01  0.9528E-09  0.4950E+00 -0.3054E+00    1.0000
  0.4300  -0.145E-03 -0.3838E+01  0.1302E-08  0.4950E+00 -0.3054E+00    1.0000
  0.4300  -0.175E-03 -0.3758E+01  0.1780E-08  0.4950E+00 -0.3054E+00    1.0000
  0.4300  -0.210E-03 -0.3677E+01  0.2434E-08  0.4950E+00 -0.3054E+00    1.0000
  0.4300  -0.254E-03 -0.3596E+01  0.3327E-08  0.4950E+00 -0.3054E+00    1.0000
  0.4300  -0.305E-03 -0.3515E+01  0.4548E-08  0.4950E+00 -0.3054E+00    1.0000
  0.4300  -0.368E-03 -0.3434E+01  0.6216E-08  0.4950E+00 -0.3054E+00    1.0000
  0.4300  -0.443E-03 -0.3354E+01  0.8498E-08  0.4950E+00 -0.3054E+00    1.0000
  0.4300  -0.534E-03 -0.3273E+01  0.1162E-07  0.4950E+00 -0.3054E+00    1.0000
  0.4300  -0.643E-03 -0.3192E+01  0.1588E-07  0.4950E+00 -0.3054E+00    1.0000
  0.4300  -0.774E-03 -0.3111E+01  0.2171E-07  0.4950E+00 -0.3054E+00    1.0000
  0.4300  -0.933E-03 -0.3030E+01  0.2967E-07  0.4950E+00 -0.3054E+00    1.0000
  0.4300  -0.112E-02 -0.2949E+01  0.4056E-07  0.4950E+00 -0.3054E+00    1.0000
  0.4300  -0.135E-02 -0.2869E+01  0.5544E-07  0.4950E+00 -0.3054E+00    1.0000
  0.4300  -0.163E-02 -0.2788E+01  0.7579E-07  0.4950E+00 -0.3054E+00    1.0000
  0.4300  -0.196E-02 -0.2707E+01  0.1036E-06  0.4950E+00 -0.3054E+00    1.0000
  0.4300  -0.236E-02 -0.2626E+01  0.1416E-06  0.4950E+00 -0.3054E+00    1.0000
  0.4300  -0.285E-02 -0.2545E+01  0.1936E-06  0.4950E+00 -0.3054E+00    1.0000
  0.4300  -0.343E-02 -0.2465E+01  0.2646E-06  0.4950E+00 -0.3054E+00    1.0000
  0.4300  -0.413E-02 -0.2384E+01  0.3617E-06  0.4950E+00 -0.3054E+00    1.0000
  0.4300  -0.498E-02 -0.2303E+01  0.4945E-06  0.4950E+00 -0.3054E+00    1.0000
  0.4300  -0.599E-02 -0.2222E+01  0.6759E-06  0.4950E+00 -0.3054E+00    1.0000
  0.4300  -0.722E-02 -0.2141E+01  0.9240E-06  0.4950E+00 -0.3054E+00    1.0000
  0.4300  -0.870E-02 -0.2061E+01  0.1263E-05  0.4950E+00 -0.3054E+00    1.0000
  0.4300  -0.105E-01 -0.1980E+01  0.1727E-05  0.4950E+00 -0.3054E+00    1.0000
  0.4300  -0.126E-01 -0.1899E+01  0.2360E-05  0.4950E+00 -0.3054E+00    1.0000
  0.4300  -0.152E-01 -0.1818E+01  0.3226E-05  0.4950E+00 -0.3054E+00    1.0000
  0.4300  -0.183E-01 -0.1737E+01  0.4410E-05  0.4950E+00 -0.3054E+00    1.0000
  0.4300  -0.221E-01 -0.1657E+01  0.6028E-05  0.4949E+00 -0.3055E+00    1.0000
  0.4300  -0.266E-01 -0.1576E+01  0.8241E-05  0.4949E+00 -0.3055E+00    1.0000
  0.4300  -0.320E-01 -0.1495E+01  0.1126E-04  0.4949E+00 -0.3055E+00    1.0000
  0.4300  -0.385E-01 -0.1414E+01  0.1540E-04  0.4948E+00 -0.3055E+00    1.0000
  0.4300  -0.464E-01 -0.1333E+01  0.2105E-04  0.4948E+00 -0.3056E+00    1.0000
  0.4300  -0.559E-01 -0.1253E+01  0.2877E-04  0.4947E+00 -0.3057E+00    1.0000
  0.4300  -0.673E-01 -0.1172E+01  0.3933E-04  0.4946E+00 -0.3058E+00    1.0000
  0.4300  -0.811E-01 -0.1091E+01  0.5377E-04  0.4944E+00 -0.3059E+00    1.0000
  0.4300  -0.977E-01 -0.1010E+01  0.7350E-04  0.4942E+00 -0.3061E+00    1.0000
  0.4300  -0.118E+00 -0.9293E+00  0.1005E-03  0.4939E+00 -0.3063E+00    1.0000
  0.4300  -0.142E+00 -0.8485E+00  0.1373E-03  0.4935E+00 -0.3067E+00    1.0000
  0.4300  -0.171E+00 -0.7677E+00  0.1877E-03  0.4930E+00 -0.3071E+00    1.0000
  0.4300  -0.206E+00 -0.6869E+00  0.2566E-03  0.4923E+00 -0.3078E+00    0.9999
  0.4300  -0.248E+00 -0.6061E+00  0.3507E-03  0.4913E+00 -0.3087E+00    0.9999
  0.4299  -0.298E+00 -0.5253E+00  0.4794E-03  0.4899E+00 -0.3099E+00    0.9999
  0.4299  -0.359E+00 -0.4444E+00  0.6551E-03  0.4881E+00 -0.3115E+00    0.9998
  0.4299  -0.433E+00 -0.3636E+00  0.8952E-03  0.4855E+00 -0.3138E+00    0.9996
  0.4298  -0.521E+00 -0.2828E+00  0.1223E-02  0.4820E+00 -0.3169E+00    0.9994
  0.4296  -0.628E+00 -0.2020E+00  0.1670E-02  0.4773E+00 -0.3212E+00    0.9990
  0.4294  -0.756E+00 -0.1212E+00  0.2279E-02  0.4708E+00 -0.3272E+00    0.9983
  0.4289  -0.911E+00 -0.4040E-01  0.3106E-02  0.4620E+00 -0.3354E+00    0.9972
  0.4283  -0.110E+01  0.4040E-01  0.4227E-02  0.4501E+00 -0.3467E+00    0.9955
  0.4271  -0.132E+01  0.1212E+00  0.5734E-02  0.4340E+00 -0.3625E+00    0.9926
  0.4253  -0.159E+01  0.2020E+00  0.7742E-02  0.4126E+00 -0.3844E+00    0.9879
  0.4224  -0.192E+01  0.2828E+00  0.1037E-01  0.3846E+00 -0.4150E+00    0.9802
  0.4177  -0.231E+01  0.3636E+00  0.1372E-01  0.3485E+00 -0.4579E+00    0.9680
  0.4102  -0.278E+01  0.4444E+00  0.1780E-01  0.3036E+00 -0.5177E+00    0.9486
  0.3987  -0.335E+01  0.5253E+00  0.2240E-01  0.2505E+00 -0.6012E+00    0.9188
  0.3818  -0.404E+01  0.6061E+00  0.2695E-01  0.1922E+00 -0.7164E+00    0.8747
  0.3579  -0.486E+01  0.6869E+00  0.3044E-01  0.1341E+00 -0.8726E+00    0.8128
  0.3268  -0.586E+01  0.7677E+00  0.3170E-01  0.8341E-01 -0.1079E+01    0.7319
  0.2895  -0.705E+01  0.8485E+00  0.3000E-01  0.4564E-01 -0.1341E+01    0.6352
  0.2492  -0.850E+01  0.9293E+00  0.2569E-01  0.2195E-01 -0.1659E+01    0.5304
  0.2095  -0.102E+02  0.1010E+01  0.2005E-01  0.9393E-02 -0.2027E+01    0.4274
  0.1737  -0.123E+02  0.1091E+01  0.1448E-01  0.3655E-02 -0.2437E+01    0.3343
  0.1434  -0.148E+02  0.1172E+01  0.9871E-02  0.1324E-02 -0.2878E+01    0.2556
  0.1191  -0.179E+02  0.1253E+01  0.6456E-02  0.4567E-03 -0.3340E+01    0.1924
  0.1002  -0.215E+02  0.1333E+01  0.4109E-02  0.1524E-03 -0.3817E+01    0.1433
  0.0858  -0.260E+02  0.1414E+01  0.2569E-02  0.4977E-04 -0.4303E+01    0.1060
  0.0751  -0.313E+02  0.1495E+01  0.1589E-02  0.1604E-04 -0.4795E+01    0.0781
  0.0671  -0.376E+02  0.1576E+01  0.9755E-03  0.5127E-05 -0.5290E+01    0.0574
  0.0612  -0.453E+02  0.1657E+01  0.5964E-03  0.1631E-05 -0.5788E+01    0.0421
  0.0569  -0.546E+02  0.1737E+01  0.3637E-03  0.5170E-06 -0.6287E+01    0.0308
  0.0537  -0.658E+02  0.1818E+01  0.2214E-03  0.1636E-06 -0.6786E+01    0.0226
  0.0514  -0.792E+02  0.1899E+01  0.1347E-03  0.5170E-07 -0.7286E+01    0.0165
  0.0497  -0.955E+02  0.1980E+01  0.8188E-04  0.1633E-07 -0.7787E+01    0.0121
  0.0484  -0.115E+03  0.2061E+01  0.4976E-04  0.5155E-08 -0.8288E+01    0.0088
  0.0475  -0.138E+03  0.2141E+01  0.3023E-04  0.1627E-08 -0.8789E+01    0.0065
  0.0468  -0.167E+03  0.2222E+01  0.1836E-04  0.5135E-09 -0.9289E+01    0.0047
  0.0463  -0.201E+03  0.2303E+01  0.1115E-04  0.1620E-09 -0.9790E+01    0.0035
  0.0460  -0.242E+03  0.2384E+01  0.6775E-05  0.5112E-10 -0.1029E+02    0.0025
  0.0457  -0.292E+03  0.2465E+01  0.4115E-05  0.1613E-10 -0.1079E+02    0.0019
  0.0455  -0.351E+03  0.2545E+01  0.2499E-05  0.5089E-11 -0.1129E+02    0.0014
  0.0454  -0.423E+03  0.2626E+01  0.1518E-05  0.1606E-11 -0.1179E+02    0.0010
  0.0453  -0.509E+03  0.2707E+01  0.9220E-06  0.5066E-12 -0.1230E+02    0.0007
  0.0452  -0.614E+03  0.2788E+01  0.5600E-06  0.1598E-12 -0.1280E+02    0.0005
  0.0451  -0.739E+03  0.2869E+01  0.3401E-06  0.5042E-13 -0.1330E+02    0.0004
  0.0451  -0.890E+03  0.2949E+01  0.2065E-06  0.1591E-13 -0.1380E+02    0.0003
  0.0451  -0.107E+04  0.3030E+01  0.1254E-06  0.5019E-14 -0.1430E+02    0.0002
  0.0451  -0.129E+04  0.3111E+01  0.7619E-07  0.1583E-14 -0.1480E+02    0.0002
  0.0450  -0.156E+04  0.3192E+01  0.4627E-07  0.4995E-15 -0.1530E+02    0.0001
  0.0450  -0.187E+04  0.3273E+01  0.2810E-07  0.1576E-15 -0.1580E+02    0.0001
  0.0450  -0.226E+04  0.3354E+01  0.1707E-07  0.4972E-16 -0.1630E+02    0.0001
  0.0450  -0.272E+04  0.3434E+01  0.1037E-07  0.1569E-16 -0.1680E+02    0.0000
  0.0450  -0.327E+04  0.3515E+01  0.6296E-08  0.4949E-17 -0.1731E+02    0.0000
  0.0450  -0.394E+04  0.3596E+01  0.3824E-08  0.1561E-17 -0.1781E+02    0.0000
  0.0450  -0.475E+04  0.3677E+01  0.2322E-08  0.4926E-18 -0.1831E+02    0.0000
  0.0450  -0.572E+04  0.3758E+01  0.1410E-08  0.1554E-18 -0.1881E+02    0.0000
  0.0450  -0.689E+04  0.3838E+01  0.8566E-09  0.4903E-19 -0.1931E+02    0.0000
  0.0450  -0.830E+04  0.3919E+01  0.5203E-09  0.1547E-19 -0.1981E+02    0.0000
  0.0450  -0.100E+05  0.4000E+01  0.3160E-09  0.4881E-20 -0.2031E+02    0.0000
end
