 FileVersion=0003
 Welcome to HYDRUS                                                       
 
 Program HYDRUS3
 Date:   6. 2.2018    Time:  14:37:12
 Time dependent boundary conditions
 
 Units: L = cm   , T = min  , M = mmol 
 
 All cumulative fluxes (CumQ) are positive out of the region
          Time     CumQAP      CumQRP     CumQA      CumQR     CumQ3       CumQ1      CumQS      CumQ5      CumQ6      CumQ7      CumQ8      CumQ9     CRunOff    cEvapor   cInfiltr
           [T]      [L3]        [L3]       [L3]       [L3]      [L3]        [L3]       [L3]       [L3]       [L3]       [L3]       [L3]       [L3]       [L3]       [L3]       [L3]

         0.0010  0.000E+00  0.000E+00  0.000E+00  0.000E+00 -0.718E-01  0.000E+00  0.000E+00  0.000E+00  0.669E-01  0.000E+00  0.000E+00  0.000E+00  0.000E+00  0.000E+00  0.000E+00
         0.0020  0.000E+00  0.000E+00  0.000E+00  0.000E+00 -0.144E+00  0.000E+00  0.000E+00  0.000E+00  0.134E+00  0.000E+00  0.000E+00  0.000E+00  0.000E+00  0.000E+00  0.000E+00
         0.0033  0.000E+00  0.000E+00  0.000E+00  0.000E+00 -0.237E+00  0.000E+00  0.000E+00  0.000E+00  0.221E+00  0.000E+00  0.000E+00  0.000E+00  0.000E+00  0.000E+00  0.000E+00
         0.0050  0.000E+00  0.000E+00  0.000E+00  0.000E+00 -0.358E+00  0.000E+00  0.000E+00  0.000E+00  0.334E+00  0.000E+00  0.000E+00  0.000E+00  0.000E+00  0.000E+00  0.000E+00
         0.0072  0.000E+00  0.000E+00  0.000E+00  0.000E+00 -0.516E+00  0.000E+00  0.000E+00  0.000E+00  0.481E+00  0.000E+00  0.000E+00  0.000E+00  0.000E+00  0.000E+00  0.000E+00
         0.0100  0.000E+00  0.000E+00  0.000E+00  0.000E+00 -0.721E+00  0.000E+00  0.000E+00  0.000E+00  0.672E+00  0.000E+00  0.000E+00  0.000E+00  0.000E+00  0.000E+00  0.000E+00
         0.0138  0.000E+00  0.000E+00  0.000E+00  0.000E+00 -0.987E+00  0.000E+00  0.000E+00  0.000E+00  0.920E+00  0.000E+00  0.000E+00  0.000E+00  0.000E+00  0.000E+00  0.000E+00
         0.0186  0.000E+00  0.000E+00  0.000E+00  0.000E+00 -0.133E+01  0.000E+00  0.000E+00  0.000E+00  0.124E+01  0.000E+00  0.000E+00  0.000E+00  0.000E+00  0.000E+00  0.000E+00
         0.0234  0.000E+00  0.000E+00  0.000E+00  0.000E+00 -0.168E+01  0.000E+00  0.000E+00  0.000E+00  0.157E+01  0.000E+00  0.000E+00  0.000E+00  0.000E+00  0.000E+00  0.000E+00
         0.0297  0.000E+00  0.000E+00  0.000E+00  0.000E+00 -0.213E+01  0.000E+00  0.000E+00  0.000E+00  0.199E+01  0.000E+00  0.000E+00  0.000E+00  0.000E+00  0.000E+00  0.000E+00
         0.0360  0.000E+00  0.000E+00  0.000E+00  0.000E+00 -0.258E+01  0.000E+00  0.000E+00  0.000E+00  0.241E+01  0.000E+00  0.000E+00  0.000E+00  0.000E+00  0.000E+00  0.000E+00
         0.0441  0.000E+00  0.000E+00  0.000E+00  0.000E+00 -0.317E+01  0.000E+00  0.000E+00  0.000E+00  0.295E+01  0.000E+00  0.000E+00  0.000E+00  0.000E+00  0.000E+00  0.000E+00
         0.0547  0.000E+00  0.000E+00  0.000E+00  0.000E+00 -0.393E+01  0.000E+00  0.000E+00  0.000E+00  0.366E+01  0.000E+00  0.000E+00  0.000E+00  0.000E+00  0.000E+00  0.000E+00
         0.0685  0.000E+00  0.000E+00  0.000E+00  0.000E+00 -0.492E+01  0.000E+00  0.000E+00  0.000E+00  0.458E+01  0.000E+00  0.000E+00  0.000E+00  0.000E+00  0.000E+00  0.000E+00
         0.0823  0.000E+00  0.000E+00  0.000E+00  0.000E+00 -0.591E+01  0.000E+00  0.000E+00  0.000E+00  0.551E+01  0.000E+00  0.000E+00  0.000E+00  0.000E+00  0.000E+00  0.000E+00
         0.0961  0.000E+00  0.000E+00  0.000E+00  0.000E+00 -0.689E+01  0.000E+00  0.000E+00  0.000E+00  0.643E+01  0.000E+00  0.000E+00  0.000E+00  0.000E+00  0.000E+00  0.000E+00
         0.1099  0.000E+00  0.000E+00  0.000E+00  0.000E+00 -0.788E+01  0.000E+00  0.000E+00  0.000E+00  0.735E+01  0.000E+00  0.000E+00  0.000E+00  0.000E+00  0.000E+00  0.000E+00
         0.1237  0.000E+00  0.000E+00  0.000E+00  0.000E+00 -0.887E+01  0.000E+00  0.000E+00  0.000E+00  0.827E+01  0.000E+00  0.000E+00  0.000E+00  0.000E+00  0.000E+00  0.000E+00
         0.1416  0.000E+00  0.000E+00  0.000E+00  0.000E+00 -0.102E+02  0.000E+00  0.000E+00  0.000E+00  0.947E+01  0.000E+00  0.000E+00  0.000E+00  0.000E+00  0.000E+00  0.000E+00
         0.1595  0.000E+00  0.000E+00  0.000E+00  0.000E+00 -0.114E+02  0.000E+00  0.000E+00  0.000E+00  0.107E+02  0.000E+00  0.000E+00  0.000E+00  0.000E+00  0.000E+00  0.000E+00
         0.1774  0.000E+00  0.000E+00  0.000E+00  0.000E+00 -0.127E+02  0.000E+00  0.000E+00  0.000E+00  0.119E+02  0.000E+00  0.000E+00  0.000E+00  0.000E+00  0.000E+00  0.000E+00
         0.1953  0.000E+00  0.000E+00  0.000E+00  0.000E+00 -0.140E+02  0.000E+00  0.000E+00  0.000E+00  0.131E+02  0.000E+00  0.000E+00  0.000E+00  0.000E+00  0.000E+00  0.000E+00
         0.2186  0.000E+00  0.000E+00  0.000E+00  0.000E+00 -0.157E+02  0.000E+00  0.000E+00  0.000E+00  0.146E+02  0.000E+00  0.000E+00  0.000E+00  0.000E+00  0.000E+00  0.000E+00
         0.2419  0.000E+00  0.000E+00  0.000E+00  0.000E+00 -0.174E+02  0.000E+00  0.000E+00  0.000E+00  0.162E+02  0.000E+00  0.000E+00  0.000E+00  0.000E+00  0.000E+00  0.000E+00
         0.2722  0.000E+00  0.000E+00  0.000E+00  0.000E+00 -0.195E+02  0.000E+00  0.000E+00  0.000E+00  0.182E+02  0.000E+00  0.000E+00  0.000E+00  0.000E+00  0.000E+00  0.000E+00
         0.3025  0.000E+00  0.000E+00  0.000E+00  0.000E+00 -0.217E+02  0.000E+00  0.000E+00  0.000E+00  0.202E+02  0.000E+00  0.000E+00  0.000E+00  0.000E+00  0.000E+00  0.000E+00
         0.3328  0.000E+00  0.000E+00  0.000E+00  0.000E+00 -0.239E+02  0.000E+00  0.000E+00  0.000E+00  0.223E+02  0.000E+00  0.000E+00  0.000E+00  0.000E+00  0.000E+00  0.000E+00
         0.3631  0.000E+00  0.000E+00  0.000E+00  0.000E+00 -0.261E+02  0.000E+00  0.000E+00  0.000E+00  0.243E+02  0.000E+00  0.000E+00  0.000E+00  0.000E+00  0.000E+00  0.000E+00
         0.4025  0.000E+00  0.000E+00  0.000E+00  0.000E+00 -0.289E+02  0.000E+00  0.000E+00  0.000E+00  0.269E+02  0.000E+00  0.000E+00  0.000E+00  0.000E+00  0.000E+00  0.000E+00
         0.4418  0.000E+00  0.000E+00  0.000E+00  0.000E+00 -0.317E+02  0.000E+00  0.000E+00  0.000E+00  0.296E+02  0.000E+00  0.000E+00  0.000E+00  0.000E+00  0.000E+00  0.000E+00
         0.4812  0.000E+00  0.000E+00  0.000E+00  0.000E+00 -0.345E+02  0.000E+00  0.000E+00  0.000E+00  0.322E+02  0.000E+00  0.000E+00  0.000E+00  0.000E+00  0.000E+00  0.000E+00
         0.5324  0.000E+00  0.000E+00  0.000E+00  0.000E+00 -0.382E+02  0.000E+00  0.000E+00  0.000E+00  0.356E+02  0.000E+00  0.000E+00  0.000E+00  0.000E+00  0.000E+00  0.000E+00
         0.5836  0.000E+00  0.000E+00  0.000E+00  0.000E+00 -0.419E+02  0.000E+00  0.000E+00  0.000E+00  0.390E+02  0.000E+00  0.000E+00  0.000E+00  0.000E+00  0.000E+00  0.000E+00
         0.6348  0.000E+00  0.000E+00  0.000E+00  0.000E+00 -0.455E+02  0.000E+00  0.000E+00  0.000E+00  0.425E+02  0.000E+00  0.000E+00  0.000E+00  0.000E+00  0.000E+00  0.000E+00
         0.6859  0.000E+00  0.000E+00  0.000E+00  0.000E+00 -0.492E+02  0.000E+00  0.000E+00  0.000E+00  0.459E+02  0.000E+00  0.000E+00  0.000E+00  0.000E+00  0.000E+00  0.000E+00
         0.7525  0.000E+00  0.000E+00  0.000E+00  0.000E+00 -0.540E+02  0.000E+00  0.000E+00  0.000E+00  0.503E+02  0.000E+00  0.000E+00  0.000E+00  0.000E+00  0.000E+00  0.000E+00
         0.8190  0.000E+00  0.000E+00  0.000E+00  0.000E+00 -0.588E+02  0.000E+00  0.000E+00  0.000E+00  0.548E+02  0.000E+00  0.000E+00  0.000E+00  0.000E+00  0.000E+00  0.000E+00
         0.8856  0.000E+00  0.000E+00  0.000E+00  0.000E+00 -0.635E+02  0.000E+00  0.000E+00  0.000E+00  0.593E+02  0.000E+00  0.000E+00  0.000E+00  0.000E+00  0.000E+00  0.000E+00
         0.9521  0.000E+00  0.000E+00  0.000E+00  0.000E+00 -0.683E+02  0.000E+00  0.000E+00  0.000E+00  0.637E+02  0.000E+00  0.000E+00  0.000E+00  0.000E+00  0.000E+00  0.000E+00
         1.0386  0.000E+00  0.000E+00  0.000E+00  0.000E+00 -0.745E+02  0.000E+00  0.000E+00  0.000E+00  0.695E+02  0.000E+00  0.000E+00  0.000E+00  0.000E+00  0.000E+00  0.000E+00
         1.1251  0.000E+00  0.000E+00  0.000E+00  0.000E+00 -0.807E+02  0.000E+00  0.000E+00  0.000E+00  0.753E+02  0.000E+00  0.000E+00  0.000E+00  0.000E+00  0.000E+00  0.000E+00
         1.2116  0.000E+00  0.000E+00  0.000E+00  0.000E+00 -0.869E+02  0.000E+00  0.000E+00  0.000E+00  0.811E+02  0.000E+00  0.000E+00  0.000E+00  0.000E+00  0.000E+00  0.000E+00
         1.2981  0.000E+00  0.000E+00  0.000E+00  0.000E+00 -0.932E+02  0.000E+00  0.000E+00  0.000E+00  0.869E+02  0.000E+00  0.000E+00  0.000E+00  0.000E+00  0.000E+00  0.000E+00
         1.3846  0.000E+00  0.000E+00  0.000E+00  0.000E+00 -0.994E+02  0.000E+00  0.000E+00  0.000E+00  0.926E+02  0.000E+00  0.000E+00  0.000E+00  0.000E+00  0.000E+00  0.000E+00
         1.4711  0.000E+00  0.000E+00  0.000E+00  0.000E+00 -0.106E+03  0.000E+00  0.000E+00  0.000E+00  0.984E+02  0.000E+00  0.000E+00  0.000E+00  0.000E+00  0.000E+00  0.000E+00
         1.5836  0.000E+00  0.000E+00  0.000E+00  0.000E+00 -0.114E+03  0.000E+00  0.000E+00  0.000E+00  0.106E+03  0.000E+00  0.000E+00  0.000E+00  0.000E+00  0.000E+00  0.000E+00
         1.6960  0.000E+00  0.000E+00  0.000E+00  0.000E+00 -0.122E+03  0.000E+00  0.000E+00  0.000E+00  0.113E+03  0.000E+00  0.000E+00  0.000E+00  0.000E+00  0.000E+00  0.000E+00
         1.8085  0.000E+00  0.000E+00  0.000E+00  0.000E+00 -0.130E+03  0.000E+00  0.000E+00  0.000E+00  0.121E+03  0.000E+00  0.000E+00  0.000E+00  0.000E+00  0.000E+00  0.000E+00
         1.9210  0.000E+00  0.000E+00  0.000E+00  0.000E+00 -0.138E+03  0.000E+00  0.000E+00  0.000E+00  0.129E+03  0.000E+00  0.000E+00  0.000E+00  0.000E+00  0.000E+00  0.000E+00
         2.0672  0.000E+00  0.000E+00  0.000E+00  0.000E+00 -0.148E+03  0.000E+00  0.000E+00  0.000E+00  0.138E+03  0.000E+00  0.000E+00  0.000E+00  0.000E+00  0.000E+00  0.000E+00
         2.2133  0.000E+00  0.000E+00  0.000E+00  0.000E+00 -0.159E+03  0.000E+00  0.000E+00  0.000E+00  0.148E+03  0.000E+00  0.000E+00  0.000E+00  0.000E+00  0.000E+00  0.000E+00
         2.3595  0.000E+00  0.000E+00  0.000E+00  0.000E+00 -0.169E+03  0.000E+00  0.000E+00  0.000E+00  0.158E+03  0.000E+00  0.000E+00  0.000E+00  0.000E+00  0.000E+00  0.000E+00
         2.5057  0.000E+00  0.000E+00  0.000E+00  0.000E+00 -0.180E+03  0.000E+00  0.000E+00  0.000E+00  0.168E+03  0.000E+00  0.000E+00  0.000E+00  0.000E+00  0.000E+00  0.000E+00
         2.6519  0.000E+00  0.000E+00  0.000E+00  0.000E+00 -0.190E+03  0.000E+00  0.000E+00  0.000E+00  0.177E+03  0.000E+00  0.000E+00  0.000E+00  0.000E+00  0.000E+00  0.000E+00
         2.8420  0.000E+00  0.000E+00  0.000E+00  0.000E+00 -0.204E+03  0.000E+00  0.000E+00  0.000E+00  0.190E+03  0.000E+00  0.000E+00  0.000E+00  0.000E+00  0.000E+00  0.000E+00
         3.0320  0.000E+00  0.000E+00  0.000E+00  0.000E+00 -0.218E+03  0.000E+00  0.000E+00  0.000E+00  0.203E+03  0.000E+00  0.000E+00  0.000E+00  0.000E+00  0.000E+00  0.000E+00
         3.2221  0.000E+00  0.000E+00  0.000E+00  0.000E+00 -0.231E+03  0.000E+00  0.000E+00  0.000E+00  0.216E+03  0.000E+00  0.000E+00  0.000E+00  0.000E+00  0.000E+00  0.000E+00
         3.4121  0.000E+00  0.000E+00  0.000E+00  0.000E+00 -0.245E+03  0.000E+00  0.000E+00  0.000E+00  0.228E+03  0.000E+00  0.000E+00  0.000E+00  0.000E+00  0.000E+00  0.000E+00
         3.6022  0.000E+00  0.000E+00  0.000E+00  0.000E+00 -0.258E+03  0.000E+00  0.000E+00  0.000E+00  0.241E+03  0.000E+00  0.000E+00  0.000E+00  0.000E+00  0.000E+00  0.000E+00
         3.8492  0.000E+00  0.000E+00  0.000E+00  0.000E+00 -0.276E+03  0.000E+00  0.000E+00  0.000E+00  0.258E+03  0.000E+00  0.000E+00  0.000E+00  0.000E+00  0.000E+00  0.000E+00
         4.0963  0.000E+00  0.000E+00  0.000E+00  0.000E+00 -0.294E+03  0.000E+00  0.000E+00  0.000E+00  0.274E+03  0.000E+00  0.000E+00  0.000E+00  0.000E+00  0.000E+00  0.000E+00
         4.3434  0.000E+00  0.000E+00  0.000E+00  0.000E+00 -0.312E+03  0.000E+00  0.000E+00  0.000E+00  0.291E+03  0.000E+00  0.000E+00  0.000E+00  0.000E+00  0.000E+00  0.000E+00
         4.5904  0.000E+00  0.000E+00  0.000E+00  0.000E+00 -0.329E+03  0.000E+00  0.000E+00  0.000E+00  0.307E+03  0.000E+00  0.000E+00  0.000E+00  0.000E+00  0.000E+00  0.000E+00
         4.9116  0.000E+00  0.000E+00  0.000E+00  0.000E+00 -0.352E+03  0.000E+00  0.000E+00  0.000E+00  0.329E+03  0.000E+00  0.000E+00  0.000E+00  0.000E+00  0.000E+00  0.000E+00
         5.2328  0.000E+00  0.000E+00  0.000E+00  0.000E+00 -0.375E+03  0.000E+00  0.000E+00  0.000E+00  0.350E+03  0.000E+00  0.000E+00  0.000E+00  0.000E+00  0.000E+00  0.000E+00
         5.5540  0.000E+00  0.000E+00  0.000E+00  0.000E+00 -0.399E+03  0.000E+00  0.000E+00  0.000E+00  0.372E+03  0.000E+00  0.000E+00  0.000E+00  0.000E+00  0.000E+00  0.000E+00
         5.8752  0.000E+00  0.000E+00  0.000E+00  0.000E+00 -0.422E+03  0.000E+00  0.000E+00  0.000E+00  0.393E+03  0.000E+00  0.000E+00  0.000E+00  0.000E+00  0.000E+00  0.000E+00
         6.1963  0.000E+00  0.000E+00  0.000E+00  0.000E+00 -0.445E+03  0.000E+00  0.000E+00  0.000E+00  0.415E+03  0.000E+00  0.000E+00  0.000E+00  0.000E+00  0.000E+00  0.000E+00
         6.6139  0.000E+00  0.000E+00  0.000E+00  0.000E+00 -0.475E+03  0.000E+00  0.000E+00  0.000E+00  0.443E+03  0.000E+00  0.000E+00  0.000E+00  0.000E+00  0.000E+00  0.000E+00
         7.0314  0.000E+00  0.000E+00  0.000E+00  0.000E+00 -0.505E+03  0.000E+00  0.000E+00  0.000E+00  0.470E+03  0.000E+00  0.000E+00  0.000E+00  0.000E+00  0.000E+00  0.000E+00
         7.4490  0.000E+00  0.000E+00  0.000E+00  0.000E+00 -0.535E+03  0.000E+00  0.000E+00  0.000E+00  0.498E+03  0.000E+00  0.000E+00  0.000E+00  0.000E+00  0.000E+00  0.000E+00
         7.8665  0.000E+00  0.000E+00  0.000E+00  0.000E+00 -0.564E+03  0.000E+00  0.000E+00  0.000E+00  0.526E+03  0.000E+00  0.000E+00  0.000E+00  0.000E+00  0.000E+00  0.000E+00
         8.2840  0.000E+00  0.000E+00  0.000E+00  0.000E+00 -0.594E+03  0.000E+00  0.000E+00  0.000E+00  0.554E+03  0.000E+00  0.000E+00  0.000E+00  0.000E+00  0.000E+00  0.000E+00
         8.7016  0.000E+00  0.000E+00  0.000E+00  0.000E+00 -0.624E+03  0.000E+00  0.000E+00  0.000E+00  0.582E+03  0.000E+00  0.000E+00  0.000E+00  0.000E+00  0.000E+00  0.000E+00
         9.2444  0.000E+00  0.000E+00  0.000E+00  0.000E+00 -0.663E+03  0.000E+00  0.000E+00  0.000E+00  0.619E+03  0.000E+00  0.000E+00  0.000E+00  0.000E+00  0.000E+00  0.000E+00
         9.7872  0.000E+00  0.000E+00  0.000E+00  0.000E+00 -0.702E+03  0.000E+00  0.000E+00  0.000E+00  0.655E+03  0.000E+00  0.000E+00  0.000E+00  0.000E+00  0.000E+00  0.000E+00
        10.3085  0.000E+00  0.000E+00  0.000E+00  0.000E+00 -0.740E+03  0.000E+00  0.000E+00  0.000E+00  0.690E+03  0.000E+00  0.000E+00  0.000E+00  0.000E+00  0.000E+00  0.000E+00
        10.8297  0.000E+00  0.000E+00  0.000E+00  0.000E+00 -0.777E+03  0.000E+00  0.000E+00  0.000E+00  0.725E+03  0.000E+00  0.000E+00  0.000E+00  0.000E+00  0.000E+00  0.000E+00
        11.5248  0.000E+00  0.000E+00  0.000E+00  0.000E+00 -0.827E+03  0.000E+00  0.000E+00  0.000E+00  0.771E+03  0.000E+00  0.000E+00  0.000E+00  0.000E+00  0.000E+00  0.000E+00
        12.2198  0.000E+00  0.000E+00  0.000E+00  0.000E+00 -0.877E+03  0.000E+00  0.000E+00  0.000E+00  0.818E+03  0.000E+00  0.000E+00  0.000E+00  0.000E+00  0.000E+00  0.000E+00
        12.9149  0.000E+00  0.000E+00  0.000E+00  0.000E+00 -0.927E+03  0.000E+00  0.000E+00  0.000E+00  0.864E+03  0.000E+00  0.000E+00  0.000E+00  0.000E+00  0.000E+00  0.000E+00
        13.6099  0.000E+00  0.000E+00  0.000E+00  0.000E+00 -0.977E+03  0.000E+00  0.000E+00  0.000E+00  0.911E+03  0.000E+00  0.000E+00  0.000E+00  0.000E+00  0.000E+00  0.000E+00
        14.3050  0.000E+00  0.000E+00  0.000E+00  0.000E+00 -0.103E+04  0.000E+00  0.000E+00  0.000E+00  0.957E+03  0.000E+00  0.000E+00  0.000E+00  0.000E+00  0.000E+00  0.000E+00
        15.0000  0.000E+00  0.000E+00  0.000E+00  0.000E+00 -0.108E+04  0.000E+00  0.000E+00  0.000E+00  0.100E+04  0.000E+00  0.000E+00  0.000E+00  0.000E+00  0.000E+00  0.000E+00
        15.9173  0.000E+00  0.000E+00  0.000E+00  0.000E+00 -0.114E+04  0.000E+00  0.000E+00  0.000E+00  0.106E+04  0.000E+00  0.000E+00  0.000E+00  0.000E+00  0.000E+00  0.000E+00
        16.8347  0.000E+00  0.000E+00  0.000E+00  0.000E+00 -0.121E+04  0.000E+00  0.000E+00  0.000E+00  0.113E+04  0.000E+00  0.000E+00  0.000E+00  0.000E+00  0.000E+00  0.000E+00
        17.7520  0.000E+00  0.000E+00  0.000E+00  0.000E+00 -0.127E+04  0.000E+00  0.000E+00  0.000E+00  0.119E+04  0.000E+00  0.000E+00  0.000E+00  0.000E+00  0.000E+00  0.000E+00
        18.6693  0.000E+00  0.000E+00  0.000E+00  0.000E+00 -0.134E+04  0.000E+00  0.000E+00  0.000E+00  0.125E+04  0.000E+00  0.000E+00  0.000E+00  0.000E+00  0.000E+00  0.000E+00
        19.8619  0.000E+00  0.000E+00  0.000E+00  0.000E+00 -0.143E+04  0.000E+00  0.000E+00  0.000E+00  0.133E+04  0.000E+00  0.000E+00  0.000E+00  0.000E+00  0.000E+00  0.000E+00
        21.0544  0.000E+00  0.000E+00  0.000E+00  0.000E+00 -0.151E+04  0.000E+00  0.000E+00  0.000E+00  0.141E+04  0.000E+00  0.000E+00  0.000E+00  0.000E+00  0.000E+00  0.000E+00
        22.2469  0.000E+00  0.000E+00  0.000E+00  0.000E+00 -0.160E+04  0.000E+00  0.000E+00  0.000E+00  0.149E+04  0.000E+00  0.000E+00  0.000E+00  0.000E+00  0.000E+00  0.000E+00
        23.4395  0.000E+00  0.000E+00  0.000E+00  0.000E+00 -0.168E+04  0.000E+00  0.000E+00  0.000E+00  0.157E+04  0.000E+00  0.000E+00  0.000E+00  0.000E+00  0.000E+00  0.000E+00
        24.9898  0.000E+00  0.000E+00  0.000E+00  0.000E+00 -0.179E+04  0.000E+00  0.000E+00  0.000E+00  0.167E+04  0.000E+00  0.000E+00  0.000E+00  0.000E+00  0.000E+00  0.000E+00
        26.5400  0.000E+00  0.000E+00  0.000E+00  0.000E+00 -0.190E+04  0.000E+00  0.000E+00  0.000E+00  0.178E+04  0.000E+00  0.000E+00  0.000E+00  0.000E+00  0.000E+00  0.000E+00
        28.0903  0.000E+00  0.000E+00  0.000E+00  0.000E+00 -0.202E+04  0.000E+00  0.000E+00  0.000E+00  0.188E+04  0.000E+00  0.000E+00  0.000E+00  0.000E+00  0.000E+00  0.000E+00
        29.6406  0.000E+00  0.000E+00  0.000E+00  0.000E+00 -0.213E+04  0.000E+00  0.000E+00  0.000E+00  0.198E+04  0.000E+00  0.000E+00  0.000E+00  0.000E+00  0.000E+00  0.000E+00
        31.6560  0.000E+00  0.000E+00  0.000E+00  0.000E+00 -0.227E+04  0.000E+00  0.000E+00  0.000E+00  0.212E+04  0.000E+00  0.000E+00  0.000E+00  0.000E+00  0.000E+00  0.000E+00
        33.6714  0.000E+00  0.000E+00  0.000E+00  0.000E+00 -0.242E+04  0.000E+00  0.000E+00  0.000E+00  0.225E+04  0.000E+00  0.000E+00  0.000E+00  0.000E+00  0.000E+00  0.000E+00
        35.6868  0.000E+00  0.000E+00  0.000E+00  0.000E+00 -0.256E+04  0.000E+00  0.000E+00  0.000E+00  0.239E+04  0.000E+00  0.000E+00  0.000E+00  0.000E+00  0.000E+00  0.000E+00
        38.3882  0.000E+00  0.000E+00  0.000E+00  0.000E+00 -0.275E+04  0.000E+00  0.000E+00  0.000E+00  0.257E+04  0.000E+00  0.000E+00  0.000E+00  0.000E+00  0.000E+00  0.000E+00
        41.0897  0.000E+00  0.000E+00  0.000E+00  0.000E+00 -0.295E+04  0.000E+00  0.000E+00  0.000E+00  0.275E+04  0.000E+00  0.000E+00  0.000E+00  0.000E+00  0.000E+00  0.000E+00
        43.7912  0.000E+00  0.000E+00  0.000E+00  0.000E+00 -0.314E+04  0.000E+00  0.000E+00  0.000E+00  0.293E+04  0.000E+00  0.000E+00  0.000E+00  0.000E+00  0.000E+00  0.000E+00
        47.0329  0.000E+00  0.000E+00  0.000E+00  0.000E+00 -0.338E+04  0.000E+00  0.000E+00  0.000E+00  0.315E+04  0.000E+00  0.000E+00  0.000E+00  0.000E+00  0.000E+00  0.000E+00
        51.3553  0.000E+00  0.000E+00  0.000E+00  0.000E+00 -0.369E+04  0.000E+00  0.000E+00  0.000E+00  0.344E+04  0.000E+00  0.000E+00  0.000E+00  0.000E+00  0.000E+00  0.000E+00
        55.6776  0.000E+00  0.000E+00  0.000E+00  0.000E+00 -0.400E+04  0.000E+00  0.000E+00  0.000E+00  0.373E+04  0.000E+00  0.000E+00  0.000E+00  0.000E+00  0.000E+00  0.000E+00
        60.0000  0.000E+00  0.000E+00  0.000E+00  0.000E+00 -0.431E+04  0.000E+00  0.000E+00  0.000E+00  0.401E+04  0.000E+00  0.000E+00  0.000E+00  0.000E+00  0.000E+00  0.000E+00
        64.4278  0.000E+00  0.000E+00  0.000E+00  0.000E+00 -0.462E+04  0.000E+00  0.000E+00  0.000E+00  0.431E+04  0.000E+00  0.000E+00  0.000E+00  0.000E+00  0.000E+00  0.000E+00
        69.9850  0.000E+00  0.000E+00  0.000E+00  0.000E+00 -0.502E+04  0.000E+00  0.000E+00  0.000E+00  0.468E+04  0.000E+00  0.000E+00  0.000E+00  0.000E+00  0.000E+00  0.000E+00
        75.5422  0.000E+00  0.000E+00  0.000E+00  0.000E+00 -0.542E+04  0.000E+00  0.000E+00  0.000E+00  0.505E+04  0.000E+00  0.000E+00  0.000E+00  0.000E+00  0.000E+00  0.000E+00
        81.0995  0.000E+00  0.000E+00  0.000E+00  0.000E+00 -0.582E+04  0.000E+00  0.000E+00  0.000E+00  0.543E+04  0.000E+00  0.000E+00  0.000E+00  0.000E+00  0.000E+00  0.000E+00
        86.6567  0.000E+00  0.000E+00  0.000E+00  0.000E+00 -0.622E+04  0.000E+00  0.000E+00  0.000E+00  0.580E+04  0.000E+00  0.000E+00  0.000E+00  0.000E+00  0.000E+00  0.000E+00
        94.9925  0.000E+00  0.000E+00  0.000E+00  0.000E+00 -0.682E+04  0.000E+00  0.000E+00  0.000E+00  0.636E+04  0.000E+00  0.000E+00  0.000E+00  0.000E+00  0.000E+00  0.000E+00
       103.3283  0.000E+00  0.000E+00  0.000E+00  0.000E+00 -0.741E+04  0.000E+00  0.000E+00  0.000E+00  0.691E+04  0.000E+00  0.000E+00  0.000E+00  0.000E+00  0.000E+00  0.000E+00
       111.6642  0.000E+00  0.000E+00  0.000E+00  0.000E+00 -0.801E+04  0.000E+00  0.000E+00  0.000E+00  0.747E+04  0.000E+00  0.000E+00  0.000E+00  0.000E+00  0.000E+00  0.000E+00
       120.0000  0.000E+00  0.000E+00  0.000E+00  0.000E+00 -0.861E+04  0.000E+00  0.000E+00  0.000E+00  0.803E+04  0.000E+00  0.000E+00  0.000E+00  0.000E+00  0.000E+00  0.000E+00
       127.5000  0.000E+00  0.000E+00  0.000E+00  0.000E+00 -0.915E+04  0.000E+00  0.000E+00  0.000E+00  0.853E+04  0.000E+00  0.000E+00  0.000E+00  0.000E+00  0.000E+00  0.000E+00
       138.0000  0.000E+00  0.000E+00  0.000E+00  0.000E+00 -0.990E+04  0.000E+00  0.000E+00  0.000E+00  0.923E+04  0.000E+00  0.000E+00  0.000E+00  0.000E+00  0.000E+00  0.000E+00
       148.5000  0.000E+00  0.000E+00  0.000E+00  0.000E+00 -0.107E+05  0.000E+00  0.000E+00  0.000E+00  0.994E+04  0.000E+00  0.000E+00  0.000E+00  0.000E+00  0.000E+00  0.000E+00
       159.0000  0.000E+00  0.000E+00  0.000E+00  0.000E+00 -0.114E+05  0.000E+00  0.000E+00  0.000E+00  0.106E+05  0.000E+00  0.000E+00  0.000E+00  0.000E+00  0.000E+00  0.000E+00
       169.5000  0.000E+00  0.000E+00  0.000E+00  0.000E+00 -0.122E+05  0.000E+00  0.000E+00  0.000E+00  0.113E+05  0.000E+00  0.000E+00  0.000E+00  0.000E+00  0.000E+00  0.000E+00
       180.0000  0.000E+00  0.000E+00  0.000E+00  0.000E+00 -0.129E+05  0.000E+00  0.000E+00  0.000E+00  0.120E+05  0.000E+00  0.000E+00  0.000E+00  0.000E+00  0.000E+00  0.000E+00
       180.0010  0.000E+00  0.000E+00  0.000E+00  0.000E+00 -0.129E+05  0.000E+00  0.000E+00  0.000E+00  0.120E+05  0.000E+00  0.000E+00  0.000E+00  0.000E+00  0.000E+00  0.000E+00
       180.0023  0.000E+00  0.000E+00  0.000E+00  0.000E+00 -0.129E+05  0.000E+00  0.000E+00  0.000E+00  0.120E+05  0.000E+00  0.000E+00  0.000E+00  0.000E+00  0.000E+00  0.000E+00
       180.0040  0.000E+00  0.000E+00  0.000E+00  0.000E+00 -0.129E+05  0.000E+00  0.000E+00  0.000E+00  0.120E+05  0.000E+00  0.000E+00  0.000E+00  0.000E+00  0.000E+00  0.000E+00
       180.0062  0.000E+00  0.000E+00  0.000E+00  0.000E+00 -0.129E+05  0.000E+00  0.000E+00  0.000E+00  0.120E+05  0.000E+00  0.000E+00  0.000E+00  0.000E+00  0.000E+00  0.000E+00
       180.0090  0.000E+00  0.000E+00  0.000E+00  0.000E+00 -0.129E+05  0.000E+00  0.000E+00  0.000E+00  0.120E+05  0.000E+00  0.000E+00  0.000E+00  0.000E+00  0.000E+00  0.000E+00
       180.0128  0.000E+00  0.000E+00  0.000E+00  0.000E+00 -0.129E+05  0.000E+00  0.000E+00  0.000E+00  0.120E+05  0.000E+00  0.000E+00  0.000E+00  0.000E+00  0.000E+00  0.000E+00
       180.0176  0.000E+00  0.000E+00  0.000E+00  0.000E+00 -0.129E+05  0.000E+00  0.000E+00  0.000E+00  0.120E+05  0.000E+00  0.000E+00  0.000E+00  0.000E+00  0.000E+00  0.000E+00
       180.0239  0.000E+00  0.000E+00  0.000E+00  0.000E+00 -0.129E+05  0.000E+00  0.000E+00  0.000E+00  0.120E+05  0.000E+00  0.000E+00  0.000E+00  0.000E+00  0.000E+00  0.000E+00
       180.0320  0.000E+00  0.000E+00  0.000E+00  0.000E+00 -0.129E+05  0.000E+00  0.000E+00  0.000E+00  0.120E+05  0.000E+00  0.000E+00  0.000E+00  0.000E+00  0.000E+00  0.000E+00
       180.0426  0.000E+00  0.000E+00  0.000E+00  0.000E+00 -0.129E+05  0.000E+00  0.000E+00  0.000E+00  0.120E+05  0.000E+00  0.000E+00  0.000E+00  0.000E+00  0.000E+00  0.000E+00
       180.0564  0.000E+00  0.000E+00  0.000E+00  0.000E+00 -0.129E+05  0.000E+00  0.000E+00  0.000E+00  0.120E+05  0.000E+00  0.000E+00  0.000E+00  0.000E+00  0.000E+00  0.000E+00
       180.0743  0.000E+00  0.000E+00  0.000E+00  0.000E+00 -0.129E+05  0.000E+00  0.000E+00  0.000E+00  0.120E+05  0.000E+00  0.000E+00  0.000E+00  0.000E+00  0.000E+00  0.000E+00
       180.0976  0.000E+00  0.000E+00  0.000E+00  0.000E+00 -0.129E+05  0.000E+00  0.000E+00  0.000E+00  0.121E+05  0.000E+00  0.000E+00  0.000E+00  0.000E+00  0.000E+00  0.000E+00
       180.1279  0.000E+00  0.000E+00  0.000E+00  0.000E+00 -0.129E+05  0.000E+00  0.000E+00  0.000E+00  0.121E+05  0.000E+00  0.000E+00  0.000E+00  0.000E+00  0.000E+00  0.000E+00
       180.1673  0.000E+00  0.000E+00  0.000E+00  0.000E+00 -0.129E+05  0.000E+00  0.000E+00  0.000E+00  0.121E+05  0.000E+00  0.000E+00  0.000E+00  0.000E+00  0.000E+00  0.000E+00
       180.2185  0.000E+00  0.000E+00  0.000E+00  0.000E+00 -0.129E+05  0.000E+00  0.000E+00  0.000E+00  0.121E+05  0.000E+00  0.000E+00  0.000E+00  0.000E+00  0.000E+00  0.000E+00
       180.2850  0.000E+00  0.000E+00  0.000E+00  0.000E+00 -0.129E+05  0.000E+00  0.000E+00  0.000E+00  0.121E+05  0.000E+00  0.000E+00  0.000E+00  0.000E+00  0.000E+00  0.000E+00
       180.3715  0.000E+00  0.000E+00  0.000E+00  0.000E+00 -0.129E+05  0.000E+00  0.000E+00  0.000E+00  0.121E+05  0.000E+00  0.000E+00  0.000E+00  0.000E+00  0.000E+00  0.000E+00
       180.4840  0.000E+00  0.000E+00  0.000E+00  0.000E+00 -0.129E+05  0.000E+00  0.000E+00  0.000E+00  0.121E+05  0.000E+00  0.000E+00  0.000E+00  0.000E+00  0.000E+00  0.000E+00
       180.6302  0.000E+00  0.000E+00  0.000E+00  0.000E+00 -0.129E+05  0.000E+00  0.000E+00  0.000E+00  0.121E+05  0.000E+00  0.000E+00  0.000E+00  0.000E+00  0.000E+00  0.000E+00
       180.8202  0.000E+00  0.000E+00  0.000E+00  0.000E+00 -0.129E+05  0.000E+00  0.000E+00  0.000E+00  0.121E+05  0.000E+00  0.000E+00  0.000E+00  0.000E+00  0.000E+00  0.000E+00
       181.0673  0.000E+00  0.000E+00  0.000E+00  0.000E+00 -0.129E+05  0.000E+00  0.000E+00  0.000E+00  0.121E+05  0.000E+00  0.000E+00  0.000E+00  0.000E+00  0.000E+00  0.000E+00
       181.3885  0.000E+00  0.000E+00  0.000E+00  0.000E+00 -0.129E+05  0.000E+00  0.000E+00  0.000E+00  0.121E+05  0.000E+00  0.000E+00  0.000E+00  0.000E+00  0.000E+00  0.000E+00
       181.8060  0.000E+00  0.000E+00  0.000E+00  0.000E+00 -0.129E+05  0.000E+00  0.000E+00  0.000E+00  0.122E+05  0.000E+00  0.000E+00  0.000E+00  0.000E+00  0.000E+00  0.000E+00
       182.3488  0.000E+00  0.000E+00  0.000E+00  0.000E+00 -0.129E+05  0.000E+00  0.000E+00  0.000E+00  0.122E+05  0.000E+00  0.000E+00  0.000E+00  0.000E+00  0.000E+00  0.000E+00
       183.0544  0.000E+00  0.000E+00  0.000E+00  0.000E+00 -0.129E+05  0.000E+00  0.000E+00  0.000E+00  0.122E+05  0.000E+00  0.000E+00  0.000E+00  0.000E+00  0.000E+00  0.000E+00
       183.9718  0.000E+00  0.000E+00  0.000E+00  0.000E+00 -0.129E+05  0.000E+00  0.000E+00  0.000E+00  0.123E+05  0.000E+00  0.000E+00  0.000E+00  0.000E+00  0.000E+00  0.000E+00
       185.1643  0.000E+00  0.000E+00  0.000E+00  0.000E+00 -0.129E+05  0.000E+00  0.000E+00  0.000E+00  0.124E+05  0.000E+00  0.000E+00  0.000E+00  0.000E+00  0.000E+00  0.000E+00
       186.7146  0.000E+00  0.000E+00  0.000E+00  0.000E+00 -0.129E+05  0.000E+00  0.000E+00  0.000E+00  0.125E+05  0.000E+00  0.000E+00  0.000E+00  0.000E+00  0.000E+00  0.000E+00
       188.7300  0.000E+00  0.000E+00  0.000E+00  0.000E+00 -0.129E+05  0.000E+00  0.000E+00  0.000E+00  0.126E+05  0.000E+00  0.000E+00  0.000E+00  0.000E+00  0.000E+00  0.000E+00
       191.3500  0.000E+00  0.000E+00  0.000E+00  0.000E+00 -0.129E+05  0.000E+00  0.000E+00  0.000E+00  0.128E+05  0.000E+00  0.000E+00  0.000E+00  0.000E+00  0.000E+00  0.000E+00
       194.7560  0.000E+00  0.000E+00  0.000E+00  0.000E+00 -0.129E+05  0.000E+00  0.000E+00  0.000E+00  0.130E+05  0.000E+00  0.000E+00  0.000E+00  0.000E+00  0.000E+00  0.000E+00
       199.1837  0.000E+00  0.000E+00  0.000E+00  0.000E+00 -0.129E+05  0.000E+00  0.000E+00  0.000E+00  0.133E+05  0.000E+00  0.000E+00  0.000E+00  0.000E+00  0.000E+00  0.000E+00
       204.9399  0.000E+00  0.000E+00  0.000E+00  0.000E+00 -0.129E+05  0.000E+00  0.000E+00  0.000E+00  0.137E+05  0.000E+00  0.000E+00  0.000E+00  0.000E+00  0.000E+00  0.000E+00
       210.6960  0.000E+00  0.000E+00  0.000E+00  0.000E+00 -0.129E+05  0.000E+00  0.000E+00  0.000E+00  0.141E+05  0.000E+00  0.000E+00  0.000E+00  0.000E+00  0.000E+00  0.000E+00
       218.1790  0.000E+00  0.000E+00  0.000E+00  0.000E+00 -0.129E+05  0.000E+00  0.000E+00  0.000E+00  0.146E+05  0.000E+00  0.000E+00  0.000E+00  0.000E+00  0.000E+00  0.000E+00
       225.6619  0.000E+00  0.000E+00  0.000E+00  0.000E+00 -0.129E+05  0.000E+00  0.000E+00  0.000E+00  0.151E+05  0.000E+00  0.000E+00  0.000E+00  0.000E+00  0.000E+00  0.000E+00
       235.3898  0.000E+00  0.000E+00  0.000E+00  0.000E+00 -0.129E+05  0.000E+00  0.000E+00  0.000E+00  0.158E+05  0.000E+00  0.000E+00  0.000E+00  0.000E+00  0.000E+00  0.000E+00
       245.1176  0.000E+00  0.000E+00  0.000E+00  0.000E+00 -0.129E+05  0.000E+00  0.000E+00  0.000E+00  0.164E+05  0.000E+00  0.000E+00  0.000E+00  0.000E+00  0.000E+00  0.000E+00
       254.8455  0.000E+00  0.000E+00  0.000E+00  0.000E+00 -0.129E+05  0.000E+00  0.000E+00  0.000E+00  0.171E+05  0.000E+00  0.000E+00  0.000E+00  0.000E+00  0.000E+00  0.000E+00
       267.9898  0.000E+00  0.000E+00  0.000E+00  0.000E+00 -0.129E+05  0.000E+00  0.000E+00  0.000E+00  0.180E+05  0.000E+00  0.000E+00  0.000E+00  0.000E+00  0.000E+00  0.000E+00
       281.1341  0.000E+00  0.000E+00  0.000E+00  0.000E+00 -0.129E+05  0.000E+00  0.000E+00  0.000E+00  0.189E+05  0.000E+00  0.000E+00  0.000E+00  0.000E+00  0.000E+00  0.000E+00
       294.2784  0.000E+00  0.000E+00  0.000E+00  0.000E+00 -0.129E+05  0.000E+00  0.000E+00  0.000E+00  0.199E+05  0.000E+00  0.000E+00  0.000E+00  0.000E+00  0.000E+00  0.000E+00
       310.7088  0.000E+00  0.000E+00  0.000E+00  0.000E+00 -0.129E+05  0.000E+00  0.000E+00  0.000E+00  0.211E+05  0.000E+00  0.000E+00  0.000E+00  0.000E+00  0.000E+00  0.000E+00
       327.1392  0.000E+00  0.000E+00  0.000E+00  0.000E+00 -0.129E+05  0.000E+00  0.000E+00  0.000E+00  0.224E+05  0.000E+00  0.000E+00  0.000E+00  0.000E+00  0.000E+00  0.000E+00
       343.5696  0.000E+00  0.000E+00  0.000E+00  0.000E+00 -0.129E+05  0.000E+00  0.000E+00  0.000E+00  0.236E+05  0.000E+00  0.000E+00  0.000E+00  0.000E+00  0.000E+00  0.000E+00
       360.0000  0.000E+00  0.000E+00  0.000E+00  0.000E+00 -0.129E+05  0.000E+00  0.000E+00  0.000E+00  0.252E+05  0.000E+00  0.000E+00  0.000E+00  0.000E+00  0.000E+00  0.000E+00
       368.0556  0.000E+00  0.000E+00  0.000E+00  0.000E+00 -0.129E+05  0.000E+00  0.000E+00  0.000E+00  0.257E+05  0.000E+00  0.000E+00  0.000E+00  0.000E+00  0.000E+00  0.000E+00
       376.1113  0.000E+00  0.000E+00  0.000E+00  0.000E+00 -0.129E+05  0.000E+00  0.000E+00  0.000E+00  0.265E+05  0.000E+00  0.000E+00  0.000E+00  0.000E+00  0.000E+00  0.000E+00
       384.1669  0.000E+00  0.000E+00  0.000E+00  0.000E+00 -0.129E+05  0.000E+00  0.000E+00  0.000E+00  0.271E+05  0.000E+00  0.000E+00  0.000E+00  0.000E+00  0.000E+00  0.000E+00
       392.2225  0.000E+00  0.000E+00  0.000E+00  0.000E+00 -0.129E+05  0.000E+00  0.000E+00  0.000E+00  0.278E+05  0.000E+00  0.000E+00  0.000E+00  0.000E+00  0.000E+00  0.000E+00
       400.2781  0.000E+00  0.000E+00  0.000E+00  0.000E+00 -0.129E+05  0.000E+00  0.000E+00  0.000E+00  0.285E+05  0.000E+00  0.000E+00  0.000E+00  0.000E+00  0.000E+00  0.000E+00
       408.3338  0.000E+00  0.000E+00  0.000E+00  0.000E+00 -0.129E+05  0.000E+00  0.000E+00  0.000E+00  0.292E+05  0.000E+00  0.000E+00  0.000E+00  0.000E+00  0.000E+00  0.000E+00
       416.3894  0.000E+00  0.000E+00  0.000E+00  0.000E+00 -0.129E+05  0.000E+00  0.000E+00  0.000E+00  0.299E+05  0.000E+00  0.000E+00  0.000E+00  0.000E+00  0.000E+00  0.000E+00
       424.4450  0.000E+00  0.000E+00  0.000E+00  0.000E+00 -0.129E+05  0.000E+00  0.000E+00  0.000E+00  0.306E+05  0.000E+00  0.000E+00  0.000E+00  0.000E+00  0.000E+00  0.000E+00
       432.5007  0.000E+00  0.000E+00  0.000E+00  0.000E+00 -0.129E+05  0.000E+00  0.000E+00  0.000E+00  0.313E+05  0.000E+00  0.000E+00  0.000E+00  0.000E+00  0.000E+00  0.000E+00
       440.5563  0.000E+00  0.000E+00  0.000E+00  0.000E+00 -0.129E+05  0.000E+00  0.000E+00  0.000E+00  0.320E+05  0.000E+00  0.000E+00  0.000E+00  0.000E+00  0.000E+00  0.000E+00
       448.6119  0.000E+00  0.000E+00  0.000E+00  0.000E+00 -0.129E+05  0.000E+00  0.000E+00  0.000E+00  0.327E+05  0.000E+00  0.000E+00  0.000E+00  0.000E+00  0.000E+00  0.000E+00
       456.6676  0.000E+00  0.000E+00  0.000E+00  0.000E+00 -0.129E+05  0.000E+00  0.000E+00  0.000E+00  0.334E+05  0.000E+00  0.000E+00  0.000E+00  0.000E+00  0.000E+00  0.000E+00
       464.7232  0.000E+00  0.000E+00  0.000E+00  0.000E+00 -0.129E+05  0.000E+00  0.000E+00  0.000E+00  0.341E+05  0.000E+00  0.000E+00  0.000E+00  0.000E+00  0.000E+00  0.000E+00
       472.7788  0.000E+00  0.000E+00  0.000E+00  0.000E+00 -0.129E+05  0.000E+00  0.000E+00  0.000E+00  0.348E+05  0.000E+00  0.000E+00  0.000E+00  0.000E+00  0.000E+00  0.000E+00
       480.8344  0.000E+00  0.000E+00  0.000E+00  0.000E+00 -0.129E+05  0.000E+00  0.000E+00  0.000E+00  0.354E+05  0.000E+00  0.000E+00  0.000E+00  0.000E+00  0.000E+00  0.000E+00
       488.8901  0.000E+00  0.000E+00  0.000E+00  0.000E+00 -0.129E+05  0.000E+00  0.000E+00  0.000E+00  0.361E+05  0.000E+00  0.000E+00  0.000E+00  0.000E+00  0.000E+00  0.000E+00
       496.9457  0.000E+00  0.000E+00  0.000E+00  0.000E+00 -0.129E+05  0.000E+00  0.000E+00  0.000E+00  0.368E+05  0.000E+00  0.000E+00  0.000E+00  0.000E+00  0.000E+00  0.000E+00
       505.0013  0.000E+00  0.000E+00  0.000E+00  0.000E+00 -0.129E+05  0.000E+00  0.000E+00  0.000E+00  0.374E+05  0.000E+00  0.000E+00  0.000E+00  0.000E+00  0.000E+00  0.000E+00
       513.0570  0.000E+00  0.000E+00  0.000E+00  0.000E+00 -0.129E+05  0.000E+00  0.000E+00  0.000E+00  0.380E+05  0.000E+00  0.000E+00  0.000E+00  0.000E+00  0.000E+00  0.000E+00
       521.1126  0.000E+00  0.000E+00  0.000E+00  0.000E+00 -0.129E+05  0.000E+00  0.000E+00  0.000E+00  0.387E+05  0.000E+00  0.000E+00  0.000E+00  0.000E+00  0.000E+00  0.000E+00
       529.1682  0.000E+00  0.000E+00  0.000E+00  0.000E+00 -0.129E+05  0.000E+00  0.000E+00  0.000E+00  0.393E+05  0.000E+00  0.000E+00  0.000E+00  0.000E+00  0.000E+00  0.000E+00
       537.2239  0.000E+00  0.000E+00  0.000E+00  0.000E+00 -0.129E+05  0.000E+00  0.000E+00  0.000E+00  0.399E+05  0.000E+00  0.000E+00  0.000E+00  0.000E+00  0.000E+00  0.000E+00
       545.2795  0.000E+00  0.000E+00  0.000E+00  0.000E+00 -0.129E+05  0.000E+00  0.000E+00  0.000E+00  0.405E+05  0.000E+00  0.000E+00  0.000E+00  0.000E+00  0.000E+00  0.000E+00
       553.3351  0.000E+00  0.000E+00  0.000E+00  0.000E+00 -0.129E+05  0.000E+00  0.000E+00  0.000E+00  0.411E+05  0.000E+00  0.000E+00  0.000E+00  0.000E+00  0.000E+00  0.000E+00
       561.3907  0.000E+00  0.000E+00  0.000E+00  0.000E+00 -0.129E+05  0.000E+00  0.000E+00  0.000E+00  0.416E+05  0.000E+00  0.000E+00  0.000E+00  0.000E+00  0.000E+00  0.000E+00
       569.4464  0.000E+00  0.000E+00  0.000E+00  0.000E+00 -0.129E+05  0.000E+00  0.000E+00  0.000E+00  0.422E+05  0.000E+00  0.000E+00  0.000E+00  0.000E+00  0.000E+00  0.000E+00
       577.5020  0.000E+00  0.000E+00  0.000E+00  0.000E+00 -0.129E+05  0.000E+00  0.000E+00  0.000E+00  0.427E+05  0.000E+00  0.000E+00  0.000E+00  0.000E+00  0.000E+00  0.000E+00
       587.9743  0.000E+00  0.000E+00  0.000E+00  0.000E+00 -0.129E+05  0.000E+00  0.000E+00  0.000E+00  0.435E+05  0.000E+00  0.000E+00  0.000E+00  0.000E+00  0.000E+00  0.000E+00
       601.1769  0.000E+00  0.000E+00  0.000E+00  0.000E+00 -0.129E+05  0.000E+00  0.000E+00  0.000E+00  0.443E+05  0.000E+00  0.000E+00  0.000E+00  0.000E+00  0.000E+00  0.000E+00
       618.1516  0.000E+00  0.000E+00  0.000E+00  0.000E+00 -0.129E+05  0.000E+00  0.000E+00  0.000E+00  0.455E+05  0.000E+00  0.000E+00  0.000E+00  0.000E+00  0.000E+00  0.000E+00
       635.1263  0.000E+00  0.000E+00  0.000E+00  0.000E+00 -0.129E+05  0.000E+00  0.000E+00  0.000E+00  0.466E+05  0.000E+00  0.000E+00  0.000E+00  0.000E+00  0.000E+00  0.000E+00
       652.1011  0.000E+00  0.000E+00  0.000E+00  0.000E+00 -0.129E+05  0.000E+00  0.000E+00  0.000E+00  0.477E+05  0.000E+00  0.000E+00  0.000E+00  0.000E+00  0.000E+00  0.000E+00
       669.0758  0.000E+00  0.000E+00  0.000E+00  0.000E+00 -0.129E+05  0.000E+00  0.000E+00  0.000E+00  0.487E+05  0.000E+00  0.000E+00  0.000E+00  0.000E+00  0.000E+00  0.000E+00
       686.0505  0.000E+00  0.000E+00  0.000E+00  0.000E+00 -0.129E+05  0.000E+00  0.000E+00  0.000E+00  0.498E+05  0.000E+00  0.000E+00  0.000E+00  0.000E+00  0.000E+00  0.000E+00
       720.0000  0.000E+00  0.000E+00  0.000E+00  0.000E+00 -0.129E+05  0.000E+00  0.000E+00  0.000E+00  0.519E+05  0.000E+00  0.000E+00  0.000E+00  0.000E+00  0.000E+00  0.000E+00
       743.0077  0.000E+00  0.000E+00  0.000E+00  0.000E+00 -0.129E+05  0.000E+00  0.000E+00  0.000E+00  0.532E+05  0.000E+00  0.000E+00  0.000E+00  0.000E+00  0.000E+00  0.000E+00
       766.0154  0.000E+00  0.000E+00  0.000E+00  0.000E+00 -0.129E+05  0.000E+00  0.000E+00  0.000E+00  0.545E+05  0.000E+00  0.000E+00  0.000E+00  0.000E+00  0.000E+00  0.000E+00
       789.0230  0.000E+00  0.000E+00  0.000E+00  0.000E+00 -0.129E+05  0.000E+00  0.000E+00  0.000E+00  0.558E+05  0.000E+00  0.000E+00  0.000E+00  0.000E+00  0.000E+00  0.000E+00
       812.0307  0.000E+00  0.000E+00  0.000E+00  0.000E+00 -0.129E+05  0.000E+00  0.000E+00  0.000E+00  0.570E+05  0.000E+00  0.000E+00  0.000E+00  0.000E+00  0.000E+00  0.000E+00
       835.0384  0.000E+00  0.000E+00  0.000E+00  0.000E+00 -0.129E+05  0.000E+00  0.000E+00  0.000E+00  0.581E+05  0.000E+00  0.000E+00  0.000E+00  0.000E+00  0.000E+00  0.000E+00
       858.0461  0.000E+00  0.000E+00  0.000E+00  0.000E+00 -0.129E+05  0.000E+00  0.000E+00  0.000E+00  0.592E+05  0.000E+00  0.000E+00  0.000E+00  0.000E+00  0.000E+00  0.000E+00
       881.0538  0.000E+00  0.000E+00  0.000E+00  0.000E+00 -0.129E+05  0.000E+00  0.000E+00  0.000E+00  0.603E+05  0.000E+00  0.000E+00  0.000E+00  0.000E+00  0.000E+00  0.000E+00
       904.0614  0.000E+00  0.000E+00  0.000E+00  0.000E+00 -0.129E+05  0.000E+00  0.000E+00  0.000E+00  0.613E+05  0.000E+00  0.000E+00  0.000E+00  0.000E+00  0.000E+00  0.000E+00
       927.0691  0.000E+00  0.000E+00  0.000E+00  0.000E+00 -0.129E+05  0.000E+00  0.000E+00  0.000E+00  0.622E+05  0.000E+00  0.000E+00  0.000E+00  0.000E+00  0.000E+00  0.000E+00
       950.0768  0.000E+00  0.000E+00  0.000E+00  0.000E+00 -0.129E+05  0.000E+00  0.000E+00  0.000E+00  0.631E+05  0.000E+00  0.000E+00  0.000E+00  0.000E+00  0.000E+00  0.000E+00
       973.0845  0.000E+00  0.000E+00  0.000E+00  0.000E+00 -0.129E+05  0.000E+00  0.000E+00  0.000E+00  0.639E+05  0.000E+00  0.000E+00  0.000E+00  0.000E+00  0.000E+00  0.000E+00
       996.0922  0.000E+00  0.000E+00  0.000E+00  0.000E+00 -0.129E+05  0.000E+00  0.000E+00  0.000E+00  0.648E+05  0.000E+00  0.000E+00  0.000E+00  0.000E+00  0.000E+00  0.000E+00
      1019.0999  0.000E+00  0.000E+00  0.000E+00  0.000E+00 -0.129E+05  0.000E+00  0.000E+00  0.000E+00  0.654E+05  0.000E+00  0.000E+00  0.000E+00  0.000E+00  0.000E+00  0.000E+00
      1042.1075  0.000E+00  0.000E+00  0.000E+00  0.000E+00 -0.129E+05  0.000E+00  0.000E+00  0.000E+00  0.663E+05  0.000E+00  0.000E+00  0.000E+00  0.000E+00  0.000E+00  0.000E+00
      1058.2129  0.000E+00  0.000E+00  0.000E+00  0.000E+00 -0.129E+05  0.000E+00  0.000E+00  0.000E+00  0.667E+05  0.000E+00  0.000E+00  0.000E+00  0.000E+00  0.000E+00  0.000E+00
      1074.3183  0.000E+00  0.000E+00  0.000E+00  0.000E+00 -0.129E+05  0.000E+00  0.000E+00  0.000E+00  0.672E+05  0.000E+00  0.000E+00  0.000E+00  0.000E+00  0.000E+00  0.000E+00
      1090.4237  0.000E+00  0.000E+00  0.000E+00  0.000E+00 -0.129E+05  0.000E+00  0.000E+00  0.000E+00  0.676E+05  0.000E+00  0.000E+00  0.000E+00  0.000E+00  0.000E+00  0.000E+00
      1106.5290  0.000E+00  0.000E+00  0.000E+00  0.000E+00 -0.129E+05  0.000E+00  0.000E+00  0.000E+00  0.681E+05  0.000E+00  0.000E+00  0.000E+00  0.000E+00  0.000E+00  0.000E+00
      1122.6344  0.000E+00  0.000E+00  0.000E+00  0.000E+00 -0.129E+05  0.000E+00  0.000E+00  0.000E+00  0.685E+05  0.000E+00  0.000E+00  0.000E+00  0.000E+00  0.000E+00  0.000E+00
      1138.7398  0.000E+00  0.000E+00  0.000E+00  0.000E+00 -0.129E+05  0.000E+00  0.000E+00  0.000E+00  0.690E+05  0.000E+00  0.000E+00  0.000E+00  0.000E+00  0.000E+00  0.000E+00
      1154.8452  0.000E+00  0.000E+00  0.000E+00  0.000E+00 -0.129E+05  0.000E+00  0.000E+00  0.000E+00  0.694E+05  0.000E+00  0.000E+00  0.000E+00  0.000E+00  0.000E+00  0.000E+00
      1170.9506  0.000E+00  0.000E+00  0.000E+00  0.000E+00 -0.129E+05  0.000E+00  0.000E+00  0.000E+00  0.698E+05  0.000E+00  0.000E+00  0.000E+00  0.000E+00  0.000E+00  0.000E+00
      1187.0559  0.000E+00  0.000E+00  0.000E+00  0.000E+00 -0.129E+05  0.000E+00  0.000E+00  0.000E+00  0.702E+05  0.000E+00  0.000E+00  0.000E+00  0.000E+00  0.000E+00  0.000E+00
      1207.9929  0.000E+00  0.000E+00  0.000E+00  0.000E+00 -0.129E+05  0.000E+00  0.000E+00  0.000E+00  0.707E+05  0.000E+00  0.000E+00  0.000E+00  0.000E+00  0.000E+00  0.000E+00
      1233.7715  0.000E+00  0.000E+00  0.000E+00  0.000E+00 -0.129E+05  0.000E+00  0.000E+00  0.000E+00  0.714E+05  0.000E+00  0.000E+00  0.000E+00  0.000E+00  0.000E+00  0.000E+00
      1268.1429  0.000E+00  0.000E+00  0.000E+00  0.000E+00 -0.129E+05  0.000E+00  0.000E+00  0.000E+00  0.723E+05  0.000E+00  0.000E+00  0.000E+00  0.000E+00  0.000E+00  0.000E+00
      1311.1072  0.000E+00  0.000E+00  0.000E+00  0.000E+00 -0.129E+05  0.000E+00  0.000E+00  0.000E+00  0.733E+05  0.000E+00  0.000E+00  0.000E+00  0.000E+00  0.000E+00  0.000E+00
      1375.5536  0.000E+00  0.000E+00  0.000E+00  0.000E+00 -0.129E+05  0.000E+00  0.000E+00  0.000E+00  0.749E+05  0.000E+00  0.000E+00  0.000E+00  0.000E+00  0.000E+00  0.000E+00
      1440.0000  0.000E+00  0.000E+00  0.000E+00  0.000E+00 -0.129E+05  0.000E+00  0.000E+00  0.000E+00  0.764E+05  0.000E+00  0.000E+00  0.000E+00  0.000E+00  0.000E+00  0.000E+00
end
