 FileVersion=0003


        Time         hAtm       hRoot     hKode3     hKode1      hSeep     hKode5     hKode6     hKode7     hKode8     hKode9 ... 
         [T]          [L]        [L]        [L]        [L]        [L]        [L]        [L]        [L]        [L]        [L]

         0.0010      -10.2        0.0      -10.1        0.0        0.0        0.0      -10.2        0.0        0.0        0.0
         0.0020      -10.2        0.0      -10.0        0.0        0.0        0.0      -10.2        0.0        0.0        0.0
         0.0033      -10.2        0.0       -9.9        0.0        0.0        0.0      -10.2        0.0        0.0        0.0
         0.0050      -10.2        0.0       -9.7        0.0        0.0        0.0      -10.2        0.0        0.0        0.0
         0.0072      -10.2        0.0       -9.5        0.0        0.0        0.0      -10.2        0.0        0.0        0.0
         0.0100      -10.2        0.0       -9.3        0.0        0.0        0.0      -10.2        0.0        0.0        0.0
         0.0138      -10.2        0.0       -9.1        0.0        0.0        0.0      -10.2        0.0        0.0        0.0
         0.0186      -10.2        0.0       -8.8        0.0        0.0        0.0      -10.2        0.0        0.0        0.0
         0.0234      -10.2        0.0       -8.6        0.0        0.0        0.0      -10.2        0.0        0.0        0.0
         0.0297      -10.2        0.0       -8.4        0.0        0.0        0.0      -10.2        0.0        0.0        0.0
         0.0360      -10.2        0.0       -8.3        0.0        0.0        0.0      -10.2        0.0        0.0        0.0
         0.0441      -10.2        0.0       -8.1        0.0        0.0        0.0      -10.2        0.0        0.0        0.0
         0.0547      -10.2        0.0       -8.0        0.0        0.0        0.0      -10.2        0.0        0.0        0.0
         0.0685      -10.2        0.0       -7.8        0.0        0.0        0.0      -10.2        0.0        0.0        0.0
         0.0823      -10.2        0.0       -7.7        0.0        0.0        0.0      -10.2        0.0        0.0        0.0
         0.0961      -10.2        0.0       -7.5        0.0        0.0        0.0      -10.2        0.0        0.0        0.0
         0.1099      -10.2        0.0       -7.4        0.0        0.0        0.0      -10.2        0.0        0.0        0.0
         0.1237      -10.3        0.0       -7.3        0.0        0.0        0.0      -10.2        0.0        0.0        0.0
         0.1416      -10.3        0.0       -7.2        0.0        0.0        0.0      -10.2        0.0        0.0        0.0
         0.1595      -10.3        0.0       -7.1        0.0        0.0        0.0      -10.2        0.0        0.0        0.0
         0.1774      -10.3        0.0       -7.0        0.0        0.0        0.0      -10.2        0.0        0.0        0.0
         0.1953      -10.3        0.0       -7.0        0.0        0.0        0.0      -10.2        0.0        0.0        0.0
         0.2186      -10.3        0.0       -6.9        0.0        0.0        0.0      -10.2        0.0        0.0        0.0
         0.2419      -10.3        0.0       -6.8        0.0        0.0        0.0      -10.2        0.0        0.0        0.0
         0.2722      -10.3        0.0       -6.7        0.0        0.0        0.0      -10.2        0.0        0.0        0.0
         0.3025      -10.3        0.0       -6.6        0.0        0.0        0.0      -10.2        0.0        0.0        0.0
         0.3328      -10.3        0.0       -6.6        0.0        0.0        0.0      -10.2        0.0        0.0        0.0
         0.3631      -10.3        0.0       -6.5        0.0        0.0        0.0      -10.2        0.0        0.0        0.0
         0.4025      -10.3        0.0       -6.4        0.0        0.0        0.0      -10.2        0.0        0.0        0.0
         0.4418      -10.4        0.0       -6.4        0.0        0.0        0.0      -10.2        0.0        0.0        0.0
         0.4812      -10.4        0.0       -6.3        0.0        0.0        0.0      -10.2        0.0        0.0        0.0
         0.5324      -10.4        0.0       -6.2        0.0        0.0        0.0      -10.2        0.0        0.0        0.0
         0.5836      -10.4        0.0       -6.2        0.0        0.0        0.0      -10.2        0.0        0.0        0.0
         0.6348      -10.4        0.0       -6.1        0.0        0.0        0.0      -10.2        0.0        0.0        0.0
         0.6859      -10.4        0.0       -6.1        0.0        0.0        0.0      -10.2        0.0        0.0        0.0
         0.7525      -10.4        0.0       -6.0        0.0        0.0        0.0      -10.2        0.0        0.0        0.0
         0.8190      -10.5        0.0       -6.0        0.0        0.0        0.0      -10.2        0.0        0.0        0.0
         0.8856      -10.5        0.0       -5.9        0.0        0.0        0.0      -10.2        0.0        0.0        0.0
         0.9521      -10.5        0.0       -5.9        0.0        0.0        0.0      -10.2        0.0        0.0        0.0
         1.0386      -10.5        0.0       -5.9        0.0        0.0        0.0      -10.2        0.0        0.0        0.0
         1.1251      -10.6        0.0       -5.8        0.0        0.0        0.0      -10.2        0.0        0.0        0.0
         1.2116      -10.6        0.0       -5.8        0.0        0.0        0.0      -10.2        0.0        0.0        0.0
         1.2981      -10.6        0.0       -5.7        0.0        0.0        0.0      -10.2        0.0        0.0        0.0
         1.3846      -10.6        0.0       -5.7        0.0        0.0        0.0      -10.2        0.0        0.0        0.0
         1.4711      -10.6        0.0       -5.7        0.0        0.0        0.0      -10.2        0.0        0.0        0.0
         1.5836      -10.7        0.0       -5.6        0.0        0.0        0.0      -10.2        0.0        0.0        0.0
         1.6960      -10.7        0.0       -5.6        0.0        0.0        0.0      -10.2        0.0        0.0        0.0
         1.8085      -10.7        0.0       -5.6        0.0        0.0        0.0      -10.2        0.0        0.0        0.0
         1.9210      -10.7        0.0       -5.5        0.0        0.0        0.0      -10.2        0.0        0.0        0.0
         2.0672      -10.8        0.0       -5.5        0.0        0.0        0.0      -10.2        0.0        0.0        0.0
         2.2133      -10.8        0.0       -5.5        0.0        0.0        0.0      -10.2        0.0        0.0        0.0
         2.3595      -10.8        0.0       -5.5        0.0        0.0        0.0      -10.2        0.0        0.0        0.0
         2.5057      -10.9        0.0       -5.4        0.0        0.0        0.0      -10.2        0.0        0.0        0.0
         2.6519      -10.9        0.0       -5.4        0.0        0.0        0.0      -10.2        0.0        0.0        0.0
         2.8420      -10.9        0.0       -5.4        0.0        0.0        0.0      -10.2        0.0        0.0        0.0
         3.0320      -11.0        0.0       -5.4        0.0        0.0        0.0      -10.2        0.0        0.0        0.0
         3.2221      -11.0        0.0       -5.3        0.0        0.0        0.0      -10.2        0.0        0.0        0.0
         3.4121      -11.0        0.0       -5.3        0.0        0.0        0.0      -10.2        0.0        0.0        0.0
         3.6022      -11.0        0.0       -5.3        0.0        0.0        0.0      -10.2        0.0        0.0        0.0
         3.8492      -11.1        0.0       -5.3        0.0        0.0        0.0      -10.2        0.0        0.0        0.0
         4.0963      -11.1        0.0       -5.3        0.0        0.0        0.0      -10.2        0.0        0.0        0.0
         4.3434      -11.2        0.0       -5.3        0.0        0.0        0.0      -10.2        0.0        0.0        0.0
         4.5904      -11.2        0.0       -5.2        0.0        0.0        0.0      -10.2        0.0        0.0        0.0
         4.9116      -11.2        0.0       -5.2        0.0        0.0        0.0      -10.2        0.0        0.0        0.0
         5.2328      -11.3        0.0       -5.2        0.0        0.0        0.0      -10.2        0.0        0.0        0.0
         5.5540      -11.3        0.0       -5.2        0.0        0.0        0.0      -10.2        0.0        0.0        0.0
         5.8752      -11.4        0.0       -5.2        0.0        0.0        0.0      -10.2        0.0        0.0        0.0
         6.1963      -11.4        0.0       -5.2        0.0        0.0        0.0      -10.2        0.0        0.0        0.0
         6.6139      -11.4        0.0       -5.2        0.0        0.0        0.0      -10.2        0.0        0.0        0.0
         7.0314      -11.5        0.0       -5.2        0.0        0.0        0.0      -10.2        0.0        0.0        0.0
         7.4490      -11.5        0.0       -5.2        0.0        0.0        0.0      -10.2        0.0        0.0        0.0
         7.8665      -11.6        0.0       -5.1        0.0        0.0        0.0      -10.2        0.0        0.0        0.0
         8.2840      -11.6        0.0       -5.1        0.0        0.0        0.0      -10.2        0.0        0.0        0.0
         8.7016      -11.7        0.0       -5.1        0.0        0.0        0.0      -10.2        0.0        0.0        0.0
         9.2444      -11.7        0.0       -5.1        0.0        0.0        0.0      -10.2        0.0        0.0        0.0
         9.7872      -11.8        0.0       -5.1        0.0        0.0        0.0      -10.2        0.0        0.0        0.0
        10.3085      -11.8        0.0       -5.1        0.0        0.0        0.0      -10.2        0.0        0.0        0.0
        10.8297      -11.9        0.0       -5.1        0.0        0.0        0.0      -10.2        0.0        0.0        0.0
        11.5248      -11.9        0.0       -5.1        0.0        0.0        0.0      -10.2        0.0        0.0        0.0
        12.2198      -12.0        0.0       -5.1        0.0        0.0        0.0      -10.2        0.0        0.0        0.0
        12.9149      -12.1        0.0       -5.1        0.0        0.0        0.0      -10.2        0.0        0.0        0.0
        13.6099      -12.1        0.0       -5.1        0.0        0.0        0.0      -10.2        0.0        0.0        0.0
        14.3050      -12.2        0.0       -5.1        0.0        0.0        0.0      -10.2        0.0        0.0        0.0
        15.0000      -12.2        0.0       -5.1        0.0        0.0        0.0      -10.2        0.0        0.0        0.0
        15.9173      -12.3        0.0       -5.1        0.0        0.0        0.0      -10.2        0.0        0.0        0.0
        16.8347      -12.4        0.0       -5.1        0.0        0.0        0.0      -10.2        0.0        0.0        0.0
        17.7520      -12.4        0.0       -5.1        0.0        0.0        0.0      -10.2        0.0        0.0        0.0
        18.6693      -12.5        0.0       -5.1        0.0        0.0        0.0      -10.2        0.0        0.0        0.0
        19.8619      -12.6        0.0       -5.1        0.0        0.0        0.0      -10.2        0.0        0.0        0.0
        21.0544      -12.6        0.0       -5.1        0.0        0.0        0.0      -10.2        0.0        0.0        0.0
        22.2469      -12.7        0.0       -5.1        0.0        0.0        0.0      -10.2        0.0        0.0        0.0
        23.4395      -12.7        0.0       -5.1        0.0        0.0        0.0      -10.2        0.0        0.0        0.0
        24.9898      -12.8        0.0       -5.1        0.0        0.0        0.0      -10.2        0.0        0.0        0.0
        26.5400      -12.9        0.0       -5.1        0.0        0.0        0.0      -10.2        0.0        0.0        0.0
        28.0903      -13.0        0.0       -5.1        0.0        0.0        0.0      -10.2        0.0        0.0        0.0
        29.6406      -13.0        0.0       -5.1        0.0        0.0        0.0      -10.2        0.0        0.0        0.0
        31.6560      -13.1        0.0       -5.1        0.0        0.0        0.0      -10.2        0.0        0.0        0.0
        33.6714      -13.2        0.0       -5.1        0.0        0.0        0.0      -10.2        0.0        0.0        0.0
        35.6868      -13.2        0.0       -5.1        0.0        0.0        0.0      -10.2        0.0        0.0        0.0
        38.3882      -13.3        0.0       -5.1        0.0        0.0        0.0      -10.2        0.0        0.0        0.0
        41.0897      -13.4        0.0       -5.1        0.0        0.0        0.0      -10.2        0.0        0.0        0.0
        43.7912      -13.5        0.0       -5.1        0.0        0.0        0.0      -10.2        0.0        0.0        0.0
        47.0329      -13.6        0.0       -5.1        0.0        0.0        0.0      -10.2        0.0        0.0        0.0
        51.3553      -13.8        0.0       -5.1        0.0        0.0        0.0      -10.2        0.0        0.0        0.0
        55.6776      -13.9        0.0       -5.1        0.0        0.0        0.0      -10.2        0.0        0.0        0.0
        60.0000      -14.0        0.0       -5.1        0.0        0.0        0.0      -10.2        0.0        0.0        0.0
        64.4278      -14.1        0.0       -5.1        0.0        0.0        0.0      -10.2        0.0        0.0        0.0
        69.9850      -14.3        0.0       -5.1        0.0        0.0        0.0      -10.2        0.0        0.0        0.0
        75.5422      -14.4        0.0       -5.1        0.0        0.0        0.0      -10.2        0.0        0.0        0.0
        81.0995      -14.5        0.0       -5.1        0.0        0.0        0.0      -10.2        0.0        0.0        0.0
        86.6567      -14.6        0.0       -5.1        0.0        0.0        0.0      -10.2        0.0        0.0        0.0
        94.9925      -14.7        0.0       -5.1        0.0        0.0        0.0      -10.2        0.0        0.0        0.0
       103.3283      -14.9        0.0       -5.1        0.0        0.0        0.0      -10.2        0.0        0.0        0.0
       111.6642      -15.0        0.0       -5.1        0.0        0.0        0.0      -10.2        0.0        0.0        0.0
       120.0000      -15.1        0.0       -5.1        0.0        0.0        0.0      -10.2        0.0        0.0        0.0
       127.5000      -15.2        0.0       -5.1        0.0        0.0        0.0      -10.2        0.0        0.0        0.0
       138.0000      -15.3        0.0       -5.1        0.0        0.0        0.0      -10.2        0.0        0.0        0.0
       148.5000      -15.4        0.0       -5.1        0.0        0.0        0.0      -10.2        0.0        0.0        0.0
       159.0000      -15.6        0.0       -5.1        0.0        0.0        0.0      -10.2        0.0        0.0        0.0
       169.5000      -15.7        0.0       -5.1        0.0        0.0        0.0      -10.2        0.0        0.0        0.0
       180.0000      -15.8        0.0       -5.1        0.0        0.0        0.0      -10.2        0.0        0.0        0.0
       180.0010      -15.8        0.0       -5.1        0.0        0.0        0.0      -10.2        0.0        0.0        0.0
       180.0023      -15.8        0.0       -5.2        0.0        0.0        0.0      -10.2        0.0        0.0        0.0
       180.0040      -15.8        0.0       -5.3        0.0        0.0        0.0      -10.2        0.0        0.0        0.0
       180.0062      -15.8        0.0       -5.3        0.0        0.0        0.0      -10.2        0.0        0.0        0.0
       180.0090      -15.8        0.0       -5.4        0.0        0.0        0.0      -10.2        0.0        0.0        0.0
       180.0128      -15.8        0.0       -5.5        0.0        0.0        0.0      -10.2        0.0        0.0        0.0
       180.0176      -15.8        0.0       -5.5        0.0        0.0        0.0      -10.2        0.0        0.0        0.0
       180.0239      -15.8        0.0       -5.6        0.0        0.0        0.0      -10.2        0.0        0.0        0.0
       180.0320      -15.8        0.0       -5.7        0.0        0.0        0.0      -10.2        0.0        0.0        0.0
       180.0426      -15.8        0.0       -5.8        0.0        0.0        0.0      -10.2        0.0        0.0        0.0
       180.0564      -15.8        0.0       -5.9        0.0        0.0        0.0      -10.2        0.0        0.0        0.0
       180.0743      -15.8        0.0       -6.0        0.0        0.0        0.0      -10.2        0.0        0.0        0.0
       180.0976      -15.8        0.0       -6.1        0.0        0.0        0.0      -10.2        0.0        0.0        0.0
       180.1279      -15.8        0.0       -6.2        0.0        0.0        0.0      -10.2        0.0        0.0        0.0
       180.1673      -15.8        0.0       -6.4        0.0        0.0        0.0      -10.2        0.0        0.0        0.0
       180.2185      -15.8        0.0       -6.5        0.0        0.0        0.0      -10.2        0.0        0.0        0.0
       180.2850      -15.8        0.0       -6.7        0.0        0.0        0.0      -10.2        0.0        0.0        0.0
       180.3715      -15.9        0.0       -6.9        0.0        0.0        0.0      -10.2        0.0        0.0        0.0
       180.4840      -15.9        0.0       -7.0        0.0        0.0        0.0      -10.2        0.0        0.0        0.0
       180.6302      -15.9        0.0       -7.2        0.0        0.0        0.0      -10.2        0.0        0.0        0.0
       180.8202      -15.9        0.0       -7.5        0.0        0.0        0.0      -10.2        0.0        0.0        0.0
       181.0673      -15.9        0.0       -7.7        0.0        0.0        0.0      -10.2        0.0        0.0        0.0
       181.3885      -15.9        0.0       -8.0        0.0        0.0        0.0      -10.2        0.0        0.0        0.0
       181.8060      -16.0        0.0       -8.3        0.0        0.0        0.0      -10.2        0.0        0.0        0.0
       182.3488      -16.0        0.0       -8.6        0.0        0.0        0.0      -10.2        0.0        0.0        0.0
       183.0544      -16.1        0.0       -8.9        0.0        0.0        0.0      -10.2        0.0        0.0        0.0
       183.9718      -16.1        0.0       -9.2        0.0        0.0        0.0      -10.2        0.0        0.0        0.0
       185.1643      -16.2        0.0       -9.6        0.0        0.0        0.0      -10.2        0.0        0.0        0.0
       186.7146      -16.2        0.0      -10.0        0.0        0.0        0.0      -10.2        0.0        0.0        0.0
       188.7300      -16.3        0.0      -10.5        0.0        0.0        0.0      -10.2        0.0        0.0        0.0
       191.3500      -16.5        0.0      -10.9        0.0        0.0        0.0      -10.2        0.0        0.0        0.0
       194.7560      -16.6        0.0      -11.4        0.0        0.0        0.0      -10.2        0.0        0.0        0.0
       199.1837      -16.8        0.0      -11.9        0.0        0.0        0.0      -10.2        0.0        0.0        0.0
       204.9399      -16.9        0.0      -12.5        0.0        0.0        0.0      -10.2        0.0        0.0        0.0
       210.6960      -17.1        0.0      -13.0        0.0        0.0        0.0      -10.2        0.0        0.0        0.0
       218.1790      -17.3        0.0      -13.5        0.0        0.0        0.0      -10.2        0.0        0.0        0.0
       225.6619      -17.5        0.0      -14.0        0.0        0.0        0.0      -10.2        0.0        0.0        0.0
       235.3898      -17.8        0.0      -14.5        0.0        0.0        0.0      -10.2        0.0        0.0        0.0
       245.1176      -18.0        0.0      -14.9        0.0        0.0        0.0      -10.2        0.0        0.0        0.0
       254.8455      -18.2        0.0      -15.3        0.0        0.0        0.0      -10.2        0.0        0.0        0.0
       267.9898      -18.5        0.0      -15.8        0.0        0.0        0.0      -10.1        0.0        0.0        0.0
       281.1341      -18.7        0.0      -16.2        0.0        0.0        0.0      -10.1        0.0        0.0        0.0
       294.2784      -18.9        0.0      -16.6        0.0        0.0        0.0      -10.1        0.0        0.0        0.0
       310.7088      -19.2        0.0      -17.0        0.0        0.0        0.0       -9.9        0.0        0.0        0.0
       327.1392      -19.4        0.0      -17.4        0.0        0.0        0.0      -10.1        0.0        0.0        0.0
       343.5696      -19.7        0.0      -17.7        0.0        0.0        0.0       -9.6        0.0        0.0        0.0
       360.0000      -19.9        0.0      -18.1        0.0        0.0        0.0      -10.6        0.0        0.0        0.0
       368.0556      -20.0        0.0      -18.2        0.0        0.0        0.0       -9.7        0.0        0.0        0.0
       376.1113      -20.1        0.0      -18.4        0.0        0.0        0.0      -10.0        0.0        0.0        0.0
       384.1669      -20.2        0.0      -18.5        0.0        0.0        0.0       -9.7        0.0        0.0        0.0
       392.2225      -20.3        0.0      -18.7        0.0        0.0        0.0       -9.9        0.0        0.0        0.0
       400.2781      -20.4        0.0      -18.8        0.0        0.0        0.0       -9.8        0.0        0.0        0.0
       408.3338      -20.5        0.0      -18.9        0.0        0.0        0.0       -9.8        0.0        0.0        0.0
       416.3894      -20.6        0.0      -19.1        0.0        0.0        0.0       -9.8        0.0        0.0        0.0
       424.4450      -20.7        0.0      -19.2        0.0        0.0        0.0       -9.8        0.0        0.0        0.0
       432.5007      -20.8        0.0      -19.3        0.0        0.0        0.0       -9.8        0.0        0.0        0.0
       440.5563      -20.9        0.0      -19.4        0.0        0.0        0.0       -9.8        0.0        0.0        0.0
       448.6119      -21.0        0.0      -19.6        0.0        0.0        0.0       -9.8        0.0        0.0        0.0
       456.6676      -21.1        0.0      -19.7        0.0        0.0        0.0       -9.9        0.0        0.0        0.0
       464.7232      -21.2        0.0      -19.8        0.0        0.0        0.0       -9.9        0.0        0.0        0.0
       472.7788      -21.3        0.0      -19.9        0.0        0.0        0.0       -9.9        0.0        0.0        0.0
       480.8344      -21.4        0.0      -20.0        0.0        0.0        0.0       -9.9        0.0        0.0        0.0
       488.8901      -21.4        0.0      -20.1        0.0        0.0        0.0       -9.9        0.0        0.0        0.0
       496.9457      -21.5        0.0      -20.2        0.0        0.0        0.0      -10.0        0.0        0.0        0.0
       505.0013      -21.6        0.0      -20.3        0.0        0.0        0.0      -10.0        0.0        0.0        0.0
       513.0570      -21.7        0.0      -20.4        0.0        0.0        0.0      -10.0        0.0        0.0        0.0
       521.1126      -21.8        0.0      -20.5        0.0        0.0        0.0      -10.0        0.0        0.0        0.0
       529.1682      -21.8        0.0      -20.6        0.0        0.0        0.0      -10.1        0.0        0.0        0.0
       537.2239      -21.9        0.0      -20.7        0.0        0.0        0.0      -10.1        0.0        0.0        0.0
       545.2795      -22.0        0.0      -20.8        0.0        0.0        0.0      -10.1        0.0        0.0        0.0
       553.3351      -22.1        0.0      -20.8        0.0        0.0        0.0      -10.1        0.0        0.0        0.0
       561.3907      -22.1        0.0      -20.9        0.0        0.0        0.0      -10.1        0.0        0.0        0.0
       569.4464      -22.2        0.0      -21.0        0.0        0.0        0.0      -10.2        0.0        0.0        0.0
       577.5020      -22.3        0.0      -21.1        0.0        0.0        0.0      -10.2        0.0        0.0        0.0
       587.9743      -22.4        0.0      -21.2        0.0        0.0        0.0      -10.2        0.0        0.0        0.0
       601.1769      -22.5        0.0      -21.3        0.0        0.0        0.0      -10.2        0.0        0.0        0.0
       618.1516      -22.6        0.0      -21.5        0.0        0.0        0.0      -10.2        0.0        0.0        0.0
       635.1263      -22.8        0.0      -21.6        0.0        0.0        0.0      -10.3        0.0        0.0        0.0
       652.1011      -22.9        0.0      -21.8        0.0        0.0        0.0      -10.3        0.0        0.0        0.0
       669.0758      -23.0        0.0      -21.9        0.0        0.0        0.0      -10.4        0.0        0.0        0.0
       686.0505      -23.1        0.0      -22.1        0.0        0.0        0.0      -10.5        0.0        0.0        0.0
       720.0000      -23.4        0.0      -22.4        0.0        0.0        0.0      -10.7        0.0        0.0        0.0
       743.0077      -23.5        0.0      -22.5        0.0        0.0        0.0      -10.6        0.0        0.0        0.0
       766.0154      -23.7        0.0      -22.7        0.0        0.0        0.0      -10.9        0.0        0.0        0.0
       789.0230      -23.8        0.0      -22.9        0.0        0.0        0.0      -10.9        0.0        0.0        0.0
       812.0307      -23.9        0.0      -23.0        0.0        0.0        0.0      -11.1        0.0        0.0        0.0
       835.0384      -24.1        0.0      -23.2        0.0        0.0        0.0      -11.1        0.0        0.0        0.0
       858.0461      -24.2        0.0      -23.4        0.0        0.0        0.0      -11.4        0.0        0.0        0.0
       881.0538      -24.3        0.0      -23.5        0.0        0.0        0.0      -11.4        0.0        0.0        0.0
       904.0614      -24.5        0.0      -23.6        0.0        0.0        0.0      -11.6        0.0        0.0        0.0
       927.0691      -24.6        0.0      -23.8        0.0        0.0        0.0      -11.6        0.0        0.0        0.0
       950.0768      -24.7        0.0      -23.9        0.0        0.0        0.0      -11.9        0.0        0.0        0.0
       973.0845      -24.8        0.0      -24.1        0.0        0.0        0.0      -11.7        0.0        0.0        0.0
       996.0922      -25.0        0.0      -24.2        0.0        0.0        0.0      -12.2        0.0        0.0        0.0
      1019.0999      -25.1        0.0      -24.3        0.0        0.0        0.0      -11.8        0.0        0.0        0.0
      1042.1075      -25.2        0.0      -24.4        0.0        0.0        0.0      -12.5        0.0        0.0        0.0
      1058.2129      -25.3        0.0      -24.5        0.0        0.0        0.0      -12.0        0.0        0.0        0.0
      1074.3183      -25.3        0.0      -24.6        0.0        0.0        0.0      -12.3        0.0        0.0        0.0
      1090.4237      -25.4        0.0      -24.7        0.0        0.0        0.0      -12.1        0.0        0.0        0.0
      1106.5290      -25.5        0.0      -24.8        0.0        0.0        0.0      -12.3        0.0        0.0        0.0
      1122.6344      -25.5        0.0      -24.9        0.0        0.0        0.0      -12.2        0.0        0.0        0.0
      1138.7398      -25.6        0.0      -24.9        0.0        0.0        0.0      -12.3        0.0        0.0        0.0
      1154.8452      -25.7        0.0      -25.0        0.0        0.0        0.0      -12.3        0.0        0.0        0.0
      1170.9506      -25.8        0.0      -25.1        0.0        0.0        0.0      -12.3        0.0        0.0        0.0
      1187.0559      -25.8        0.0      -25.2        0.0        0.0        0.0      -12.3        0.0        0.0        0.0
      1207.9929      -25.9        0.0      -25.3        0.0        0.0        0.0      -12.4        0.0        0.0        0.0
      1233.7715      -26.0        0.0      -25.4        0.0        0.0        0.0      -12.4        0.0        0.0        0.0
      1268.1429      -26.2        0.0      -25.5        0.0        0.0        0.0      -12.4        0.0        0.0        0.0
      1311.1072      -26.4        0.0      -25.7        0.0        0.0        0.0      -12.5        0.0        0.0        0.0
      1375.5536      -26.7        0.0      -26.0        0.0        0.0        0.0      -12.7        0.0        0.0        0.0
      1440.0000      -26.9        0.0      -26.2        0.0        0.0        0.0      -12.8        0.0        0.0        0.0
end
