

     TLevel     Time          dt      Iter    ItCum

      1  0.10000000E-02  0.10000E-02    3         3
      2  0.20000001E-02  0.10000E-02    3         6
      3  0.33000001E-02  0.13000E-02    3         9
      4  0.49900000E-02  0.16900E-02    3        12
      5  0.71870000E-02  0.21970E-02    3        15
      6  0.10043100E-01  0.28561E-02    3        18
      7  0.13756029E-01  0.37129E-02    3        21
      8  0.18582838E-01  0.48268E-02    4        25
      9  0.23409646E-01  0.48268E-02    3        28
     10  0.29684497E-01  0.62749E-02    4        32
     11  0.35959347E-01  0.62749E-02    3        35
     12  0.44116653E-01  0.81573E-02    3        38
     13  0.54721150E-01  0.10604E-01    3        41
     14  0.68506995E-01  0.13786E-01    4        45
     15  0.82292841E-01  0.13786E-01    4        49
     16  0.96078686E-01  0.13786E-01    4        53
     17  0.10986453E+00  0.13786E-01    4        57
     18  0.12365038E+00  0.13786E-01    3        60
     19  0.14157198E+00  0.17922E-01    4        64
     20  0.15949357E+00  0.17922E-01    4        68
     21  0.17741517E+00  0.17922E-01    4        72
     22  0.19533677E+00  0.17922E-01    3        75
     23  0.21863485E+00  0.23298E-01    4        79
     24  0.24193293E+00  0.23298E-01    3        82
     25  0.27222043E+00  0.30287E-01    4        86
     26  0.30250792E+00  0.30287E-01    4        90
     27  0.33279542E+00  0.30287E-01    4        94
     28  0.36308292E+00  0.30287E-01    3        97
     29  0.40245667E+00  0.39374E-01    4       101
     30  0.44183042E+00  0.39374E-01    4       105
     31  0.48120417E+00  0.39374E-01    3       108
     32  0.53239003E+00  0.51186E-01    4       112
     33  0.58357590E+00  0.51186E-01    4       116
     34  0.63476177E+00  0.51186E-01    4       120
     35  0.68594764E+00  0.51186E-01    3       123
     36  0.75248927E+00  0.66542E-01    4       127
     37  0.81903089E+00  0.66542E-01    4       131
     38  0.88557252E+00  0.66542E-01    4       135
     39  0.95211415E+00  0.66542E-01    3       138
     40  0.10386183E+01  0.86504E-01    4       142
     41  0.11251224E+01  0.86504E-01    4       146
     42  0.12116265E+01  0.86504E-01    4       150
     43  0.12981306E+01  0.86504E-01    4       154
     44  0.13846347E+01  0.86504E-01    4       158
     45  0.14711388E+01  0.86504E-01    3       161
     46  0.15835941E+01  0.11246E+00    4       165
     47  0.16960495E+01  0.11246E+00    4       169
     48  0.18085048E+01  0.11246E+00    4       173
     49  0.19209602E+01  0.11246E+00    3       176
     50  0.20671521E+01  0.14619E+00    4       180
     51  0.22133440E+01  0.14619E+00    4       184
     52  0.23595360E+01  0.14619E+00    4       188
     53  0.25057279E+01  0.14619E+00    4       192
     54  0.26519199E+01  0.14619E+00    3       195
     55  0.28419694E+01  0.19005E+00    4       199
     56  0.30320189E+01  0.19005E+00    4       203
     57  0.32220684E+01  0.19005E+00    4       207
     58  0.34121179E+01  0.19005E+00    4       211
     59  0.36021674E+01  0.19005E+00    3       214
     60  0.38492318E+01  0.24706E+00    4       218
     61  0.40962961E+01  0.24706E+00    4       222
     62  0.43433605E+01  0.24706E+00    4       226
     63  0.45904248E+01  0.24706E+00    3       229
     64  0.49116085E+01  0.32118E+00    4       233
     65  0.52327921E+01  0.32118E+00    4       237
     66  0.55539758E+01  0.32118E+00    4       241
     67  0.58751594E+01  0.32118E+00    4       245
     68  0.61963431E+01  0.32118E+00    3       248
     69  0.66138818E+01  0.41754E+00    4       252
     70  0.70314206E+01  0.41754E+00    4       256
     71  0.74489593E+01  0.41754E+00    4       260
     72  0.78664980E+01  0.41754E+00    4       264
     73  0.82840368E+01  0.41754E+00    4       268
     74  0.87015755E+01  0.41754E+00    3       271
     75  0.92443758E+01  0.54280E+00    4       275
     76  0.97871761E+01  0.54280E+00    4       279
     77  0.10308458E+02  0.52128E+00    4       283
     78  0.10829741E+02  0.52128E+00    3       286
     79  0.11524784E+02  0.69504E+00    4       290
     80  0.12219827E+02  0.69504E+00    4       294
     81  0.12914870E+02  0.69504E+00    4       298
     82  0.13609914E+02  0.69504E+00    4       302
     83  0.14304957E+02  0.69504E+00    3       305
     84  0.15000000E+02  0.69504E+00    3       308
     85  0.15917332E+02  0.91733E+00    4       312
     86  0.16834665E+02  0.91733E+00    4       316
     87  0.17751997E+02  0.91733E+00    4       320
     88  0.18669330E+02  0.91733E+00    3       323
     89  0.19861862E+02  0.11925E+01    4       327
     90  0.21054394E+02  0.11925E+01    4       331
     91  0.22246926E+02  0.11925E+01    4       335
     92  0.23439459E+02  0.11925E+01    3       338
     93  0.24989750E+02  0.15503E+01    4       342
     94  0.26540042E+02  0.15503E+01    4       346
     95  0.28090334E+02  0.15503E+01    4       350
     96  0.29640626E+02  0.15503E+01    3       353
     97  0.31656005E+02  0.20154E+01    4       357
     98  0.33671384E+02  0.20154E+01    4       361
     99  0.35686763E+02  0.20154E+01    3       364
    100  0.38388234E+02  0.27015E+01    5       369
    101  0.41089705E+02  0.27015E+01    4       373
    102  0.43791176E+02  0.27015E+01    3       376
    103  0.47032940E+02  0.32418E+01    3       379
    104  0.51355293E+02  0.43224E+01    5       384
    105  0.55677647E+02  0.43224E+01    5       389
    106  0.60000000E+02  0.43224E+01    4       393
    107  0.64427787E+02  0.44278E+01    3       396
    108  0.69985009E+02  0.55572E+01    4       400
    109  0.75542230E+02  0.55572E+01    4       404
    110  0.81099452E+02  0.55572E+01    4       408
    111  0.86656673E+02  0.55572E+01    3       411
    112  0.94992504E+02  0.83358E+01    4       415
    113  0.10332834E+03  0.83358E+01    4       419
    114  0.11166417E+03  0.83358E+01    4       423
    115  0.12000000E+03  0.83358E+01    4       427
    116  0.12750000E+03  0.75000E+01    3       430
    117  0.13800000E+03  0.10500E+02    5       435
    118  0.14850000E+03  0.10500E+02    4       439
    119  0.15900000E+03  0.10500E+02    3       442
    120  0.16950000E+03  0.10500E+02    3       445
    121  0.18000000E+03  0.10500E+02    3       448
    122  0.18000100E+03  0.10000E-02    2       450
    123  0.18000230E+03  0.13000E-02    2       452
    124  0.18000399E+03  0.16900E-02    2       454
    125  0.18000619E+03  0.21970E-02    2       456
    126  0.18000904E+03  0.28561E-02    2       458
    127  0.18001276E+03  0.37129E-02    2       460
    128  0.18001758E+03  0.48268E-02    2       462
    129  0.18002386E+03  0.62749E-02    2       464
    130  0.18003202E+03  0.81573E-02    2       466
    131  0.18004262E+03  0.10604E-01    2       468
    132  0.18005641E+03  0.13786E-01    2       470
    133  0.18007433E+03  0.17922E-01    2       472
    134  0.18009763E+03  0.23298E-01    2       474
    135  0.18012791E+03  0.30287E-01    2       476
    136  0.18016729E+03  0.39374E-01    2       478
    137  0.18021847E+03  0.51186E-01    2       480
    138  0.18028501E+03  0.66542E-01    3       483
    139  0.18037152E+03  0.86504E-01    3       486
    140  0.18048397E+03  0.11246E+00    3       489
    141  0.18063017E+03  0.14619E+00    3       492
    142  0.18082021E+03  0.19005E+00    3       495
    143  0.18106728E+03  0.24706E+00    3       498
    144  0.18138846E+03  0.32118E+00    3       501
    145  0.18180600E+03  0.41754E+00    3       504
    146  0.18234880E+03  0.54280E+00    3       507
    147  0.18305444E+03  0.70564E+00    3       510
    148  0.18397177E+03  0.91733E+00    3       513
    149  0.18516431E+03  0.11925E+01    3       516
    150  0.18671460E+03  0.15503E+01    3       519
    151  0.18872998E+03  0.20154E+01    3       522
    152  0.19134997E+03  0.26200E+01    3       525
    153  0.19475596E+03  0.34060E+01    3       528
    154  0.19918375E+03  0.44278E+01    3       531
    155  0.20493987E+03  0.57561E+01    4       535
    156  0.21069599E+03  0.57561E+01    3       538
    157  0.21817895E+03  0.74830E+01    4       542
    158  0.22566191E+03  0.74830E+01    3       545
    159  0.23538976E+03  0.97278E+01    4       549
    160  0.24511761E+03  0.97278E+01    4       553
    161  0.25484546E+03  0.97278E+01    3       556
    162  0.26798977E+03  0.13144E+02    4       560
    163  0.28113409E+03  0.13144E+02    4       564
    164  0.29427841E+03  0.13144E+02    3       567
    165  0.31070881E+03  0.16430E+02    5       572
    166  0.32713920E+03  0.16430E+02    6       578
    167  0.34356960E+03  0.16430E+02    7       585
    168  0.36000000E+03  0.16430E+02    8       593
    169  0.36805563E+03  0.80556E+01    6       599
    170  0.37611126E+03  0.80556E+01    6       605
    171  0.38416689E+03  0.80556E+01    6       611
    172  0.39222252E+03  0.80556E+01    6       617
    173  0.40027815E+03  0.80556E+01    5       622
    174  0.40833378E+03  0.80556E+01    6       628
    175  0.41638941E+03  0.80556E+01    5       633
    176  0.42444504E+03  0.80556E+01    6       639
    177  0.43250067E+03  0.80556E+01    5       644
    178  0.44055630E+03  0.80556E+01    6       650
    179  0.44861193E+03  0.80556E+01    5       655
    180  0.45666756E+03  0.80556E+01    6       661
    181  0.46472319E+03  0.80556E+01    5       666
    182  0.47277882E+03  0.80556E+01    5       671
    183  0.48083445E+03  0.80556E+01    5       676
    184  0.48889008E+03  0.80556E+01    5       681
    185  0.49694571E+03  0.80556E+01    5       686
    186  0.50500134E+03  0.80556E+01    5       691
    187  0.51305697E+03  0.80556E+01    5       696
    188  0.52111260E+03  0.80556E+01    5       701
    189  0.52916823E+03  0.80556E+01    5       706
    190  0.53722385E+03  0.80556E+01    5       711
    191  0.54527948E+03  0.80556E+01    5       716
    192  0.55333511E+03  0.80556E+01    5       721
    193  0.56139074E+03  0.80556E+01    4       725
    194  0.56944637E+03  0.80556E+01    4       729
    195  0.57750200E+03  0.80556E+01    2       731
    196  0.58797432E+03  0.10472E+02    3       734
    197  0.60117689E+03  0.13203E+02    3       737
    198  0.61815162E+03  0.16975E+02    5       742
    199  0.63512635E+03  0.16975E+02    5       747
    200  0.65210108E+03  0.16975E+02    5       752
    201  0.66907581E+03  0.16975E+02    4       756
    202  0.68605054E+03  0.16975E+02    3       759
    203  0.72000000E+03  0.33949E+02    6       765
    204  0.74300768E+03  0.23008E+02    5       770
    205  0.76601536E+03  0.23008E+02    6       776
    206  0.78902304E+03  0.23008E+02    5       781
    207  0.81203072E+03  0.23008E+02    6       787
    208  0.83503841E+03  0.23008E+02    5       792
    209  0.85804609E+03  0.23008E+02    6       798
    210  0.88105377E+03  0.23008E+02    5       803
    211  0.90406145E+03  0.23008E+02    6       809
    212  0.92706913E+03  0.23008E+02    5       814
    213  0.95007681E+03  0.23008E+02    6       820
    214  0.97308449E+03  0.23008E+02    6       826
    215  0.99609217E+03  0.23008E+02    6       832
    216  0.10190999E+04  0.23008E+02    6       838
    217  0.10421075E+04  0.23008E+02    7       845
    218  0.10582129E+04  0.16105E+02    6       851
    219  0.10743183E+04  0.16105E+02    6       857
    220  0.10904237E+04  0.16105E+02    5       862
    221  0.11065290E+04  0.16105E+02    5       867
    222  0.11226344E+04  0.16105E+02    5       872
    223  0.11387398E+04  0.16105E+02    5       877
    224  0.11548452E+04  0.16105E+02    4       881
    225  0.11709506E+04  0.16105E+02    4       885
    226  0.11870559E+04  0.16105E+02    2       887
    227  0.12079929E+04  0.20937E+02    2       889
    228  0.12337715E+04  0.25779E+02    2       891
    229  0.12681429E+04  0.34371E+02    3       894
    230  0.13111072E+04  0.42964E+02    3       897
    231  0.13755536E+04  0.64446E+02    5       902
    232  0.14400000E+04  0.64446E+02    3       905
end
