 FileVersion=0003
 Welcome to HYDRUS                                                       
 
 Program HYDRUS3
 Date:   6. 2.2018    Time:  14:37:12
 Time dependent boundary conditions
 
 Units: L = cm   , T = min  , M = mmol 
 
 All fluxes (v) are positive out of the region
        Time       rAtm       rRoot      vAtm       vRoot      vKode3     vKode1     vSeep      vKode5     vKode6     vKode7     vKode8     vKode9    RunOff      Evapor    Infiltr     SnowLayer...
         [T]      [L/T]       [L/T]     [L/T]       [L/T]      [L3/T]     [L3/T]    [L3/T]      [L3/T]     [L3/T]     [L3/T]     [L3/T]     [L3/T]     [L/T]       [L/T]     [L/T]         [L]

         0.0010  0.000E+00  0.278E-03  0.000E+00  0.000E+00 -0.718E+02  0.000E+00  0.000E+00  0.000E+00  0.669E+02  0.000E+00  0.000E+00  0.000E+00  0.000E+00  0.000E+00  0.000E+00  0.000E+00
         0.0020  0.000E+00  0.278E-03  0.000E+00  0.000E+00 -0.718E+02  0.000E+00  0.000E+00  0.000E+00  0.669E+02  0.000E+00  0.000E+00  0.000E+00  0.000E+00  0.000E+00  0.000E+00  0.000E+00
         0.0033  0.000E+00  0.278E-03  0.000E+00  0.000E+00 -0.718E+02  0.000E+00  0.000E+00  0.000E+00  0.669E+02  0.000E+00  0.000E+00  0.000E+00  0.000E+00  0.000E+00  0.000E+00  0.000E+00
         0.0050  0.000E+00  0.278E-03  0.000E+00  0.000E+00 -0.718E+02  0.000E+00  0.000E+00  0.000E+00  0.669E+02  0.000E+00  0.000E+00  0.000E+00  0.000E+00  0.000E+00  0.000E+00  0.000E+00
         0.0072  0.000E+00  0.278E-03  0.000E+00  0.000E+00 -0.718E+02  0.000E+00  0.000E+00  0.000E+00  0.669E+02  0.000E+00  0.000E+00  0.000E+00  0.000E+00  0.000E+00  0.000E+00  0.000E+00
         0.0100  0.000E+00  0.278E-03  0.000E+00  0.000E+00 -0.718E+02  0.000E+00  0.000E+00  0.000E+00  0.669E+02  0.000E+00  0.000E+00  0.000E+00  0.000E+00  0.000E+00  0.000E+00  0.000E+00
         0.0138  0.000E+00  0.278E-03  0.000E+00  0.000E+00 -0.718E+02  0.000E+00  0.000E+00  0.000E+00  0.669E+02  0.000E+00  0.000E+00  0.000E+00  0.000E+00  0.000E+00  0.000E+00  0.000E+00
         0.0186  0.000E+00  0.278E-03  0.000E+00  0.000E+00 -0.718E+02  0.000E+00  0.000E+00  0.000E+00  0.669E+02  0.000E+00  0.000E+00  0.000E+00  0.000E+00  0.000E+00  0.000E+00  0.000E+00
         0.0234  0.000E+00  0.278E-03  0.000E+00  0.000E+00 -0.718E+02  0.000E+00  0.000E+00  0.000E+00  0.669E+02  0.000E+00  0.000E+00  0.000E+00  0.000E+00  0.000E+00  0.000E+00  0.000E+00
         0.0297  0.000E+00  0.278E-03  0.000E+00  0.000E+00 -0.718E+02  0.000E+00  0.000E+00  0.000E+00  0.669E+02  0.000E+00  0.000E+00  0.000E+00  0.000E+00  0.000E+00  0.000E+00  0.000E+00
         0.0360  0.000E+00  0.278E-03  0.000E+00  0.000E+00 -0.718E+02  0.000E+00  0.000E+00  0.000E+00  0.669E+02  0.000E+00  0.000E+00  0.000E+00  0.000E+00  0.000E+00  0.000E+00  0.000E+00
         0.0441  0.000E+00  0.278E-03  0.000E+00  0.000E+00 -0.718E+02  0.000E+00  0.000E+00  0.000E+00  0.669E+02  0.000E+00  0.000E+00  0.000E+00  0.000E+00  0.000E+00  0.000E+00  0.000E+00
         0.0547  0.000E+00  0.278E-03  0.000E+00  0.000E+00 -0.718E+02  0.000E+00  0.000E+00  0.000E+00  0.669E+02  0.000E+00  0.000E+00  0.000E+00  0.000E+00  0.000E+00  0.000E+00  0.000E+00
         0.0685  0.000E+00  0.278E-03  0.000E+00  0.000E+00 -0.718E+02  0.000E+00  0.000E+00  0.000E+00  0.669E+02  0.000E+00  0.000E+00  0.000E+00  0.000E+00  0.000E+00  0.000E+00  0.000E+00
         0.0823  0.000E+00  0.278E-03  0.000E+00  0.000E+00 -0.718E+02  0.000E+00  0.000E+00  0.000E+00  0.669E+02  0.000E+00  0.000E+00  0.000E+00  0.000E+00  0.000E+00  0.000E+00  0.000E+00
         0.0961  0.000E+00  0.278E-03  0.000E+00  0.000E+00 -0.718E+02  0.000E+00  0.000E+00  0.000E+00  0.669E+02  0.000E+00  0.000E+00  0.000E+00  0.000E+00  0.000E+00  0.000E+00  0.000E+00
         0.1099  0.000E+00  0.278E-03  0.000E+00  0.000E+00 -0.718E+02  0.000E+00  0.000E+00  0.000E+00  0.669E+02  0.000E+00  0.000E+00  0.000E+00  0.000E+00  0.000E+00  0.000E+00  0.000E+00
         0.1237  0.000E+00  0.278E-03  0.000E+00  0.000E+00 -0.718E+02  0.000E+00  0.000E+00  0.000E+00  0.669E+02  0.000E+00  0.000E+00  0.000E+00  0.000E+00  0.000E+00  0.000E+00  0.000E+00
         0.1416  0.000E+00  0.278E-03  0.000E+00  0.000E+00 -0.718E+02  0.000E+00  0.000E+00  0.000E+00  0.669E+02  0.000E+00  0.000E+00  0.000E+00  0.000E+00  0.000E+00  0.000E+00  0.000E+00
         0.1595  0.000E+00  0.278E-03  0.000E+00  0.000E+00 -0.718E+02  0.000E+00  0.000E+00  0.000E+00  0.669E+02  0.000E+00  0.000E+00  0.000E+00  0.000E+00  0.000E+00  0.000E+00  0.000E+00
         0.1774  0.000E+00  0.278E-03  0.000E+00  0.000E+00 -0.718E+02  0.000E+00  0.000E+00  0.000E+00  0.669E+02  0.000E+00  0.000E+00  0.000E+00  0.000E+00  0.000E+00  0.000E+00  0.000E+00
         0.1953  0.000E+00  0.278E-03  0.000E+00  0.000E+00 -0.718E+02  0.000E+00  0.000E+00  0.000E+00  0.669E+02  0.000E+00  0.000E+00  0.000E+00  0.000E+00  0.000E+00  0.000E+00  0.000E+00
         0.2186  0.000E+00  0.278E-03  0.000E+00  0.000E+00 -0.718E+02  0.000E+00  0.000E+00  0.000E+00  0.669E+02  0.000E+00  0.000E+00  0.000E+00  0.000E+00  0.000E+00  0.000E+00  0.000E+00
         0.2419  0.000E+00  0.278E-03  0.000E+00  0.000E+00 -0.718E+02  0.000E+00  0.000E+00  0.000E+00  0.669E+02  0.000E+00  0.000E+00  0.000E+00  0.000E+00  0.000E+00  0.000E+00  0.000E+00
         0.2722  0.000E+00  0.278E-03  0.000E+00  0.000E+00 -0.718E+02  0.000E+00  0.000E+00  0.000E+00  0.669E+02  0.000E+00  0.000E+00  0.000E+00  0.000E+00  0.000E+00  0.000E+00  0.000E+00
         0.3025  0.000E+00  0.278E-03  0.000E+00  0.000E+00 -0.718E+02  0.000E+00  0.000E+00  0.000E+00  0.669E+02  0.000E+00  0.000E+00  0.000E+00  0.000E+00  0.000E+00  0.000E+00  0.000E+00
         0.3328  0.000E+00  0.278E-03  0.000E+00  0.000E+00 -0.718E+02  0.000E+00  0.000E+00  0.000E+00  0.669E+02  0.000E+00  0.000E+00  0.000E+00  0.000E+00  0.000E+00  0.000E+00  0.000E+00
         0.3631  0.000E+00  0.278E-03  0.000E+00  0.000E+00 -0.718E+02  0.000E+00  0.000E+00  0.000E+00  0.669E+02  0.000E+00  0.000E+00  0.000E+00  0.000E+00  0.000E+00  0.000E+00  0.000E+00
         0.4025  0.000E+00  0.278E-03  0.000E+00  0.000E+00 -0.718E+02  0.000E+00  0.000E+00  0.000E+00  0.669E+02  0.000E+00  0.000E+00  0.000E+00  0.000E+00  0.000E+00  0.000E+00  0.000E+00
         0.4418  0.000E+00  0.278E-03  0.000E+00  0.000E+00 -0.718E+02  0.000E+00  0.000E+00  0.000E+00  0.669E+02  0.000E+00  0.000E+00  0.000E+00  0.000E+00  0.000E+00  0.000E+00  0.000E+00
         0.4812  0.000E+00  0.278E-03  0.000E+00  0.000E+00 -0.718E+02  0.000E+00  0.000E+00  0.000E+00  0.669E+02  0.000E+00  0.000E+00  0.000E+00  0.000E+00  0.000E+00  0.000E+00  0.000E+00
         0.5324  0.000E+00  0.278E-03  0.000E+00  0.000E+00 -0.718E+02  0.000E+00  0.000E+00  0.000E+00  0.669E+02  0.000E+00  0.000E+00  0.000E+00  0.000E+00  0.000E+00  0.000E+00  0.000E+00
         0.5836  0.000E+00  0.278E-03  0.000E+00  0.000E+00 -0.718E+02  0.000E+00  0.000E+00  0.000E+00  0.669E+02  0.000E+00  0.000E+00  0.000E+00  0.000E+00  0.000E+00  0.000E+00  0.000E+00
         0.6348  0.000E+00  0.278E-03  0.000E+00  0.000E+00 -0.718E+02  0.000E+00  0.000E+00  0.000E+00  0.669E+02  0.000E+00  0.000E+00  0.000E+00  0.000E+00  0.000E+00  0.000E+00  0.000E+00
         0.6859  0.000E+00  0.278E-03  0.000E+00  0.000E+00 -0.718E+02  0.000E+00  0.000E+00  0.000E+00  0.669E+02  0.000E+00  0.000E+00  0.000E+00  0.000E+00  0.000E+00  0.000E+00  0.000E+00
         0.7525  0.000E+00  0.278E-03  0.000E+00  0.000E+00 -0.718E+02  0.000E+00  0.000E+00  0.000E+00  0.669E+02  0.000E+00  0.000E+00  0.000E+00  0.000E+00  0.000E+00  0.000E+00  0.000E+00
         0.8190  0.000E+00  0.278E-03  0.000E+00  0.000E+00 -0.718E+02  0.000E+00  0.000E+00  0.000E+00  0.669E+02  0.000E+00  0.000E+00  0.000E+00  0.000E+00  0.000E+00  0.000E+00  0.000E+00
         0.8856  0.000E+00  0.278E-03  0.000E+00  0.000E+00 -0.718E+02  0.000E+00  0.000E+00  0.000E+00  0.669E+02  0.000E+00  0.000E+00  0.000E+00  0.000E+00  0.000E+00  0.000E+00  0.000E+00
         0.9521  0.000E+00  0.278E-03  0.000E+00  0.000E+00 -0.718E+02  0.000E+00  0.000E+00  0.000E+00  0.669E+02  0.000E+00  0.000E+00  0.000E+00  0.000E+00  0.000E+00  0.000E+00  0.000E+00
         1.0386  0.000E+00  0.278E-03  0.000E+00  0.000E+00 -0.718E+02  0.000E+00  0.000E+00  0.000E+00  0.669E+02  0.000E+00  0.000E+00  0.000E+00  0.000E+00  0.000E+00  0.000E+00  0.000E+00
         1.1251  0.000E+00  0.278E-03  0.000E+00  0.000E+00 -0.718E+02  0.000E+00  0.000E+00  0.000E+00  0.669E+02  0.000E+00  0.000E+00  0.000E+00  0.000E+00  0.000E+00  0.000E+00  0.000E+00
         1.2116  0.000E+00  0.278E-03  0.000E+00  0.000E+00 -0.718E+02  0.000E+00  0.000E+00  0.000E+00  0.669E+02  0.000E+00  0.000E+00  0.000E+00  0.000E+00  0.000E+00  0.000E+00  0.000E+00
         1.2981  0.000E+00  0.278E-03  0.000E+00  0.000E+00 -0.718E+02  0.000E+00  0.000E+00  0.000E+00  0.669E+02  0.000E+00  0.000E+00  0.000E+00  0.000E+00  0.000E+00  0.000E+00  0.000E+00
         1.3846  0.000E+00  0.278E-03  0.000E+00  0.000E+00 -0.718E+02  0.000E+00  0.000E+00  0.000E+00  0.669E+02  0.000E+00  0.000E+00  0.000E+00  0.000E+00  0.000E+00  0.000E+00  0.000E+00
         1.4711  0.000E+00  0.278E-03  0.000E+00  0.000E+00 -0.718E+02  0.000E+00  0.000E+00  0.000E+00  0.669E+02  0.000E+00  0.000E+00  0.000E+00  0.000E+00  0.000E+00  0.000E+00  0.000E+00
         1.5836  0.000E+00  0.278E-03  0.000E+00  0.000E+00 -0.718E+02  0.000E+00  0.000E+00  0.000E+00  0.669E+02  0.000E+00  0.000E+00  0.000E+00  0.000E+00  0.000E+00  0.000E+00  0.000E+00
         1.6960  0.000E+00  0.278E-03  0.000E+00  0.000E+00 -0.718E+02  0.000E+00  0.000E+00  0.000E+00  0.669E+02  0.000E+00  0.000E+00  0.000E+00  0.000E+00  0.000E+00  0.000E+00  0.000E+00
         1.8085  0.000E+00  0.278E-03  0.000E+00  0.000E+00 -0.718E+02  0.000E+00  0.000E+00  0.000E+00  0.669E+02  0.000E+00  0.000E+00  0.000E+00  0.000E+00  0.000E+00  0.000E+00  0.000E+00
         1.9210  0.000E+00  0.278E-03  0.000E+00  0.000E+00 -0.718E+02  0.000E+00  0.000E+00  0.000E+00  0.669E+02  0.000E+00  0.000E+00  0.000E+00  0.000E+00  0.000E+00  0.000E+00  0.000E+00
         2.0672  0.000E+00  0.278E-03  0.000E+00  0.000E+00 -0.718E+02  0.000E+00  0.000E+00  0.000E+00  0.669E+02  0.000E+00  0.000E+00  0.000E+00  0.000E+00  0.000E+00  0.000E+00  0.000E+00
         2.2133  0.000E+00  0.278E-03  0.000E+00  0.000E+00 -0.718E+02  0.000E+00  0.000E+00  0.000E+00  0.669E+02  0.000E+00  0.000E+00  0.000E+00  0.000E+00  0.000E+00  0.000E+00  0.000E+00
         2.3595  0.000E+00  0.278E-03  0.000E+00  0.000E+00 -0.718E+02  0.000E+00  0.000E+00  0.000E+00  0.669E+02  0.000E+00  0.000E+00  0.000E+00  0.000E+00  0.000E+00  0.000E+00  0.000E+00
         2.5057  0.000E+00  0.278E-03  0.000E+00  0.000E+00 -0.718E+02  0.000E+00  0.000E+00  0.000E+00  0.669E+02  0.000E+00  0.000E+00  0.000E+00  0.000E+00  0.000E+00  0.000E+00  0.000E+00
         2.6519  0.000E+00  0.278E-03  0.000E+00  0.000E+00 -0.718E+02  0.000E+00  0.000E+00  0.000E+00  0.669E+02  0.000E+00  0.000E+00  0.000E+00  0.000E+00  0.000E+00  0.000E+00  0.000E+00
         2.8420  0.000E+00  0.278E-03  0.000E+00  0.000E+00 -0.718E+02  0.000E+00  0.000E+00  0.000E+00  0.669E+02  0.000E+00  0.000E+00  0.000E+00  0.000E+00  0.000E+00  0.000E+00  0.000E+00
         3.0320  0.000E+00  0.278E-03  0.000E+00  0.000E+00 -0.718E+02  0.000E+00  0.000E+00  0.000E+00  0.669E+02  0.000E+00  0.000E+00  0.000E+00  0.000E+00  0.000E+00  0.000E+00  0.000E+00
         3.2221  0.000E+00  0.278E-03  0.000E+00  0.000E+00 -0.718E+02  0.000E+00  0.000E+00  0.000E+00  0.669E+02  0.000E+00  0.000E+00  0.000E+00  0.000E+00  0.000E+00  0.000E+00  0.000E+00
         3.4121  0.000E+00  0.278E-03  0.000E+00  0.000E+00 -0.718E+02  0.000E+00  0.000E+00  0.000E+00  0.669E+02  0.000E+00  0.000E+00  0.000E+00  0.000E+00  0.000E+00  0.000E+00  0.000E+00
         3.6022  0.000E+00  0.278E-03  0.000E+00  0.000E+00 -0.718E+02  0.000E+00  0.000E+00  0.000E+00  0.669E+02  0.000E+00  0.000E+00  0.000E+00  0.000E+00  0.000E+00  0.000E+00  0.000E+00
         3.8492  0.000E+00  0.278E-03  0.000E+00  0.000E+00 -0.718E+02  0.000E+00  0.000E+00  0.000E+00  0.669E+02  0.000E+00  0.000E+00  0.000E+00  0.000E+00  0.000E+00  0.000E+00  0.000E+00
         4.0963  0.000E+00  0.278E-03  0.000E+00  0.000E+00 -0.718E+02  0.000E+00  0.000E+00  0.000E+00  0.669E+02  0.000E+00  0.000E+00  0.000E+00  0.000E+00  0.000E+00  0.000E+00  0.000E+00
         4.3434  0.000E+00  0.278E-03  0.000E+00  0.000E+00 -0.718E+02  0.000E+00  0.000E+00  0.000E+00  0.669E+02  0.000E+00  0.000E+00  0.000E+00  0.000E+00  0.000E+00  0.000E+00  0.000E+00
         4.5904  0.000E+00  0.278E-03  0.000E+00  0.000E+00 -0.718E+02  0.000E+00  0.000E+00  0.000E+00  0.669E+02  0.000E+00  0.000E+00  0.000E+00  0.000E+00  0.000E+00  0.000E+00  0.000E+00
         4.9116  0.000E+00  0.278E-03  0.000E+00  0.000E+00 -0.718E+02  0.000E+00  0.000E+00  0.000E+00  0.669E+02  0.000E+00  0.000E+00  0.000E+00  0.000E+00  0.000E+00  0.000E+00  0.000E+00
         5.2328  0.000E+00  0.278E-03  0.000E+00  0.000E+00 -0.718E+02  0.000E+00  0.000E+00  0.000E+00  0.669E+02  0.000E+00  0.000E+00  0.000E+00  0.000E+00  0.000E+00  0.000E+00  0.000E+00
         5.5540  0.000E+00  0.278E-03  0.000E+00  0.000E+00 -0.718E+02  0.000E+00  0.000E+00  0.000E+00  0.669E+02  0.000E+00  0.000E+00  0.000E+00  0.000E+00  0.000E+00  0.000E+00  0.000E+00
         5.8752  0.000E+00  0.278E-03  0.000E+00  0.000E+00 -0.718E+02  0.000E+00  0.000E+00  0.000E+00  0.669E+02  0.000E+00  0.000E+00  0.000E+00  0.000E+00  0.000E+00  0.000E+00  0.000E+00
         6.1963  0.000E+00  0.278E-03  0.000E+00  0.000E+00 -0.718E+02  0.000E+00  0.000E+00  0.000E+00  0.669E+02  0.000E+00  0.000E+00  0.000E+00  0.000E+00  0.000E+00  0.000E+00  0.000E+00
         6.6139  0.000E+00  0.278E-03  0.000E+00  0.000E+00 -0.718E+02  0.000E+00  0.000E+00  0.000E+00  0.669E+02  0.000E+00  0.000E+00  0.000E+00  0.000E+00  0.000E+00  0.000E+00  0.000E+00
         7.0314  0.000E+00  0.278E-03  0.000E+00  0.000E+00 -0.718E+02  0.000E+00  0.000E+00  0.000E+00  0.669E+02  0.000E+00  0.000E+00  0.000E+00  0.000E+00  0.000E+00  0.000E+00  0.000E+00
         7.4490  0.000E+00  0.278E-03  0.000E+00  0.000E+00 -0.718E+02  0.000E+00  0.000E+00  0.000E+00  0.669E+02  0.000E+00  0.000E+00  0.000E+00  0.000E+00  0.000E+00  0.000E+00  0.000E+00
         7.8665  0.000E+00  0.278E-03  0.000E+00  0.000E+00 -0.718E+02  0.000E+00  0.000E+00  0.000E+00  0.669E+02  0.000E+00  0.000E+00  0.000E+00  0.000E+00  0.000E+00  0.000E+00  0.000E+00
         8.2840  0.000E+00  0.278E-03  0.000E+00  0.000E+00 -0.718E+02  0.000E+00  0.000E+00  0.000E+00  0.669E+02  0.000E+00  0.000E+00  0.000E+00  0.000E+00  0.000E+00  0.000E+00  0.000E+00
         8.7016  0.000E+00  0.278E-03  0.000E+00  0.000E+00 -0.718E+02  0.000E+00  0.000E+00  0.000E+00  0.669E+02  0.000E+00  0.000E+00  0.000E+00  0.000E+00  0.000E+00  0.000E+00  0.000E+00
         9.2444  0.000E+00  0.278E-03  0.000E+00  0.000E+00 -0.718E+02  0.000E+00  0.000E+00  0.000E+00  0.669E+02  0.000E+00  0.000E+00  0.000E+00  0.000E+00  0.000E+00  0.000E+00  0.000E+00
         9.7872  0.000E+00  0.278E-03  0.000E+00  0.000E+00 -0.718E+02  0.000E+00  0.000E+00  0.000E+00  0.669E+02  0.000E+00  0.000E+00  0.000E+00  0.000E+00  0.000E+00  0.000E+00  0.000E+00
        10.3085  0.000E+00  0.278E-03  0.000E+00  0.000E+00 -0.718E+02  0.000E+00  0.000E+00  0.000E+00  0.669E+02  0.000E+00  0.000E+00  0.000E+00  0.000E+00  0.000E+00  0.000E+00  0.000E+00
        10.8297  0.000E+00  0.278E-03  0.000E+00  0.000E+00 -0.718E+02  0.000E+00  0.000E+00  0.000E+00  0.669E+02  0.000E+00  0.000E+00  0.000E+00  0.000E+00  0.000E+00  0.000E+00  0.000E+00
        11.5248  0.000E+00  0.278E-03  0.000E+00  0.000E+00 -0.718E+02  0.000E+00  0.000E+00  0.000E+00  0.669E+02  0.000E+00  0.000E+00  0.000E+00  0.000E+00  0.000E+00  0.000E+00  0.000E+00
        12.2198  0.000E+00  0.278E-03  0.000E+00  0.000E+00 -0.718E+02  0.000E+00  0.000E+00  0.000E+00  0.669E+02  0.000E+00  0.000E+00  0.000E+00  0.000E+00  0.000E+00  0.000E+00  0.000E+00
        12.9149  0.000E+00  0.278E-03  0.000E+00  0.000E+00 -0.718E+02  0.000E+00  0.000E+00  0.000E+00  0.669E+02  0.000E+00  0.000E+00  0.000E+00  0.000E+00  0.000E+00  0.000E+00  0.000E+00
        13.6099  0.000E+00  0.278E-03  0.000E+00  0.000E+00 -0.718E+02  0.000E+00  0.000E+00  0.000E+00  0.669E+02  0.000E+00  0.000E+00  0.000E+00  0.000E+00  0.000E+00  0.000E+00  0.000E+00
        14.3050  0.000E+00  0.278E-03  0.000E+00  0.000E+00 -0.718E+02  0.000E+00  0.000E+00  0.000E+00  0.669E+02  0.000E+00  0.000E+00  0.000E+00  0.000E+00  0.000E+00  0.000E+00  0.000E+00
        15.0000  0.000E+00  0.278E-03  0.000E+00  0.000E+00 -0.718E+02  0.000E+00  0.000E+00  0.000E+00  0.669E+02  0.000E+00  0.000E+00  0.000E+00  0.000E+00  0.000E+00  0.000E+00  0.000E+00
        15.9173  0.000E+00  0.278E-03  0.000E+00  0.000E+00 -0.718E+02  0.000E+00  0.000E+00  0.000E+00  0.669E+02  0.000E+00  0.000E+00  0.000E+00  0.000E+00  0.000E+00  0.000E+00  0.000E+00
        16.8347  0.000E+00  0.278E-03  0.000E+00  0.000E+00 -0.718E+02  0.000E+00  0.000E+00  0.000E+00  0.669E+02  0.000E+00  0.000E+00  0.000E+00  0.000E+00  0.000E+00  0.000E+00  0.000E+00
        17.7520  0.000E+00  0.278E-03  0.000E+00  0.000E+00 -0.718E+02  0.000E+00  0.000E+00  0.000E+00  0.669E+02  0.000E+00  0.000E+00  0.000E+00  0.000E+00  0.000E+00  0.000E+00  0.000E+00
        18.6693  0.000E+00  0.278E-03  0.000E+00  0.000E+00 -0.718E+02  0.000E+00  0.000E+00  0.000E+00  0.669E+02  0.000E+00  0.000E+00  0.000E+00  0.000E+00  0.000E+00  0.000E+00  0.000E+00
        19.8619  0.000E+00  0.278E-03  0.000E+00  0.000E+00 -0.718E+02  0.000E+00  0.000E+00  0.000E+00  0.669E+02  0.000E+00  0.000E+00  0.000E+00  0.000E+00  0.000E+00  0.000E+00  0.000E+00
        21.0544  0.000E+00  0.278E-03  0.000E+00  0.000E+00 -0.718E+02  0.000E+00  0.000E+00  0.000E+00  0.669E+02  0.000E+00  0.000E+00  0.000E+00  0.000E+00  0.000E+00  0.000E+00  0.000E+00
        22.2469  0.000E+00  0.278E-03  0.000E+00  0.000E+00 -0.718E+02  0.000E+00  0.000E+00  0.000E+00  0.669E+02  0.000E+00  0.000E+00  0.000E+00  0.000E+00  0.000E+00  0.000E+00  0.000E+00
        23.4395  0.000E+00  0.278E-03  0.000E+00  0.000E+00 -0.718E+02  0.000E+00  0.000E+00  0.000E+00  0.669E+02  0.000E+00  0.000E+00  0.000E+00  0.000E+00  0.000E+00  0.000E+00  0.000E+00
        24.9898  0.000E+00  0.278E-03  0.000E+00  0.000E+00 -0.718E+02  0.000E+00  0.000E+00  0.000E+00  0.669E+02  0.000E+00  0.000E+00  0.000E+00  0.000E+00  0.000E+00  0.000E+00  0.000E+00
        26.5400  0.000E+00  0.278E-03  0.000E+00  0.000E+00 -0.718E+02  0.000E+00  0.000E+00  0.000E+00  0.669E+02  0.000E+00  0.000E+00  0.000E+00  0.000E+00  0.000E+00  0.000E+00  0.000E+00
        28.0903  0.000E+00  0.278E-03  0.000E+00  0.000E+00 -0.718E+02  0.000E+00  0.000E+00  0.000E+00  0.669E+02  0.000E+00  0.000E+00  0.000E+00  0.000E+00  0.000E+00  0.000E+00  0.000E+00
        29.6406  0.000E+00  0.278E-03  0.000E+00  0.000E+00 -0.718E+02  0.000E+00  0.000E+00  0.000E+00  0.669E+02  0.000E+00  0.000E+00  0.000E+00  0.000E+00  0.000E+00  0.000E+00  0.000E+00
        31.6560  0.000E+00  0.278E-03  0.000E+00  0.000E+00 -0.718E+02  0.000E+00  0.000E+00  0.000E+00  0.669E+02  0.000E+00  0.000E+00  0.000E+00  0.000E+00  0.000E+00  0.000E+00  0.000E+00
        33.6714  0.000E+00  0.278E-03  0.000E+00  0.000E+00 -0.718E+02  0.000E+00  0.000E+00  0.000E+00  0.669E+02  0.000E+00  0.000E+00  0.000E+00  0.000E+00  0.000E+00  0.000E+00  0.000E+00
        35.6868  0.000E+00  0.278E-03  0.000E+00  0.000E+00 -0.718E+02  0.000E+00  0.000E+00  0.000E+00  0.669E+02  0.000E+00  0.000E+00  0.000E+00  0.000E+00  0.000E+00  0.000E+00  0.000E+00
        38.3882  0.000E+00  0.278E-03  0.000E+00  0.000E+00 -0.718E+02  0.000E+00  0.000E+00  0.000E+00  0.669E+02  0.000E+00  0.000E+00  0.000E+00  0.000E+00  0.000E+00  0.000E+00  0.000E+00
        41.0897  0.000E+00  0.278E-03  0.000E+00  0.000E+00 -0.718E+02  0.000E+00  0.000E+00  0.000E+00  0.669E+02  0.000E+00  0.000E+00  0.000E+00  0.000E+00  0.000E+00  0.000E+00  0.000E+00
        43.7912  0.000E+00  0.278E-03  0.000E+00  0.000E+00 -0.718E+02  0.000E+00  0.000E+00  0.000E+00  0.669E+02  0.000E+00  0.000E+00  0.000E+00  0.000E+00  0.000E+00  0.000E+00  0.000E+00
        47.0329  0.000E+00  0.278E-03  0.000E+00  0.000E+00 -0.718E+02  0.000E+00  0.000E+00  0.000E+00  0.669E+02  0.000E+00  0.000E+00  0.000E+00  0.000E+00  0.000E+00  0.000E+00  0.000E+00
        51.3553  0.000E+00  0.278E-03  0.000E+00  0.000E+00 -0.718E+02  0.000E+00  0.000E+00  0.000E+00  0.669E+02  0.000E+00  0.000E+00  0.000E+00  0.000E+00  0.000E+00  0.000E+00  0.000E+00
        55.6776  0.000E+00  0.278E-03  0.000E+00  0.000E+00 -0.718E+02  0.000E+00  0.000E+00  0.000E+00  0.669E+02  0.000E+00  0.000E+00  0.000E+00  0.000E+00  0.000E+00  0.000E+00  0.000E+00
        60.0000  0.000E+00  0.278E-03  0.000E+00  0.000E+00 -0.718E+02  0.000E+00  0.000E+00  0.000E+00  0.669E+02  0.000E+00  0.000E+00  0.000E+00  0.000E+00  0.000E+00  0.000E+00  0.000E+00
        64.4278  0.000E+00  0.278E-03  0.000E+00  0.000E+00 -0.718E+02  0.000E+00  0.000E+00  0.000E+00  0.669E+02  0.000E+00  0.000E+00  0.000E+00  0.000E+00  0.000E+00  0.000E+00  0.000E+00
        69.9850  0.000E+00  0.278E-03  0.000E+00  0.000E+00 -0.718E+02  0.000E+00  0.000E+00  0.000E+00  0.669E+02  0.000E+00  0.000E+00  0.000E+00  0.000E+00  0.000E+00  0.000E+00  0.000E+00
        75.5422  0.000E+00  0.278E-03  0.000E+00  0.000E+00 -0.718E+02  0.000E+00  0.000E+00  0.000E+00  0.669E+02  0.000E+00  0.000E+00  0.000E+00  0.000E+00  0.000E+00  0.000E+00  0.000E+00
        81.0995  0.000E+00  0.278E-03  0.000E+00  0.000E+00 -0.718E+02  0.000E+00  0.000E+00  0.000E+00  0.669E+02  0.000E+00  0.000E+00  0.000E+00  0.000E+00  0.000E+00  0.000E+00  0.000E+00
        86.6567  0.000E+00  0.278E-03  0.000E+00  0.000E+00 -0.718E+02  0.000E+00  0.000E+00  0.000E+00  0.669E+02  0.000E+00  0.000E+00  0.000E+00  0.000E+00  0.000E+00  0.000E+00  0.000E+00
        94.9925  0.000E+00  0.278E-03  0.000E+00  0.000E+00 -0.718E+02  0.000E+00  0.000E+00  0.000E+00  0.669E+02  0.000E+00  0.000E+00  0.000E+00  0.000E+00  0.000E+00  0.000E+00  0.000E+00
       103.3283  0.000E+00  0.278E-03  0.000E+00  0.000E+00 -0.718E+02  0.000E+00  0.000E+00  0.000E+00  0.669E+02  0.000E+00  0.000E+00  0.000E+00  0.000E+00  0.000E+00  0.000E+00  0.000E+00
       111.6642  0.000E+00  0.278E-03  0.000E+00  0.000E+00 -0.718E+02  0.000E+00  0.000E+00  0.000E+00  0.669E+02  0.000E+00  0.000E+00  0.000E+00  0.000E+00  0.000E+00  0.000E+00  0.000E+00
       120.0000  0.000E+00  0.278E-03  0.000E+00  0.000E+00 -0.718E+02  0.000E+00  0.000E+00  0.000E+00  0.669E+02  0.000E+00  0.000E+00  0.000E+00  0.000E+00  0.000E+00  0.000E+00  0.000E+00
       127.5000  0.000E+00  0.278E-03  0.000E+00  0.000E+00 -0.718E+02  0.000E+00  0.000E+00  0.000E+00  0.669E+02  0.000E+00  0.000E+00  0.000E+00  0.000E+00  0.000E+00  0.000E+00  0.000E+00
       138.0000  0.000E+00  0.278E-03  0.000E+00  0.000E+00 -0.718E+02  0.000E+00  0.000E+00  0.000E+00  0.669E+02  0.000E+00  0.000E+00  0.000E+00  0.000E+00  0.000E+00  0.000E+00  0.000E+00
       148.5000  0.000E+00  0.278E-03  0.000E+00  0.000E+00 -0.718E+02  0.000E+00  0.000E+00  0.000E+00  0.669E+02  0.000E+00  0.000E+00  0.000E+00  0.000E+00  0.000E+00  0.000E+00  0.000E+00
       159.0000  0.000E+00  0.278E-03  0.000E+00  0.000E+00 -0.718E+02  0.000E+00  0.000E+00  0.000E+00  0.669E+02  0.000E+00  0.000E+00  0.000E+00  0.000E+00  0.000E+00  0.000E+00  0.000E+00
       169.5000  0.000E+00  0.278E-03  0.000E+00  0.000E+00 -0.718E+02  0.000E+00  0.000E+00  0.000E+00  0.669E+02  0.000E+00  0.000E+00  0.000E+00  0.000E+00  0.000E+00  0.000E+00  0.000E+00
       180.0000  0.000E+00  0.278E-03  0.000E+00  0.000E+00 -0.718E+02  0.000E+00  0.000E+00  0.000E+00  0.669E+02  0.000E+00  0.000E+00  0.000E+00  0.000E+00  0.000E+00  0.000E+00  0.000E+00
       180.0010  0.000E+00  0.278E-03  0.000E+00  0.000E+00  0.000E+00  0.000E+00  0.000E+00  0.000E+00  0.670E+02  0.000E+00  0.000E+00  0.000E+00  0.000E+00  0.000E+00  0.000E+00  0.000E+00
       180.0023  0.000E+00  0.278E-03  0.000E+00  0.000E+00  0.000E+00  0.000E+00  0.000E+00  0.000E+00  0.670E+02  0.000E+00  0.000E+00  0.000E+00  0.000E+00  0.000E+00  0.000E+00  0.000E+00
       180.0040  0.000E+00  0.278E-03  0.000E+00  0.000E+00  0.000E+00  0.000E+00  0.000E+00  0.000E+00  0.670E+02  0.000E+00  0.000E+00  0.000E+00  0.000E+00  0.000E+00  0.000E+00  0.000E+00
       180.0062  0.000E+00  0.278E-03  0.000E+00  0.000E+00  0.000E+00  0.000E+00  0.000E+00  0.000E+00  0.670E+02  0.000E+00  0.000E+00  0.000E+00  0.000E+00  0.000E+00  0.000E+00  0.000E+00
       180.0090  0.000E+00  0.278E-03  0.000E+00  0.000E+00  0.000E+00  0.000E+00  0.000E+00  0.000E+00  0.670E+02  0.000E+00  0.000E+00  0.000E+00  0.000E+00  0.000E+00  0.000E+00  0.000E+00
       180.0128  0.000E+00  0.278E-03  0.000E+00  0.000E+00  0.000E+00  0.000E+00  0.000E+00  0.000E+00  0.670E+02  0.000E+00  0.000E+00  0.000E+00  0.000E+00  0.000E+00  0.000E+00  0.000E+00
       180.0176  0.000E+00  0.278E-03  0.000E+00  0.000E+00  0.000E+00  0.000E+00  0.000E+00  0.000E+00  0.670E+02  0.000E+00  0.000E+00  0.000E+00  0.000E+00  0.000E+00  0.000E+00  0.000E+00
       180.0239  0.000E+00  0.278E-03  0.000E+00  0.000E+00  0.000E+00  0.000E+00  0.000E+00  0.000E+00  0.670E+02  0.000E+00  0.000E+00  0.000E+00  0.000E+00  0.000E+00  0.000E+00  0.000E+00
       180.0320  0.000E+00  0.278E-03  0.000E+00  0.000E+00  0.000E+00  0.000E+00  0.000E+00  0.000E+00  0.670E+02  0.000E+00  0.000E+00  0.000E+00  0.000E+00  0.000E+00  0.000E+00  0.000E+00
       180.0426  0.000E+00  0.278E-03  0.000E+00  0.000E+00  0.000E+00  0.000E+00  0.000E+00  0.000E+00  0.670E+02  0.000E+00  0.000E+00  0.000E+00  0.000E+00  0.000E+00  0.000E+00  0.000E+00
       180.0564  0.000E+00  0.278E-03  0.000E+00  0.000E+00  0.000E+00  0.000E+00  0.000E+00  0.000E+00  0.670E+02  0.000E+00  0.000E+00  0.000E+00  0.000E+00  0.000E+00  0.000E+00  0.000E+00
       180.0743  0.000E+00  0.278E-03  0.000E+00  0.000E+00  0.000E+00  0.000E+00  0.000E+00  0.000E+00  0.670E+02  0.000E+00  0.000E+00  0.000E+00  0.000E+00  0.000E+00  0.000E+00  0.000E+00
       180.0976  0.000E+00  0.278E-03  0.000E+00  0.000E+00  0.000E+00  0.000E+00  0.000E+00  0.000E+00  0.670E+02  0.000E+00  0.000E+00  0.000E+00  0.000E+00  0.000E+00  0.000E+00  0.000E+00
       180.1279  0.000E+00  0.278E-03  0.000E+00  0.000E+00  0.000E+00  0.000E+00  0.000E+00  0.000E+00  0.670E+02  0.000E+00  0.000E+00  0.000E+00  0.000E+00  0.000E+00  0.000E+00  0.000E+00
       180.1673  0.000E+00  0.278E-03  0.000E+00  0.000E+00  0.000E+00  0.000E+00  0.000E+00  0.000E+00  0.670E+02  0.000E+00  0.000E+00  0.000E+00  0.000E+00  0.000E+00  0.000E+00  0.000E+00
       180.2185  0.000E+00  0.278E-03  0.000E+00  0.000E+00  0.000E+00  0.000E+00  0.000E+00  0.000E+00  0.670E+02  0.000E+00  0.000E+00  0.000E+00  0.000E+00  0.000E+00  0.000E+00  0.000E+00
       180.2850  0.000E+00  0.278E-03  0.000E+00  0.000E+00  0.000E+00  0.000E+00  0.000E+00  0.000E+00  0.670E+02  0.000E+00  0.000E+00  0.000E+00  0.000E+00  0.000E+00  0.000E+00  0.000E+00
       180.3715  0.000E+00  0.278E-03  0.000E+00  0.000E+00  0.000E+00  0.000E+00  0.000E+00  0.000E+00  0.670E+02  0.000E+00  0.000E+00  0.000E+00  0.000E+00  0.000E+00  0.000E+00  0.000E+00
       180.4840  0.000E+00  0.278E-03  0.000E+00  0.000E+00  0.000E+00  0.000E+00  0.000E+00  0.000E+00  0.670E+02  0.000E+00  0.000E+00  0.000E+00  0.000E+00  0.000E+00  0.000E+00  0.000E+00
       180.6302  0.000E+00  0.278E-03  0.000E+00  0.000E+00  0.000E+00  0.000E+00  0.000E+00  0.000E+00  0.670E+02  0.000E+00  0.000E+00  0.000E+00  0.000E+00  0.000E+00  0.000E+00  0.000E+00
       180.8202  0.000E+00  0.278E-03  0.000E+00  0.000E+00  0.000E+00  0.000E+00  0.000E+00  0.000E+00  0.670E+02  0.000E+00  0.000E+00  0.000E+00  0.000E+00  0.000E+00  0.000E+00  0.000E+00
       181.0673  0.000E+00  0.278E-03  0.000E+00  0.000E+00  0.000E+00  0.000E+00  0.000E+00  0.000E+00  0.670E+02  0.000E+00  0.000E+00  0.000E+00  0.000E+00  0.000E+00  0.000E+00  0.000E+00
       181.3885  0.000E+00  0.278E-03  0.000E+00  0.000E+00  0.000E+00  0.000E+00  0.000E+00  0.000E+00  0.670E+02  0.000E+00  0.000E+00  0.000E+00  0.000E+00  0.000E+00  0.000E+00  0.000E+00
       181.8060  0.000E+00  0.278E-03  0.000E+00  0.000E+00  0.000E+00  0.000E+00  0.000E+00  0.000E+00  0.670E+02  0.000E+00  0.000E+00  0.000E+00  0.000E+00  0.000E+00  0.000E+00  0.000E+00
       182.3488  0.000E+00  0.278E-03  0.000E+00  0.000E+00  0.000E+00  0.000E+00  0.000E+00  0.000E+00  0.670E+02  0.000E+00  0.000E+00  0.000E+00  0.000E+00  0.000E+00  0.000E+00  0.000E+00
       183.0544  0.000E+00  0.278E-03  0.000E+00  0.000E+00  0.000E+00  0.000E+00  0.000E+00  0.000E+00  0.670E+02  0.000E+00  0.000E+00  0.000E+00  0.000E+00  0.000E+00  0.000E+00  0.000E+00
       183.9718  0.000E+00  0.278E-03  0.000E+00  0.000E+00  0.000E+00  0.000E+00  0.000E+00  0.000E+00  0.670E+02  0.000E+00  0.000E+00  0.000E+00  0.000E+00  0.000E+00  0.000E+00  0.000E+00
       185.1643  0.000E+00  0.278E-03  0.000E+00  0.000E+00  0.000E+00  0.000E+00  0.000E+00  0.000E+00  0.670E+02  0.000E+00  0.000E+00  0.000E+00  0.000E+00  0.000E+00  0.000E+00  0.000E+00
       186.7146  0.000E+00  0.278E-03  0.000E+00  0.000E+00  0.000E+00  0.000E+00  0.000E+00  0.000E+00  0.670E+02  0.000E+00  0.000E+00  0.000E+00  0.000E+00  0.000E+00  0.000E+00  0.000E+00
       188.7300  0.000E+00  0.278E-03  0.000E+00  0.000E+00  0.000E+00  0.000E+00  0.000E+00  0.000E+00  0.670E+02  0.000E+00  0.000E+00  0.000E+00  0.000E+00  0.000E+00  0.000E+00  0.000E+00
       191.3500  0.000E+00  0.278E-03  0.000E+00  0.000E+00  0.000E+00  0.000E+00  0.000E+00  0.000E+00  0.670E+02  0.000E+00  0.000E+00  0.000E+00  0.000E+00  0.000E+00  0.000E+00  0.000E+00
       194.7560  0.000E+00  0.278E-03  0.000E+00  0.000E+00  0.000E+00  0.000E+00  0.000E+00  0.000E+00  0.670E+02  0.000E+00  0.000E+00  0.000E+00  0.000E+00  0.000E+00  0.000E+00  0.000E+00
       199.1837  0.000E+00  0.278E-03  0.000E+00  0.000E+00  0.000E+00  0.000E+00  0.000E+00  0.000E+00  0.670E+02  0.000E+00  0.000E+00  0.000E+00  0.000E+00  0.000E+00  0.000E+00  0.000E+00
       204.9399  0.000E+00  0.278E-03  0.000E+00  0.000E+00  0.000E+00  0.000E+00  0.000E+00  0.000E+00  0.670E+02  0.000E+00  0.000E+00  0.000E+00  0.000E+00  0.000E+00  0.000E+00  0.000E+00
       210.6960  0.000E+00  0.278E-03  0.000E+00  0.000E+00  0.000E+00  0.000E+00  0.000E+00  0.000E+00  0.671E+02  0.000E+00  0.000E+00  0.000E+00  0.000E+00  0.000E+00  0.000E+00  0.000E+00
       218.1790  0.000E+00  0.278E-03  0.000E+00  0.000E+00  0.000E+00  0.000E+00  0.000E+00  0.000E+00  0.672E+02  0.000E+00  0.000E+00  0.000E+00  0.000E+00  0.000E+00  0.000E+00  0.000E+00
       225.6619  0.000E+00  0.278E-03  0.000E+00  0.000E+00  0.000E+00  0.000E+00  0.000E+00  0.000E+00  0.673E+02  0.000E+00  0.000E+00  0.000E+00  0.000E+00  0.000E+00  0.000E+00  0.000E+00
       235.3898  0.000E+00  0.278E-03  0.000E+00  0.000E+00  0.000E+00  0.000E+00  0.000E+00  0.000E+00  0.675E+02  0.000E+00  0.000E+00  0.000E+00  0.000E+00  0.000E+00  0.000E+00  0.000E+00
       245.1176  0.000E+00  0.278E-03  0.000E+00  0.000E+00  0.000E+00  0.000E+00  0.000E+00  0.000E+00  0.680E+02  0.000E+00  0.000E+00  0.000E+00  0.000E+00  0.000E+00  0.000E+00  0.000E+00
       254.8455  0.000E+00  0.278E-03  0.000E+00  0.000E+00  0.000E+00  0.000E+00  0.000E+00  0.000E+00  0.685E+02  0.000E+00  0.000E+00  0.000E+00  0.000E+00  0.000E+00  0.000E+00  0.000E+00
       267.9898  0.000E+00  0.278E-03  0.000E+00  0.000E+00  0.000E+00  0.000E+00  0.000E+00  0.000E+00  0.692E+02  0.000E+00  0.000E+00  0.000E+00  0.000E+00  0.000E+00  0.000E+00  0.000E+00
       281.1341  0.000E+00  0.278E-03  0.000E+00  0.000E+00  0.000E+00  0.000E+00  0.000E+00  0.000E+00  0.713E+02  0.000E+00  0.000E+00  0.000E+00  0.000E+00  0.000E+00  0.000E+00  0.000E+00
       294.2784  0.000E+00  0.278E-03  0.000E+00  0.000E+00  0.000E+00  0.000E+00  0.000E+00  0.000E+00  0.724E+02  0.000E+00  0.000E+00  0.000E+00  0.000E+00  0.000E+00  0.000E+00  0.000E+00
       310.7088  0.000E+00  0.278E-03  0.000E+00  0.000E+00  0.000E+00  0.000E+00  0.000E+00  0.000E+00  0.740E+02  0.000E+00  0.000E+00  0.000E+00  0.000E+00  0.000E+00  0.000E+00  0.000E+00
       327.1392  0.000E+00  0.278E-03  0.000E+00  0.000E+00  0.000E+00  0.000E+00  0.000E+00  0.000E+00  0.806E+02  0.000E+00  0.000E+00  0.000E+00  0.000E+00  0.000E+00  0.000E+00  0.000E+00
       343.5696  0.000E+00  0.278E-03  0.000E+00  0.000E+00  0.000E+00  0.000E+00  0.000E+00  0.000E+00  0.735E+02  0.000E+00  0.000E+00  0.000E+00  0.000E+00  0.000E+00  0.000E+00  0.000E+00
       360.0000  0.000E+00  0.278E-03  0.000E+00  0.000E+00  0.000E+00  0.000E+00  0.000E+00  0.000E+00  0.979E+02  0.000E+00  0.000E+00  0.000E+00  0.000E+00  0.000E+00  0.000E+00  0.000E+00
       368.0556  0.000E+00  0.278E-03  0.000E+00  0.000E+00  0.000E+00  0.000E+00  0.000E+00  0.000E+00  0.592E+02  0.000E+00  0.000E+00  0.000E+00  0.000E+00  0.000E+00  0.000E+00  0.000E+00
       376.1113  0.000E+00  0.278E-03  0.000E+00  0.000E+00  0.000E+00  0.000E+00  0.000E+00  0.000E+00  0.928E+02  0.000E+00  0.000E+00  0.000E+00  0.000E+00  0.000E+00  0.000E+00  0.000E+00
       384.1669  0.000E+00  0.278E-03  0.000E+00  0.000E+00  0.000E+00  0.000E+00  0.000E+00  0.000E+00  0.781E+02  0.000E+00  0.000E+00  0.000E+00  0.000E+00  0.000E+00  0.000E+00  0.000E+00
       392.2225  0.000E+00  0.278E-03  0.000E+00  0.000E+00  0.000E+00  0.000E+00  0.000E+00  0.000E+00  0.904E+02  0.000E+00  0.000E+00  0.000E+00  0.000E+00  0.000E+00  0.000E+00  0.000E+00
       400.2781  0.000E+00  0.278E-03  0.000E+00  0.000E+00  0.000E+00  0.000E+00  0.000E+00  0.000E+00  0.832E+02  0.000E+00  0.000E+00  0.000E+00  0.000E+00  0.000E+00  0.000E+00  0.000E+00
       408.3338  0.000E+00  0.278E-03  0.000E+00  0.000E+00  0.000E+00  0.000E+00  0.000E+00  0.000E+00  0.892E+02  0.000E+00  0.000E+00  0.000E+00  0.000E+00  0.000E+00  0.000E+00  0.000E+00
       416.3894  0.000E+00  0.278E-03  0.000E+00  0.000E+00  0.000E+00  0.000E+00  0.000E+00  0.000E+00  0.857E+02  0.000E+00  0.000E+00  0.000E+00  0.000E+00  0.000E+00  0.000E+00  0.000E+00
       424.4450  0.000E+00  0.278E-03  0.000E+00  0.000E+00  0.000E+00  0.000E+00  0.000E+00  0.000E+00  0.884E+02  0.000E+00  0.000E+00  0.000E+00  0.000E+00  0.000E+00  0.000E+00  0.000E+00
       432.5007  0.000E+00  0.278E-03  0.000E+00  0.000E+00  0.000E+00  0.000E+00  0.000E+00  0.000E+00  0.864E+02  0.000E+00  0.000E+00  0.000E+00  0.000E+00  0.000E+00  0.000E+00  0.000E+00
       440.5563  0.000E+00  0.278E-03  0.000E+00  0.000E+00  0.000E+00  0.000E+00  0.000E+00  0.000E+00  0.875E+02  0.000E+00  0.000E+00  0.000E+00  0.000E+00  0.000E+00  0.000E+00  0.000E+00
       448.6119  0.000E+00  0.278E-03  0.000E+00  0.000E+00  0.000E+00  0.000E+00  0.000E+00  0.000E+00  0.860E+02  0.000E+00  0.000E+00  0.000E+00  0.000E+00  0.000E+00  0.000E+00  0.000E+00
       456.6676  0.000E+00  0.278E-03  0.000E+00  0.000E+00  0.000E+00  0.000E+00  0.000E+00  0.000E+00  0.863E+02  0.000E+00  0.000E+00  0.000E+00  0.000E+00  0.000E+00  0.000E+00  0.000E+00
       464.7232  0.000E+00  0.278E-03  0.000E+00  0.000E+00  0.000E+00  0.000E+00  0.000E+00  0.000E+00  0.849E+02  0.000E+00  0.000E+00  0.000E+00  0.000E+00  0.000E+00  0.000E+00  0.000E+00
       472.7788  0.000E+00  0.278E-03  0.000E+00  0.000E+00  0.000E+00  0.000E+00  0.000E+00  0.000E+00  0.846E+02  0.000E+00  0.000E+00  0.000E+00  0.000E+00  0.000E+00  0.000E+00  0.000E+00
       480.8344  0.000E+00  0.278E-03  0.000E+00  0.000E+00  0.000E+00  0.000E+00  0.000E+00  0.000E+00  0.832E+02  0.000E+00  0.000E+00  0.000E+00  0.000E+00  0.000E+00  0.000E+00  0.000E+00
       488.8901  0.000E+00  0.278E-03  0.000E+00  0.000E+00  0.000E+00  0.000E+00  0.000E+00  0.000E+00  0.825E+02  0.000E+00  0.000E+00  0.000E+00  0.000E+00  0.000E+00  0.000E+00  0.000E+00
       496.9457  0.000E+00  0.278E-03  0.000E+00  0.000E+00  0.000E+00  0.000E+00  0.000E+00  0.000E+00  0.810E+02  0.000E+00  0.000E+00  0.000E+00  0.000E+00  0.000E+00  0.000E+00  0.000E+00
       505.0013  0.000E+00  0.278E-03  0.000E+00  0.000E+00  0.000E+00  0.000E+00  0.000E+00  0.000E+00  0.800E+02  0.000E+00  0.000E+00  0.000E+00  0.000E+00  0.000E+00  0.000E+00  0.000E+00
       513.0570  0.000E+00  0.278E-03  0.000E+00  0.000E+00  0.000E+00  0.000E+00  0.000E+00  0.000E+00  0.786E+02  0.000E+00  0.000E+00  0.000E+00  0.000E+00  0.000E+00  0.000E+00  0.000E+00
       521.1126  0.000E+00  0.278E-03  0.000E+00  0.000E+00  0.000E+00  0.000E+00  0.000E+00  0.000E+00  0.774E+02  0.000E+00  0.000E+00  0.000E+00  0.000E+00  0.000E+00  0.000E+00  0.000E+00
       529.1682  0.000E+00  0.278E-03  0.000E+00  0.000E+00  0.000E+00  0.000E+00  0.000E+00  0.000E+00  0.760E+02  0.000E+00  0.000E+00  0.000E+00  0.000E+00  0.000E+00  0.000E+00  0.000E+00
       537.2239  0.000E+00  0.278E-03  0.000E+00  0.000E+00  0.000E+00  0.000E+00  0.000E+00  0.000E+00  0.748E+02  0.000E+00  0.000E+00  0.000E+00  0.000E+00  0.000E+00  0.000E+00  0.000E+00
       545.2795  0.000E+00  0.278E-03  0.000E+00  0.000E+00  0.000E+00  0.000E+00  0.000E+00  0.000E+00  0.735E+02  0.000E+00  0.000E+00  0.000E+00  0.000E+00  0.000E+00  0.000E+00  0.000E+00
       553.3351  0.000E+00  0.278E-03  0.000E+00  0.000E+00  0.000E+00  0.000E+00  0.000E+00  0.000E+00  0.723E+02  0.000E+00  0.000E+00  0.000E+00  0.000E+00  0.000E+00  0.000E+00  0.000E+00
       561.3907  0.000E+00  0.278E-03  0.000E+00  0.000E+00  0.000E+00  0.000E+00  0.000E+00  0.000E+00  0.711E+02  0.000E+00  0.000E+00  0.000E+00  0.000E+00  0.000E+00  0.000E+00  0.000E+00
       569.4464  0.000E+00  0.278E-03  0.000E+00  0.000E+00  0.000E+00  0.000E+00  0.000E+00  0.000E+00  0.701E+02  0.000E+00  0.000E+00  0.000E+00  0.000E+00  0.000E+00  0.000E+00  0.000E+00
       577.5020  0.000E+00  0.278E-03  0.000E+00  0.000E+00  0.000E+00  0.000E+00  0.000E+00  0.000E+00  0.691E+02  0.000E+00  0.000E+00  0.000E+00  0.000E+00  0.000E+00  0.000E+00  0.000E+00
       587.9743  0.000E+00  0.278E-03  0.000E+00  0.000E+00  0.000E+00  0.000E+00  0.000E+00  0.000E+00  0.682E+02  0.000E+00  0.000E+00  0.000E+00  0.000E+00  0.000E+00  0.000E+00  0.000E+00
       601.1769  0.000E+00  0.278E-03  0.000E+00  0.000E+00  0.000E+00  0.000E+00  0.000E+00  0.000E+00  0.667E+02  0.000E+00  0.000E+00  0.000E+00  0.000E+00  0.000E+00  0.000E+00  0.000E+00
       618.1516  0.000E+00  0.278E-03  0.000E+00  0.000E+00  0.000E+00  0.000E+00  0.000E+00  0.000E+00  0.655E+02  0.000E+00  0.000E+00  0.000E+00  0.000E+00  0.000E+00  0.000E+00  0.000E+00
       635.1263  0.000E+00  0.278E-03  0.000E+00  0.000E+00  0.000E+00  0.000E+00  0.000E+00  0.000E+00  0.660E+02  0.000E+00  0.000E+00  0.000E+00  0.000E+00  0.000E+00  0.000E+00  0.000E+00
       652.1011  0.000E+00  0.278E-03  0.000E+00  0.000E+00  0.000E+00  0.000E+00  0.000E+00  0.000E+00  0.638E+02  0.000E+00  0.000E+00  0.000E+00  0.000E+00  0.000E+00  0.000E+00  0.000E+00
       669.0758  0.000E+00  0.278E-03  0.000E+00  0.000E+00  0.000E+00  0.000E+00  0.000E+00  0.000E+00  0.638E+02  0.000E+00  0.000E+00  0.000E+00  0.000E+00  0.000E+00  0.000E+00  0.000E+00
       686.0505  0.000E+00  0.278E-03  0.000E+00  0.000E+00  0.000E+00  0.000E+00  0.000E+00  0.000E+00  0.628E+02  0.000E+00  0.000E+00  0.000E+00  0.000E+00  0.000E+00  0.000E+00  0.000E+00
       720.0000  0.000E+00  0.278E-03  0.000E+00  0.000E+00  0.000E+00  0.000E+00  0.000E+00  0.000E+00  0.617E+02  0.000E+00  0.000E+00  0.000E+00  0.000E+00  0.000E+00  0.000E+00  0.000E+00
       743.0077  0.000E+00  0.278E-03  0.000E+00  0.000E+00  0.000E+00  0.000E+00  0.000E+00  0.000E+00  0.562E+02  0.000E+00  0.000E+00  0.000E+00  0.000E+00  0.000E+00  0.000E+00  0.000E+00
       766.0154  0.000E+00  0.278E-03  0.000E+00  0.000E+00  0.000E+00  0.000E+00  0.000E+00  0.000E+00  0.584E+02  0.000E+00  0.000E+00  0.000E+00  0.000E+00  0.000E+00  0.000E+00  0.000E+00
       789.0230  0.000E+00  0.278E-03  0.000E+00  0.000E+00  0.000E+00  0.000E+00  0.000E+00  0.000E+00  0.530E+02  0.000E+00  0.000E+00  0.000E+00  0.000E+00  0.000E+00  0.000E+00  0.000E+00
       812.0307  0.000E+00  0.278E-03  0.000E+00  0.000E+00  0.000E+00  0.000E+00  0.000E+00  0.000E+00  0.536E+02  0.000E+00  0.000E+00  0.000E+00  0.000E+00  0.000E+00  0.000E+00  0.000E+00
       835.0384  0.000E+00  0.278E-03  0.000E+00  0.000E+00  0.000E+00  0.000E+00  0.000E+00  0.000E+00  0.489E+02  0.000E+00  0.000E+00  0.000E+00  0.000E+00  0.000E+00  0.000E+00  0.000E+00
       858.0461  0.000E+00  0.278E-03  0.000E+00  0.000E+00  0.000E+00  0.000E+00  0.000E+00  0.000E+00  0.488E+02  0.000E+00  0.000E+00  0.000E+00  0.000E+00  0.000E+00  0.000E+00  0.000E+00
       881.0538  0.000E+00  0.278E-03  0.000E+00  0.000E+00  0.000E+00  0.000E+00  0.000E+00  0.000E+00  0.442E+02  0.000E+00  0.000E+00  0.000E+00  0.000E+00  0.000E+00  0.000E+00  0.000E+00
       904.0614  0.000E+00  0.278E-03  0.000E+00  0.000E+00  0.000E+00  0.000E+00  0.000E+00  0.000E+00  0.443E+02  0.000E+00  0.000E+00  0.000E+00  0.000E+00  0.000E+00  0.000E+00  0.000E+00
       927.0691  0.000E+00  0.278E-03  0.000E+00  0.000E+00  0.000E+00  0.000E+00  0.000E+00  0.000E+00  0.394E+02  0.000E+00  0.000E+00  0.000E+00  0.000E+00  0.000E+00  0.000E+00  0.000E+00
       950.0768  0.000E+00  0.278E-03  0.000E+00  0.000E+00  0.000E+00  0.000E+00  0.000E+00  0.000E+00  0.402E+02  0.000E+00  0.000E+00  0.000E+00  0.000E+00  0.000E+00  0.000E+00  0.000E+00
       973.0845  0.000E+00  0.278E-03  0.000E+00  0.000E+00  0.000E+00  0.000E+00  0.000E+00  0.000E+00  0.345E+02  0.000E+00  0.000E+00  0.000E+00  0.000E+00  0.000E+00  0.000E+00  0.000E+00
       996.0922  0.000E+00  0.278E-03  0.000E+00  0.000E+00  0.000E+00  0.000E+00  0.000E+00  0.000E+00  0.374E+02  0.000E+00  0.000E+00  0.000E+00  0.000E+00  0.000E+00  0.000E+00  0.000E+00
      1019.0999  0.000E+00  0.278E-03  0.000E+00  0.000E+00  0.000E+00  0.000E+00  0.000E+00  0.000E+00  0.291E+02  0.000E+00  0.000E+00  0.000E+00  0.000E+00  0.000E+00  0.000E+00  0.000E+00
      1042.1075  0.000E+00  0.278E-03  0.000E+00  0.000E+00  0.000E+00  0.000E+00  0.000E+00  0.000E+00  0.366E+02  0.000E+00  0.000E+00  0.000E+00  0.000E+00  0.000E+00  0.000E+00  0.000E+00
      1058.2129  0.000E+00  0.278E-03  0.000E+00  0.000E+00  0.000E+00  0.000E+00  0.000E+00  0.000E+00  0.246E+02  0.000E+00  0.000E+00  0.000E+00  0.000E+00  0.000E+00  0.000E+00  0.000E+00
      1074.3183  0.000E+00  0.278E-03  0.000E+00  0.000E+00  0.000E+00  0.000E+00  0.000E+00  0.000E+00  0.321E+02  0.000E+00  0.000E+00  0.000E+00  0.000E+00  0.000E+00  0.000E+00  0.000E+00
      1090.4237  0.000E+00  0.278E-03  0.000E+00  0.000E+00  0.000E+00  0.000E+00  0.000E+00  0.000E+00  0.263E+02  0.000E+00  0.000E+00  0.000E+00  0.000E+00  0.000E+00  0.000E+00  0.000E+00
      1106.5290  0.000E+00  0.278E-03  0.000E+00  0.000E+00  0.000E+00  0.000E+00  0.000E+00  0.000E+00  0.296E+02  0.000E+00  0.000E+00  0.000E+00  0.000E+00  0.000E+00  0.000E+00  0.000E+00
      1122.6344  0.000E+00  0.278E-03  0.000E+00  0.000E+00  0.000E+00  0.000E+00  0.000E+00  0.000E+00  0.262E+02  0.000E+00  0.000E+00  0.000E+00  0.000E+00  0.000E+00  0.000E+00  0.000E+00
      1138.7398  0.000E+00  0.278E-03  0.000E+00  0.000E+00  0.000E+00  0.000E+00  0.000E+00  0.000E+00  0.276E+02  0.000E+00  0.000E+00  0.000E+00  0.000E+00  0.000E+00  0.000E+00  0.000E+00
      1154.8452  0.000E+00  0.278E-03  0.000E+00  0.000E+00  0.000E+00  0.000E+00  0.000E+00  0.000E+00  0.259E+02  0.000E+00  0.000E+00  0.000E+00  0.000E+00  0.000E+00  0.000E+00  0.000E+00
      1170.9506  0.000E+00  0.278E-03  0.000E+00  0.000E+00  0.000E+00  0.000E+00  0.000E+00  0.000E+00  0.262E+02  0.000E+00  0.000E+00  0.000E+00  0.000E+00  0.000E+00  0.000E+00  0.000E+00
      1187.0559  0.000E+00  0.278E-03  0.000E+00  0.000E+00  0.000E+00  0.000E+00  0.000E+00  0.000E+00  0.259E+02  0.000E+00  0.000E+00  0.000E+00  0.000E+00  0.000E+00  0.000E+00  0.000E+00
      1207.9929  0.000E+00  0.278E-03  0.000E+00  0.000E+00  0.000E+00  0.000E+00  0.000E+00  0.000E+00  0.256E+02  0.000E+00  0.000E+00  0.000E+00  0.000E+00  0.000E+00  0.000E+00  0.000E+00
      1233.7715  0.000E+00  0.278E-03  0.000E+00  0.000E+00  0.000E+00  0.000E+00  0.000E+00  0.000E+00  0.254E+02  0.000E+00  0.000E+00  0.000E+00  0.000E+00  0.000E+00  0.000E+00  0.000E+00
      1268.1429  0.000E+00  0.278E-03  0.000E+00  0.000E+00  0.000E+00  0.000E+00  0.000E+00  0.000E+00  0.252E+02  0.000E+00  0.000E+00  0.000E+00  0.000E+00  0.000E+00  0.000E+00  0.000E+00
      1311.1072  0.000E+00  0.278E-03  0.000E+00  0.000E+00  0.000E+00  0.000E+00  0.000E+00  0.000E+00  0.250E+02  0.000E+00  0.000E+00  0.000E+00  0.000E+00  0.000E+00  0.000E+00  0.000E+00
      1375.5536  0.000E+00  0.278E-03  0.000E+00  0.000E+00  0.000E+00  0.000E+00  0.000E+00  0.000E+00  0.245E+02  0.000E+00  0.000E+00  0.000E+00  0.000E+00  0.000E+00  0.000E+00  0.000E+00
      1440.0000  0.000E+00  0.278E-03  0.000E+00  0.000E+00  0.000E+00  0.000E+00  0.000E+00  0.000E+00  0.231E+02  0.000E+00  0.000E+00  0.000E+00  0.000E+00  0.000E+00  0.000E+00  0.000E+00
end
