 Welcome to HYDRUS                                                       
 
 Program HYDRUS3
 Date:  12.11.2019    Time:  14:25:57
 Time dependent boundary conditions
 
 Units: L = cm   , T = min  , M = mmol 
 

----------------------------------------------------------
 Time       [T] 0.00000000E+00
----------------------------------------------------------
 Sub-region num.                     1
----------------------------------------------------------
 Volume  [L3]        0.37804E+05  0.37804E+05
 VolumeW [L3]        0.56700E+04  0.56703E+04
 InFlow  [L3/T]      0.00000E+00  0.00000E+00
 hMean   [L]        -0.14182E+04    -1418.222
----------------------------------------------------------

----------------------------------------------------------
 Time       [T]        5.0000
----------------------------------------------------------
 Sub-region num.                     1
----------------------------------------------------------
 Volume  [L3]        0.37804E+05  0.37804E+05
 VolumeW [L3]        0.60076E+04  0.60071E+04
 InFlow  [L3/T]      0.67471E+02  0.67471E+02
 hMean   [L]        -0.46775E+03     -467.753
 WatBalT [L3]        0.27145E+00
 WatBalR [%]               0.031
----------------------------------------------------------

----------------------------------------------------------
 Time       [T]       15.0000
----------------------------------------------------------
 Sub-region num.                     1
----------------------------------------------------------
 Volume  [L3]        0.37804E+05  0.37804E+05
 VolumeW [L3]        0.66824E+04  0.66824E+04
 InFlow  [L3/T]      0.67482E+02  0.67482E+02
 hMean   [L]        -0.38203E+03     -382.034
 WatBalT [L3]        0.24439E+00
 WatBalR [%]               0.015
----------------------------------------------------------

----------------------------------------------------------
 Time       [T]       30.0000
----------------------------------------------------------
 Sub-region num.                     1
----------------------------------------------------------
 Volume  [L3]        0.37804E+05  0.37804E+05
 VolumeW [L3]        0.76947E+04  0.76950E+04
 InFlow  [L3/T]      0.67501E+02  0.67501E+02
 hMean   [L]        -0.26429E+03     -264.290
 WatBalT [L3]        0.19356E+00
 WatBalR [%]               0.007
----------------------------------------------------------

----------------------------------------------------------
 Time       [T]       60.0000
----------------------------------------------------------
 Sub-region num.                     1
----------------------------------------------------------
 Volume  [L3]        0.37804E+05  0.37804E+05
 VolumeW [L3]        0.97190E+04  0.97196E+04
 InFlow  [L3/T]      0.66640E+02  0.66640E+02
 hMean   [L]        -0.89559E+02      -89.559
 WatBalT [L3]        0.33649E+00
 WatBalR [%]               0.007
----------------------------------------------------------

----------------------------------------------------------
 Time       [T]      120.0000
----------------------------------------------------------
 Sub-region num.                     1
----------------------------------------------------------
 Volume  [L3]        0.37804E+05  0.37804E+05
 VolumeW [L3]        0.96596E+04  0.96600E+04
 InFlow  [L3/T]     -0.47066E-01 -0.47066E-01
 hMean   [L]        -0.24217E+02      -24.217
 WatBalT [L3]        0.13084E+00
 WatBalR [%]               0.003
----------------------------------------------------------

----------------------------------------------------------
 Time       [T]      180.0000
----------------------------------------------------------
 Sub-region num.                     1
----------------------------------------------------------
 Volume  [L3]        0.37804E+05  0.37804E+05
 VolumeW [L3]        0.96583E+04  0.96580E+04
 InFlow  [L3/T]     -0.14255E-01 -0.14255E-01
 hMean   [L]        -0.21833E+02      -21.833
 WatBalT [L3]        0.19507E+00
 WatBalR [%]               0.004
----------------------------------------------------------

----------------------------------------------------------
 Time       [T]      240.0000
----------------------------------------------------------
 Sub-region num.                     1
----------------------------------------------------------
 Volume  [L3]        0.37804E+05  0.37804E+05
 VolumeW [L3]        0.96575E+04  0.96574E+04
 InFlow  [L3/T]     -0.11394E-01 -0.11394E-01
 hMean   [L]        -0.21914E+02      -21.914
 WatBalT [L3]        0.29046E+00
 WatBalR [%]               0.006
----------------------------------------------------------

----------------------------------------------------------
 Time       [T]      500.0000
----------------------------------------------------------
 Sub-region num.                     1
----------------------------------------------------------
 Volume  [L3]        0.37804E+05  0.37804E+05
 VolumeW [L3]        0.96547E+04  0.96547E+04
 InFlow  [L3/T]     -0.10556E-01 -0.10556E-01
 hMean   [L]        -0.23514E+02      -23.514
 WatBalT [L3]        0.48871E+00
 WatBalR [%]               0.011
----------------------------------------------------------

----------------------------------------------------------
 Time       [T]      720.0000
----------------------------------------------------------
 Sub-region num.                     1
----------------------------------------------------------
 Volume  [L3]        0.37804E+05  0.37804E+05
 VolumeW [L3]        0.96522E+04  0.96522E+04
 InFlow  [L3/T]     -0.13257E-01 -0.13257E-01
 hMean   [L]        -0.24508E+02      -24.508
 WatBalT [L3]        0.54166E+00
 WatBalR [%]               0.012
----------------------------------------------------------

----------------------------------------------------------
 Time       [T]     1440.0000
----------------------------------------------------------
 Sub-region num.                     1
----------------------------------------------------------
 Volume  [L3]        0.37804E+05  0.37804E+05
 VolumeW [L3]        0.96272E+04  0.96272E+04
 InFlow  [L3/T]     -0.52548E-01 -0.52548E-01
 hMean   [L]        -0.25928E+02      -25.928
 WatBalT [L3]        0.57032E+00
 WatBalR [%]               0.013
----------------------------------------------------------

----------------------------------------------------------
 Time       [T]     2160.0000
----------------------------------------------------------
 Sub-region num.                     1
----------------------------------------------------------
 Volume  [L3]        0.37804E+05  0.37804E+05
 VolumeW [L3]        0.95799E+04  0.95799E+04
 InFlow  [L3/T]     -0.68424E-01 -0.68424E-01
 hMean   [L]        -0.26481E+02      -26.481
 WatBalT [L3]        0.59214E+00
 WatBalR [%]               0.013
----------------------------------------------------------

----------------------------------------------------------
 Time       [T]     2880.0000
----------------------------------------------------------
 Sub-region num.                     1
----------------------------------------------------------
 Volume  [L3]        0.37804E+05  0.37804E+05
 VolumeW [L3]        0.95265E+04  0.95266E+04
 InFlow  [L3/T]     -0.73843E-01 -0.73843E-01
 hMean   [L]        -0.26892E+02      -26.892
 WatBalT [L3]        0.36959E+00
 WatBalR [%]               0.008
----------------------------------------------------------
 
 Calculation time [sec]   50.3599999845028     
