 FileVersion=0003
 Welcome to HYDRUS                                                       
 
 Program HYDRUS3
 Date:  12.11.2019    Time:  14:25:57
 Time dependent boundary conditions
 
 Units: L = cm   , T = min  , M = mmol 
 
 All cumulative fluxes (CumQ) are positive out of the region
          Time     CumQAP      CumQRP     CumQA      CumQR     CumQ3       CumQ1      CumQS      CumQ5      CumQ6      CumQ7      CumQ8      CumQ9     CRunOff    cEvapor   cInfiltr
           [T]      [L3]        [L3]       [L3]       [L3]      [L3]        [L3]       [L3]       [L3]       [L3]       [L3]       [L3]       [L3]       [L3]       [L3]       [L3]

         0.0010  0.000E+00  0.000E+00  0.000E+00  0.000E+00 -0.675E-01  0.000E+00  0.000E+00  0.000E+00  0.238E-03  0.000E+00  0.000E+00  0.000E+00  0.000E+00  0.000E+00  0.000E+00
         0.0020  0.000E+00  0.000E+00  0.000E+00  0.000E+00 -0.135E+00  0.000E+00  0.000E+00  0.000E+00  0.469E-03  0.000E+00  0.000E+00  0.000E+00  0.000E+00  0.000E+00  0.000E+00
         0.0033  0.000E+00  0.000E+00  0.000E+00  0.000E+00 -0.223E+00  0.000E+00  0.000E+00  0.000E+00  0.762E-03  0.000E+00  0.000E+00  0.000E+00  0.000E+00  0.000E+00  0.000E+00
         0.0050  0.000E+00  0.000E+00  0.000E+00  0.000E+00 -0.337E+00  0.000E+00  0.000E+00  0.000E+00  0.113E-02  0.000E+00  0.000E+00  0.000E+00  0.000E+00  0.000E+00  0.000E+00
         0.0072  0.000E+00  0.000E+00  0.000E+00  0.000E+00 -0.485E+00  0.000E+00  0.000E+00  0.000E+00  0.159E-02  0.000E+00  0.000E+00  0.000E+00  0.000E+00  0.000E+00  0.000E+00
         0.0100  0.000E+00  0.000E+00  0.000E+00  0.000E+00 -0.678E+00  0.000E+00  0.000E+00  0.000E+00  0.216E-02  0.000E+00  0.000E+00  0.000E+00  0.000E+00  0.000E+00  0.000E+00
         0.0138  0.000E+00  0.000E+00  0.000E+00  0.000E+00 -0.929E+00  0.000E+00  0.000E+00  0.000E+00  0.287E-02  0.000E+00  0.000E+00  0.000E+00  0.000E+00  0.000E+00  0.000E+00
         0.0186  0.000E+00  0.000E+00  0.000E+00  0.000E+00 -0.125E+01  0.000E+00  0.000E+00  0.000E+00  0.373E-02  0.000E+00  0.000E+00  0.000E+00  0.000E+00  0.000E+00  0.000E+00
         0.0249  0.000E+00  0.000E+00  0.000E+00  0.000E+00 -0.168E+01  0.000E+00  0.000E+00  0.000E+00  0.478E-02  0.000E+00  0.000E+00  0.000E+00  0.000E+00  0.000E+00  0.000E+00
         0.0330  0.000E+00  0.000E+00  0.000E+00  0.000E+00 -0.223E+01  0.000E+00  0.000E+00  0.000E+00  0.606E-02  0.000E+00  0.000E+00  0.000E+00  0.000E+00  0.000E+00  0.000E+00
         0.0436  0.000E+00  0.000E+00  0.000E+00  0.000E+00 -0.294E+01  0.000E+00  0.000E+00  0.000E+00  0.759E-02  0.000E+00  0.000E+00  0.000E+00  0.000E+00  0.000E+00  0.000E+00
         0.0574  0.000E+00  0.000E+00  0.000E+00  0.000E+00 -0.387E+01  0.000E+00  0.000E+00  0.000E+00  0.942E-02  0.000E+00  0.000E+00  0.000E+00  0.000E+00  0.000E+00  0.000E+00
         0.0712  0.000E+00  0.000E+00  0.000E+00  0.000E+00 -0.481E+01  0.000E+00  0.000E+00  0.000E+00  0.111E-01  0.000E+00  0.000E+00  0.000E+00  0.000E+00  0.000E+00  0.000E+00
         0.0850  0.000E+00  0.000E+00  0.000E+00  0.000E+00 -0.574E+01  0.000E+00  0.000E+00  0.000E+00  0.126E-01  0.000E+00  0.000E+00  0.000E+00  0.000E+00  0.000E+00  0.000E+00
         0.0988  0.000E+00  0.000E+00  0.000E+00  0.000E+00 -0.667E+01  0.000E+00  0.000E+00  0.000E+00  0.141E-01  0.000E+00  0.000E+00  0.000E+00  0.000E+00  0.000E+00  0.000E+00
         0.1125  0.000E+00  0.000E+00  0.000E+00  0.000E+00 -0.760E+01  0.000E+00  0.000E+00  0.000E+00  0.155E-01  0.000E+00  0.000E+00  0.000E+00  0.000E+00  0.000E+00  0.000E+00
         0.1263  0.000E+00  0.000E+00  0.000E+00  0.000E+00 -0.853E+01  0.000E+00  0.000E+00  0.000E+00  0.168E-01  0.000E+00  0.000E+00  0.000E+00  0.000E+00  0.000E+00  0.000E+00
         0.1401  0.000E+00  0.000E+00  0.000E+00  0.000E+00 -0.946E+01  0.000E+00  0.000E+00  0.000E+00  0.181E-01  0.000E+00  0.000E+00  0.000E+00  0.000E+00  0.000E+00  0.000E+00
         0.1539  0.000E+00  0.000E+00  0.000E+00  0.000E+00 -0.104E+02  0.000E+00  0.000E+00  0.000E+00  0.193E-01  0.000E+00  0.000E+00  0.000E+00  0.000E+00  0.000E+00  0.000E+00
         0.1718  0.000E+00  0.000E+00  0.000E+00  0.000E+00 -0.116E+02  0.000E+00  0.000E+00  0.000E+00  0.208E-01  0.000E+00  0.000E+00  0.000E+00  0.000E+00  0.000E+00  0.000E+00
         0.1897  0.000E+00  0.000E+00  0.000E+00  0.000E+00 -0.128E+02  0.000E+00  0.000E+00  0.000E+00  0.222E-01  0.000E+00  0.000E+00  0.000E+00  0.000E+00  0.000E+00  0.000E+00
         0.2077  0.000E+00  0.000E+00  0.000E+00  0.000E+00 -0.140E+02  0.000E+00  0.000E+00  0.000E+00  0.236E-01  0.000E+00  0.000E+00  0.000E+00  0.000E+00  0.000E+00  0.000E+00
         0.2256  0.000E+00  0.000E+00  0.000E+00  0.000E+00 -0.152E+02  0.000E+00  0.000E+00  0.000E+00  0.250E-01  0.000E+00  0.000E+00  0.000E+00  0.000E+00  0.000E+00  0.000E+00
         0.2435  0.000E+00  0.000E+00  0.000E+00  0.000E+00 -0.164E+02  0.000E+00  0.000E+00  0.000E+00  0.263E-01  0.000E+00  0.000E+00  0.000E+00  0.000E+00  0.000E+00  0.000E+00
         0.2614  0.000E+00  0.000E+00  0.000E+00  0.000E+00 -0.176E+02  0.000E+00  0.000E+00  0.000E+00  0.275E-01  0.000E+00  0.000E+00  0.000E+00  0.000E+00  0.000E+00  0.000E+00
         0.2847  0.000E+00  0.000E+00  0.000E+00  0.000E+00 -0.192E+02  0.000E+00  0.000E+00  0.000E+00  0.292E-01  0.000E+00  0.000E+00  0.000E+00  0.000E+00  0.000E+00  0.000E+00
         0.3080  0.000E+00  0.000E+00  0.000E+00  0.000E+00 -0.208E+02  0.000E+00  0.000E+00  0.000E+00  0.307E-01  0.000E+00  0.000E+00  0.000E+00  0.000E+00  0.000E+00  0.000E+00
         0.3313  0.000E+00  0.000E+00  0.000E+00  0.000E+00 -0.224E+02  0.000E+00  0.000E+00  0.000E+00  0.322E-01  0.000E+00  0.000E+00  0.000E+00  0.000E+00  0.000E+00  0.000E+00
         0.3546  0.000E+00  0.000E+00  0.000E+00  0.000E+00 -0.239E+02  0.000E+00  0.000E+00  0.000E+00  0.337E-01  0.000E+00  0.000E+00  0.000E+00  0.000E+00  0.000E+00  0.000E+00
         0.3779  0.000E+00  0.000E+00  0.000E+00  0.000E+00 -0.255E+02  0.000E+00  0.000E+00  0.000E+00  0.351E-01  0.000E+00  0.000E+00  0.000E+00  0.000E+00  0.000E+00  0.000E+00
         0.4012  0.000E+00  0.000E+00  0.000E+00  0.000E+00 -0.271E+02  0.000E+00  0.000E+00  0.000E+00  0.365E-01  0.000E+00  0.000E+00  0.000E+00  0.000E+00  0.000E+00  0.000E+00
         0.4245  0.000E+00  0.000E+00  0.000E+00  0.000E+00 -0.287E+02  0.000E+00  0.000E+00  0.000E+00  0.379E-01  0.000E+00  0.000E+00  0.000E+00  0.000E+00  0.000E+00  0.000E+00
         0.4478  0.000E+00  0.000E+00  0.000E+00  0.000E+00 -0.302E+02  0.000E+00  0.000E+00  0.000E+00  0.392E-01  0.000E+00  0.000E+00  0.000E+00  0.000E+00  0.000E+00  0.000E+00
         0.4781  0.000E+00  0.000E+00  0.000E+00  0.000E+00 -0.323E+02  0.000E+00  0.000E+00  0.000E+00  0.409E-01  0.000E+00  0.000E+00  0.000E+00  0.000E+00  0.000E+00  0.000E+00
         0.5084  0.000E+00  0.000E+00  0.000E+00  0.000E+00 -0.343E+02  0.000E+00  0.000E+00  0.000E+00  0.426E-01  0.000E+00  0.000E+00  0.000E+00  0.000E+00  0.000E+00  0.000E+00
         0.5387  0.000E+00  0.000E+00  0.000E+00  0.000E+00 -0.364E+02  0.000E+00  0.000E+00  0.000E+00  0.442E-01  0.000E+00  0.000E+00  0.000E+00  0.000E+00  0.000E+00  0.000E+00
         0.5690  0.000E+00  0.000E+00  0.000E+00  0.000E+00 -0.384E+02  0.000E+00  0.000E+00  0.000E+00  0.458E-01  0.000E+00  0.000E+00  0.000E+00  0.000E+00  0.000E+00  0.000E+00
         0.5993  0.000E+00  0.000E+00  0.000E+00  0.000E+00 -0.404E+02  0.000E+00  0.000E+00  0.000E+00  0.474E-01  0.000E+00  0.000E+00  0.000E+00  0.000E+00  0.000E+00  0.000E+00
         0.6295  0.000E+00  0.000E+00  0.000E+00  0.000E+00 -0.425E+02  0.000E+00  0.000E+00  0.000E+00  0.489E-01  0.000E+00  0.000E+00  0.000E+00  0.000E+00  0.000E+00  0.000E+00
         0.6598  0.000E+00  0.000E+00  0.000E+00  0.000E+00 -0.445E+02  0.000E+00  0.000E+00  0.000E+00  0.504E-01  0.000E+00  0.000E+00  0.000E+00  0.000E+00  0.000E+00  0.000E+00
         0.6901  0.000E+00  0.000E+00  0.000E+00  0.000E+00 -0.466E+02  0.000E+00  0.000E+00  0.000E+00  0.519E-01  0.000E+00  0.000E+00  0.000E+00  0.000E+00  0.000E+00  0.000E+00
         0.7204  0.000E+00  0.000E+00  0.000E+00  0.000E+00 -0.486E+02  0.000E+00  0.000E+00  0.000E+00  0.534E-01  0.000E+00  0.000E+00  0.000E+00  0.000E+00  0.000E+00  0.000E+00
         0.7507  0.000E+00  0.000E+00  0.000E+00  0.000E+00 -0.507E+02  0.000E+00  0.000E+00  0.000E+00  0.548E-01  0.000E+00  0.000E+00  0.000E+00  0.000E+00  0.000E+00  0.000E+00
         0.7810  0.000E+00  0.000E+00  0.000E+00  0.000E+00 -0.527E+02  0.000E+00  0.000E+00  0.000E+00  0.563E-01  0.000E+00  0.000E+00  0.000E+00  0.000E+00  0.000E+00  0.000E+00
         0.8113  0.000E+00  0.000E+00  0.000E+00  0.000E+00 -0.548E+02  0.000E+00  0.000E+00  0.000E+00  0.577E-01  0.000E+00  0.000E+00  0.000E+00  0.000E+00  0.000E+00  0.000E+00
         0.8416  0.000E+00  0.000E+00  0.000E+00  0.000E+00 -0.568E+02  0.000E+00  0.000E+00  0.000E+00  0.590E-01  0.000E+00  0.000E+00  0.000E+00  0.000E+00  0.000E+00  0.000E+00
         0.8718  0.000E+00  0.000E+00  0.000E+00  0.000E+00 -0.588E+02  0.000E+00  0.000E+00  0.000E+00  0.604E-01  0.000E+00  0.000E+00  0.000E+00  0.000E+00  0.000E+00  0.000E+00
         0.9112  0.000E+00  0.000E+00  0.000E+00  0.000E+00 -0.615E+02  0.000E+00  0.000E+00  0.000E+00  0.621E-01  0.000E+00  0.000E+00  0.000E+00  0.000E+00  0.000E+00  0.000E+00
         0.9506  0.000E+00  0.000E+00  0.000E+00  0.000E+00 -0.642E+02  0.000E+00  0.000E+00  0.000E+00  0.639E-01  0.000E+00  0.000E+00  0.000E+00  0.000E+00  0.000E+00  0.000E+00
         0.9900  0.000E+00  0.000E+00  0.000E+00  0.000E+00 -0.668E+02  0.000E+00  0.000E+00  0.000E+00  0.656E-01  0.000E+00  0.000E+00  0.000E+00  0.000E+00  0.000E+00  0.000E+00
         1.0293  0.000E+00  0.000E+00  0.000E+00  0.000E+00 -0.695E+02  0.000E+00  0.000E+00  0.000E+00  0.672E-01  0.000E+00  0.000E+00  0.000E+00  0.000E+00  0.000E+00  0.000E+00
         1.0687  0.000E+00  0.000E+00  0.000E+00  0.000E+00 -0.721E+02  0.000E+00  0.000E+00  0.000E+00  0.689E-01  0.000E+00  0.000E+00  0.000E+00  0.000E+00  0.000E+00  0.000E+00
         1.1081  0.000E+00  0.000E+00  0.000E+00  0.000E+00 -0.748E+02  0.000E+00  0.000E+00  0.000E+00  0.705E-01  0.000E+00  0.000E+00  0.000E+00  0.000E+00  0.000E+00  0.000E+00
         1.1475  0.000E+00  0.000E+00  0.000E+00  0.000E+00 -0.775E+02  0.000E+00  0.000E+00  0.000E+00  0.721E-01  0.000E+00  0.000E+00  0.000E+00  0.000E+00  0.000E+00  0.000E+00
         1.1868  0.000E+00  0.000E+00  0.000E+00  0.000E+00 -0.801E+02  0.000E+00  0.000E+00  0.000E+00  0.737E-01  0.000E+00  0.000E+00  0.000E+00  0.000E+00  0.000E+00  0.000E+00
         1.2262  0.000E+00  0.000E+00  0.000E+00  0.000E+00 -0.828E+02  0.000E+00  0.000E+00  0.000E+00  0.752E-01  0.000E+00  0.000E+00  0.000E+00  0.000E+00  0.000E+00  0.000E+00
         1.2656  0.000E+00  0.000E+00  0.000E+00  0.000E+00 -0.854E+02  0.000E+00  0.000E+00  0.000E+00  0.768E-01  0.000E+00  0.000E+00  0.000E+00  0.000E+00  0.000E+00  0.000E+00
         1.3050  0.000E+00  0.000E+00  0.000E+00  0.000E+00 -0.881E+02  0.000E+00  0.000E+00  0.000E+00  0.783E-01  0.000E+00  0.000E+00  0.000E+00  0.000E+00  0.000E+00  0.000E+00
         1.3443  0.000E+00  0.000E+00  0.000E+00  0.000E+00 -0.907E+02  0.000E+00  0.000E+00  0.000E+00  0.798E-01  0.000E+00  0.000E+00  0.000E+00  0.000E+00  0.000E+00  0.000E+00
         1.3837  0.000E+00  0.000E+00  0.000E+00  0.000E+00 -0.934E+02  0.000E+00  0.000E+00  0.000E+00  0.813E-01  0.000E+00  0.000E+00  0.000E+00  0.000E+00  0.000E+00  0.000E+00
         1.4231  0.000E+00  0.000E+00  0.000E+00  0.000E+00 -0.961E+02  0.000E+00  0.000E+00  0.000E+00  0.828E-01  0.000E+00  0.000E+00  0.000E+00  0.000E+00  0.000E+00  0.000E+00
         1.4625  0.000E+00  0.000E+00  0.000E+00  0.000E+00 -0.987E+02  0.000E+00  0.000E+00  0.000E+00  0.842E-01  0.000E+00  0.000E+00  0.000E+00  0.000E+00  0.000E+00  0.000E+00
         1.5018  0.000E+00  0.000E+00  0.000E+00  0.000E+00 -0.101E+03  0.000E+00  0.000E+00  0.000E+00  0.857E-01  0.000E+00  0.000E+00  0.000E+00  0.000E+00  0.000E+00  0.000E+00
         1.5530  0.000E+00  0.000E+00  0.000E+00  0.000E+00 -0.105E+03  0.000E+00  0.000E+00  0.000E+00  0.875E-01  0.000E+00  0.000E+00  0.000E+00  0.000E+00  0.000E+00  0.000E+00
         1.6042  0.000E+00  0.000E+00  0.000E+00  0.000E+00 -0.108E+03  0.000E+00  0.000E+00  0.000E+00  0.893E-01  0.000E+00  0.000E+00  0.000E+00  0.000E+00  0.000E+00  0.000E+00
         1.6554  0.000E+00  0.000E+00  0.000E+00  0.000E+00 -0.112E+03  0.000E+00  0.000E+00  0.000E+00  0.912E-01  0.000E+00  0.000E+00  0.000E+00  0.000E+00  0.000E+00  0.000E+00
         1.7066  0.000E+00  0.000E+00  0.000E+00  0.000E+00 -0.115E+03  0.000E+00  0.000E+00  0.000E+00  0.929E-01  0.000E+00  0.000E+00  0.000E+00  0.000E+00  0.000E+00  0.000E+00
         1.7578  0.000E+00  0.000E+00  0.000E+00  0.000E+00 -0.119E+03  0.000E+00  0.000E+00  0.000E+00  0.947E-01  0.000E+00  0.000E+00  0.000E+00  0.000E+00  0.000E+00  0.000E+00
         1.8089  0.000E+00  0.000E+00  0.000E+00  0.000E+00 -0.122E+03  0.000E+00  0.000E+00  0.000E+00  0.964E-01  0.000E+00  0.000E+00  0.000E+00  0.000E+00  0.000E+00  0.000E+00
         1.8601  0.000E+00  0.000E+00  0.000E+00  0.000E+00 -0.126E+03  0.000E+00  0.000E+00  0.000E+00  0.982E-01  0.000E+00  0.000E+00  0.000E+00  0.000E+00  0.000E+00  0.000E+00
         1.9113  0.000E+00  0.000E+00  0.000E+00  0.000E+00 -0.129E+03  0.000E+00  0.000E+00  0.000E+00  0.999E-01  0.000E+00  0.000E+00  0.000E+00  0.000E+00  0.000E+00  0.000E+00
         1.9625  0.000E+00  0.000E+00  0.000E+00  0.000E+00 -0.132E+03  0.000E+00  0.000E+00  0.000E+00  0.102E+00  0.000E+00  0.000E+00  0.000E+00  0.000E+00  0.000E+00  0.000E+00
         2.0137  0.000E+00  0.000E+00  0.000E+00  0.000E+00 -0.136E+03  0.000E+00  0.000E+00  0.000E+00  0.103E+00  0.000E+00  0.000E+00  0.000E+00  0.000E+00  0.000E+00  0.000E+00
         2.0802  0.000E+00  0.000E+00  0.000E+00  0.000E+00 -0.140E+03  0.000E+00  0.000E+00  0.000E+00  0.105E+00  0.000E+00  0.000E+00  0.000E+00  0.000E+00  0.000E+00  0.000E+00
         2.1468  0.000E+00  0.000E+00  0.000E+00  0.000E+00 -0.145E+03  0.000E+00  0.000E+00  0.000E+00  0.107E+00  0.000E+00  0.000E+00  0.000E+00  0.000E+00  0.000E+00  0.000E+00
         2.2133  0.000E+00  0.000E+00  0.000E+00  0.000E+00 -0.149E+03  0.000E+00  0.000E+00  0.000E+00  0.110E+00  0.000E+00  0.000E+00  0.000E+00  0.000E+00  0.000E+00  0.000E+00
         2.2799  0.000E+00  0.000E+00  0.000E+00  0.000E+00 -0.154E+03  0.000E+00  0.000E+00  0.000E+00  0.112E+00  0.000E+00  0.000E+00  0.000E+00  0.000E+00  0.000E+00  0.000E+00
         2.3464  0.000E+00  0.000E+00  0.000E+00  0.000E+00 -0.158E+03  0.000E+00  0.000E+00  0.000E+00  0.114E+00  0.000E+00  0.000E+00  0.000E+00  0.000E+00  0.000E+00  0.000E+00
         2.4129  0.000E+00  0.000E+00  0.000E+00  0.000E+00 -0.163E+03  0.000E+00  0.000E+00  0.000E+00  0.116E+00  0.000E+00  0.000E+00  0.000E+00  0.000E+00  0.000E+00  0.000E+00
         2.4795  0.000E+00  0.000E+00  0.000E+00  0.000E+00 -0.167E+03  0.000E+00  0.000E+00  0.000E+00  0.118E+00  0.000E+00  0.000E+00  0.000E+00  0.000E+00  0.000E+00  0.000E+00
         2.5460  0.000E+00  0.000E+00  0.000E+00  0.000E+00 -0.172E+03  0.000E+00  0.000E+00  0.000E+00  0.120E+00  0.000E+00  0.000E+00  0.000E+00  0.000E+00  0.000E+00  0.000E+00
         2.6126  0.000E+00  0.000E+00  0.000E+00  0.000E+00 -0.176E+03  0.000E+00  0.000E+00  0.000E+00  0.122E+00  0.000E+00  0.000E+00  0.000E+00  0.000E+00  0.000E+00  0.000E+00
         2.6991  0.000E+00  0.000E+00  0.000E+00  0.000E+00 -0.182E+03  0.000E+00  0.000E+00  0.000E+00  0.124E+00  0.000E+00  0.000E+00  0.000E+00  0.000E+00  0.000E+00  0.000E+00
         2.7856  0.000E+00  0.000E+00  0.000E+00  0.000E+00 -0.188E+03  0.000E+00  0.000E+00  0.000E+00  0.126E+00  0.000E+00  0.000E+00  0.000E+00  0.000E+00  0.000E+00  0.000E+00
         2.8721  0.000E+00  0.000E+00  0.000E+00  0.000E+00 -0.194E+03  0.000E+00  0.000E+00  0.000E+00  0.129E+00  0.000E+00  0.000E+00  0.000E+00  0.000E+00  0.000E+00  0.000E+00
         2.9586  0.000E+00  0.000E+00  0.000E+00  0.000E+00 -0.200E+03  0.000E+00  0.000E+00  0.000E+00  0.131E+00  0.000E+00  0.000E+00  0.000E+00  0.000E+00  0.000E+00  0.000E+00
         3.0451  0.000E+00  0.000E+00  0.000E+00  0.000E+00 -0.206E+03  0.000E+00  0.000E+00  0.000E+00  0.134E+00  0.000E+00  0.000E+00  0.000E+00  0.000E+00  0.000E+00  0.000E+00
         3.1316  0.000E+00  0.000E+00  0.000E+00  0.000E+00 -0.211E+03  0.000E+00  0.000E+00  0.000E+00  0.136E+00  0.000E+00  0.000E+00  0.000E+00  0.000E+00  0.000E+00  0.000E+00
         3.2181  0.000E+00  0.000E+00  0.000E+00  0.000E+00 -0.217E+03  0.000E+00  0.000E+00  0.000E+00  0.138E+00  0.000E+00  0.000E+00  0.000E+00  0.000E+00  0.000E+00  0.000E+00
         3.3046  0.000E+00  0.000E+00  0.000E+00  0.000E+00 -0.223E+03  0.000E+00  0.000E+00  0.000E+00  0.141E+00  0.000E+00  0.000E+00  0.000E+00  0.000E+00  0.000E+00  0.000E+00
         3.3911  0.000E+00  0.000E+00  0.000E+00  0.000E+00 -0.229E+03  0.000E+00  0.000E+00  0.000E+00  0.143E+00  0.000E+00  0.000E+00  0.000E+00  0.000E+00  0.000E+00  0.000E+00
         3.4776  0.000E+00  0.000E+00  0.000E+00  0.000E+00 -0.235E+03  0.000E+00  0.000E+00  0.000E+00  0.145E+00  0.000E+00  0.000E+00  0.000E+00  0.000E+00  0.000E+00  0.000E+00
         3.5901  0.000E+00  0.000E+00  0.000E+00  0.000E+00 -0.242E+03  0.000E+00  0.000E+00  0.000E+00  0.148E+00  0.000E+00  0.000E+00  0.000E+00  0.000E+00  0.000E+00  0.000E+00
         3.7025  0.000E+00  0.000E+00  0.000E+00  0.000E+00 -0.250E+03  0.000E+00  0.000E+00  0.000E+00  0.151E+00  0.000E+00  0.000E+00  0.000E+00  0.000E+00  0.000E+00  0.000E+00
         3.8150  0.000E+00  0.000E+00  0.000E+00  0.000E+00 -0.258E+03  0.000E+00  0.000E+00  0.000E+00  0.153E+00  0.000E+00  0.000E+00  0.000E+00  0.000E+00  0.000E+00  0.000E+00
         3.9274  0.000E+00  0.000E+00  0.000E+00  0.000E+00 -0.265E+03  0.000E+00  0.000E+00  0.000E+00  0.156E+00  0.000E+00  0.000E+00  0.000E+00  0.000E+00  0.000E+00  0.000E+00
         4.0347  0.000E+00  0.000E+00  0.000E+00  0.000E+00 -0.272E+03  0.000E+00  0.000E+00  0.000E+00  0.159E+00  0.000E+00  0.000E+00  0.000E+00  0.000E+00  0.000E+00  0.000E+00
         4.1419  0.000E+00  0.000E+00  0.000E+00  0.000E+00 -0.280E+03  0.000E+00  0.000E+00  0.000E+00  0.161E+00  0.000E+00  0.000E+00  0.000E+00  0.000E+00  0.000E+00  0.000E+00
         4.2492  0.000E+00  0.000E+00  0.000E+00  0.000E+00 -0.287E+03  0.000E+00  0.000E+00  0.000E+00  0.164E+00  0.000E+00  0.000E+00  0.000E+00  0.000E+00  0.000E+00  0.000E+00
         4.3565  0.000E+00  0.000E+00  0.000E+00  0.000E+00 -0.294E+03  0.000E+00  0.000E+00  0.000E+00  0.166E+00  0.000E+00  0.000E+00  0.000E+00  0.000E+00  0.000E+00  0.000E+00
         4.4637  0.000E+00  0.000E+00  0.000E+00  0.000E+00 -0.301E+03  0.000E+00  0.000E+00  0.000E+00  0.168E+00  0.000E+00  0.000E+00  0.000E+00  0.000E+00  0.000E+00  0.000E+00
         4.5710  0.000E+00  0.000E+00  0.000E+00  0.000E+00 -0.309E+03  0.000E+00  0.000E+00  0.000E+00  0.171E+00  0.000E+00  0.000E+00  0.000E+00  0.000E+00  0.000E+00  0.000E+00
         4.6782  0.000E+00  0.000E+00  0.000E+00  0.000E+00 -0.316E+03  0.000E+00  0.000E+00  0.000E+00  0.173E+00  0.000E+00  0.000E+00  0.000E+00  0.000E+00  0.000E+00  0.000E+00
         4.7855  0.000E+00  0.000E+00  0.000E+00  0.000E+00 -0.323E+03  0.000E+00  0.000E+00  0.000E+00  0.176E+00  0.000E+00  0.000E+00  0.000E+00  0.000E+00  0.000E+00  0.000E+00
         4.8927  0.000E+00  0.000E+00  0.000E+00  0.000E+00 -0.330E+03  0.000E+00  0.000E+00  0.000E+00  0.178E+00  0.000E+00  0.000E+00  0.000E+00  0.000E+00  0.000E+00  0.000E+00
         5.0000  0.000E+00  0.000E+00  0.000E+00  0.000E+00 -0.337E+03  0.000E+00  0.000E+00  0.000E+00  0.180E+00  0.000E+00  0.000E+00  0.000E+00  0.000E+00  0.000E+00  0.000E+00
         5.1125  0.000E+00  0.000E+00  0.000E+00  0.000E+00 -0.345E+03  0.000E+00  0.000E+00  0.000E+00  0.183E+00  0.000E+00  0.000E+00  0.000E+00  0.000E+00  0.000E+00  0.000E+00
         5.2249  0.000E+00  0.000E+00  0.000E+00  0.000E+00 -0.353E+03  0.000E+00  0.000E+00  0.000E+00  0.185E+00  0.000E+00  0.000E+00  0.000E+00  0.000E+00  0.000E+00  0.000E+00
         5.3374  0.000E+00  0.000E+00  0.000E+00  0.000E+00 -0.360E+03  0.000E+00  0.000E+00  0.000E+00  0.187E+00  0.000E+00  0.000E+00  0.000E+00  0.000E+00  0.000E+00  0.000E+00
         5.4498  0.000E+00  0.000E+00  0.000E+00  0.000E+00 -0.368E+03  0.000E+00  0.000E+00  0.000E+00  0.189E+00  0.000E+00  0.000E+00  0.000E+00  0.000E+00  0.000E+00  0.000E+00
         5.5623  0.000E+00  0.000E+00  0.000E+00  0.000E+00 -0.375E+03  0.000E+00  0.000E+00  0.000E+00  0.192E+00  0.000E+00  0.000E+00  0.000E+00  0.000E+00  0.000E+00  0.000E+00
         5.6747  0.000E+00  0.000E+00  0.000E+00  0.000E+00 -0.383E+03  0.000E+00  0.000E+00  0.000E+00  0.194E+00  0.000E+00  0.000E+00  0.000E+00  0.000E+00  0.000E+00  0.000E+00
         5.7872  0.000E+00  0.000E+00  0.000E+00  0.000E+00 -0.391E+03  0.000E+00  0.000E+00  0.000E+00  0.196E+00  0.000E+00  0.000E+00  0.000E+00  0.000E+00  0.000E+00  0.000E+00
         5.8996  0.000E+00  0.000E+00  0.000E+00  0.000E+00 -0.398E+03  0.000E+00  0.000E+00  0.000E+00  0.198E+00  0.000E+00  0.000E+00  0.000E+00  0.000E+00  0.000E+00  0.000E+00
         6.0121  0.000E+00  0.000E+00  0.000E+00  0.000E+00 -0.406E+03  0.000E+00  0.000E+00  0.000E+00  0.201E+00  0.000E+00  0.000E+00  0.000E+00  0.000E+00  0.000E+00  0.000E+00
         6.1583  0.000E+00  0.000E+00  0.000E+00  0.000E+00 -0.416E+03  0.000E+00  0.000E+00  0.000E+00  0.203E+00  0.000E+00  0.000E+00  0.000E+00  0.000E+00  0.000E+00  0.000E+00
         6.3045  0.000E+00  0.000E+00  0.000E+00  0.000E+00 -0.426E+03  0.000E+00  0.000E+00  0.000E+00  0.206E+00  0.000E+00  0.000E+00  0.000E+00  0.000E+00  0.000E+00  0.000E+00
         6.4507  0.000E+00  0.000E+00  0.000E+00  0.000E+00 -0.435E+03  0.000E+00  0.000E+00  0.000E+00  0.209E+00  0.000E+00  0.000E+00  0.000E+00  0.000E+00  0.000E+00  0.000E+00
         6.5969  0.000E+00  0.000E+00  0.000E+00  0.000E+00 -0.445E+03  0.000E+00  0.000E+00  0.000E+00  0.212E+00  0.000E+00  0.000E+00  0.000E+00  0.000E+00  0.000E+00  0.000E+00
         6.7431  0.000E+00  0.000E+00  0.000E+00  0.000E+00 -0.455E+03  0.000E+00  0.000E+00  0.000E+00  0.214E+00  0.000E+00  0.000E+00  0.000E+00  0.000E+00  0.000E+00  0.000E+00
         6.8892  0.000E+00  0.000E+00  0.000E+00  0.000E+00 -0.465E+03  0.000E+00  0.000E+00  0.000E+00  0.217E+00  0.000E+00  0.000E+00  0.000E+00  0.000E+00  0.000E+00  0.000E+00
         7.0354  0.000E+00  0.000E+00  0.000E+00  0.000E+00 -0.475E+03  0.000E+00  0.000E+00  0.000E+00  0.220E+00  0.000E+00  0.000E+00  0.000E+00  0.000E+00  0.000E+00  0.000E+00
         7.1816  0.000E+00  0.000E+00  0.000E+00  0.000E+00 -0.485E+03  0.000E+00  0.000E+00  0.000E+00  0.222E+00  0.000E+00  0.000E+00  0.000E+00  0.000E+00  0.000E+00  0.000E+00
         7.3278  0.000E+00  0.000E+00  0.000E+00  0.000E+00 -0.495E+03  0.000E+00  0.000E+00  0.000E+00  0.225E+00  0.000E+00  0.000E+00  0.000E+00  0.000E+00  0.000E+00  0.000E+00
         7.4740  0.000E+00  0.000E+00  0.000E+00  0.000E+00 -0.504E+03  0.000E+00  0.000E+00  0.000E+00  0.227E+00  0.000E+00  0.000E+00  0.000E+00  0.000E+00  0.000E+00  0.000E+00
         7.6202  0.000E+00  0.000E+00  0.000E+00  0.000E+00 -0.514E+03  0.000E+00  0.000E+00  0.000E+00  0.230E+00  0.000E+00  0.000E+00  0.000E+00  0.000E+00  0.000E+00  0.000E+00
         7.7664  0.000E+00  0.000E+00  0.000E+00  0.000E+00 -0.524E+03  0.000E+00  0.000E+00  0.000E+00  0.232E+00  0.000E+00  0.000E+00  0.000E+00  0.000E+00  0.000E+00  0.000E+00
         7.9126  0.000E+00  0.000E+00  0.000E+00  0.000E+00 -0.534E+03  0.000E+00  0.000E+00  0.000E+00  0.235E+00  0.000E+00  0.000E+00  0.000E+00  0.000E+00  0.000E+00  0.000E+00
         8.0588  0.000E+00  0.000E+00  0.000E+00  0.000E+00 -0.544E+03  0.000E+00  0.000E+00  0.000E+00  0.237E+00  0.000E+00  0.000E+00  0.000E+00  0.000E+00  0.000E+00  0.000E+00
         8.2050  0.000E+00  0.000E+00  0.000E+00  0.000E+00 -0.554E+03  0.000E+00  0.000E+00  0.000E+00  0.240E+00  0.000E+00  0.000E+00  0.000E+00  0.000E+00  0.000E+00  0.000E+00
         8.3512  0.000E+00  0.000E+00  0.000E+00  0.000E+00 -0.564E+03  0.000E+00  0.000E+00  0.000E+00  0.242E+00  0.000E+00  0.000E+00  0.000E+00  0.000E+00  0.000E+00  0.000E+00
         8.4974  0.000E+00  0.000E+00  0.000E+00  0.000E+00 -0.574E+03  0.000E+00  0.000E+00  0.000E+00  0.244E+00  0.000E+00  0.000E+00  0.000E+00  0.000E+00  0.000E+00  0.000E+00
         8.6436  0.000E+00  0.000E+00  0.000E+00  0.000E+00 -0.583E+03  0.000E+00  0.000E+00  0.000E+00  0.247E+00  0.000E+00  0.000E+00  0.000E+00  0.000E+00  0.000E+00  0.000E+00
         8.7897  0.000E+00  0.000E+00  0.000E+00  0.000E+00 -0.593E+03  0.000E+00  0.000E+00  0.000E+00  0.249E+00  0.000E+00  0.000E+00  0.000E+00  0.000E+00  0.000E+00  0.000E+00
         8.9359  0.000E+00  0.000E+00  0.000E+00  0.000E+00 -0.603E+03  0.000E+00  0.000E+00  0.000E+00  0.251E+00  0.000E+00  0.000E+00  0.000E+00  0.000E+00  0.000E+00  0.000E+00
         9.0821  0.000E+00  0.000E+00  0.000E+00  0.000E+00 -0.613E+03  0.000E+00  0.000E+00  0.000E+00  0.254E+00  0.000E+00  0.000E+00  0.000E+00  0.000E+00  0.000E+00  0.000E+00
         9.2283  0.000E+00  0.000E+00  0.000E+00  0.000E+00 -0.623E+03  0.000E+00  0.000E+00  0.000E+00  0.256E+00  0.000E+00  0.000E+00  0.000E+00  0.000E+00  0.000E+00  0.000E+00
         9.3745  0.000E+00  0.000E+00  0.000E+00  0.000E+00 -0.633E+03  0.000E+00  0.000E+00  0.000E+00  0.258E+00  0.000E+00  0.000E+00  0.000E+00  0.000E+00  0.000E+00  0.000E+00
         9.5207  0.000E+00  0.000E+00  0.000E+00  0.000E+00 -0.643E+03  0.000E+00  0.000E+00  0.000E+00  0.260E+00  0.000E+00  0.000E+00  0.000E+00  0.000E+00  0.000E+00  0.000E+00
         9.6669  0.000E+00  0.000E+00  0.000E+00  0.000E+00 -0.653E+03  0.000E+00  0.000E+00  0.000E+00  0.263E+00  0.000E+00  0.000E+00  0.000E+00  0.000E+00  0.000E+00  0.000E+00
         9.8131  0.000E+00  0.000E+00  0.000E+00  0.000E+00 -0.662E+03  0.000E+00  0.000E+00  0.000E+00  0.265E+00  0.000E+00  0.000E+00  0.000E+00  0.000E+00  0.000E+00  0.000E+00
         9.9593  0.000E+00  0.000E+00  0.000E+00  0.000E+00 -0.672E+03  0.000E+00  0.000E+00  0.000E+00  0.267E+00  0.000E+00  0.000E+00  0.000E+00  0.000E+00  0.000E+00  0.000E+00
        10.1055  0.000E+00  0.000E+00  0.000E+00  0.000E+00 -0.682E+03  0.000E+00  0.000E+00  0.000E+00  0.269E+00  0.000E+00  0.000E+00  0.000E+00  0.000E+00  0.000E+00  0.000E+00
        10.2955  0.000E+00  0.000E+00  0.000E+00  0.000E+00 -0.695E+03  0.000E+00  0.000E+00  0.000E+00  0.272E+00  0.000E+00  0.000E+00  0.000E+00  0.000E+00  0.000E+00  0.000E+00
        10.4856  0.000E+00  0.000E+00  0.000E+00  0.000E+00 -0.708E+03  0.000E+00  0.000E+00  0.000E+00  0.275E+00  0.000E+00  0.000E+00  0.000E+00  0.000E+00  0.000E+00  0.000E+00
        10.6756  0.000E+00  0.000E+00  0.000E+00  0.000E+00 -0.721E+03  0.000E+00  0.000E+00  0.000E+00  0.278E+00  0.000E+00  0.000E+00  0.000E+00  0.000E+00  0.000E+00  0.000E+00
        10.8657  0.000E+00  0.000E+00  0.000E+00  0.000E+00 -0.733E+03  0.000E+00  0.000E+00  0.000E+00  0.280E+00  0.000E+00  0.000E+00  0.000E+00  0.000E+00  0.000E+00  0.000E+00
        11.0557  0.000E+00  0.000E+00  0.000E+00  0.000E+00 -0.746E+03  0.000E+00  0.000E+00  0.000E+00  0.283E+00  0.000E+00  0.000E+00  0.000E+00  0.000E+00  0.000E+00  0.000E+00
        11.2458  0.000E+00  0.000E+00  0.000E+00  0.000E+00 -0.759E+03  0.000E+00  0.000E+00  0.000E+00  0.286E+00  0.000E+00  0.000E+00  0.000E+00  0.000E+00  0.000E+00  0.000E+00
        11.4358  0.000E+00  0.000E+00  0.000E+00  0.000E+00 -0.772E+03  0.000E+00  0.000E+00  0.000E+00  0.288E+00  0.000E+00  0.000E+00  0.000E+00  0.000E+00  0.000E+00  0.000E+00
        11.6259  0.000E+00  0.000E+00  0.000E+00  0.000E+00 -0.785E+03  0.000E+00  0.000E+00  0.000E+00  0.291E+00  0.000E+00  0.000E+00  0.000E+00  0.000E+00  0.000E+00  0.000E+00
        11.8159  0.000E+00  0.000E+00  0.000E+00  0.000E+00 -0.798E+03  0.000E+00  0.000E+00  0.000E+00  0.294E+00  0.000E+00  0.000E+00  0.000E+00  0.000E+00  0.000E+00  0.000E+00
        12.0060  0.000E+00  0.000E+00  0.000E+00  0.000E+00 -0.810E+03  0.000E+00  0.000E+00  0.000E+00  0.296E+00  0.000E+00  0.000E+00  0.000E+00  0.000E+00  0.000E+00  0.000E+00
        12.1960  0.000E+00  0.000E+00  0.000E+00  0.000E+00 -0.823E+03  0.000E+00  0.000E+00  0.000E+00  0.299E+00  0.000E+00  0.000E+00  0.000E+00  0.000E+00  0.000E+00  0.000E+00
        12.3861  0.000E+00  0.000E+00  0.000E+00  0.000E+00 -0.836E+03  0.000E+00  0.000E+00  0.000E+00  0.301E+00  0.000E+00  0.000E+00  0.000E+00  0.000E+00  0.000E+00  0.000E+00
        12.5761  0.000E+00  0.000E+00  0.000E+00  0.000E+00 -0.849E+03  0.000E+00  0.000E+00  0.000E+00  0.304E+00  0.000E+00  0.000E+00  0.000E+00  0.000E+00  0.000E+00  0.000E+00
        12.7662  0.000E+00  0.000E+00  0.000E+00  0.000E+00 -0.862E+03  0.000E+00  0.000E+00  0.000E+00  0.307E+00  0.000E+00  0.000E+00  0.000E+00  0.000E+00  0.000E+00  0.000E+00
        12.9562  0.000E+00  0.000E+00  0.000E+00  0.000E+00 -0.875E+03  0.000E+00  0.000E+00  0.000E+00  0.309E+00  0.000E+00  0.000E+00  0.000E+00  0.000E+00  0.000E+00  0.000E+00
        13.1463  0.000E+00  0.000E+00  0.000E+00  0.000E+00 -0.887E+03  0.000E+00  0.000E+00  0.000E+00  0.312E+00  0.000E+00  0.000E+00  0.000E+00  0.000E+00  0.000E+00  0.000E+00
        13.3316  0.000E+00  0.000E+00  0.000E+00  0.000E+00 -0.900E+03  0.000E+00  0.000E+00  0.000E+00  0.314E+00  0.000E+00  0.000E+00  0.000E+00  0.000E+00  0.000E+00  0.000E+00
        13.5170  0.000E+00  0.000E+00  0.000E+00  0.000E+00 -0.912E+03  0.000E+00  0.000E+00  0.000E+00  0.316E+00  0.000E+00  0.000E+00  0.000E+00  0.000E+00  0.000E+00  0.000E+00
        13.7024  0.000E+00  0.000E+00  0.000E+00  0.000E+00 -0.925E+03  0.000E+00  0.000E+00  0.000E+00  0.319E+00  0.000E+00  0.000E+00  0.000E+00  0.000E+00  0.000E+00  0.000E+00
        13.8878  0.000E+00  0.000E+00  0.000E+00  0.000E+00 -0.937E+03  0.000E+00  0.000E+00  0.000E+00  0.321E+00  0.000E+00  0.000E+00  0.000E+00  0.000E+00  0.000E+00  0.000E+00
        14.0731  0.000E+00  0.000E+00  0.000E+00  0.000E+00 -0.950E+03  0.000E+00  0.000E+00  0.000E+00  0.324E+00  0.000E+00  0.000E+00  0.000E+00  0.000E+00  0.000E+00  0.000E+00
        14.2585  0.000E+00  0.000E+00  0.000E+00  0.000E+00 -0.962E+03  0.000E+00  0.000E+00  0.000E+00  0.326E+00  0.000E+00  0.000E+00  0.000E+00  0.000E+00  0.000E+00  0.000E+00
        14.4439  0.000E+00  0.000E+00  0.000E+00  0.000E+00 -0.975E+03  0.000E+00  0.000E+00  0.000E+00  0.328E+00  0.000E+00  0.000E+00  0.000E+00  0.000E+00  0.000E+00  0.000E+00
        14.6293  0.000E+00  0.000E+00  0.000E+00  0.000E+00 -0.987E+03  0.000E+00  0.000E+00  0.000E+00  0.331E+00  0.000E+00  0.000E+00  0.000E+00  0.000E+00  0.000E+00  0.000E+00
        14.8146  0.000E+00  0.000E+00  0.000E+00  0.000E+00 -0.100E+04  0.000E+00  0.000E+00  0.000E+00  0.333E+00  0.000E+00  0.000E+00  0.000E+00  0.000E+00  0.000E+00  0.000E+00
        15.0000  0.000E+00  0.000E+00  0.000E+00  0.000E+00 -0.101E+04  0.000E+00  0.000E+00  0.000E+00  0.335E+00  0.000E+00  0.000E+00  0.000E+00  0.000E+00  0.000E+00  0.000E+00
        15.1900  0.000E+00  0.000E+00  0.000E+00  0.000E+00 -0.103E+04  0.000E+00  0.000E+00  0.000E+00  0.337E+00  0.000E+00  0.000E+00  0.000E+00  0.000E+00  0.000E+00  0.000E+00
        15.3801  0.000E+00  0.000E+00  0.000E+00  0.000E+00 -0.104E+04  0.000E+00  0.000E+00  0.000E+00  0.340E+00  0.000E+00  0.000E+00  0.000E+00  0.000E+00  0.000E+00  0.000E+00
        15.5701  0.000E+00  0.000E+00  0.000E+00  0.000E+00 -0.105E+04  0.000E+00  0.000E+00  0.000E+00  0.342E+00  0.000E+00  0.000E+00  0.000E+00  0.000E+00  0.000E+00  0.000E+00
        15.7602  0.000E+00  0.000E+00  0.000E+00  0.000E+00 -0.106E+04  0.000E+00  0.000E+00  0.000E+00  0.344E+00  0.000E+00  0.000E+00  0.000E+00  0.000E+00  0.000E+00  0.000E+00
        15.9502  0.000E+00  0.000E+00  0.000E+00  0.000E+00 -0.108E+04  0.000E+00  0.000E+00  0.000E+00  0.347E+00  0.000E+00  0.000E+00  0.000E+00  0.000E+00  0.000E+00  0.000E+00
        16.1403  0.000E+00  0.000E+00  0.000E+00  0.000E+00 -0.109E+04  0.000E+00  0.000E+00  0.000E+00  0.349E+00  0.000E+00  0.000E+00  0.000E+00  0.000E+00  0.000E+00  0.000E+00
        16.3303  0.000E+00  0.000E+00  0.000E+00  0.000E+00 -0.110E+04  0.000E+00  0.000E+00  0.000E+00  0.351E+00  0.000E+00  0.000E+00  0.000E+00  0.000E+00  0.000E+00  0.000E+00
        16.5204  0.000E+00  0.000E+00  0.000E+00  0.000E+00 -0.112E+04  0.000E+00  0.000E+00  0.000E+00  0.354E+00  0.000E+00  0.000E+00  0.000E+00  0.000E+00  0.000E+00  0.000E+00
        16.7104  0.000E+00  0.000E+00  0.000E+00  0.000E+00 -0.113E+04  0.000E+00  0.000E+00  0.000E+00  0.356E+00  0.000E+00  0.000E+00  0.000E+00  0.000E+00  0.000E+00  0.000E+00
        16.9005  0.000E+00  0.000E+00  0.000E+00  0.000E+00 -0.114E+04  0.000E+00  0.000E+00  0.000E+00  0.358E+00  0.000E+00  0.000E+00  0.000E+00  0.000E+00  0.000E+00  0.000E+00
        17.0905  0.000E+00  0.000E+00  0.000E+00  0.000E+00 -0.115E+04  0.000E+00  0.000E+00  0.000E+00  0.360E+00  0.000E+00  0.000E+00  0.000E+00  0.000E+00  0.000E+00  0.000E+00
        17.2806  0.000E+00  0.000E+00  0.000E+00  0.000E+00 -0.117E+04  0.000E+00  0.000E+00  0.000E+00  0.363E+00  0.000E+00  0.000E+00  0.000E+00  0.000E+00  0.000E+00  0.000E+00
        17.4706  0.000E+00  0.000E+00  0.000E+00  0.000E+00 -0.118E+04  0.000E+00  0.000E+00  0.000E+00  0.365E+00  0.000E+00  0.000E+00  0.000E+00  0.000E+00  0.000E+00  0.000E+00
        17.7177  0.000E+00  0.000E+00  0.000E+00  0.000E+00 -0.120E+04  0.000E+00  0.000E+00  0.000E+00  0.368E+00  0.000E+00  0.000E+00  0.000E+00  0.000E+00  0.000E+00  0.000E+00
        17.9648  0.000E+00  0.000E+00  0.000E+00  0.000E+00 -0.121E+04  0.000E+00  0.000E+00  0.000E+00  0.370E+00  0.000E+00  0.000E+00  0.000E+00  0.000E+00  0.000E+00  0.000E+00
        18.2118  0.000E+00  0.000E+00  0.000E+00  0.000E+00 -0.123E+04  0.000E+00  0.000E+00  0.000E+00  0.373E+00  0.000E+00  0.000E+00  0.000E+00  0.000E+00  0.000E+00  0.000E+00
        18.4589  0.000E+00  0.000E+00  0.000E+00  0.000E+00 -0.125E+04  0.000E+00  0.000E+00  0.000E+00  0.376E+00  0.000E+00  0.000E+00  0.000E+00  0.000E+00  0.000E+00  0.000E+00
        18.7060  0.000E+00  0.000E+00  0.000E+00  0.000E+00 -0.126E+04  0.000E+00  0.000E+00  0.000E+00  0.379E+00  0.000E+00  0.000E+00  0.000E+00  0.000E+00  0.000E+00  0.000E+00
        18.9530  0.000E+00  0.000E+00  0.000E+00  0.000E+00 -0.128E+04  0.000E+00  0.000E+00  0.000E+00  0.382E+00  0.000E+00  0.000E+00  0.000E+00  0.000E+00  0.000E+00  0.000E+00
        19.2001  0.000E+00  0.000E+00  0.000E+00  0.000E+00 -0.130E+04  0.000E+00  0.000E+00  0.000E+00  0.384E+00  0.000E+00  0.000E+00  0.000E+00  0.000E+00  0.000E+00  0.000E+00
        19.4472  0.000E+00  0.000E+00  0.000E+00  0.000E+00 -0.131E+04  0.000E+00  0.000E+00  0.000E+00  0.387E+00  0.000E+00  0.000E+00  0.000E+00  0.000E+00  0.000E+00  0.000E+00
        19.6942  0.000E+00  0.000E+00  0.000E+00  0.000E+00 -0.133E+04  0.000E+00  0.000E+00  0.000E+00  0.390E+00  0.000E+00  0.000E+00  0.000E+00  0.000E+00  0.000E+00  0.000E+00
        19.9413  0.000E+00  0.000E+00  0.000E+00  0.000E+00 -0.135E+04  0.000E+00  0.000E+00  0.000E+00  0.393E+00  0.000E+00  0.000E+00  0.000E+00  0.000E+00  0.000E+00  0.000E+00
        20.1884  0.000E+00  0.000E+00  0.000E+00  0.000E+00 -0.136E+04  0.000E+00  0.000E+00  0.000E+00  0.395E+00  0.000E+00  0.000E+00  0.000E+00  0.000E+00  0.000E+00  0.000E+00
        20.4354  0.000E+00  0.000E+00  0.000E+00  0.000E+00 -0.138E+04  0.000E+00  0.000E+00  0.000E+00  0.398E+00  0.000E+00  0.000E+00  0.000E+00  0.000E+00  0.000E+00  0.000E+00
        20.6825  0.000E+00  0.000E+00  0.000E+00  0.000E+00 -0.140E+04  0.000E+00  0.000E+00  0.000E+00  0.401E+00  0.000E+00  0.000E+00  0.000E+00  0.000E+00  0.000E+00  0.000E+00
        20.9295  0.000E+00  0.000E+00  0.000E+00  0.000E+00 -0.141E+04  0.000E+00  0.000E+00  0.000E+00  0.403E+00  0.000E+00  0.000E+00  0.000E+00  0.000E+00  0.000E+00  0.000E+00
        21.1766  0.000E+00  0.000E+00  0.000E+00  0.000E+00 -0.143E+04  0.000E+00  0.000E+00  0.000E+00  0.406E+00  0.000E+00  0.000E+00  0.000E+00  0.000E+00  0.000E+00  0.000E+00
        21.4237  0.000E+00  0.000E+00  0.000E+00  0.000E+00 -0.145E+04  0.000E+00  0.000E+00  0.000E+00  0.409E+00  0.000E+00  0.000E+00  0.000E+00  0.000E+00  0.000E+00  0.000E+00
        21.6707  0.000E+00  0.000E+00  0.000E+00  0.000E+00 -0.146E+04  0.000E+00  0.000E+00  0.000E+00  0.411E+00  0.000E+00  0.000E+00  0.000E+00  0.000E+00  0.000E+00  0.000E+00
        21.9178  0.000E+00  0.000E+00  0.000E+00  0.000E+00 -0.148E+04  0.000E+00  0.000E+00  0.000E+00  0.414E+00  0.000E+00  0.000E+00  0.000E+00  0.000E+00  0.000E+00  0.000E+00
        22.1649  0.000E+00  0.000E+00  0.000E+00  0.000E+00 -0.150E+04  0.000E+00  0.000E+00  0.000E+00  0.417E+00  0.000E+00  0.000E+00  0.000E+00  0.000E+00  0.000E+00  0.000E+00
        22.4119  0.000E+00  0.000E+00  0.000E+00  0.000E+00 -0.151E+04  0.000E+00  0.000E+00  0.000E+00  0.419E+00  0.000E+00  0.000E+00  0.000E+00  0.000E+00  0.000E+00  0.000E+00
        22.6590  0.000E+00  0.000E+00  0.000E+00  0.000E+00 -0.153E+04  0.000E+00  0.000E+00  0.000E+00  0.422E+00  0.000E+00  0.000E+00  0.000E+00  0.000E+00  0.000E+00  0.000E+00
        22.9061  0.000E+00  0.000E+00  0.000E+00  0.000E+00 -0.155E+04  0.000E+00  0.000E+00  0.000E+00  0.424E+00  0.000E+00  0.000E+00  0.000E+00  0.000E+00  0.000E+00  0.000E+00
        23.1531  0.000E+00  0.000E+00  0.000E+00  0.000E+00 -0.156E+04  0.000E+00  0.000E+00  0.000E+00  0.427E+00  0.000E+00  0.000E+00  0.000E+00  0.000E+00  0.000E+00  0.000E+00
        23.4002  0.000E+00  0.000E+00  0.000E+00  0.000E+00 -0.158E+04  0.000E+00  0.000E+00  0.000E+00  0.430E+00  0.000E+00  0.000E+00  0.000E+00  0.000E+00  0.000E+00  0.000E+00
        23.6473  0.000E+00  0.000E+00  0.000E+00  0.000E+00 -0.160E+04  0.000E+00  0.000E+00  0.000E+00  0.432E+00  0.000E+00  0.000E+00  0.000E+00  0.000E+00  0.000E+00  0.000E+00
        23.8943  0.000E+00  0.000E+00  0.000E+00  0.000E+00 -0.161E+04  0.000E+00  0.000E+00  0.000E+00  0.435E+00  0.000E+00  0.000E+00  0.000E+00  0.000E+00  0.000E+00  0.000E+00
        24.1414  0.000E+00  0.000E+00  0.000E+00  0.000E+00 -0.163E+04  0.000E+00  0.000E+00  0.000E+00  0.437E+00  0.000E+00  0.000E+00  0.000E+00  0.000E+00  0.000E+00  0.000E+00
        24.3884  0.000E+00  0.000E+00  0.000E+00  0.000E+00 -0.165E+04  0.000E+00  0.000E+00  0.000E+00  0.440E+00  0.000E+00  0.000E+00  0.000E+00  0.000E+00  0.000E+00  0.000E+00
        24.6355  0.000E+00  0.000E+00  0.000E+00  0.000E+00 -0.166E+04  0.000E+00  0.000E+00  0.000E+00  0.442E+00  0.000E+00  0.000E+00  0.000E+00  0.000E+00  0.000E+00  0.000E+00
        24.8826  0.000E+00  0.000E+00  0.000E+00  0.000E+00 -0.168E+04  0.000E+00  0.000E+00  0.000E+00  0.445E+00  0.000E+00  0.000E+00  0.000E+00  0.000E+00  0.000E+00  0.000E+00
        25.1296  0.000E+00  0.000E+00  0.000E+00  0.000E+00 -0.170E+04  0.000E+00  0.000E+00  0.000E+00  0.447E+00  0.000E+00  0.000E+00  0.000E+00  0.000E+00  0.000E+00  0.000E+00
        25.3767  0.000E+00  0.000E+00  0.000E+00  0.000E+00 -0.171E+04  0.000E+00  0.000E+00  0.000E+00  0.450E+00  0.000E+00  0.000E+00  0.000E+00  0.000E+00  0.000E+00  0.000E+00
        25.6238  0.000E+00  0.000E+00  0.000E+00  0.000E+00 -0.173E+04  0.000E+00  0.000E+00  0.000E+00  0.452E+00  0.000E+00  0.000E+00  0.000E+00  0.000E+00  0.000E+00  0.000E+00
        25.8708  0.000E+00  0.000E+00  0.000E+00  0.000E+00 -0.175E+04  0.000E+00  0.000E+00  0.000E+00  0.455E+00  0.000E+00  0.000E+00  0.000E+00  0.000E+00  0.000E+00  0.000E+00
        26.1179  0.000E+00  0.000E+00  0.000E+00  0.000E+00 -0.176E+04  0.000E+00  0.000E+00  0.000E+00  0.457E+00  0.000E+00  0.000E+00  0.000E+00  0.000E+00  0.000E+00  0.000E+00
        26.3650  0.000E+00  0.000E+00  0.000E+00  0.000E+00 -0.178E+04  0.000E+00  0.000E+00  0.000E+00  0.460E+00  0.000E+00  0.000E+00  0.000E+00  0.000E+00  0.000E+00  0.000E+00
        26.6120  0.000E+00  0.000E+00  0.000E+00  0.000E+00 -0.180E+04  0.000E+00  0.000E+00  0.000E+00  0.462E+00  0.000E+00  0.000E+00  0.000E+00  0.000E+00  0.000E+00  0.000E+00
        26.8591  0.000E+00  0.000E+00  0.000E+00  0.000E+00 -0.181E+04  0.000E+00  0.000E+00  0.000E+00  0.464E+00  0.000E+00  0.000E+00  0.000E+00  0.000E+00  0.000E+00  0.000E+00
        27.1062  0.000E+00  0.000E+00  0.000E+00  0.000E+00 -0.183E+04  0.000E+00  0.000E+00  0.000E+00  0.467E+00  0.000E+00  0.000E+00  0.000E+00  0.000E+00  0.000E+00  0.000E+00
        27.3532  0.000E+00  0.000E+00  0.000E+00  0.000E+00 -0.185E+04  0.000E+00  0.000E+00  0.000E+00  0.469E+00  0.000E+00  0.000E+00  0.000E+00  0.000E+00  0.000E+00  0.000E+00
        27.6003  0.000E+00  0.000E+00  0.000E+00  0.000E+00 -0.186E+04  0.000E+00  0.000E+00  0.000E+00  0.472E+00  0.000E+00  0.000E+00  0.000E+00  0.000E+00  0.000E+00  0.000E+00
        27.8403  0.000E+00  0.000E+00  0.000E+00  0.000E+00 -0.188E+04  0.000E+00  0.000E+00  0.000E+00  0.474E+00  0.000E+00  0.000E+00  0.000E+00  0.000E+00  0.000E+00  0.000E+00
        28.0802  0.000E+00  0.000E+00  0.000E+00  0.000E+00 -0.190E+04  0.000E+00  0.000E+00  0.000E+00  0.476E+00  0.000E+00  0.000E+00  0.000E+00  0.000E+00  0.000E+00  0.000E+00
        28.3202  0.000E+00  0.000E+00  0.000E+00  0.000E+00 -0.191E+04  0.000E+00  0.000E+00  0.000E+00  0.479E+00  0.000E+00  0.000E+00  0.000E+00  0.000E+00  0.000E+00  0.000E+00
        28.6562  0.000E+00  0.000E+00  0.000E+00  0.000E+00 -0.193E+04  0.000E+00  0.000E+00  0.000E+00  0.482E+00  0.000E+00  0.000E+00  0.000E+00  0.000E+00  0.000E+00  0.000E+00
        28.9921  0.000E+00  0.000E+00  0.000E+00  0.000E+00 -0.196E+04  0.000E+00  0.000E+00  0.000E+00  0.485E+00  0.000E+00  0.000E+00  0.000E+00  0.000E+00  0.000E+00  0.000E+00
        29.3281  0.000E+00  0.000E+00  0.000E+00  0.000E+00 -0.198E+04  0.000E+00  0.000E+00  0.000E+00  0.488E+00  0.000E+00  0.000E+00  0.000E+00  0.000E+00  0.000E+00  0.000E+00
        29.6640  0.000E+00  0.000E+00  0.000E+00  0.000E+00 -0.200E+04  0.000E+00  0.000E+00  0.000E+00  0.492E+00  0.000E+00  0.000E+00  0.000E+00  0.000E+00  0.000E+00  0.000E+00
        30.0000  0.000E+00  0.000E+00  0.000E+00  0.000E+00 -0.203E+04  0.000E+00  0.000E+00  0.000E+00  0.495E+00  0.000E+00  0.000E+00  0.000E+00  0.000E+00  0.000E+00  0.000E+00
        30.3212  0.000E+00  0.000E+00  0.000E+00  0.000E+00 -0.205E+04  0.000E+00  0.000E+00  0.000E+00  0.498E+00  0.000E+00  0.000E+00  0.000E+00  0.000E+00  0.000E+00  0.000E+00
        30.6424  0.000E+00  0.000E+00  0.000E+00  0.000E+00 -0.207E+04  0.000E+00  0.000E+00  0.000E+00  0.501E+00  0.000E+00  0.000E+00  0.000E+00  0.000E+00  0.000E+00  0.000E+00
        30.9636  0.000E+00  0.000E+00  0.000E+00  0.000E+00 -0.209E+04  0.000E+00  0.000E+00  0.000E+00  0.504E+00  0.000E+00  0.000E+00  0.000E+00  0.000E+00  0.000E+00  0.000E+00
        31.2847  0.000E+00  0.000E+00  0.000E+00  0.000E+00 -0.211E+04  0.000E+00  0.000E+00  0.000E+00  0.507E+00  0.000E+00  0.000E+00  0.000E+00  0.000E+00  0.000E+00  0.000E+00
        31.6059  0.000E+00  0.000E+00  0.000E+00  0.000E+00 -0.213E+04  0.000E+00  0.000E+00  0.000E+00  0.510E+00  0.000E+00  0.000E+00  0.000E+00  0.000E+00  0.000E+00  0.000E+00
        31.9271  0.000E+00  0.000E+00  0.000E+00  0.000E+00 -0.216E+04  0.000E+00  0.000E+00  0.000E+00  0.513E+00  0.000E+00  0.000E+00  0.000E+00  0.000E+00  0.000E+00  0.000E+00
        32.2483  0.000E+00  0.000E+00  0.000E+00  0.000E+00 -0.218E+04  0.000E+00  0.000E+00  0.000E+00  0.516E+00  0.000E+00  0.000E+00  0.000E+00  0.000E+00  0.000E+00  0.000E+00
        32.5695  0.000E+00  0.000E+00  0.000E+00  0.000E+00 -0.220E+04  0.000E+00  0.000E+00  0.000E+00  0.519E+00  0.000E+00  0.000E+00  0.000E+00  0.000E+00  0.000E+00  0.000E+00
        32.8907  0.000E+00  0.000E+00  0.000E+00  0.000E+00 -0.222E+04  0.000E+00  0.000E+00  0.000E+00  0.522E+00  0.000E+00  0.000E+00  0.000E+00  0.000E+00  0.000E+00  0.000E+00
        33.2118  0.000E+00  0.000E+00  0.000E+00  0.000E+00 -0.224E+04  0.000E+00  0.000E+00  0.000E+00  0.525E+00  0.000E+00  0.000E+00  0.000E+00  0.000E+00  0.000E+00  0.000E+00
        33.5330  0.000E+00  0.000E+00  0.000E+00  0.000E+00 -0.226E+04  0.000E+00  0.000E+00  0.000E+00  0.528E+00  0.000E+00  0.000E+00  0.000E+00  0.000E+00  0.000E+00  0.000E+00
        33.8542  0.000E+00  0.000E+00  0.000E+00  0.000E+00 -0.229E+04  0.000E+00  0.000E+00  0.000E+00  0.530E+00  0.000E+00  0.000E+00  0.000E+00  0.000E+00  0.000E+00  0.000E+00
        34.1754  0.000E+00  0.000E+00  0.000E+00  0.000E+00 -0.231E+04  0.000E+00  0.000E+00  0.000E+00  0.533E+00  0.000E+00  0.000E+00  0.000E+00  0.000E+00  0.000E+00  0.000E+00
        34.4966  0.000E+00  0.000E+00  0.000E+00  0.000E+00 -0.233E+04  0.000E+00  0.000E+00  0.000E+00  0.536E+00  0.000E+00  0.000E+00  0.000E+00  0.000E+00  0.000E+00  0.000E+00
        34.8178  0.000E+00  0.000E+00  0.000E+00  0.000E+00 -0.235E+04  0.000E+00  0.000E+00  0.000E+00  0.539E+00  0.000E+00  0.000E+00  0.000E+00  0.000E+00  0.000E+00  0.000E+00
        35.1389  0.000E+00  0.000E+00  0.000E+00  0.000E+00 -0.237E+04  0.000E+00  0.000E+00  0.000E+00  0.542E+00  0.000E+00  0.000E+00  0.000E+00  0.000E+00  0.000E+00  0.000E+00
        35.4601  0.000E+00  0.000E+00  0.000E+00  0.000E+00 -0.239E+04  0.000E+00  0.000E+00  0.000E+00  0.545E+00  0.000E+00  0.000E+00  0.000E+00  0.000E+00  0.000E+00  0.000E+00
        35.7813  0.000E+00  0.000E+00  0.000E+00  0.000E+00 -0.242E+04  0.000E+00  0.000E+00  0.000E+00  0.548E+00  0.000E+00  0.000E+00  0.000E+00  0.000E+00  0.000E+00  0.000E+00
        36.1025  0.000E+00  0.000E+00  0.000E+00  0.000E+00 -0.244E+04  0.000E+00  0.000E+00  0.000E+00  0.551E+00  0.000E+00  0.000E+00  0.000E+00  0.000E+00  0.000E+00  0.000E+00
        36.4237  0.000E+00  0.000E+00  0.000E+00  0.000E+00 -0.246E+04  0.000E+00  0.000E+00  0.000E+00  0.553E+00  0.000E+00  0.000E+00  0.000E+00  0.000E+00  0.000E+00  0.000E+00
        36.7449  0.000E+00  0.000E+00  0.000E+00  0.000E+00 -0.248E+04  0.000E+00  0.000E+00  0.000E+00  0.556E+00  0.000E+00  0.000E+00  0.000E+00  0.000E+00  0.000E+00  0.000E+00
        37.0660  0.000E+00  0.000E+00  0.000E+00  0.000E+00 -0.250E+04  0.000E+00  0.000E+00  0.000E+00  0.559E+00  0.000E+00  0.000E+00  0.000E+00  0.000E+00  0.000E+00  0.000E+00
        37.3872  0.000E+00  0.000E+00  0.000E+00  0.000E+00 -0.252E+04  0.000E+00  0.000E+00  0.000E+00  0.562E+00  0.000E+00  0.000E+00  0.000E+00  0.000E+00  0.000E+00  0.000E+00
        37.7084  0.000E+00  0.000E+00  0.000E+00  0.000E+00 -0.255E+04  0.000E+00  0.000E+00  0.000E+00  0.565E+00  0.000E+00  0.000E+00  0.000E+00  0.000E+00  0.000E+00  0.000E+00
        38.0296  0.000E+00  0.000E+00  0.000E+00  0.000E+00 -0.257E+04  0.000E+00  0.000E+00  0.000E+00  0.567E+00  0.000E+00  0.000E+00  0.000E+00  0.000E+00  0.000E+00  0.000E+00
        38.3508  0.000E+00  0.000E+00  0.000E+00  0.000E+00 -0.259E+04  0.000E+00  0.000E+00  0.000E+00  0.570E+00  0.000E+00  0.000E+00  0.000E+00  0.000E+00  0.000E+00  0.000E+00
        38.6720  0.000E+00  0.000E+00  0.000E+00  0.000E+00 -0.261E+04  0.000E+00  0.000E+00  0.000E+00  0.573E+00  0.000E+00  0.000E+00  0.000E+00  0.000E+00  0.000E+00  0.000E+00
        38.9931  0.000E+00  0.000E+00  0.000E+00  0.000E+00 -0.263E+04  0.000E+00  0.000E+00  0.000E+00  0.576E+00  0.000E+00  0.000E+00  0.000E+00  0.000E+00  0.000E+00  0.000E+00
        39.3143  0.000E+00  0.000E+00  0.000E+00  0.000E+00 -0.265E+04  0.000E+00  0.000E+00  0.000E+00  0.579E+00  0.000E+00  0.000E+00  0.000E+00  0.000E+00  0.000E+00  0.000E+00
        39.6355  0.000E+00  0.000E+00  0.000E+00  0.000E+00 -0.268E+04  0.000E+00  0.000E+00  0.000E+00  0.581E+00  0.000E+00  0.000E+00  0.000E+00  0.000E+00  0.000E+00  0.000E+00
        39.9567  0.000E+00  0.000E+00  0.000E+00  0.000E+00 -0.270E+04  0.000E+00  0.000E+00  0.000E+00  0.584E+00  0.000E+00  0.000E+00  0.000E+00  0.000E+00  0.000E+00  0.000E+00
        40.2779  0.000E+00  0.000E+00  0.000E+00  0.000E+00 -0.272E+04  0.000E+00  0.000E+00  0.000E+00  0.587E+00  0.000E+00  0.000E+00  0.000E+00  0.000E+00  0.000E+00  0.000E+00
        40.5991  0.000E+00  0.000E+00  0.000E+00  0.000E+00 -0.274E+04  0.000E+00  0.000E+00  0.000E+00  0.589E+00  0.000E+00  0.000E+00  0.000E+00  0.000E+00  0.000E+00  0.000E+00
        40.9202  0.000E+00  0.000E+00  0.000E+00  0.000E+00 -0.276E+04  0.000E+00  0.000E+00  0.000E+00  0.592E+00  0.000E+00  0.000E+00  0.000E+00  0.000E+00  0.000E+00  0.000E+00
        41.2414  0.000E+00  0.000E+00  0.000E+00  0.000E+00 -0.278E+04  0.000E+00  0.000E+00  0.000E+00  0.595E+00  0.000E+00  0.000E+00  0.000E+00  0.000E+00  0.000E+00  0.000E+00
        41.5626  0.000E+00  0.000E+00  0.000E+00  0.000E+00 -0.281E+04  0.000E+00  0.000E+00  0.000E+00  0.598E+00  0.000E+00  0.000E+00  0.000E+00  0.000E+00  0.000E+00  0.000E+00
        41.8838  0.000E+00  0.000E+00  0.000E+00  0.000E+00 -0.283E+04  0.000E+00  0.000E+00  0.000E+00  0.600E+00  0.000E+00  0.000E+00  0.000E+00  0.000E+00  0.000E+00  0.000E+00
        42.2050  0.000E+00  0.000E+00  0.000E+00  0.000E+00 -0.285E+04  0.000E+00  0.000E+00  0.000E+00  0.603E+00  0.000E+00  0.000E+00  0.000E+00  0.000E+00  0.000E+00  0.000E+00
        42.5262  0.000E+00  0.000E+00  0.000E+00  0.000E+00 -0.287E+04  0.000E+00  0.000E+00  0.000E+00  0.606E+00  0.000E+00  0.000E+00  0.000E+00  0.000E+00  0.000E+00  0.000E+00
        42.8473  0.000E+00  0.000E+00  0.000E+00  0.000E+00 -0.289E+04  0.000E+00  0.000E+00  0.000E+00  0.608E+00  0.000E+00  0.000E+00  0.000E+00  0.000E+00  0.000E+00  0.000E+00
        43.1685  0.000E+00  0.000E+00  0.000E+00  0.000E+00 -0.291E+04  0.000E+00  0.000E+00  0.000E+00  0.611E+00  0.000E+00  0.000E+00  0.000E+00  0.000E+00  0.000E+00  0.000E+00
        43.4897  0.000E+00  0.000E+00  0.000E+00  0.000E+00 -0.294E+04  0.000E+00  0.000E+00  0.000E+00  0.614E+00  0.000E+00  0.000E+00  0.000E+00  0.000E+00  0.000E+00  0.000E+00
        43.8109  0.000E+00  0.000E+00  0.000E+00  0.000E+00 -0.296E+04  0.000E+00  0.000E+00  0.000E+00  0.616E+00  0.000E+00  0.000E+00  0.000E+00  0.000E+00  0.000E+00  0.000E+00
        44.1321  0.000E+00  0.000E+00  0.000E+00  0.000E+00 -0.298E+04  0.000E+00  0.000E+00  0.000E+00  0.619E+00  0.000E+00  0.000E+00  0.000E+00  0.000E+00  0.000E+00  0.000E+00
        44.4533  0.000E+00  0.000E+00  0.000E+00  0.000E+00 -0.300E+04  0.000E+00  0.000E+00  0.000E+00  0.622E+00  0.000E+00  0.000E+00  0.000E+00  0.000E+00  0.000E+00  0.000E+00
        44.7744  0.000E+00  0.000E+00  0.000E+00  0.000E+00 -0.302E+04  0.000E+00  0.000E+00  0.000E+00  0.624E+00  0.000E+00  0.000E+00  0.000E+00  0.000E+00  0.000E+00  0.000E+00
        45.0956  0.000E+00  0.000E+00  0.000E+00  0.000E+00 -0.304E+04  0.000E+00  0.000E+00  0.000E+00  0.627E+00  0.000E+00  0.000E+00  0.000E+00  0.000E+00  0.000E+00  0.000E+00
        45.4168  0.000E+00  0.000E+00  0.000E+00  0.000E+00 -0.307E+04  0.000E+00  0.000E+00  0.000E+00  0.629E+00  0.000E+00  0.000E+00  0.000E+00  0.000E+00  0.000E+00  0.000E+00
        45.7380  0.000E+00  0.000E+00  0.000E+00  0.000E+00 -0.309E+04  0.000E+00  0.000E+00  0.000E+00  0.632E+00  0.000E+00  0.000E+00  0.000E+00  0.000E+00  0.000E+00  0.000E+00
        46.0592  0.000E+00  0.000E+00  0.000E+00  0.000E+00 -0.311E+04  0.000E+00  0.000E+00  0.000E+00  0.635E+00  0.000E+00  0.000E+00  0.000E+00  0.000E+00  0.000E+00  0.000E+00
        46.3804  0.000E+00  0.000E+00  0.000E+00  0.000E+00 -0.313E+04  0.000E+00  0.000E+00  0.000E+00  0.637E+00  0.000E+00  0.000E+00  0.000E+00  0.000E+00  0.000E+00  0.000E+00
        46.7015  0.000E+00  0.000E+00  0.000E+00  0.000E+00 -0.315E+04  0.000E+00  0.000E+00  0.000E+00  0.640E+00  0.000E+00  0.000E+00  0.000E+00  0.000E+00  0.000E+00  0.000E+00
        47.0227  0.000E+00  0.000E+00  0.000E+00  0.000E+00 -0.317E+04  0.000E+00  0.000E+00  0.000E+00  0.642E+00  0.000E+00  0.000E+00  0.000E+00  0.000E+00  0.000E+00  0.000E+00
        47.3439  0.000E+00  0.000E+00  0.000E+00  0.000E+00 -0.320E+04  0.000E+00  0.000E+00  0.000E+00  0.645E+00  0.000E+00  0.000E+00  0.000E+00  0.000E+00  0.000E+00  0.000E+00
        47.6651  0.000E+00  0.000E+00  0.000E+00  0.000E+00 -0.322E+04  0.000E+00  0.000E+00  0.000E+00  0.648E+00  0.000E+00  0.000E+00  0.000E+00  0.000E+00  0.000E+00  0.000E+00
        47.9863  0.000E+00  0.000E+00  0.000E+00  0.000E+00 -0.324E+04  0.000E+00  0.000E+00  0.000E+00  0.650E+00  0.000E+00  0.000E+00  0.000E+00  0.000E+00  0.000E+00  0.000E+00
        48.3075  0.000E+00  0.000E+00  0.000E+00  0.000E+00 -0.326E+04  0.000E+00  0.000E+00  0.000E+00  0.653E+00  0.000E+00  0.000E+00  0.000E+00  0.000E+00  0.000E+00  0.000E+00
        48.6287  0.000E+00  0.000E+00  0.000E+00  0.000E+00 -0.328E+04  0.000E+00  0.000E+00  0.000E+00  0.655E+00  0.000E+00  0.000E+00  0.000E+00  0.000E+00  0.000E+00  0.000E+00
        48.9498  0.000E+00  0.000E+00  0.000E+00  0.000E+00 -0.330E+04  0.000E+00  0.000E+00  0.000E+00  0.658E+00  0.000E+00  0.000E+00  0.000E+00  0.000E+00  0.000E+00  0.000E+00
        49.2710  0.000E+00  0.000E+00  0.000E+00  0.000E+00 -0.333E+04  0.000E+00  0.000E+00  0.000E+00  0.660E+00  0.000E+00  0.000E+00  0.000E+00  0.000E+00  0.000E+00  0.000E+00
        49.5922  0.000E+00  0.000E+00  0.000E+00  0.000E+00 -0.335E+04  0.000E+00  0.000E+00  0.000E+00  0.663E+00  0.000E+00  0.000E+00  0.000E+00  0.000E+00  0.000E+00  0.000E+00
        49.9134  0.000E+00  0.000E+00  0.000E+00  0.000E+00 -0.337E+04  0.000E+00  0.000E+00  0.000E+00  0.665E+00  0.000E+00  0.000E+00  0.000E+00  0.000E+00  0.000E+00  0.000E+00
        50.2346  0.000E+00  0.000E+00  0.000E+00  0.000E+00 -0.339E+04  0.000E+00  0.000E+00  0.000E+00  0.668E+00  0.000E+00  0.000E+00  0.000E+00  0.000E+00  0.000E+00  0.000E+00
        50.5558  0.000E+00  0.000E+00  0.000E+00  0.000E+00 -0.341E+04  0.000E+00  0.000E+00  0.000E+00  0.670E+00  0.000E+00  0.000E+00  0.000E+00  0.000E+00  0.000E+00  0.000E+00
        50.8769  0.000E+00  0.000E+00  0.000E+00  0.000E+00 -0.343E+04  0.000E+00  0.000E+00  0.000E+00  0.673E+00  0.000E+00  0.000E+00  0.000E+00  0.000E+00  0.000E+00  0.000E+00
        51.1981  0.000E+00  0.000E+00  0.000E+00  0.000E+00 -0.346E+04  0.000E+00  0.000E+00  0.000E+00  0.675E+00  0.000E+00  0.000E+00  0.000E+00  0.000E+00  0.000E+00  0.000E+00
        51.5193  0.000E+00  0.000E+00  0.000E+00  0.000E+00 -0.348E+04  0.000E+00  0.000E+00  0.000E+00  0.678E+00  0.000E+00  0.000E+00  0.000E+00  0.000E+00  0.000E+00  0.000E+00
        51.8405  0.000E+00  0.000E+00  0.000E+00  0.000E+00 -0.350E+04  0.000E+00  0.000E+00  0.000E+00  0.680E+00  0.000E+00  0.000E+00  0.000E+00  0.000E+00  0.000E+00  0.000E+00
        52.1617  0.000E+00  0.000E+00  0.000E+00  0.000E+00 -0.352E+04  0.000E+00  0.000E+00  0.000E+00  0.683E+00  0.000E+00  0.000E+00  0.000E+00  0.000E+00  0.000E+00  0.000E+00
        52.4829  0.000E+00  0.000E+00  0.000E+00  0.000E+00 -0.354E+04  0.000E+00  0.000E+00  0.000E+00  0.685E+00  0.000E+00  0.000E+00  0.000E+00  0.000E+00  0.000E+00  0.000E+00
        52.8040  0.000E+00  0.000E+00  0.000E+00  0.000E+00 -0.356E+04  0.000E+00  0.000E+00  0.000E+00  0.688E+00  0.000E+00  0.000E+00  0.000E+00  0.000E+00  0.000E+00  0.000E+00
        53.1252  0.000E+00  0.000E+00  0.000E+00  0.000E+00 -0.359E+04  0.000E+00  0.000E+00  0.000E+00  0.690E+00  0.000E+00  0.000E+00  0.000E+00  0.000E+00  0.000E+00  0.000E+00
        53.4464  0.000E+00  0.000E+00  0.000E+00  0.000E+00 -0.361E+04  0.000E+00  0.000E+00  0.000E+00  0.693E+00  0.000E+00  0.000E+00  0.000E+00  0.000E+00  0.000E+00  0.000E+00
        53.7676  0.000E+00  0.000E+00  0.000E+00  0.000E+00 -0.363E+04  0.000E+00  0.000E+00  0.000E+00  0.695E+00  0.000E+00  0.000E+00  0.000E+00  0.000E+00  0.000E+00  0.000E+00
        54.0888  0.000E+00  0.000E+00  0.000E+00  0.000E+00 -0.365E+04  0.000E+00  0.000E+00  0.000E+00  0.697E+00  0.000E+00  0.000E+00  0.000E+00  0.000E+00  0.000E+00  0.000E+00
        54.4100  0.000E+00  0.000E+00  0.000E+00  0.000E+00 -0.367E+04  0.000E+00  0.000E+00  0.000E+00  0.700E+00  0.000E+00  0.000E+00  0.000E+00  0.000E+00  0.000E+00  0.000E+00
        54.7311  0.000E+00  0.000E+00  0.000E+00  0.000E+00 -0.369E+04  0.000E+00  0.000E+00  0.000E+00  0.702E+00  0.000E+00  0.000E+00  0.000E+00  0.000E+00  0.000E+00  0.000E+00
        55.0523  0.000E+00  0.000E+00  0.000E+00  0.000E+00 -0.372E+04  0.000E+00  0.000E+00  0.000E+00  0.705E+00  0.000E+00  0.000E+00  0.000E+00  0.000E+00  0.000E+00  0.000E+00
        55.3735  0.000E+00  0.000E+00  0.000E+00  0.000E+00 -0.374E+04  0.000E+00  0.000E+00  0.000E+00  0.707E+00  0.000E+00  0.000E+00  0.000E+00  0.000E+00  0.000E+00  0.000E+00
        55.6947  0.000E+00  0.000E+00  0.000E+00  0.000E+00 -0.376E+04  0.000E+00  0.000E+00  0.000E+00  0.710E+00  0.000E+00  0.000E+00  0.000E+00  0.000E+00  0.000E+00  0.000E+00
        56.0159  0.000E+00  0.000E+00  0.000E+00  0.000E+00 -0.378E+04  0.000E+00  0.000E+00  0.000E+00  0.712E+00  0.000E+00  0.000E+00  0.000E+00  0.000E+00  0.000E+00  0.000E+00
        56.3371  0.000E+00  0.000E+00  0.000E+00  0.000E+00 -0.380E+04  0.000E+00  0.000E+00  0.000E+00  0.714E+00  0.000E+00  0.000E+00  0.000E+00  0.000E+00  0.000E+00  0.000E+00
        56.6582  0.000E+00  0.000E+00  0.000E+00  0.000E+00 -0.382E+04  0.000E+00  0.000E+00  0.000E+00  0.717E+00  0.000E+00  0.000E+00  0.000E+00  0.000E+00  0.000E+00  0.000E+00
        56.9924  0.000E+00  0.000E+00  0.000E+00  0.000E+00 -0.385E+04  0.000E+00  0.000E+00  0.000E+00  0.720E+00  0.000E+00  0.000E+00  0.000E+00  0.000E+00  0.000E+00  0.000E+00
        57.3266  0.000E+00  0.000E+00  0.000E+00  0.000E+00 -0.387E+04  0.000E+00  0.000E+00  0.000E+00  0.723E+00  0.000E+00  0.000E+00  0.000E+00  0.000E+00  0.000E+00  0.000E+00
        57.6608  0.000E+00  0.000E+00  0.000E+00  0.000E+00 -0.389E+04  0.000E+00  0.000E+00  0.000E+00  0.726E+00  0.000E+00  0.000E+00  0.000E+00  0.000E+00  0.000E+00  0.000E+00
        57.9949  0.000E+00  0.000E+00  0.000E+00  0.000E+00 -0.391E+04  0.000E+00  0.000E+00  0.000E+00  0.731E+00  0.000E+00  0.000E+00  0.000E+00  0.000E+00  0.000E+00  0.000E+00
        58.3291  0.000E+00  0.000E+00  0.000E+00  0.000E+00 -0.394E+04  0.000E+00  0.000E+00  0.000E+00  0.741E+00  0.000E+00  0.000E+00  0.000E+00  0.000E+00  0.000E+00  0.000E+00
        58.6633  0.000E+00  0.000E+00  0.000E+00  0.000E+00 -0.396E+04  0.000E+00  0.000E+00  0.000E+00  0.759E+00  0.000E+00  0.000E+00  0.000E+00  0.000E+00  0.000E+00  0.000E+00
        58.9975  0.000E+00  0.000E+00  0.000E+00  0.000E+00 -0.398E+04  0.000E+00  0.000E+00  0.000E+00  0.797E+00  0.000E+00  0.000E+00  0.000E+00  0.000E+00  0.000E+00  0.000E+00
        59.3316  0.000E+00  0.000E+00  0.000E+00  0.000E+00 -0.400E+04  0.000E+00  0.000E+00  0.000E+00  0.878E+00  0.000E+00  0.000E+00  0.000E+00  0.000E+00  0.000E+00  0.000E+00
        59.6658  0.000E+00  0.000E+00  0.000E+00  0.000E+00 -0.403E+04  0.000E+00  0.000E+00  0.000E+00  0.104E+01  0.000E+00  0.000E+00  0.000E+00  0.000E+00  0.000E+00  0.000E+00
        60.0000  0.000E+00  0.000E+00  0.000E+00  0.000E+00 -0.405E+04  0.000E+00  0.000E+00  0.000E+00  0.132E+01  0.000E+00  0.000E+00  0.000E+00  0.000E+00  0.000E+00  0.000E+00
        60.0010  0.000E+00  0.000E+00  0.000E+00  0.000E+00 -0.405E+04  0.000E+00  0.000E+00  0.000E+00  0.132E+01  0.000E+00  0.000E+00  0.000E+00  0.000E+00  0.000E+00  0.000E+00
        60.0017  0.000E+00  0.000E+00  0.000E+00  0.000E+00 -0.405E+04  0.000E+00  0.000E+00  0.000E+00  0.132E+01  0.000E+00  0.000E+00  0.000E+00  0.000E+00  0.000E+00  0.000E+00
        60.0026  0.000E+00  0.000E+00  0.000E+00  0.000E+00 -0.405E+04  0.000E+00  0.000E+00  0.000E+00  0.133E+01  0.000E+00  0.000E+00  0.000E+00  0.000E+00  0.000E+00  0.000E+00
        60.0038  0.000E+00  0.000E+00  0.000E+00  0.000E+00 -0.405E+04  0.000E+00  0.000E+00  0.000E+00  0.133E+01  0.000E+00  0.000E+00  0.000E+00  0.000E+00  0.000E+00  0.000E+00
        60.0053  0.000E+00  0.000E+00  0.000E+00  0.000E+00 -0.405E+04  0.000E+00  0.000E+00  0.000E+00  0.133E+01  0.000E+00  0.000E+00  0.000E+00  0.000E+00  0.000E+00  0.000E+00
        60.0073  0.000E+00  0.000E+00  0.000E+00  0.000E+00 -0.405E+04  0.000E+00  0.000E+00  0.000E+00  0.133E+01  0.000E+00  0.000E+00  0.000E+00  0.000E+00  0.000E+00  0.000E+00
        60.0099  0.000E+00  0.000E+00  0.000E+00  0.000E+00 -0.405E+04  0.000E+00  0.000E+00  0.000E+00  0.134E+01  0.000E+00  0.000E+00  0.000E+00  0.000E+00  0.000E+00  0.000E+00
        60.0133  0.000E+00  0.000E+00  0.000E+00  0.000E+00 -0.405E+04  0.000E+00  0.000E+00  0.000E+00  0.134E+01  0.000E+00  0.000E+00  0.000E+00  0.000E+00  0.000E+00  0.000E+00
        60.0177  0.000E+00  0.000E+00  0.000E+00  0.000E+00 -0.405E+04  0.000E+00  0.000E+00  0.000E+00  0.135E+01  0.000E+00  0.000E+00  0.000E+00  0.000E+00  0.000E+00  0.000E+00
        60.0234  0.000E+00  0.000E+00  0.000E+00  0.000E+00 -0.405E+04  0.000E+00  0.000E+00  0.000E+00  0.136E+01  0.000E+00  0.000E+00  0.000E+00  0.000E+00  0.000E+00  0.000E+00
        60.0308  0.000E+00  0.000E+00  0.000E+00  0.000E+00 -0.405E+04  0.000E+00  0.000E+00  0.000E+00  0.137E+01  0.000E+00  0.000E+00  0.000E+00  0.000E+00  0.000E+00  0.000E+00
        60.0405  0.000E+00  0.000E+00  0.000E+00  0.000E+00 -0.405E+04  0.000E+00  0.000E+00  0.000E+00  0.138E+01  0.000E+00  0.000E+00  0.000E+00  0.000E+00  0.000E+00  0.000E+00
        60.0530  0.000E+00  0.000E+00  0.000E+00  0.000E+00 -0.405E+04  0.000E+00  0.000E+00  0.000E+00  0.140E+01  0.000E+00  0.000E+00  0.000E+00  0.000E+00  0.000E+00  0.000E+00
        60.0693  0.000E+00  0.000E+00  0.000E+00  0.000E+00 -0.405E+04  0.000E+00  0.000E+00  0.000E+00  0.142E+01  0.000E+00  0.000E+00  0.000E+00  0.000E+00  0.000E+00  0.000E+00
        60.0905  0.000E+00  0.000E+00  0.000E+00  0.000E+00 -0.405E+04  0.000E+00  0.000E+00  0.000E+00  0.145E+01  0.000E+00  0.000E+00  0.000E+00  0.000E+00  0.000E+00  0.000E+00
        60.1181  0.000E+00  0.000E+00  0.000E+00  0.000E+00 -0.405E+04  0.000E+00  0.000E+00  0.000E+00  0.150E+01  0.000E+00  0.000E+00  0.000E+00  0.000E+00  0.000E+00  0.000E+00
        60.1539  0.000E+00  0.000E+00  0.000E+00  0.000E+00 -0.405E+04  0.000E+00  0.000E+00  0.000E+00  0.155E+01  0.000E+00  0.000E+00  0.000E+00  0.000E+00  0.000E+00  0.000E+00
        60.2005  0.000E+00  0.000E+00  0.000E+00  0.000E+00 -0.405E+04  0.000E+00  0.000E+00  0.000E+00  0.163E+01  0.000E+00  0.000E+00  0.000E+00  0.000E+00  0.000E+00  0.000E+00
        60.2611  0.000E+00  0.000E+00  0.000E+00  0.000E+00 -0.405E+04  0.000E+00  0.000E+00  0.000E+00  0.174E+01  0.000E+00  0.000E+00  0.000E+00  0.000E+00  0.000E+00  0.000E+00
        60.3398  0.000E+00  0.000E+00  0.000E+00  0.000E+00 -0.405E+04  0.000E+00  0.000E+00  0.000E+00  0.188E+01  0.000E+00  0.000E+00  0.000E+00  0.000E+00  0.000E+00  0.000E+00
        60.4421  0.000E+00  0.000E+00  0.000E+00  0.000E+00 -0.405E+04  0.000E+00  0.000E+00  0.000E+00  0.209E+01  0.000E+00  0.000E+00  0.000E+00  0.000E+00  0.000E+00  0.000E+00
        60.5752  0.000E+00  0.000E+00  0.000E+00  0.000E+00 -0.405E+04  0.000E+00  0.000E+00  0.000E+00  0.240E+01  0.000E+00  0.000E+00  0.000E+00  0.000E+00  0.000E+00  0.000E+00
        60.7481  0.000E+00  0.000E+00  0.000E+00  0.000E+00 -0.405E+04  0.000E+00  0.000E+00  0.000E+00  0.285E+01  0.000E+00  0.000E+00  0.000E+00  0.000E+00  0.000E+00  0.000E+00
        60.9729  0.000E+00  0.000E+00  0.000E+00  0.000E+00 -0.405E+04  0.000E+00  0.000E+00  0.000E+00  0.355E+01  0.000E+00  0.000E+00  0.000E+00  0.000E+00  0.000E+00  0.000E+00
        61.2652  0.000E+00  0.000E+00  0.000E+00  0.000E+00 -0.405E+04  0.000E+00  0.000E+00  0.000E+00  0.462E+01  0.000E+00  0.000E+00  0.000E+00  0.000E+00  0.000E+00  0.000E+00
        61.6452  0.000E+00  0.000E+00  0.000E+00  0.000E+00 -0.405E+04  0.000E+00  0.000E+00  0.000E+00  0.629E+01  0.000E+00  0.000E+00  0.000E+00  0.000E+00  0.000E+00  0.000E+00
        62.1391  0.000E+00  0.000E+00  0.000E+00  0.000E+00 -0.405E+04  0.000E+00  0.000E+00  0.000E+00  0.879E+01  0.000E+00  0.000E+00  0.000E+00  0.000E+00  0.000E+00  0.000E+00
        62.6331  0.000E+00  0.000E+00  0.000E+00  0.000E+00 -0.405E+04  0.000E+00  0.000E+00  0.000E+00  0.115E+02  0.000E+00  0.000E+00  0.000E+00  0.000E+00  0.000E+00  0.000E+00
        63.1270  0.000E+00  0.000E+00  0.000E+00  0.000E+00 -0.405E+04  0.000E+00  0.000E+00  0.000E+00  0.142E+02  0.000E+00  0.000E+00  0.000E+00  0.000E+00  0.000E+00  0.000E+00
        63.6210  0.000E+00  0.000E+00  0.000E+00  0.000E+00 -0.405E+04  0.000E+00  0.000E+00  0.000E+00  0.169E+02  0.000E+00  0.000E+00  0.000E+00  0.000E+00  0.000E+00  0.000E+00
        64.2631  0.000E+00  0.000E+00  0.000E+00  0.000E+00 -0.405E+04  0.000E+00  0.000E+00  0.000E+00  0.203E+02  0.000E+00  0.000E+00  0.000E+00  0.000E+00  0.000E+00  0.000E+00
        64.9052  0.000E+00  0.000E+00  0.000E+00  0.000E+00 -0.405E+04  0.000E+00  0.000E+00  0.000E+00  0.234E+02  0.000E+00  0.000E+00  0.000E+00  0.000E+00  0.000E+00  0.000E+00
        65.5474  0.000E+00  0.000E+00  0.000E+00  0.000E+00 -0.405E+04  0.000E+00  0.000E+00  0.000E+00  0.262E+02  0.000E+00  0.000E+00  0.000E+00  0.000E+00  0.000E+00  0.000E+00
        66.3821  0.000E+00  0.000E+00  0.000E+00  0.000E+00 -0.405E+04  0.000E+00  0.000E+00  0.000E+00  0.297E+02  0.000E+00  0.000E+00  0.000E+00  0.000E+00  0.000E+00  0.000E+00
        67.2169  0.000E+00  0.000E+00  0.000E+00  0.000E+00 -0.405E+04  0.000E+00  0.000E+00  0.000E+00  0.327E+02  0.000E+00  0.000E+00  0.000E+00  0.000E+00  0.000E+00  0.000E+00
        68.3021  0.000E+00  0.000E+00  0.000E+00  0.000E+00 -0.405E+04  0.000E+00  0.000E+00  0.000E+00  0.362E+02  0.000E+00  0.000E+00  0.000E+00  0.000E+00  0.000E+00  0.000E+00
        69.3873  0.000E+00  0.000E+00  0.000E+00  0.000E+00 -0.405E+04  0.000E+00  0.000E+00  0.000E+00  0.391E+02  0.000E+00  0.000E+00  0.000E+00  0.000E+00  0.000E+00  0.000E+00
        70.4725  0.000E+00  0.000E+00  0.000E+00  0.000E+00 -0.405E+04  0.000E+00  0.000E+00  0.000E+00  0.416E+02  0.000E+00  0.000E+00  0.000E+00  0.000E+00  0.000E+00  0.000E+00
        71.5577  0.000E+00  0.000E+00  0.000E+00  0.000E+00 -0.405E+04  0.000E+00  0.000E+00  0.000E+00  0.438E+02  0.000E+00  0.000E+00  0.000E+00  0.000E+00  0.000E+00  0.000E+00
        72.9685  0.000E+00  0.000E+00  0.000E+00  0.000E+00 -0.405E+04  0.000E+00  0.000E+00  0.000E+00  0.462E+02  0.000E+00  0.000E+00  0.000E+00  0.000E+00  0.000E+00  0.000E+00
        74.3792  0.000E+00  0.000E+00  0.000E+00  0.000E+00 -0.405E+04  0.000E+00  0.000E+00  0.000E+00  0.481E+02  0.000E+00  0.000E+00  0.000E+00  0.000E+00  0.000E+00  0.000E+00
        76.2132  0.000E+00  0.000E+00  0.000E+00  0.000E+00 -0.405E+04  0.000E+00  0.000E+00  0.000E+00  0.503E+02  0.000E+00  0.000E+00  0.000E+00  0.000E+00  0.000E+00  0.000E+00
        78.0472  0.000E+00  0.000E+00  0.000E+00  0.000E+00 -0.405E+04  0.000E+00  0.000E+00  0.000E+00  0.520E+02  0.000E+00  0.000E+00  0.000E+00  0.000E+00  0.000E+00  0.000E+00
        79.8812  0.000E+00  0.000E+00  0.000E+00  0.000E+00 -0.405E+04  0.000E+00  0.000E+00  0.000E+00  0.533E+02  0.000E+00  0.000E+00  0.000E+00  0.000E+00  0.000E+00  0.000E+00
        82.2654  0.000E+00  0.000E+00  0.000E+00  0.000E+00 -0.405E+04  0.000E+00  0.000E+00  0.000E+00  0.547E+02  0.000E+00  0.000E+00  0.000E+00  0.000E+00  0.000E+00  0.000E+00
        84.6496  0.000E+00  0.000E+00  0.000E+00  0.000E+00 -0.405E+04  0.000E+00  0.000E+00  0.000E+00  0.558E+02  0.000E+00  0.000E+00  0.000E+00  0.000E+00  0.000E+00  0.000E+00
        87.0338  0.000E+00  0.000E+00  0.000E+00  0.000E+00 -0.405E+04  0.000E+00  0.000E+00  0.000E+00  0.566E+02  0.000E+00  0.000E+00  0.000E+00  0.000E+00  0.000E+00  0.000E+00
        90.1333  0.000E+00  0.000E+00  0.000E+00  0.000E+00 -0.405E+04  0.000E+00  0.000E+00  0.000E+00  0.575E+02  0.000E+00  0.000E+00  0.000E+00  0.000E+00  0.000E+00  0.000E+00
        93.1199  0.000E+00  0.000E+00  0.000E+00  0.000E+00 -0.405E+04  0.000E+00  0.000E+00  0.000E+00  0.581E+02  0.000E+00  0.000E+00  0.000E+00  0.000E+00  0.000E+00  0.000E+00
        96.9599  0.000E+00  0.000E+00  0.000E+00  0.000E+00 -0.405E+04  0.000E+00  0.000E+00  0.000E+00  0.587E+02  0.000E+00  0.000E+00  0.000E+00  0.000E+00  0.000E+00  0.000E+00
       100.8000  0.000E+00  0.000E+00  0.000E+00  0.000E+00 -0.405E+04  0.000E+00  0.000E+00  0.000E+00  0.592E+02  0.000E+00  0.000E+00  0.000E+00  0.000E+00  0.000E+00  0.000E+00
       104.6400  0.000E+00  0.000E+00  0.000E+00  0.000E+00 -0.405E+04  0.000E+00  0.000E+00  0.000E+00  0.596E+02  0.000E+00  0.000E+00  0.000E+00  0.000E+00  0.000E+00  0.000E+00
       109.7600  0.000E+00  0.000E+00  0.000E+00  0.000E+00 -0.405E+04  0.000E+00  0.000E+00  0.000E+00  0.600E+02  0.000E+00  0.000E+00  0.000E+00  0.000E+00  0.000E+00  0.000E+00
       114.8800  0.000E+00  0.000E+00  0.000E+00  0.000E+00 -0.405E+04  0.000E+00  0.000E+00  0.000E+00  0.603E+02  0.000E+00  0.000E+00  0.000E+00  0.000E+00  0.000E+00  0.000E+00
       120.0000  0.000E+00  0.000E+00  0.000E+00  0.000E+00 -0.405E+04  0.000E+00  0.000E+00  0.000E+00  0.605E+02  0.000E+00  0.000E+00  0.000E+00  0.000E+00  0.000E+00  0.000E+00
       125.2381  0.000E+00  0.000E+00  0.000E+00  0.000E+00 -0.405E+04  0.000E+00  0.000E+00  0.000E+00  0.607E+02  0.000E+00  0.000E+00  0.000E+00  0.000E+00  0.000E+00  0.000E+00
       130.7143  0.000E+00  0.000E+00  0.000E+00  0.000E+00 -0.405E+04  0.000E+00  0.000E+00  0.000E+00  0.609E+02  0.000E+00  0.000E+00  0.000E+00  0.000E+00  0.000E+00  0.000E+00
       136.1905  0.000E+00  0.000E+00  0.000E+00  0.000E+00 -0.405E+04  0.000E+00  0.000E+00  0.000E+00  0.611E+02  0.000E+00  0.000E+00  0.000E+00  0.000E+00  0.000E+00  0.000E+00
       141.6667  0.000E+00  0.000E+00  0.000E+00  0.000E+00 -0.405E+04  0.000E+00  0.000E+00  0.000E+00  0.612E+02  0.000E+00  0.000E+00  0.000E+00  0.000E+00  0.000E+00  0.000E+00
       148.0555  0.000E+00  0.000E+00  0.000E+00  0.000E+00 -0.405E+04  0.000E+00  0.000E+00  0.000E+00  0.613E+02  0.000E+00  0.000E+00  0.000E+00  0.000E+00  0.000E+00  0.000E+00
       156.0417  0.000E+00  0.000E+00  0.000E+00  0.000E+00 -0.405E+04  0.000E+00  0.000E+00  0.000E+00  0.615E+02  0.000E+00  0.000E+00  0.000E+00  0.000E+00  0.000E+00  0.000E+00
       168.0208  0.000E+00  0.000E+00  0.000E+00  0.000E+00 -0.405E+04  0.000E+00  0.000E+00  0.000E+00  0.617E+02  0.000E+00  0.000E+00  0.000E+00  0.000E+00  0.000E+00  0.000E+00
       180.0000  0.000E+00  0.000E+00  0.000E+00  0.000E+00 -0.405E+04  0.000E+00  0.000E+00  0.000E+00  0.619E+02  0.000E+00  0.000E+00  0.000E+00  0.000E+00  0.000E+00  0.000E+00
       195.0000  0.000E+00  0.000E+00  0.000E+00  0.000E+00 -0.405E+04  0.000E+00  0.000E+00  0.000E+00  0.622E+02  0.000E+00  0.000E+00  0.000E+00  0.000E+00  0.000E+00  0.000E+00
       217.5000  0.000E+00  0.000E+00  0.000E+00  0.000E+00 -0.405E+04  0.000E+00  0.000E+00  0.000E+00  0.625E+02  0.000E+00  0.000E+00  0.000E+00  0.000E+00  0.000E+00  0.000E+00
       240.0000  0.000E+00  0.000E+00  0.000E+00  0.000E+00 -0.405E+04  0.000E+00  0.000E+00  0.000E+00  0.628E+02  0.000E+00  0.000E+00  0.000E+00  0.000E+00  0.000E+00  0.000E+00
       266.0000  0.000E+00  0.000E+00  0.000E+00  0.000E+00 -0.405E+04  0.000E+00  0.000E+00  0.000E+00  0.631E+02  0.000E+00  0.000E+00  0.000E+00  0.000E+00  0.000E+00  0.000E+00
       299.4286  0.000E+00  0.000E+00  0.000E+00  0.000E+00 -0.405E+04  0.000E+00  0.000E+00  0.000E+00  0.636E+02  0.000E+00  0.000E+00  0.000E+00  0.000E+00  0.000E+00  0.000E+00
       339.5429  0.000E+00  0.000E+00  0.000E+00  0.000E+00 -0.405E+04  0.000E+00  0.000E+00  0.000E+00  0.640E+02  0.000E+00  0.000E+00  0.000E+00  0.000E+00  0.000E+00  0.000E+00
       393.0286  0.000E+00  0.000E+00  0.000E+00  0.000E+00 -0.405E+04  0.000E+00  0.000E+00  0.000E+00  0.646E+02  0.000E+00  0.000E+00  0.000E+00  0.000E+00  0.000E+00  0.000E+00
       500.0000  0.000E+00  0.000E+00  0.000E+00  0.000E+00 -0.405E+04  0.000E+00  0.000E+00  0.000E+00  0.658E+02  0.000E+00  0.000E+00  0.000E+00  0.000E+00  0.000E+00  0.000E+00
       573.3333  0.000E+00  0.000E+00  0.000E+00  0.000E+00 -0.405E+04  0.000E+00  0.000E+00  0.000E+00  0.665E+02  0.000E+00  0.000E+00  0.000E+00  0.000E+00  0.000E+00  0.000E+00
       646.6667  0.000E+00  0.000E+00  0.000E+00  0.000E+00 -0.405E+04  0.000E+00  0.000E+00  0.000E+00  0.674E+02  0.000E+00  0.000E+00  0.000E+00  0.000E+00  0.000E+00  0.000E+00
       720.0000  0.000E+00  0.000E+00  0.000E+00  0.000E+00 -0.405E+04  0.000E+00  0.000E+00  0.000E+00  0.684E+02  0.000E+00  0.000E+00  0.000E+00  0.000E+00  0.000E+00  0.000E+00
       840.0000  0.000E+00  0.000E+00  0.000E+00  0.000E+00 -0.405E+04  0.000E+00  0.000E+00  0.000E+00  0.703E+02  0.000E+00  0.000E+00  0.000E+00  0.000E+00  0.000E+00  0.000E+00
       960.0000  0.000E+00  0.000E+00  0.000E+00  0.000E+00 -0.405E+04  0.000E+00  0.000E+00  0.000E+00  0.731E+02  0.000E+00  0.000E+00  0.000E+00  0.000E+00  0.000E+00  0.000E+00
      1120.0000  0.000E+00  0.000E+00  0.000E+00  0.000E+00 -0.405E+04  0.000E+00  0.000E+00  0.000E+00  0.781E+02  0.000E+00  0.000E+00  0.000E+00  0.000E+00  0.000E+00  0.000E+00
      1280.0000  0.000E+00  0.000E+00  0.000E+00  0.000E+00 -0.405E+04  0.000E+00  0.000E+00  0.000E+00  0.850E+02  0.000E+00  0.000E+00  0.000E+00  0.000E+00  0.000E+00  0.000E+00
      1440.0000  0.000E+00  0.000E+00  0.000E+00  0.000E+00 -0.405E+04  0.000E+00  0.000E+00  0.000E+00  0.934E+02  0.000E+00  0.000E+00  0.000E+00  0.000E+00  0.000E+00  0.000E+00
      1680.0000  0.000E+00  0.000E+00  0.000E+00  0.000E+00 -0.405E+04  0.000E+00  0.000E+00  0.000E+00  0.108E+03  0.000E+00  0.000E+00  0.000E+00  0.000E+00  0.000E+00  0.000E+00
      2160.0000  0.000E+00  0.000E+00  0.000E+00  0.000E+00 -0.405E+04  0.000E+00  0.000E+00  0.000E+00  0.141E+03  0.000E+00  0.000E+00  0.000E+00  0.000E+00  0.000E+00  0.000E+00
      2520.0000  0.000E+00  0.000E+00  0.000E+00  0.000E+00 -0.405E+04  0.000E+00  0.000E+00  0.000E+00  0.167E+03  0.000E+00  0.000E+00  0.000E+00  0.000E+00  0.000E+00  0.000E+00
      2880.0000  0.000E+00  0.000E+00  0.000E+00  0.000E+00 -0.405E+04  0.000E+00  0.000E+00  0.000E+00  0.194E+03  0.000E+00  0.000E+00  0.000E+00  0.000E+00  0.000E+00  0.000E+00
end
