

     TLevel     Time          dt      Iter    ItCum

      1  0.10000000E-02  0.10000E-02    3         3
      2  0.20000001E-02  0.10000E-02    2         5
      3  0.33000001E-02  0.13000E-02    3         8
      4  0.49900000E-02  0.16900E-02    3        11
      5  0.71870000E-02  0.21970E-02    3        14
      6  0.10043100E-01  0.28561E-02    3        17
      7  0.13756029E-01  0.37129E-02    3        20
      8  0.18582838E-01  0.48268E-02    3        23
      9  0.24857688E-01  0.62749E-02    3        26
     10  0.33014994E-01  0.81573E-02    3        29
     11  0.43619491E-01  0.10604E-01    3        32
     12  0.57405336E-01  0.13786E-01    4        36
     13  0.71191182E-01  0.13786E-01    4        40
     14  0.84977027E-01  0.13786E-01    4        44
     15  0.98762873E-01  0.13786E-01    4        48
     16  0.11254872E+00  0.13786E-01    4        52
     17  0.12633456E+00  0.13786E-01    4        56
     18  0.14012041E+00  0.13786E-01    4        60
     19  0.15390626E+00  0.13786E-01    3        63
     20  0.17182785E+00  0.17922E-01    4        67
     21  0.18974945E+00  0.17922E-01    4        71
     22  0.20767105E+00  0.17922E-01    4        75
     23  0.22559265E+00  0.17922E-01    4        79
     24  0.24351425E+00  0.17922E-01    4        83
     25  0.26143585E+00  0.17922E-01    3        86
     26  0.28473392E+00  0.23298E-01    4        90
     27  0.30803200E+00  0.23298E-01    4        94
     28  0.33133008E+00  0.23298E-01    4        98
     29  0.35462816E+00  0.23298E-01    4       102
     30  0.37792623E+00  0.23298E-01    4       106
     31  0.40122431E+00  0.23298E-01    4       110
     32  0.42452239E+00  0.23298E-01    4       114
     33  0.44782047E+00  0.23298E-01    3       117
     34  0.47810796E+00  0.30287E-01    4       121
     35  0.50839546E+00  0.30287E-01    4       125
     36  0.53868296E+00  0.30287E-01    4       129
     37  0.56897046E+00  0.30287E-01    4       133
     38  0.59925796E+00  0.30287E-01    4       137
     39  0.62954546E+00  0.30287E-01    4       141
     40  0.65983296E+00  0.30287E-01    4       145
     41  0.69012045E+00  0.30287E-01    4       149
     42  0.72040795E+00  0.30287E-01    4       153
     43  0.75069545E+00  0.30287E-01    4       157
     44  0.78098295E+00  0.30287E-01    4       161
     45  0.81127045E+00  0.30287E-01    4       165
     46  0.84155795E+00  0.30287E-01    4       169
     47  0.87184545E+00  0.30287E-01    3       172
     48  0.91121919E+00  0.39374E-01    4       176
     49  0.95059294E+00  0.39374E-01    4       180
     50  0.98996669E+00  0.39374E-01    4       184
     51  0.10293404E+01  0.39374E-01    4       188
     52  0.10687142E+01  0.39374E-01    4       192
     53  0.11080879E+01  0.39374E-01    4       196
     54  0.11474617E+01  0.39374E-01    4       200
     55  0.11868354E+01  0.39374E-01    4       204
     56  0.12262092E+01  0.39374E-01    4       208
     57  0.12655829E+01  0.39374E-01    4       212
     58  0.13049567E+01  0.39374E-01    4       216
     59  0.13443304E+01  0.39374E-01    4       220
     60  0.13837042E+01  0.39374E-01    4       224
     61  0.14230779E+01  0.39374E-01    4       228
     62  0.14624517E+01  0.39374E-01    4       232
     63  0.15018254E+01  0.39374E-01    3       235
     64  0.15530113E+01  0.51186E-01    4       239
     65  0.16041972E+01  0.51186E-01    4       243
     66  0.16553830E+01  0.51186E-01    4       247
     67  0.17065689E+01  0.51186E-01    4       251
     68  0.17577548E+01  0.51186E-01    4       255
     69  0.18089406E+01  0.51186E-01    4       259
     70  0.18601265E+01  0.51186E-01    4       263
     71  0.19113124E+01  0.51186E-01    4       267
     72  0.19624982E+01  0.51186E-01    4       271
     73  0.20136841E+01  0.51186E-01    3       274
     74  0.20802257E+01  0.66542E-01    4       278
     75  0.21467674E+01  0.66542E-01    4       282
     76  0.22133090E+01  0.66542E-01    4       286
     77  0.22798506E+01  0.66542E-01    4       290
     78  0.23463922E+01  0.66542E-01    4       294
     79  0.24129339E+01  0.66542E-01    4       298
     80  0.24794755E+01  0.66542E-01    4       302
     81  0.25460171E+01  0.66542E-01    4       306
     82  0.26125587E+01  0.66542E-01    3       309
     83  0.26990629E+01  0.86504E-01    4       313
     84  0.27855670E+01  0.86504E-01    4       317
     85  0.28720711E+01  0.86504E-01    4       321
     86  0.29585752E+01  0.86504E-01    4       325
     87  0.30450793E+01  0.86504E-01    4       329
     88  0.31315834E+01  0.86504E-01    4       333
     89  0.32180875E+01  0.86504E-01    4       337
     90  0.33045916E+01  0.86504E-01    4       341
     91  0.33910957E+01  0.86504E-01    4       345
     92  0.34775998E+01  0.86504E-01    3       348
     93  0.35900552E+01  0.11246E+00    4       352
     94  0.37025105E+01  0.11246E+00    4       356
     95  0.38149659E+01  0.11246E+00    4       360
     96  0.39274212E+01  0.11246E+00    4       364
     97  0.40346791E+01  0.10726E+00    4       368
     98  0.41419369E+01  0.10726E+00    4       372
     99  0.42491948E+01  0.10726E+00    4       376
    100  0.43564527E+01  0.10726E+00    4       380
    101  0.44637106E+01  0.10726E+00    4       384
    102  0.45709685E+01  0.10726E+00    4       388
    103  0.46782264E+01  0.10726E+00    4       392
    104  0.47854842E+01  0.10726E+00    4       396
    105  0.48927421E+01  0.10726E+00    4       400
    106  0.50000000E+01  0.10726E+00    4       404
    107  0.51124553E+01  0.11246E+00    4       408
    108  0.52249107E+01  0.11246E+00    4       412
    109  0.53373660E+01  0.11246E+00    4       416
    110  0.54498214E+01  0.11246E+00    4       420
    111  0.55622767E+01  0.11246E+00    4       424
    112  0.56747320E+01  0.11246E+00    4       428
    113  0.57871874E+01  0.11246E+00    4       432
    114  0.58996427E+01  0.11246E+00    4       436
    115  0.60120980E+01  0.11246E+00    3       439
    116  0.61582900E+01  0.14619E+00    4       443
    117  0.63044819E+01  0.14619E+00    4       447
    118  0.64506739E+01  0.14619E+00    4       451
    119  0.65968658E+01  0.14619E+00    4       455
    120  0.67430577E+01  0.14619E+00    4       459
    121  0.68892497E+01  0.14619E+00    4       463
    122  0.70354416E+01  0.14619E+00    4       467
    123  0.71816336E+01  0.14619E+00    4       471
    124  0.73278255E+01  0.14619E+00    4       475
    125  0.74740174E+01  0.14619E+00    4       479
    126  0.76202094E+01  0.14619E+00    4       483
    127  0.77664013E+01  0.14619E+00    4       487
    128  0.79125933E+01  0.14619E+00    4       491
    129  0.80587852E+01  0.14619E+00    4       495
    130  0.82049771E+01  0.14619E+00    4       499
    131  0.83511691E+01  0.14619E+00    4       503
    132  0.84973610E+01  0.14619E+00    4       507
    133  0.86435530E+01  0.14619E+00    4       511
    134  0.87897449E+01  0.14619E+00    4       515
    135  0.89359368E+01  0.14619E+00    4       519
    136  0.90821288E+01  0.14619E+00    4       523
    137  0.92283207E+01  0.14619E+00    4       527
    138  0.93745127E+01  0.14619E+00    4       531
    139  0.95207046E+01  0.14619E+00    4       535
    140  0.96668965E+01  0.14619E+00    4       539
    141  0.98130885E+01  0.14619E+00    4       543
    142  0.99592804E+01  0.14619E+00    4       547
    143  0.10105472E+02  0.14619E+00    3       550
    144  0.10295522E+02  0.19005E+00    4       554
    145  0.10485571E+02  0.19005E+00    4       558
    146  0.10675621E+02  0.19005E+00    4       562
    147  0.10865670E+02  0.19005E+00    4       566
    148  0.11055720E+02  0.19005E+00    4       570
    149  0.11245769E+02  0.19005E+00    4       574
    150  0.11435819E+02  0.19005E+00    4       578
    151  0.11625868E+02  0.19005E+00    4       582
    152  0.11815918E+02  0.19005E+00    4       586
    153  0.12005967E+02  0.19005E+00    4       590
    154  0.12196017E+02  0.19005E+00    4       594
    155  0.12386067E+02  0.19005E+00    4       598
    156  0.12576116E+02  0.19005E+00    4       602
    157  0.12766166E+02  0.19005E+00    4       606
    158  0.12956215E+02  0.19005E+00    4       610
    159  0.13146265E+02  0.19005E+00    4       614
    160  0.13331638E+02  0.18537E+00    4       618
    161  0.13517012E+02  0.18537E+00    4       622
    162  0.13702385E+02  0.18537E+00    4       626
    163  0.13887759E+02  0.18537E+00    4       630
    164  0.14073132E+02  0.18537E+00    4       634
    165  0.14258506E+02  0.18537E+00    4       638
    166  0.14443879E+02  0.18537E+00    4       642
    167  0.14629253E+02  0.18537E+00    4       646
    168  0.14814626E+02  0.18537E+00    4       650
    169  0.15000000E+02  0.18537E+00    4       654
    170  0.15190050E+02  0.19005E+00    4       658
    171  0.15380099E+02  0.19005E+00    4       662
    172  0.15570149E+02  0.19005E+00    4       666
    173  0.15760198E+02  0.19005E+00    4       670
    174  0.15950248E+02  0.19005E+00    4       674
    175  0.16140297E+02  0.19005E+00    4       678
    176  0.16330347E+02  0.19005E+00    4       682
    177  0.16520396E+02  0.19005E+00    4       686
    178  0.16710446E+02  0.19005E+00    4       690
    179  0.16900495E+02  0.19005E+00    4       694
    180  0.17090545E+02  0.19005E+00    4       698
    181  0.17280594E+02  0.19005E+00    4       702
    182  0.17470644E+02  0.19005E+00    3       705
    183  0.17717708E+02  0.24706E+00    4       709
    184  0.17964772E+02  0.24706E+00    4       713
    185  0.18211837E+02  0.24706E+00    4       717
    186  0.18458901E+02  0.24706E+00    4       721
    187  0.18705965E+02  0.24706E+00    4       725
    188  0.18953030E+02  0.24706E+00    4       729
    189  0.19200094E+02  0.24706E+00    4       733
    190  0.19447159E+02  0.24706E+00    4       737
    191  0.19694223E+02  0.24706E+00    4       741
    192  0.19941287E+02  0.24706E+00    4       745
    193  0.20188352E+02  0.24706E+00    4       749
    194  0.20435416E+02  0.24706E+00    4       753
    195  0.20682480E+02  0.24706E+00    4       757
    196  0.20929545E+02  0.24706E+00    4       761
    197  0.21176609E+02  0.24706E+00    4       765
    198  0.21423673E+02  0.24706E+00    4       769
    199  0.21670738E+02  0.24706E+00    4       773
    200  0.21917802E+02  0.24706E+00    4       777
    201  0.22164866E+02  0.24706E+00    4       781
    202  0.22411931E+02  0.24706E+00    4       785
    203  0.22658995E+02  0.24706E+00    4       789
    204  0.22906059E+02  0.24706E+00    4       793
    205  0.23153124E+02  0.24706E+00    4       797
    206  0.23400188E+02  0.24706E+00    4       801
    207  0.23647252E+02  0.24706E+00    4       805
    208  0.23894317E+02  0.24706E+00    4       809
    209  0.24141381E+02  0.24706E+00    4       813
    210  0.24388446E+02  0.24706E+00    4       817
    211  0.24635510E+02  0.24706E+00    4       821
    212  0.24882574E+02  0.24706E+00    4       825
    213  0.25129639E+02  0.24706E+00    4       829
    214  0.25376703E+02  0.24706E+00    4       833
    215  0.25623767E+02  0.24706E+00    4       837
    216  0.25870832E+02  0.24706E+00    4       841
    217  0.26117896E+02  0.24706E+00    4       845
    218  0.26364960E+02  0.24706E+00    4       849
    219  0.26612025E+02  0.24706E+00    4       853
    220  0.26859089E+02  0.24706E+00    4       857
    221  0.27106153E+02  0.24706E+00    4       861
    222  0.27353218E+02  0.24706E+00    4       865
    223  0.27600282E+02  0.24706E+00    4       869
    224  0.27840254E+02  0.23997E+00    4       873
    225  0.28080226E+02  0.23997E+00    4       877
    226  0.28320197E+02  0.23997E+00    3       880
    227  0.28656158E+02  0.33596E+00    4       884
    228  0.28992119E+02  0.33596E+00    4       888
    229  0.29328079E+02  0.33596E+00    4       892
    230  0.29664040E+02  0.33596E+00    4       896
    231  0.30000000E+02  0.33596E+00    4       900
    232  0.30321184E+02  0.32118E+00    4       904
    233  0.30642367E+02  0.32118E+00    4       908
    234  0.30963551E+02  0.32118E+00    4       912
    235  0.31284735E+02  0.32118E+00    4       916
    236  0.31605918E+02  0.32118E+00    4       920
    237  0.31927102E+02  0.32118E+00    4       924
    238  0.32248286E+02  0.32118E+00    4       928
    239  0.32569469E+02  0.32118E+00    4       932
    240  0.32890653E+02  0.32118E+00    4       936
    241  0.33211837E+02  0.32118E+00    4       940
    242  0.33533020E+02  0.32118E+00    4       944
    243  0.33854204E+02  0.32118E+00    4       948
    244  0.34175387E+02  0.32118E+00    4       952
    245  0.34496571E+02  0.32118E+00    4       956
    246  0.34817755E+02  0.32118E+00    4       960
    247  0.35138938E+02  0.32118E+00    4       964
    248  0.35460122E+02  0.32118E+00    4       968
    249  0.35781306E+02  0.32118E+00    4       972
    250  0.36102489E+02  0.32118E+00    4       976
    251  0.36423673E+02  0.32118E+00    4       980
    252  0.36744857E+02  0.32118E+00    4       984
    253  0.37066040E+02  0.32118E+00    4       988
    254  0.37387224E+02  0.32118E+00    4       992
    255  0.37708408E+02  0.32118E+00    4       996
    256  0.38029591E+02  0.32118E+00    4      1000
    257  0.38350775E+02  0.32118E+00    4      1004
    258  0.38671959E+02  0.32118E+00    4      1008
    259  0.38993142E+02  0.32118E+00    4      1012
    260  0.39314326E+02  0.32118E+00    4      1016
    261  0.39635510E+02  0.32118E+00    4      1020
    262  0.39956693E+02  0.32118E+00    4      1024
    263  0.40277877E+02  0.32118E+00    4      1028
    264  0.40599061E+02  0.32118E+00    4      1032
    265  0.40920244E+02  0.32118E+00    4      1036
    266  0.41241428E+02  0.32118E+00    4      1040
    267  0.41562611E+02  0.32118E+00    4      1044
    268  0.41883795E+02  0.32118E+00    4      1048
    269  0.42204979E+02  0.32118E+00    4      1052
    270  0.42526162E+02  0.32118E+00    4      1056
    271  0.42847346E+02  0.32118E+00    4      1060
    272  0.43168530E+02  0.32118E+00    4      1064
    273  0.43489713E+02  0.32118E+00    4      1068
    274  0.43810897E+02  0.32118E+00    4      1072
    275  0.44132081E+02  0.32118E+00    4      1076
    276  0.44453264E+02  0.32118E+00    4      1080
    277  0.44774448E+02  0.32118E+00    4      1084
    278  0.45095632E+02  0.32118E+00    4      1088
    279  0.45416815E+02  0.32118E+00    4      1092
    280  0.45737999E+02  0.32118E+00    4      1096
    281  0.46059183E+02  0.32118E+00    4      1100
    282  0.46380366E+02  0.32118E+00    4      1104
    283  0.46701550E+02  0.32118E+00    4      1108
    284  0.47022734E+02  0.32118E+00    4      1112
    285  0.47343917E+02  0.32118E+00    4      1116
    286  0.47665101E+02  0.32118E+00    4      1120
    287  0.47986284E+02  0.32118E+00    4      1124
    288  0.48307468E+02  0.32118E+00    4      1128
    289  0.48628652E+02  0.32118E+00    4      1132
    290  0.48949835E+02  0.32118E+00    4      1136
    291  0.49271019E+02  0.32118E+00    4      1140
    292  0.49592203E+02  0.32118E+00    4      1144
    293  0.49913386E+02  0.32118E+00    4      1148
    294  0.50234570E+02  0.32118E+00    4      1152
    295  0.50555754E+02  0.32118E+00    4      1156
    296  0.50876937E+02  0.32118E+00    4      1160
    297  0.51198121E+02  0.32118E+00    4      1164
    298  0.51519305E+02  0.32118E+00    4      1168
    299  0.51840488E+02  0.32118E+00    4      1172
    300  0.52161672E+02  0.32118E+00    4      1176
    301  0.52482856E+02  0.32118E+00    4      1180
    302  0.52804039E+02  0.32118E+00    4      1184
    303  0.53125223E+02  0.32118E+00    4      1188
    304  0.53446407E+02  0.32118E+00    4      1192
    305  0.53767590E+02  0.32118E+00    4      1196
    306  0.54088774E+02  0.32118E+00    4      1200
    307  0.54409958E+02  0.32118E+00    4      1204
    308  0.54731141E+02  0.32118E+00    4      1208
    309  0.55052325E+02  0.32118E+00    4      1212
    310  0.55373508E+02  0.32118E+00    4      1216
    311  0.55694692E+02  0.32118E+00    4      1220
    312  0.56015876E+02  0.32118E+00    4      1224
    313  0.56337059E+02  0.32118E+00    4      1228
    314  0.56658243E+02  0.32118E+00    4      1232
    315  0.56992419E+02  0.33418E+00    4      1236
    316  0.57326594E+02  0.33418E+00    4      1240
    317  0.57660770E+02  0.33418E+00    4      1244
    318  0.57994946E+02  0.33418E+00    4      1248
    319  0.58329122E+02  0.33418E+00    4      1252
    320  0.58663297E+02  0.33418E+00    4      1256
    321  0.58997473E+02  0.33418E+00    4      1260
    322  0.59331649E+02  0.33418E+00    4      1264
    323  0.59665824E+02  0.33418E+00    4      1268
    324  0.60000000E+02  0.33418E+00    4      1272
    325  0.60001000E+02  0.10000E-02    7      1279
    326  0.60001700E+02  0.70000E-03    2      1281
    327  0.60002610E+02  0.91000E-03    2      1283
    328  0.60003793E+02  0.11830E-02    2      1285
    329  0.60005331E+02  0.15379E-02    2      1287
    330  0.60007330E+02  0.19993E-02    2      1289
    331  0.60009929E+02  0.25991E-02    2      1291
    332  0.60013308E+02  0.33788E-02    2      1293
    333  0.60017700E+02  0.43924E-02    2      1295
    334  0.60023410E+02  0.57101E-02    2      1297
    335  0.60030834E+02  0.74231E-02    2      1299
    336  0.60040484E+02  0.96501E-02    3      1302
    337  0.60053029E+02  0.12545E-01    2      1304
    338  0.60069338E+02  0.16309E-01    3      1307
    339  0.60090539E+02  0.21201E-01    3      1310
    340  0.60118100E+02  0.27562E-01    3      1313
    341  0.60153930E+02  0.35830E-01    3      1316
    342  0.60200510E+02  0.46579E-01    3      1319
    343  0.60261063E+02  0.60553E-01    2      1321
    344  0.60339781E+02  0.78719E-01    3      1324
    345  0.60442116E+02  0.10233E+00    3      1327
    346  0.60575150E+02  0.13303E+00    3      1330
    347  0.60748095E+02  0.17295E+00    3      1333
    348  0.60972924E+02  0.22483E+00    3      1336
    349  0.61265201E+02  0.29228E+00    3      1339
    350  0.61645161E+02  0.37996E+00    3      1342
    351  0.62139110E+02  0.49395E+00    4      1346
    352  0.62633058E+02  0.49395E+00    4      1350
    353  0.63127007E+02  0.49395E+00    4      1354
    354  0.63620955E+02  0.49395E+00    3      1357
    355  0.64263088E+02  0.64213E+00    4      1361
    356  0.64905221E+02  0.64213E+00    4      1365
    357  0.65547354E+02  0.64213E+00    3      1368
    358  0.66382126E+02  0.83477E+00    4      1372
    359  0.67216899E+02  0.83477E+00    3      1375
    360  0.68302103E+02  0.10852E+01    4      1379
    361  0.69387308E+02  0.10852E+01    4      1383
    362  0.70472512E+02  0.10852E+01    4      1387
    363  0.71557717E+02  0.10852E+01    3      1390
    364  0.72968483E+02  0.14108E+01    4      1394
    365  0.74379248E+02  0.14108E+01    3      1397
    366  0.76213244E+02  0.18340E+01    4      1401
    367  0.78047239E+02  0.18340E+01    4      1405
    368  0.79881235E+02  0.18340E+01    3      1408
    369  0.82265429E+02  0.23842E+01    4      1412
    370  0.84649623E+02  0.23842E+01    4      1416
    371  0.87033816E+02  0.23842E+01    3      1419
    372  0.90133268E+02  0.30995E+01    4      1423
    373  0.93119942E+02  0.29867E+01    3      1426
    374  0.96959950E+02  0.38400E+01    4      1430
    375  0.10079996E+03  0.38400E+01    4      1434
    376  0.10463997E+03  0.38400E+01    3      1437
    377  0.10975998E+03  0.51200E+01    4      1441
    378  0.11487999E+03  0.51200E+01    4      1445
    379  0.12000000E+03  0.51200E+01    4      1449
    380  0.12523807E+03  0.52381E+01    4      1453
    381  0.13071427E+03  0.54762E+01    4      1457
    382  0.13619046E+03  0.54762E+01    4      1461
    383  0.14166665E+03  0.54762E+01    3      1464
    384  0.14805554E+03  0.63889E+01    3      1467
    385  0.15604166E+03  0.79861E+01    3      1470
    386  0.16802083E+03  0.11979E+02    4      1474
    387  0.18000000E+03  0.11979E+02    3      1477
    388  0.19500000E+03  0.15000E+02    3      1480
    389  0.21750000E+03  0.22500E+02    4      1484
    390  0.24000000E+03  0.22500E+02    3      1487
    391  0.26600000E+03  0.26000E+02    3      1490
    392  0.29942857E+03  0.33429E+02    3      1493
    393  0.33954285E+03  0.40114E+02    3      1496
    394  0.39302857E+03  0.53486E+02    3      1499
    395  0.50000000E+03  0.10697E+03    4      1503
    396  0.57333333E+03  0.73333E+02    3      1506
    397  0.64666667E+03  0.73333E+02    3      1509
    398  0.72000000E+03  0.73333E+02    3      1512
    399  0.84000000E+03  0.12000E+03    4      1516
    400  0.96000000E+03  0.12000E+03    3      1519
    401  0.11200000E+04  0.16000E+03    3      1522
    402  0.12800000E+04  0.16000E+03    3      1525
    403  0.14400000E+04  0.16000E+03    3      1528
    404  0.16800000E+04  0.24000E+03    3      1531
    405  0.21600000E+04  0.48000E+03    3      1534
    406  0.25200000E+04  0.36000E+03    3      1537
    407  0.28800000E+04  0.36000E+03    2      1539
end
