 FileVersion=0003
 Welcome to HYDRUS                                                       
 
 Program HYDRUS3
 Date:  12.11.2019    Time:  14:25:57
 Time dependent boundary conditions
 
 Units: L = cm   , T = min  , M = mmol 
 
 All fluxes (v) are positive out of the region
        Time       rAtm       rRoot      vAtm       vRoot      vKode3     vKode1     vSeep      vKode5     vKode6     vKode7     vKode8     vKode9    RunOff      Evapor    Infiltr     SnowLayer...
         [T]      [L/T]       [L/T]     [L/T]       [L/T]      [L3/T]     [L3/T]    [L3/T]      [L3/T]     [L3/T]     [L3/T]     [L3/T]     [L3/T]     [L/T]       [L/T]     [L/T]         [L]

         0.0010  0.000E+00  0.278E-03  0.000E+00  0.000E+00 -0.675E+02  0.000E+00  0.000E+00  0.000E+00  0.238E+00  0.000E+00  0.000E+00  0.000E+00  0.000E+00  0.000E+00  0.000E+00  0.000E+00
         0.0020  0.000E+00  0.278E-03  0.000E+00  0.000E+00 -0.675E+02  0.000E+00  0.000E+00  0.000E+00  0.231E+00  0.000E+00  0.000E+00  0.000E+00  0.000E+00  0.000E+00  0.000E+00  0.000E+00
         0.0033  0.000E+00  0.278E-03  0.000E+00  0.000E+00 -0.675E+02  0.000E+00  0.000E+00  0.000E+00  0.225E+00  0.000E+00  0.000E+00  0.000E+00  0.000E+00  0.000E+00  0.000E+00  0.000E+00
         0.0050  0.000E+00  0.278E-03  0.000E+00  0.000E+00 -0.675E+02  0.000E+00  0.000E+00  0.000E+00  0.218E+00  0.000E+00  0.000E+00  0.000E+00  0.000E+00  0.000E+00  0.000E+00  0.000E+00
         0.0072  0.000E+00  0.278E-03  0.000E+00  0.000E+00 -0.675E+02  0.000E+00  0.000E+00  0.000E+00  0.209E+00  0.000E+00  0.000E+00  0.000E+00  0.000E+00  0.000E+00  0.000E+00  0.000E+00
         0.0100  0.000E+00  0.278E-03  0.000E+00  0.000E+00 -0.675E+02  0.000E+00  0.000E+00  0.000E+00  0.200E+00  0.000E+00  0.000E+00  0.000E+00  0.000E+00  0.000E+00  0.000E+00  0.000E+00
         0.0138  0.000E+00  0.278E-03  0.000E+00  0.000E+00 -0.675E+02  0.000E+00  0.000E+00  0.000E+00  0.190E+00  0.000E+00  0.000E+00  0.000E+00  0.000E+00  0.000E+00  0.000E+00  0.000E+00
         0.0186  0.000E+00  0.278E-03  0.000E+00  0.000E+00 -0.675E+02  0.000E+00  0.000E+00  0.000E+00  0.179E+00  0.000E+00  0.000E+00  0.000E+00  0.000E+00  0.000E+00  0.000E+00  0.000E+00
         0.0249  0.000E+00  0.278E-03  0.000E+00  0.000E+00 -0.675E+02  0.000E+00  0.000E+00  0.000E+00  0.168E+00  0.000E+00  0.000E+00  0.000E+00  0.000E+00  0.000E+00  0.000E+00  0.000E+00
         0.0330  0.000E+00  0.278E-03  0.000E+00  0.000E+00 -0.675E+02  0.000E+00  0.000E+00  0.000E+00  0.156E+00  0.000E+00  0.000E+00  0.000E+00  0.000E+00  0.000E+00  0.000E+00  0.000E+00
         0.0436  0.000E+00  0.278E-03  0.000E+00  0.000E+00 -0.675E+02  0.000E+00  0.000E+00  0.000E+00  0.144E+00  0.000E+00  0.000E+00  0.000E+00  0.000E+00  0.000E+00  0.000E+00  0.000E+00
         0.0574  0.000E+00  0.278E-03  0.000E+00  0.000E+00 -0.675E+02  0.000E+00  0.000E+00  0.000E+00  0.133E+00  0.000E+00  0.000E+00  0.000E+00  0.000E+00  0.000E+00  0.000E+00  0.000E+00
         0.0712  0.000E+00  0.278E-03  0.000E+00  0.000E+00 -0.675E+02  0.000E+00  0.000E+00  0.000E+00  0.122E+00  0.000E+00  0.000E+00  0.000E+00  0.000E+00  0.000E+00  0.000E+00  0.000E+00
         0.0850  0.000E+00  0.278E-03  0.000E+00  0.000E+00 -0.675E+02  0.000E+00  0.000E+00  0.000E+00  0.113E+00  0.000E+00  0.000E+00  0.000E+00  0.000E+00  0.000E+00  0.000E+00  0.000E+00
         0.0988  0.000E+00  0.278E-03  0.000E+00  0.000E+00 -0.675E+02  0.000E+00  0.000E+00  0.000E+00  0.106E+00  0.000E+00  0.000E+00  0.000E+00  0.000E+00  0.000E+00  0.000E+00  0.000E+00
         0.1125  0.000E+00  0.278E-03  0.000E+00  0.000E+00 -0.675E+02  0.000E+00  0.000E+00  0.000E+00  0.100E+00  0.000E+00  0.000E+00  0.000E+00  0.000E+00  0.000E+00  0.000E+00  0.000E+00
         0.1263  0.000E+00  0.278E-03  0.000E+00  0.000E+00 -0.675E+02  0.000E+00  0.000E+00  0.000E+00  0.952E-01  0.000E+00  0.000E+00  0.000E+00  0.000E+00  0.000E+00  0.000E+00  0.000E+00
         0.1401  0.000E+00  0.278E-03  0.000E+00  0.000E+00 -0.675E+02  0.000E+00  0.000E+00  0.000E+00  0.911E-01  0.000E+00  0.000E+00  0.000E+00  0.000E+00  0.000E+00  0.000E+00  0.000E+00
         0.1539  0.000E+00  0.278E-03  0.000E+00  0.000E+00 -0.675E+02  0.000E+00  0.000E+00  0.000E+00  0.876E-01  0.000E+00  0.000E+00  0.000E+00  0.000E+00  0.000E+00  0.000E+00  0.000E+00
         0.1718  0.000E+00  0.278E-03  0.000E+00  0.000E+00 -0.675E+02  0.000E+00  0.000E+00  0.000E+00  0.844E-01  0.000E+00  0.000E+00  0.000E+00  0.000E+00  0.000E+00  0.000E+00  0.000E+00
         0.1897  0.000E+00  0.278E-03  0.000E+00  0.000E+00 -0.675E+02  0.000E+00  0.000E+00  0.000E+00  0.809E-01  0.000E+00  0.000E+00  0.000E+00  0.000E+00  0.000E+00  0.000E+00  0.000E+00
         0.2077  0.000E+00  0.278E-03  0.000E+00  0.000E+00 -0.675E+02  0.000E+00  0.000E+00  0.000E+00  0.779E-01  0.000E+00  0.000E+00  0.000E+00  0.000E+00  0.000E+00  0.000E+00  0.000E+00
         0.2256  0.000E+00  0.278E-03  0.000E+00  0.000E+00 -0.675E+02  0.000E+00  0.000E+00  0.000E+00  0.753E-01  0.000E+00  0.000E+00  0.000E+00  0.000E+00  0.000E+00  0.000E+00  0.000E+00
         0.2435  0.000E+00  0.278E-03  0.000E+00  0.000E+00 -0.675E+02  0.000E+00  0.000E+00  0.000E+00  0.729E-01  0.000E+00  0.000E+00  0.000E+00  0.000E+00  0.000E+00  0.000E+00  0.000E+00
         0.2614  0.000E+00  0.278E-03  0.000E+00  0.000E+00 -0.675E+02  0.000E+00  0.000E+00  0.000E+00  0.708E-01  0.000E+00  0.000E+00  0.000E+00  0.000E+00  0.000E+00  0.000E+00  0.000E+00
         0.2847  0.000E+00  0.278E-03  0.000E+00  0.000E+00 -0.675E+02  0.000E+00  0.000E+00  0.000E+00  0.689E-01  0.000E+00  0.000E+00  0.000E+00  0.000E+00  0.000E+00  0.000E+00  0.000E+00
         0.3080  0.000E+00  0.278E-03  0.000E+00  0.000E+00 -0.675E+02  0.000E+00  0.000E+00  0.000E+00  0.667E-01  0.000E+00  0.000E+00  0.000E+00  0.000E+00  0.000E+00  0.000E+00  0.000E+00
         0.3313  0.000E+00  0.278E-03  0.000E+00  0.000E+00 -0.675E+02  0.000E+00  0.000E+00  0.000E+00  0.648E-01  0.000E+00  0.000E+00  0.000E+00  0.000E+00  0.000E+00  0.000E+00  0.000E+00
         0.3546  0.000E+00  0.278E-03  0.000E+00  0.000E+00 -0.675E+02  0.000E+00  0.000E+00  0.000E+00  0.631E-01  0.000E+00  0.000E+00  0.000E+00  0.000E+00  0.000E+00  0.000E+00  0.000E+00
         0.3779  0.000E+00  0.278E-03  0.000E+00  0.000E+00 -0.675E+02  0.000E+00  0.000E+00  0.000E+00  0.615E-01  0.000E+00  0.000E+00  0.000E+00  0.000E+00  0.000E+00  0.000E+00  0.000E+00
         0.4012  0.000E+00  0.278E-03  0.000E+00  0.000E+00 -0.675E+02  0.000E+00  0.000E+00  0.000E+00  0.600E-01  0.000E+00  0.000E+00  0.000E+00  0.000E+00  0.000E+00  0.000E+00  0.000E+00
         0.4245  0.000E+00  0.278E-03  0.000E+00  0.000E+00 -0.675E+02  0.000E+00  0.000E+00  0.000E+00  0.587E-01  0.000E+00  0.000E+00  0.000E+00  0.000E+00  0.000E+00  0.000E+00  0.000E+00
         0.4478  0.000E+00  0.278E-03  0.000E+00  0.000E+00 -0.675E+02  0.000E+00  0.000E+00  0.000E+00  0.575E-01  0.000E+00  0.000E+00  0.000E+00  0.000E+00  0.000E+00  0.000E+00  0.000E+00
         0.4781  0.000E+00  0.278E-03  0.000E+00  0.000E+00 -0.675E+02  0.000E+00  0.000E+00  0.000E+00  0.564E-01  0.000E+00  0.000E+00  0.000E+00  0.000E+00  0.000E+00  0.000E+00  0.000E+00
         0.5084  0.000E+00  0.278E-03  0.000E+00  0.000E+00 -0.675E+02  0.000E+00  0.000E+00  0.000E+00  0.551E-01  0.000E+00  0.000E+00  0.000E+00  0.000E+00  0.000E+00  0.000E+00  0.000E+00
         0.5387  0.000E+00  0.278E-03  0.000E+00  0.000E+00 -0.675E+02  0.000E+00  0.000E+00  0.000E+00  0.539E-01  0.000E+00  0.000E+00  0.000E+00  0.000E+00  0.000E+00  0.000E+00  0.000E+00
         0.5690  0.000E+00  0.278E-03  0.000E+00  0.000E+00 -0.675E+02  0.000E+00  0.000E+00  0.000E+00  0.528E-01  0.000E+00  0.000E+00  0.000E+00  0.000E+00  0.000E+00  0.000E+00  0.000E+00
         0.5993  0.000E+00  0.278E-03  0.000E+00  0.000E+00 -0.675E+02  0.000E+00  0.000E+00  0.000E+00  0.517E-01  0.000E+00  0.000E+00  0.000E+00  0.000E+00  0.000E+00  0.000E+00  0.000E+00
         0.6295  0.000E+00  0.278E-03  0.000E+00  0.000E+00 -0.675E+02  0.000E+00  0.000E+00  0.000E+00  0.508E-01  0.000E+00  0.000E+00  0.000E+00  0.000E+00  0.000E+00  0.000E+00  0.000E+00
         0.6598  0.000E+00  0.278E-03  0.000E+00  0.000E+00 -0.675E+02  0.000E+00  0.000E+00  0.000E+00  0.499E-01  0.000E+00  0.000E+00  0.000E+00  0.000E+00  0.000E+00  0.000E+00  0.000E+00
         0.6901  0.000E+00  0.278E-03  0.000E+00  0.000E+00 -0.675E+02  0.000E+00  0.000E+00  0.000E+00  0.491E-01  0.000E+00  0.000E+00  0.000E+00  0.000E+00  0.000E+00  0.000E+00  0.000E+00
         0.7204  0.000E+00  0.278E-03  0.000E+00  0.000E+00 -0.675E+02  0.000E+00  0.000E+00  0.000E+00  0.483E-01  0.000E+00  0.000E+00  0.000E+00  0.000E+00  0.000E+00  0.000E+00  0.000E+00
         0.7507  0.000E+00  0.278E-03  0.000E+00  0.000E+00 -0.675E+02  0.000E+00  0.000E+00  0.000E+00  0.475E-01  0.000E+00  0.000E+00  0.000E+00  0.000E+00  0.000E+00  0.000E+00  0.000E+00
         0.7810  0.000E+00  0.278E-03  0.000E+00  0.000E+00 -0.675E+02  0.000E+00  0.000E+00  0.000E+00  0.468E-01  0.000E+00  0.000E+00  0.000E+00  0.000E+00  0.000E+00  0.000E+00  0.000E+00
         0.8113  0.000E+00  0.278E-03  0.000E+00  0.000E+00 -0.675E+02  0.000E+00  0.000E+00  0.000E+00  0.462E-01  0.000E+00  0.000E+00  0.000E+00  0.000E+00  0.000E+00  0.000E+00  0.000E+00
         0.8416  0.000E+00  0.278E-03  0.000E+00  0.000E+00 -0.675E+02  0.000E+00  0.000E+00  0.000E+00  0.455E-01  0.000E+00  0.000E+00  0.000E+00  0.000E+00  0.000E+00  0.000E+00  0.000E+00
         0.8718  0.000E+00  0.278E-03  0.000E+00  0.000E+00 -0.675E+02  0.000E+00  0.000E+00  0.000E+00  0.449E-01  0.000E+00  0.000E+00  0.000E+00  0.000E+00  0.000E+00  0.000E+00  0.000E+00
         0.9112  0.000E+00  0.278E-03  0.000E+00  0.000E+00 -0.675E+02  0.000E+00  0.000E+00  0.000E+00  0.444E-01  0.000E+00  0.000E+00  0.000E+00  0.000E+00  0.000E+00  0.000E+00  0.000E+00
         0.9506  0.000E+00  0.278E-03  0.000E+00  0.000E+00 -0.675E+02  0.000E+00  0.000E+00  0.000E+00  0.437E-01  0.000E+00  0.000E+00  0.000E+00  0.000E+00  0.000E+00  0.000E+00  0.000E+00
         0.9900  0.000E+00  0.278E-03  0.000E+00  0.000E+00 -0.675E+02  0.000E+00  0.000E+00  0.000E+00  0.430E-01  0.000E+00  0.000E+00  0.000E+00  0.000E+00  0.000E+00  0.000E+00  0.000E+00
         1.0293  0.000E+00  0.278E-03  0.000E+00  0.000E+00 -0.675E+02  0.000E+00  0.000E+00  0.000E+00  0.424E-01  0.000E+00  0.000E+00  0.000E+00  0.000E+00  0.000E+00  0.000E+00  0.000E+00
         1.0687  0.000E+00  0.278E-03  0.000E+00  0.000E+00 -0.675E+02  0.000E+00  0.000E+00  0.000E+00  0.418E-01  0.000E+00  0.000E+00  0.000E+00  0.000E+00  0.000E+00  0.000E+00  0.000E+00
         1.1081  0.000E+00  0.278E-03  0.000E+00  0.000E+00 -0.675E+02  0.000E+00  0.000E+00  0.000E+00  0.412E-01  0.000E+00  0.000E+00  0.000E+00  0.000E+00  0.000E+00  0.000E+00  0.000E+00
         1.1475  0.000E+00  0.278E-03  0.000E+00  0.000E+00 -0.675E+02  0.000E+00  0.000E+00  0.000E+00  0.407E-01  0.000E+00  0.000E+00  0.000E+00  0.000E+00  0.000E+00  0.000E+00  0.000E+00
         1.1868  0.000E+00  0.278E-03  0.000E+00  0.000E+00 -0.675E+02  0.000E+00  0.000E+00  0.000E+00  0.401E-01  0.000E+00  0.000E+00  0.000E+00  0.000E+00  0.000E+00  0.000E+00  0.000E+00
         1.2262  0.000E+00  0.278E-03  0.000E+00  0.000E+00 -0.675E+02  0.000E+00  0.000E+00  0.000E+00  0.396E-01  0.000E+00  0.000E+00  0.000E+00  0.000E+00  0.000E+00  0.000E+00  0.000E+00
         1.2656  0.000E+00  0.278E-03  0.000E+00  0.000E+00 -0.675E+02  0.000E+00  0.000E+00  0.000E+00  0.392E-01  0.000E+00  0.000E+00  0.000E+00  0.000E+00  0.000E+00  0.000E+00  0.000E+00
         1.3050  0.000E+00  0.278E-03  0.000E+00  0.000E+00 -0.675E+02  0.000E+00  0.000E+00  0.000E+00  0.387E-01  0.000E+00  0.000E+00  0.000E+00  0.000E+00  0.000E+00  0.000E+00  0.000E+00
         1.3443  0.000E+00  0.278E-03  0.000E+00  0.000E+00 -0.675E+02  0.000E+00  0.000E+00  0.000E+00  0.382E-01  0.000E+00  0.000E+00  0.000E+00  0.000E+00  0.000E+00  0.000E+00  0.000E+00
         1.3837  0.000E+00  0.278E-03  0.000E+00  0.000E+00 -0.675E+02  0.000E+00  0.000E+00  0.000E+00  0.378E-01  0.000E+00  0.000E+00  0.000E+00  0.000E+00  0.000E+00  0.000E+00  0.000E+00
         1.4231  0.000E+00  0.278E-03  0.000E+00  0.000E+00 -0.675E+02  0.000E+00  0.000E+00  0.000E+00  0.374E-01  0.000E+00  0.000E+00  0.000E+00  0.000E+00  0.000E+00  0.000E+00  0.000E+00
         1.4625  0.000E+00  0.278E-03  0.000E+00  0.000E+00 -0.675E+02  0.000E+00  0.000E+00  0.000E+00  0.370E-01  0.000E+00  0.000E+00  0.000E+00  0.000E+00  0.000E+00  0.000E+00  0.000E+00
         1.5018  0.000E+00  0.278E-03  0.000E+00  0.000E+00 -0.675E+02  0.000E+00  0.000E+00  0.000E+00  0.366E-01  0.000E+00  0.000E+00  0.000E+00  0.000E+00  0.000E+00  0.000E+00  0.000E+00
         1.5530  0.000E+00  0.278E-03  0.000E+00  0.000E+00 -0.675E+02  0.000E+00  0.000E+00  0.000E+00  0.362E-01  0.000E+00  0.000E+00  0.000E+00  0.000E+00  0.000E+00  0.000E+00  0.000E+00
         1.6042  0.000E+00  0.278E-03  0.000E+00  0.000E+00 -0.675E+02  0.000E+00  0.000E+00  0.000E+00  0.358E-01  0.000E+00  0.000E+00  0.000E+00  0.000E+00  0.000E+00  0.000E+00  0.000E+00
         1.6554  0.000E+00  0.278E-03  0.000E+00  0.000E+00 -0.675E+02  0.000E+00  0.000E+00  0.000E+00  0.353E-01  0.000E+00  0.000E+00  0.000E+00  0.000E+00  0.000E+00  0.000E+00  0.000E+00
         1.7066  0.000E+00  0.278E-03  0.000E+00  0.000E+00 -0.675E+02  0.000E+00  0.000E+00  0.000E+00  0.349E-01  0.000E+00  0.000E+00  0.000E+00  0.000E+00  0.000E+00  0.000E+00  0.000E+00
         1.7578  0.000E+00  0.278E-03  0.000E+00  0.000E+00 -0.675E+02  0.000E+00  0.000E+00  0.000E+00  0.345E-01  0.000E+00  0.000E+00  0.000E+00  0.000E+00  0.000E+00  0.000E+00  0.000E+00
         1.8089  0.000E+00  0.278E-03  0.000E+00  0.000E+00 -0.675E+02  0.000E+00  0.000E+00  0.000E+00  0.340E-01  0.000E+00  0.000E+00  0.000E+00  0.000E+00  0.000E+00  0.000E+00  0.000E+00
         1.8601  0.000E+00  0.278E-03  0.000E+00  0.000E+00 -0.675E+02  0.000E+00  0.000E+00  0.000E+00  0.337E-01  0.000E+00  0.000E+00  0.000E+00  0.000E+00  0.000E+00  0.000E+00  0.000E+00
         1.9113  0.000E+00  0.278E-03  0.000E+00  0.000E+00 -0.675E+02  0.000E+00  0.000E+00  0.000E+00  0.333E-01  0.000E+00  0.000E+00  0.000E+00  0.000E+00  0.000E+00  0.000E+00  0.000E+00
         1.9625  0.000E+00  0.278E-03  0.000E+00  0.000E+00 -0.675E+02  0.000E+00  0.000E+00  0.000E+00  0.329E-01  0.000E+00  0.000E+00  0.000E+00  0.000E+00  0.000E+00  0.000E+00  0.000E+00
         2.0137  0.000E+00  0.278E-03  0.000E+00  0.000E+00 -0.675E+02  0.000E+00  0.000E+00  0.000E+00  0.325E-01  0.000E+00  0.000E+00  0.000E+00  0.000E+00  0.000E+00  0.000E+00  0.000E+00
         2.0802  0.000E+00  0.278E-03  0.000E+00  0.000E+00 -0.675E+02  0.000E+00  0.000E+00  0.000E+00  0.322E-01  0.000E+00  0.000E+00  0.000E+00  0.000E+00  0.000E+00  0.000E+00  0.000E+00
         2.1468  0.000E+00  0.278E-03  0.000E+00  0.000E+00 -0.675E+02  0.000E+00  0.000E+00  0.000E+00  0.318E-01  0.000E+00  0.000E+00  0.000E+00  0.000E+00  0.000E+00  0.000E+00  0.000E+00
         2.2133  0.000E+00  0.278E-03  0.000E+00  0.000E+00 -0.675E+02  0.000E+00  0.000E+00  0.000E+00  0.313E-01  0.000E+00  0.000E+00  0.000E+00  0.000E+00  0.000E+00  0.000E+00  0.000E+00
         2.2799  0.000E+00  0.278E-03  0.000E+00  0.000E+00 -0.675E+02  0.000E+00  0.000E+00  0.000E+00  0.309E-01  0.000E+00  0.000E+00  0.000E+00  0.000E+00  0.000E+00  0.000E+00  0.000E+00
         2.3464  0.000E+00  0.278E-03  0.000E+00  0.000E+00 -0.675E+02  0.000E+00  0.000E+00  0.000E+00  0.305E-01  0.000E+00  0.000E+00  0.000E+00  0.000E+00  0.000E+00  0.000E+00  0.000E+00
         2.4129  0.000E+00  0.278E-03  0.000E+00  0.000E+00 -0.675E+02  0.000E+00  0.000E+00  0.000E+00  0.302E-01  0.000E+00  0.000E+00  0.000E+00  0.000E+00  0.000E+00  0.000E+00  0.000E+00
         2.4795  0.000E+00  0.278E-03  0.000E+00  0.000E+00 -0.675E+02  0.000E+00  0.000E+00  0.000E+00  0.298E-01  0.000E+00  0.000E+00  0.000E+00  0.000E+00  0.000E+00  0.000E+00  0.000E+00
         2.5460  0.000E+00  0.278E-03  0.000E+00  0.000E+00 -0.675E+02  0.000E+00  0.000E+00  0.000E+00  0.294E-01  0.000E+00  0.000E+00  0.000E+00  0.000E+00  0.000E+00  0.000E+00  0.000E+00
         2.6126  0.000E+00  0.278E-03  0.000E+00  0.000E+00 -0.675E+02  0.000E+00  0.000E+00  0.000E+00  0.291E-01  0.000E+00  0.000E+00  0.000E+00  0.000E+00  0.000E+00  0.000E+00  0.000E+00
         2.6991  0.000E+00  0.278E-03  0.000E+00  0.000E+00 -0.675E+02  0.000E+00  0.000E+00  0.000E+00  0.288E-01  0.000E+00  0.000E+00  0.000E+00  0.000E+00  0.000E+00  0.000E+00  0.000E+00
         2.7856  0.000E+00  0.278E-03  0.000E+00  0.000E+00 -0.675E+02  0.000E+00  0.000E+00  0.000E+00  0.284E-01  0.000E+00  0.000E+00  0.000E+00  0.000E+00  0.000E+00  0.000E+00  0.000E+00
         2.8721  0.000E+00  0.278E-03  0.000E+00  0.000E+00 -0.675E+02  0.000E+00  0.000E+00  0.000E+00  0.280E-01  0.000E+00  0.000E+00  0.000E+00  0.000E+00  0.000E+00  0.000E+00  0.000E+00
         2.9586  0.000E+00  0.278E-03  0.000E+00  0.000E+00 -0.675E+02  0.000E+00  0.000E+00  0.000E+00  0.276E-01  0.000E+00  0.000E+00  0.000E+00  0.000E+00  0.000E+00  0.000E+00  0.000E+00
         3.0451  0.000E+00  0.278E-03  0.000E+00  0.000E+00 -0.675E+02  0.000E+00  0.000E+00  0.000E+00  0.272E-01  0.000E+00  0.000E+00  0.000E+00  0.000E+00  0.000E+00  0.000E+00  0.000E+00
         3.1316  0.000E+00  0.278E-03  0.000E+00  0.000E+00 -0.675E+02  0.000E+00  0.000E+00  0.000E+00  0.268E-01  0.000E+00  0.000E+00  0.000E+00  0.000E+00  0.000E+00  0.000E+00  0.000E+00
         3.2181  0.000E+00  0.278E-03  0.000E+00  0.000E+00 -0.675E+02  0.000E+00  0.000E+00  0.000E+00  0.265E-01  0.000E+00  0.000E+00  0.000E+00  0.000E+00  0.000E+00  0.000E+00  0.000E+00
         3.3046  0.000E+00  0.278E-03  0.000E+00  0.000E+00 -0.675E+02  0.000E+00  0.000E+00  0.000E+00  0.262E-01  0.000E+00  0.000E+00  0.000E+00  0.000E+00  0.000E+00  0.000E+00  0.000E+00
         3.3911  0.000E+00  0.278E-03  0.000E+00  0.000E+00 -0.675E+02  0.000E+00  0.000E+00  0.000E+00  0.258E-01  0.000E+00  0.000E+00  0.000E+00  0.000E+00  0.000E+00  0.000E+00  0.000E+00
         3.4776  0.000E+00  0.278E-03  0.000E+00  0.000E+00 -0.675E+02  0.000E+00  0.000E+00  0.000E+00  0.255E-01  0.000E+00  0.000E+00  0.000E+00  0.000E+00  0.000E+00  0.000E+00  0.000E+00
         3.5901  0.000E+00  0.278E-03  0.000E+00  0.000E+00 -0.675E+02  0.000E+00  0.000E+00  0.000E+00  0.252E-01  0.000E+00  0.000E+00  0.000E+00  0.000E+00  0.000E+00  0.000E+00  0.000E+00
         3.7025  0.000E+00  0.278E-03  0.000E+00  0.000E+00 -0.675E+02  0.000E+00  0.000E+00  0.000E+00  0.248E-01  0.000E+00  0.000E+00  0.000E+00  0.000E+00  0.000E+00  0.000E+00  0.000E+00
         3.8150  0.000E+00  0.278E-03  0.000E+00  0.000E+00 -0.675E+02  0.000E+00  0.000E+00  0.000E+00  0.245E-01  0.000E+00  0.000E+00  0.000E+00  0.000E+00  0.000E+00  0.000E+00  0.000E+00
         3.9274  0.000E+00  0.278E-03  0.000E+00  0.000E+00 -0.675E+02  0.000E+00  0.000E+00  0.000E+00  0.241E-01  0.000E+00  0.000E+00  0.000E+00  0.000E+00  0.000E+00  0.000E+00  0.000E+00
         4.0347  0.000E+00  0.278E-03  0.000E+00  0.000E+00 -0.675E+02  0.000E+00  0.000E+00  0.000E+00  0.238E-01  0.000E+00  0.000E+00  0.000E+00  0.000E+00  0.000E+00  0.000E+00  0.000E+00
         4.1419  0.000E+00  0.278E-03  0.000E+00  0.000E+00 -0.675E+02  0.000E+00  0.000E+00  0.000E+00  0.235E-01  0.000E+00  0.000E+00  0.000E+00  0.000E+00  0.000E+00  0.000E+00  0.000E+00
         4.2492  0.000E+00  0.278E-03  0.000E+00  0.000E+00 -0.675E+02  0.000E+00  0.000E+00  0.000E+00  0.232E-01  0.000E+00  0.000E+00  0.000E+00  0.000E+00  0.000E+00  0.000E+00  0.000E+00
         4.3565  0.000E+00  0.278E-03  0.000E+00  0.000E+00 -0.675E+02  0.000E+00  0.000E+00  0.000E+00  0.229E-01  0.000E+00  0.000E+00  0.000E+00  0.000E+00  0.000E+00  0.000E+00  0.000E+00
         4.4637  0.000E+00  0.278E-03  0.000E+00  0.000E+00 -0.675E+02  0.000E+00  0.000E+00  0.000E+00  0.226E-01  0.000E+00  0.000E+00  0.000E+00  0.000E+00  0.000E+00  0.000E+00  0.000E+00
         4.5710  0.000E+00  0.278E-03  0.000E+00  0.000E+00 -0.675E+02  0.000E+00  0.000E+00  0.000E+00  0.223E-01  0.000E+00  0.000E+00  0.000E+00  0.000E+00  0.000E+00  0.000E+00  0.000E+00
         4.6782  0.000E+00  0.278E-03  0.000E+00  0.000E+00 -0.675E+02  0.000E+00  0.000E+00  0.000E+00  0.220E-01  0.000E+00  0.000E+00  0.000E+00  0.000E+00  0.000E+00  0.000E+00  0.000E+00
         4.7855  0.000E+00  0.278E-03  0.000E+00  0.000E+00 -0.675E+02  0.000E+00  0.000E+00  0.000E+00  0.218E-01  0.000E+00  0.000E+00  0.000E+00  0.000E+00  0.000E+00  0.000E+00  0.000E+00
         4.8927  0.000E+00  0.278E-03  0.000E+00  0.000E+00 -0.675E+02  0.000E+00  0.000E+00  0.000E+00  0.215E-01  0.000E+00  0.000E+00  0.000E+00  0.000E+00  0.000E+00  0.000E+00  0.000E+00
         5.0000  0.000E+00  0.278E-03  0.000E+00  0.000E+00 -0.675E+02  0.000E+00  0.000E+00  0.000E+00  0.213E-01  0.000E+00  0.000E+00  0.000E+00  0.000E+00  0.000E+00  0.000E+00  0.000E+00
         5.1125  0.000E+00  0.278E-03  0.000E+00  0.000E+00 -0.675E+02  0.000E+00  0.000E+00  0.000E+00  0.211E-01  0.000E+00  0.000E+00  0.000E+00  0.000E+00  0.000E+00  0.000E+00  0.000E+00
         5.2249  0.000E+00  0.278E-03  0.000E+00  0.000E+00 -0.675E+02  0.000E+00  0.000E+00  0.000E+00  0.208E-01  0.000E+00  0.000E+00  0.000E+00  0.000E+00  0.000E+00  0.000E+00  0.000E+00
         5.3374  0.000E+00  0.278E-03  0.000E+00  0.000E+00 -0.675E+02  0.000E+00  0.000E+00  0.000E+00  0.206E-01  0.000E+00  0.000E+00  0.000E+00  0.000E+00  0.000E+00  0.000E+00  0.000E+00
         5.4498  0.000E+00  0.278E-03  0.000E+00  0.000E+00 -0.675E+02  0.000E+00  0.000E+00  0.000E+00  0.204E-01  0.000E+00  0.000E+00  0.000E+00  0.000E+00  0.000E+00  0.000E+00  0.000E+00
         5.5623  0.000E+00  0.278E-03  0.000E+00  0.000E+00 -0.675E+02  0.000E+00  0.000E+00  0.000E+00  0.202E-01  0.000E+00  0.000E+00  0.000E+00  0.000E+00  0.000E+00  0.000E+00  0.000E+00
         5.6747  0.000E+00  0.278E-03  0.000E+00  0.000E+00 -0.675E+02  0.000E+00  0.000E+00  0.000E+00  0.200E-01  0.000E+00  0.000E+00  0.000E+00  0.000E+00  0.000E+00  0.000E+00  0.000E+00
         5.7872  0.000E+00  0.278E-03  0.000E+00  0.000E+00 -0.675E+02  0.000E+00  0.000E+00  0.000E+00  0.198E-01  0.000E+00  0.000E+00  0.000E+00  0.000E+00  0.000E+00  0.000E+00  0.000E+00
         5.8996  0.000E+00  0.278E-03  0.000E+00  0.000E+00 -0.675E+02  0.000E+00  0.000E+00  0.000E+00  0.196E-01  0.000E+00  0.000E+00  0.000E+00  0.000E+00  0.000E+00  0.000E+00  0.000E+00
         6.0121  0.000E+00  0.278E-03  0.000E+00  0.000E+00 -0.675E+02  0.000E+00  0.000E+00  0.000E+00  0.194E-01  0.000E+00  0.000E+00  0.000E+00  0.000E+00  0.000E+00  0.000E+00  0.000E+00
         6.1583  0.000E+00  0.278E-03  0.000E+00  0.000E+00 -0.675E+02  0.000E+00  0.000E+00  0.000E+00  0.192E-01  0.000E+00  0.000E+00  0.000E+00  0.000E+00  0.000E+00  0.000E+00  0.000E+00
         6.3045  0.000E+00  0.278E-03  0.000E+00  0.000E+00 -0.675E+02  0.000E+00  0.000E+00  0.000E+00  0.190E-01  0.000E+00  0.000E+00  0.000E+00  0.000E+00  0.000E+00  0.000E+00  0.000E+00
         6.4507  0.000E+00  0.278E-03  0.000E+00  0.000E+00 -0.675E+02  0.000E+00  0.000E+00  0.000E+00  0.187E-01  0.000E+00  0.000E+00  0.000E+00  0.000E+00  0.000E+00  0.000E+00  0.000E+00
         6.5969  0.000E+00  0.278E-03  0.000E+00  0.000E+00 -0.675E+02  0.000E+00  0.000E+00  0.000E+00  0.185E-01  0.000E+00  0.000E+00  0.000E+00  0.000E+00  0.000E+00  0.000E+00  0.000E+00
         6.7431  0.000E+00  0.278E-03  0.000E+00  0.000E+00 -0.675E+02  0.000E+00  0.000E+00  0.000E+00  0.183E-01  0.000E+00  0.000E+00  0.000E+00  0.000E+00  0.000E+00  0.000E+00  0.000E+00
         6.8892  0.000E+00  0.278E-03  0.000E+00  0.000E+00 -0.675E+02  0.000E+00  0.000E+00  0.000E+00  0.181E-01  0.000E+00  0.000E+00  0.000E+00  0.000E+00  0.000E+00  0.000E+00  0.000E+00
         7.0354  0.000E+00  0.278E-03  0.000E+00  0.000E+00 -0.675E+02  0.000E+00  0.000E+00  0.000E+00  0.179E-01  0.000E+00  0.000E+00  0.000E+00  0.000E+00  0.000E+00  0.000E+00  0.000E+00
         7.1816  0.000E+00  0.278E-03  0.000E+00  0.000E+00 -0.675E+02  0.000E+00  0.000E+00  0.000E+00  0.177E-01  0.000E+00  0.000E+00  0.000E+00  0.000E+00  0.000E+00  0.000E+00  0.000E+00
         7.3278  0.000E+00  0.278E-03  0.000E+00  0.000E+00 -0.675E+02  0.000E+00  0.000E+00  0.000E+00  0.175E-01  0.000E+00  0.000E+00  0.000E+00  0.000E+00  0.000E+00  0.000E+00  0.000E+00
         7.4740  0.000E+00  0.278E-03  0.000E+00  0.000E+00 -0.675E+02  0.000E+00  0.000E+00  0.000E+00  0.173E-01  0.000E+00  0.000E+00  0.000E+00  0.000E+00  0.000E+00  0.000E+00  0.000E+00
         7.6202  0.000E+00  0.278E-03  0.000E+00  0.000E+00 -0.675E+02  0.000E+00  0.000E+00  0.000E+00  0.172E-01  0.000E+00  0.000E+00  0.000E+00  0.000E+00  0.000E+00  0.000E+00  0.000E+00
         7.7664  0.000E+00  0.278E-03  0.000E+00  0.000E+00 -0.675E+02  0.000E+00  0.000E+00  0.000E+00  0.170E-01  0.000E+00  0.000E+00  0.000E+00  0.000E+00  0.000E+00  0.000E+00  0.000E+00
         7.9126  0.000E+00  0.278E-03  0.000E+00  0.000E+00 -0.675E+02  0.000E+00  0.000E+00  0.000E+00  0.168E-01  0.000E+00  0.000E+00  0.000E+00  0.000E+00  0.000E+00  0.000E+00  0.000E+00
         8.0588  0.000E+00  0.278E-03  0.000E+00  0.000E+00 -0.675E+02  0.000E+00  0.000E+00  0.000E+00  0.167E-01  0.000E+00  0.000E+00  0.000E+00  0.000E+00  0.000E+00  0.000E+00  0.000E+00
         8.2050  0.000E+00  0.278E-03  0.000E+00  0.000E+00 -0.675E+02  0.000E+00  0.000E+00  0.000E+00  0.165E-01  0.000E+00  0.000E+00  0.000E+00  0.000E+00  0.000E+00  0.000E+00  0.000E+00
         8.3512  0.000E+00  0.278E-03  0.000E+00  0.000E+00 -0.675E+02  0.000E+00  0.000E+00  0.000E+00  0.164E-01  0.000E+00  0.000E+00  0.000E+00  0.000E+00  0.000E+00  0.000E+00  0.000E+00
         8.4974  0.000E+00  0.278E-03  0.000E+00  0.000E+00 -0.675E+02  0.000E+00  0.000E+00  0.000E+00  0.162E-01  0.000E+00  0.000E+00  0.000E+00  0.000E+00  0.000E+00  0.000E+00  0.000E+00
         8.6436  0.000E+00  0.278E-03  0.000E+00  0.000E+00 -0.675E+02  0.000E+00  0.000E+00  0.000E+00  0.161E-01  0.000E+00  0.000E+00  0.000E+00  0.000E+00  0.000E+00  0.000E+00  0.000E+00
         8.7897  0.000E+00  0.278E-03  0.000E+00  0.000E+00 -0.675E+02  0.000E+00  0.000E+00  0.000E+00  0.160E-01  0.000E+00  0.000E+00  0.000E+00  0.000E+00  0.000E+00  0.000E+00  0.000E+00
         8.9359  0.000E+00  0.278E-03  0.000E+00  0.000E+00 -0.675E+02  0.000E+00  0.000E+00  0.000E+00  0.158E-01  0.000E+00  0.000E+00  0.000E+00  0.000E+00  0.000E+00  0.000E+00  0.000E+00
         9.0821  0.000E+00  0.278E-03  0.000E+00  0.000E+00 -0.675E+02  0.000E+00  0.000E+00  0.000E+00  0.157E-01  0.000E+00  0.000E+00  0.000E+00  0.000E+00  0.000E+00  0.000E+00  0.000E+00
         9.2283  0.000E+00  0.278E-03  0.000E+00  0.000E+00 -0.675E+02  0.000E+00  0.000E+00  0.000E+00  0.156E-01  0.000E+00  0.000E+00  0.000E+00  0.000E+00  0.000E+00  0.000E+00  0.000E+00
         9.3745  0.000E+00  0.278E-03  0.000E+00  0.000E+00 -0.675E+02  0.000E+00  0.000E+00  0.000E+00  0.155E-01  0.000E+00  0.000E+00  0.000E+00  0.000E+00  0.000E+00  0.000E+00  0.000E+00
         9.5207  0.000E+00  0.278E-03  0.000E+00  0.000E+00 -0.675E+02  0.000E+00  0.000E+00  0.000E+00  0.153E-01  0.000E+00  0.000E+00  0.000E+00  0.000E+00  0.000E+00  0.000E+00  0.000E+00
         9.6669  0.000E+00  0.278E-03  0.000E+00  0.000E+00 -0.675E+02  0.000E+00  0.000E+00  0.000E+00  0.152E-01  0.000E+00  0.000E+00  0.000E+00  0.000E+00  0.000E+00  0.000E+00  0.000E+00
         9.8131  0.000E+00  0.278E-03  0.000E+00  0.000E+00 -0.675E+02  0.000E+00  0.000E+00  0.000E+00  0.151E-01  0.000E+00  0.000E+00  0.000E+00  0.000E+00  0.000E+00  0.000E+00  0.000E+00
         9.9593  0.000E+00  0.278E-03  0.000E+00  0.000E+00 -0.675E+02  0.000E+00  0.000E+00  0.000E+00  0.150E-01  0.000E+00  0.000E+00  0.000E+00  0.000E+00  0.000E+00  0.000E+00  0.000E+00
        10.1055  0.000E+00  0.278E-03  0.000E+00  0.000E+00 -0.675E+02  0.000E+00  0.000E+00  0.000E+00  0.149E-01  0.000E+00  0.000E+00  0.000E+00  0.000E+00  0.000E+00  0.000E+00  0.000E+00
        10.2955  0.000E+00  0.278E-03  0.000E+00  0.000E+00 -0.675E+02  0.000E+00  0.000E+00  0.000E+00  0.148E-01  0.000E+00  0.000E+00  0.000E+00  0.000E+00  0.000E+00  0.000E+00  0.000E+00
        10.4856  0.000E+00  0.278E-03  0.000E+00  0.000E+00 -0.675E+02  0.000E+00  0.000E+00  0.000E+00  0.147E-01  0.000E+00  0.000E+00  0.000E+00  0.000E+00  0.000E+00  0.000E+00  0.000E+00
        10.6756  0.000E+00  0.278E-03  0.000E+00  0.000E+00 -0.675E+02  0.000E+00  0.000E+00  0.000E+00  0.145E-01  0.000E+00  0.000E+00  0.000E+00  0.000E+00  0.000E+00  0.000E+00  0.000E+00
        10.8657  0.000E+00  0.278E-03  0.000E+00  0.000E+00 -0.675E+02  0.000E+00  0.000E+00  0.000E+00  0.144E-01  0.000E+00  0.000E+00  0.000E+00  0.000E+00  0.000E+00  0.000E+00  0.000E+00
        11.0557  0.000E+00  0.278E-03  0.000E+00  0.000E+00 -0.675E+02  0.000E+00  0.000E+00  0.000E+00  0.143E-01  0.000E+00  0.000E+00  0.000E+00  0.000E+00  0.000E+00  0.000E+00  0.000E+00
        11.2458  0.000E+00  0.278E-03  0.000E+00  0.000E+00 -0.675E+02  0.000E+00  0.000E+00  0.000E+00  0.142E-01  0.000E+00  0.000E+00  0.000E+00  0.000E+00  0.000E+00  0.000E+00  0.000E+00
        11.4358  0.000E+00  0.278E-03  0.000E+00  0.000E+00 -0.675E+02  0.000E+00  0.000E+00  0.000E+00  0.141E-01  0.000E+00  0.000E+00  0.000E+00  0.000E+00  0.000E+00  0.000E+00  0.000E+00
        11.6259  0.000E+00  0.278E-03  0.000E+00  0.000E+00 -0.675E+02  0.000E+00  0.000E+00  0.000E+00  0.139E-01  0.000E+00  0.000E+00  0.000E+00  0.000E+00  0.000E+00  0.000E+00  0.000E+00
        11.8159  0.000E+00  0.278E-03  0.000E+00  0.000E+00 -0.675E+02  0.000E+00  0.000E+00  0.000E+00  0.138E-01  0.000E+00  0.000E+00  0.000E+00  0.000E+00  0.000E+00  0.000E+00  0.000E+00
        12.0060  0.000E+00  0.278E-03  0.000E+00  0.000E+00 -0.675E+02  0.000E+00  0.000E+00  0.000E+00  0.137E-01  0.000E+00  0.000E+00  0.000E+00  0.000E+00  0.000E+00  0.000E+00  0.000E+00
        12.1960  0.000E+00  0.278E-03  0.000E+00  0.000E+00 -0.675E+02  0.000E+00  0.000E+00  0.000E+00  0.136E-01  0.000E+00  0.000E+00  0.000E+00  0.000E+00  0.000E+00  0.000E+00  0.000E+00
        12.3861  0.000E+00  0.278E-03  0.000E+00  0.000E+00 -0.675E+02  0.000E+00  0.000E+00  0.000E+00  0.135E-01  0.000E+00  0.000E+00  0.000E+00  0.000E+00  0.000E+00  0.000E+00  0.000E+00
        12.5761  0.000E+00  0.278E-03  0.000E+00  0.000E+00 -0.675E+02  0.000E+00  0.000E+00  0.000E+00  0.134E-01  0.000E+00  0.000E+00  0.000E+00  0.000E+00  0.000E+00  0.000E+00  0.000E+00
        12.7662  0.000E+00  0.278E-03  0.000E+00  0.000E+00 -0.675E+02  0.000E+00  0.000E+00  0.000E+00  0.133E-01  0.000E+00  0.000E+00  0.000E+00  0.000E+00  0.000E+00  0.000E+00  0.000E+00
        12.9562  0.000E+00  0.278E-03  0.000E+00  0.000E+00 -0.675E+02  0.000E+00  0.000E+00  0.000E+00  0.133E-01  0.000E+00  0.000E+00  0.000E+00  0.000E+00  0.000E+00  0.000E+00  0.000E+00
        13.1463  0.000E+00  0.278E-03  0.000E+00  0.000E+00 -0.675E+02  0.000E+00  0.000E+00  0.000E+00  0.132E-01  0.000E+00  0.000E+00  0.000E+00  0.000E+00  0.000E+00  0.000E+00  0.000E+00
        13.3316  0.000E+00  0.278E-03  0.000E+00  0.000E+00 -0.675E+02  0.000E+00  0.000E+00  0.000E+00  0.131E-01  0.000E+00  0.000E+00  0.000E+00  0.000E+00  0.000E+00  0.000E+00  0.000E+00
        13.5170  0.000E+00  0.278E-03  0.000E+00  0.000E+00 -0.675E+02  0.000E+00  0.000E+00  0.000E+00  0.130E-01  0.000E+00  0.000E+00  0.000E+00  0.000E+00  0.000E+00  0.000E+00  0.000E+00
        13.7024  0.000E+00  0.278E-03  0.000E+00  0.000E+00 -0.675E+02  0.000E+00  0.000E+00  0.000E+00  0.129E-01  0.000E+00  0.000E+00  0.000E+00  0.000E+00  0.000E+00  0.000E+00  0.000E+00
        13.8878  0.000E+00  0.278E-03  0.000E+00  0.000E+00 -0.675E+02  0.000E+00  0.000E+00  0.000E+00  0.128E-01  0.000E+00  0.000E+00  0.000E+00  0.000E+00  0.000E+00  0.000E+00  0.000E+00
        14.0731  0.000E+00  0.278E-03  0.000E+00  0.000E+00 -0.675E+02  0.000E+00  0.000E+00  0.000E+00  0.128E-01  0.000E+00  0.000E+00  0.000E+00  0.000E+00  0.000E+00  0.000E+00  0.000E+00
        14.2585  0.000E+00  0.278E-03  0.000E+00  0.000E+00 -0.675E+02  0.000E+00  0.000E+00  0.000E+00  0.127E-01  0.000E+00  0.000E+00  0.000E+00  0.000E+00  0.000E+00  0.000E+00  0.000E+00
        14.4439  0.000E+00  0.278E-03  0.000E+00  0.000E+00 -0.675E+02  0.000E+00  0.000E+00  0.000E+00  0.126E-01  0.000E+00  0.000E+00  0.000E+00  0.000E+00  0.000E+00  0.000E+00  0.000E+00
        14.6293  0.000E+00  0.278E-03  0.000E+00  0.000E+00 -0.675E+02  0.000E+00  0.000E+00  0.000E+00  0.125E-01  0.000E+00  0.000E+00  0.000E+00  0.000E+00  0.000E+00  0.000E+00  0.000E+00
        14.8146  0.000E+00  0.278E-03  0.000E+00  0.000E+00 -0.675E+02  0.000E+00  0.000E+00  0.000E+00  0.125E-01  0.000E+00  0.000E+00  0.000E+00  0.000E+00  0.000E+00  0.000E+00  0.000E+00
        15.0000  0.000E+00  0.278E-03  0.000E+00  0.000E+00 -0.675E+02  0.000E+00  0.000E+00  0.000E+00  0.124E-01  0.000E+00  0.000E+00  0.000E+00  0.000E+00  0.000E+00  0.000E+00  0.000E+00
        15.1900  0.000E+00  0.278E-03  0.000E+00  0.000E+00 -0.675E+02  0.000E+00  0.000E+00  0.000E+00  0.123E-01  0.000E+00  0.000E+00  0.000E+00  0.000E+00  0.000E+00  0.000E+00  0.000E+00
        15.3801  0.000E+00  0.278E-03  0.000E+00  0.000E+00 -0.675E+02  0.000E+00  0.000E+00  0.000E+00  0.123E-01  0.000E+00  0.000E+00  0.000E+00  0.000E+00  0.000E+00  0.000E+00  0.000E+00
        15.5701  0.000E+00  0.278E-03  0.000E+00  0.000E+00 -0.675E+02  0.000E+00  0.000E+00  0.000E+00  0.122E-01  0.000E+00  0.000E+00  0.000E+00  0.000E+00  0.000E+00  0.000E+00  0.000E+00
        15.7602  0.000E+00  0.278E-03  0.000E+00  0.000E+00 -0.675E+02  0.000E+00  0.000E+00  0.000E+00  0.122E-01  0.000E+00  0.000E+00  0.000E+00  0.000E+00  0.000E+00  0.000E+00  0.000E+00
        15.9502  0.000E+00  0.278E-03  0.000E+00  0.000E+00 -0.675E+02  0.000E+00  0.000E+00  0.000E+00  0.121E-01  0.000E+00  0.000E+00  0.000E+00  0.000E+00  0.000E+00  0.000E+00  0.000E+00
        16.1403  0.000E+00  0.278E-03  0.000E+00  0.000E+00 -0.675E+02  0.000E+00  0.000E+00  0.000E+00  0.120E-01  0.000E+00  0.000E+00  0.000E+00  0.000E+00  0.000E+00  0.000E+00  0.000E+00
        16.3303  0.000E+00  0.278E-03  0.000E+00  0.000E+00 -0.675E+02  0.000E+00  0.000E+00  0.000E+00  0.120E-01  0.000E+00  0.000E+00  0.000E+00  0.000E+00  0.000E+00  0.000E+00  0.000E+00
        16.5204  0.000E+00  0.278E-03  0.000E+00  0.000E+00 -0.675E+02  0.000E+00  0.000E+00  0.000E+00  0.119E-01  0.000E+00  0.000E+00  0.000E+00  0.000E+00  0.000E+00  0.000E+00  0.000E+00
        16.7104  0.000E+00  0.278E-03  0.000E+00  0.000E+00 -0.675E+02  0.000E+00  0.000E+00  0.000E+00  0.119E-01  0.000E+00  0.000E+00  0.000E+00  0.000E+00  0.000E+00  0.000E+00  0.000E+00
        16.9005  0.000E+00  0.278E-03  0.000E+00  0.000E+00 -0.675E+02  0.000E+00  0.000E+00  0.000E+00  0.118E-01  0.000E+00  0.000E+00  0.000E+00  0.000E+00  0.000E+00  0.000E+00  0.000E+00
        17.0905  0.000E+00  0.278E-03  0.000E+00  0.000E+00 -0.675E+02  0.000E+00  0.000E+00  0.000E+00  0.117E-01  0.000E+00  0.000E+00  0.000E+00  0.000E+00  0.000E+00  0.000E+00  0.000E+00
        17.2806  0.000E+00  0.278E-03  0.000E+00  0.000E+00 -0.675E+02  0.000E+00  0.000E+00  0.000E+00  0.117E-01  0.000E+00  0.000E+00  0.000E+00  0.000E+00  0.000E+00  0.000E+00  0.000E+00
        17.4706  0.000E+00  0.278E-03  0.000E+00  0.000E+00 -0.675E+02  0.000E+00  0.000E+00  0.000E+00  0.116E-01  0.000E+00  0.000E+00  0.000E+00  0.000E+00  0.000E+00  0.000E+00  0.000E+00
        17.7177  0.000E+00  0.278E-03  0.000E+00  0.000E+00 -0.675E+02  0.000E+00  0.000E+00  0.000E+00  0.116E-01  0.000E+00  0.000E+00  0.000E+00  0.000E+00  0.000E+00  0.000E+00  0.000E+00
        17.9648  0.000E+00  0.278E-03  0.000E+00  0.000E+00 -0.675E+02  0.000E+00  0.000E+00  0.000E+00  0.115E-01  0.000E+00  0.000E+00  0.000E+00  0.000E+00  0.000E+00  0.000E+00  0.000E+00
        18.2118  0.000E+00  0.278E-03  0.000E+00  0.000E+00 -0.675E+02  0.000E+00  0.000E+00  0.000E+00  0.115E-01  0.000E+00  0.000E+00  0.000E+00  0.000E+00  0.000E+00  0.000E+00  0.000E+00
        18.4589  0.000E+00  0.278E-03  0.000E+00  0.000E+00 -0.675E+02  0.000E+00  0.000E+00  0.000E+00  0.114E-01  0.000E+00  0.000E+00  0.000E+00  0.000E+00  0.000E+00  0.000E+00  0.000E+00
        18.7060  0.000E+00  0.278E-03  0.000E+00  0.000E+00 -0.675E+02  0.000E+00  0.000E+00  0.000E+00  0.113E-01  0.000E+00  0.000E+00  0.000E+00  0.000E+00  0.000E+00  0.000E+00  0.000E+00
        18.9530  0.000E+00  0.278E-03  0.000E+00  0.000E+00 -0.675E+02  0.000E+00  0.000E+00  0.000E+00  0.113E-01  0.000E+00  0.000E+00  0.000E+00  0.000E+00  0.000E+00  0.000E+00  0.000E+00
        19.2001  0.000E+00  0.278E-03  0.000E+00  0.000E+00 -0.675E+02  0.000E+00  0.000E+00  0.000E+00  0.112E-01  0.000E+00  0.000E+00  0.000E+00  0.000E+00  0.000E+00  0.000E+00  0.000E+00
        19.4472  0.000E+00  0.278E-03  0.000E+00  0.000E+00 -0.675E+02  0.000E+00  0.000E+00  0.000E+00  0.112E-01  0.000E+00  0.000E+00  0.000E+00  0.000E+00  0.000E+00  0.000E+00  0.000E+00
        19.6942  0.000E+00  0.278E-03  0.000E+00  0.000E+00 -0.675E+02  0.000E+00  0.000E+00  0.000E+00  0.111E-01  0.000E+00  0.000E+00  0.000E+00  0.000E+00  0.000E+00  0.000E+00  0.000E+00
        19.9413  0.000E+00  0.278E-03  0.000E+00  0.000E+00 -0.675E+02  0.000E+00  0.000E+00  0.000E+00  0.110E-01  0.000E+00  0.000E+00  0.000E+00  0.000E+00  0.000E+00  0.000E+00  0.000E+00
        20.1884  0.000E+00  0.278E-03  0.000E+00  0.000E+00 -0.675E+02  0.000E+00  0.000E+00  0.000E+00  0.110E-01  0.000E+00  0.000E+00  0.000E+00  0.000E+00  0.000E+00  0.000E+00  0.000E+00
        20.4354  0.000E+00  0.278E-03  0.000E+00  0.000E+00 -0.675E+02  0.000E+00  0.000E+00  0.000E+00  0.109E-01  0.000E+00  0.000E+00  0.000E+00  0.000E+00  0.000E+00  0.000E+00  0.000E+00
        20.6825  0.000E+00  0.278E-03  0.000E+00  0.000E+00 -0.675E+02  0.000E+00  0.000E+00  0.000E+00  0.109E-01  0.000E+00  0.000E+00  0.000E+00  0.000E+00  0.000E+00  0.000E+00  0.000E+00
        20.9295  0.000E+00  0.278E-03  0.000E+00  0.000E+00 -0.675E+02  0.000E+00  0.000E+00  0.000E+00  0.108E-01  0.000E+00  0.000E+00  0.000E+00  0.000E+00  0.000E+00  0.000E+00  0.000E+00
        21.1766  0.000E+00  0.278E-03  0.000E+00  0.000E+00 -0.675E+02  0.000E+00  0.000E+00  0.000E+00  0.108E-01  0.000E+00  0.000E+00  0.000E+00  0.000E+00  0.000E+00  0.000E+00  0.000E+00
        21.4237  0.000E+00  0.278E-03  0.000E+00  0.000E+00 -0.675E+02  0.000E+00  0.000E+00  0.000E+00  0.107E-01  0.000E+00  0.000E+00  0.000E+00  0.000E+00  0.000E+00  0.000E+00  0.000E+00
        21.6707  0.000E+00  0.278E-03  0.000E+00  0.000E+00 -0.675E+02  0.000E+00  0.000E+00  0.000E+00  0.107E-01  0.000E+00  0.000E+00  0.000E+00  0.000E+00  0.000E+00  0.000E+00  0.000E+00
        21.9178  0.000E+00  0.278E-03  0.000E+00  0.000E+00 -0.675E+02  0.000E+00  0.000E+00  0.000E+00  0.106E-01  0.000E+00  0.000E+00  0.000E+00  0.000E+00  0.000E+00  0.000E+00  0.000E+00
        22.1649  0.000E+00  0.278E-03  0.000E+00  0.000E+00 -0.675E+02  0.000E+00  0.000E+00  0.000E+00  0.106E-01  0.000E+00  0.000E+00  0.000E+00  0.000E+00  0.000E+00  0.000E+00  0.000E+00
        22.4119  0.000E+00  0.278E-03  0.000E+00  0.000E+00 -0.675E+02  0.000E+00  0.000E+00  0.000E+00  0.105E-01  0.000E+00  0.000E+00  0.000E+00  0.000E+00  0.000E+00  0.000E+00  0.000E+00
        22.6590  0.000E+00  0.278E-03  0.000E+00  0.000E+00 -0.675E+02  0.000E+00  0.000E+00  0.000E+00  0.105E-01  0.000E+00  0.000E+00  0.000E+00  0.000E+00  0.000E+00  0.000E+00  0.000E+00
        22.9061  0.000E+00  0.278E-03  0.000E+00  0.000E+00 -0.675E+02  0.000E+00  0.000E+00  0.000E+00  0.105E-01  0.000E+00  0.000E+00  0.000E+00  0.000E+00  0.000E+00  0.000E+00  0.000E+00
        23.1531  0.000E+00  0.278E-03  0.000E+00  0.000E+00 -0.675E+02  0.000E+00  0.000E+00  0.000E+00  0.104E-01  0.000E+00  0.000E+00  0.000E+00  0.000E+00  0.000E+00  0.000E+00  0.000E+00
        23.4002  0.000E+00  0.278E-03  0.000E+00  0.000E+00 -0.675E+02  0.000E+00  0.000E+00  0.000E+00  0.104E-01  0.000E+00  0.000E+00  0.000E+00  0.000E+00  0.000E+00  0.000E+00  0.000E+00
        23.6473  0.000E+00  0.278E-03  0.000E+00  0.000E+00 -0.675E+02  0.000E+00  0.000E+00  0.000E+00  0.103E-01  0.000E+00  0.000E+00  0.000E+00  0.000E+00  0.000E+00  0.000E+00  0.000E+00
        23.8943  0.000E+00  0.278E-03  0.000E+00  0.000E+00 -0.675E+02  0.000E+00  0.000E+00  0.000E+00  0.103E-01  0.000E+00  0.000E+00  0.000E+00  0.000E+00  0.000E+00  0.000E+00  0.000E+00
        24.1414  0.000E+00  0.278E-03  0.000E+00  0.000E+00 -0.675E+02  0.000E+00  0.000E+00  0.000E+00  0.103E-01  0.000E+00  0.000E+00  0.000E+00  0.000E+00  0.000E+00  0.000E+00  0.000E+00
        24.3884  0.000E+00  0.278E-03  0.000E+00  0.000E+00 -0.675E+02  0.000E+00  0.000E+00  0.000E+00  0.102E-01  0.000E+00  0.000E+00  0.000E+00  0.000E+00  0.000E+00  0.000E+00  0.000E+00
        24.6355  0.000E+00  0.278E-03  0.000E+00  0.000E+00 -0.675E+02  0.000E+00  0.000E+00  0.000E+00  0.102E-01  0.000E+00  0.000E+00  0.000E+00  0.000E+00  0.000E+00  0.000E+00  0.000E+00
        24.8826  0.000E+00  0.278E-03  0.000E+00  0.000E+00 -0.675E+02  0.000E+00  0.000E+00  0.000E+00  0.101E-01  0.000E+00  0.000E+00  0.000E+00  0.000E+00  0.000E+00  0.000E+00  0.000E+00
        25.1296  0.000E+00  0.278E-03  0.000E+00  0.000E+00 -0.675E+02  0.000E+00  0.000E+00  0.000E+00  0.101E-01  0.000E+00  0.000E+00  0.000E+00  0.000E+00  0.000E+00  0.000E+00  0.000E+00
        25.3767  0.000E+00  0.278E-03  0.000E+00  0.000E+00 -0.675E+02  0.000E+00  0.000E+00  0.000E+00  0.101E-01  0.000E+00  0.000E+00  0.000E+00  0.000E+00  0.000E+00  0.000E+00  0.000E+00
        25.6238  0.000E+00  0.278E-03  0.000E+00  0.000E+00 -0.675E+02  0.000E+00  0.000E+00  0.000E+00  0.100E-01  0.000E+00  0.000E+00  0.000E+00  0.000E+00  0.000E+00  0.000E+00  0.000E+00
        25.8708  0.000E+00  0.278E-03  0.000E+00  0.000E+00 -0.675E+02  0.000E+00  0.000E+00  0.000E+00  0.100E-01  0.000E+00  0.000E+00  0.000E+00  0.000E+00  0.000E+00  0.000E+00  0.000E+00
        26.1179  0.000E+00  0.278E-03  0.000E+00  0.000E+00 -0.675E+02  0.000E+00  0.000E+00  0.000E+00  0.996E-02  0.000E+00  0.000E+00  0.000E+00  0.000E+00  0.000E+00  0.000E+00  0.000E+00
        26.3650  0.000E+00  0.278E-03  0.000E+00  0.000E+00 -0.675E+02  0.000E+00  0.000E+00  0.000E+00  0.993E-02  0.000E+00  0.000E+00  0.000E+00  0.000E+00  0.000E+00  0.000E+00  0.000E+00
        26.6120  0.000E+00  0.278E-03  0.000E+00  0.000E+00 -0.675E+02  0.000E+00  0.000E+00  0.000E+00  0.989E-02  0.000E+00  0.000E+00  0.000E+00  0.000E+00  0.000E+00  0.000E+00  0.000E+00
        26.8591  0.000E+00  0.278E-03  0.000E+00  0.000E+00 -0.675E+02  0.000E+00  0.000E+00  0.000E+00  0.986E-02  0.000E+00  0.000E+00  0.000E+00  0.000E+00  0.000E+00  0.000E+00  0.000E+00
        27.1062  0.000E+00  0.278E-03  0.000E+00  0.000E+00 -0.675E+02  0.000E+00  0.000E+00  0.000E+00  0.983E-02  0.000E+00  0.000E+00  0.000E+00  0.000E+00  0.000E+00  0.000E+00  0.000E+00
        27.3532  0.000E+00  0.278E-03  0.000E+00  0.000E+00 -0.675E+02  0.000E+00  0.000E+00  0.000E+00  0.979E-02  0.000E+00  0.000E+00  0.000E+00  0.000E+00  0.000E+00  0.000E+00  0.000E+00
        27.6003  0.000E+00  0.278E-03  0.000E+00  0.000E+00 -0.675E+02  0.000E+00  0.000E+00  0.000E+00  0.976E-02  0.000E+00  0.000E+00  0.000E+00  0.000E+00  0.000E+00  0.000E+00  0.000E+00
        27.8403  0.000E+00  0.278E-03  0.000E+00  0.000E+00 -0.675E+02  0.000E+00  0.000E+00  0.000E+00  0.973E-02  0.000E+00  0.000E+00  0.000E+00  0.000E+00  0.000E+00  0.000E+00  0.000E+00
        28.0802  0.000E+00  0.278E-03  0.000E+00  0.000E+00 -0.675E+02  0.000E+00  0.000E+00  0.000E+00  0.970E-02  0.000E+00  0.000E+00  0.000E+00  0.000E+00  0.000E+00  0.000E+00  0.000E+00
        28.3202  0.000E+00  0.278E-03  0.000E+00  0.000E+00 -0.675E+02  0.000E+00  0.000E+00  0.000E+00  0.967E-02  0.000E+00  0.000E+00  0.000E+00  0.000E+00  0.000E+00  0.000E+00  0.000E+00
        28.6562  0.000E+00  0.278E-03  0.000E+00  0.000E+00 -0.675E+02  0.000E+00  0.000E+00  0.000E+00  0.964E-02  0.000E+00  0.000E+00  0.000E+00  0.000E+00  0.000E+00  0.000E+00  0.000E+00
        28.9921  0.000E+00  0.278E-03  0.000E+00  0.000E+00 -0.675E+02  0.000E+00  0.000E+00  0.000E+00  0.960E-02  0.000E+00  0.000E+00  0.000E+00  0.000E+00  0.000E+00  0.000E+00  0.000E+00
        29.3281  0.000E+00  0.278E-03  0.000E+00  0.000E+00 -0.675E+02  0.000E+00  0.000E+00  0.000E+00  0.956E-02  0.000E+00  0.000E+00  0.000E+00  0.000E+00  0.000E+00  0.000E+00  0.000E+00
        29.6640  0.000E+00  0.278E-03  0.000E+00  0.000E+00 -0.675E+02  0.000E+00  0.000E+00  0.000E+00  0.952E-02  0.000E+00  0.000E+00  0.000E+00  0.000E+00  0.000E+00  0.000E+00  0.000E+00
        30.0000  0.000E+00  0.278E-03  0.000E+00  0.000E+00 -0.675E+02  0.000E+00  0.000E+00  0.000E+00  0.948E-02  0.000E+00  0.000E+00  0.000E+00  0.000E+00  0.000E+00  0.000E+00  0.000E+00
        30.3212  0.000E+00  0.278E-03  0.000E+00  0.000E+00 -0.675E+02  0.000E+00  0.000E+00  0.000E+00  0.944E-02  0.000E+00  0.000E+00  0.000E+00  0.000E+00  0.000E+00  0.000E+00  0.000E+00
        30.6424  0.000E+00  0.278E-03  0.000E+00  0.000E+00 -0.675E+02  0.000E+00  0.000E+00  0.000E+00  0.940E-02  0.000E+00  0.000E+00  0.000E+00  0.000E+00  0.000E+00  0.000E+00  0.000E+00
        30.9636  0.000E+00  0.278E-03  0.000E+00  0.000E+00 -0.675E+02  0.000E+00  0.000E+00  0.000E+00  0.937E-02  0.000E+00  0.000E+00  0.000E+00  0.000E+00  0.000E+00  0.000E+00  0.000E+00
        31.2847  0.000E+00  0.278E-03  0.000E+00  0.000E+00 -0.675E+02  0.000E+00  0.000E+00  0.000E+00  0.933E-02  0.000E+00  0.000E+00  0.000E+00  0.000E+00  0.000E+00  0.000E+00  0.000E+00
        31.6059  0.000E+00  0.278E-03  0.000E+00  0.000E+00 -0.675E+02  0.000E+00  0.000E+00  0.000E+00  0.930E-02  0.000E+00  0.000E+00  0.000E+00  0.000E+00  0.000E+00  0.000E+00  0.000E+00
        31.9271  0.000E+00  0.278E-03  0.000E+00  0.000E+00 -0.675E+02  0.000E+00  0.000E+00  0.000E+00  0.927E-02  0.000E+00  0.000E+00  0.000E+00  0.000E+00  0.000E+00  0.000E+00  0.000E+00
        32.2483  0.000E+00  0.278E-03  0.000E+00  0.000E+00 -0.675E+02  0.000E+00  0.000E+00  0.000E+00  0.923E-02  0.000E+00  0.000E+00  0.000E+00  0.000E+00  0.000E+00  0.000E+00  0.000E+00
        32.5695  0.000E+00  0.278E-03  0.000E+00  0.000E+00 -0.675E+02  0.000E+00  0.000E+00  0.000E+00  0.920E-02  0.000E+00  0.000E+00  0.000E+00  0.000E+00  0.000E+00  0.000E+00  0.000E+00
        32.8907  0.000E+00  0.278E-03  0.000E+00  0.000E+00 -0.675E+02  0.000E+00  0.000E+00  0.000E+00  0.917E-02  0.000E+00  0.000E+00  0.000E+00  0.000E+00  0.000E+00  0.000E+00  0.000E+00
        33.2118  0.000E+00  0.278E-03  0.000E+00  0.000E+00 -0.675E+02  0.000E+00  0.000E+00  0.000E+00  0.913E-02  0.000E+00  0.000E+00  0.000E+00  0.000E+00  0.000E+00  0.000E+00  0.000E+00
        33.5330  0.000E+00  0.278E-03  0.000E+00  0.000E+00 -0.675E+02  0.000E+00  0.000E+00  0.000E+00  0.910E-02  0.000E+00  0.000E+00  0.000E+00  0.000E+00  0.000E+00  0.000E+00  0.000E+00
        33.8542  0.000E+00  0.278E-03  0.000E+00  0.000E+00 -0.675E+02  0.000E+00  0.000E+00  0.000E+00  0.907E-02  0.000E+00  0.000E+00  0.000E+00  0.000E+00  0.000E+00  0.000E+00  0.000E+00
        34.1754  0.000E+00  0.278E-03  0.000E+00  0.000E+00 -0.675E+02  0.000E+00  0.000E+00  0.000E+00  0.904E-02  0.000E+00  0.000E+00  0.000E+00  0.000E+00  0.000E+00  0.000E+00  0.000E+00
        34.4966  0.000E+00  0.278E-03  0.000E+00  0.000E+00 -0.675E+02  0.000E+00  0.000E+00  0.000E+00  0.901E-02  0.000E+00  0.000E+00  0.000E+00  0.000E+00  0.000E+00  0.000E+00  0.000E+00
        34.8178  0.000E+00  0.278E-03  0.000E+00  0.000E+00 -0.675E+02  0.000E+00  0.000E+00  0.000E+00  0.898E-02  0.000E+00  0.000E+00  0.000E+00  0.000E+00  0.000E+00  0.000E+00  0.000E+00
        35.1389  0.000E+00  0.278E-03  0.000E+00  0.000E+00 -0.675E+02  0.000E+00  0.000E+00  0.000E+00  0.895E-02  0.000E+00  0.000E+00  0.000E+00  0.000E+00  0.000E+00  0.000E+00  0.000E+00
        35.4601  0.000E+00  0.278E-03  0.000E+00  0.000E+00 -0.675E+02  0.000E+00  0.000E+00  0.000E+00  0.892E-02  0.000E+00  0.000E+00  0.000E+00  0.000E+00  0.000E+00  0.000E+00  0.000E+00
        35.7813  0.000E+00  0.278E-03  0.000E+00  0.000E+00 -0.675E+02  0.000E+00  0.000E+00  0.000E+00  0.889E-02  0.000E+00  0.000E+00  0.000E+00  0.000E+00  0.000E+00  0.000E+00  0.000E+00
        36.1025  0.000E+00  0.278E-03  0.000E+00  0.000E+00 -0.675E+02  0.000E+00  0.000E+00  0.000E+00  0.886E-02  0.000E+00  0.000E+00  0.000E+00  0.000E+00  0.000E+00  0.000E+00  0.000E+00
        36.4237  0.000E+00  0.278E-03  0.000E+00  0.000E+00 -0.675E+02  0.000E+00  0.000E+00  0.000E+00  0.883E-02  0.000E+00  0.000E+00  0.000E+00  0.000E+00  0.000E+00  0.000E+00  0.000E+00
        36.7449  0.000E+00  0.278E-03  0.000E+00  0.000E+00 -0.675E+02  0.000E+00  0.000E+00  0.000E+00  0.880E-02  0.000E+00  0.000E+00  0.000E+00  0.000E+00  0.000E+00  0.000E+00  0.000E+00
        37.0660  0.000E+00  0.278E-03  0.000E+00  0.000E+00 -0.675E+02  0.000E+00  0.000E+00  0.000E+00  0.878E-02  0.000E+00  0.000E+00  0.000E+00  0.000E+00  0.000E+00  0.000E+00  0.000E+00
        37.3872  0.000E+00  0.278E-03  0.000E+00  0.000E+00 -0.675E+02  0.000E+00  0.000E+00  0.000E+00  0.875E-02  0.000E+00  0.000E+00  0.000E+00  0.000E+00  0.000E+00  0.000E+00  0.000E+00
        37.7084  0.000E+00  0.278E-03  0.000E+00  0.000E+00 -0.675E+02  0.000E+00  0.000E+00  0.000E+00  0.872E-02  0.000E+00  0.000E+00  0.000E+00  0.000E+00  0.000E+00  0.000E+00  0.000E+00
        38.0296  0.000E+00  0.278E-03  0.000E+00  0.000E+00 -0.675E+02  0.000E+00  0.000E+00  0.000E+00  0.869E-02  0.000E+00  0.000E+00  0.000E+00  0.000E+00  0.000E+00  0.000E+00  0.000E+00
        38.3508  0.000E+00  0.278E-03  0.000E+00  0.000E+00 -0.675E+02  0.000E+00  0.000E+00  0.000E+00  0.867E-02  0.000E+00  0.000E+00  0.000E+00  0.000E+00  0.000E+00  0.000E+00  0.000E+00
        38.6720  0.000E+00  0.278E-03  0.000E+00  0.000E+00 -0.675E+02  0.000E+00  0.000E+00  0.000E+00  0.864E-02  0.000E+00  0.000E+00  0.000E+00  0.000E+00  0.000E+00  0.000E+00  0.000E+00
        38.9931  0.000E+00  0.278E-03  0.000E+00  0.000E+00 -0.675E+02  0.000E+00  0.000E+00  0.000E+00  0.861E-02  0.000E+00  0.000E+00  0.000E+00  0.000E+00  0.000E+00  0.000E+00  0.000E+00
        39.3143  0.000E+00  0.278E-03  0.000E+00  0.000E+00 -0.675E+02  0.000E+00  0.000E+00  0.000E+00  0.859E-02  0.000E+00  0.000E+00  0.000E+00  0.000E+00  0.000E+00  0.000E+00  0.000E+00
        39.6355  0.000E+00  0.278E-03  0.000E+00  0.000E+00 -0.675E+02  0.000E+00  0.000E+00  0.000E+00  0.856E-02  0.000E+00  0.000E+00  0.000E+00  0.000E+00  0.000E+00  0.000E+00  0.000E+00
        39.9567  0.000E+00  0.278E-03  0.000E+00  0.000E+00 -0.675E+02  0.000E+00  0.000E+00  0.000E+00  0.854E-02  0.000E+00  0.000E+00  0.000E+00  0.000E+00  0.000E+00  0.000E+00  0.000E+00
        40.2779  0.000E+00  0.278E-03  0.000E+00  0.000E+00 -0.675E+02  0.000E+00  0.000E+00  0.000E+00  0.851E-02  0.000E+00  0.000E+00  0.000E+00  0.000E+00  0.000E+00  0.000E+00  0.000E+00
        40.5991  0.000E+00  0.278E-03  0.000E+00  0.000E+00 -0.675E+02  0.000E+00  0.000E+00  0.000E+00  0.849E-02  0.000E+00  0.000E+00  0.000E+00  0.000E+00  0.000E+00  0.000E+00  0.000E+00
        40.9202  0.000E+00  0.278E-03  0.000E+00  0.000E+00 -0.675E+02  0.000E+00  0.000E+00  0.000E+00  0.846E-02  0.000E+00  0.000E+00  0.000E+00  0.000E+00  0.000E+00  0.000E+00  0.000E+00
        41.2414  0.000E+00  0.278E-03  0.000E+00  0.000E+00 -0.675E+02  0.000E+00  0.000E+00  0.000E+00  0.844E-02  0.000E+00  0.000E+00  0.000E+00  0.000E+00  0.000E+00  0.000E+00  0.000E+00
        41.5626  0.000E+00  0.278E-03  0.000E+00  0.000E+00 -0.675E+02  0.000E+00  0.000E+00  0.000E+00  0.841E-02  0.000E+00  0.000E+00  0.000E+00  0.000E+00  0.000E+00  0.000E+00  0.000E+00
        41.8838  0.000E+00  0.278E-03  0.000E+00  0.000E+00 -0.675E+02  0.000E+00  0.000E+00  0.000E+00  0.839E-02  0.000E+00  0.000E+00  0.000E+00  0.000E+00  0.000E+00  0.000E+00  0.000E+00
        42.2050  0.000E+00  0.278E-03  0.000E+00  0.000E+00 -0.675E+02  0.000E+00  0.000E+00  0.000E+00  0.836E-02  0.000E+00  0.000E+00  0.000E+00  0.000E+00  0.000E+00  0.000E+00  0.000E+00
        42.5262  0.000E+00  0.278E-03  0.000E+00  0.000E+00 -0.675E+02  0.000E+00  0.000E+00  0.000E+00  0.834E-02  0.000E+00  0.000E+00  0.000E+00  0.000E+00  0.000E+00  0.000E+00  0.000E+00
        42.8473  0.000E+00  0.278E-03  0.000E+00  0.000E+00 -0.675E+02  0.000E+00  0.000E+00  0.000E+00  0.832E-02  0.000E+00  0.000E+00  0.000E+00  0.000E+00  0.000E+00  0.000E+00  0.000E+00
        43.1685  0.000E+00  0.278E-03  0.000E+00  0.000E+00 -0.675E+02  0.000E+00  0.000E+00  0.000E+00  0.829E-02  0.000E+00  0.000E+00  0.000E+00  0.000E+00  0.000E+00  0.000E+00  0.000E+00
        43.4897  0.000E+00  0.278E-03  0.000E+00  0.000E+00 -0.675E+02  0.000E+00  0.000E+00  0.000E+00  0.827E-02  0.000E+00  0.000E+00  0.000E+00  0.000E+00  0.000E+00  0.000E+00  0.000E+00
        43.8109  0.000E+00  0.278E-03  0.000E+00  0.000E+00 -0.675E+02  0.000E+00  0.000E+00  0.000E+00  0.825E-02  0.000E+00  0.000E+00  0.000E+00  0.000E+00  0.000E+00  0.000E+00  0.000E+00
        44.1321  0.000E+00  0.278E-03  0.000E+00  0.000E+00 -0.675E+02  0.000E+00  0.000E+00  0.000E+00  0.822E-02  0.000E+00  0.000E+00  0.000E+00  0.000E+00  0.000E+00  0.000E+00  0.000E+00
        44.4533  0.000E+00  0.278E-03  0.000E+00  0.000E+00 -0.675E+02  0.000E+00  0.000E+00  0.000E+00  0.820E-02  0.000E+00  0.000E+00  0.000E+00  0.000E+00  0.000E+00  0.000E+00  0.000E+00
        44.7744  0.000E+00  0.278E-03  0.000E+00  0.000E+00 -0.675E+02  0.000E+00  0.000E+00  0.000E+00  0.818E-02  0.000E+00  0.000E+00  0.000E+00  0.000E+00  0.000E+00  0.000E+00  0.000E+00
        45.0956  0.000E+00  0.278E-03  0.000E+00  0.000E+00 -0.675E+02  0.000E+00  0.000E+00  0.000E+00  0.816E-02  0.000E+00  0.000E+00  0.000E+00  0.000E+00  0.000E+00  0.000E+00  0.000E+00
        45.4168  0.000E+00  0.278E-03  0.000E+00  0.000E+00 -0.675E+02  0.000E+00  0.000E+00  0.000E+00  0.814E-02  0.000E+00  0.000E+00  0.000E+00  0.000E+00  0.000E+00  0.000E+00  0.000E+00
        45.7380  0.000E+00  0.278E-03  0.000E+00  0.000E+00 -0.675E+02  0.000E+00  0.000E+00  0.000E+00  0.811E-02  0.000E+00  0.000E+00  0.000E+00  0.000E+00  0.000E+00  0.000E+00  0.000E+00
        46.0592  0.000E+00  0.278E-03  0.000E+00  0.000E+00 -0.675E+02  0.000E+00  0.000E+00  0.000E+00  0.809E-02  0.000E+00  0.000E+00  0.000E+00  0.000E+00  0.000E+00  0.000E+00  0.000E+00
        46.3804  0.000E+00  0.278E-03  0.000E+00  0.000E+00 -0.675E+02  0.000E+00  0.000E+00  0.000E+00  0.807E-02  0.000E+00  0.000E+00  0.000E+00  0.000E+00  0.000E+00  0.000E+00  0.000E+00
        46.7015  0.000E+00  0.278E-03  0.000E+00  0.000E+00 -0.675E+02  0.000E+00  0.000E+00  0.000E+00  0.805E-02  0.000E+00  0.000E+00  0.000E+00  0.000E+00  0.000E+00  0.000E+00  0.000E+00
        47.0227  0.000E+00  0.278E-03  0.000E+00  0.000E+00 -0.675E+02  0.000E+00  0.000E+00  0.000E+00  0.803E-02  0.000E+00  0.000E+00  0.000E+00  0.000E+00  0.000E+00  0.000E+00  0.000E+00
        47.3439  0.000E+00  0.278E-03  0.000E+00  0.000E+00 -0.675E+02  0.000E+00  0.000E+00  0.000E+00  0.801E-02  0.000E+00  0.000E+00  0.000E+00  0.000E+00  0.000E+00  0.000E+00  0.000E+00
        47.6651  0.000E+00  0.278E-03  0.000E+00  0.000E+00 -0.675E+02  0.000E+00  0.000E+00  0.000E+00  0.798E-02  0.000E+00  0.000E+00  0.000E+00  0.000E+00  0.000E+00  0.000E+00  0.000E+00
        47.9863  0.000E+00  0.278E-03  0.000E+00  0.000E+00 -0.675E+02  0.000E+00  0.000E+00  0.000E+00  0.796E-02  0.000E+00  0.000E+00  0.000E+00  0.000E+00  0.000E+00  0.000E+00  0.000E+00
        48.3075  0.000E+00  0.278E-03  0.000E+00  0.000E+00 -0.675E+02  0.000E+00  0.000E+00  0.000E+00  0.794E-02  0.000E+00  0.000E+00  0.000E+00  0.000E+00  0.000E+00  0.000E+00  0.000E+00
        48.6287  0.000E+00  0.278E-03  0.000E+00  0.000E+00 -0.675E+02  0.000E+00  0.000E+00  0.000E+00  0.792E-02  0.000E+00  0.000E+00  0.000E+00  0.000E+00  0.000E+00  0.000E+00  0.000E+00
        48.9498  0.000E+00  0.278E-03  0.000E+00  0.000E+00 -0.675E+02  0.000E+00  0.000E+00  0.000E+00  0.790E-02  0.000E+00  0.000E+00  0.000E+00  0.000E+00  0.000E+00  0.000E+00  0.000E+00
        49.2710  0.000E+00  0.278E-03  0.000E+00  0.000E+00 -0.675E+02  0.000E+00  0.000E+00  0.000E+00  0.788E-02  0.000E+00  0.000E+00  0.000E+00  0.000E+00  0.000E+00  0.000E+00  0.000E+00
        49.5922  0.000E+00  0.278E-03  0.000E+00  0.000E+00 -0.675E+02  0.000E+00  0.000E+00  0.000E+00  0.786E-02  0.000E+00  0.000E+00  0.000E+00  0.000E+00  0.000E+00  0.000E+00  0.000E+00
        49.9134  0.000E+00  0.278E-03  0.000E+00  0.000E+00 -0.675E+02  0.000E+00  0.000E+00  0.000E+00  0.784E-02  0.000E+00  0.000E+00  0.000E+00  0.000E+00  0.000E+00  0.000E+00  0.000E+00
        50.2346  0.000E+00  0.278E-03  0.000E+00  0.000E+00 -0.675E+02  0.000E+00  0.000E+00  0.000E+00  0.782E-02  0.000E+00  0.000E+00  0.000E+00  0.000E+00  0.000E+00  0.000E+00  0.000E+00
        50.5558  0.000E+00  0.278E-03  0.000E+00  0.000E+00 -0.675E+02  0.000E+00  0.000E+00  0.000E+00  0.780E-02  0.000E+00  0.000E+00  0.000E+00  0.000E+00  0.000E+00  0.000E+00  0.000E+00
        50.8769  0.000E+00  0.278E-03  0.000E+00  0.000E+00 -0.675E+02  0.000E+00  0.000E+00  0.000E+00  0.778E-02  0.000E+00  0.000E+00  0.000E+00  0.000E+00  0.000E+00  0.000E+00  0.000E+00
        51.1981  0.000E+00  0.278E-03  0.000E+00  0.000E+00 -0.675E+02  0.000E+00  0.000E+00  0.000E+00  0.776E-02  0.000E+00  0.000E+00  0.000E+00  0.000E+00  0.000E+00  0.000E+00  0.000E+00
        51.5193  0.000E+00  0.278E-03  0.000E+00  0.000E+00 -0.675E+02  0.000E+00  0.000E+00  0.000E+00  0.774E-02  0.000E+00  0.000E+00  0.000E+00  0.000E+00  0.000E+00  0.000E+00  0.000E+00
        51.8405  0.000E+00  0.278E-03  0.000E+00  0.000E+00 -0.675E+02  0.000E+00  0.000E+00  0.000E+00  0.772E-02  0.000E+00  0.000E+00  0.000E+00  0.000E+00  0.000E+00  0.000E+00  0.000E+00
        52.1617  0.000E+00  0.278E-03  0.000E+00  0.000E+00 -0.675E+02  0.000E+00  0.000E+00  0.000E+00  0.771E-02  0.000E+00  0.000E+00  0.000E+00  0.000E+00  0.000E+00  0.000E+00  0.000E+00
        52.4829  0.000E+00  0.278E-03  0.000E+00  0.000E+00 -0.675E+02  0.000E+00  0.000E+00  0.000E+00  0.769E-02  0.000E+00  0.000E+00  0.000E+00  0.000E+00  0.000E+00  0.000E+00  0.000E+00
        52.8040  0.000E+00  0.278E-03  0.000E+00  0.000E+00 -0.675E+02  0.000E+00  0.000E+00  0.000E+00  0.767E-02  0.000E+00  0.000E+00  0.000E+00  0.000E+00  0.000E+00  0.000E+00  0.000E+00
        53.1252  0.000E+00  0.278E-03  0.000E+00  0.000E+00 -0.675E+02  0.000E+00  0.000E+00  0.000E+00  0.765E-02  0.000E+00  0.000E+00  0.000E+00  0.000E+00  0.000E+00  0.000E+00  0.000E+00
        53.4464  0.000E+00  0.278E-03  0.000E+00  0.000E+00 -0.675E+02  0.000E+00  0.000E+00  0.000E+00  0.763E-02  0.000E+00  0.000E+00  0.000E+00  0.000E+00  0.000E+00  0.000E+00  0.000E+00
        53.7676  0.000E+00  0.278E-03  0.000E+00  0.000E+00 -0.675E+02  0.000E+00  0.000E+00  0.000E+00  0.761E-02  0.000E+00  0.000E+00  0.000E+00  0.000E+00  0.000E+00  0.000E+00  0.000E+00
        54.0888  0.000E+00  0.278E-03  0.000E+00  0.000E+00 -0.675E+02  0.000E+00  0.000E+00  0.000E+00  0.760E-02  0.000E+00  0.000E+00  0.000E+00  0.000E+00  0.000E+00  0.000E+00  0.000E+00
        54.4100  0.000E+00  0.278E-03  0.000E+00  0.000E+00 -0.675E+02  0.000E+00  0.000E+00  0.000E+00  0.758E-02  0.000E+00  0.000E+00  0.000E+00  0.000E+00  0.000E+00  0.000E+00  0.000E+00
        54.7311  0.000E+00  0.278E-03  0.000E+00  0.000E+00 -0.675E+02  0.000E+00  0.000E+00  0.000E+00  0.757E-02  0.000E+00  0.000E+00  0.000E+00  0.000E+00  0.000E+00  0.000E+00  0.000E+00
        55.0523  0.000E+00  0.278E-03  0.000E+00  0.000E+00 -0.675E+02  0.000E+00  0.000E+00  0.000E+00  0.755E-02  0.000E+00  0.000E+00  0.000E+00  0.000E+00  0.000E+00  0.000E+00  0.000E+00
        55.3735  0.000E+00  0.278E-03  0.000E+00  0.000E+00 -0.675E+02  0.000E+00  0.000E+00  0.000E+00  0.755E-02  0.000E+00  0.000E+00  0.000E+00  0.000E+00  0.000E+00  0.000E+00  0.000E+00
        55.6947  0.000E+00  0.278E-03  0.000E+00  0.000E+00 -0.675E+02  0.000E+00  0.000E+00  0.000E+00  0.755E-02  0.000E+00  0.000E+00  0.000E+00  0.000E+00  0.000E+00  0.000E+00  0.000E+00
        56.0159  0.000E+00  0.278E-03  0.000E+00  0.000E+00 -0.675E+02  0.000E+00  0.000E+00  0.000E+00  0.756E-02  0.000E+00  0.000E+00  0.000E+00  0.000E+00  0.000E+00  0.000E+00  0.000E+00
        56.3371  0.000E+00  0.278E-03  0.000E+00  0.000E+00 -0.675E+02  0.000E+00  0.000E+00  0.000E+00  0.762E-02  0.000E+00  0.000E+00  0.000E+00  0.000E+00  0.000E+00  0.000E+00  0.000E+00
        56.6582  0.000E+00  0.278E-03  0.000E+00  0.000E+00 -0.675E+02  0.000E+00  0.000E+00  0.000E+00  0.775E-02  0.000E+00  0.000E+00  0.000E+00  0.000E+00  0.000E+00  0.000E+00  0.000E+00
        56.9924  0.000E+00  0.278E-03  0.000E+00  0.000E+00 -0.675E+02  0.000E+00  0.000E+00  0.000E+00  0.805E-02  0.000E+00  0.000E+00  0.000E+00  0.000E+00  0.000E+00  0.000E+00  0.000E+00
        57.3266  0.000E+00  0.278E-03  0.000E+00  0.000E+00 -0.675E+02  0.000E+00  0.000E+00  0.000E+00  0.883E-02  0.000E+00  0.000E+00  0.000E+00  0.000E+00  0.000E+00  0.000E+00  0.000E+00
        57.6608  0.000E+00  0.278E-03  0.000E+00  0.000E+00 -0.675E+02  0.000E+00  0.000E+00  0.000E+00  0.108E-01  0.000E+00  0.000E+00  0.000E+00  0.000E+00  0.000E+00  0.000E+00  0.000E+00
        57.9949  0.000E+00  0.278E-03  0.000E+00  0.000E+00 -0.675E+02  0.000E+00  0.000E+00  0.000E+00  0.156E-01  0.000E+00  0.000E+00  0.000E+00  0.000E+00  0.000E+00  0.000E+00  0.000E+00
        58.3291  0.000E+00  0.278E-03  0.000E+00  0.000E+00 -0.675E+02  0.000E+00  0.000E+00  0.000E+00  0.272E-01  0.000E+00  0.000E+00  0.000E+00  0.000E+00  0.000E+00  0.000E+00  0.000E+00
        58.6633  0.000E+00  0.278E-03  0.000E+00  0.000E+00 -0.675E+02  0.000E+00  0.000E+00  0.000E+00  0.546E-01  0.000E+00  0.000E+00  0.000E+00  0.000E+00  0.000E+00  0.000E+00  0.000E+00
        58.9975  0.000E+00  0.278E-03  0.000E+00  0.000E+00 -0.675E+02  0.000E+00  0.000E+00  0.000E+00  0.115E+00  0.000E+00  0.000E+00  0.000E+00  0.000E+00  0.000E+00  0.000E+00  0.000E+00
        59.3316  0.000E+00  0.278E-03  0.000E+00  0.000E+00 -0.675E+02  0.000E+00  0.000E+00  0.000E+00  0.240E+00  0.000E+00  0.000E+00  0.000E+00  0.000E+00  0.000E+00  0.000E+00  0.000E+00
        59.6658  0.000E+00  0.278E-03  0.000E+00  0.000E+00 -0.675E+02  0.000E+00  0.000E+00  0.000E+00  0.473E+00  0.000E+00  0.000E+00  0.000E+00  0.000E+00  0.000E+00  0.000E+00  0.000E+00
        60.0000  0.000E+00  0.278E-03  0.000E+00  0.000E+00 -0.675E+02  0.000E+00  0.000E+00  0.000E+00  0.856E+00  0.000E+00  0.000E+00  0.000E+00  0.000E+00  0.000E+00  0.000E+00  0.000E+00
        60.0010  0.000E+00  0.278E-03  0.000E+00  0.000E+00  0.000E+00  0.000E+00  0.000E+00  0.000E+00  0.142E+01  0.000E+00  0.000E+00  0.000E+00  0.000E+00  0.000E+00  0.000E+00  0.000E+00
        60.0017  0.000E+00  0.278E-03  0.000E+00  0.000E+00  0.000E+00  0.000E+00  0.000E+00  0.000E+00  0.142E+01  0.000E+00  0.000E+00  0.000E+00  0.000E+00  0.000E+00  0.000E+00  0.000E+00
        60.0026  0.000E+00  0.278E-03  0.000E+00  0.000E+00  0.000E+00  0.000E+00  0.000E+00  0.000E+00  0.142E+01  0.000E+00  0.000E+00  0.000E+00  0.000E+00  0.000E+00  0.000E+00  0.000E+00
        60.0038  0.000E+00  0.278E-03  0.000E+00  0.000E+00  0.000E+00  0.000E+00  0.000E+00  0.000E+00  0.142E+01  0.000E+00  0.000E+00  0.000E+00  0.000E+00  0.000E+00  0.000E+00  0.000E+00
        60.0053  0.000E+00  0.278E-03  0.000E+00  0.000E+00  0.000E+00  0.000E+00  0.000E+00  0.000E+00  0.142E+01  0.000E+00  0.000E+00  0.000E+00  0.000E+00  0.000E+00  0.000E+00  0.000E+00
        60.0073  0.000E+00  0.278E-03  0.000E+00  0.000E+00  0.000E+00  0.000E+00  0.000E+00  0.000E+00  0.143E+01  0.000E+00  0.000E+00  0.000E+00  0.000E+00  0.000E+00  0.000E+00  0.000E+00
        60.0099  0.000E+00  0.278E-03  0.000E+00  0.000E+00  0.000E+00  0.000E+00  0.000E+00  0.000E+00  0.143E+01  0.000E+00  0.000E+00  0.000E+00  0.000E+00  0.000E+00  0.000E+00  0.000E+00
        60.0133  0.000E+00  0.278E-03  0.000E+00  0.000E+00  0.000E+00  0.000E+00  0.000E+00  0.000E+00  0.143E+01  0.000E+00  0.000E+00  0.000E+00  0.000E+00  0.000E+00  0.000E+00  0.000E+00
        60.0177  0.000E+00  0.278E-03  0.000E+00  0.000E+00  0.000E+00  0.000E+00  0.000E+00  0.000E+00  0.144E+01  0.000E+00  0.000E+00  0.000E+00  0.000E+00  0.000E+00  0.000E+00  0.000E+00
        60.0234  0.000E+00  0.278E-03  0.000E+00  0.000E+00  0.000E+00  0.000E+00  0.000E+00  0.000E+00  0.144E+01  0.000E+00  0.000E+00  0.000E+00  0.000E+00  0.000E+00  0.000E+00  0.000E+00
        60.0308  0.000E+00  0.278E-03  0.000E+00  0.000E+00  0.000E+00  0.000E+00  0.000E+00  0.000E+00  0.145E+01  0.000E+00  0.000E+00  0.000E+00  0.000E+00  0.000E+00  0.000E+00  0.000E+00
        60.0405  0.000E+00  0.278E-03  0.000E+00  0.000E+00  0.000E+00  0.000E+00  0.000E+00  0.000E+00  0.146E+01  0.000E+00  0.000E+00  0.000E+00  0.000E+00  0.000E+00  0.000E+00  0.000E+00
        60.0530  0.000E+00  0.278E-03  0.000E+00  0.000E+00  0.000E+00  0.000E+00  0.000E+00  0.000E+00  0.147E+01  0.000E+00  0.000E+00  0.000E+00  0.000E+00  0.000E+00  0.000E+00  0.000E+00
        60.0693  0.000E+00  0.278E-03  0.000E+00  0.000E+00  0.000E+00  0.000E+00  0.000E+00  0.000E+00  0.149E+01  0.000E+00  0.000E+00  0.000E+00  0.000E+00  0.000E+00  0.000E+00  0.000E+00
        60.0905  0.000E+00  0.278E-03  0.000E+00  0.000E+00  0.000E+00  0.000E+00  0.000E+00  0.000E+00  0.152E+01  0.000E+00  0.000E+00  0.000E+00  0.000E+00  0.000E+00  0.000E+00  0.000E+00
        60.1181  0.000E+00  0.278E-03  0.000E+00  0.000E+00  0.000E+00  0.000E+00  0.000E+00  0.000E+00  0.155E+01  0.000E+00  0.000E+00  0.000E+00  0.000E+00  0.000E+00  0.000E+00  0.000E+00
        60.1539  0.000E+00  0.278E-03  0.000E+00  0.000E+00  0.000E+00  0.000E+00  0.000E+00  0.000E+00  0.160E+01  0.000E+00  0.000E+00  0.000E+00  0.000E+00  0.000E+00  0.000E+00  0.000E+00
        60.2005  0.000E+00  0.278E-03  0.000E+00  0.000E+00  0.000E+00  0.000E+00  0.000E+00  0.000E+00  0.166E+01  0.000E+00  0.000E+00  0.000E+00  0.000E+00  0.000E+00  0.000E+00  0.000E+00
        60.2611  0.000E+00  0.278E-03  0.000E+00  0.000E+00  0.000E+00  0.000E+00  0.000E+00  0.000E+00  0.175E+01  0.000E+00  0.000E+00  0.000E+00  0.000E+00  0.000E+00  0.000E+00  0.000E+00
        60.3398  0.000E+00  0.278E-03  0.000E+00  0.000E+00  0.000E+00  0.000E+00  0.000E+00  0.000E+00  0.186E+01  0.000E+00  0.000E+00  0.000E+00  0.000E+00  0.000E+00  0.000E+00  0.000E+00
        60.4421  0.000E+00  0.278E-03  0.000E+00  0.000E+00  0.000E+00  0.000E+00  0.000E+00  0.000E+00  0.205E+01  0.000E+00  0.000E+00  0.000E+00  0.000E+00  0.000E+00  0.000E+00  0.000E+00
        60.5752  0.000E+00  0.278E-03  0.000E+00  0.000E+00  0.000E+00  0.000E+00  0.000E+00  0.000E+00  0.229E+01  0.000E+00  0.000E+00  0.000E+00  0.000E+00  0.000E+00  0.000E+00  0.000E+00
        60.7481  0.000E+00  0.278E-03  0.000E+00  0.000E+00  0.000E+00  0.000E+00  0.000E+00  0.000E+00  0.263E+01  0.000E+00  0.000E+00  0.000E+00  0.000E+00  0.000E+00  0.000E+00  0.000E+00
        60.9729  0.000E+00  0.278E-03  0.000E+00  0.000E+00  0.000E+00  0.000E+00  0.000E+00  0.000E+00  0.308E+01  0.000E+00  0.000E+00  0.000E+00  0.000E+00  0.000E+00  0.000E+00  0.000E+00
        61.2652  0.000E+00  0.278E-03  0.000E+00  0.000E+00  0.000E+00  0.000E+00  0.000E+00  0.000E+00  0.368E+01  0.000E+00  0.000E+00  0.000E+00  0.000E+00  0.000E+00  0.000E+00  0.000E+00
        61.6452  0.000E+00  0.278E-03  0.000E+00  0.000E+00  0.000E+00  0.000E+00  0.000E+00  0.000E+00  0.438E+01  0.000E+00  0.000E+00  0.000E+00  0.000E+00  0.000E+00  0.000E+00  0.000E+00
        62.1391  0.000E+00  0.278E-03  0.000E+00  0.000E+00  0.000E+00  0.000E+00  0.000E+00  0.000E+00  0.506E+01  0.000E+00  0.000E+00  0.000E+00  0.000E+00  0.000E+00  0.000E+00  0.000E+00
        62.6331  0.000E+00  0.278E-03  0.000E+00  0.000E+00  0.000E+00  0.000E+00  0.000E+00  0.000E+00  0.547E+01  0.000E+00  0.000E+00  0.000E+00  0.000E+00  0.000E+00  0.000E+00  0.000E+00
        63.1270  0.000E+00  0.278E-03  0.000E+00  0.000E+00  0.000E+00  0.000E+00  0.000E+00  0.000E+00  0.552E+01  0.000E+00  0.000E+00  0.000E+00  0.000E+00  0.000E+00  0.000E+00  0.000E+00
        63.6210  0.000E+00  0.278E-03  0.000E+00  0.000E+00  0.000E+00  0.000E+00  0.000E+00  0.000E+00  0.541E+01  0.000E+00  0.000E+00  0.000E+00  0.000E+00  0.000E+00  0.000E+00  0.000E+00
        64.2631  0.000E+00  0.278E-03  0.000E+00  0.000E+00  0.000E+00  0.000E+00  0.000E+00  0.000E+00  0.524E+01  0.000E+00  0.000E+00  0.000E+00  0.000E+00  0.000E+00  0.000E+00  0.000E+00
        64.9052  0.000E+00  0.278E-03  0.000E+00  0.000E+00  0.000E+00  0.000E+00  0.000E+00  0.000E+00  0.483E+01  0.000E+00  0.000E+00  0.000E+00  0.000E+00  0.000E+00  0.000E+00  0.000E+00
        65.5474  0.000E+00  0.278E-03  0.000E+00  0.000E+00  0.000E+00  0.000E+00  0.000E+00  0.000E+00  0.447E+01  0.000E+00  0.000E+00  0.000E+00  0.000E+00  0.000E+00  0.000E+00  0.000E+00
        66.3821  0.000E+00  0.278E-03  0.000E+00  0.000E+00  0.000E+00  0.000E+00  0.000E+00  0.000E+00  0.412E+01  0.000E+00  0.000E+00  0.000E+00  0.000E+00  0.000E+00  0.000E+00  0.000E+00
        67.2169  0.000E+00  0.278E-03  0.000E+00  0.000E+00  0.000E+00  0.000E+00  0.000E+00  0.000E+00  0.360E+01  0.000E+00  0.000E+00  0.000E+00  0.000E+00  0.000E+00  0.000E+00  0.000E+00
        68.3021  0.000E+00  0.278E-03  0.000E+00  0.000E+00  0.000E+00  0.000E+00  0.000E+00  0.000E+00  0.322E+01  0.000E+00  0.000E+00  0.000E+00  0.000E+00  0.000E+00  0.000E+00  0.000E+00
        69.3873  0.000E+00  0.278E-03  0.000E+00  0.000E+00  0.000E+00  0.000E+00  0.000E+00  0.000E+00  0.269E+01  0.000E+00  0.000E+00  0.000E+00  0.000E+00  0.000E+00  0.000E+00  0.000E+00
        70.4725  0.000E+00  0.278E-03  0.000E+00  0.000E+00  0.000E+00  0.000E+00  0.000E+00  0.000E+00  0.231E+01  0.000E+00  0.000E+00  0.000E+00  0.000E+00  0.000E+00  0.000E+00  0.000E+00
        71.5577  0.000E+00  0.278E-03  0.000E+00  0.000E+00  0.000E+00  0.000E+00  0.000E+00  0.000E+00  0.199E+01  0.000E+00  0.000E+00  0.000E+00  0.000E+00  0.000E+00  0.000E+00  0.000E+00
        72.9685  0.000E+00  0.278E-03  0.000E+00  0.000E+00  0.000E+00  0.000E+00  0.000E+00  0.000E+00  0.172E+01  0.000E+00  0.000E+00  0.000E+00  0.000E+00  0.000E+00  0.000E+00  0.000E+00
        74.3792  0.000E+00  0.278E-03  0.000E+00  0.000E+00  0.000E+00  0.000E+00  0.000E+00  0.000E+00  0.139E+01  0.000E+00  0.000E+00  0.000E+00  0.000E+00  0.000E+00  0.000E+00  0.000E+00
        76.2132  0.000E+00  0.278E-03  0.000E+00  0.000E+00  0.000E+00  0.000E+00  0.000E+00  0.000E+00  0.117E+01  0.000E+00  0.000E+00  0.000E+00  0.000E+00  0.000E+00  0.000E+00  0.000E+00
        78.0472  0.000E+00  0.278E-03  0.000E+00  0.000E+00  0.000E+00  0.000E+00  0.000E+00  0.000E+00  0.904E+00  0.000E+00  0.000E+00  0.000E+00  0.000E+00  0.000E+00  0.000E+00  0.000E+00
        79.8812  0.000E+00  0.278E-03  0.000E+00  0.000E+00  0.000E+00  0.000E+00  0.000E+00  0.000E+00  0.728E+00  0.000E+00  0.000E+00  0.000E+00  0.000E+00  0.000E+00  0.000E+00  0.000E+00
        82.2654  0.000E+00  0.278E-03  0.000E+00  0.000E+00  0.000E+00  0.000E+00  0.000E+00  0.000E+00  0.594E+00  0.000E+00  0.000E+00  0.000E+00  0.000E+00  0.000E+00  0.000E+00  0.000E+00
        84.6496  0.000E+00  0.278E-03  0.000E+00  0.000E+00  0.000E+00  0.000E+00  0.000E+00  0.000E+00  0.447E+00  0.000E+00  0.000E+00  0.000E+00  0.000E+00  0.000E+00  0.000E+00  0.000E+00
        87.0338  0.000E+00  0.278E-03  0.000E+00  0.000E+00  0.000E+00  0.000E+00  0.000E+00  0.000E+00  0.351E+00  0.000E+00  0.000E+00  0.000E+00  0.000E+00  0.000E+00  0.000E+00  0.000E+00
        90.1333  0.000E+00  0.278E-03  0.000E+00  0.000E+00  0.000E+00  0.000E+00  0.000E+00  0.000E+00  0.281E+00  0.000E+00  0.000E+00  0.000E+00  0.000E+00  0.000E+00  0.000E+00  0.000E+00
        93.1199  0.000E+00  0.278E-03  0.000E+00  0.000E+00  0.000E+00  0.000E+00  0.000E+00  0.000E+00  0.210E+00  0.000E+00  0.000E+00  0.000E+00  0.000E+00  0.000E+00  0.000E+00  0.000E+00
        96.9599  0.000E+00  0.278E-03  0.000E+00  0.000E+00  0.000E+00  0.000E+00  0.000E+00  0.000E+00  0.165E+00  0.000E+00  0.000E+00  0.000E+00  0.000E+00  0.000E+00  0.000E+00  0.000E+00
       100.8000  0.000E+00  0.278E-03  0.000E+00  0.000E+00  0.000E+00  0.000E+00  0.000E+00  0.000E+00  0.124E+00  0.000E+00  0.000E+00  0.000E+00  0.000E+00  0.000E+00  0.000E+00  0.000E+00
       104.6400  0.000E+00  0.278E-03  0.000E+00  0.000E+00  0.000E+00  0.000E+00  0.000E+00  0.000E+00  0.965E-01  0.000E+00  0.000E+00  0.000E+00  0.000E+00  0.000E+00  0.000E+00  0.000E+00
       109.7600  0.000E+00  0.278E-03  0.000E+00  0.000E+00  0.000E+00  0.000E+00  0.000E+00  0.000E+00  0.772E-01  0.000E+00  0.000E+00  0.000E+00  0.000E+00  0.000E+00  0.000E+00  0.000E+00
       114.8800  0.000E+00  0.278E-03  0.000E+00  0.000E+00  0.000E+00  0.000E+00  0.000E+00  0.000E+00  0.591E-01  0.000E+00  0.000E+00  0.000E+00  0.000E+00  0.000E+00  0.000E+00  0.000E+00
       120.0000  0.000E+00  0.278E-03  0.000E+00  0.000E+00  0.000E+00  0.000E+00  0.000E+00  0.000E+00  0.473E-01  0.000E+00  0.000E+00  0.000E+00  0.000E+00  0.000E+00  0.000E+00  0.000E+00
       125.2381  0.000E+00  0.278E-03  0.000E+00  0.000E+00  0.000E+00  0.000E+00  0.000E+00  0.000E+00  0.391E-01  0.000E+00  0.000E+00  0.000E+00  0.000E+00  0.000E+00  0.000E+00  0.000E+00
       130.7143  0.000E+00  0.278E-03  0.000E+00  0.000E+00  0.000E+00  0.000E+00  0.000E+00  0.000E+00  0.330E-01  0.000E+00  0.000E+00  0.000E+00  0.000E+00  0.000E+00  0.000E+00  0.000E+00
       136.1905  0.000E+00  0.278E-03  0.000E+00  0.000E+00  0.000E+00  0.000E+00  0.000E+00  0.000E+00  0.284E-01  0.000E+00  0.000E+00  0.000E+00  0.000E+00  0.000E+00  0.000E+00  0.000E+00
       141.6667  0.000E+00  0.278E-03  0.000E+00  0.000E+00  0.000E+00  0.000E+00  0.000E+00  0.000E+00  0.250E-01  0.000E+00  0.000E+00  0.000E+00  0.000E+00  0.000E+00  0.000E+00  0.000E+00
       148.0555  0.000E+00  0.278E-03  0.000E+00  0.000E+00  0.000E+00  0.000E+00  0.000E+00  0.000E+00  0.224E-01  0.000E+00  0.000E+00  0.000E+00  0.000E+00  0.000E+00  0.000E+00  0.000E+00
       156.0417  0.000E+00  0.278E-03  0.000E+00  0.000E+00  0.000E+00  0.000E+00  0.000E+00  0.000E+00  0.202E-01  0.000E+00  0.000E+00  0.000E+00  0.000E+00  0.000E+00  0.000E+00  0.000E+00
       168.0208  0.000E+00  0.278E-03  0.000E+00  0.000E+00  0.000E+00  0.000E+00  0.000E+00  0.000E+00  0.183E-01  0.000E+00  0.000E+00  0.000E+00  0.000E+00  0.000E+00  0.000E+00  0.000E+00
       180.0000  0.000E+00  0.278E-03  0.000E+00  0.000E+00  0.000E+00  0.000E+00  0.000E+00  0.000E+00  0.164E-01  0.000E+00  0.000E+00  0.000E+00  0.000E+00  0.000E+00  0.000E+00  0.000E+00
       195.0000  0.000E+00  0.278E-03  0.000E+00  0.000E+00  0.000E+00  0.000E+00  0.000E+00  0.000E+00  0.153E-01  0.000E+00  0.000E+00  0.000E+00  0.000E+00  0.000E+00  0.000E+00  0.000E+00
       217.5000  0.000E+00  0.278E-03  0.000E+00  0.000E+00  0.000E+00  0.000E+00  0.000E+00  0.000E+00  0.145E-01  0.000E+00  0.000E+00  0.000E+00  0.000E+00  0.000E+00  0.000E+00  0.000E+00
       240.0000  0.000E+00  0.278E-03  0.000E+00  0.000E+00  0.000E+00  0.000E+00  0.000E+00  0.000E+00  0.138E-01  0.000E+00  0.000E+00  0.000E+00  0.000E+00  0.000E+00  0.000E+00  0.000E+00
       266.0000  0.000E+00  0.278E-03  0.000E+00  0.000E+00  0.000E+00  0.000E+00  0.000E+00  0.000E+00  0.132E-01  0.000E+00  0.000E+00  0.000E+00  0.000E+00  0.000E+00  0.000E+00  0.000E+00
       299.4286  0.000E+00  0.278E-03  0.000E+00  0.000E+00  0.000E+00  0.000E+00  0.000E+00  0.000E+00  0.127E-01  0.000E+00  0.000E+00  0.000E+00  0.000E+00  0.000E+00  0.000E+00  0.000E+00
       339.5429  0.000E+00  0.278E-03  0.000E+00  0.000E+00  0.000E+00  0.000E+00  0.000E+00  0.000E+00  0.120E-01  0.000E+00  0.000E+00  0.000E+00  0.000E+00  0.000E+00  0.000E+00  0.000E+00
       393.0286  0.000E+00  0.278E-03  0.000E+00  0.000E+00  0.000E+00  0.000E+00  0.000E+00  0.000E+00  0.113E-01  0.000E+00  0.000E+00  0.000E+00  0.000E+00  0.000E+00  0.000E+00  0.000E+00
       500.0000  0.000E+00  0.278E-03  0.000E+00  0.000E+00  0.000E+00  0.000E+00  0.000E+00  0.000E+00  0.106E-01  0.000E+00  0.000E+00  0.000E+00  0.000E+00  0.000E+00  0.000E+00  0.000E+00
       573.3333  0.000E+00  0.278E-03  0.000E+00  0.000E+00  0.000E+00  0.000E+00  0.000E+00  0.000E+00  0.106E-01  0.000E+00  0.000E+00  0.000E+00  0.000E+00  0.000E+00  0.000E+00  0.000E+00
       646.6667  0.000E+00  0.278E-03  0.000E+00  0.000E+00  0.000E+00  0.000E+00  0.000E+00  0.000E+00  0.115E-01  0.000E+00  0.000E+00  0.000E+00  0.000E+00  0.000E+00  0.000E+00  0.000E+00
       720.0000  0.000E+00  0.278E-03  0.000E+00  0.000E+00  0.000E+00  0.000E+00  0.000E+00  0.000E+00  0.134E-01  0.000E+00  0.000E+00  0.000E+00  0.000E+00  0.000E+00  0.000E+00  0.000E+00
       840.0000  0.000E+00  0.278E-03  0.000E+00  0.000E+00  0.000E+00  0.000E+00  0.000E+00  0.000E+00  0.163E-01  0.000E+00  0.000E+00  0.000E+00  0.000E+00  0.000E+00  0.000E+00  0.000E+00
       960.0000  0.000E+00  0.278E-03  0.000E+00  0.000E+00  0.000E+00  0.000E+00  0.000E+00  0.000E+00  0.234E-01  0.000E+00  0.000E+00  0.000E+00  0.000E+00  0.000E+00  0.000E+00  0.000E+00
      1120.0000  0.000E+00  0.278E-03  0.000E+00  0.000E+00  0.000E+00  0.000E+00  0.000E+00  0.000E+00  0.313E-01  0.000E+00  0.000E+00  0.000E+00  0.000E+00  0.000E+00  0.000E+00  0.000E+00
      1280.0000  0.000E+00  0.278E-03  0.000E+00  0.000E+00  0.000E+00  0.000E+00  0.000E+00  0.000E+00  0.426E-01  0.000E+00  0.000E+00  0.000E+00  0.000E+00  0.000E+00  0.000E+00  0.000E+00
      1440.0000  0.000E+00  0.278E-03  0.000E+00  0.000E+00  0.000E+00  0.000E+00  0.000E+00  0.000E+00  0.526E-01  0.000E+00  0.000E+00  0.000E+00  0.000E+00  0.000E+00  0.000E+00  0.000E+00
      1680.0000  0.000E+00  0.278E-03  0.000E+00  0.000E+00  0.000E+00  0.000E+00  0.000E+00  0.000E+00  0.603E-01  0.000E+00  0.000E+00  0.000E+00  0.000E+00  0.000E+00  0.000E+00  0.000E+00
      2160.0000  0.000E+00  0.278E-03  0.000E+00  0.000E+00  0.000E+00  0.000E+00  0.000E+00  0.000E+00  0.685E-01  0.000E+00  0.000E+00  0.000E+00  0.000E+00  0.000E+00  0.000E+00  0.000E+00
      2520.0000  0.000E+00  0.278E-03  0.000E+00  0.000E+00  0.000E+00  0.000E+00  0.000E+00  0.000E+00  0.744E-01  0.000E+00  0.000E+00  0.000E+00  0.000E+00  0.000E+00  0.000E+00  0.000E+00
      2880.0000  0.000E+00  0.278E-03  0.000E+00  0.000E+00  0.000E+00  0.000E+00  0.000E+00  0.000E+00  0.732E-01  0.000E+00  0.000E+00  0.000E+00  0.000E+00  0.000E+00  0.000E+00  0.000E+00
end
