 Welcome to HYDRUS                                                       
 
 Program HYDRUS3
 Date:  12.11.2019    Time:  13:45:22
 Time dependent boundary conditions
 
 Units: L = cm   , T = min  , M = mmol 
 

----------------------------------------------------------
 Time       [T] 0.00000000E+00
----------------------------------------------------------
 Sub-region num.                     1
----------------------------------------------------------
 Volume  [L3]        0.37804E+05  0.37804E+05
 VolumeW [L3]        0.56700E+04  0.56702E+04
 InFlow  [L3/T]      0.00000E+00  0.00000E+00
 hMean   [L]        -0.14192E+04    -1419.157
----------------------------------------------------------

----------------------------------------------------------
 Time       [T]        5.0000
----------------------------------------------------------
 Sub-region num.                     1
----------------------------------------------------------
 Volume  [L3]        0.37804E+05  0.37804E+05
 VolumeW [L3]        0.60082E+04  0.60078E+04
 InFlow  [L3/T]      0.67482E+02  0.67482E+02
 hMean   [L]        -0.46518E+03     -465.180
 WatBalT [L3]        0.76695E+00
 WatBalR [%]               0.087
----------------------------------------------------------

----------------------------------------------------------
 Time       [T]       15.0000
----------------------------------------------------------
 Sub-region num.                     1
----------------------------------------------------------
 Volume  [L3]        0.37804E+05  0.37804E+05
 VolumeW [L3]        0.66831E+04  0.66832E+04
 InFlow  [L3/T]      0.67487E+02  0.67487E+02
 hMean   [L]        -0.38031E+03     -380.315
 WatBalT [L3]        0.72489E+00
 WatBalR [%]               0.043
----------------------------------------------------------

----------------------------------------------------------
 Time       [T]       30.0000
----------------------------------------------------------
 Sub-region num.                     1
----------------------------------------------------------
 Volume  [L3]        0.37804E+05  0.37804E+05
 VolumeW [L3]        0.76956E+04  0.76960E+04
 InFlow  [L3/T]      0.67500E+02  0.67500E+02
 hMean   [L]        -0.26477E+03     -264.766
 WatBalT [L3]        0.74317E+00
 WatBalR [%]               0.028
----------------------------------------------------------

----------------------------------------------------------
 Time       [T]       60.0000
----------------------------------------------------------
 Sub-region num.                     1
----------------------------------------------------------
 Volume  [L3]        0.37804E+05  0.37804E+05
 VolumeW [L3]        0.97205E+04  0.97213E+04
 InFlow  [L3/T]      0.67487E+02  0.67487E+02
 hMean   [L]        -0.93056E+02      -93.056
 WatBalT [L3]        0.65117E+00
 WatBalR [%]               0.014
----------------------------------------------------------

----------------------------------------------------------
 Time       [T]      120.0000
----------------------------------------------------------
 Sub-region num.                     1
----------------------------------------------------------
 Volume  [L3]        0.37804E+05  0.37804E+05
 VolumeW [L3]        0.97084E+04  0.97093E+04
 InFlow  [L3/T]     -0.85452E-02 -0.85452E-02
 hMean   [L]        -0.26315E+02      -26.315
 WatBalT [L3]        0.17356E+00
 WatBalR [%]               0.004
----------------------------------------------------------

----------------------------------------------------------
 Time       [T]      180.0000
----------------------------------------------------------
 Sub-region num.                     1
----------------------------------------------------------
 Volume  [L3]        0.37804E+05  0.37804E+05
 VolumeW [L3]        0.97082E+04  0.97079E+04
 InFlow  [L3/T]     -0.12804E-02 -0.12804E-02
 hMean   [L]        -0.22465E+02      -22.465
 WatBalT [L3]        0.19225E+00
 WatBalR [%]               0.004
----------------------------------------------------------

----------------------------------------------------------
 Time       [T]      240.0000
----------------------------------------------------------
 Sub-region num.                     1
----------------------------------------------------------
 Volume  [L3]        0.37804E+05  0.37804E+05
 VolumeW [L3]        0.97082E+04  0.97081E+04
 InFlow  [L3/T]     -0.26616E-03 -0.26616E-03
 hMean   [L]        -0.22267E+02      -22.267
 WatBalT [L3]        0.24719E+00
 WatBalR [%]               0.005
----------------------------------------------------------

----------------------------------------------------------
 Time       [T]      500.0000
----------------------------------------------------------
 Sub-region num.                     1
----------------------------------------------------------
 Volume  [L3]        0.37804E+05  0.37804E+05
 VolumeW [L3]        0.97082E+04  0.97081E+04
 InFlow  [L3/T]     -0.54608E-03 -0.54608E-03
 hMean   [L]        -0.23748E+02      -23.748
 WatBalT [L3]        0.45849E+00
 WatBalR [%]               0.010
----------------------------------------------------------

----------------------------------------------------------
 Time       [T]      720.0000
----------------------------------------------------------
 Sub-region num.                     1
----------------------------------------------------------
 Volume  [L3]        0.37804E+05  0.37804E+05
 VolumeW [L3]        0.97080E+04  0.97080E+04
 InFlow  [L3/T]     -0.80298E-03 -0.80298E-03
 hMean   [L]        -0.24542E+02      -24.542
 WatBalT [L3]        0.48199E+00
 WatBalR [%]               0.011
----------------------------------------------------------

----------------------------------------------------------
 Time       [T]     1440.0000
----------------------------------------------------------
 Sub-region num.                     1
----------------------------------------------------------
 Volume  [L3]        0.37804E+05  0.37804E+05
 VolumeW [L3]        0.97076E+04  0.97076E+04
 InFlow  [L3/T]     -0.52351E-03 -0.52351E-03
 hMean   [L]        -0.25550E+02      -25.550
 WatBalT [L3]        0.51083E+00
 WatBalR [%]               0.011
----------------------------------------------------------

----------------------------------------------------------
 Time       [T]     2160.0000
----------------------------------------------------------
 Sub-region num.                     1
----------------------------------------------------------
 Volume  [L3]        0.37804E+05  0.37804E+05
 VolumeW [L3]        0.97076E+04  0.97077E+04
 InFlow  [L3/T]      0.57980E-03  0.57980E-03
 hMean   [L]        -0.25778E+02      -25.778
 WatBalT [L3]        0.91692E+00
 WatBalR [%]               0.020
----------------------------------------------------------

----------------------------------------------------------
 Time       [T]     2880.0000
----------------------------------------------------------
 Sub-region num.                     1
----------------------------------------------------------
 Volume  [L3]        0.37804E+05  0.37804E+05
 VolumeW [L3]        0.97075E+04  0.97077E+04
 InFlow  [L3/T]     -0.19268E-03 -0.19268E-03
 hMean   [L]        -0.25838E+02      -25.838
 WatBalT [L3]        0.12017E+01
 WatBalR [%]               0.026
----------------------------------------------------------
 
 Calculation time [sec]   51.0300000011921     
