 FileVersion=0003
 Welcome to HYDRUS                                                       
 
 Program HYDRUS3
 Date:  12.11.2019    Time:  13:45:22
 Time dependent boundary conditions
 
 Units: L = cm   , T = min  , M = mmol 
 
 All cumulative fluxes (CumQ) are positive out of the region
          Time     CumQAP      CumQRP     CumQA      CumQR     CumQ3       CumQ1      CumQS      CumQ5      CumQ6      CumQ7      CumQ8      CumQ9     CRunOff    cEvapor   cInfiltr
           [T]      [L3]        [L3]       [L3]       [L3]      [L3]        [L3]       [L3]       [L3]       [L3]       [L3]       [L3]       [L3]       [L3]       [L3]       [L3]

         0.0010  0.000E+00  0.000E+00  0.000E+00  0.000E+00 -0.675E-01  0.000E+00  0.000E+00  0.000E+00  0.188E-03  0.000E+00  0.000E+00  0.000E+00  0.000E+00  0.000E+00  0.000E+00
         0.0020  0.000E+00  0.000E+00  0.000E+00  0.000E+00 -0.135E+00  0.000E+00  0.000E+00  0.000E+00  0.371E-03  0.000E+00  0.000E+00  0.000E+00  0.000E+00  0.000E+00  0.000E+00
         0.0033  0.000E+00  0.000E+00  0.000E+00  0.000E+00 -0.223E+00  0.000E+00  0.000E+00  0.000E+00  0.601E-03  0.000E+00  0.000E+00  0.000E+00  0.000E+00  0.000E+00  0.000E+00
         0.0050  0.000E+00  0.000E+00  0.000E+00  0.000E+00 -0.337E+00  0.000E+00  0.000E+00  0.000E+00  0.889E-03  0.000E+00  0.000E+00  0.000E+00  0.000E+00  0.000E+00  0.000E+00
         0.0072  0.000E+00  0.000E+00  0.000E+00  0.000E+00 -0.485E+00  0.000E+00  0.000E+00  0.000E+00  0.125E-02  0.000E+00  0.000E+00  0.000E+00  0.000E+00  0.000E+00  0.000E+00
         0.0100  0.000E+00  0.000E+00  0.000E+00  0.000E+00 -0.678E+00  0.000E+00  0.000E+00  0.000E+00  0.169E-02  0.000E+00  0.000E+00  0.000E+00  0.000E+00  0.000E+00  0.000E+00
         0.0138  0.000E+00  0.000E+00  0.000E+00  0.000E+00 -0.929E+00  0.000E+00  0.000E+00  0.000E+00  0.222E-02  0.000E+00  0.000E+00  0.000E+00  0.000E+00  0.000E+00  0.000E+00
         0.0186  0.000E+00  0.000E+00  0.000E+00  0.000E+00 -0.125E+01  0.000E+00  0.000E+00  0.000E+00  0.288E-02  0.000E+00  0.000E+00  0.000E+00  0.000E+00  0.000E+00  0.000E+00
         0.0249  0.000E+00  0.000E+00  0.000E+00  0.000E+00 -0.168E+01  0.000E+00  0.000E+00  0.000E+00  0.366E-02  0.000E+00  0.000E+00  0.000E+00  0.000E+00  0.000E+00  0.000E+00
         0.0330  0.000E+00  0.000E+00  0.000E+00  0.000E+00 -0.223E+01  0.000E+00  0.000E+00  0.000E+00  0.459E-02  0.000E+00  0.000E+00  0.000E+00  0.000E+00  0.000E+00  0.000E+00
         0.0436  0.000E+00  0.000E+00  0.000E+00  0.000E+00 -0.294E+01  0.000E+00  0.000E+00  0.000E+00  0.570E-02  0.000E+00  0.000E+00  0.000E+00  0.000E+00  0.000E+00  0.000E+00
         0.0574  0.000E+00  0.000E+00  0.000E+00  0.000E+00 -0.387E+01  0.000E+00  0.000E+00  0.000E+00  0.699E-02  0.000E+00  0.000E+00  0.000E+00  0.000E+00  0.000E+00  0.000E+00
         0.0712  0.000E+00  0.000E+00  0.000E+00  0.000E+00 -0.481E+01  0.000E+00  0.000E+00  0.000E+00  0.816E-02  0.000E+00  0.000E+00  0.000E+00  0.000E+00  0.000E+00  0.000E+00
         0.0850  0.000E+00  0.000E+00  0.000E+00  0.000E+00 -0.574E+01  0.000E+00  0.000E+00  0.000E+00  0.921E-02  0.000E+00  0.000E+00  0.000E+00  0.000E+00  0.000E+00  0.000E+00
         0.0988  0.000E+00  0.000E+00  0.000E+00  0.000E+00 -0.667E+01  0.000E+00  0.000E+00  0.000E+00  0.102E-01  0.000E+00  0.000E+00  0.000E+00  0.000E+00  0.000E+00  0.000E+00
         0.1125  0.000E+00  0.000E+00  0.000E+00  0.000E+00 -0.760E+01  0.000E+00  0.000E+00  0.000E+00  0.111E-01  0.000E+00  0.000E+00  0.000E+00  0.000E+00  0.000E+00  0.000E+00
         0.1263  0.000E+00  0.000E+00  0.000E+00  0.000E+00 -0.853E+01  0.000E+00  0.000E+00  0.000E+00  0.119E-01  0.000E+00  0.000E+00  0.000E+00  0.000E+00  0.000E+00  0.000E+00
         0.1401  0.000E+00  0.000E+00  0.000E+00  0.000E+00 -0.946E+01  0.000E+00  0.000E+00  0.000E+00  0.128E-01  0.000E+00  0.000E+00  0.000E+00  0.000E+00  0.000E+00  0.000E+00
         0.1539  0.000E+00  0.000E+00  0.000E+00  0.000E+00 -0.104E+02  0.000E+00  0.000E+00  0.000E+00  0.135E-01  0.000E+00  0.000E+00  0.000E+00  0.000E+00  0.000E+00  0.000E+00
         0.1677  0.000E+00  0.000E+00  0.000E+00  0.000E+00 -0.113E+02  0.000E+00  0.000E+00  0.000E+00  0.142E-01  0.000E+00  0.000E+00  0.000E+00  0.000E+00  0.000E+00  0.000E+00
         0.1856  0.000E+00  0.000E+00  0.000E+00  0.000E+00 -0.125E+02  0.000E+00  0.000E+00  0.000E+00  0.152E-01  0.000E+00  0.000E+00  0.000E+00  0.000E+00  0.000E+00  0.000E+00
         0.2035  0.000E+00  0.000E+00  0.000E+00  0.000E+00 -0.137E+02  0.000E+00  0.000E+00  0.000E+00  0.160E-01  0.000E+00  0.000E+00  0.000E+00  0.000E+00  0.000E+00  0.000E+00
         0.2215  0.000E+00  0.000E+00  0.000E+00  0.000E+00 -0.149E+02  0.000E+00  0.000E+00  0.000E+00  0.168E-01  0.000E+00  0.000E+00  0.000E+00  0.000E+00  0.000E+00  0.000E+00
         0.2394  0.000E+00  0.000E+00  0.000E+00  0.000E+00 -0.162E+02  0.000E+00  0.000E+00  0.000E+00  0.176E-01  0.000E+00  0.000E+00  0.000E+00  0.000E+00  0.000E+00  0.000E+00
         0.2573  0.000E+00  0.000E+00  0.000E+00  0.000E+00 -0.174E+02  0.000E+00  0.000E+00  0.000E+00  0.184E-01  0.000E+00  0.000E+00  0.000E+00  0.000E+00  0.000E+00  0.000E+00
         0.2806  0.000E+00  0.000E+00  0.000E+00  0.000E+00 -0.189E+02  0.000E+00  0.000E+00  0.000E+00  0.193E-01  0.000E+00  0.000E+00  0.000E+00  0.000E+00  0.000E+00  0.000E+00
         0.3039  0.000E+00  0.000E+00  0.000E+00  0.000E+00 -0.205E+02  0.000E+00  0.000E+00  0.000E+00  0.202E-01  0.000E+00  0.000E+00  0.000E+00  0.000E+00  0.000E+00  0.000E+00
         0.3272  0.000E+00  0.000E+00  0.000E+00  0.000E+00 -0.221E+02  0.000E+00  0.000E+00  0.000E+00  0.211E-01  0.000E+00  0.000E+00  0.000E+00  0.000E+00  0.000E+00  0.000E+00
         0.3505  0.000E+00  0.000E+00  0.000E+00  0.000E+00 -0.237E+02  0.000E+00  0.000E+00  0.000E+00  0.219E-01  0.000E+00  0.000E+00  0.000E+00  0.000E+00  0.000E+00  0.000E+00
         0.3738  0.000E+00  0.000E+00  0.000E+00  0.000E+00 -0.252E+02  0.000E+00  0.000E+00  0.000E+00  0.227E-01  0.000E+00  0.000E+00  0.000E+00  0.000E+00  0.000E+00  0.000E+00
         0.3971  0.000E+00  0.000E+00  0.000E+00  0.000E+00 -0.268E+02  0.000E+00  0.000E+00  0.000E+00  0.235E-01  0.000E+00  0.000E+00  0.000E+00  0.000E+00  0.000E+00  0.000E+00
         0.4204  0.000E+00  0.000E+00  0.000E+00  0.000E+00 -0.284E+02  0.000E+00  0.000E+00  0.000E+00  0.243E-01  0.000E+00  0.000E+00  0.000E+00  0.000E+00  0.000E+00  0.000E+00
         0.4437  0.000E+00  0.000E+00  0.000E+00  0.000E+00 -0.299E+02  0.000E+00  0.000E+00  0.000E+00  0.250E-01  0.000E+00  0.000E+00  0.000E+00  0.000E+00  0.000E+00  0.000E+00
         0.4740  0.000E+00  0.000E+00  0.000E+00  0.000E+00 -0.320E+02  0.000E+00  0.000E+00  0.000E+00  0.259E-01  0.000E+00  0.000E+00  0.000E+00  0.000E+00  0.000E+00  0.000E+00
         0.5043  0.000E+00  0.000E+00  0.000E+00  0.000E+00 -0.340E+02  0.000E+00  0.000E+00  0.000E+00  0.268E-01  0.000E+00  0.000E+00  0.000E+00  0.000E+00  0.000E+00  0.000E+00
         0.5345  0.000E+00  0.000E+00  0.000E+00  0.000E+00 -0.361E+02  0.000E+00  0.000E+00  0.000E+00  0.277E-01  0.000E+00  0.000E+00  0.000E+00  0.000E+00  0.000E+00  0.000E+00
         0.5648  0.000E+00  0.000E+00  0.000E+00  0.000E+00 -0.381E+02  0.000E+00  0.000E+00  0.000E+00  0.285E-01  0.000E+00  0.000E+00  0.000E+00  0.000E+00  0.000E+00  0.000E+00
         0.5951  0.000E+00  0.000E+00  0.000E+00  0.000E+00 -0.402E+02  0.000E+00  0.000E+00  0.000E+00  0.294E-01  0.000E+00  0.000E+00  0.000E+00  0.000E+00  0.000E+00  0.000E+00
         0.6254  0.000E+00  0.000E+00  0.000E+00  0.000E+00 -0.422E+02  0.000E+00  0.000E+00  0.000E+00  0.302E-01  0.000E+00  0.000E+00  0.000E+00  0.000E+00  0.000E+00  0.000E+00
         0.6557  0.000E+00  0.000E+00  0.000E+00  0.000E+00 -0.443E+02  0.000E+00  0.000E+00  0.000E+00  0.309E-01  0.000E+00  0.000E+00  0.000E+00  0.000E+00  0.000E+00  0.000E+00
         0.6860  0.000E+00  0.000E+00  0.000E+00  0.000E+00 -0.463E+02  0.000E+00  0.000E+00  0.000E+00  0.317E-01  0.000E+00  0.000E+00  0.000E+00  0.000E+00  0.000E+00  0.000E+00
         0.7163  0.000E+00  0.000E+00  0.000E+00  0.000E+00 -0.483E+02  0.000E+00  0.000E+00  0.000E+00  0.324E-01  0.000E+00  0.000E+00  0.000E+00  0.000E+00  0.000E+00  0.000E+00
         0.7466  0.000E+00  0.000E+00  0.000E+00  0.000E+00 -0.504E+02  0.000E+00  0.000E+00  0.000E+00  0.332E-01  0.000E+00  0.000E+00  0.000E+00  0.000E+00  0.000E+00  0.000E+00
         0.7768  0.000E+00  0.000E+00  0.000E+00  0.000E+00 -0.524E+02  0.000E+00  0.000E+00  0.000E+00  0.339E-01  0.000E+00  0.000E+00  0.000E+00  0.000E+00  0.000E+00  0.000E+00
         0.8071  0.000E+00  0.000E+00  0.000E+00  0.000E+00 -0.545E+02  0.000E+00  0.000E+00  0.000E+00  0.346E-01  0.000E+00  0.000E+00  0.000E+00  0.000E+00  0.000E+00  0.000E+00
         0.8374  0.000E+00  0.000E+00  0.000E+00  0.000E+00 -0.565E+02  0.000E+00  0.000E+00  0.000E+00  0.353E-01  0.000E+00  0.000E+00  0.000E+00  0.000E+00  0.000E+00  0.000E+00
         0.8677  0.000E+00  0.000E+00  0.000E+00  0.000E+00 -0.586E+02  0.000E+00  0.000E+00  0.000E+00  0.359E-01  0.000E+00  0.000E+00  0.000E+00  0.000E+00  0.000E+00  0.000E+00
         0.8980  0.000E+00  0.000E+00  0.000E+00  0.000E+00 -0.606E+02  0.000E+00  0.000E+00  0.000E+00  0.366E-01  0.000E+00  0.000E+00  0.000E+00  0.000E+00  0.000E+00  0.000E+00
         0.9283  0.000E+00  0.000E+00  0.000E+00  0.000E+00 -0.627E+02  0.000E+00  0.000E+00  0.000E+00  0.372E-01  0.000E+00  0.000E+00  0.000E+00  0.000E+00  0.000E+00  0.000E+00
         0.9677  0.000E+00  0.000E+00  0.000E+00  0.000E+00 -0.653E+02  0.000E+00  0.000E+00  0.000E+00  0.381E-01  0.000E+00  0.000E+00  0.000E+00  0.000E+00  0.000E+00  0.000E+00
         1.0070  0.000E+00  0.000E+00  0.000E+00  0.000E+00 -0.680E+02  0.000E+00  0.000E+00  0.000E+00  0.389E-01  0.000E+00  0.000E+00  0.000E+00  0.000E+00  0.000E+00  0.000E+00
         1.0464  0.000E+00  0.000E+00  0.000E+00  0.000E+00 -0.706E+02  0.000E+00  0.000E+00  0.000E+00  0.397E-01  0.000E+00  0.000E+00  0.000E+00  0.000E+00  0.000E+00  0.000E+00
         1.0858  0.000E+00  0.000E+00  0.000E+00  0.000E+00 -0.733E+02  0.000E+00  0.000E+00  0.000E+00  0.404E-01  0.000E+00  0.000E+00  0.000E+00  0.000E+00  0.000E+00  0.000E+00
         1.1252  0.000E+00  0.000E+00  0.000E+00  0.000E+00 -0.759E+02  0.000E+00  0.000E+00  0.000E+00  0.412E-01  0.000E+00  0.000E+00  0.000E+00  0.000E+00  0.000E+00  0.000E+00
         1.1645  0.000E+00  0.000E+00  0.000E+00  0.000E+00 -0.786E+02  0.000E+00  0.000E+00  0.000E+00  0.419E-01  0.000E+00  0.000E+00  0.000E+00  0.000E+00  0.000E+00  0.000E+00
         1.2039  0.000E+00  0.000E+00  0.000E+00  0.000E+00 -0.813E+02  0.000E+00  0.000E+00  0.000E+00  0.426E-01  0.000E+00  0.000E+00  0.000E+00  0.000E+00  0.000E+00  0.000E+00
         1.2433  0.000E+00  0.000E+00  0.000E+00  0.000E+00 -0.839E+02  0.000E+00  0.000E+00  0.000E+00  0.434E-01  0.000E+00  0.000E+00  0.000E+00  0.000E+00  0.000E+00  0.000E+00
         1.2826  0.000E+00  0.000E+00  0.000E+00  0.000E+00 -0.866E+02  0.000E+00  0.000E+00  0.000E+00  0.441E-01  0.000E+00  0.000E+00  0.000E+00  0.000E+00  0.000E+00  0.000E+00
         1.3220  0.000E+00  0.000E+00  0.000E+00  0.000E+00 -0.892E+02  0.000E+00  0.000E+00  0.000E+00  0.448E-01  0.000E+00  0.000E+00  0.000E+00  0.000E+00  0.000E+00  0.000E+00
         1.3614  0.000E+00  0.000E+00  0.000E+00  0.000E+00 -0.919E+02  0.000E+00  0.000E+00  0.000E+00  0.454E-01  0.000E+00  0.000E+00  0.000E+00  0.000E+00  0.000E+00  0.000E+00
         1.4008  0.000E+00  0.000E+00  0.000E+00  0.000E+00 -0.946E+02  0.000E+00  0.000E+00  0.000E+00  0.461E-01  0.000E+00  0.000E+00  0.000E+00  0.000E+00  0.000E+00  0.000E+00
         1.4401  0.000E+00  0.000E+00  0.000E+00  0.000E+00 -0.972E+02  0.000E+00  0.000E+00  0.000E+00  0.467E-01  0.000E+00  0.000E+00  0.000E+00  0.000E+00  0.000E+00  0.000E+00
         1.4795  0.000E+00  0.000E+00  0.000E+00  0.000E+00 -0.999E+02  0.000E+00  0.000E+00  0.000E+00  0.474E-01  0.000E+00  0.000E+00  0.000E+00  0.000E+00  0.000E+00  0.000E+00
         1.5189  0.000E+00  0.000E+00  0.000E+00  0.000E+00 -0.103E+03  0.000E+00  0.000E+00  0.000E+00  0.480E-01  0.000E+00  0.000E+00  0.000E+00  0.000E+00  0.000E+00  0.000E+00
         1.5701  0.000E+00  0.000E+00  0.000E+00  0.000E+00 -0.106E+03  0.000E+00  0.000E+00  0.000E+00  0.488E-01  0.000E+00  0.000E+00  0.000E+00  0.000E+00  0.000E+00  0.000E+00
         1.6213  0.000E+00  0.000E+00  0.000E+00  0.000E+00 -0.109E+03  0.000E+00  0.000E+00  0.000E+00  0.496E-01  0.000E+00  0.000E+00  0.000E+00  0.000E+00  0.000E+00  0.000E+00
         1.6724  0.000E+00  0.000E+00  0.000E+00  0.000E+00 -0.113E+03  0.000E+00  0.000E+00  0.000E+00  0.504E-01  0.000E+00  0.000E+00  0.000E+00  0.000E+00  0.000E+00  0.000E+00
         1.7236  0.000E+00  0.000E+00  0.000E+00  0.000E+00 -0.116E+03  0.000E+00  0.000E+00  0.000E+00  0.512E-01  0.000E+00  0.000E+00  0.000E+00  0.000E+00  0.000E+00  0.000E+00
         1.7748  0.000E+00  0.000E+00  0.000E+00  0.000E+00 -0.120E+03  0.000E+00  0.000E+00  0.000E+00  0.519E-01  0.000E+00  0.000E+00  0.000E+00  0.000E+00  0.000E+00  0.000E+00
         1.8260  0.000E+00  0.000E+00  0.000E+00  0.000E+00 -0.123E+03  0.000E+00  0.000E+00  0.000E+00  0.526E-01  0.000E+00  0.000E+00  0.000E+00  0.000E+00  0.000E+00  0.000E+00
         1.8772  0.000E+00  0.000E+00  0.000E+00  0.000E+00 -0.127E+03  0.000E+00  0.000E+00  0.000E+00  0.534E-01  0.000E+00  0.000E+00  0.000E+00  0.000E+00  0.000E+00  0.000E+00
         1.9284  0.000E+00  0.000E+00  0.000E+00  0.000E+00 -0.130E+03  0.000E+00  0.000E+00  0.000E+00  0.541E-01  0.000E+00  0.000E+00  0.000E+00  0.000E+00  0.000E+00  0.000E+00
         1.9796  0.000E+00  0.000E+00  0.000E+00  0.000E+00 -0.134E+03  0.000E+00  0.000E+00  0.000E+00  0.548E-01  0.000E+00  0.000E+00  0.000E+00  0.000E+00  0.000E+00  0.000E+00
         2.0307  0.000E+00  0.000E+00  0.000E+00  0.000E+00 -0.137E+03  0.000E+00  0.000E+00  0.000E+00  0.554E-01  0.000E+00  0.000E+00  0.000E+00  0.000E+00  0.000E+00  0.000E+00
         2.0973  0.000E+00  0.000E+00  0.000E+00  0.000E+00 -0.142E+03  0.000E+00  0.000E+00  0.000E+00  0.563E-01  0.000E+00  0.000E+00  0.000E+00  0.000E+00  0.000E+00  0.000E+00
         2.1638  0.000E+00  0.000E+00  0.000E+00  0.000E+00 -0.146E+03  0.000E+00  0.000E+00  0.000E+00  0.572E-01  0.000E+00  0.000E+00  0.000E+00  0.000E+00  0.000E+00  0.000E+00
         2.2304  0.000E+00  0.000E+00  0.000E+00  0.000E+00 -0.151E+03  0.000E+00  0.000E+00  0.000E+00  0.580E-01  0.000E+00  0.000E+00  0.000E+00  0.000E+00  0.000E+00  0.000E+00
         2.2969  0.000E+00  0.000E+00  0.000E+00  0.000E+00 -0.155E+03  0.000E+00  0.000E+00  0.000E+00  0.588E-01  0.000E+00  0.000E+00  0.000E+00  0.000E+00  0.000E+00  0.000E+00
         2.3635  0.000E+00  0.000E+00  0.000E+00  0.000E+00 -0.160E+03  0.000E+00  0.000E+00  0.000E+00  0.596E-01  0.000E+00  0.000E+00  0.000E+00  0.000E+00  0.000E+00  0.000E+00
         2.4300  0.000E+00  0.000E+00  0.000E+00  0.000E+00 -0.164E+03  0.000E+00  0.000E+00  0.000E+00  0.604E-01  0.000E+00  0.000E+00  0.000E+00  0.000E+00  0.000E+00  0.000E+00
         2.4965  0.000E+00  0.000E+00  0.000E+00  0.000E+00 -0.169E+03  0.000E+00  0.000E+00  0.000E+00  0.612E-01  0.000E+00  0.000E+00  0.000E+00  0.000E+00  0.000E+00  0.000E+00
         2.5631  0.000E+00  0.000E+00  0.000E+00  0.000E+00 -0.173E+03  0.000E+00  0.000E+00  0.000E+00  0.619E-01  0.000E+00  0.000E+00  0.000E+00  0.000E+00  0.000E+00  0.000E+00
         2.6496  0.000E+00  0.000E+00  0.000E+00  0.000E+00 -0.179E+03  0.000E+00  0.000E+00  0.000E+00  0.629E-01  0.000E+00  0.000E+00  0.000E+00  0.000E+00  0.000E+00  0.000E+00
         2.7361  0.000E+00  0.000E+00  0.000E+00  0.000E+00 -0.185E+03  0.000E+00  0.000E+00  0.000E+00  0.638E-01  0.000E+00  0.000E+00  0.000E+00  0.000E+00  0.000E+00  0.000E+00
         2.8226  0.000E+00  0.000E+00  0.000E+00  0.000E+00 -0.191E+03  0.000E+00  0.000E+00  0.000E+00  0.648E-01  0.000E+00  0.000E+00  0.000E+00  0.000E+00  0.000E+00  0.000E+00
         2.9091  0.000E+00  0.000E+00  0.000E+00  0.000E+00 -0.196E+03  0.000E+00  0.000E+00  0.000E+00  0.657E-01  0.000E+00  0.000E+00  0.000E+00  0.000E+00  0.000E+00  0.000E+00
         2.9956  0.000E+00  0.000E+00  0.000E+00  0.000E+00 -0.202E+03  0.000E+00  0.000E+00  0.000E+00  0.665E-01  0.000E+00  0.000E+00  0.000E+00  0.000E+00  0.000E+00  0.000E+00
         3.0821  0.000E+00  0.000E+00  0.000E+00  0.000E+00 -0.208E+03  0.000E+00  0.000E+00  0.000E+00  0.674E-01  0.000E+00  0.000E+00  0.000E+00  0.000E+00  0.000E+00  0.000E+00
         3.1686  0.000E+00  0.000E+00  0.000E+00  0.000E+00 -0.214E+03  0.000E+00  0.000E+00  0.000E+00  0.682E-01  0.000E+00  0.000E+00  0.000E+00  0.000E+00  0.000E+00  0.000E+00
         3.2551  0.000E+00  0.000E+00  0.000E+00  0.000E+00 -0.220E+03  0.000E+00  0.000E+00  0.000E+00  0.690E-01  0.000E+00  0.000E+00  0.000E+00  0.000E+00  0.000E+00  0.000E+00
         3.3416  0.000E+00  0.000E+00  0.000E+00  0.000E+00 -0.226E+03  0.000E+00  0.000E+00  0.000E+00  0.698E-01  0.000E+00  0.000E+00  0.000E+00  0.000E+00  0.000E+00  0.000E+00
         3.4541  0.000E+00  0.000E+00  0.000E+00  0.000E+00 -0.233E+03  0.000E+00  0.000E+00  0.000E+00  0.709E-01  0.000E+00  0.000E+00  0.000E+00  0.000E+00  0.000E+00  0.000E+00
         3.5665  0.000E+00  0.000E+00  0.000E+00  0.000E+00 -0.241E+03  0.000E+00  0.000E+00  0.000E+00  0.719E-01  0.000E+00  0.000E+00  0.000E+00  0.000E+00  0.000E+00  0.000E+00
         3.6790  0.000E+00  0.000E+00  0.000E+00  0.000E+00 -0.248E+03  0.000E+00  0.000E+00  0.000E+00  0.728E-01  0.000E+00  0.000E+00  0.000E+00  0.000E+00  0.000E+00  0.000E+00
         3.7914  0.000E+00  0.000E+00  0.000E+00  0.000E+00 -0.256E+03  0.000E+00  0.000E+00  0.000E+00  0.738E-01  0.000E+00  0.000E+00  0.000E+00  0.000E+00  0.000E+00  0.000E+00
         3.9039  0.000E+00  0.000E+00  0.000E+00  0.000E+00 -0.264E+03  0.000E+00  0.000E+00  0.000E+00  0.747E-01  0.000E+00  0.000E+00  0.000E+00  0.000E+00  0.000E+00  0.000E+00
         4.0135  0.000E+00  0.000E+00  0.000E+00  0.000E+00 -0.271E+03  0.000E+00  0.000E+00  0.000E+00  0.755E-01  0.000E+00  0.000E+00  0.000E+00  0.000E+00  0.000E+00  0.000E+00
         4.1231  0.000E+00  0.000E+00  0.000E+00  0.000E+00 -0.278E+03  0.000E+00  0.000E+00  0.000E+00  0.764E-01  0.000E+00  0.000E+00  0.000E+00  0.000E+00  0.000E+00  0.000E+00
         4.2327  0.000E+00  0.000E+00  0.000E+00  0.000E+00 -0.286E+03  0.000E+00  0.000E+00  0.000E+00  0.772E-01  0.000E+00  0.000E+00  0.000E+00  0.000E+00  0.000E+00  0.000E+00
         4.3423  0.000E+00  0.000E+00  0.000E+00  0.000E+00 -0.293E+03  0.000E+00  0.000E+00  0.000E+00  0.780E-01  0.000E+00  0.000E+00  0.000E+00  0.000E+00  0.000E+00  0.000E+00
         4.4519  0.000E+00  0.000E+00  0.000E+00  0.000E+00 -0.301E+03  0.000E+00  0.000E+00  0.000E+00  0.788E-01  0.000E+00  0.000E+00  0.000E+00  0.000E+00  0.000E+00  0.000E+00
         4.5616  0.000E+00  0.000E+00  0.000E+00  0.000E+00 -0.308E+03  0.000E+00  0.000E+00  0.000E+00  0.796E-01  0.000E+00  0.000E+00  0.000E+00  0.000E+00  0.000E+00  0.000E+00
         4.6712  0.000E+00  0.000E+00  0.000E+00  0.000E+00 -0.315E+03  0.000E+00  0.000E+00  0.000E+00  0.803E-01  0.000E+00  0.000E+00  0.000E+00  0.000E+00  0.000E+00  0.000E+00
         4.7808  0.000E+00  0.000E+00  0.000E+00  0.000E+00 -0.323E+03  0.000E+00  0.000E+00  0.000E+00  0.811E-01  0.000E+00  0.000E+00  0.000E+00  0.000E+00  0.000E+00  0.000E+00
         4.8904  0.000E+00  0.000E+00  0.000E+00  0.000E+00 -0.330E+03  0.000E+00  0.000E+00  0.000E+00  0.818E-01  0.000E+00  0.000E+00  0.000E+00  0.000E+00  0.000E+00  0.000E+00
         5.0000  0.000E+00  0.000E+00  0.000E+00  0.000E+00 -0.338E+03  0.000E+00  0.000E+00  0.000E+00  0.825E-01  0.000E+00  0.000E+00  0.000E+00  0.000E+00  0.000E+00  0.000E+00
         5.1125  0.000E+00  0.000E+00  0.000E+00  0.000E+00 -0.345E+03  0.000E+00  0.000E+00  0.000E+00  0.832E-01  0.000E+00  0.000E+00  0.000E+00  0.000E+00  0.000E+00  0.000E+00
         5.2249  0.000E+00  0.000E+00  0.000E+00  0.000E+00 -0.353E+03  0.000E+00  0.000E+00  0.000E+00  0.839E-01  0.000E+00  0.000E+00  0.000E+00  0.000E+00  0.000E+00  0.000E+00
         5.3374  0.000E+00  0.000E+00  0.000E+00  0.000E+00 -0.360E+03  0.000E+00  0.000E+00  0.000E+00  0.846E-01  0.000E+00  0.000E+00  0.000E+00  0.000E+00  0.000E+00  0.000E+00
         5.4498  0.000E+00  0.000E+00  0.000E+00  0.000E+00 -0.368E+03  0.000E+00  0.000E+00  0.000E+00  0.853E-01  0.000E+00  0.000E+00  0.000E+00  0.000E+00  0.000E+00  0.000E+00
         5.5623  0.000E+00  0.000E+00  0.000E+00  0.000E+00 -0.375E+03  0.000E+00  0.000E+00  0.000E+00  0.859E-01  0.000E+00  0.000E+00  0.000E+00  0.000E+00  0.000E+00  0.000E+00
         5.6747  0.000E+00  0.000E+00  0.000E+00  0.000E+00 -0.383E+03  0.000E+00  0.000E+00  0.000E+00  0.865E-01  0.000E+00  0.000E+00  0.000E+00  0.000E+00  0.000E+00  0.000E+00
         5.7872  0.000E+00  0.000E+00  0.000E+00  0.000E+00 -0.391E+03  0.000E+00  0.000E+00  0.000E+00  0.872E-01  0.000E+00  0.000E+00  0.000E+00  0.000E+00  0.000E+00  0.000E+00
         5.8996  0.000E+00  0.000E+00  0.000E+00  0.000E+00 -0.398E+03  0.000E+00  0.000E+00  0.000E+00  0.878E-01  0.000E+00  0.000E+00  0.000E+00  0.000E+00  0.000E+00  0.000E+00
         6.0121  0.000E+00  0.000E+00  0.000E+00  0.000E+00 -0.406E+03  0.000E+00  0.000E+00  0.000E+00  0.884E-01  0.000E+00  0.000E+00  0.000E+00  0.000E+00  0.000E+00  0.000E+00
         6.1246  0.000E+00  0.000E+00  0.000E+00  0.000E+00 -0.413E+03  0.000E+00  0.000E+00  0.000E+00  0.890E-01  0.000E+00  0.000E+00  0.000E+00  0.000E+00  0.000E+00  0.000E+00
         6.2707  0.000E+00  0.000E+00  0.000E+00  0.000E+00 -0.423E+03  0.000E+00  0.000E+00  0.000E+00  0.897E-01  0.000E+00  0.000E+00  0.000E+00  0.000E+00  0.000E+00  0.000E+00
         6.4169  0.000E+00  0.000E+00  0.000E+00  0.000E+00 -0.433E+03  0.000E+00  0.000E+00  0.000E+00  0.905E-01  0.000E+00  0.000E+00  0.000E+00  0.000E+00  0.000E+00  0.000E+00
         6.5631  0.000E+00  0.000E+00  0.000E+00  0.000E+00 -0.443E+03  0.000E+00  0.000E+00  0.000E+00  0.912E-01  0.000E+00  0.000E+00  0.000E+00  0.000E+00  0.000E+00  0.000E+00
         6.7093  0.000E+00  0.000E+00  0.000E+00  0.000E+00 -0.453E+03  0.000E+00  0.000E+00  0.000E+00  0.919E-01  0.000E+00  0.000E+00  0.000E+00  0.000E+00  0.000E+00  0.000E+00
         6.8555  0.000E+00  0.000E+00  0.000E+00  0.000E+00 -0.463E+03  0.000E+00  0.000E+00  0.000E+00  0.925E-01  0.000E+00  0.000E+00  0.000E+00  0.000E+00  0.000E+00  0.000E+00
         7.0017  0.000E+00  0.000E+00  0.000E+00  0.000E+00 -0.473E+03  0.000E+00  0.000E+00  0.000E+00  0.932E-01  0.000E+00  0.000E+00  0.000E+00  0.000E+00  0.000E+00  0.000E+00
         7.1479  0.000E+00  0.000E+00  0.000E+00  0.000E+00 -0.482E+03  0.000E+00  0.000E+00  0.000E+00  0.939E-01  0.000E+00  0.000E+00  0.000E+00  0.000E+00  0.000E+00  0.000E+00
         7.2941  0.000E+00  0.000E+00  0.000E+00  0.000E+00 -0.492E+03  0.000E+00  0.000E+00  0.000E+00  0.945E-01  0.000E+00  0.000E+00  0.000E+00  0.000E+00  0.000E+00  0.000E+00
         7.4403  0.000E+00  0.000E+00  0.000E+00  0.000E+00 -0.502E+03  0.000E+00  0.000E+00  0.000E+00  0.951E-01  0.000E+00  0.000E+00  0.000E+00  0.000E+00  0.000E+00  0.000E+00
         7.5865  0.000E+00  0.000E+00  0.000E+00  0.000E+00 -0.512E+03  0.000E+00  0.000E+00  0.000E+00  0.957E-01  0.000E+00  0.000E+00  0.000E+00  0.000E+00  0.000E+00  0.000E+00
         7.7327  0.000E+00  0.000E+00  0.000E+00  0.000E+00 -0.522E+03  0.000E+00  0.000E+00  0.000E+00  0.963E-01  0.000E+00  0.000E+00  0.000E+00  0.000E+00  0.000E+00  0.000E+00
         7.8789  0.000E+00  0.000E+00  0.000E+00  0.000E+00 -0.532E+03  0.000E+00  0.000E+00  0.000E+00  0.969E-01  0.000E+00  0.000E+00  0.000E+00  0.000E+00  0.000E+00  0.000E+00
         8.0250  0.000E+00  0.000E+00  0.000E+00  0.000E+00 -0.542E+03  0.000E+00  0.000E+00  0.000E+00  0.975E-01  0.000E+00  0.000E+00  0.000E+00  0.000E+00  0.000E+00  0.000E+00
         8.1712  0.000E+00  0.000E+00  0.000E+00  0.000E+00 -0.552E+03  0.000E+00  0.000E+00  0.000E+00  0.980E-01  0.000E+00  0.000E+00  0.000E+00  0.000E+00  0.000E+00  0.000E+00
         8.3174  0.000E+00  0.000E+00  0.000E+00  0.000E+00 -0.561E+03  0.000E+00  0.000E+00  0.000E+00  0.986E-01  0.000E+00  0.000E+00  0.000E+00  0.000E+00  0.000E+00  0.000E+00
         8.4636  0.000E+00  0.000E+00  0.000E+00  0.000E+00 -0.571E+03  0.000E+00  0.000E+00  0.000E+00  0.991E-01  0.000E+00  0.000E+00  0.000E+00  0.000E+00  0.000E+00  0.000E+00
         8.6098  0.000E+00  0.000E+00  0.000E+00  0.000E+00 -0.581E+03  0.000E+00  0.000E+00  0.000E+00  0.996E-01  0.000E+00  0.000E+00  0.000E+00  0.000E+00  0.000E+00  0.000E+00
         8.7560  0.000E+00  0.000E+00  0.000E+00  0.000E+00 -0.591E+03  0.000E+00  0.000E+00  0.000E+00  0.100E+00  0.000E+00  0.000E+00  0.000E+00  0.000E+00  0.000E+00  0.000E+00
         8.9022  0.000E+00  0.000E+00  0.000E+00  0.000E+00 -0.601E+03  0.000E+00  0.000E+00  0.000E+00  0.101E+00  0.000E+00  0.000E+00  0.000E+00  0.000E+00  0.000E+00  0.000E+00
         9.0484  0.000E+00  0.000E+00  0.000E+00  0.000E+00 -0.611E+03  0.000E+00  0.000E+00  0.000E+00  0.101E+00  0.000E+00  0.000E+00  0.000E+00  0.000E+00  0.000E+00  0.000E+00
         9.1946  0.000E+00  0.000E+00  0.000E+00  0.000E+00 -0.621E+03  0.000E+00  0.000E+00  0.000E+00  0.102E+00  0.000E+00  0.000E+00  0.000E+00  0.000E+00  0.000E+00  0.000E+00
         9.3408  0.000E+00  0.000E+00  0.000E+00  0.000E+00 -0.631E+03  0.000E+00  0.000E+00  0.000E+00  0.102E+00  0.000E+00  0.000E+00  0.000E+00  0.000E+00  0.000E+00  0.000E+00
         9.4870  0.000E+00  0.000E+00  0.000E+00  0.000E+00 -0.640E+03  0.000E+00  0.000E+00  0.000E+00  0.103E+00  0.000E+00  0.000E+00  0.000E+00  0.000E+00  0.000E+00  0.000E+00
         9.6332  0.000E+00  0.000E+00  0.000E+00  0.000E+00 -0.650E+03  0.000E+00  0.000E+00  0.000E+00  0.103E+00  0.000E+00  0.000E+00  0.000E+00  0.000E+00  0.000E+00  0.000E+00
         9.7794  0.000E+00  0.000E+00  0.000E+00  0.000E+00 -0.660E+03  0.000E+00  0.000E+00  0.000E+00  0.103E+00  0.000E+00  0.000E+00  0.000E+00  0.000E+00  0.000E+00  0.000E+00
         9.9255  0.000E+00  0.000E+00  0.000E+00  0.000E+00 -0.670E+03  0.000E+00  0.000E+00  0.000E+00  0.104E+00  0.000E+00  0.000E+00  0.000E+00  0.000E+00  0.000E+00  0.000E+00
        10.0717  0.000E+00  0.000E+00  0.000E+00  0.000E+00 -0.680E+03  0.000E+00  0.000E+00  0.000E+00  0.104E+00  0.000E+00  0.000E+00  0.000E+00  0.000E+00  0.000E+00  0.000E+00
        10.2179  0.000E+00  0.000E+00  0.000E+00  0.000E+00 -0.690E+03  0.000E+00  0.000E+00  0.000E+00  0.105E+00  0.000E+00  0.000E+00  0.000E+00  0.000E+00  0.000E+00  0.000E+00
        10.3641  0.000E+00  0.000E+00  0.000E+00  0.000E+00 -0.700E+03  0.000E+00  0.000E+00  0.000E+00  0.105E+00  0.000E+00  0.000E+00  0.000E+00  0.000E+00  0.000E+00  0.000E+00
        10.5103  0.000E+00  0.000E+00  0.000E+00  0.000E+00 -0.709E+03  0.000E+00  0.000E+00  0.000E+00  0.106E+00  0.000E+00  0.000E+00  0.000E+00  0.000E+00  0.000E+00  0.000E+00
        10.7004  0.000E+00  0.000E+00  0.000E+00  0.000E+00 -0.722E+03  0.000E+00  0.000E+00  0.000E+00  0.106E+00  0.000E+00  0.000E+00  0.000E+00  0.000E+00  0.000E+00  0.000E+00
        10.8904  0.000E+00  0.000E+00  0.000E+00  0.000E+00 -0.735E+03  0.000E+00  0.000E+00  0.000E+00  0.107E+00  0.000E+00  0.000E+00  0.000E+00  0.000E+00  0.000E+00  0.000E+00
        11.0805  0.000E+00  0.000E+00  0.000E+00  0.000E+00 -0.748E+03  0.000E+00  0.000E+00  0.000E+00  0.107E+00  0.000E+00  0.000E+00  0.000E+00  0.000E+00  0.000E+00  0.000E+00
        11.2705  0.000E+00  0.000E+00  0.000E+00  0.000E+00 -0.761E+03  0.000E+00  0.000E+00  0.000E+00  0.108E+00  0.000E+00  0.000E+00  0.000E+00  0.000E+00  0.000E+00  0.000E+00
        11.4606  0.000E+00  0.000E+00  0.000E+00  0.000E+00 -0.774E+03  0.000E+00  0.000E+00  0.000E+00  0.108E+00  0.000E+00  0.000E+00  0.000E+00  0.000E+00  0.000E+00  0.000E+00
        11.6506  0.000E+00  0.000E+00  0.000E+00  0.000E+00 -0.786E+03  0.000E+00  0.000E+00  0.000E+00  0.108E+00  0.000E+00  0.000E+00  0.000E+00  0.000E+00  0.000E+00  0.000E+00
        11.8407  0.000E+00  0.000E+00  0.000E+00  0.000E+00 -0.799E+03  0.000E+00  0.000E+00  0.000E+00  0.109E+00  0.000E+00  0.000E+00  0.000E+00  0.000E+00  0.000E+00  0.000E+00
        12.0307  0.000E+00  0.000E+00  0.000E+00  0.000E+00 -0.812E+03  0.000E+00  0.000E+00  0.000E+00  0.109E+00  0.000E+00  0.000E+00  0.000E+00  0.000E+00  0.000E+00  0.000E+00
        12.2208  0.000E+00  0.000E+00  0.000E+00  0.000E+00 -0.825E+03  0.000E+00  0.000E+00  0.000E+00  0.110E+00  0.000E+00  0.000E+00  0.000E+00  0.000E+00  0.000E+00  0.000E+00
        12.4108  0.000E+00  0.000E+00  0.000E+00  0.000E+00 -0.838E+03  0.000E+00  0.000E+00  0.000E+00  0.110E+00  0.000E+00  0.000E+00  0.000E+00  0.000E+00  0.000E+00  0.000E+00
        12.6009  0.000E+00  0.000E+00  0.000E+00  0.000E+00 -0.851E+03  0.000E+00  0.000E+00  0.000E+00  0.111E+00  0.000E+00  0.000E+00  0.000E+00  0.000E+00  0.000E+00  0.000E+00
        12.7909  0.000E+00  0.000E+00  0.000E+00  0.000E+00 -0.863E+03  0.000E+00  0.000E+00  0.000E+00  0.111E+00  0.000E+00  0.000E+00  0.000E+00  0.000E+00  0.000E+00  0.000E+00
        12.9810  0.000E+00  0.000E+00  0.000E+00  0.000E+00 -0.876E+03  0.000E+00  0.000E+00  0.000E+00  0.111E+00  0.000E+00  0.000E+00  0.000E+00  0.000E+00  0.000E+00  0.000E+00
        13.1710  0.000E+00  0.000E+00  0.000E+00  0.000E+00 -0.889E+03  0.000E+00  0.000E+00  0.000E+00  0.112E+00  0.000E+00  0.000E+00  0.000E+00  0.000E+00  0.000E+00  0.000E+00
        13.3539  0.000E+00  0.000E+00  0.000E+00  0.000E+00 -0.901E+03  0.000E+00  0.000E+00  0.000E+00  0.112E+00  0.000E+00  0.000E+00  0.000E+00  0.000E+00  0.000E+00  0.000E+00
        13.5368  0.000E+00  0.000E+00  0.000E+00  0.000E+00 -0.914E+03  0.000E+00  0.000E+00  0.000E+00  0.113E+00  0.000E+00  0.000E+00  0.000E+00  0.000E+00  0.000E+00  0.000E+00
        13.7197  0.000E+00  0.000E+00  0.000E+00  0.000E+00 -0.926E+03  0.000E+00  0.000E+00  0.000E+00  0.113E+00  0.000E+00  0.000E+00  0.000E+00  0.000E+00  0.000E+00  0.000E+00
        13.9026  0.000E+00  0.000E+00  0.000E+00  0.000E+00 -0.938E+03  0.000E+00  0.000E+00  0.000E+00  0.113E+00  0.000E+00  0.000E+00  0.000E+00  0.000E+00  0.000E+00  0.000E+00
        14.0855  0.000E+00  0.000E+00  0.000E+00  0.000E+00 -0.951E+03  0.000E+00  0.000E+00  0.000E+00  0.114E+00  0.000E+00  0.000E+00  0.000E+00  0.000E+00  0.000E+00  0.000E+00
        14.2684  0.000E+00  0.000E+00  0.000E+00  0.000E+00 -0.963E+03  0.000E+00  0.000E+00  0.000E+00  0.114E+00  0.000E+00  0.000E+00  0.000E+00  0.000E+00  0.000E+00  0.000E+00
        14.4513  0.000E+00  0.000E+00  0.000E+00  0.000E+00 -0.975E+03  0.000E+00  0.000E+00  0.000E+00  0.114E+00  0.000E+00  0.000E+00  0.000E+00  0.000E+00  0.000E+00  0.000E+00
        14.6342  0.000E+00  0.000E+00  0.000E+00  0.000E+00 -0.988E+03  0.000E+00  0.000E+00  0.000E+00  0.115E+00  0.000E+00  0.000E+00  0.000E+00  0.000E+00  0.000E+00  0.000E+00
        14.8171  0.000E+00  0.000E+00  0.000E+00  0.000E+00 -0.100E+04  0.000E+00  0.000E+00  0.000E+00  0.115E+00  0.000E+00  0.000E+00  0.000E+00  0.000E+00  0.000E+00  0.000E+00
        15.0000  0.000E+00  0.000E+00  0.000E+00  0.000E+00 -0.101E+04  0.000E+00  0.000E+00  0.000E+00  0.115E+00  0.000E+00  0.000E+00  0.000E+00  0.000E+00  0.000E+00  0.000E+00
        15.1900  0.000E+00  0.000E+00  0.000E+00  0.000E+00 -0.103E+04  0.000E+00  0.000E+00  0.000E+00  0.116E+00  0.000E+00  0.000E+00  0.000E+00  0.000E+00  0.000E+00  0.000E+00
        15.3801  0.000E+00  0.000E+00  0.000E+00  0.000E+00 -0.104E+04  0.000E+00  0.000E+00  0.000E+00  0.116E+00  0.000E+00  0.000E+00  0.000E+00  0.000E+00  0.000E+00  0.000E+00
        15.5701  0.000E+00  0.000E+00  0.000E+00  0.000E+00 -0.105E+04  0.000E+00  0.000E+00  0.000E+00  0.116E+00  0.000E+00  0.000E+00  0.000E+00  0.000E+00  0.000E+00  0.000E+00
        15.7602  0.000E+00  0.000E+00  0.000E+00  0.000E+00 -0.106E+04  0.000E+00  0.000E+00  0.000E+00  0.116E+00  0.000E+00  0.000E+00  0.000E+00  0.000E+00  0.000E+00  0.000E+00
        15.9502  0.000E+00  0.000E+00  0.000E+00  0.000E+00 -0.108E+04  0.000E+00  0.000E+00  0.000E+00  0.117E+00  0.000E+00  0.000E+00  0.000E+00  0.000E+00  0.000E+00  0.000E+00
        16.1403  0.000E+00  0.000E+00  0.000E+00  0.000E+00 -0.109E+04  0.000E+00  0.000E+00  0.000E+00  0.117E+00  0.000E+00  0.000E+00  0.000E+00  0.000E+00  0.000E+00  0.000E+00
        16.3874  0.000E+00  0.000E+00  0.000E+00  0.000E+00 -0.111E+04  0.000E+00  0.000E+00  0.000E+00  0.117E+00  0.000E+00  0.000E+00  0.000E+00  0.000E+00  0.000E+00  0.000E+00
        16.6344  0.000E+00  0.000E+00  0.000E+00  0.000E+00 -0.112E+04  0.000E+00  0.000E+00  0.000E+00  0.118E+00  0.000E+00  0.000E+00  0.000E+00  0.000E+00  0.000E+00  0.000E+00
        16.8815  0.000E+00  0.000E+00  0.000E+00  0.000E+00 -0.114E+04  0.000E+00  0.000E+00  0.000E+00  0.118E+00  0.000E+00  0.000E+00  0.000E+00  0.000E+00  0.000E+00  0.000E+00
        17.1286  0.000E+00  0.000E+00  0.000E+00  0.000E+00 -0.116E+04  0.000E+00  0.000E+00  0.000E+00  0.118E+00  0.000E+00  0.000E+00  0.000E+00  0.000E+00  0.000E+00  0.000E+00
        17.3756  0.000E+00  0.000E+00  0.000E+00  0.000E+00 -0.117E+04  0.000E+00  0.000E+00  0.000E+00  0.119E+00  0.000E+00  0.000E+00  0.000E+00  0.000E+00  0.000E+00  0.000E+00
        17.6227  0.000E+00  0.000E+00  0.000E+00  0.000E+00 -0.119E+04  0.000E+00  0.000E+00  0.000E+00  0.119E+00  0.000E+00  0.000E+00  0.000E+00  0.000E+00  0.000E+00  0.000E+00
        17.8697  0.000E+00  0.000E+00  0.000E+00  0.000E+00 -0.121E+04  0.000E+00  0.000E+00  0.000E+00  0.119E+00  0.000E+00  0.000E+00  0.000E+00  0.000E+00  0.000E+00  0.000E+00
        18.1168  0.000E+00  0.000E+00  0.000E+00  0.000E+00 -0.122E+04  0.000E+00  0.000E+00  0.000E+00  0.120E+00  0.000E+00  0.000E+00  0.000E+00  0.000E+00  0.000E+00  0.000E+00
        18.3639  0.000E+00  0.000E+00  0.000E+00  0.000E+00 -0.124E+04  0.000E+00  0.000E+00  0.000E+00  0.120E+00  0.000E+00  0.000E+00  0.000E+00  0.000E+00  0.000E+00  0.000E+00
        18.6109  0.000E+00  0.000E+00  0.000E+00  0.000E+00 -0.126E+04  0.000E+00  0.000E+00  0.000E+00  0.120E+00  0.000E+00  0.000E+00  0.000E+00  0.000E+00  0.000E+00  0.000E+00
        18.8580  0.000E+00  0.000E+00  0.000E+00  0.000E+00 -0.127E+04  0.000E+00  0.000E+00  0.000E+00  0.121E+00  0.000E+00  0.000E+00  0.000E+00  0.000E+00  0.000E+00  0.000E+00
        19.1051  0.000E+00  0.000E+00  0.000E+00  0.000E+00 -0.129E+04  0.000E+00  0.000E+00  0.000E+00  0.121E+00  0.000E+00  0.000E+00  0.000E+00  0.000E+00  0.000E+00  0.000E+00
        19.3521  0.000E+00  0.000E+00  0.000E+00  0.000E+00 -0.131E+04  0.000E+00  0.000E+00  0.000E+00  0.121E+00  0.000E+00  0.000E+00  0.000E+00  0.000E+00  0.000E+00  0.000E+00
        19.5992  0.000E+00  0.000E+00  0.000E+00  0.000E+00 -0.132E+04  0.000E+00  0.000E+00  0.000E+00  0.122E+00  0.000E+00  0.000E+00  0.000E+00  0.000E+00  0.000E+00  0.000E+00
        19.8463  0.000E+00  0.000E+00  0.000E+00  0.000E+00 -0.134E+04  0.000E+00  0.000E+00  0.000E+00  0.122E+00  0.000E+00  0.000E+00  0.000E+00  0.000E+00  0.000E+00  0.000E+00
        20.0933  0.000E+00  0.000E+00  0.000E+00  0.000E+00 -0.136E+04  0.000E+00  0.000E+00  0.000E+00  0.122E+00  0.000E+00  0.000E+00  0.000E+00  0.000E+00  0.000E+00  0.000E+00
        20.3404  0.000E+00  0.000E+00  0.000E+00  0.000E+00 -0.137E+04  0.000E+00  0.000E+00  0.000E+00  0.122E+00  0.000E+00  0.000E+00  0.000E+00  0.000E+00  0.000E+00  0.000E+00
        20.5875  0.000E+00  0.000E+00  0.000E+00  0.000E+00 -0.139E+04  0.000E+00  0.000E+00  0.000E+00  0.123E+00  0.000E+00  0.000E+00  0.000E+00  0.000E+00  0.000E+00  0.000E+00
        20.8345  0.000E+00  0.000E+00  0.000E+00  0.000E+00 -0.141E+04  0.000E+00  0.000E+00  0.000E+00  0.123E+00  0.000E+00  0.000E+00  0.000E+00  0.000E+00  0.000E+00  0.000E+00
        21.0816  0.000E+00  0.000E+00  0.000E+00  0.000E+00 -0.142E+04  0.000E+00  0.000E+00  0.000E+00  0.123E+00  0.000E+00  0.000E+00  0.000E+00  0.000E+00  0.000E+00  0.000E+00
        21.3286  0.000E+00  0.000E+00  0.000E+00  0.000E+00 -0.144E+04  0.000E+00  0.000E+00  0.000E+00  0.123E+00  0.000E+00  0.000E+00  0.000E+00  0.000E+00  0.000E+00  0.000E+00
        21.5757  0.000E+00  0.000E+00  0.000E+00  0.000E+00 -0.146E+04  0.000E+00  0.000E+00  0.000E+00  0.124E+00  0.000E+00  0.000E+00  0.000E+00  0.000E+00  0.000E+00  0.000E+00
        21.8228  0.000E+00  0.000E+00  0.000E+00  0.000E+00 -0.147E+04  0.000E+00  0.000E+00  0.000E+00  0.124E+00  0.000E+00  0.000E+00  0.000E+00  0.000E+00  0.000E+00  0.000E+00
        22.0698  0.000E+00  0.000E+00  0.000E+00  0.000E+00 -0.149E+04  0.000E+00  0.000E+00  0.000E+00  0.124E+00  0.000E+00  0.000E+00  0.000E+00  0.000E+00  0.000E+00  0.000E+00
        22.3169  0.000E+00  0.000E+00  0.000E+00  0.000E+00 -0.151E+04  0.000E+00  0.000E+00  0.000E+00  0.124E+00  0.000E+00  0.000E+00  0.000E+00  0.000E+00  0.000E+00  0.000E+00
        22.5640  0.000E+00  0.000E+00  0.000E+00  0.000E+00 -0.152E+04  0.000E+00  0.000E+00  0.000E+00  0.124E+00  0.000E+00  0.000E+00  0.000E+00  0.000E+00  0.000E+00  0.000E+00
        22.8110  0.000E+00  0.000E+00  0.000E+00  0.000E+00 -0.154E+04  0.000E+00  0.000E+00  0.000E+00  0.125E+00  0.000E+00  0.000E+00  0.000E+00  0.000E+00  0.000E+00  0.000E+00
        23.0581  0.000E+00  0.000E+00  0.000E+00  0.000E+00 -0.156E+04  0.000E+00  0.000E+00  0.000E+00  0.125E+00  0.000E+00  0.000E+00  0.000E+00  0.000E+00  0.000E+00  0.000E+00
        23.3052  0.000E+00  0.000E+00  0.000E+00  0.000E+00 -0.157E+04  0.000E+00  0.000E+00  0.000E+00  0.125E+00  0.000E+00  0.000E+00  0.000E+00  0.000E+00  0.000E+00  0.000E+00
        23.5522  0.000E+00  0.000E+00  0.000E+00  0.000E+00 -0.159E+04  0.000E+00  0.000E+00  0.000E+00  0.125E+00  0.000E+00  0.000E+00  0.000E+00  0.000E+00  0.000E+00  0.000E+00
        23.7993  0.000E+00  0.000E+00  0.000E+00  0.000E+00 -0.161E+04  0.000E+00  0.000E+00  0.000E+00  0.125E+00  0.000E+00  0.000E+00  0.000E+00  0.000E+00  0.000E+00  0.000E+00
        24.0464  0.000E+00  0.000E+00  0.000E+00  0.000E+00 -0.162E+04  0.000E+00  0.000E+00  0.000E+00  0.126E+00  0.000E+00  0.000E+00  0.000E+00  0.000E+00  0.000E+00  0.000E+00
        24.2934  0.000E+00  0.000E+00  0.000E+00  0.000E+00 -0.164E+04  0.000E+00  0.000E+00  0.000E+00  0.126E+00  0.000E+00  0.000E+00  0.000E+00  0.000E+00  0.000E+00  0.000E+00
        24.5405  0.000E+00  0.000E+00  0.000E+00  0.000E+00 -0.166E+04  0.000E+00  0.000E+00  0.000E+00  0.126E+00  0.000E+00  0.000E+00  0.000E+00  0.000E+00  0.000E+00  0.000E+00
        24.7875  0.000E+00  0.000E+00  0.000E+00  0.000E+00 -0.167E+04  0.000E+00  0.000E+00  0.000E+00  0.126E+00  0.000E+00  0.000E+00  0.000E+00  0.000E+00  0.000E+00  0.000E+00
        25.0346  0.000E+00  0.000E+00  0.000E+00  0.000E+00 -0.169E+04  0.000E+00  0.000E+00  0.000E+00  0.126E+00  0.000E+00  0.000E+00  0.000E+00  0.000E+00  0.000E+00  0.000E+00
        25.3558  0.000E+00  0.000E+00  0.000E+00  0.000E+00 -0.171E+04  0.000E+00  0.000E+00  0.000E+00  0.127E+00  0.000E+00  0.000E+00  0.000E+00  0.000E+00  0.000E+00  0.000E+00
        25.6770  0.000E+00  0.000E+00  0.000E+00  0.000E+00 -0.173E+04  0.000E+00  0.000E+00  0.000E+00  0.127E+00  0.000E+00  0.000E+00  0.000E+00  0.000E+00  0.000E+00  0.000E+00
        25.9982  0.000E+00  0.000E+00  0.000E+00  0.000E+00 -0.175E+04  0.000E+00  0.000E+00  0.000E+00  0.127E+00  0.000E+00  0.000E+00  0.000E+00  0.000E+00  0.000E+00  0.000E+00
        26.3193  0.000E+00  0.000E+00  0.000E+00  0.000E+00 -0.178E+04  0.000E+00  0.000E+00  0.000E+00  0.127E+00  0.000E+00  0.000E+00  0.000E+00  0.000E+00  0.000E+00  0.000E+00
        26.6405  0.000E+00  0.000E+00  0.000E+00  0.000E+00 -0.180E+04  0.000E+00  0.000E+00  0.000E+00  0.128E+00  0.000E+00  0.000E+00  0.000E+00  0.000E+00  0.000E+00  0.000E+00
        26.9765  0.000E+00  0.000E+00  0.000E+00  0.000E+00 -0.182E+04  0.000E+00  0.000E+00  0.000E+00  0.128E+00  0.000E+00  0.000E+00  0.000E+00  0.000E+00  0.000E+00  0.000E+00
        27.3124  0.000E+00  0.000E+00  0.000E+00  0.000E+00 -0.184E+04  0.000E+00  0.000E+00  0.000E+00  0.128E+00  0.000E+00  0.000E+00  0.000E+00  0.000E+00  0.000E+00  0.000E+00
        27.6484  0.000E+00  0.000E+00  0.000E+00  0.000E+00 -0.187E+04  0.000E+00  0.000E+00  0.000E+00  0.128E+00  0.000E+00  0.000E+00  0.000E+00  0.000E+00  0.000E+00  0.000E+00
        27.9843  0.000E+00  0.000E+00  0.000E+00  0.000E+00 -0.189E+04  0.000E+00  0.000E+00  0.000E+00  0.128E+00  0.000E+00  0.000E+00  0.000E+00  0.000E+00  0.000E+00  0.000E+00
        28.3203  0.000E+00  0.000E+00  0.000E+00  0.000E+00 -0.191E+04  0.000E+00  0.000E+00  0.000E+00  0.129E+00  0.000E+00  0.000E+00  0.000E+00  0.000E+00  0.000E+00  0.000E+00
        28.6562  0.000E+00  0.000E+00  0.000E+00  0.000E+00 -0.193E+04  0.000E+00  0.000E+00  0.000E+00  0.129E+00  0.000E+00  0.000E+00  0.000E+00  0.000E+00  0.000E+00  0.000E+00
        28.9922  0.000E+00  0.000E+00  0.000E+00  0.000E+00 -0.196E+04  0.000E+00  0.000E+00  0.000E+00  0.129E+00  0.000E+00  0.000E+00  0.000E+00  0.000E+00  0.000E+00  0.000E+00
        29.3281  0.000E+00  0.000E+00  0.000E+00  0.000E+00 -0.198E+04  0.000E+00  0.000E+00  0.000E+00  0.129E+00  0.000E+00  0.000E+00  0.000E+00  0.000E+00  0.000E+00  0.000E+00
        29.6641  0.000E+00  0.000E+00  0.000E+00  0.000E+00 -0.200E+04  0.000E+00  0.000E+00  0.000E+00  0.129E+00  0.000E+00  0.000E+00  0.000E+00  0.000E+00  0.000E+00  0.000E+00
        30.0000  0.000E+00  0.000E+00  0.000E+00  0.000E+00 -0.203E+04  0.000E+00  0.000E+00  0.000E+00  0.129E+00  0.000E+00  0.000E+00  0.000E+00  0.000E+00  0.000E+00  0.000E+00
        30.3212  0.000E+00  0.000E+00  0.000E+00  0.000E+00 -0.205E+04  0.000E+00  0.000E+00  0.000E+00  0.130E+00  0.000E+00  0.000E+00  0.000E+00  0.000E+00  0.000E+00  0.000E+00
        30.6424  0.000E+00  0.000E+00  0.000E+00  0.000E+00 -0.207E+04  0.000E+00  0.000E+00  0.000E+00  0.130E+00  0.000E+00  0.000E+00  0.000E+00  0.000E+00  0.000E+00  0.000E+00
        30.9636  0.000E+00  0.000E+00  0.000E+00  0.000E+00 -0.209E+04  0.000E+00  0.000E+00  0.000E+00  0.130E+00  0.000E+00  0.000E+00  0.000E+00  0.000E+00  0.000E+00  0.000E+00
        31.2847  0.000E+00  0.000E+00  0.000E+00  0.000E+00 -0.211E+04  0.000E+00  0.000E+00  0.000E+00  0.130E+00  0.000E+00  0.000E+00  0.000E+00  0.000E+00  0.000E+00  0.000E+00
        31.6059  0.000E+00  0.000E+00  0.000E+00  0.000E+00 -0.213E+04  0.000E+00  0.000E+00  0.000E+00  0.130E+00  0.000E+00  0.000E+00  0.000E+00  0.000E+00  0.000E+00  0.000E+00
        31.9271  0.000E+00  0.000E+00  0.000E+00  0.000E+00 -0.216E+04  0.000E+00  0.000E+00  0.000E+00  0.130E+00  0.000E+00  0.000E+00  0.000E+00  0.000E+00  0.000E+00  0.000E+00
        32.2483  0.000E+00  0.000E+00  0.000E+00  0.000E+00 -0.218E+04  0.000E+00  0.000E+00  0.000E+00  0.130E+00  0.000E+00  0.000E+00  0.000E+00  0.000E+00  0.000E+00  0.000E+00
        32.5695  0.000E+00  0.000E+00  0.000E+00  0.000E+00 -0.220E+04  0.000E+00  0.000E+00  0.000E+00  0.131E+00  0.000E+00  0.000E+00  0.000E+00  0.000E+00  0.000E+00  0.000E+00
        32.8907  0.000E+00  0.000E+00  0.000E+00  0.000E+00 -0.222E+04  0.000E+00  0.000E+00  0.000E+00  0.131E+00  0.000E+00  0.000E+00  0.000E+00  0.000E+00  0.000E+00  0.000E+00
        33.2118  0.000E+00  0.000E+00  0.000E+00  0.000E+00 -0.224E+04  0.000E+00  0.000E+00  0.000E+00  0.131E+00  0.000E+00  0.000E+00  0.000E+00  0.000E+00  0.000E+00  0.000E+00
        33.5330  0.000E+00  0.000E+00  0.000E+00  0.000E+00 -0.226E+04  0.000E+00  0.000E+00  0.000E+00  0.131E+00  0.000E+00  0.000E+00  0.000E+00  0.000E+00  0.000E+00  0.000E+00
        33.8542  0.000E+00  0.000E+00  0.000E+00  0.000E+00 -0.229E+04  0.000E+00  0.000E+00  0.000E+00  0.131E+00  0.000E+00  0.000E+00  0.000E+00  0.000E+00  0.000E+00  0.000E+00
        34.1754  0.000E+00  0.000E+00  0.000E+00  0.000E+00 -0.231E+04  0.000E+00  0.000E+00  0.000E+00  0.131E+00  0.000E+00  0.000E+00  0.000E+00  0.000E+00  0.000E+00  0.000E+00
        34.4966  0.000E+00  0.000E+00  0.000E+00  0.000E+00 -0.233E+04  0.000E+00  0.000E+00  0.000E+00  0.131E+00  0.000E+00  0.000E+00  0.000E+00  0.000E+00  0.000E+00  0.000E+00
        34.8178  0.000E+00  0.000E+00  0.000E+00  0.000E+00 -0.235E+04  0.000E+00  0.000E+00  0.000E+00  0.131E+00  0.000E+00  0.000E+00  0.000E+00  0.000E+00  0.000E+00  0.000E+00
        35.1389  0.000E+00  0.000E+00  0.000E+00  0.000E+00 -0.237E+04  0.000E+00  0.000E+00  0.000E+00  0.132E+00  0.000E+00  0.000E+00  0.000E+00  0.000E+00  0.000E+00  0.000E+00
        35.4601  0.000E+00  0.000E+00  0.000E+00  0.000E+00 -0.239E+04  0.000E+00  0.000E+00  0.000E+00  0.132E+00  0.000E+00  0.000E+00  0.000E+00  0.000E+00  0.000E+00  0.000E+00
        35.7813  0.000E+00  0.000E+00  0.000E+00  0.000E+00 -0.242E+04  0.000E+00  0.000E+00  0.000E+00  0.132E+00  0.000E+00  0.000E+00  0.000E+00  0.000E+00  0.000E+00  0.000E+00
        36.1025  0.000E+00  0.000E+00  0.000E+00  0.000E+00 -0.244E+04  0.000E+00  0.000E+00  0.000E+00  0.132E+00  0.000E+00  0.000E+00  0.000E+00  0.000E+00  0.000E+00  0.000E+00
        36.4237  0.000E+00  0.000E+00  0.000E+00  0.000E+00 -0.246E+04  0.000E+00  0.000E+00  0.000E+00  0.132E+00  0.000E+00  0.000E+00  0.000E+00  0.000E+00  0.000E+00  0.000E+00
        36.7449  0.000E+00  0.000E+00  0.000E+00  0.000E+00 -0.248E+04  0.000E+00  0.000E+00  0.000E+00  0.132E+00  0.000E+00  0.000E+00  0.000E+00  0.000E+00  0.000E+00  0.000E+00
        37.0660  0.000E+00  0.000E+00  0.000E+00  0.000E+00 -0.250E+04  0.000E+00  0.000E+00  0.000E+00  0.132E+00  0.000E+00  0.000E+00  0.000E+00  0.000E+00  0.000E+00  0.000E+00
        37.3872  0.000E+00  0.000E+00  0.000E+00  0.000E+00 -0.252E+04  0.000E+00  0.000E+00  0.000E+00  0.132E+00  0.000E+00  0.000E+00  0.000E+00  0.000E+00  0.000E+00  0.000E+00
        37.7084  0.000E+00  0.000E+00  0.000E+00  0.000E+00 -0.255E+04  0.000E+00  0.000E+00  0.000E+00  0.132E+00  0.000E+00  0.000E+00  0.000E+00  0.000E+00  0.000E+00  0.000E+00
        38.0296  0.000E+00  0.000E+00  0.000E+00  0.000E+00 -0.257E+04  0.000E+00  0.000E+00  0.000E+00  0.133E+00  0.000E+00  0.000E+00  0.000E+00  0.000E+00  0.000E+00  0.000E+00
        38.3508  0.000E+00  0.000E+00  0.000E+00  0.000E+00 -0.259E+04  0.000E+00  0.000E+00  0.000E+00  0.133E+00  0.000E+00  0.000E+00  0.000E+00  0.000E+00  0.000E+00  0.000E+00
        38.6720  0.000E+00  0.000E+00  0.000E+00  0.000E+00 -0.261E+04  0.000E+00  0.000E+00  0.000E+00  0.133E+00  0.000E+00  0.000E+00  0.000E+00  0.000E+00  0.000E+00  0.000E+00
        38.9931  0.000E+00  0.000E+00  0.000E+00  0.000E+00 -0.263E+04  0.000E+00  0.000E+00  0.000E+00  0.133E+00  0.000E+00  0.000E+00  0.000E+00  0.000E+00  0.000E+00  0.000E+00
        39.3143  0.000E+00  0.000E+00  0.000E+00  0.000E+00 -0.265E+04  0.000E+00  0.000E+00  0.000E+00  0.133E+00  0.000E+00  0.000E+00  0.000E+00  0.000E+00  0.000E+00  0.000E+00
        39.6355  0.000E+00  0.000E+00  0.000E+00  0.000E+00 -0.268E+04  0.000E+00  0.000E+00  0.000E+00  0.133E+00  0.000E+00  0.000E+00  0.000E+00  0.000E+00  0.000E+00  0.000E+00
        39.9567  0.000E+00  0.000E+00  0.000E+00  0.000E+00 -0.270E+04  0.000E+00  0.000E+00  0.000E+00  0.133E+00  0.000E+00  0.000E+00  0.000E+00  0.000E+00  0.000E+00  0.000E+00
        40.2779  0.000E+00  0.000E+00  0.000E+00  0.000E+00 -0.272E+04  0.000E+00  0.000E+00  0.000E+00  0.133E+00  0.000E+00  0.000E+00  0.000E+00  0.000E+00  0.000E+00  0.000E+00
        40.5991  0.000E+00  0.000E+00  0.000E+00  0.000E+00 -0.274E+04  0.000E+00  0.000E+00  0.000E+00  0.133E+00  0.000E+00  0.000E+00  0.000E+00  0.000E+00  0.000E+00  0.000E+00
        40.9202  0.000E+00  0.000E+00  0.000E+00  0.000E+00 -0.276E+04  0.000E+00  0.000E+00  0.000E+00  0.133E+00  0.000E+00  0.000E+00  0.000E+00  0.000E+00  0.000E+00  0.000E+00
        41.2414  0.000E+00  0.000E+00  0.000E+00  0.000E+00 -0.278E+04  0.000E+00  0.000E+00  0.000E+00  0.133E+00  0.000E+00  0.000E+00  0.000E+00  0.000E+00  0.000E+00  0.000E+00
        41.5626  0.000E+00  0.000E+00  0.000E+00  0.000E+00 -0.281E+04  0.000E+00  0.000E+00  0.000E+00  0.133E+00  0.000E+00  0.000E+00  0.000E+00  0.000E+00  0.000E+00  0.000E+00
        41.8838  0.000E+00  0.000E+00  0.000E+00  0.000E+00 -0.283E+04  0.000E+00  0.000E+00  0.000E+00  0.133E+00  0.000E+00  0.000E+00  0.000E+00  0.000E+00  0.000E+00  0.000E+00
        42.2050  0.000E+00  0.000E+00  0.000E+00  0.000E+00 -0.285E+04  0.000E+00  0.000E+00  0.000E+00  0.134E+00  0.000E+00  0.000E+00  0.000E+00  0.000E+00  0.000E+00  0.000E+00
        42.5262  0.000E+00  0.000E+00  0.000E+00  0.000E+00 -0.287E+04  0.000E+00  0.000E+00  0.000E+00  0.134E+00  0.000E+00  0.000E+00  0.000E+00  0.000E+00  0.000E+00  0.000E+00
        42.8473  0.000E+00  0.000E+00  0.000E+00  0.000E+00 -0.289E+04  0.000E+00  0.000E+00  0.000E+00  0.134E+00  0.000E+00  0.000E+00  0.000E+00  0.000E+00  0.000E+00  0.000E+00
        43.1685  0.000E+00  0.000E+00  0.000E+00  0.000E+00 -0.291E+04  0.000E+00  0.000E+00  0.000E+00  0.134E+00  0.000E+00  0.000E+00  0.000E+00  0.000E+00  0.000E+00  0.000E+00
        43.4897  0.000E+00  0.000E+00  0.000E+00  0.000E+00 -0.294E+04  0.000E+00  0.000E+00  0.000E+00  0.134E+00  0.000E+00  0.000E+00  0.000E+00  0.000E+00  0.000E+00  0.000E+00
        43.8109  0.000E+00  0.000E+00  0.000E+00  0.000E+00 -0.296E+04  0.000E+00  0.000E+00  0.000E+00  0.134E+00  0.000E+00  0.000E+00  0.000E+00  0.000E+00  0.000E+00  0.000E+00
        44.1321  0.000E+00  0.000E+00  0.000E+00  0.000E+00 -0.298E+04  0.000E+00  0.000E+00  0.000E+00  0.134E+00  0.000E+00  0.000E+00  0.000E+00  0.000E+00  0.000E+00  0.000E+00
        44.4533  0.000E+00  0.000E+00  0.000E+00  0.000E+00 -0.300E+04  0.000E+00  0.000E+00  0.000E+00  0.134E+00  0.000E+00  0.000E+00  0.000E+00  0.000E+00  0.000E+00  0.000E+00
        44.7744  0.000E+00  0.000E+00  0.000E+00  0.000E+00 -0.302E+04  0.000E+00  0.000E+00  0.000E+00  0.134E+00  0.000E+00  0.000E+00  0.000E+00  0.000E+00  0.000E+00  0.000E+00
        45.0956  0.000E+00  0.000E+00  0.000E+00  0.000E+00 -0.304E+04  0.000E+00  0.000E+00  0.000E+00  0.134E+00  0.000E+00  0.000E+00  0.000E+00  0.000E+00  0.000E+00  0.000E+00
        45.4168  0.000E+00  0.000E+00  0.000E+00  0.000E+00 -0.307E+04  0.000E+00  0.000E+00  0.000E+00  0.134E+00  0.000E+00  0.000E+00  0.000E+00  0.000E+00  0.000E+00  0.000E+00
        45.7380  0.000E+00  0.000E+00  0.000E+00  0.000E+00 -0.309E+04  0.000E+00  0.000E+00  0.000E+00  0.134E+00  0.000E+00  0.000E+00  0.000E+00  0.000E+00  0.000E+00  0.000E+00
        46.0592  0.000E+00  0.000E+00  0.000E+00  0.000E+00 -0.311E+04  0.000E+00  0.000E+00  0.000E+00  0.134E+00  0.000E+00  0.000E+00  0.000E+00  0.000E+00  0.000E+00  0.000E+00
        46.3804  0.000E+00  0.000E+00  0.000E+00  0.000E+00 -0.313E+04  0.000E+00  0.000E+00  0.000E+00  0.134E+00  0.000E+00  0.000E+00  0.000E+00  0.000E+00  0.000E+00  0.000E+00
        46.7015  0.000E+00  0.000E+00  0.000E+00  0.000E+00 -0.315E+04  0.000E+00  0.000E+00  0.000E+00  0.134E+00  0.000E+00  0.000E+00  0.000E+00  0.000E+00  0.000E+00  0.000E+00
        47.0227  0.000E+00  0.000E+00  0.000E+00  0.000E+00 -0.317E+04  0.000E+00  0.000E+00  0.000E+00  0.134E+00  0.000E+00  0.000E+00  0.000E+00  0.000E+00  0.000E+00  0.000E+00
        47.3439  0.000E+00  0.000E+00  0.000E+00  0.000E+00 -0.320E+04  0.000E+00  0.000E+00  0.000E+00  0.135E+00  0.000E+00  0.000E+00  0.000E+00  0.000E+00  0.000E+00  0.000E+00
        47.6651  0.000E+00  0.000E+00  0.000E+00  0.000E+00 -0.322E+04  0.000E+00  0.000E+00  0.000E+00  0.135E+00  0.000E+00  0.000E+00  0.000E+00  0.000E+00  0.000E+00  0.000E+00
        47.9863  0.000E+00  0.000E+00  0.000E+00  0.000E+00 -0.324E+04  0.000E+00  0.000E+00  0.000E+00  0.135E+00  0.000E+00  0.000E+00  0.000E+00  0.000E+00  0.000E+00  0.000E+00
        48.3075  0.000E+00  0.000E+00  0.000E+00  0.000E+00 -0.326E+04  0.000E+00  0.000E+00  0.000E+00  0.135E+00  0.000E+00  0.000E+00  0.000E+00  0.000E+00  0.000E+00  0.000E+00
        48.6287  0.000E+00  0.000E+00  0.000E+00  0.000E+00 -0.328E+04  0.000E+00  0.000E+00  0.000E+00  0.135E+00  0.000E+00  0.000E+00  0.000E+00  0.000E+00  0.000E+00  0.000E+00
        48.9498  0.000E+00  0.000E+00  0.000E+00  0.000E+00 -0.330E+04  0.000E+00  0.000E+00  0.000E+00  0.135E+00  0.000E+00  0.000E+00  0.000E+00  0.000E+00  0.000E+00  0.000E+00
        49.2710  0.000E+00  0.000E+00  0.000E+00  0.000E+00 -0.333E+04  0.000E+00  0.000E+00  0.000E+00  0.135E+00  0.000E+00  0.000E+00  0.000E+00  0.000E+00  0.000E+00  0.000E+00
        49.5922  0.000E+00  0.000E+00  0.000E+00  0.000E+00 -0.335E+04  0.000E+00  0.000E+00  0.000E+00  0.135E+00  0.000E+00  0.000E+00  0.000E+00  0.000E+00  0.000E+00  0.000E+00
        49.9134  0.000E+00  0.000E+00  0.000E+00  0.000E+00 -0.337E+04  0.000E+00  0.000E+00  0.000E+00  0.135E+00  0.000E+00  0.000E+00  0.000E+00  0.000E+00  0.000E+00  0.000E+00
        50.2346  0.000E+00  0.000E+00  0.000E+00  0.000E+00 -0.339E+04  0.000E+00  0.000E+00  0.000E+00  0.135E+00  0.000E+00  0.000E+00  0.000E+00  0.000E+00  0.000E+00  0.000E+00
        50.5558  0.000E+00  0.000E+00  0.000E+00  0.000E+00 -0.341E+04  0.000E+00  0.000E+00  0.000E+00  0.135E+00  0.000E+00  0.000E+00  0.000E+00  0.000E+00  0.000E+00  0.000E+00
        50.8769  0.000E+00  0.000E+00  0.000E+00  0.000E+00 -0.343E+04  0.000E+00  0.000E+00  0.000E+00  0.135E+00  0.000E+00  0.000E+00  0.000E+00  0.000E+00  0.000E+00  0.000E+00
        51.1981  0.000E+00  0.000E+00  0.000E+00  0.000E+00 -0.346E+04  0.000E+00  0.000E+00  0.000E+00  0.135E+00  0.000E+00  0.000E+00  0.000E+00  0.000E+00  0.000E+00  0.000E+00
        51.5193  0.000E+00  0.000E+00  0.000E+00  0.000E+00 -0.348E+04  0.000E+00  0.000E+00  0.000E+00  0.135E+00  0.000E+00  0.000E+00  0.000E+00  0.000E+00  0.000E+00  0.000E+00
        51.8405  0.000E+00  0.000E+00  0.000E+00  0.000E+00 -0.350E+04  0.000E+00  0.000E+00  0.000E+00  0.135E+00  0.000E+00  0.000E+00  0.000E+00  0.000E+00  0.000E+00  0.000E+00
        52.1617  0.000E+00  0.000E+00  0.000E+00  0.000E+00 -0.352E+04  0.000E+00  0.000E+00  0.000E+00  0.135E+00  0.000E+00  0.000E+00  0.000E+00  0.000E+00  0.000E+00  0.000E+00
        52.4829  0.000E+00  0.000E+00  0.000E+00  0.000E+00 -0.354E+04  0.000E+00  0.000E+00  0.000E+00  0.135E+00  0.000E+00  0.000E+00  0.000E+00  0.000E+00  0.000E+00  0.000E+00
        52.8040  0.000E+00  0.000E+00  0.000E+00  0.000E+00 -0.356E+04  0.000E+00  0.000E+00  0.000E+00  0.135E+00  0.000E+00  0.000E+00  0.000E+00  0.000E+00  0.000E+00  0.000E+00
        53.1252  0.000E+00  0.000E+00  0.000E+00  0.000E+00 -0.359E+04  0.000E+00  0.000E+00  0.000E+00  0.135E+00  0.000E+00  0.000E+00  0.000E+00  0.000E+00  0.000E+00  0.000E+00
        53.4464  0.000E+00  0.000E+00  0.000E+00  0.000E+00 -0.361E+04  0.000E+00  0.000E+00  0.000E+00  0.135E+00  0.000E+00  0.000E+00  0.000E+00  0.000E+00  0.000E+00  0.000E+00
        53.7676  0.000E+00  0.000E+00  0.000E+00  0.000E+00 -0.363E+04  0.000E+00  0.000E+00  0.000E+00  0.135E+00  0.000E+00  0.000E+00  0.000E+00  0.000E+00  0.000E+00  0.000E+00
        54.0888  0.000E+00  0.000E+00  0.000E+00  0.000E+00 -0.365E+04  0.000E+00  0.000E+00  0.000E+00  0.135E+00  0.000E+00  0.000E+00  0.000E+00  0.000E+00  0.000E+00  0.000E+00
        54.4100  0.000E+00  0.000E+00  0.000E+00  0.000E+00 -0.367E+04  0.000E+00  0.000E+00  0.000E+00  0.135E+00  0.000E+00  0.000E+00  0.000E+00  0.000E+00  0.000E+00  0.000E+00
        54.7311  0.000E+00  0.000E+00  0.000E+00  0.000E+00 -0.369E+04  0.000E+00  0.000E+00  0.000E+00  0.135E+00  0.000E+00  0.000E+00  0.000E+00  0.000E+00  0.000E+00  0.000E+00
        55.0523  0.000E+00  0.000E+00  0.000E+00  0.000E+00 -0.372E+04  0.000E+00  0.000E+00  0.000E+00  0.135E+00  0.000E+00  0.000E+00  0.000E+00  0.000E+00  0.000E+00  0.000E+00
        55.3735  0.000E+00  0.000E+00  0.000E+00  0.000E+00 -0.374E+04  0.000E+00  0.000E+00  0.000E+00  0.135E+00  0.000E+00  0.000E+00  0.000E+00  0.000E+00  0.000E+00  0.000E+00
        55.6947  0.000E+00  0.000E+00  0.000E+00  0.000E+00 -0.376E+04  0.000E+00  0.000E+00  0.000E+00  0.135E+00  0.000E+00  0.000E+00  0.000E+00  0.000E+00  0.000E+00  0.000E+00
        56.0159  0.000E+00  0.000E+00  0.000E+00  0.000E+00 -0.378E+04  0.000E+00  0.000E+00  0.000E+00  0.136E+00  0.000E+00  0.000E+00  0.000E+00  0.000E+00  0.000E+00  0.000E+00
        56.3371  0.000E+00  0.000E+00  0.000E+00  0.000E+00 -0.380E+04  0.000E+00  0.000E+00  0.000E+00  0.136E+00  0.000E+00  0.000E+00  0.000E+00  0.000E+00  0.000E+00  0.000E+00
        56.6582  0.000E+00  0.000E+00  0.000E+00  0.000E+00 -0.382E+04  0.000E+00  0.000E+00  0.000E+00  0.136E+00  0.000E+00  0.000E+00  0.000E+00  0.000E+00  0.000E+00  0.000E+00
        56.9924  0.000E+00  0.000E+00  0.000E+00  0.000E+00 -0.385E+04  0.000E+00  0.000E+00  0.000E+00  0.136E+00  0.000E+00  0.000E+00  0.000E+00  0.000E+00  0.000E+00  0.000E+00
        57.3266  0.000E+00  0.000E+00  0.000E+00  0.000E+00 -0.387E+04  0.000E+00  0.000E+00  0.000E+00  0.136E+00  0.000E+00  0.000E+00  0.000E+00  0.000E+00  0.000E+00  0.000E+00
        57.6608  0.000E+00  0.000E+00  0.000E+00  0.000E+00 -0.389E+04  0.000E+00  0.000E+00  0.000E+00  0.136E+00  0.000E+00  0.000E+00  0.000E+00  0.000E+00  0.000E+00  0.000E+00
        57.9949  0.000E+00  0.000E+00  0.000E+00  0.000E+00 -0.391E+04  0.000E+00  0.000E+00  0.000E+00  0.136E+00  0.000E+00  0.000E+00  0.000E+00  0.000E+00  0.000E+00  0.000E+00
        58.3291  0.000E+00  0.000E+00  0.000E+00  0.000E+00 -0.394E+04  0.000E+00  0.000E+00  0.000E+00  0.136E+00  0.000E+00  0.000E+00  0.000E+00  0.000E+00  0.000E+00  0.000E+00
        58.6633  0.000E+00  0.000E+00  0.000E+00  0.000E+00 -0.396E+04  0.000E+00  0.000E+00  0.000E+00  0.136E+00  0.000E+00  0.000E+00  0.000E+00  0.000E+00  0.000E+00  0.000E+00
        58.9975  0.000E+00  0.000E+00  0.000E+00  0.000E+00 -0.398E+04  0.000E+00  0.000E+00  0.000E+00  0.136E+00  0.000E+00  0.000E+00  0.000E+00  0.000E+00  0.000E+00  0.000E+00
        59.3316  0.000E+00  0.000E+00  0.000E+00  0.000E+00 -0.400E+04  0.000E+00  0.000E+00  0.000E+00  0.137E+00  0.000E+00  0.000E+00  0.000E+00  0.000E+00  0.000E+00  0.000E+00
        59.6658  0.000E+00  0.000E+00  0.000E+00  0.000E+00 -0.403E+04  0.000E+00  0.000E+00  0.000E+00  0.138E+00  0.000E+00  0.000E+00  0.000E+00  0.000E+00  0.000E+00  0.000E+00
        60.0000  0.000E+00  0.000E+00  0.000E+00  0.000E+00 -0.405E+04  0.000E+00  0.000E+00  0.000E+00  0.142E+00  0.000E+00  0.000E+00  0.000E+00  0.000E+00  0.000E+00  0.000E+00
        60.0010  0.000E+00  0.000E+00  0.000E+00  0.000E+00 -0.405E+04  0.000E+00  0.000E+00  0.000E+00  0.142E+00  0.000E+00  0.000E+00  0.000E+00  0.000E+00  0.000E+00  0.000E+00
        60.0020  0.000E+00  0.000E+00  0.000E+00  0.000E+00 -0.405E+04  0.000E+00  0.000E+00  0.000E+00  0.142E+00  0.000E+00  0.000E+00  0.000E+00  0.000E+00  0.000E+00  0.000E+00
        60.0033  0.000E+00  0.000E+00  0.000E+00  0.000E+00 -0.405E+04  0.000E+00  0.000E+00  0.000E+00  0.142E+00  0.000E+00  0.000E+00  0.000E+00  0.000E+00  0.000E+00  0.000E+00
        60.0050  0.000E+00  0.000E+00  0.000E+00  0.000E+00 -0.405E+04  0.000E+00  0.000E+00  0.000E+00  0.142E+00  0.000E+00  0.000E+00  0.000E+00  0.000E+00  0.000E+00  0.000E+00
        60.0072  0.000E+00  0.000E+00  0.000E+00  0.000E+00 -0.405E+04  0.000E+00  0.000E+00  0.000E+00  0.142E+00  0.000E+00  0.000E+00  0.000E+00  0.000E+00  0.000E+00  0.000E+00
        60.0100  0.000E+00  0.000E+00  0.000E+00  0.000E+00 -0.405E+04  0.000E+00  0.000E+00  0.000E+00  0.143E+00  0.000E+00  0.000E+00  0.000E+00  0.000E+00  0.000E+00  0.000E+00
        60.0138  0.000E+00  0.000E+00  0.000E+00  0.000E+00 -0.405E+04  0.000E+00  0.000E+00  0.000E+00  0.143E+00  0.000E+00  0.000E+00  0.000E+00  0.000E+00  0.000E+00  0.000E+00
        60.0186  0.000E+00  0.000E+00  0.000E+00  0.000E+00 -0.405E+04  0.000E+00  0.000E+00  0.000E+00  0.143E+00  0.000E+00  0.000E+00  0.000E+00  0.000E+00  0.000E+00  0.000E+00
        60.0249  0.000E+00  0.000E+00  0.000E+00  0.000E+00 -0.405E+04  0.000E+00  0.000E+00  0.000E+00  0.143E+00  0.000E+00  0.000E+00  0.000E+00  0.000E+00  0.000E+00  0.000E+00
        60.0330  0.000E+00  0.000E+00  0.000E+00  0.000E+00 -0.405E+04  0.000E+00  0.000E+00  0.000E+00  0.143E+00  0.000E+00  0.000E+00  0.000E+00  0.000E+00  0.000E+00  0.000E+00
        60.0436  0.000E+00  0.000E+00  0.000E+00  0.000E+00 -0.405E+04  0.000E+00  0.000E+00  0.000E+00  0.144E+00  0.000E+00  0.000E+00  0.000E+00  0.000E+00  0.000E+00  0.000E+00
        60.0574  0.000E+00  0.000E+00  0.000E+00  0.000E+00 -0.405E+04  0.000E+00  0.000E+00  0.000E+00  0.144E+00  0.000E+00  0.000E+00  0.000E+00  0.000E+00  0.000E+00  0.000E+00
        60.0753  0.000E+00  0.000E+00  0.000E+00  0.000E+00 -0.405E+04  0.000E+00  0.000E+00  0.000E+00  0.145E+00  0.000E+00  0.000E+00  0.000E+00  0.000E+00  0.000E+00  0.000E+00
        60.0986  0.000E+00  0.000E+00  0.000E+00  0.000E+00 -0.405E+04  0.000E+00  0.000E+00  0.000E+00  0.145E+00  0.000E+00  0.000E+00  0.000E+00  0.000E+00  0.000E+00  0.000E+00
        60.1289  0.000E+00  0.000E+00  0.000E+00  0.000E+00 -0.405E+04  0.000E+00  0.000E+00  0.000E+00  0.146E+00  0.000E+00  0.000E+00  0.000E+00  0.000E+00  0.000E+00  0.000E+00
        60.1683  0.000E+00  0.000E+00  0.000E+00  0.000E+00 -0.405E+04  0.000E+00  0.000E+00  0.000E+00  0.148E+00  0.000E+00  0.000E+00  0.000E+00  0.000E+00  0.000E+00  0.000E+00
        60.2195  0.000E+00  0.000E+00  0.000E+00  0.000E+00 -0.405E+04  0.000E+00  0.000E+00  0.000E+00  0.150E+00  0.000E+00  0.000E+00  0.000E+00  0.000E+00  0.000E+00  0.000E+00
        60.2860  0.000E+00  0.000E+00  0.000E+00  0.000E+00 -0.405E+04  0.000E+00  0.000E+00  0.000E+00  0.153E+00  0.000E+00  0.000E+00  0.000E+00  0.000E+00  0.000E+00  0.000E+00
        60.3725  0.000E+00  0.000E+00  0.000E+00  0.000E+00 -0.405E+04  0.000E+00  0.000E+00  0.000E+00  0.158E+00  0.000E+00  0.000E+00  0.000E+00  0.000E+00  0.000E+00  0.000E+00
        60.4850  0.000E+00  0.000E+00  0.000E+00  0.000E+00 -0.405E+04  0.000E+00  0.000E+00  0.000E+00  0.165E+00  0.000E+00  0.000E+00  0.000E+00  0.000E+00  0.000E+00  0.000E+00
        60.6312  0.000E+00  0.000E+00  0.000E+00  0.000E+00 -0.405E+04  0.000E+00  0.000E+00  0.000E+00  0.178E+00  0.000E+00  0.000E+00  0.000E+00  0.000E+00  0.000E+00  0.000E+00
        60.8212  0.000E+00  0.000E+00  0.000E+00  0.000E+00 -0.405E+04  0.000E+00  0.000E+00  0.000E+00  0.201E+00  0.000E+00  0.000E+00  0.000E+00  0.000E+00  0.000E+00  0.000E+00
        61.0683  0.000E+00  0.000E+00  0.000E+00  0.000E+00 -0.405E+04  0.000E+00  0.000E+00  0.000E+00  0.244E+00  0.000E+00  0.000E+00  0.000E+00  0.000E+00  0.000E+00  0.000E+00
        61.3895  0.000E+00  0.000E+00  0.000E+00  0.000E+00 -0.405E+04  0.000E+00  0.000E+00  0.000E+00  0.332E+00  0.000E+00  0.000E+00  0.000E+00  0.000E+00  0.000E+00  0.000E+00
        61.7106  0.000E+00  0.000E+00  0.000E+00  0.000E+00 -0.405E+04  0.000E+00  0.000E+00  0.000E+00  0.469E+00  0.000E+00  0.000E+00  0.000E+00  0.000E+00  0.000E+00  0.000E+00
        62.1282  0.000E+00  0.000E+00  0.000E+00  0.000E+00 -0.405E+04  0.000E+00  0.000E+00  0.000E+00  0.714E+00  0.000E+00  0.000E+00  0.000E+00  0.000E+00  0.000E+00  0.000E+00
        62.5457  0.000E+00  0.000E+00  0.000E+00  0.000E+00 -0.405E+04  0.000E+00  0.000E+00  0.000E+00  0.103E+01  0.000E+00  0.000E+00  0.000E+00  0.000E+00  0.000E+00  0.000E+00
        63.0885  0.000E+00  0.000E+00  0.000E+00  0.000E+00 -0.405E+04  0.000E+00  0.000E+00  0.000E+00  0.152E+01  0.000E+00  0.000E+00  0.000E+00  0.000E+00  0.000E+00  0.000E+00
        63.7942  0.000E+00  0.000E+00  0.000E+00  0.000E+00 -0.405E+04  0.000E+00  0.000E+00  0.000E+00  0.223E+01  0.000E+00  0.000E+00  0.000E+00  0.000E+00  0.000E+00  0.000E+00
        64.4998  0.000E+00  0.000E+00  0.000E+00  0.000E+00 -0.405E+04  0.000E+00  0.000E+00  0.000E+00  0.295E+01  0.000E+00  0.000E+00  0.000E+00  0.000E+00  0.000E+00  0.000E+00
        65.4171  0.000E+00  0.000E+00  0.000E+00  0.000E+00 -0.405E+04  0.000E+00  0.000E+00  0.000E+00  0.386E+01  0.000E+00  0.000E+00  0.000E+00  0.000E+00  0.000E+00  0.000E+00
        66.3345  0.000E+00  0.000E+00  0.000E+00  0.000E+00 -0.405E+04  0.000E+00  0.000E+00  0.000E+00  0.470E+01  0.000E+00  0.000E+00  0.000E+00  0.000E+00  0.000E+00  0.000E+00
        67.2518  0.000E+00  0.000E+00  0.000E+00  0.000E+00 -0.405E+04  0.000E+00  0.000E+00  0.000E+00  0.544E+01  0.000E+00  0.000E+00  0.000E+00  0.000E+00  0.000E+00  0.000E+00
        68.4443  0.000E+00  0.000E+00  0.000E+00  0.000E+00 -0.405E+04  0.000E+00  0.000E+00  0.000E+00  0.631E+01  0.000E+00  0.000E+00  0.000E+00  0.000E+00  0.000E+00  0.000E+00
        69.6369  0.000E+00  0.000E+00  0.000E+00  0.000E+00 -0.405E+04  0.000E+00  0.000E+00  0.000E+00  0.703E+01  0.000E+00  0.000E+00  0.000E+00  0.000E+00  0.000E+00  0.000E+00
        70.8294  0.000E+00  0.000E+00  0.000E+00  0.000E+00 -0.405E+04  0.000E+00  0.000E+00  0.000E+00  0.764E+01  0.000E+00  0.000E+00  0.000E+00  0.000E+00  0.000E+00  0.000E+00
        72.3797  0.000E+00  0.000E+00  0.000E+00  0.000E+00 -0.405E+04  0.000E+00  0.000E+00  0.000E+00  0.832E+01  0.000E+00  0.000E+00  0.000E+00  0.000E+00  0.000E+00  0.000E+00
        73.9300  0.000E+00  0.000E+00  0.000E+00  0.000E+00 -0.405E+04  0.000E+00  0.000E+00  0.000E+00  0.886E+01  0.000E+00  0.000E+00  0.000E+00  0.000E+00  0.000E+00  0.000E+00
        75.9454  0.000E+00  0.000E+00  0.000E+00  0.000E+00 -0.405E+04  0.000E+00  0.000E+00  0.000E+00  0.943E+01  0.000E+00  0.000E+00  0.000E+00  0.000E+00  0.000E+00  0.000E+00
        77.9607  0.000E+00  0.000E+00  0.000E+00  0.000E+00 -0.405E+04  0.000E+00  0.000E+00  0.000E+00  0.986E+01  0.000E+00  0.000E+00  0.000E+00  0.000E+00  0.000E+00  0.000E+00
        80.5807  0.000E+00  0.000E+00  0.000E+00  0.000E+00 -0.405E+04  0.000E+00  0.000E+00  0.000E+00  0.103E+02  0.000E+00  0.000E+00  0.000E+00  0.000E+00  0.000E+00  0.000E+00
        83.2007  0.000E+00  0.000E+00  0.000E+00  0.000E+00 -0.405E+04  0.000E+00  0.000E+00  0.000E+00  0.106E+02  0.000E+00  0.000E+00  0.000E+00  0.000E+00  0.000E+00  0.000E+00
        85.8207  0.000E+00  0.000E+00  0.000E+00  0.000E+00 -0.405E+04  0.000E+00  0.000E+00  0.000E+00  0.109E+02  0.000E+00  0.000E+00  0.000E+00  0.000E+00  0.000E+00  0.000E+00
        89.2386  0.000E+00  0.000E+00  0.000E+00  0.000E+00 -0.405E+04  0.000E+00  0.000E+00  0.000E+00  0.111E+02  0.000E+00  0.000E+00  0.000E+00  0.000E+00  0.000E+00  0.000E+00
        92.6566  0.000E+00  0.000E+00  0.000E+00  0.000E+00 -0.405E+04  0.000E+00  0.000E+00  0.000E+00  0.113E+02  0.000E+00  0.000E+00  0.000E+00  0.000E+00  0.000E+00  0.000E+00
        96.0745  0.000E+00  0.000E+00  0.000E+00  0.000E+00 -0.405E+04  0.000E+00  0.000E+00  0.000E+00  0.114E+02  0.000E+00  0.000E+00  0.000E+00  0.000E+00  0.000E+00  0.000E+00
       100.8596  0.000E+00  0.000E+00  0.000E+00  0.000E+00 -0.405E+04  0.000E+00  0.000E+00  0.000E+00  0.116E+02  0.000E+00  0.000E+00  0.000E+00  0.000E+00  0.000E+00  0.000E+00
       105.6447  0.000E+00  0.000E+00  0.000E+00  0.000E+00 -0.405E+04  0.000E+00  0.000E+00  0.000E+00  0.117E+02  0.000E+00  0.000E+00  0.000E+00  0.000E+00  0.000E+00  0.000E+00
       110.4298  0.000E+00  0.000E+00  0.000E+00  0.000E+00 -0.405E+04  0.000E+00  0.000E+00  0.000E+00  0.117E+02  0.000E+00  0.000E+00  0.000E+00  0.000E+00  0.000E+00  0.000E+00
       115.2149  0.000E+00  0.000E+00  0.000E+00  0.000E+00 -0.405E+04  0.000E+00  0.000E+00  0.000E+00  0.118E+02  0.000E+00  0.000E+00  0.000E+00  0.000E+00  0.000E+00  0.000E+00
       120.0000  0.000E+00  0.000E+00  0.000E+00  0.000E+00 -0.405E+04  0.000E+00  0.000E+00  0.000E+00  0.118E+02  0.000E+00  0.000E+00  0.000E+00  0.000E+00  0.000E+00  0.000E+00
       124.4278  0.000E+00  0.000E+00  0.000E+00  0.000E+00 -0.405E+04  0.000E+00  0.000E+00  0.000E+00  0.119E+02  0.000E+00  0.000E+00  0.000E+00  0.000E+00  0.000E+00  0.000E+00
       129.9850  0.000E+00  0.000E+00  0.000E+00  0.000E+00 -0.405E+04  0.000E+00  0.000E+00  0.000E+00  0.119E+02  0.000E+00  0.000E+00  0.000E+00  0.000E+00  0.000E+00  0.000E+00
       135.5422  0.000E+00  0.000E+00  0.000E+00  0.000E+00 -0.405E+04  0.000E+00  0.000E+00  0.000E+00  0.119E+02  0.000E+00  0.000E+00  0.000E+00  0.000E+00  0.000E+00  0.000E+00
       141.0995  0.000E+00  0.000E+00  0.000E+00  0.000E+00 -0.405E+04  0.000E+00  0.000E+00  0.000E+00  0.119E+02  0.000E+00  0.000E+00  0.000E+00  0.000E+00  0.000E+00  0.000E+00
       146.6567  0.000E+00  0.000E+00  0.000E+00  0.000E+00 -0.405E+04  0.000E+00  0.000E+00  0.000E+00  0.119E+02  0.000E+00  0.000E+00  0.000E+00  0.000E+00  0.000E+00  0.000E+00
       152.2139  0.000E+00  0.000E+00  0.000E+00  0.000E+00 -0.405E+04  0.000E+00  0.000E+00  0.000E+00  0.120E+02  0.000E+00  0.000E+00  0.000E+00  0.000E+00  0.000E+00  0.000E+00
       157.7711  0.000E+00  0.000E+00  0.000E+00  0.000E+00 -0.405E+04  0.000E+00  0.000E+00  0.000E+00  0.120E+02  0.000E+00  0.000E+00  0.000E+00  0.000E+00  0.000E+00  0.000E+00
       163.3283  0.000E+00  0.000E+00  0.000E+00  0.000E+00 -0.405E+04  0.000E+00  0.000E+00  0.000E+00  0.120E+02  0.000E+00  0.000E+00  0.000E+00  0.000E+00  0.000E+00  0.000E+00
       168.8856  0.000E+00  0.000E+00  0.000E+00  0.000E+00 -0.405E+04  0.000E+00  0.000E+00  0.000E+00  0.120E+02  0.000E+00  0.000E+00  0.000E+00  0.000E+00  0.000E+00  0.000E+00
       180.0000  0.000E+00  0.000E+00  0.000E+00  0.000E+00 -0.405E+04  0.000E+00  0.000E+00  0.000E+00  0.120E+02  0.000E+00  0.000E+00  0.000E+00  0.000E+00  0.000E+00  0.000E+00
       187.5000  0.000E+00  0.000E+00  0.000E+00  0.000E+00 -0.405E+04  0.000E+00  0.000E+00  0.000E+00  0.120E+02  0.000E+00  0.000E+00  0.000E+00  0.000E+00  0.000E+00  0.000E+00
       198.0000  0.000E+00  0.000E+00  0.000E+00  0.000E+00 -0.405E+04  0.000E+00  0.000E+00  0.000E+00  0.120E+02  0.000E+00  0.000E+00  0.000E+00  0.000E+00  0.000E+00  0.000E+00
       212.0000  0.000E+00  0.000E+00  0.000E+00  0.000E+00 -0.405E+04  0.000E+00  0.000E+00  0.000E+00  0.120E+02  0.000E+00  0.000E+00  0.000E+00  0.000E+00  0.000E+00  0.000E+00
       226.0000  0.000E+00  0.000E+00  0.000E+00  0.000E+00 -0.405E+04  0.000E+00  0.000E+00  0.000E+00  0.121E+02  0.000E+00  0.000E+00  0.000E+00  0.000E+00  0.000E+00  0.000E+00
       240.0000  0.000E+00  0.000E+00  0.000E+00  0.000E+00 -0.405E+04  0.000E+00  0.000E+00  0.000E+00  0.121E+02  0.000E+00  0.000E+00  0.000E+00  0.000E+00  0.000E+00  0.000E+00
       261.3721  0.000E+00  0.000E+00  0.000E+00  0.000E+00 -0.405E+04  0.000E+00  0.000E+00  0.000E+00  0.121E+02  0.000E+00  0.000E+00  0.000E+00  0.000E+00  0.000E+00  0.000E+00
       287.8863  0.000E+00  0.000E+00  0.000E+00  0.000E+00 -0.405E+04  0.000E+00  0.000E+00  0.000E+00  0.121E+02  0.000E+00  0.000E+00  0.000E+00  0.000E+00  0.000E+00  0.000E+00
       323.2386  0.000E+00  0.000E+00  0.000E+00  0.000E+00 -0.405E+04  0.000E+00  0.000E+00  0.000E+00  0.121E+02  0.000E+00  0.000E+00  0.000E+00  0.000E+00  0.000E+00  0.000E+00
       367.4289  0.000E+00  0.000E+00  0.000E+00  0.000E+00 -0.405E+04  0.000E+00  0.000E+00  0.000E+00  0.122E+02  0.000E+00  0.000E+00  0.000E+00  0.000E+00  0.000E+00  0.000E+00
       433.7145  0.000E+00  0.000E+00  0.000E+00  0.000E+00 -0.405E+04  0.000E+00  0.000E+00  0.000E+00  0.122E+02  0.000E+00  0.000E+00  0.000E+00  0.000E+00  0.000E+00  0.000E+00
       500.0000  0.000E+00  0.000E+00  0.000E+00  0.000E+00 -0.405E+04  0.000E+00  0.000E+00  0.000E+00  0.123E+02  0.000E+00  0.000E+00  0.000E+00  0.000E+00  0.000E+00  0.000E+00
       573.3333  0.000E+00  0.000E+00  0.000E+00  0.000E+00 -0.405E+04  0.000E+00  0.000E+00  0.000E+00  0.124E+02  0.000E+00  0.000E+00  0.000E+00  0.000E+00  0.000E+00  0.000E+00
       720.0000  0.000E+00  0.000E+00  0.000E+00  0.000E+00 -0.405E+04  0.000E+00  0.000E+00  0.000E+00  0.125E+02  0.000E+00  0.000E+00  0.000E+00  0.000E+00  0.000E+00  0.000E+00
       822.8571  0.000E+00  0.000E+00  0.000E+00  0.000E+00 -0.405E+04  0.000E+00  0.000E+00  0.000E+00  0.126E+02  0.000E+00  0.000E+00  0.000E+00  0.000E+00  0.000E+00  0.000E+00
       946.2857  0.000E+00  0.000E+00  0.000E+00  0.000E+00 -0.405E+04  0.000E+00  0.000E+00  0.000E+00  0.127E+02  0.000E+00  0.000E+00  0.000E+00  0.000E+00  0.000E+00  0.000E+00
      1110.8571  0.000E+00  0.000E+00  0.000E+00  0.000E+00 -0.405E+04  0.000E+00  0.000E+00  0.000E+00  0.128E+02  0.000E+00  0.000E+00  0.000E+00  0.000E+00  0.000E+00  0.000E+00
      1440.0000  0.000E+00  0.000E+00  0.000E+00  0.000E+00 -0.405E+04  0.000E+00  0.000E+00  0.000E+00  0.129E+02  0.000E+00  0.000E+00  0.000E+00  0.000E+00  0.000E+00  0.000E+00
      1800.0000  0.000E+00  0.000E+00  0.000E+00  0.000E+00 -0.405E+04  0.000E+00  0.000E+00  0.000E+00  0.131E+02  0.000E+00  0.000E+00  0.000E+00  0.000E+00  0.000E+00  0.000E+00
      2160.0000  0.000E+00  0.000E+00  0.000E+00  0.000E+00 -0.405E+04  0.000E+00  0.000E+00  0.000E+00  0.133E+02  0.000E+00  0.000E+00  0.000E+00  0.000E+00  0.000E+00  0.000E+00
      2520.0000  0.000E+00  0.000E+00  0.000E+00  0.000E+00 -0.405E+04  0.000E+00  0.000E+00  0.000E+00  0.135E+02  0.000E+00  0.000E+00  0.000E+00  0.000E+00  0.000E+00  0.000E+00
      2880.0000  0.000E+00  0.000E+00  0.000E+00  0.000E+00 -0.405E+04  0.000E+00  0.000E+00  0.000E+00  0.137E+02  0.000E+00  0.000E+00  0.000E+00  0.000E+00  0.000E+00  0.000E+00
end
