 FileVersion=0003
 Welcome to HYDRUS                                                       
 
 Program HYDRUS3
 Date:  12.11.2019    Time:  13:45:22
 Time dependent boundary conditions
 
 Units: L = cm   , T = min  , M = mmol 
 
 All fluxes (v) are positive out of the region
        Time       rAtm       rRoot      vAtm       vRoot      vKode3     vKode1     vSeep      vKode5     vKode6     vKode7     vKode8     vKode9    RunOff      Evapor    Infiltr     SnowLayer...
         [T]      [L/T]       [L/T]     [L/T]       [L/T]      [L3/T]     [L3/T]    [L3/T]      [L3/T]     [L3/T]     [L3/T]     [L3/T]     [L3/T]     [L/T]       [L/T]     [L/T]         [L]

         0.0010  0.000E+00  0.278E-03  0.000E+00  0.000E+00 -0.675E+02  0.000E+00  0.000E+00  0.000E+00  0.188E+00  0.000E+00  0.000E+00  0.000E+00  0.000E+00  0.000E+00  0.000E+00  0.000E+00
         0.0020  0.000E+00  0.278E-03  0.000E+00  0.000E+00 -0.675E+02  0.000E+00  0.000E+00  0.000E+00  0.183E+00  0.000E+00  0.000E+00  0.000E+00  0.000E+00  0.000E+00  0.000E+00  0.000E+00
         0.0033  0.000E+00  0.278E-03  0.000E+00  0.000E+00 -0.675E+02  0.000E+00  0.000E+00  0.000E+00  0.177E+00  0.000E+00  0.000E+00  0.000E+00  0.000E+00  0.000E+00  0.000E+00  0.000E+00
         0.0050  0.000E+00  0.278E-03  0.000E+00  0.000E+00 -0.675E+02  0.000E+00  0.000E+00  0.000E+00  0.170E+00  0.000E+00  0.000E+00  0.000E+00  0.000E+00  0.000E+00  0.000E+00  0.000E+00
         0.0072  0.000E+00  0.278E-03  0.000E+00  0.000E+00 -0.675E+02  0.000E+00  0.000E+00  0.000E+00  0.162E+00  0.000E+00  0.000E+00  0.000E+00  0.000E+00  0.000E+00  0.000E+00  0.000E+00
         0.0100  0.000E+00  0.278E-03  0.000E+00  0.000E+00 -0.675E+02  0.000E+00  0.000E+00  0.000E+00  0.154E+00  0.000E+00  0.000E+00  0.000E+00  0.000E+00  0.000E+00  0.000E+00  0.000E+00
         0.0138  0.000E+00  0.278E-03  0.000E+00  0.000E+00 -0.675E+02  0.000E+00  0.000E+00  0.000E+00  0.145E+00  0.000E+00  0.000E+00  0.000E+00  0.000E+00  0.000E+00  0.000E+00  0.000E+00
         0.0186  0.000E+00  0.278E-03  0.000E+00  0.000E+00 -0.675E+02  0.000E+00  0.000E+00  0.000E+00  0.135E+00  0.000E+00  0.000E+00  0.000E+00  0.000E+00  0.000E+00  0.000E+00  0.000E+00
         0.0249  0.000E+00  0.278E-03  0.000E+00  0.000E+00 -0.675E+02  0.000E+00  0.000E+00  0.000E+00  0.125E+00  0.000E+00  0.000E+00  0.000E+00  0.000E+00  0.000E+00  0.000E+00  0.000E+00
         0.0330  0.000E+00  0.278E-03  0.000E+00  0.000E+00 -0.675E+02  0.000E+00  0.000E+00  0.000E+00  0.115E+00  0.000E+00  0.000E+00  0.000E+00  0.000E+00  0.000E+00  0.000E+00  0.000E+00
         0.0436  0.000E+00  0.278E-03  0.000E+00  0.000E+00 -0.675E+02  0.000E+00  0.000E+00  0.000E+00  0.104E+00  0.000E+00  0.000E+00  0.000E+00  0.000E+00  0.000E+00  0.000E+00  0.000E+00
         0.0574  0.000E+00  0.278E-03  0.000E+00  0.000E+00 -0.675E+02  0.000E+00  0.000E+00  0.000E+00  0.940E-01  0.000E+00  0.000E+00  0.000E+00  0.000E+00  0.000E+00  0.000E+00  0.000E+00
         0.0712  0.000E+00  0.278E-03  0.000E+00  0.000E+00 -0.675E+02  0.000E+00  0.000E+00  0.000E+00  0.843E-01  0.000E+00  0.000E+00  0.000E+00  0.000E+00  0.000E+00  0.000E+00  0.000E+00
         0.0850  0.000E+00  0.278E-03  0.000E+00  0.000E+00 -0.675E+02  0.000E+00  0.000E+00  0.000E+00  0.767E-01  0.000E+00  0.000E+00  0.000E+00  0.000E+00  0.000E+00  0.000E+00  0.000E+00
         0.0988  0.000E+00  0.278E-03  0.000E+00  0.000E+00 -0.675E+02  0.000E+00  0.000E+00  0.000E+00  0.708E-01  0.000E+00  0.000E+00  0.000E+00  0.000E+00  0.000E+00  0.000E+00  0.000E+00
         0.1125  0.000E+00  0.278E-03  0.000E+00  0.000E+00 -0.675E+02  0.000E+00  0.000E+00  0.000E+00  0.659E-01  0.000E+00  0.000E+00  0.000E+00  0.000E+00  0.000E+00  0.000E+00  0.000E+00
         0.1263  0.000E+00  0.278E-03  0.000E+00  0.000E+00 -0.675E+02  0.000E+00  0.000E+00  0.000E+00  0.618E-01  0.000E+00  0.000E+00  0.000E+00  0.000E+00  0.000E+00  0.000E+00  0.000E+00
         0.1401  0.000E+00  0.278E-03  0.000E+00  0.000E+00 -0.675E+02  0.000E+00  0.000E+00  0.000E+00  0.584E-01  0.000E+00  0.000E+00  0.000E+00  0.000E+00  0.000E+00  0.000E+00  0.000E+00
         0.1539  0.000E+00  0.278E-03  0.000E+00  0.000E+00 -0.675E+02  0.000E+00  0.000E+00  0.000E+00  0.554E-01  0.000E+00  0.000E+00  0.000E+00  0.000E+00  0.000E+00  0.000E+00  0.000E+00
         0.1677  0.000E+00  0.278E-03  0.000E+00  0.000E+00 -0.675E+02  0.000E+00  0.000E+00  0.000E+00  0.528E-01  0.000E+00  0.000E+00  0.000E+00  0.000E+00  0.000E+00  0.000E+00  0.000E+00
         0.1856  0.000E+00  0.278E-03  0.000E+00  0.000E+00 -0.675E+02  0.000E+00  0.000E+00  0.000E+00  0.505E-01  0.000E+00  0.000E+00  0.000E+00  0.000E+00  0.000E+00  0.000E+00  0.000E+00
         0.2035  0.000E+00  0.278E-03  0.000E+00  0.000E+00 -0.675E+02  0.000E+00  0.000E+00  0.000E+00  0.480E-01  0.000E+00  0.000E+00  0.000E+00  0.000E+00  0.000E+00  0.000E+00  0.000E+00
         0.2215  0.000E+00  0.278E-03  0.000E+00  0.000E+00 -0.675E+02  0.000E+00  0.000E+00  0.000E+00  0.458E-01  0.000E+00  0.000E+00  0.000E+00  0.000E+00  0.000E+00  0.000E+00  0.000E+00
         0.2394  0.000E+00  0.278E-03  0.000E+00  0.000E+00 -0.675E+02  0.000E+00  0.000E+00  0.000E+00  0.438E-01  0.000E+00  0.000E+00  0.000E+00  0.000E+00  0.000E+00  0.000E+00  0.000E+00
         0.2573  0.000E+00  0.278E-03  0.000E+00  0.000E+00 -0.675E+02  0.000E+00  0.000E+00  0.000E+00  0.421E-01  0.000E+00  0.000E+00  0.000E+00  0.000E+00  0.000E+00  0.000E+00  0.000E+00
         0.2806  0.000E+00  0.278E-03  0.000E+00  0.000E+00 -0.675E+02  0.000E+00  0.000E+00  0.000E+00  0.406E-01  0.000E+00  0.000E+00  0.000E+00  0.000E+00  0.000E+00  0.000E+00  0.000E+00
         0.3039  0.000E+00  0.278E-03  0.000E+00  0.000E+00 -0.675E+02  0.000E+00  0.000E+00  0.000E+00  0.388E-01  0.000E+00  0.000E+00  0.000E+00  0.000E+00  0.000E+00  0.000E+00  0.000E+00
         0.3272  0.000E+00  0.278E-03  0.000E+00  0.000E+00 -0.675E+02  0.000E+00  0.000E+00  0.000E+00  0.372E-01  0.000E+00  0.000E+00  0.000E+00  0.000E+00  0.000E+00  0.000E+00  0.000E+00
         0.3505  0.000E+00  0.278E-03  0.000E+00  0.000E+00 -0.675E+02  0.000E+00  0.000E+00  0.000E+00  0.359E-01  0.000E+00  0.000E+00  0.000E+00  0.000E+00  0.000E+00  0.000E+00  0.000E+00
         0.3738  0.000E+00  0.278E-03  0.000E+00  0.000E+00 -0.675E+02  0.000E+00  0.000E+00  0.000E+00  0.346E-01  0.000E+00  0.000E+00  0.000E+00  0.000E+00  0.000E+00  0.000E+00  0.000E+00
         0.3971  0.000E+00  0.278E-03  0.000E+00  0.000E+00 -0.675E+02  0.000E+00  0.000E+00  0.000E+00  0.335E-01  0.000E+00  0.000E+00  0.000E+00  0.000E+00  0.000E+00  0.000E+00  0.000E+00
         0.4204  0.000E+00  0.278E-03  0.000E+00  0.000E+00 -0.675E+02  0.000E+00  0.000E+00  0.000E+00  0.325E-01  0.000E+00  0.000E+00  0.000E+00  0.000E+00  0.000E+00  0.000E+00  0.000E+00
         0.4437  0.000E+00  0.278E-03  0.000E+00  0.000E+00 -0.675E+02  0.000E+00  0.000E+00  0.000E+00  0.315E-01  0.000E+00  0.000E+00  0.000E+00  0.000E+00  0.000E+00  0.000E+00  0.000E+00
         0.4740  0.000E+00  0.278E-03  0.000E+00  0.000E+00 -0.675E+02  0.000E+00  0.000E+00  0.000E+00  0.307E-01  0.000E+00  0.000E+00  0.000E+00  0.000E+00  0.000E+00  0.000E+00  0.000E+00
         0.5043  0.000E+00  0.278E-03  0.000E+00  0.000E+00 -0.675E+02  0.000E+00  0.000E+00  0.000E+00  0.297E-01  0.000E+00  0.000E+00  0.000E+00  0.000E+00  0.000E+00  0.000E+00  0.000E+00
         0.5345  0.000E+00  0.278E-03  0.000E+00  0.000E+00 -0.675E+02  0.000E+00  0.000E+00  0.000E+00  0.287E-01  0.000E+00  0.000E+00  0.000E+00  0.000E+00  0.000E+00  0.000E+00  0.000E+00
         0.5648  0.000E+00  0.278E-03  0.000E+00  0.000E+00 -0.675E+02  0.000E+00  0.000E+00  0.000E+00  0.279E-01  0.000E+00  0.000E+00  0.000E+00  0.000E+00  0.000E+00  0.000E+00  0.000E+00
         0.5951  0.000E+00  0.278E-03  0.000E+00  0.000E+00 -0.675E+02  0.000E+00  0.000E+00  0.000E+00  0.271E-01  0.000E+00  0.000E+00  0.000E+00  0.000E+00  0.000E+00  0.000E+00  0.000E+00
         0.6254  0.000E+00  0.278E-03  0.000E+00  0.000E+00 -0.675E+02  0.000E+00  0.000E+00  0.000E+00  0.264E-01  0.000E+00  0.000E+00  0.000E+00  0.000E+00  0.000E+00  0.000E+00  0.000E+00
         0.6557  0.000E+00  0.278E-03  0.000E+00  0.000E+00 -0.675E+02  0.000E+00  0.000E+00  0.000E+00  0.257E-01  0.000E+00  0.000E+00  0.000E+00  0.000E+00  0.000E+00  0.000E+00  0.000E+00
         0.6860  0.000E+00  0.278E-03  0.000E+00  0.000E+00 -0.675E+02  0.000E+00  0.000E+00  0.000E+00  0.251E-01  0.000E+00  0.000E+00  0.000E+00  0.000E+00  0.000E+00  0.000E+00  0.000E+00
         0.7163  0.000E+00  0.278E-03  0.000E+00  0.000E+00 -0.675E+02  0.000E+00  0.000E+00  0.000E+00  0.245E-01  0.000E+00  0.000E+00  0.000E+00  0.000E+00  0.000E+00  0.000E+00  0.000E+00
         0.7466  0.000E+00  0.278E-03  0.000E+00  0.000E+00 -0.675E+02  0.000E+00  0.000E+00  0.000E+00  0.240E-01  0.000E+00  0.000E+00  0.000E+00  0.000E+00  0.000E+00  0.000E+00  0.000E+00
         0.7768  0.000E+00  0.278E-03  0.000E+00  0.000E+00 -0.675E+02  0.000E+00  0.000E+00  0.000E+00  0.235E-01  0.000E+00  0.000E+00  0.000E+00  0.000E+00  0.000E+00  0.000E+00  0.000E+00
         0.8071  0.000E+00  0.278E-03  0.000E+00  0.000E+00 -0.675E+02  0.000E+00  0.000E+00  0.000E+00  0.230E-01  0.000E+00  0.000E+00  0.000E+00  0.000E+00  0.000E+00  0.000E+00  0.000E+00
         0.8374  0.000E+00  0.278E-03  0.000E+00  0.000E+00 -0.675E+02  0.000E+00  0.000E+00  0.000E+00  0.225E-01  0.000E+00  0.000E+00  0.000E+00  0.000E+00  0.000E+00  0.000E+00  0.000E+00
         0.8677  0.000E+00  0.278E-03  0.000E+00  0.000E+00 -0.675E+02  0.000E+00  0.000E+00  0.000E+00  0.221E-01  0.000E+00  0.000E+00  0.000E+00  0.000E+00  0.000E+00  0.000E+00  0.000E+00
         0.8980  0.000E+00  0.278E-03  0.000E+00  0.000E+00 -0.675E+02  0.000E+00  0.000E+00  0.000E+00  0.217E-01  0.000E+00  0.000E+00  0.000E+00  0.000E+00  0.000E+00  0.000E+00  0.000E+00
         0.9283  0.000E+00  0.278E-03  0.000E+00  0.000E+00 -0.675E+02  0.000E+00  0.000E+00  0.000E+00  0.213E-01  0.000E+00  0.000E+00  0.000E+00  0.000E+00  0.000E+00  0.000E+00  0.000E+00
         0.9677  0.000E+00  0.278E-03  0.000E+00  0.000E+00 -0.675E+02  0.000E+00  0.000E+00  0.000E+00  0.209E-01  0.000E+00  0.000E+00  0.000E+00  0.000E+00  0.000E+00  0.000E+00  0.000E+00
         1.0070  0.000E+00  0.278E-03  0.000E+00  0.000E+00 -0.675E+02  0.000E+00  0.000E+00  0.000E+00  0.205E-01  0.000E+00  0.000E+00  0.000E+00  0.000E+00  0.000E+00  0.000E+00  0.000E+00
         1.0464  0.000E+00  0.278E-03  0.000E+00  0.000E+00 -0.675E+02  0.000E+00  0.000E+00  0.000E+00  0.200E-01  0.000E+00  0.000E+00  0.000E+00  0.000E+00  0.000E+00  0.000E+00  0.000E+00
         1.0858  0.000E+00  0.278E-03  0.000E+00  0.000E+00 -0.675E+02  0.000E+00  0.000E+00  0.000E+00  0.196E-01  0.000E+00  0.000E+00  0.000E+00  0.000E+00  0.000E+00  0.000E+00  0.000E+00
         1.1252  0.000E+00  0.278E-03  0.000E+00  0.000E+00 -0.675E+02  0.000E+00  0.000E+00  0.000E+00  0.192E-01  0.000E+00  0.000E+00  0.000E+00  0.000E+00  0.000E+00  0.000E+00  0.000E+00
         1.1645  0.000E+00  0.278E-03  0.000E+00  0.000E+00 -0.675E+02  0.000E+00  0.000E+00  0.000E+00  0.188E-01  0.000E+00  0.000E+00  0.000E+00  0.000E+00  0.000E+00  0.000E+00  0.000E+00
         1.2039  0.000E+00  0.278E-03  0.000E+00  0.000E+00 -0.675E+02  0.000E+00  0.000E+00  0.000E+00  0.185E-01  0.000E+00  0.000E+00  0.000E+00  0.000E+00  0.000E+00  0.000E+00  0.000E+00
         1.2433  0.000E+00  0.278E-03  0.000E+00  0.000E+00 -0.675E+02  0.000E+00  0.000E+00  0.000E+00  0.181E-01  0.000E+00  0.000E+00  0.000E+00  0.000E+00  0.000E+00  0.000E+00  0.000E+00
         1.2826  0.000E+00  0.278E-03  0.000E+00  0.000E+00 -0.675E+02  0.000E+00  0.000E+00  0.000E+00  0.178E-01  0.000E+00  0.000E+00  0.000E+00  0.000E+00  0.000E+00  0.000E+00  0.000E+00
         1.3220  0.000E+00  0.278E-03  0.000E+00  0.000E+00 -0.675E+02  0.000E+00  0.000E+00  0.000E+00  0.175E-01  0.000E+00  0.000E+00  0.000E+00  0.000E+00  0.000E+00  0.000E+00  0.000E+00
         1.3614  0.000E+00  0.278E-03  0.000E+00  0.000E+00 -0.675E+02  0.000E+00  0.000E+00  0.000E+00  0.172E-01  0.000E+00  0.000E+00  0.000E+00  0.000E+00  0.000E+00  0.000E+00  0.000E+00
         1.4008  0.000E+00  0.278E-03  0.000E+00  0.000E+00 -0.675E+02  0.000E+00  0.000E+00  0.000E+00  0.169E-01  0.000E+00  0.000E+00  0.000E+00  0.000E+00  0.000E+00  0.000E+00  0.000E+00
         1.4401  0.000E+00  0.278E-03  0.000E+00  0.000E+00 -0.675E+02  0.000E+00  0.000E+00  0.000E+00  0.166E-01  0.000E+00  0.000E+00  0.000E+00  0.000E+00  0.000E+00  0.000E+00  0.000E+00
         1.4795  0.000E+00  0.278E-03  0.000E+00  0.000E+00 -0.675E+02  0.000E+00  0.000E+00  0.000E+00  0.163E-01  0.000E+00  0.000E+00  0.000E+00  0.000E+00  0.000E+00  0.000E+00  0.000E+00
         1.5189  0.000E+00  0.278E-03  0.000E+00  0.000E+00 -0.675E+02  0.000E+00  0.000E+00  0.000E+00  0.161E-01  0.000E+00  0.000E+00  0.000E+00  0.000E+00  0.000E+00  0.000E+00  0.000E+00
         1.5701  0.000E+00  0.278E-03  0.000E+00  0.000E+00 -0.675E+02  0.000E+00  0.000E+00  0.000E+00  0.158E-01  0.000E+00  0.000E+00  0.000E+00  0.000E+00  0.000E+00  0.000E+00  0.000E+00
         1.6213  0.000E+00  0.278E-03  0.000E+00  0.000E+00 -0.675E+02  0.000E+00  0.000E+00  0.000E+00  0.155E-01  0.000E+00  0.000E+00  0.000E+00  0.000E+00  0.000E+00  0.000E+00  0.000E+00
         1.6724  0.000E+00  0.278E-03  0.000E+00  0.000E+00 -0.675E+02  0.000E+00  0.000E+00  0.000E+00  0.152E-01  0.000E+00  0.000E+00  0.000E+00  0.000E+00  0.000E+00  0.000E+00  0.000E+00
         1.7236  0.000E+00  0.278E-03  0.000E+00  0.000E+00 -0.675E+02  0.000E+00  0.000E+00  0.000E+00  0.149E-01  0.000E+00  0.000E+00  0.000E+00  0.000E+00  0.000E+00  0.000E+00  0.000E+00
         1.7748  0.000E+00  0.278E-03  0.000E+00  0.000E+00 -0.675E+02  0.000E+00  0.000E+00  0.000E+00  0.146E-01  0.000E+00  0.000E+00  0.000E+00  0.000E+00  0.000E+00  0.000E+00  0.000E+00
         1.8260  0.000E+00  0.278E-03  0.000E+00  0.000E+00 -0.675E+02  0.000E+00  0.000E+00  0.000E+00  0.143E-01  0.000E+00  0.000E+00  0.000E+00  0.000E+00  0.000E+00  0.000E+00  0.000E+00
         1.8772  0.000E+00  0.278E-03  0.000E+00  0.000E+00 -0.675E+02  0.000E+00  0.000E+00  0.000E+00  0.141E-01  0.000E+00  0.000E+00  0.000E+00  0.000E+00  0.000E+00  0.000E+00  0.000E+00
         1.9284  0.000E+00  0.278E-03  0.000E+00  0.000E+00 -0.675E+02  0.000E+00  0.000E+00  0.000E+00  0.138E-01  0.000E+00  0.000E+00  0.000E+00  0.000E+00  0.000E+00  0.000E+00  0.000E+00
         1.9796  0.000E+00  0.278E-03  0.000E+00  0.000E+00 -0.675E+02  0.000E+00  0.000E+00  0.000E+00  0.136E-01  0.000E+00  0.000E+00  0.000E+00  0.000E+00  0.000E+00  0.000E+00  0.000E+00
         2.0307  0.000E+00  0.278E-03  0.000E+00  0.000E+00 -0.675E+02  0.000E+00  0.000E+00  0.000E+00  0.133E-01  0.000E+00  0.000E+00  0.000E+00  0.000E+00  0.000E+00  0.000E+00  0.000E+00
         2.0973  0.000E+00  0.278E-03  0.000E+00  0.000E+00 -0.675E+02  0.000E+00  0.000E+00  0.000E+00  0.131E-01  0.000E+00  0.000E+00  0.000E+00  0.000E+00  0.000E+00  0.000E+00  0.000E+00
         2.1638  0.000E+00  0.278E-03  0.000E+00  0.000E+00 -0.675E+02  0.000E+00  0.000E+00  0.000E+00  0.128E-01  0.000E+00  0.000E+00  0.000E+00  0.000E+00  0.000E+00  0.000E+00  0.000E+00
         2.2304  0.000E+00  0.278E-03  0.000E+00  0.000E+00 -0.675E+02  0.000E+00  0.000E+00  0.000E+00  0.126E-01  0.000E+00  0.000E+00  0.000E+00  0.000E+00  0.000E+00  0.000E+00  0.000E+00
         2.2969  0.000E+00  0.278E-03  0.000E+00  0.000E+00 -0.675E+02  0.000E+00  0.000E+00  0.000E+00  0.123E-01  0.000E+00  0.000E+00  0.000E+00  0.000E+00  0.000E+00  0.000E+00  0.000E+00
         2.3635  0.000E+00  0.278E-03  0.000E+00  0.000E+00 -0.675E+02  0.000E+00  0.000E+00  0.000E+00  0.121E-01  0.000E+00  0.000E+00  0.000E+00  0.000E+00  0.000E+00  0.000E+00  0.000E+00
         2.4300  0.000E+00  0.278E-03  0.000E+00  0.000E+00 -0.675E+02  0.000E+00  0.000E+00  0.000E+00  0.118E-01  0.000E+00  0.000E+00  0.000E+00  0.000E+00  0.000E+00  0.000E+00  0.000E+00
         2.4965  0.000E+00  0.278E-03  0.000E+00  0.000E+00 -0.675E+02  0.000E+00  0.000E+00  0.000E+00  0.116E-01  0.000E+00  0.000E+00  0.000E+00  0.000E+00  0.000E+00  0.000E+00  0.000E+00
         2.5631  0.000E+00  0.278E-03  0.000E+00  0.000E+00 -0.675E+02  0.000E+00  0.000E+00  0.000E+00  0.113E-01  0.000E+00  0.000E+00  0.000E+00  0.000E+00  0.000E+00  0.000E+00  0.000E+00
         2.6496  0.000E+00  0.278E-03  0.000E+00  0.000E+00 -0.675E+02  0.000E+00  0.000E+00  0.000E+00  0.111E-01  0.000E+00  0.000E+00  0.000E+00  0.000E+00  0.000E+00  0.000E+00  0.000E+00
         2.7361  0.000E+00  0.278E-03  0.000E+00  0.000E+00 -0.675E+02  0.000E+00  0.000E+00  0.000E+00  0.109E-01  0.000E+00  0.000E+00  0.000E+00  0.000E+00  0.000E+00  0.000E+00  0.000E+00
         2.8226  0.000E+00  0.278E-03  0.000E+00  0.000E+00 -0.675E+02  0.000E+00  0.000E+00  0.000E+00  0.106E-01  0.000E+00  0.000E+00  0.000E+00  0.000E+00  0.000E+00  0.000E+00  0.000E+00
         2.9091  0.000E+00  0.278E-03  0.000E+00  0.000E+00 -0.675E+02  0.000E+00  0.000E+00  0.000E+00  0.104E-01  0.000E+00  0.000E+00  0.000E+00  0.000E+00  0.000E+00  0.000E+00  0.000E+00
         2.9956  0.000E+00  0.278E-03  0.000E+00  0.000E+00 -0.675E+02  0.000E+00  0.000E+00  0.000E+00  0.101E-01  0.000E+00  0.000E+00  0.000E+00  0.000E+00  0.000E+00  0.000E+00  0.000E+00
         3.0821  0.000E+00  0.278E-03  0.000E+00  0.000E+00 -0.675E+02  0.000E+00  0.000E+00  0.000E+00  0.988E-02  0.000E+00  0.000E+00  0.000E+00  0.000E+00  0.000E+00  0.000E+00  0.000E+00
         3.1686  0.000E+00  0.278E-03  0.000E+00  0.000E+00 -0.675E+02  0.000E+00  0.000E+00  0.000E+00  0.966E-02  0.000E+00  0.000E+00  0.000E+00  0.000E+00  0.000E+00  0.000E+00  0.000E+00
         3.2551  0.000E+00  0.278E-03  0.000E+00  0.000E+00 -0.675E+02  0.000E+00  0.000E+00  0.000E+00  0.945E-02  0.000E+00  0.000E+00  0.000E+00  0.000E+00  0.000E+00  0.000E+00  0.000E+00
         3.3416  0.000E+00  0.278E-03  0.000E+00  0.000E+00 -0.675E+02  0.000E+00  0.000E+00  0.000E+00  0.925E-02  0.000E+00  0.000E+00  0.000E+00  0.000E+00  0.000E+00  0.000E+00  0.000E+00
         3.4541  0.000E+00  0.278E-03  0.000E+00  0.000E+00 -0.675E+02  0.000E+00  0.000E+00  0.000E+00  0.905E-02  0.000E+00  0.000E+00  0.000E+00  0.000E+00  0.000E+00  0.000E+00  0.000E+00
         3.5665  0.000E+00  0.278E-03  0.000E+00  0.000E+00 -0.675E+02  0.000E+00  0.000E+00  0.000E+00  0.881E-02  0.000E+00  0.000E+00  0.000E+00  0.000E+00  0.000E+00  0.000E+00  0.000E+00
         3.6790  0.000E+00  0.278E-03  0.000E+00  0.000E+00 -0.675E+02  0.000E+00  0.000E+00  0.000E+00  0.857E-02  0.000E+00  0.000E+00  0.000E+00  0.000E+00  0.000E+00  0.000E+00  0.000E+00
         3.7914  0.000E+00  0.278E-03  0.000E+00  0.000E+00 -0.675E+02  0.000E+00  0.000E+00  0.000E+00  0.835E-02  0.000E+00  0.000E+00  0.000E+00  0.000E+00  0.000E+00  0.000E+00  0.000E+00
         3.9039  0.000E+00  0.278E-03  0.000E+00  0.000E+00 -0.675E+02  0.000E+00  0.000E+00  0.000E+00  0.814E-02  0.000E+00  0.000E+00  0.000E+00  0.000E+00  0.000E+00  0.000E+00  0.000E+00
         4.0135  0.000E+00  0.278E-03  0.000E+00  0.000E+00 -0.675E+02  0.000E+00  0.000E+00  0.000E+00  0.793E-02  0.000E+00  0.000E+00  0.000E+00  0.000E+00  0.000E+00  0.000E+00  0.000E+00
         4.1231  0.000E+00  0.278E-03  0.000E+00  0.000E+00 -0.675E+02  0.000E+00  0.000E+00  0.000E+00  0.774E-02  0.000E+00  0.000E+00  0.000E+00  0.000E+00  0.000E+00  0.000E+00  0.000E+00
         4.2327  0.000E+00  0.278E-03  0.000E+00  0.000E+00 -0.675E+02  0.000E+00  0.000E+00  0.000E+00  0.756E-02  0.000E+00  0.000E+00  0.000E+00  0.000E+00  0.000E+00  0.000E+00  0.000E+00
         4.3423  0.000E+00  0.278E-03  0.000E+00  0.000E+00 -0.675E+02  0.000E+00  0.000E+00  0.000E+00  0.738E-02  0.000E+00  0.000E+00  0.000E+00  0.000E+00  0.000E+00  0.000E+00  0.000E+00
         4.4519  0.000E+00  0.278E-03  0.000E+00  0.000E+00 -0.675E+02  0.000E+00  0.000E+00  0.000E+00  0.721E-02  0.000E+00  0.000E+00  0.000E+00  0.000E+00  0.000E+00  0.000E+00  0.000E+00
         4.5616  0.000E+00  0.278E-03  0.000E+00  0.000E+00 -0.675E+02  0.000E+00  0.000E+00  0.000E+00  0.704E-02  0.000E+00  0.000E+00  0.000E+00  0.000E+00  0.000E+00  0.000E+00  0.000E+00
         4.6712  0.000E+00  0.278E-03  0.000E+00  0.000E+00 -0.675E+02  0.000E+00  0.000E+00  0.000E+00  0.689E-02  0.000E+00  0.000E+00  0.000E+00  0.000E+00  0.000E+00  0.000E+00  0.000E+00
         4.7808  0.000E+00  0.278E-03  0.000E+00  0.000E+00 -0.675E+02  0.000E+00  0.000E+00  0.000E+00  0.673E-02  0.000E+00  0.000E+00  0.000E+00  0.000E+00  0.000E+00  0.000E+00  0.000E+00
         4.8904  0.000E+00  0.278E-03  0.000E+00  0.000E+00 -0.675E+02  0.000E+00  0.000E+00  0.000E+00  0.659E-02  0.000E+00  0.000E+00  0.000E+00  0.000E+00  0.000E+00  0.000E+00  0.000E+00
         5.0000  0.000E+00  0.278E-03  0.000E+00  0.000E+00 -0.675E+02  0.000E+00  0.000E+00  0.000E+00  0.645E-02  0.000E+00  0.000E+00  0.000E+00  0.000E+00  0.000E+00  0.000E+00  0.000E+00
         5.1125  0.000E+00  0.278E-03  0.000E+00  0.000E+00 -0.675E+02  0.000E+00  0.000E+00  0.000E+00  0.631E-02  0.000E+00  0.000E+00  0.000E+00  0.000E+00  0.000E+00  0.000E+00  0.000E+00
         5.2249  0.000E+00  0.278E-03  0.000E+00  0.000E+00 -0.675E+02  0.000E+00  0.000E+00  0.000E+00  0.617E-02  0.000E+00  0.000E+00  0.000E+00  0.000E+00  0.000E+00  0.000E+00  0.000E+00
         5.3374  0.000E+00  0.278E-03  0.000E+00  0.000E+00 -0.675E+02  0.000E+00  0.000E+00  0.000E+00  0.604E-02  0.000E+00  0.000E+00  0.000E+00  0.000E+00  0.000E+00  0.000E+00  0.000E+00
         5.4498  0.000E+00  0.278E-03  0.000E+00  0.000E+00 -0.675E+02  0.000E+00  0.000E+00  0.000E+00  0.592E-02  0.000E+00  0.000E+00  0.000E+00  0.000E+00  0.000E+00  0.000E+00  0.000E+00
         5.5623  0.000E+00  0.278E-03  0.000E+00  0.000E+00 -0.675E+02  0.000E+00  0.000E+00  0.000E+00  0.579E-02  0.000E+00  0.000E+00  0.000E+00  0.000E+00  0.000E+00  0.000E+00  0.000E+00
         5.6747  0.000E+00  0.278E-03  0.000E+00  0.000E+00 -0.675E+02  0.000E+00  0.000E+00  0.000E+00  0.567E-02  0.000E+00  0.000E+00  0.000E+00  0.000E+00  0.000E+00  0.000E+00  0.000E+00
         5.7872  0.000E+00  0.278E-03  0.000E+00  0.000E+00 -0.675E+02  0.000E+00  0.000E+00  0.000E+00  0.556E-02  0.000E+00  0.000E+00  0.000E+00  0.000E+00  0.000E+00  0.000E+00  0.000E+00
         5.8996  0.000E+00  0.278E-03  0.000E+00  0.000E+00 -0.675E+02  0.000E+00  0.000E+00  0.000E+00  0.545E-02  0.000E+00  0.000E+00  0.000E+00  0.000E+00  0.000E+00  0.000E+00  0.000E+00
         6.0121  0.000E+00  0.278E-03  0.000E+00  0.000E+00 -0.675E+02  0.000E+00  0.000E+00  0.000E+00  0.534E-02  0.000E+00  0.000E+00  0.000E+00  0.000E+00  0.000E+00  0.000E+00  0.000E+00
         6.1246  0.000E+00  0.278E-03  0.000E+00  0.000E+00 -0.675E+02  0.000E+00  0.000E+00  0.000E+00  0.524E-02  0.000E+00  0.000E+00  0.000E+00  0.000E+00  0.000E+00  0.000E+00  0.000E+00
         6.2707  0.000E+00  0.278E-03  0.000E+00  0.000E+00 -0.675E+02  0.000E+00  0.000E+00  0.000E+00  0.514E-02  0.000E+00  0.000E+00  0.000E+00  0.000E+00  0.000E+00  0.000E+00  0.000E+00
         6.4169  0.000E+00  0.278E-03  0.000E+00  0.000E+00 -0.675E+02  0.000E+00  0.000E+00  0.000E+00  0.501E-02  0.000E+00  0.000E+00  0.000E+00  0.000E+00  0.000E+00  0.000E+00  0.000E+00
         6.5631  0.000E+00  0.278E-03  0.000E+00  0.000E+00 -0.675E+02  0.000E+00  0.000E+00  0.000E+00  0.489E-02  0.000E+00  0.000E+00  0.000E+00  0.000E+00  0.000E+00  0.000E+00  0.000E+00
         6.7093  0.000E+00  0.278E-03  0.000E+00  0.000E+00 -0.675E+02  0.000E+00  0.000E+00  0.000E+00  0.477E-02  0.000E+00  0.000E+00  0.000E+00  0.000E+00  0.000E+00  0.000E+00  0.000E+00
         6.8555  0.000E+00  0.278E-03  0.000E+00  0.000E+00 -0.675E+02  0.000E+00  0.000E+00  0.000E+00  0.466E-02  0.000E+00  0.000E+00  0.000E+00  0.000E+00  0.000E+00  0.000E+00  0.000E+00
         7.0017  0.000E+00  0.278E-03  0.000E+00  0.000E+00 -0.675E+02  0.000E+00  0.000E+00  0.000E+00  0.455E-02  0.000E+00  0.000E+00  0.000E+00  0.000E+00  0.000E+00  0.000E+00  0.000E+00
         7.1479  0.000E+00  0.278E-03  0.000E+00  0.000E+00 -0.675E+02  0.000E+00  0.000E+00  0.000E+00  0.444E-02  0.000E+00  0.000E+00  0.000E+00  0.000E+00  0.000E+00  0.000E+00  0.000E+00
         7.2941  0.000E+00  0.278E-03  0.000E+00  0.000E+00 -0.675E+02  0.000E+00  0.000E+00  0.000E+00  0.434E-02  0.000E+00  0.000E+00  0.000E+00  0.000E+00  0.000E+00  0.000E+00  0.000E+00
         7.4403  0.000E+00  0.278E-03  0.000E+00  0.000E+00 -0.675E+02  0.000E+00  0.000E+00  0.000E+00  0.425E-02  0.000E+00  0.000E+00  0.000E+00  0.000E+00  0.000E+00  0.000E+00  0.000E+00
         7.5865  0.000E+00  0.278E-03  0.000E+00  0.000E+00 -0.675E+02  0.000E+00  0.000E+00  0.000E+00  0.415E-02  0.000E+00  0.000E+00  0.000E+00  0.000E+00  0.000E+00  0.000E+00  0.000E+00
         7.7327  0.000E+00  0.278E-03  0.000E+00  0.000E+00 -0.675E+02  0.000E+00  0.000E+00  0.000E+00  0.406E-02  0.000E+00  0.000E+00  0.000E+00  0.000E+00  0.000E+00  0.000E+00  0.000E+00
         7.8789  0.000E+00  0.278E-03  0.000E+00  0.000E+00 -0.675E+02  0.000E+00  0.000E+00  0.000E+00  0.397E-02  0.000E+00  0.000E+00  0.000E+00  0.000E+00  0.000E+00  0.000E+00  0.000E+00
         8.0250  0.000E+00  0.278E-03  0.000E+00  0.000E+00 -0.675E+02  0.000E+00  0.000E+00  0.000E+00  0.389E-02  0.000E+00  0.000E+00  0.000E+00  0.000E+00  0.000E+00  0.000E+00  0.000E+00
         8.1712  0.000E+00  0.278E-03  0.000E+00  0.000E+00 -0.675E+02  0.000E+00  0.000E+00  0.000E+00  0.380E-02  0.000E+00  0.000E+00  0.000E+00  0.000E+00  0.000E+00  0.000E+00  0.000E+00
         8.3174  0.000E+00  0.278E-03  0.000E+00  0.000E+00 -0.675E+02  0.000E+00  0.000E+00  0.000E+00  0.372E-02  0.000E+00  0.000E+00  0.000E+00  0.000E+00  0.000E+00  0.000E+00  0.000E+00
         8.4636  0.000E+00  0.278E-03  0.000E+00  0.000E+00 -0.675E+02  0.000E+00  0.000E+00  0.000E+00  0.365E-02  0.000E+00  0.000E+00  0.000E+00  0.000E+00  0.000E+00  0.000E+00  0.000E+00
         8.6098  0.000E+00  0.278E-03  0.000E+00  0.000E+00 -0.675E+02  0.000E+00  0.000E+00  0.000E+00  0.357E-02  0.000E+00  0.000E+00  0.000E+00  0.000E+00  0.000E+00  0.000E+00  0.000E+00
         8.7560  0.000E+00  0.278E-03  0.000E+00  0.000E+00 -0.675E+02  0.000E+00  0.000E+00  0.000E+00  0.350E-02  0.000E+00  0.000E+00  0.000E+00  0.000E+00  0.000E+00  0.000E+00  0.000E+00
         8.9022  0.000E+00  0.278E-03  0.000E+00  0.000E+00 -0.675E+02  0.000E+00  0.000E+00  0.000E+00  0.343E-02  0.000E+00  0.000E+00  0.000E+00  0.000E+00  0.000E+00  0.000E+00  0.000E+00
         9.0484  0.000E+00  0.278E-03  0.000E+00  0.000E+00 -0.675E+02  0.000E+00  0.000E+00  0.000E+00  0.336E-02  0.000E+00  0.000E+00  0.000E+00  0.000E+00  0.000E+00  0.000E+00  0.000E+00
         9.1946  0.000E+00  0.278E-03  0.000E+00  0.000E+00 -0.675E+02  0.000E+00  0.000E+00  0.000E+00  0.330E-02  0.000E+00  0.000E+00  0.000E+00  0.000E+00  0.000E+00  0.000E+00  0.000E+00
         9.3408  0.000E+00  0.278E-03  0.000E+00  0.000E+00 -0.675E+02  0.000E+00  0.000E+00  0.000E+00  0.323E-02  0.000E+00  0.000E+00  0.000E+00  0.000E+00  0.000E+00  0.000E+00  0.000E+00
         9.4870  0.000E+00  0.278E-03  0.000E+00  0.000E+00 -0.675E+02  0.000E+00  0.000E+00  0.000E+00  0.317E-02  0.000E+00  0.000E+00  0.000E+00  0.000E+00  0.000E+00  0.000E+00  0.000E+00
         9.6332  0.000E+00  0.278E-03  0.000E+00  0.000E+00 -0.675E+02  0.000E+00  0.000E+00  0.000E+00  0.311E-02  0.000E+00  0.000E+00  0.000E+00  0.000E+00  0.000E+00  0.000E+00  0.000E+00
         9.7794  0.000E+00  0.278E-03  0.000E+00  0.000E+00 -0.675E+02  0.000E+00  0.000E+00  0.000E+00  0.305E-02  0.000E+00  0.000E+00  0.000E+00  0.000E+00  0.000E+00  0.000E+00  0.000E+00
         9.9255  0.000E+00  0.278E-03  0.000E+00  0.000E+00 -0.675E+02  0.000E+00  0.000E+00  0.000E+00  0.299E-02  0.000E+00  0.000E+00  0.000E+00  0.000E+00  0.000E+00  0.000E+00  0.000E+00
        10.0717  0.000E+00  0.278E-03  0.000E+00  0.000E+00 -0.675E+02  0.000E+00  0.000E+00  0.000E+00  0.294E-02  0.000E+00  0.000E+00  0.000E+00  0.000E+00  0.000E+00  0.000E+00  0.000E+00
        10.2179  0.000E+00  0.278E-03  0.000E+00  0.000E+00 -0.675E+02  0.000E+00  0.000E+00  0.000E+00  0.288E-02  0.000E+00  0.000E+00  0.000E+00  0.000E+00  0.000E+00  0.000E+00  0.000E+00
        10.3641  0.000E+00  0.278E-03  0.000E+00  0.000E+00 -0.675E+02  0.000E+00  0.000E+00  0.000E+00  0.283E-02  0.000E+00  0.000E+00  0.000E+00  0.000E+00  0.000E+00  0.000E+00  0.000E+00
        10.5103  0.000E+00  0.278E-03  0.000E+00  0.000E+00 -0.675E+02  0.000E+00  0.000E+00  0.000E+00  0.278E-02  0.000E+00  0.000E+00  0.000E+00  0.000E+00  0.000E+00  0.000E+00  0.000E+00
        10.7004  0.000E+00  0.278E-03  0.000E+00  0.000E+00 -0.675E+02  0.000E+00  0.000E+00  0.000E+00  0.273E-02  0.000E+00  0.000E+00  0.000E+00  0.000E+00  0.000E+00  0.000E+00  0.000E+00
        10.8904  0.000E+00  0.278E-03  0.000E+00  0.000E+00 -0.675E+02  0.000E+00  0.000E+00  0.000E+00  0.267E-02  0.000E+00  0.000E+00  0.000E+00  0.000E+00  0.000E+00  0.000E+00  0.000E+00
        11.0805  0.000E+00  0.278E-03  0.000E+00  0.000E+00 -0.675E+02  0.000E+00  0.000E+00  0.000E+00  0.261E-02  0.000E+00  0.000E+00  0.000E+00  0.000E+00  0.000E+00  0.000E+00  0.000E+00
        11.2705  0.000E+00  0.278E-03  0.000E+00  0.000E+00 -0.675E+02  0.000E+00  0.000E+00  0.000E+00  0.255E-02  0.000E+00  0.000E+00  0.000E+00  0.000E+00  0.000E+00  0.000E+00  0.000E+00
        11.4606  0.000E+00  0.278E-03  0.000E+00  0.000E+00 -0.675E+02  0.000E+00  0.000E+00  0.000E+00  0.249E-02  0.000E+00  0.000E+00  0.000E+00  0.000E+00  0.000E+00  0.000E+00  0.000E+00
        11.6506  0.000E+00  0.278E-03  0.000E+00  0.000E+00 -0.675E+02  0.000E+00  0.000E+00  0.000E+00  0.244E-02  0.000E+00  0.000E+00  0.000E+00  0.000E+00  0.000E+00  0.000E+00  0.000E+00
        11.8407  0.000E+00  0.278E-03  0.000E+00  0.000E+00 -0.675E+02  0.000E+00  0.000E+00  0.000E+00  0.238E-02  0.000E+00  0.000E+00  0.000E+00  0.000E+00  0.000E+00  0.000E+00  0.000E+00
        12.0307  0.000E+00  0.278E-03  0.000E+00  0.000E+00 -0.675E+02  0.000E+00  0.000E+00  0.000E+00  0.233E-02  0.000E+00  0.000E+00  0.000E+00  0.000E+00  0.000E+00  0.000E+00  0.000E+00
        12.2208  0.000E+00  0.278E-03  0.000E+00  0.000E+00 -0.675E+02  0.000E+00  0.000E+00  0.000E+00  0.228E-02  0.000E+00  0.000E+00  0.000E+00  0.000E+00  0.000E+00  0.000E+00  0.000E+00
        12.4108  0.000E+00  0.278E-03  0.000E+00  0.000E+00 -0.675E+02  0.000E+00  0.000E+00  0.000E+00  0.223E-02  0.000E+00  0.000E+00  0.000E+00  0.000E+00  0.000E+00  0.000E+00  0.000E+00
        12.6009  0.000E+00  0.278E-03  0.000E+00  0.000E+00 -0.675E+02  0.000E+00  0.000E+00  0.000E+00  0.219E-02  0.000E+00  0.000E+00  0.000E+00  0.000E+00  0.000E+00  0.000E+00  0.000E+00
        12.7909  0.000E+00  0.278E-03  0.000E+00  0.000E+00 -0.675E+02  0.000E+00  0.000E+00  0.000E+00  0.214E-02  0.000E+00  0.000E+00  0.000E+00  0.000E+00  0.000E+00  0.000E+00  0.000E+00
        12.9810  0.000E+00  0.278E-03  0.000E+00  0.000E+00 -0.675E+02  0.000E+00  0.000E+00  0.000E+00  0.210E-02  0.000E+00  0.000E+00  0.000E+00  0.000E+00  0.000E+00  0.000E+00  0.000E+00
        13.1710  0.000E+00  0.278E-03  0.000E+00  0.000E+00 -0.675E+02  0.000E+00  0.000E+00  0.000E+00  0.205E-02  0.000E+00  0.000E+00  0.000E+00  0.000E+00  0.000E+00  0.000E+00  0.000E+00
        13.3539  0.000E+00  0.278E-03  0.000E+00  0.000E+00 -0.675E+02  0.000E+00  0.000E+00  0.000E+00  0.201E-02  0.000E+00  0.000E+00  0.000E+00  0.000E+00  0.000E+00  0.000E+00  0.000E+00
        13.5368  0.000E+00  0.278E-03  0.000E+00  0.000E+00 -0.675E+02  0.000E+00  0.000E+00  0.000E+00  0.197E-02  0.000E+00  0.000E+00  0.000E+00  0.000E+00  0.000E+00  0.000E+00  0.000E+00
        13.7197  0.000E+00  0.278E-03  0.000E+00  0.000E+00 -0.675E+02  0.000E+00  0.000E+00  0.000E+00  0.194E-02  0.000E+00  0.000E+00  0.000E+00  0.000E+00  0.000E+00  0.000E+00  0.000E+00
        13.9026  0.000E+00  0.278E-03  0.000E+00  0.000E+00 -0.675E+02  0.000E+00  0.000E+00  0.000E+00  0.190E-02  0.000E+00  0.000E+00  0.000E+00  0.000E+00  0.000E+00  0.000E+00  0.000E+00
        14.0855  0.000E+00  0.278E-03  0.000E+00  0.000E+00 -0.675E+02  0.000E+00  0.000E+00  0.000E+00  0.186E-02  0.000E+00  0.000E+00  0.000E+00  0.000E+00  0.000E+00  0.000E+00  0.000E+00
        14.2684  0.000E+00  0.278E-03  0.000E+00  0.000E+00 -0.675E+02  0.000E+00  0.000E+00  0.000E+00  0.183E-02  0.000E+00  0.000E+00  0.000E+00  0.000E+00  0.000E+00  0.000E+00  0.000E+00
        14.4513  0.000E+00  0.278E-03  0.000E+00  0.000E+00 -0.675E+02  0.000E+00  0.000E+00  0.000E+00  0.180E-02  0.000E+00  0.000E+00  0.000E+00  0.000E+00  0.000E+00  0.000E+00  0.000E+00
        14.6342  0.000E+00  0.278E-03  0.000E+00  0.000E+00 -0.675E+02  0.000E+00  0.000E+00  0.000E+00  0.176E-02  0.000E+00  0.000E+00  0.000E+00  0.000E+00  0.000E+00  0.000E+00  0.000E+00
        14.8171  0.000E+00  0.278E-03  0.000E+00  0.000E+00 -0.675E+02  0.000E+00  0.000E+00  0.000E+00  0.173E-02  0.000E+00  0.000E+00  0.000E+00  0.000E+00  0.000E+00  0.000E+00  0.000E+00
        15.0000  0.000E+00  0.278E-03  0.000E+00  0.000E+00 -0.675E+02  0.000E+00  0.000E+00  0.000E+00  0.170E-02  0.000E+00  0.000E+00  0.000E+00  0.000E+00  0.000E+00  0.000E+00  0.000E+00
        15.1900  0.000E+00  0.278E-03  0.000E+00  0.000E+00 -0.675E+02  0.000E+00  0.000E+00  0.000E+00  0.167E-02  0.000E+00  0.000E+00  0.000E+00  0.000E+00  0.000E+00  0.000E+00  0.000E+00
        15.3801  0.000E+00  0.278E-03  0.000E+00  0.000E+00 -0.675E+02  0.000E+00  0.000E+00  0.000E+00  0.164E-02  0.000E+00  0.000E+00  0.000E+00  0.000E+00  0.000E+00  0.000E+00  0.000E+00
        15.5701  0.000E+00  0.278E-03  0.000E+00  0.000E+00 -0.675E+02  0.000E+00  0.000E+00  0.000E+00  0.161E-02  0.000E+00  0.000E+00  0.000E+00  0.000E+00  0.000E+00  0.000E+00  0.000E+00
        15.7602  0.000E+00  0.278E-03  0.000E+00  0.000E+00 -0.675E+02  0.000E+00  0.000E+00  0.000E+00  0.158E-02  0.000E+00  0.000E+00  0.000E+00  0.000E+00  0.000E+00  0.000E+00  0.000E+00
        15.9502  0.000E+00  0.278E-03  0.000E+00  0.000E+00 -0.675E+02  0.000E+00  0.000E+00  0.000E+00  0.155E-02  0.000E+00  0.000E+00  0.000E+00  0.000E+00  0.000E+00  0.000E+00  0.000E+00
        16.1403  0.000E+00  0.278E-03  0.000E+00  0.000E+00 -0.675E+02  0.000E+00  0.000E+00  0.000E+00  0.152E-02  0.000E+00  0.000E+00  0.000E+00  0.000E+00  0.000E+00  0.000E+00  0.000E+00
        16.3874  0.000E+00  0.278E-03  0.000E+00  0.000E+00 -0.675E+02  0.000E+00  0.000E+00  0.000E+00  0.149E-02  0.000E+00  0.000E+00  0.000E+00  0.000E+00  0.000E+00  0.000E+00  0.000E+00
        16.6344  0.000E+00  0.278E-03  0.000E+00  0.000E+00 -0.675E+02  0.000E+00  0.000E+00  0.000E+00  0.146E-02  0.000E+00  0.000E+00  0.000E+00  0.000E+00  0.000E+00  0.000E+00  0.000E+00
        16.8815  0.000E+00  0.278E-03  0.000E+00  0.000E+00 -0.675E+02  0.000E+00  0.000E+00  0.000E+00  0.143E-02  0.000E+00  0.000E+00  0.000E+00  0.000E+00  0.000E+00  0.000E+00  0.000E+00
        17.1286  0.000E+00  0.278E-03  0.000E+00  0.000E+00 -0.675E+02  0.000E+00  0.000E+00  0.000E+00  0.139E-02  0.000E+00  0.000E+00  0.000E+00  0.000E+00  0.000E+00  0.000E+00  0.000E+00
        17.3756  0.000E+00  0.278E-03  0.000E+00  0.000E+00 -0.675E+02  0.000E+00  0.000E+00  0.000E+00  0.136E-02  0.000E+00  0.000E+00  0.000E+00  0.000E+00  0.000E+00  0.000E+00  0.000E+00
        17.6227  0.000E+00  0.278E-03  0.000E+00  0.000E+00 -0.675E+02  0.000E+00  0.000E+00  0.000E+00  0.133E-02  0.000E+00  0.000E+00  0.000E+00  0.000E+00  0.000E+00  0.000E+00  0.000E+00
        17.8697  0.000E+00  0.278E-03  0.000E+00  0.000E+00 -0.675E+02  0.000E+00  0.000E+00  0.000E+00  0.130E-02  0.000E+00  0.000E+00  0.000E+00  0.000E+00  0.000E+00  0.000E+00  0.000E+00
        18.1168  0.000E+00  0.278E-03  0.000E+00  0.000E+00 -0.675E+02  0.000E+00  0.000E+00  0.000E+00  0.128E-02  0.000E+00  0.000E+00  0.000E+00  0.000E+00  0.000E+00  0.000E+00  0.000E+00
        18.3639  0.000E+00  0.278E-03  0.000E+00  0.000E+00 -0.675E+02  0.000E+00  0.000E+00  0.000E+00  0.125E-02  0.000E+00  0.000E+00  0.000E+00  0.000E+00  0.000E+00  0.000E+00  0.000E+00
        18.6109  0.000E+00  0.278E-03  0.000E+00  0.000E+00 -0.675E+02  0.000E+00  0.000E+00  0.000E+00  0.122E-02  0.000E+00  0.000E+00  0.000E+00  0.000E+00  0.000E+00  0.000E+00  0.000E+00
        18.8580  0.000E+00  0.278E-03  0.000E+00  0.000E+00 -0.675E+02  0.000E+00  0.000E+00  0.000E+00  0.119E-02  0.000E+00  0.000E+00  0.000E+00  0.000E+00  0.000E+00  0.000E+00  0.000E+00
        19.1051  0.000E+00  0.278E-03  0.000E+00  0.000E+00 -0.675E+02  0.000E+00  0.000E+00  0.000E+00  0.117E-02  0.000E+00  0.000E+00  0.000E+00  0.000E+00  0.000E+00  0.000E+00  0.000E+00
        19.3521  0.000E+00  0.278E-03  0.000E+00  0.000E+00 -0.675E+02  0.000E+00  0.000E+00  0.000E+00  0.114E-02  0.000E+00  0.000E+00  0.000E+00  0.000E+00  0.000E+00  0.000E+00  0.000E+00
        19.5992  0.000E+00  0.278E-03  0.000E+00  0.000E+00 -0.675E+02  0.000E+00  0.000E+00  0.000E+00  0.112E-02  0.000E+00  0.000E+00  0.000E+00  0.000E+00  0.000E+00  0.000E+00  0.000E+00
        19.8463  0.000E+00  0.278E-03  0.000E+00  0.000E+00 -0.675E+02  0.000E+00  0.000E+00  0.000E+00  0.110E-02  0.000E+00  0.000E+00  0.000E+00  0.000E+00  0.000E+00  0.000E+00  0.000E+00
        20.0933  0.000E+00  0.278E-03  0.000E+00  0.000E+00 -0.675E+02  0.000E+00  0.000E+00  0.000E+00  0.108E-02  0.000E+00  0.000E+00  0.000E+00  0.000E+00  0.000E+00  0.000E+00  0.000E+00
        20.3404  0.000E+00  0.278E-03  0.000E+00  0.000E+00 -0.675E+02  0.000E+00  0.000E+00  0.000E+00  0.105E-02  0.000E+00  0.000E+00  0.000E+00  0.000E+00  0.000E+00  0.000E+00  0.000E+00
        20.5875  0.000E+00  0.278E-03  0.000E+00  0.000E+00 -0.675E+02  0.000E+00  0.000E+00  0.000E+00  0.103E-02  0.000E+00  0.000E+00  0.000E+00  0.000E+00  0.000E+00  0.000E+00  0.000E+00
        20.8345  0.000E+00  0.278E-03  0.000E+00  0.000E+00 -0.675E+02  0.000E+00  0.000E+00  0.000E+00  0.101E-02  0.000E+00  0.000E+00  0.000E+00  0.000E+00  0.000E+00  0.000E+00  0.000E+00
        21.0816  0.000E+00  0.278E-03  0.000E+00  0.000E+00 -0.675E+02  0.000E+00  0.000E+00  0.000E+00  0.990E-03  0.000E+00  0.000E+00  0.000E+00  0.000E+00  0.000E+00  0.000E+00  0.000E+00
        21.3286  0.000E+00  0.278E-03  0.000E+00  0.000E+00 -0.675E+02  0.000E+00  0.000E+00  0.000E+00  0.971E-03  0.000E+00  0.000E+00  0.000E+00  0.000E+00  0.000E+00  0.000E+00  0.000E+00
        21.5757  0.000E+00  0.278E-03  0.000E+00  0.000E+00 -0.675E+02  0.000E+00  0.000E+00  0.000E+00  0.951E-03  0.000E+00  0.000E+00  0.000E+00  0.000E+00  0.000E+00  0.000E+00  0.000E+00
        21.8228  0.000E+00  0.278E-03  0.000E+00  0.000E+00 -0.675E+02  0.000E+00  0.000E+00  0.000E+00  0.932E-03  0.000E+00  0.000E+00  0.000E+00  0.000E+00  0.000E+00  0.000E+00  0.000E+00
        22.0698  0.000E+00  0.278E-03  0.000E+00  0.000E+00 -0.675E+02  0.000E+00  0.000E+00  0.000E+00  0.914E-03  0.000E+00  0.000E+00  0.000E+00  0.000E+00  0.000E+00  0.000E+00  0.000E+00
        22.3169  0.000E+00  0.278E-03  0.000E+00  0.000E+00 -0.675E+02  0.000E+00  0.000E+00  0.000E+00  0.896E-03  0.000E+00  0.000E+00  0.000E+00  0.000E+00  0.000E+00  0.000E+00  0.000E+00
        22.5640  0.000E+00  0.278E-03  0.000E+00  0.000E+00 -0.675E+02  0.000E+00  0.000E+00  0.000E+00  0.879E-03  0.000E+00  0.000E+00  0.000E+00  0.000E+00  0.000E+00  0.000E+00  0.000E+00
        22.8110  0.000E+00  0.278E-03  0.000E+00  0.000E+00 -0.675E+02  0.000E+00  0.000E+00  0.000E+00  0.862E-03  0.000E+00  0.000E+00  0.000E+00  0.000E+00  0.000E+00  0.000E+00  0.000E+00
        23.0581  0.000E+00  0.278E-03  0.000E+00  0.000E+00 -0.675E+02  0.000E+00  0.000E+00  0.000E+00  0.845E-03  0.000E+00  0.000E+00  0.000E+00  0.000E+00  0.000E+00  0.000E+00  0.000E+00
        23.3052  0.000E+00  0.278E-03  0.000E+00  0.000E+00 -0.675E+02  0.000E+00  0.000E+00  0.000E+00  0.829E-03  0.000E+00  0.000E+00  0.000E+00  0.000E+00  0.000E+00  0.000E+00  0.000E+00
        23.5522  0.000E+00  0.278E-03  0.000E+00  0.000E+00 -0.675E+02  0.000E+00  0.000E+00  0.000E+00  0.813E-03  0.000E+00  0.000E+00  0.000E+00  0.000E+00  0.000E+00  0.000E+00  0.000E+00
        23.7993  0.000E+00  0.278E-03  0.000E+00  0.000E+00 -0.675E+02  0.000E+00  0.000E+00  0.000E+00  0.798E-03  0.000E+00  0.000E+00  0.000E+00  0.000E+00  0.000E+00  0.000E+00  0.000E+00
        24.0464  0.000E+00  0.278E-03  0.000E+00  0.000E+00 -0.675E+02  0.000E+00  0.000E+00  0.000E+00  0.783E-03  0.000E+00  0.000E+00  0.000E+00  0.000E+00  0.000E+00  0.000E+00  0.000E+00
        24.2934  0.000E+00  0.278E-03  0.000E+00  0.000E+00 -0.675E+02  0.000E+00  0.000E+00  0.000E+00  0.768E-03  0.000E+00  0.000E+00  0.000E+00  0.000E+00  0.000E+00  0.000E+00  0.000E+00
        24.5405  0.000E+00  0.278E-03  0.000E+00  0.000E+00 -0.675E+02  0.000E+00  0.000E+00  0.000E+00  0.754E-03  0.000E+00  0.000E+00  0.000E+00  0.000E+00  0.000E+00  0.000E+00  0.000E+00
        24.7875  0.000E+00  0.278E-03  0.000E+00  0.000E+00 -0.675E+02  0.000E+00  0.000E+00  0.000E+00  0.739E-03  0.000E+00  0.000E+00  0.000E+00  0.000E+00  0.000E+00  0.000E+00  0.000E+00
        25.0346  0.000E+00  0.278E-03  0.000E+00  0.000E+00 -0.675E+02  0.000E+00  0.000E+00  0.000E+00  0.726E-03  0.000E+00  0.000E+00  0.000E+00  0.000E+00  0.000E+00  0.000E+00  0.000E+00
        25.3558  0.000E+00  0.278E-03  0.000E+00  0.000E+00 -0.675E+02  0.000E+00  0.000E+00  0.000E+00  0.712E-03  0.000E+00  0.000E+00  0.000E+00  0.000E+00  0.000E+00  0.000E+00  0.000E+00
        25.6770  0.000E+00  0.278E-03  0.000E+00  0.000E+00 -0.675E+02  0.000E+00  0.000E+00  0.000E+00  0.695E-03  0.000E+00  0.000E+00  0.000E+00  0.000E+00  0.000E+00  0.000E+00  0.000E+00
        25.9982  0.000E+00  0.278E-03  0.000E+00  0.000E+00 -0.675E+02  0.000E+00  0.000E+00  0.000E+00  0.679E-03  0.000E+00  0.000E+00  0.000E+00  0.000E+00  0.000E+00  0.000E+00  0.000E+00
        26.3193  0.000E+00  0.278E-03  0.000E+00  0.000E+00 -0.675E+02  0.000E+00  0.000E+00  0.000E+00  0.663E-03  0.000E+00  0.000E+00  0.000E+00  0.000E+00  0.000E+00  0.000E+00  0.000E+00
        26.6405  0.000E+00  0.278E-03  0.000E+00  0.000E+00 -0.675E+02  0.000E+00  0.000E+00  0.000E+00  0.647E-03  0.000E+00  0.000E+00  0.000E+00  0.000E+00  0.000E+00  0.000E+00  0.000E+00
        26.9765  0.000E+00  0.278E-03  0.000E+00  0.000E+00 -0.675E+02  0.000E+00  0.000E+00  0.000E+00  0.632E-03  0.000E+00  0.000E+00  0.000E+00  0.000E+00  0.000E+00  0.000E+00  0.000E+00
        27.3124  0.000E+00  0.278E-03  0.000E+00  0.000E+00 -0.675E+02  0.000E+00  0.000E+00  0.000E+00  0.617E-03  0.000E+00  0.000E+00  0.000E+00  0.000E+00  0.000E+00  0.000E+00  0.000E+00
        27.6484  0.000E+00  0.278E-03  0.000E+00  0.000E+00 -0.675E+02  0.000E+00  0.000E+00  0.000E+00  0.602E-03  0.000E+00  0.000E+00  0.000E+00  0.000E+00  0.000E+00  0.000E+00  0.000E+00
        27.9843  0.000E+00  0.278E-03  0.000E+00  0.000E+00 -0.675E+02  0.000E+00  0.000E+00  0.000E+00  0.587E-03  0.000E+00  0.000E+00  0.000E+00  0.000E+00  0.000E+00  0.000E+00  0.000E+00
        28.3203  0.000E+00  0.278E-03  0.000E+00  0.000E+00 -0.675E+02  0.000E+00  0.000E+00  0.000E+00  0.573E-03  0.000E+00  0.000E+00  0.000E+00  0.000E+00  0.000E+00  0.000E+00  0.000E+00
        28.6562  0.000E+00  0.278E-03  0.000E+00  0.000E+00 -0.675E+02  0.000E+00  0.000E+00  0.000E+00  0.560E-03  0.000E+00  0.000E+00  0.000E+00  0.000E+00  0.000E+00  0.000E+00  0.000E+00
        28.9922  0.000E+00  0.278E-03  0.000E+00  0.000E+00 -0.675E+02  0.000E+00  0.000E+00  0.000E+00  0.546E-03  0.000E+00  0.000E+00  0.000E+00  0.000E+00  0.000E+00  0.000E+00  0.000E+00
        29.3281  0.000E+00  0.278E-03  0.000E+00  0.000E+00 -0.675E+02  0.000E+00  0.000E+00  0.000E+00  0.533E-03  0.000E+00  0.000E+00  0.000E+00  0.000E+00  0.000E+00  0.000E+00  0.000E+00
        29.6641  0.000E+00  0.278E-03  0.000E+00  0.000E+00 -0.675E+02  0.000E+00  0.000E+00  0.000E+00  0.521E-03  0.000E+00  0.000E+00  0.000E+00  0.000E+00  0.000E+00  0.000E+00  0.000E+00
        30.0000  0.000E+00  0.278E-03  0.000E+00  0.000E+00 -0.675E+02  0.000E+00  0.000E+00  0.000E+00  0.508E-03  0.000E+00  0.000E+00  0.000E+00  0.000E+00  0.000E+00  0.000E+00  0.000E+00
        30.3212  0.000E+00  0.278E-03  0.000E+00  0.000E+00 -0.675E+02  0.000E+00  0.000E+00  0.000E+00  0.496E-03  0.000E+00  0.000E+00  0.000E+00  0.000E+00  0.000E+00  0.000E+00  0.000E+00
        30.6424  0.000E+00  0.278E-03  0.000E+00  0.000E+00 -0.675E+02  0.000E+00  0.000E+00  0.000E+00  0.485E-03  0.000E+00  0.000E+00  0.000E+00  0.000E+00  0.000E+00  0.000E+00  0.000E+00
        30.9636  0.000E+00  0.278E-03  0.000E+00  0.000E+00 -0.675E+02  0.000E+00  0.000E+00  0.000E+00  0.475E-03  0.000E+00  0.000E+00  0.000E+00  0.000E+00  0.000E+00  0.000E+00  0.000E+00
        31.2847  0.000E+00  0.278E-03  0.000E+00  0.000E+00 -0.675E+02  0.000E+00  0.000E+00  0.000E+00  0.464E-03  0.000E+00  0.000E+00  0.000E+00  0.000E+00  0.000E+00  0.000E+00  0.000E+00
        31.6059  0.000E+00  0.278E-03  0.000E+00  0.000E+00 -0.675E+02  0.000E+00  0.000E+00  0.000E+00  0.454E-03  0.000E+00  0.000E+00  0.000E+00  0.000E+00  0.000E+00  0.000E+00  0.000E+00
        31.9271  0.000E+00  0.278E-03  0.000E+00  0.000E+00 -0.675E+02  0.000E+00  0.000E+00  0.000E+00  0.444E-03  0.000E+00  0.000E+00  0.000E+00  0.000E+00  0.000E+00  0.000E+00  0.000E+00
        32.2483  0.000E+00  0.278E-03  0.000E+00  0.000E+00 -0.675E+02  0.000E+00  0.000E+00  0.000E+00  0.434E-03  0.000E+00  0.000E+00  0.000E+00  0.000E+00  0.000E+00  0.000E+00  0.000E+00
        32.5695  0.000E+00  0.278E-03  0.000E+00  0.000E+00 -0.675E+02  0.000E+00  0.000E+00  0.000E+00  0.424E-03  0.000E+00  0.000E+00  0.000E+00  0.000E+00  0.000E+00  0.000E+00  0.000E+00
        32.8907  0.000E+00  0.278E-03  0.000E+00  0.000E+00 -0.675E+02  0.000E+00  0.000E+00  0.000E+00  0.415E-03  0.000E+00  0.000E+00  0.000E+00  0.000E+00  0.000E+00  0.000E+00  0.000E+00
        33.2118  0.000E+00  0.278E-03  0.000E+00  0.000E+00 -0.675E+02  0.000E+00  0.000E+00  0.000E+00  0.406E-03  0.000E+00  0.000E+00  0.000E+00  0.000E+00  0.000E+00  0.000E+00  0.000E+00
        33.5330  0.000E+00  0.278E-03  0.000E+00  0.000E+00 -0.675E+02  0.000E+00  0.000E+00  0.000E+00  0.397E-03  0.000E+00  0.000E+00  0.000E+00  0.000E+00  0.000E+00  0.000E+00  0.000E+00
        33.8542  0.000E+00  0.278E-03  0.000E+00  0.000E+00 -0.675E+02  0.000E+00  0.000E+00  0.000E+00  0.388E-03  0.000E+00  0.000E+00  0.000E+00  0.000E+00  0.000E+00  0.000E+00  0.000E+00
        34.1754  0.000E+00  0.278E-03  0.000E+00  0.000E+00 -0.675E+02  0.000E+00  0.000E+00  0.000E+00  0.380E-03  0.000E+00  0.000E+00  0.000E+00  0.000E+00  0.000E+00  0.000E+00  0.000E+00
        34.4966  0.000E+00  0.278E-03  0.000E+00  0.000E+00 -0.675E+02  0.000E+00  0.000E+00  0.000E+00  0.371E-03  0.000E+00  0.000E+00  0.000E+00  0.000E+00  0.000E+00  0.000E+00  0.000E+00
        34.8178  0.000E+00  0.278E-03  0.000E+00  0.000E+00 -0.675E+02  0.000E+00  0.000E+00  0.000E+00  0.363E-03  0.000E+00  0.000E+00  0.000E+00  0.000E+00  0.000E+00  0.000E+00  0.000E+00
        35.1389  0.000E+00  0.278E-03  0.000E+00  0.000E+00 -0.675E+02  0.000E+00  0.000E+00  0.000E+00  0.356E-03  0.000E+00  0.000E+00  0.000E+00  0.000E+00  0.000E+00  0.000E+00  0.000E+00
        35.4601  0.000E+00  0.278E-03  0.000E+00  0.000E+00 -0.675E+02  0.000E+00  0.000E+00  0.000E+00  0.348E-03  0.000E+00  0.000E+00  0.000E+00  0.000E+00  0.000E+00  0.000E+00  0.000E+00
        35.7813  0.000E+00  0.278E-03  0.000E+00  0.000E+00 -0.675E+02  0.000E+00  0.000E+00  0.000E+00  0.340E-03  0.000E+00  0.000E+00  0.000E+00  0.000E+00  0.000E+00  0.000E+00  0.000E+00
        36.1025  0.000E+00  0.278E-03  0.000E+00  0.000E+00 -0.675E+02  0.000E+00  0.000E+00  0.000E+00  0.333E-03  0.000E+00  0.000E+00  0.000E+00  0.000E+00  0.000E+00  0.000E+00  0.000E+00
        36.4237  0.000E+00  0.278E-03  0.000E+00  0.000E+00 -0.675E+02  0.000E+00  0.000E+00  0.000E+00  0.326E-03  0.000E+00  0.000E+00  0.000E+00  0.000E+00  0.000E+00  0.000E+00  0.000E+00
        36.7449  0.000E+00  0.278E-03  0.000E+00  0.000E+00 -0.675E+02  0.000E+00  0.000E+00  0.000E+00  0.319E-03  0.000E+00  0.000E+00  0.000E+00  0.000E+00  0.000E+00  0.000E+00  0.000E+00
        37.0660  0.000E+00  0.278E-03  0.000E+00  0.000E+00 -0.675E+02  0.000E+00  0.000E+00  0.000E+00  0.312E-03  0.000E+00  0.000E+00  0.000E+00  0.000E+00  0.000E+00  0.000E+00  0.000E+00
        37.3872  0.000E+00  0.278E-03  0.000E+00  0.000E+00 -0.675E+02  0.000E+00  0.000E+00  0.000E+00  0.305E-03  0.000E+00  0.000E+00  0.000E+00  0.000E+00  0.000E+00  0.000E+00  0.000E+00
        37.7084  0.000E+00  0.278E-03  0.000E+00  0.000E+00 -0.675E+02  0.000E+00  0.000E+00  0.000E+00  0.299E-03  0.000E+00  0.000E+00  0.000E+00  0.000E+00  0.000E+00  0.000E+00  0.000E+00
        38.0296  0.000E+00  0.278E-03  0.000E+00  0.000E+00 -0.675E+02  0.000E+00  0.000E+00  0.000E+00  0.292E-03  0.000E+00  0.000E+00  0.000E+00  0.000E+00  0.000E+00  0.000E+00  0.000E+00
        38.3508  0.000E+00  0.278E-03  0.000E+00  0.000E+00 -0.675E+02  0.000E+00  0.000E+00  0.000E+00  0.286E-03  0.000E+00  0.000E+00  0.000E+00  0.000E+00  0.000E+00  0.000E+00  0.000E+00
        38.6720  0.000E+00  0.278E-03  0.000E+00  0.000E+00 -0.675E+02  0.000E+00  0.000E+00  0.000E+00  0.280E-03  0.000E+00  0.000E+00  0.000E+00  0.000E+00  0.000E+00  0.000E+00  0.000E+00
        38.9931  0.000E+00  0.278E-03  0.000E+00  0.000E+00 -0.675E+02  0.000E+00  0.000E+00  0.000E+00  0.274E-03  0.000E+00  0.000E+00  0.000E+00  0.000E+00  0.000E+00  0.000E+00  0.000E+00
        39.3143  0.000E+00  0.278E-03  0.000E+00  0.000E+00 -0.675E+02  0.000E+00  0.000E+00  0.000E+00  0.268E-03  0.000E+00  0.000E+00  0.000E+00  0.000E+00  0.000E+00  0.000E+00  0.000E+00
        39.6355  0.000E+00  0.278E-03  0.000E+00  0.000E+00 -0.675E+02  0.000E+00  0.000E+00  0.000E+00  0.262E-03  0.000E+00  0.000E+00  0.000E+00  0.000E+00  0.000E+00  0.000E+00  0.000E+00
        39.9567  0.000E+00  0.278E-03  0.000E+00  0.000E+00 -0.675E+02  0.000E+00  0.000E+00  0.000E+00  0.257E-03  0.000E+00  0.000E+00  0.000E+00  0.000E+00  0.000E+00  0.000E+00  0.000E+00
        40.2779  0.000E+00  0.278E-03  0.000E+00  0.000E+00 -0.675E+02  0.000E+00  0.000E+00  0.000E+00  0.251E-03  0.000E+00  0.000E+00  0.000E+00  0.000E+00  0.000E+00  0.000E+00  0.000E+00
        40.5991  0.000E+00  0.278E-03  0.000E+00  0.000E+00 -0.675E+02  0.000E+00  0.000E+00  0.000E+00  0.246E-03  0.000E+00  0.000E+00  0.000E+00  0.000E+00  0.000E+00  0.000E+00  0.000E+00
        40.9202  0.000E+00  0.278E-03  0.000E+00  0.000E+00 -0.675E+02  0.000E+00  0.000E+00  0.000E+00  0.240E-03  0.000E+00  0.000E+00  0.000E+00  0.000E+00  0.000E+00  0.000E+00  0.000E+00
        41.2414  0.000E+00  0.278E-03  0.000E+00  0.000E+00 -0.675E+02  0.000E+00  0.000E+00  0.000E+00  0.235E-03  0.000E+00  0.000E+00  0.000E+00  0.000E+00  0.000E+00  0.000E+00  0.000E+00
        41.5626  0.000E+00  0.278E-03  0.000E+00  0.000E+00 -0.675E+02  0.000E+00  0.000E+00  0.000E+00  0.230E-03  0.000E+00  0.000E+00  0.000E+00  0.000E+00  0.000E+00  0.000E+00  0.000E+00
        41.8838  0.000E+00  0.278E-03  0.000E+00  0.000E+00 -0.675E+02  0.000E+00  0.000E+00  0.000E+00  0.225E-03  0.000E+00  0.000E+00  0.000E+00  0.000E+00  0.000E+00  0.000E+00  0.000E+00
        42.2050  0.000E+00  0.278E-03  0.000E+00  0.000E+00 -0.675E+02  0.000E+00  0.000E+00  0.000E+00  0.220E-03  0.000E+00  0.000E+00  0.000E+00  0.000E+00  0.000E+00  0.000E+00  0.000E+00
        42.5262  0.000E+00  0.278E-03  0.000E+00  0.000E+00 -0.675E+02  0.000E+00  0.000E+00  0.000E+00  0.216E-03  0.000E+00  0.000E+00  0.000E+00  0.000E+00  0.000E+00  0.000E+00  0.000E+00
        42.8473  0.000E+00  0.278E-03  0.000E+00  0.000E+00 -0.675E+02  0.000E+00  0.000E+00  0.000E+00  0.211E-03  0.000E+00  0.000E+00  0.000E+00  0.000E+00  0.000E+00  0.000E+00  0.000E+00
        43.1685  0.000E+00  0.278E-03  0.000E+00  0.000E+00 -0.675E+02  0.000E+00  0.000E+00  0.000E+00  0.207E-03  0.000E+00  0.000E+00  0.000E+00  0.000E+00  0.000E+00  0.000E+00  0.000E+00
        43.4897  0.000E+00  0.278E-03  0.000E+00  0.000E+00 -0.675E+02  0.000E+00  0.000E+00  0.000E+00  0.202E-03  0.000E+00  0.000E+00  0.000E+00  0.000E+00  0.000E+00  0.000E+00  0.000E+00
        43.8109  0.000E+00  0.278E-03  0.000E+00  0.000E+00 -0.675E+02  0.000E+00  0.000E+00  0.000E+00  0.198E-03  0.000E+00  0.000E+00  0.000E+00  0.000E+00  0.000E+00  0.000E+00  0.000E+00
        44.1321  0.000E+00  0.278E-03  0.000E+00  0.000E+00 -0.675E+02  0.000E+00  0.000E+00  0.000E+00  0.194E-03  0.000E+00  0.000E+00  0.000E+00  0.000E+00  0.000E+00  0.000E+00  0.000E+00
        44.4533  0.000E+00  0.278E-03  0.000E+00  0.000E+00 -0.675E+02  0.000E+00  0.000E+00  0.000E+00  0.189E-03  0.000E+00  0.000E+00  0.000E+00  0.000E+00  0.000E+00  0.000E+00  0.000E+00
        44.7744  0.000E+00  0.278E-03  0.000E+00  0.000E+00 -0.675E+02  0.000E+00  0.000E+00  0.000E+00  0.185E-03  0.000E+00  0.000E+00  0.000E+00  0.000E+00  0.000E+00  0.000E+00  0.000E+00
        45.0956  0.000E+00  0.278E-03  0.000E+00  0.000E+00 -0.675E+02  0.000E+00  0.000E+00  0.000E+00  0.181E-03  0.000E+00  0.000E+00  0.000E+00  0.000E+00  0.000E+00  0.000E+00  0.000E+00
        45.4168  0.000E+00  0.278E-03  0.000E+00  0.000E+00 -0.675E+02  0.000E+00  0.000E+00  0.000E+00  0.178E-03  0.000E+00  0.000E+00  0.000E+00  0.000E+00  0.000E+00  0.000E+00  0.000E+00
        45.7380  0.000E+00  0.278E-03  0.000E+00  0.000E+00 -0.675E+02  0.000E+00  0.000E+00  0.000E+00  0.174E-03  0.000E+00  0.000E+00  0.000E+00  0.000E+00  0.000E+00  0.000E+00  0.000E+00
        46.0592  0.000E+00  0.278E-03  0.000E+00  0.000E+00 -0.675E+02  0.000E+00  0.000E+00  0.000E+00  0.170E-03  0.000E+00  0.000E+00  0.000E+00  0.000E+00  0.000E+00  0.000E+00  0.000E+00
        46.3804  0.000E+00  0.278E-03  0.000E+00  0.000E+00 -0.675E+02  0.000E+00  0.000E+00  0.000E+00  0.166E-03  0.000E+00  0.000E+00  0.000E+00  0.000E+00  0.000E+00  0.000E+00  0.000E+00
        46.7015  0.000E+00  0.278E-03  0.000E+00  0.000E+00 -0.675E+02  0.000E+00  0.000E+00  0.000E+00  0.163E-03  0.000E+00  0.000E+00  0.000E+00  0.000E+00  0.000E+00  0.000E+00  0.000E+00
        47.0227  0.000E+00  0.278E-03  0.000E+00  0.000E+00 -0.675E+02  0.000E+00  0.000E+00  0.000E+00  0.159E-03  0.000E+00  0.000E+00  0.000E+00  0.000E+00  0.000E+00  0.000E+00  0.000E+00
        47.3439  0.000E+00  0.278E-03  0.000E+00  0.000E+00 -0.675E+02  0.000E+00  0.000E+00  0.000E+00  0.156E-03  0.000E+00  0.000E+00  0.000E+00  0.000E+00  0.000E+00  0.000E+00  0.000E+00
        47.6651  0.000E+00  0.278E-03  0.000E+00  0.000E+00 -0.675E+02  0.000E+00  0.000E+00  0.000E+00  0.152E-03  0.000E+00  0.000E+00  0.000E+00  0.000E+00  0.000E+00  0.000E+00  0.000E+00
        47.9863  0.000E+00  0.278E-03  0.000E+00  0.000E+00 -0.675E+02  0.000E+00  0.000E+00  0.000E+00  0.149E-03  0.000E+00  0.000E+00  0.000E+00  0.000E+00  0.000E+00  0.000E+00  0.000E+00
        48.3075  0.000E+00  0.278E-03  0.000E+00  0.000E+00 -0.675E+02  0.000E+00  0.000E+00  0.000E+00  0.146E-03  0.000E+00  0.000E+00  0.000E+00  0.000E+00  0.000E+00  0.000E+00  0.000E+00
        48.6287  0.000E+00  0.278E-03  0.000E+00  0.000E+00 -0.675E+02  0.000E+00  0.000E+00  0.000E+00  0.143E-03  0.000E+00  0.000E+00  0.000E+00  0.000E+00  0.000E+00  0.000E+00  0.000E+00
        48.9498  0.000E+00  0.278E-03  0.000E+00  0.000E+00 -0.675E+02  0.000E+00  0.000E+00  0.000E+00  0.140E-03  0.000E+00  0.000E+00  0.000E+00  0.000E+00  0.000E+00  0.000E+00  0.000E+00
        49.2710  0.000E+00  0.278E-03  0.000E+00  0.000E+00 -0.675E+02  0.000E+00  0.000E+00  0.000E+00  0.137E-03  0.000E+00  0.000E+00  0.000E+00  0.000E+00  0.000E+00  0.000E+00  0.000E+00
        49.5922  0.000E+00  0.278E-03  0.000E+00  0.000E+00 -0.675E+02  0.000E+00  0.000E+00  0.000E+00  0.134E-03  0.000E+00  0.000E+00  0.000E+00  0.000E+00  0.000E+00  0.000E+00  0.000E+00
        49.9134  0.000E+00  0.278E-03  0.000E+00  0.000E+00 -0.675E+02  0.000E+00  0.000E+00  0.000E+00  0.131E-03  0.000E+00  0.000E+00  0.000E+00  0.000E+00  0.000E+00  0.000E+00  0.000E+00
        50.2346  0.000E+00  0.278E-03  0.000E+00  0.000E+00 -0.675E+02  0.000E+00  0.000E+00  0.000E+00  0.128E-03  0.000E+00  0.000E+00  0.000E+00  0.000E+00  0.000E+00  0.000E+00  0.000E+00
        50.5558  0.000E+00  0.278E-03  0.000E+00  0.000E+00 -0.675E+02  0.000E+00  0.000E+00  0.000E+00  0.125E-03  0.000E+00  0.000E+00  0.000E+00  0.000E+00  0.000E+00  0.000E+00  0.000E+00
        50.8769  0.000E+00  0.278E-03  0.000E+00  0.000E+00 -0.675E+02  0.000E+00  0.000E+00  0.000E+00  0.122E-03  0.000E+00  0.000E+00  0.000E+00  0.000E+00  0.000E+00  0.000E+00  0.000E+00
        51.1981  0.000E+00  0.278E-03  0.000E+00  0.000E+00 -0.675E+02  0.000E+00  0.000E+00  0.000E+00  0.120E-03  0.000E+00  0.000E+00  0.000E+00  0.000E+00  0.000E+00  0.000E+00  0.000E+00
        51.5193  0.000E+00  0.278E-03  0.000E+00  0.000E+00 -0.675E+02  0.000E+00  0.000E+00  0.000E+00  0.117E-03  0.000E+00  0.000E+00  0.000E+00  0.000E+00  0.000E+00  0.000E+00  0.000E+00
        51.8405  0.000E+00  0.278E-03  0.000E+00  0.000E+00 -0.675E+02  0.000E+00  0.000E+00  0.000E+00  0.115E-03  0.000E+00  0.000E+00  0.000E+00  0.000E+00  0.000E+00  0.000E+00  0.000E+00
        52.1617  0.000E+00  0.278E-03  0.000E+00  0.000E+00 -0.675E+02  0.000E+00  0.000E+00  0.000E+00  0.112E-03  0.000E+00  0.000E+00  0.000E+00  0.000E+00  0.000E+00  0.000E+00  0.000E+00
        52.4829  0.000E+00  0.278E-03  0.000E+00  0.000E+00 -0.675E+02  0.000E+00  0.000E+00  0.000E+00  0.110E-03  0.000E+00  0.000E+00  0.000E+00  0.000E+00  0.000E+00  0.000E+00  0.000E+00
        52.8040  0.000E+00  0.278E-03  0.000E+00  0.000E+00 -0.675E+02  0.000E+00  0.000E+00  0.000E+00  0.107E-03  0.000E+00  0.000E+00  0.000E+00  0.000E+00  0.000E+00  0.000E+00  0.000E+00
        53.1252  0.000E+00  0.278E-03  0.000E+00  0.000E+00 -0.675E+02  0.000E+00  0.000E+00  0.000E+00  0.105E-03  0.000E+00  0.000E+00  0.000E+00  0.000E+00  0.000E+00  0.000E+00  0.000E+00
        53.4464  0.000E+00  0.278E-03  0.000E+00  0.000E+00 -0.675E+02  0.000E+00  0.000E+00  0.000E+00  0.103E-03  0.000E+00  0.000E+00  0.000E+00  0.000E+00  0.000E+00  0.000E+00  0.000E+00
        53.7676  0.000E+00  0.278E-03  0.000E+00  0.000E+00 -0.675E+02  0.000E+00  0.000E+00  0.000E+00  0.100E-03  0.000E+00  0.000E+00  0.000E+00  0.000E+00  0.000E+00  0.000E+00  0.000E+00
        54.0888  0.000E+00  0.278E-03  0.000E+00  0.000E+00 -0.675E+02  0.000E+00  0.000E+00  0.000E+00  0.984E-04  0.000E+00  0.000E+00  0.000E+00  0.000E+00  0.000E+00  0.000E+00  0.000E+00
        54.4100  0.000E+00  0.278E-03  0.000E+00  0.000E+00 -0.675E+02  0.000E+00  0.000E+00  0.000E+00  0.963E-04  0.000E+00  0.000E+00  0.000E+00  0.000E+00  0.000E+00  0.000E+00  0.000E+00
        54.7311  0.000E+00  0.278E-03  0.000E+00  0.000E+00 -0.675E+02  0.000E+00  0.000E+00  0.000E+00  0.944E-04  0.000E+00  0.000E+00  0.000E+00  0.000E+00  0.000E+00  0.000E+00  0.000E+00
        55.0523  0.000E+00  0.278E-03  0.000E+00  0.000E+00 -0.675E+02  0.000E+00  0.000E+00  0.000E+00  0.926E-04  0.000E+00  0.000E+00  0.000E+00  0.000E+00  0.000E+00  0.000E+00  0.000E+00
        55.3735  0.000E+00  0.278E-03  0.000E+00  0.000E+00 -0.675E+02  0.000E+00  0.000E+00  0.000E+00  0.912E-04  0.000E+00  0.000E+00  0.000E+00  0.000E+00  0.000E+00  0.000E+00  0.000E+00
        55.6947  0.000E+00  0.278E-03  0.000E+00  0.000E+00 -0.675E+02  0.000E+00  0.000E+00  0.000E+00  0.900E-04  0.000E+00  0.000E+00  0.000E+00  0.000E+00  0.000E+00  0.000E+00  0.000E+00
        56.0159  0.000E+00  0.278E-03  0.000E+00  0.000E+00 -0.675E+02  0.000E+00  0.000E+00  0.000E+00  0.893E-04  0.000E+00  0.000E+00  0.000E+00  0.000E+00  0.000E+00  0.000E+00  0.000E+00
        56.3371  0.000E+00  0.278E-03  0.000E+00  0.000E+00 -0.675E+02  0.000E+00  0.000E+00  0.000E+00  0.891E-04  0.000E+00  0.000E+00  0.000E+00  0.000E+00  0.000E+00  0.000E+00  0.000E+00
        56.6582  0.000E+00  0.278E-03  0.000E+00  0.000E+00 -0.675E+02  0.000E+00  0.000E+00  0.000E+00  0.896E-04  0.000E+00  0.000E+00  0.000E+00  0.000E+00  0.000E+00  0.000E+00  0.000E+00
        56.9924  0.000E+00  0.278E-03  0.000E+00  0.000E+00 -0.675E+02  0.000E+00  0.000E+00  0.000E+00  0.915E-04  0.000E+00  0.000E+00  0.000E+00  0.000E+00  0.000E+00  0.000E+00  0.000E+00
        57.3266  0.000E+00  0.278E-03  0.000E+00  0.000E+00 -0.675E+02  0.000E+00  0.000E+00  0.000E+00  0.963E-04  0.000E+00  0.000E+00  0.000E+00  0.000E+00  0.000E+00  0.000E+00  0.000E+00
        57.6608  0.000E+00  0.278E-03  0.000E+00  0.000E+00 -0.675E+02  0.000E+00  0.000E+00  0.000E+00  0.108E-03  0.000E+00  0.000E+00  0.000E+00  0.000E+00  0.000E+00  0.000E+00  0.000E+00
        57.9949  0.000E+00  0.278E-03  0.000E+00  0.000E+00 -0.675E+02  0.000E+00  0.000E+00  0.000E+00  0.135E-03  0.000E+00  0.000E+00  0.000E+00  0.000E+00  0.000E+00  0.000E+00  0.000E+00
        58.3291  0.000E+00  0.278E-03  0.000E+00  0.000E+00 -0.675E+02  0.000E+00  0.000E+00  0.000E+00  0.203E-03  0.000E+00  0.000E+00  0.000E+00  0.000E+00  0.000E+00  0.000E+00  0.000E+00
        58.6633  0.000E+00  0.278E-03  0.000E+00  0.000E+00 -0.675E+02  0.000E+00  0.000E+00  0.000E+00  0.371E-03  0.000E+00  0.000E+00  0.000E+00  0.000E+00  0.000E+00  0.000E+00  0.000E+00
        58.9975  0.000E+00  0.278E-03  0.000E+00  0.000E+00 -0.675E+02  0.000E+00  0.000E+00  0.000E+00  0.800E-03  0.000E+00  0.000E+00  0.000E+00  0.000E+00  0.000E+00  0.000E+00  0.000E+00
        59.3316  0.000E+00  0.278E-03  0.000E+00  0.000E+00 -0.675E+02  0.000E+00  0.000E+00  0.000E+00  0.191E-02  0.000E+00  0.000E+00  0.000E+00  0.000E+00  0.000E+00  0.000E+00  0.000E+00
        59.6658  0.000E+00  0.278E-03  0.000E+00  0.000E+00 -0.675E+02  0.000E+00  0.000E+00  0.000E+00  0.472E-02  0.000E+00  0.000E+00  0.000E+00  0.000E+00  0.000E+00  0.000E+00  0.000E+00
        60.0000  0.000E+00  0.278E-03  0.000E+00  0.000E+00 -0.675E+02  0.000E+00  0.000E+00  0.000E+00  0.116E-01  0.000E+00  0.000E+00  0.000E+00  0.000E+00  0.000E+00  0.000E+00  0.000E+00
        60.0010  0.000E+00  0.278E-03  0.000E+00  0.000E+00  0.000E+00  0.000E+00  0.000E+00  0.000E+00  0.280E-01  0.000E+00  0.000E+00  0.000E+00  0.000E+00  0.000E+00  0.000E+00  0.000E+00
        60.0020  0.000E+00  0.278E-03  0.000E+00  0.000E+00  0.000E+00  0.000E+00  0.000E+00  0.000E+00  0.282E-01  0.000E+00  0.000E+00  0.000E+00  0.000E+00  0.000E+00  0.000E+00  0.000E+00
        60.0033  0.000E+00  0.278E-03  0.000E+00  0.000E+00  0.000E+00  0.000E+00  0.000E+00  0.000E+00  0.282E-01  0.000E+00  0.000E+00  0.000E+00  0.000E+00  0.000E+00  0.000E+00  0.000E+00
        60.0050  0.000E+00  0.278E-03  0.000E+00  0.000E+00  0.000E+00  0.000E+00  0.000E+00  0.000E+00  0.283E-01  0.000E+00  0.000E+00  0.000E+00  0.000E+00  0.000E+00  0.000E+00  0.000E+00
        60.0072  0.000E+00  0.278E-03  0.000E+00  0.000E+00  0.000E+00  0.000E+00  0.000E+00  0.000E+00  0.284E-01  0.000E+00  0.000E+00  0.000E+00  0.000E+00  0.000E+00  0.000E+00  0.000E+00
        60.0100  0.000E+00  0.278E-03  0.000E+00  0.000E+00  0.000E+00  0.000E+00  0.000E+00  0.000E+00  0.285E-01  0.000E+00  0.000E+00  0.000E+00  0.000E+00  0.000E+00  0.000E+00  0.000E+00
        60.0138  0.000E+00  0.278E-03  0.000E+00  0.000E+00  0.000E+00  0.000E+00  0.000E+00  0.000E+00  0.287E-01  0.000E+00  0.000E+00  0.000E+00  0.000E+00  0.000E+00  0.000E+00  0.000E+00
        60.0186  0.000E+00  0.278E-03  0.000E+00  0.000E+00  0.000E+00  0.000E+00  0.000E+00  0.000E+00  0.290E-01  0.000E+00  0.000E+00  0.000E+00  0.000E+00  0.000E+00  0.000E+00  0.000E+00
        60.0249  0.000E+00  0.278E-03  0.000E+00  0.000E+00  0.000E+00  0.000E+00  0.000E+00  0.000E+00  0.293E-01  0.000E+00  0.000E+00  0.000E+00  0.000E+00  0.000E+00  0.000E+00  0.000E+00
        60.0330  0.000E+00  0.278E-03  0.000E+00  0.000E+00  0.000E+00  0.000E+00  0.000E+00  0.000E+00  0.297E-01  0.000E+00  0.000E+00  0.000E+00  0.000E+00  0.000E+00  0.000E+00  0.000E+00
        60.0436  0.000E+00  0.278E-03  0.000E+00  0.000E+00  0.000E+00  0.000E+00  0.000E+00  0.000E+00  0.303E-01  0.000E+00  0.000E+00  0.000E+00  0.000E+00  0.000E+00  0.000E+00  0.000E+00
        60.0574  0.000E+00  0.278E-03  0.000E+00  0.000E+00  0.000E+00  0.000E+00  0.000E+00  0.000E+00  0.310E-01  0.000E+00  0.000E+00  0.000E+00  0.000E+00  0.000E+00  0.000E+00  0.000E+00
        60.0753  0.000E+00  0.278E-03  0.000E+00  0.000E+00  0.000E+00  0.000E+00  0.000E+00  0.000E+00  0.320E-01  0.000E+00  0.000E+00  0.000E+00  0.000E+00  0.000E+00  0.000E+00  0.000E+00
        60.0986  0.000E+00  0.278E-03  0.000E+00  0.000E+00  0.000E+00  0.000E+00  0.000E+00  0.000E+00  0.333E-01  0.000E+00  0.000E+00  0.000E+00  0.000E+00  0.000E+00  0.000E+00  0.000E+00
        60.1289  0.000E+00  0.278E-03  0.000E+00  0.000E+00  0.000E+00  0.000E+00  0.000E+00  0.000E+00  0.351E-01  0.000E+00  0.000E+00  0.000E+00  0.000E+00  0.000E+00  0.000E+00  0.000E+00
        60.1683  0.000E+00  0.278E-03  0.000E+00  0.000E+00  0.000E+00  0.000E+00  0.000E+00  0.000E+00  0.375E-01  0.000E+00  0.000E+00  0.000E+00  0.000E+00  0.000E+00  0.000E+00  0.000E+00
        60.2195  0.000E+00  0.278E-03  0.000E+00  0.000E+00  0.000E+00  0.000E+00  0.000E+00  0.000E+00  0.414E-01  0.000E+00  0.000E+00  0.000E+00  0.000E+00  0.000E+00  0.000E+00  0.000E+00
        60.2860  0.000E+00  0.278E-03  0.000E+00  0.000E+00  0.000E+00  0.000E+00  0.000E+00  0.000E+00  0.460E-01  0.000E+00  0.000E+00  0.000E+00  0.000E+00  0.000E+00  0.000E+00  0.000E+00
        60.3725  0.000E+00  0.278E-03  0.000E+00  0.000E+00  0.000E+00  0.000E+00  0.000E+00  0.000E+00  0.544E-01  0.000E+00  0.000E+00  0.000E+00  0.000E+00  0.000E+00  0.000E+00  0.000E+00
        60.4850  0.000E+00  0.278E-03  0.000E+00  0.000E+00  0.000E+00  0.000E+00  0.000E+00  0.000E+00  0.666E-01  0.000E+00  0.000E+00  0.000E+00  0.000E+00  0.000E+00  0.000E+00  0.000E+00
        60.6312  0.000E+00  0.278E-03  0.000E+00  0.000E+00  0.000E+00  0.000E+00  0.000E+00  0.000E+00  0.863E-01  0.000E+00  0.000E+00  0.000E+00  0.000E+00  0.000E+00  0.000E+00  0.000E+00
        60.8212  0.000E+00  0.278E-03  0.000E+00  0.000E+00  0.000E+00  0.000E+00  0.000E+00  0.000E+00  0.119E+00  0.000E+00  0.000E+00  0.000E+00  0.000E+00  0.000E+00  0.000E+00  0.000E+00
        61.0683  0.000E+00  0.278E-03  0.000E+00  0.000E+00  0.000E+00  0.000E+00  0.000E+00  0.000E+00  0.176E+00  0.000E+00  0.000E+00  0.000E+00  0.000E+00  0.000E+00  0.000E+00  0.000E+00
        61.3895  0.000E+00  0.278E-03  0.000E+00  0.000E+00  0.000E+00  0.000E+00  0.000E+00  0.000E+00  0.273E+00  0.000E+00  0.000E+00  0.000E+00  0.000E+00  0.000E+00  0.000E+00  0.000E+00
        61.7106  0.000E+00  0.278E-03  0.000E+00  0.000E+00  0.000E+00  0.000E+00  0.000E+00  0.000E+00  0.429E+00  0.000E+00  0.000E+00  0.000E+00  0.000E+00  0.000E+00  0.000E+00  0.000E+00
        62.1282  0.000E+00  0.278E-03  0.000E+00  0.000E+00  0.000E+00  0.000E+00  0.000E+00  0.000E+00  0.587E+00  0.000E+00  0.000E+00  0.000E+00  0.000E+00  0.000E+00  0.000E+00  0.000E+00
        62.5457  0.000E+00  0.278E-03  0.000E+00  0.000E+00  0.000E+00  0.000E+00  0.000E+00  0.000E+00  0.766E+00  0.000E+00  0.000E+00  0.000E+00  0.000E+00  0.000E+00  0.000E+00  0.000E+00
        63.0885  0.000E+00  0.278E-03  0.000E+00  0.000E+00  0.000E+00  0.000E+00  0.000E+00  0.000E+00  0.898E+00  0.000E+00  0.000E+00  0.000E+00  0.000E+00  0.000E+00  0.000E+00  0.000E+00
        63.7942  0.000E+00  0.278E-03  0.000E+00  0.000E+00  0.000E+00  0.000E+00  0.000E+00  0.000E+00  0.997E+00  0.000E+00  0.000E+00  0.000E+00  0.000E+00  0.000E+00  0.000E+00  0.000E+00
        64.4998  0.000E+00  0.278E-03  0.000E+00  0.000E+00  0.000E+00  0.000E+00  0.000E+00  0.000E+00  0.102E+01  0.000E+00  0.000E+00  0.000E+00  0.000E+00  0.000E+00  0.000E+00  0.000E+00
        65.4171  0.000E+00  0.278E-03  0.000E+00  0.000E+00  0.000E+00  0.000E+00  0.000E+00  0.000E+00  0.999E+00  0.000E+00  0.000E+00  0.000E+00  0.000E+00  0.000E+00  0.000E+00  0.000E+00
        66.3345  0.000E+00  0.278E-03  0.000E+00  0.000E+00  0.000E+00  0.000E+00  0.000E+00  0.000E+00  0.908E+00  0.000E+00  0.000E+00  0.000E+00  0.000E+00  0.000E+00  0.000E+00  0.000E+00
        67.2518  0.000E+00  0.278E-03  0.000E+00  0.000E+00  0.000E+00  0.000E+00  0.000E+00  0.000E+00  0.814E+00  0.000E+00  0.000E+00  0.000E+00  0.000E+00  0.000E+00  0.000E+00  0.000E+00
        68.4443  0.000E+00  0.278E-03  0.000E+00  0.000E+00  0.000E+00  0.000E+00  0.000E+00  0.000E+00  0.727E+00  0.000E+00  0.000E+00  0.000E+00  0.000E+00  0.000E+00  0.000E+00  0.000E+00
        69.6369  0.000E+00  0.278E-03  0.000E+00  0.000E+00  0.000E+00  0.000E+00  0.000E+00  0.000E+00  0.607E+00  0.000E+00  0.000E+00  0.000E+00  0.000E+00  0.000E+00  0.000E+00  0.000E+00
        70.8294  0.000E+00  0.278E-03  0.000E+00  0.000E+00  0.000E+00  0.000E+00  0.000E+00  0.000E+00  0.513E+00  0.000E+00  0.000E+00  0.000E+00  0.000E+00  0.000E+00  0.000E+00  0.000E+00
        72.3797  0.000E+00  0.278E-03  0.000E+00  0.000E+00  0.000E+00  0.000E+00  0.000E+00  0.000E+00  0.436E+00  0.000E+00  0.000E+00  0.000E+00  0.000E+00  0.000E+00  0.000E+00  0.000E+00
        73.9300  0.000E+00  0.278E-03  0.000E+00  0.000E+00  0.000E+00  0.000E+00  0.000E+00  0.000E+00  0.347E+00  0.000E+00  0.000E+00  0.000E+00  0.000E+00  0.000E+00  0.000E+00  0.000E+00
        75.9454  0.000E+00  0.278E-03  0.000E+00  0.000E+00  0.000E+00  0.000E+00  0.000E+00  0.000E+00  0.282E+00  0.000E+00  0.000E+00  0.000E+00  0.000E+00  0.000E+00  0.000E+00  0.000E+00
        77.9607  0.000E+00  0.278E-03  0.000E+00  0.000E+00  0.000E+00  0.000E+00  0.000E+00  0.000E+00  0.215E+00  0.000E+00  0.000E+00  0.000E+00  0.000E+00  0.000E+00  0.000E+00  0.000E+00
        80.5807  0.000E+00  0.278E-03  0.000E+00  0.000E+00  0.000E+00  0.000E+00  0.000E+00  0.000E+00  0.168E+00  0.000E+00  0.000E+00  0.000E+00  0.000E+00  0.000E+00  0.000E+00  0.000E+00
        83.2007  0.000E+00  0.278E-03  0.000E+00  0.000E+00  0.000E+00  0.000E+00  0.000E+00  0.000E+00  0.123E+00  0.000E+00  0.000E+00  0.000E+00  0.000E+00  0.000E+00  0.000E+00  0.000E+00
        85.8207  0.000E+00  0.278E-03  0.000E+00  0.000E+00  0.000E+00  0.000E+00  0.000E+00  0.000E+00  0.930E-01  0.000E+00  0.000E+00  0.000E+00  0.000E+00  0.000E+00  0.000E+00  0.000E+00
        89.2386  0.000E+00  0.278E-03  0.000E+00  0.000E+00  0.000E+00  0.000E+00  0.000E+00  0.000E+00  0.714E-01  0.000E+00  0.000E+00  0.000E+00  0.000E+00  0.000E+00  0.000E+00  0.000E+00
        92.6566  0.000E+00  0.278E-03  0.000E+00  0.000E+00  0.000E+00  0.000E+00  0.000E+00  0.000E+00  0.517E-01  0.000E+00  0.000E+00  0.000E+00  0.000E+00  0.000E+00  0.000E+00  0.000E+00
        96.0745  0.000E+00  0.278E-03  0.000E+00  0.000E+00  0.000E+00  0.000E+00  0.000E+00  0.000E+00  0.387E-01  0.000E+00  0.000E+00  0.000E+00  0.000E+00  0.000E+00  0.000E+00  0.000E+00
       100.8596  0.000E+00  0.278E-03  0.000E+00  0.000E+00  0.000E+00  0.000E+00  0.000E+00  0.000E+00  0.294E-01  0.000E+00  0.000E+00  0.000E+00  0.000E+00  0.000E+00  0.000E+00  0.000E+00
       105.6447  0.000E+00  0.278E-03  0.000E+00  0.000E+00  0.000E+00  0.000E+00  0.000E+00  0.000E+00  0.206E-01  0.000E+00  0.000E+00  0.000E+00  0.000E+00  0.000E+00  0.000E+00  0.000E+00
       110.4298  0.000E+00  0.278E-03  0.000E+00  0.000E+00  0.000E+00  0.000E+00  0.000E+00  0.000E+00  0.151E-01  0.000E+00  0.000E+00  0.000E+00  0.000E+00  0.000E+00  0.000E+00  0.000E+00
       115.2149  0.000E+00  0.278E-03  0.000E+00  0.000E+00  0.000E+00  0.000E+00  0.000E+00  0.000E+00  0.113E-01  0.000E+00  0.000E+00  0.000E+00  0.000E+00  0.000E+00  0.000E+00  0.000E+00
       120.0000  0.000E+00  0.278E-03  0.000E+00  0.000E+00  0.000E+00  0.000E+00  0.000E+00  0.000E+00  0.869E-02  0.000E+00  0.000E+00  0.000E+00  0.000E+00  0.000E+00  0.000E+00  0.000E+00
       124.4278  0.000E+00  0.278E-03  0.000E+00  0.000E+00  0.000E+00  0.000E+00  0.000E+00  0.000E+00  0.680E-02  0.000E+00  0.000E+00  0.000E+00  0.000E+00  0.000E+00  0.000E+00  0.000E+00
       129.9850  0.000E+00  0.278E-03  0.000E+00  0.000E+00  0.000E+00  0.000E+00  0.000E+00  0.000E+00  0.551E-02  0.000E+00  0.000E+00  0.000E+00  0.000E+00  0.000E+00  0.000E+00  0.000E+00
       135.5422  0.000E+00  0.278E-03  0.000E+00  0.000E+00  0.000E+00  0.000E+00  0.000E+00  0.000E+00  0.432E-02  0.000E+00  0.000E+00  0.000E+00  0.000E+00  0.000E+00  0.000E+00  0.000E+00
       141.0995  0.000E+00  0.278E-03  0.000E+00  0.000E+00  0.000E+00  0.000E+00  0.000E+00  0.000E+00  0.348E-02  0.000E+00  0.000E+00  0.000E+00  0.000E+00  0.000E+00  0.000E+00  0.000E+00
       146.6567  0.000E+00  0.278E-03  0.000E+00  0.000E+00  0.000E+00  0.000E+00  0.000E+00  0.000E+00  0.286E-02  0.000E+00  0.000E+00  0.000E+00  0.000E+00  0.000E+00  0.000E+00  0.000E+00
       152.2139  0.000E+00  0.278E-03  0.000E+00  0.000E+00  0.000E+00  0.000E+00  0.000E+00  0.000E+00  0.240E-02  0.000E+00  0.000E+00  0.000E+00  0.000E+00  0.000E+00  0.000E+00  0.000E+00
       157.7711  0.000E+00  0.278E-03  0.000E+00  0.000E+00  0.000E+00  0.000E+00  0.000E+00  0.000E+00  0.205E-02  0.000E+00  0.000E+00  0.000E+00  0.000E+00  0.000E+00  0.000E+00  0.000E+00
       163.3283  0.000E+00  0.278E-03  0.000E+00  0.000E+00  0.000E+00  0.000E+00  0.000E+00  0.000E+00  0.178E-02  0.000E+00  0.000E+00  0.000E+00  0.000E+00  0.000E+00  0.000E+00  0.000E+00
       168.8856  0.000E+00  0.278E-03  0.000E+00  0.000E+00  0.000E+00  0.000E+00  0.000E+00  0.000E+00  0.157E-02  0.000E+00  0.000E+00  0.000E+00  0.000E+00  0.000E+00  0.000E+00  0.000E+00
       180.0000  0.000E+00  0.278E-03  0.000E+00  0.000E+00  0.000E+00  0.000E+00  0.000E+00  0.000E+00  0.141E-02  0.000E+00  0.000E+00  0.000E+00  0.000E+00  0.000E+00  0.000E+00  0.000E+00
       187.5000  0.000E+00  0.278E-03  0.000E+00  0.000E+00  0.000E+00  0.000E+00  0.000E+00  0.000E+00  0.119E-02  0.000E+00  0.000E+00  0.000E+00  0.000E+00  0.000E+00  0.000E+00  0.000E+00
       198.0000  0.000E+00  0.278E-03  0.000E+00  0.000E+00  0.000E+00  0.000E+00  0.000E+00  0.000E+00  0.109E-02  0.000E+00  0.000E+00  0.000E+00  0.000E+00  0.000E+00  0.000E+00  0.000E+00
       212.0000  0.000E+00  0.278E-03  0.000E+00  0.000E+00  0.000E+00  0.000E+00  0.000E+00  0.000E+00  0.993E-03  0.000E+00  0.000E+00  0.000E+00  0.000E+00  0.000E+00  0.000E+00  0.000E+00
       226.0000  0.000E+00  0.278E-03  0.000E+00  0.000E+00  0.000E+00  0.000E+00  0.000E+00  0.000E+00  0.928E-03  0.000E+00  0.000E+00  0.000E+00  0.000E+00  0.000E+00  0.000E+00  0.000E+00
       240.0000  0.000E+00  0.278E-03  0.000E+00  0.000E+00  0.000E+00  0.000E+00  0.000E+00  0.000E+00  0.899E-03  0.000E+00  0.000E+00  0.000E+00  0.000E+00  0.000E+00  0.000E+00  0.000E+00
       261.3721  0.000E+00  0.278E-03  0.000E+00  0.000E+00  0.000E+00  0.000E+00  0.000E+00  0.000E+00  0.893E-03  0.000E+00  0.000E+00  0.000E+00  0.000E+00  0.000E+00  0.000E+00  0.000E+00
       287.8863  0.000E+00  0.278E-03  0.000E+00  0.000E+00  0.000E+00  0.000E+00  0.000E+00  0.000E+00  0.909E-03  0.000E+00  0.000E+00  0.000E+00  0.000E+00  0.000E+00  0.000E+00  0.000E+00
       323.2386  0.000E+00  0.278E-03  0.000E+00  0.000E+00  0.000E+00  0.000E+00  0.000E+00  0.000E+00  0.940E-03  0.000E+00  0.000E+00  0.000E+00  0.000E+00  0.000E+00  0.000E+00  0.000E+00
       367.4289  0.000E+00  0.278E-03  0.000E+00  0.000E+00  0.000E+00  0.000E+00  0.000E+00  0.000E+00  0.973E-03  0.000E+00  0.000E+00  0.000E+00  0.000E+00  0.000E+00  0.000E+00  0.000E+00
       433.7145  0.000E+00  0.278E-03  0.000E+00  0.000E+00  0.000E+00  0.000E+00  0.000E+00  0.000E+00  0.986E-03  0.000E+00  0.000E+00  0.000E+00  0.000E+00  0.000E+00  0.000E+00  0.000E+00
       500.0000  0.000E+00  0.278E-03  0.000E+00  0.000E+00  0.000E+00  0.000E+00  0.000E+00  0.000E+00  0.958E-03  0.000E+00  0.000E+00  0.000E+00  0.000E+00  0.000E+00  0.000E+00  0.000E+00
       573.3333  0.000E+00  0.278E-03  0.000E+00  0.000E+00  0.000E+00  0.000E+00  0.000E+00  0.000E+00  0.906E-03  0.000E+00  0.000E+00  0.000E+00  0.000E+00  0.000E+00  0.000E+00  0.000E+00
       720.0000  0.000E+00  0.278E-03  0.000E+00  0.000E+00  0.000E+00  0.000E+00  0.000E+00  0.000E+00  0.841E-03  0.000E+00  0.000E+00  0.000E+00  0.000E+00  0.000E+00  0.000E+00  0.000E+00
       822.8571  0.000E+00  0.278E-03  0.000E+00  0.000E+00  0.000E+00  0.000E+00  0.000E+00  0.000E+00  0.729E-03  0.000E+00  0.000E+00  0.000E+00  0.000E+00  0.000E+00  0.000E+00  0.000E+00
       946.2857  0.000E+00  0.278E-03  0.000E+00  0.000E+00  0.000E+00  0.000E+00  0.000E+00  0.000E+00  0.669E-03  0.000E+00  0.000E+00  0.000E+00  0.000E+00  0.000E+00  0.000E+00  0.000E+00
      1110.8571  0.000E+00  0.278E-03  0.000E+00  0.000E+00  0.000E+00  0.000E+00  0.000E+00  0.000E+00  0.616E-03  0.000E+00  0.000E+00  0.000E+00  0.000E+00  0.000E+00  0.000E+00  0.000E+00
      1440.0000  0.000E+00  0.278E-03  0.000E+00  0.000E+00  0.000E+00  0.000E+00  0.000E+00  0.000E+00  0.570E-03  0.000E+00  0.000E+00  0.000E+00  0.000E+00  0.000E+00  0.000E+00  0.000E+00
      1800.0000  0.000E+00  0.278E-03  0.000E+00  0.000E+00  0.000E+00  0.000E+00  0.000E+00  0.000E+00  0.531E-03  0.000E+00  0.000E+00  0.000E+00  0.000E+00  0.000E+00  0.000E+00  0.000E+00
      2160.0000  0.000E+00  0.278E-03  0.000E+00  0.000E+00  0.000E+00  0.000E+00  0.000E+00  0.000E+00  0.518E-03  0.000E+00  0.000E+00  0.000E+00  0.000E+00  0.000E+00  0.000E+00  0.000E+00
      2520.0000  0.000E+00  0.278E-03  0.000E+00  0.000E+00  0.000E+00  0.000E+00  0.000E+00  0.000E+00  0.518E-03  0.000E+00  0.000E+00  0.000E+00  0.000E+00  0.000E+00  0.000E+00  0.000E+00
      2880.0000  0.000E+00  0.278E-03  0.000E+00  0.000E+00  0.000E+00  0.000E+00  0.000E+00  0.000E+00  0.521E-03  0.000E+00  0.000E+00  0.000E+00  0.000E+00  0.000E+00  0.000E+00  0.000E+00
end
