 Welcome to HYDRUS                                                       
 
 Program HYDRUS3
 Date:  25.12.2019    Time:  10:53: 8
 Time dependent boundary conditions
 
 Units: L = cm   , T = min  , M = mmol 
 

----------------------------------------------------------
 Time       [T] 0.00000000E+00
----------------------------------------------------------
 Sub-region num.                     1
----------------------------------------------------------
 Volume  [L3]        0.37804E+05  0.37804E+05
 VolumeW [L3]        0.54234E+04  0.54236E+04
 InFlow  [L3/T]      0.00000E+00  0.00000E+00
 hMean   [L]        -0.15658E+04    -1565.775
----------------------------------------------------------

----------------------------------------------------------
 Time       [T]        5.0000
----------------------------------------------------------
 Sub-region num.                     1
----------------------------------------------------------
 Volume  [L3]        0.37804E+05  0.37804E+05
 VolumeW [L3]        0.57613E+04  0.57610E+04
 InFlow  [L3/T]      0.67520E+02  0.67520E+02
 hMean   [L]        -0.47192E+03     -471.918
 WatBalT [L3]        0.49345E+00
 WatBalR [%]               0.055
----------------------------------------------------------

----------------------------------------------------------
 Time       [T]       15.0000
----------------------------------------------------------
 Sub-region num.                     1
----------------------------------------------------------
 Volume  [L3]        0.37804E+05  0.37804E+05
 VolumeW [L3]        0.64362E+04  0.64364E+04
 InFlow  [L3/T]      0.67487E+02  0.67487E+02
 hMean   [L]        -0.39780E+03     -397.805
 WatBalT [L3]        0.41205E+00
 WatBalR [%]               0.025
----------------------------------------------------------

----------------------------------------------------------
 Time       [T]       30.0000
----------------------------------------------------------
 Sub-region num.                     1
----------------------------------------------------------
 Volume  [L3]        0.37804E+05  0.37804E+05
 VolumeW [L3]        0.74487E+04  0.74491E+04
 InFlow  [L3/T]      0.67478E+02  0.67478E+02
 hMean   [L]        -0.28839E+03     -288.392
 WatBalT [L3]        0.33429E+00
 WatBalR [%]               0.013
----------------------------------------------------------

----------------------------------------------------------
 Time       [T]       60.0000
----------------------------------------------------------
 Sub-region num.                     1
----------------------------------------------------------
 Volume  [L3]        0.37804E+05  0.37804E+05
 VolumeW [L3]        0.93633E+04  0.93641E+04
 InFlow  [L3/T]      0.50342E+02  0.50342E+02
 hMean   [L]        -0.10376E+03     -103.757
 WatBalT [L3]        0.16160E+00
 WatBalR [%]               0.004
----------------------------------------------------------

----------------------------------------------------------
 Time       [T]      120.0000
----------------------------------------------------------
 Sub-region num.                     1
----------------------------------------------------------
 Volume  [L3]        0.37804E+05  0.37804E+05
 VolumeW [L3]        0.91455E+04  0.91463E+04
 InFlow  [L3/T]     -0.21368E+00 -0.21368E+00
 hMean   [L]        -0.31074E+02      -31.074
 WatBalT [L3]        0.13457E+01
 WatBalR [%]               0.031
----------------------------------------------------------

----------------------------------------------------------
 Time       [T]      180.0000
----------------------------------------------------------
 Sub-region num.                     1
----------------------------------------------------------
 Volume  [L3]        0.37804E+05  0.37804E+05
 VolumeW [L3]        0.91410E+04  0.91405E+04
 InFlow  [L3/T]     -0.32811E-01 -0.32811E-01
 hMean   [L]        -0.26395E+02      -26.395
 WatBalT [L3]        0.14011E+01
 WatBalR [%]               0.032
----------------------------------------------------------

----------------------------------------------------------
 Time       [T]      240.0000
----------------------------------------------------------
 Sub-region num.                     1
----------------------------------------------------------
 Volume  [L3]        0.37804E+05  0.37804E+05
 VolumeW [L3]        0.91397E+04  0.91394E+04
 InFlow  [L3/T]     -0.19396E-01 -0.19396E-01
 hMean   [L]        -0.25817E+02      -25.817
 WatBalT [L3]        0.14398E+01
 WatBalR [%]               0.033
----------------------------------------------------------

----------------------------------------------------------
 Time       [T]      500.0000
----------------------------------------------------------
 Sub-region num.                     1
----------------------------------------------------------
 Volume  [L3]        0.37804E+05  0.37804E+05
 VolumeW [L3]        0.91365E+04  0.91365E+04
 InFlow  [L3/T]     -0.10946E-01 -0.10946E-01
 hMean   [L]        -0.26582E+02      -26.582
 WatBalT [L3]        0.15604E+01
 WatBalR [%]               0.036
----------------------------------------------------------

----------------------------------------------------------
 Time       [T]      720.0000
----------------------------------------------------------
 Sub-region num.                     1
----------------------------------------------------------
 Volume  [L3]        0.37804E+05  0.37804E+05
 VolumeW [L3]        0.91344E+04  0.91344E+04
 InFlow  [L3/T]     -0.91453E-02 -0.91453E-02
 hMean   [L]        -0.27280E+02      -27.280
 WatBalT [L3]        0.15836E+01
 WatBalR [%]               0.036
----------------------------------------------------------

----------------------------------------------------------
 Time       [T]     1440.0000
----------------------------------------------------------
 Sub-region num.                     1
----------------------------------------------------------
 Volume  [L3]        0.37804E+05  0.37804E+05
 VolumeW [L3]        0.91311E+04  0.91310E+04
 InFlow  [L3/T]     -0.30733E-02 -0.30733E-02
 hMean   [L]        -0.28472E+02      -28.472
 WatBalT [L3]        0.28338E+01
 WatBalR [%]               0.064
----------------------------------------------------------

----------------------------------------------------------
 Time       [T]     2160.0000
----------------------------------------------------------
 Sub-region num.                     1
----------------------------------------------------------
 Volume  [L3]        0.37804E+05  0.37804E+05
 VolumeW [L3]        0.91284E+04  0.91283E+04
 InFlow  [L3/T]     -0.41215E-02 -0.41215E-02
 hMean   [L]        -0.28844E+02      -28.844
 WatBalT [L3]        0.36155E+01
 WatBalR [%]               0.082
----------------------------------------------------------

----------------------------------------------------------
 Time       [T]     2880.0000
----------------------------------------------------------
 Sub-region num.                     1
----------------------------------------------------------
 Volume  [L3]        0.37804E+05  0.37804E+05
 VolumeW [L3]        0.91254E+04  0.91254E+04
 InFlow  [L3/T]     -0.42069E-02 -0.42069E-02
 hMean   [L]        -0.28990E+02      -28.990
 WatBalT [L3]        0.37158E+01
 WatBalR [%]               0.084
----------------------------------------------------------
 
 Calculation time [sec]   47.0800000429153     
