 FileVersion=0003
 Welcome to HYDRUS                                                       
 
 Program HYDRUS3
 Date:  25.12.2019    Time:  10:53: 8
 Time dependent boundary conditions
 
 Units: L = cm   , T = min  , M = mmol 
 
 All cumulative fluxes (CumQ) are positive out of the region
          Time     CumQAP      CumQRP     CumQA      CumQR     CumQ3       CumQ1      CumQS      CumQ5      CumQ6      CumQ7      CumQ8      CumQ9     CRunOff    cEvapor   cInfiltr
           [T]      [L3]        [L3]       [L3]       [L3]      [L3]        [L3]       [L3]       [L3]       [L3]       [L3]       [L3]       [L3]       [L3]       [L3]       [L3]

         0.0010  0.000E+00  0.000E+00  0.000E+00  0.000E+00 -0.675E-01  0.000E+00  0.000E+00  0.000E+00  0.377E-03  0.000E+00  0.000E+00  0.000E+00  0.000E+00  0.000E+00  0.000E+00
         0.0020  0.000E+00  0.000E+00  0.000E+00  0.000E+00 -0.135E+00  0.000E+00  0.000E+00  0.000E+00  0.661E-03  0.000E+00  0.000E+00  0.000E+00  0.000E+00  0.000E+00  0.000E+00
         0.0030  0.000E+00  0.000E+00  0.000E+00  0.000E+00 -0.203E+00  0.000E+00  0.000E+00  0.000E+00  0.899E-03  0.000E+00  0.000E+00  0.000E+00  0.000E+00  0.000E+00  0.000E+00
         0.0043  0.000E+00  0.000E+00  0.000E+00  0.000E+00 -0.290E+00  0.000E+00  0.000E+00  0.000E+00  0.117E-02  0.000E+00  0.000E+00  0.000E+00  0.000E+00  0.000E+00  0.000E+00
         0.0060  0.000E+00  0.000E+00  0.000E+00  0.000E+00 -0.404E+00  0.000E+00  0.000E+00  0.000E+00  0.148E-02  0.000E+00  0.000E+00  0.000E+00  0.000E+00  0.000E+00  0.000E+00
         0.0082  0.000E+00  0.000E+00  0.000E+00  0.000E+00 -0.553E+00  0.000E+00  0.000E+00  0.000E+00  0.183E-02  0.000E+00  0.000E+00  0.000E+00  0.000E+00  0.000E+00  0.000E+00
         0.0110  0.000E+00  0.000E+00  0.000E+00  0.000E+00 -0.745E+00  0.000E+00  0.000E+00  0.000E+00  0.224E-02  0.000E+00  0.000E+00  0.000E+00  0.000E+00  0.000E+00  0.000E+00
         0.0148  0.000E+00  0.000E+00  0.000E+00  0.000E+00 -0.996E+00  0.000E+00  0.000E+00  0.000E+00  0.270E-02  0.000E+00  0.000E+00  0.000E+00  0.000E+00  0.000E+00  0.000E+00
         0.0196  0.000E+00  0.000E+00  0.000E+00  0.000E+00 -0.132E+01  0.000E+00  0.000E+00  0.000E+00  0.323E-02  0.000E+00  0.000E+00  0.000E+00  0.000E+00  0.000E+00  0.000E+00
         0.0259  0.000E+00  0.000E+00  0.000E+00  0.000E+00 -0.175E+01  0.000E+00  0.000E+00  0.000E+00  0.383E-02  0.000E+00  0.000E+00  0.000E+00  0.000E+00  0.000E+00  0.000E+00
         0.0340  0.000E+00  0.000E+00  0.000E+00  0.000E+00 -0.230E+01  0.000E+00  0.000E+00  0.000E+00  0.451E-02  0.000E+00  0.000E+00  0.000E+00  0.000E+00  0.000E+00  0.000E+00
         0.0446  0.000E+00  0.000E+00  0.000E+00  0.000E+00 -0.301E+01  0.000E+00  0.000E+00  0.000E+00  0.529E-02  0.000E+00  0.000E+00  0.000E+00  0.000E+00  0.000E+00  0.000E+00
         0.0584  0.000E+00  0.000E+00  0.000E+00  0.000E+00 -0.394E+01  0.000E+00  0.000E+00  0.000E+00  0.617E-02  0.000E+00  0.000E+00  0.000E+00  0.000E+00  0.000E+00  0.000E+00
         0.0722  0.000E+00  0.000E+00  0.000E+00  0.000E+00 -0.487E+01  0.000E+00  0.000E+00  0.000E+00  0.694E-02  0.000E+00  0.000E+00  0.000E+00  0.000E+00  0.000E+00  0.000E+00
         0.0860  0.000E+00  0.000E+00  0.000E+00  0.000E+00 -0.580E+01  0.000E+00  0.000E+00  0.000E+00  0.764E-02  0.000E+00  0.000E+00  0.000E+00  0.000E+00  0.000E+00  0.000E+00
         0.0998  0.000E+00  0.000E+00  0.000E+00  0.000E+00 -0.673E+01  0.000E+00  0.000E+00  0.000E+00  0.827E-02  0.000E+00  0.000E+00  0.000E+00  0.000E+00  0.000E+00  0.000E+00
         0.1177  0.000E+00  0.000E+00  0.000E+00  0.000E+00 -0.794E+01  0.000E+00  0.000E+00  0.000E+00  0.904E-02  0.000E+00  0.000E+00  0.000E+00  0.000E+00  0.000E+00  0.000E+00
         0.1356  0.000E+00  0.000E+00  0.000E+00  0.000E+00 -0.915E+01  0.000E+00  0.000E+00  0.000E+00  0.975E-02  0.000E+00  0.000E+00  0.000E+00  0.000E+00  0.000E+00  0.000E+00
         0.1535  0.000E+00  0.000E+00  0.000E+00  0.000E+00 -0.104E+02  0.000E+00  0.000E+00  0.000E+00  0.104E-01  0.000E+00  0.000E+00  0.000E+00  0.000E+00  0.000E+00  0.000E+00
         0.1714  0.000E+00  0.000E+00  0.000E+00  0.000E+00 -0.116E+02  0.000E+00  0.000E+00  0.000E+00  0.110E-01  0.000E+00  0.000E+00  0.000E+00  0.000E+00  0.000E+00  0.000E+00
         0.1947  0.000E+00  0.000E+00  0.000E+00  0.000E+00 -0.131E+02  0.000E+00  0.000E+00  0.000E+00  0.118E-01  0.000E+00  0.000E+00  0.000E+00  0.000E+00  0.000E+00  0.000E+00
         0.2180  0.000E+00  0.000E+00  0.000E+00  0.000E+00 -0.147E+02  0.000E+00  0.000E+00  0.000E+00  0.125E-01  0.000E+00  0.000E+00  0.000E+00  0.000E+00  0.000E+00  0.000E+00
         0.2413  0.000E+00  0.000E+00  0.000E+00  0.000E+00 -0.163E+02  0.000E+00  0.000E+00  0.000E+00  0.132E-01  0.000E+00  0.000E+00  0.000E+00  0.000E+00  0.000E+00  0.000E+00
         0.2646  0.000E+00  0.000E+00  0.000E+00  0.000E+00 -0.179E+02  0.000E+00  0.000E+00  0.000E+00  0.138E-01  0.000E+00  0.000E+00  0.000E+00  0.000E+00  0.000E+00  0.000E+00
         0.2879  0.000E+00  0.000E+00  0.000E+00  0.000E+00 -0.194E+02  0.000E+00  0.000E+00  0.000E+00  0.145E-01  0.000E+00  0.000E+00  0.000E+00  0.000E+00  0.000E+00  0.000E+00
         0.3112  0.000E+00  0.000E+00  0.000E+00  0.000E+00 -0.210E+02  0.000E+00  0.000E+00  0.000E+00  0.151E-01  0.000E+00  0.000E+00  0.000E+00  0.000E+00  0.000E+00  0.000E+00
         0.3345  0.000E+00  0.000E+00  0.000E+00  0.000E+00 -0.226E+02  0.000E+00  0.000E+00  0.000E+00  0.156E-01  0.000E+00  0.000E+00  0.000E+00  0.000E+00  0.000E+00  0.000E+00
         0.3648  0.000E+00  0.000E+00  0.000E+00  0.000E+00 -0.246E+02  0.000E+00  0.000E+00  0.000E+00  0.164E-01  0.000E+00  0.000E+00  0.000E+00  0.000E+00  0.000E+00  0.000E+00
         0.3951  0.000E+00  0.000E+00  0.000E+00  0.000E+00 -0.267E+02  0.000E+00  0.000E+00  0.000E+00  0.170E-01  0.000E+00  0.000E+00  0.000E+00  0.000E+00  0.000E+00  0.000E+00
         0.4254  0.000E+00  0.000E+00  0.000E+00  0.000E+00 -0.287E+02  0.000E+00  0.000E+00  0.000E+00  0.177E-01  0.000E+00  0.000E+00  0.000E+00  0.000E+00  0.000E+00  0.000E+00
         0.4557  0.000E+00  0.000E+00  0.000E+00  0.000E+00 -0.308E+02  0.000E+00  0.000E+00  0.000E+00  0.183E-01  0.000E+00  0.000E+00  0.000E+00  0.000E+00  0.000E+00  0.000E+00
         0.4860  0.000E+00  0.000E+00  0.000E+00  0.000E+00 -0.328E+02  0.000E+00  0.000E+00  0.000E+00  0.189E-01  0.000E+00  0.000E+00  0.000E+00  0.000E+00  0.000E+00  0.000E+00
         0.5163  0.000E+00  0.000E+00  0.000E+00  0.000E+00 -0.348E+02  0.000E+00  0.000E+00  0.000E+00  0.195E-01  0.000E+00  0.000E+00  0.000E+00  0.000E+00  0.000E+00  0.000E+00
         0.5465  0.000E+00  0.000E+00  0.000E+00  0.000E+00 -0.369E+02  0.000E+00  0.000E+00  0.000E+00  0.201E-01  0.000E+00  0.000E+00  0.000E+00  0.000E+00  0.000E+00  0.000E+00
         0.5768  0.000E+00  0.000E+00  0.000E+00  0.000E+00 -0.389E+02  0.000E+00  0.000E+00  0.000E+00  0.207E-01  0.000E+00  0.000E+00  0.000E+00  0.000E+00  0.000E+00  0.000E+00
         0.6071  0.000E+00  0.000E+00  0.000E+00  0.000E+00 -0.410E+02  0.000E+00  0.000E+00  0.000E+00  0.212E-01  0.000E+00  0.000E+00  0.000E+00  0.000E+00  0.000E+00  0.000E+00
         0.6374  0.000E+00  0.000E+00  0.000E+00  0.000E+00 -0.430E+02  0.000E+00  0.000E+00  0.000E+00  0.217E-01  0.000E+00  0.000E+00  0.000E+00  0.000E+00  0.000E+00  0.000E+00
         0.6677  0.000E+00  0.000E+00  0.000E+00  0.000E+00 -0.451E+02  0.000E+00  0.000E+00  0.000E+00  0.222E-01  0.000E+00  0.000E+00  0.000E+00  0.000E+00  0.000E+00  0.000E+00
         0.6980  0.000E+00  0.000E+00  0.000E+00  0.000E+00 -0.471E+02  0.000E+00  0.000E+00  0.000E+00  0.227E-01  0.000E+00  0.000E+00  0.000E+00  0.000E+00  0.000E+00  0.000E+00
         0.7283  0.000E+00  0.000E+00  0.000E+00  0.000E+00 -0.492E+02  0.000E+00  0.000E+00  0.000E+00  0.232E-01  0.000E+00  0.000E+00  0.000E+00  0.000E+00  0.000E+00  0.000E+00
         0.7676  0.000E+00  0.000E+00  0.000E+00  0.000E+00 -0.518E+02  0.000E+00  0.000E+00  0.000E+00  0.238E-01  0.000E+00  0.000E+00  0.000E+00  0.000E+00  0.000E+00  0.000E+00
         0.8070  0.000E+00  0.000E+00  0.000E+00  0.000E+00 -0.545E+02  0.000E+00  0.000E+00  0.000E+00  0.244E-01  0.000E+00  0.000E+00  0.000E+00  0.000E+00  0.000E+00  0.000E+00
         0.8464  0.000E+00  0.000E+00  0.000E+00  0.000E+00 -0.571E+02  0.000E+00  0.000E+00  0.000E+00  0.250E-01  0.000E+00  0.000E+00  0.000E+00  0.000E+00  0.000E+00  0.000E+00
         0.8858  0.000E+00  0.000E+00  0.000E+00  0.000E+00 -0.598E+02  0.000E+00  0.000E+00  0.000E+00  0.255E-01  0.000E+00  0.000E+00  0.000E+00  0.000E+00  0.000E+00  0.000E+00
         0.9251  0.000E+00  0.000E+00  0.000E+00  0.000E+00 -0.624E+02  0.000E+00  0.000E+00  0.000E+00  0.261E-01  0.000E+00  0.000E+00  0.000E+00  0.000E+00  0.000E+00  0.000E+00
         0.9645  0.000E+00  0.000E+00  0.000E+00  0.000E+00 -0.651E+02  0.000E+00  0.000E+00  0.000E+00  0.266E-01  0.000E+00  0.000E+00  0.000E+00  0.000E+00  0.000E+00  0.000E+00
         1.0039  0.000E+00  0.000E+00  0.000E+00  0.000E+00 -0.678E+02  0.000E+00  0.000E+00  0.000E+00  0.271E-01  0.000E+00  0.000E+00  0.000E+00  0.000E+00  0.000E+00  0.000E+00
         1.0433  0.000E+00  0.000E+00  0.000E+00  0.000E+00 -0.704E+02  0.000E+00  0.000E+00  0.000E+00  0.276E-01  0.000E+00  0.000E+00  0.000E+00  0.000E+00  0.000E+00  0.000E+00
         1.0826  0.000E+00  0.000E+00  0.000E+00  0.000E+00 -0.731E+02  0.000E+00  0.000E+00  0.000E+00  0.281E-01  0.000E+00  0.000E+00  0.000E+00  0.000E+00  0.000E+00  0.000E+00
         1.1220  0.000E+00  0.000E+00  0.000E+00  0.000E+00 -0.757E+02  0.000E+00  0.000E+00  0.000E+00  0.285E-01  0.000E+00  0.000E+00  0.000E+00  0.000E+00  0.000E+00  0.000E+00
         1.1614  0.000E+00  0.000E+00  0.000E+00  0.000E+00 -0.784E+02  0.000E+00  0.000E+00  0.000E+00  0.290E-01  0.000E+00  0.000E+00  0.000E+00  0.000E+00  0.000E+00  0.000E+00
         1.2126  0.000E+00  0.000E+00  0.000E+00  0.000E+00 -0.818E+02  0.000E+00  0.000E+00  0.000E+00  0.296E-01  0.000E+00  0.000E+00  0.000E+00  0.000E+00  0.000E+00  0.000E+00
         1.2638  0.000E+00  0.000E+00  0.000E+00  0.000E+00 -0.853E+02  0.000E+00  0.000E+00  0.000E+00  0.301E-01  0.000E+00  0.000E+00  0.000E+00  0.000E+00  0.000E+00  0.000E+00
         1.3149  0.000E+00  0.000E+00  0.000E+00  0.000E+00 -0.888E+02  0.000E+00  0.000E+00  0.000E+00  0.306E-01  0.000E+00  0.000E+00  0.000E+00  0.000E+00  0.000E+00  0.000E+00
         1.3661  0.000E+00  0.000E+00  0.000E+00  0.000E+00 -0.922E+02  0.000E+00  0.000E+00  0.000E+00  0.312E-01  0.000E+00  0.000E+00  0.000E+00  0.000E+00  0.000E+00  0.000E+00
         1.4173  0.000E+00  0.000E+00  0.000E+00  0.000E+00 -0.957E+02  0.000E+00  0.000E+00  0.000E+00  0.317E-01  0.000E+00  0.000E+00  0.000E+00  0.000E+00  0.000E+00  0.000E+00
         1.4685  0.000E+00  0.000E+00  0.000E+00  0.000E+00 -0.991E+02  0.000E+00  0.000E+00  0.000E+00  0.322E-01  0.000E+00  0.000E+00  0.000E+00  0.000E+00  0.000E+00  0.000E+00
         1.5197  0.000E+00  0.000E+00  0.000E+00  0.000E+00 -0.103E+03  0.000E+00  0.000E+00  0.000E+00  0.327E-01  0.000E+00  0.000E+00  0.000E+00  0.000E+00  0.000E+00  0.000E+00
         1.5709  0.000E+00  0.000E+00  0.000E+00  0.000E+00 -0.106E+03  0.000E+00  0.000E+00  0.000E+00  0.331E-01  0.000E+00  0.000E+00  0.000E+00  0.000E+00  0.000E+00  0.000E+00
         1.6374  0.000E+00  0.000E+00  0.000E+00  0.000E+00 -0.111E+03  0.000E+00  0.000E+00  0.000E+00  0.337E-01  0.000E+00  0.000E+00  0.000E+00  0.000E+00  0.000E+00  0.000E+00
         1.7040  0.000E+00  0.000E+00  0.000E+00  0.000E+00 -0.115E+03  0.000E+00  0.000E+00  0.000E+00  0.343E-01  0.000E+00  0.000E+00  0.000E+00  0.000E+00  0.000E+00  0.000E+00
         1.7705  0.000E+00  0.000E+00  0.000E+00  0.000E+00 -0.120E+03  0.000E+00  0.000E+00  0.000E+00  0.348E-01  0.000E+00  0.000E+00  0.000E+00  0.000E+00  0.000E+00  0.000E+00
         1.8370  0.000E+00  0.000E+00  0.000E+00  0.000E+00 -0.124E+03  0.000E+00  0.000E+00  0.000E+00  0.354E-01  0.000E+00  0.000E+00  0.000E+00  0.000E+00  0.000E+00  0.000E+00
         1.9036  0.000E+00  0.000E+00  0.000E+00  0.000E+00 -0.128E+03  0.000E+00  0.000E+00  0.000E+00  0.359E-01  0.000E+00  0.000E+00  0.000E+00  0.000E+00  0.000E+00  0.000E+00
         1.9701  0.000E+00  0.000E+00  0.000E+00  0.000E+00 -0.133E+03  0.000E+00  0.000E+00  0.000E+00  0.364E-01  0.000E+00  0.000E+00  0.000E+00  0.000E+00  0.000E+00  0.000E+00
         2.0367  0.000E+00  0.000E+00  0.000E+00  0.000E+00 -0.137E+03  0.000E+00  0.000E+00  0.000E+00  0.369E-01  0.000E+00  0.000E+00  0.000E+00  0.000E+00  0.000E+00  0.000E+00
         2.1232  0.000E+00  0.000E+00  0.000E+00  0.000E+00 -0.143E+03  0.000E+00  0.000E+00  0.000E+00  0.375E-01  0.000E+00  0.000E+00  0.000E+00  0.000E+00  0.000E+00  0.000E+00
         2.2097  0.000E+00  0.000E+00  0.000E+00  0.000E+00 -0.149E+03  0.000E+00  0.000E+00  0.000E+00  0.381E-01  0.000E+00  0.000E+00  0.000E+00  0.000E+00  0.000E+00  0.000E+00
         2.2962  0.000E+00  0.000E+00  0.000E+00  0.000E+00 -0.155E+03  0.000E+00  0.000E+00  0.000E+00  0.387E-01  0.000E+00  0.000E+00  0.000E+00  0.000E+00  0.000E+00  0.000E+00
         2.3827  0.000E+00  0.000E+00  0.000E+00  0.000E+00 -0.161E+03  0.000E+00  0.000E+00  0.000E+00  0.393E-01  0.000E+00  0.000E+00  0.000E+00  0.000E+00  0.000E+00  0.000E+00
         2.4692  0.000E+00  0.000E+00  0.000E+00  0.000E+00 -0.167E+03  0.000E+00  0.000E+00  0.000E+00  0.398E-01  0.000E+00  0.000E+00  0.000E+00  0.000E+00  0.000E+00  0.000E+00
         2.5557  0.000E+00  0.000E+00  0.000E+00  0.000E+00 -0.173E+03  0.000E+00  0.000E+00  0.000E+00  0.403E-01  0.000E+00  0.000E+00  0.000E+00  0.000E+00  0.000E+00  0.000E+00
         2.6422  0.000E+00  0.000E+00  0.000E+00  0.000E+00 -0.178E+03  0.000E+00  0.000E+00  0.000E+00  0.408E-01  0.000E+00  0.000E+00  0.000E+00  0.000E+00  0.000E+00  0.000E+00
         2.7287  0.000E+00  0.000E+00  0.000E+00  0.000E+00 -0.184E+03  0.000E+00  0.000E+00  0.000E+00  0.413E-01  0.000E+00  0.000E+00  0.000E+00  0.000E+00  0.000E+00  0.000E+00
         2.8152  0.000E+00  0.000E+00  0.000E+00  0.000E+00 -0.190E+03  0.000E+00  0.000E+00  0.000E+00  0.418E-01  0.000E+00  0.000E+00  0.000E+00  0.000E+00  0.000E+00  0.000E+00
         2.9017  0.000E+00  0.000E+00  0.000E+00  0.000E+00 -0.196E+03  0.000E+00  0.000E+00  0.000E+00  0.423E-01  0.000E+00  0.000E+00  0.000E+00  0.000E+00  0.000E+00  0.000E+00
         3.0142  0.000E+00  0.000E+00  0.000E+00  0.000E+00 -0.203E+03  0.000E+00  0.000E+00  0.000E+00  0.428E-01  0.000E+00  0.000E+00  0.000E+00  0.000E+00  0.000E+00  0.000E+00
         3.1266  0.000E+00  0.000E+00  0.000E+00  0.000E+00 -0.211E+03  0.000E+00  0.000E+00  0.000E+00  0.434E-01  0.000E+00  0.000E+00  0.000E+00  0.000E+00  0.000E+00  0.000E+00
         3.2391  0.000E+00  0.000E+00  0.000E+00  0.000E+00 -0.219E+03  0.000E+00  0.000E+00  0.000E+00  0.440E-01  0.000E+00  0.000E+00  0.000E+00  0.000E+00  0.000E+00  0.000E+00
         3.3515  0.000E+00  0.000E+00  0.000E+00  0.000E+00 -0.226E+03  0.000E+00  0.000E+00  0.000E+00  0.445E-01  0.000E+00  0.000E+00  0.000E+00  0.000E+00  0.000E+00  0.000E+00
         3.4640  0.000E+00  0.000E+00  0.000E+00  0.000E+00 -0.234E+03  0.000E+00  0.000E+00  0.000E+00  0.450E-01  0.000E+00  0.000E+00  0.000E+00  0.000E+00  0.000E+00  0.000E+00
         3.5764  0.000E+00  0.000E+00  0.000E+00  0.000E+00 -0.241E+03  0.000E+00  0.000E+00  0.000E+00  0.455E-01  0.000E+00  0.000E+00  0.000E+00  0.000E+00  0.000E+00  0.000E+00
         3.6889  0.000E+00  0.000E+00  0.000E+00  0.000E+00 -0.249E+03  0.000E+00  0.000E+00  0.000E+00  0.460E-01  0.000E+00  0.000E+00  0.000E+00  0.000E+00  0.000E+00  0.000E+00
         3.8013  0.000E+00  0.000E+00  0.000E+00  0.000E+00 -0.257E+03  0.000E+00  0.000E+00  0.000E+00  0.464E-01  0.000E+00  0.000E+00  0.000E+00  0.000E+00  0.000E+00  0.000E+00
         3.9138  0.000E+00  0.000E+00  0.000E+00  0.000E+00 -0.264E+03  0.000E+00  0.000E+00  0.000E+00  0.469E-01  0.000E+00  0.000E+00  0.000E+00  0.000E+00  0.000E+00  0.000E+00
         4.0224  0.000E+00  0.000E+00  0.000E+00  0.000E+00 -0.272E+03  0.000E+00  0.000E+00  0.000E+00  0.473E-01  0.000E+00  0.000E+00  0.000E+00  0.000E+00  0.000E+00  0.000E+00
         4.1310  0.000E+00  0.000E+00  0.000E+00  0.000E+00 -0.279E+03  0.000E+00  0.000E+00  0.000E+00  0.477E-01  0.000E+00  0.000E+00  0.000E+00  0.000E+00  0.000E+00  0.000E+00
         4.2397  0.000E+00  0.000E+00  0.000E+00  0.000E+00 -0.286E+03  0.000E+00  0.000E+00  0.000E+00  0.481E-01  0.000E+00  0.000E+00  0.000E+00  0.000E+00  0.000E+00  0.000E+00
         4.3483  0.000E+00  0.000E+00  0.000E+00  0.000E+00 -0.294E+03  0.000E+00  0.000E+00  0.000E+00  0.485E-01  0.000E+00  0.000E+00  0.000E+00  0.000E+00  0.000E+00  0.000E+00
         4.4569  0.000E+00  0.000E+00  0.000E+00  0.000E+00 -0.301E+03  0.000E+00  0.000E+00  0.000E+00  0.489E-01  0.000E+00  0.000E+00  0.000E+00  0.000E+00  0.000E+00  0.000E+00
         4.5655  0.000E+00  0.000E+00  0.000E+00  0.000E+00 -0.308E+03  0.000E+00  0.000E+00  0.000E+00  0.493E-01  0.000E+00  0.000E+00  0.000E+00  0.000E+00  0.000E+00  0.000E+00
         4.6741  0.000E+00  0.000E+00  0.000E+00  0.000E+00 -0.316E+03  0.000E+00  0.000E+00  0.000E+00  0.496E-01  0.000E+00  0.000E+00  0.000E+00  0.000E+00  0.000E+00  0.000E+00
         4.7828  0.000E+00  0.000E+00  0.000E+00  0.000E+00 -0.323E+03  0.000E+00  0.000E+00  0.000E+00  0.500E-01  0.000E+00  0.000E+00  0.000E+00  0.000E+00  0.000E+00  0.000E+00
         4.8914  0.000E+00  0.000E+00  0.000E+00  0.000E+00 -0.330E+03  0.000E+00  0.000E+00  0.000E+00  0.503E-01  0.000E+00  0.000E+00  0.000E+00  0.000E+00  0.000E+00  0.000E+00
         5.0000  0.000E+00  0.000E+00  0.000E+00  0.000E+00 -0.338E+03  0.000E+00  0.000E+00  0.000E+00  0.507E-01  0.000E+00  0.000E+00  0.000E+00  0.000E+00  0.000E+00  0.000E+00
         5.1462  0.000E+00  0.000E+00  0.000E+00  0.000E+00 -0.347E+03  0.000E+00  0.000E+00  0.000E+00  0.511E-01  0.000E+00  0.000E+00  0.000E+00  0.000E+00  0.000E+00  0.000E+00
         5.2924  0.000E+00  0.000E+00  0.000E+00  0.000E+00 -0.357E+03  0.000E+00  0.000E+00  0.000E+00  0.515E-01  0.000E+00  0.000E+00  0.000E+00  0.000E+00  0.000E+00  0.000E+00
         5.4386  0.000E+00  0.000E+00  0.000E+00  0.000E+00 -0.367E+03  0.000E+00  0.000E+00  0.000E+00  0.519E-01  0.000E+00  0.000E+00  0.000E+00  0.000E+00  0.000E+00  0.000E+00
         5.5848  0.000E+00  0.000E+00  0.000E+00  0.000E+00 -0.377E+03  0.000E+00  0.000E+00  0.000E+00  0.523E-01  0.000E+00  0.000E+00  0.000E+00  0.000E+00  0.000E+00  0.000E+00
         5.7310  0.000E+00  0.000E+00  0.000E+00  0.000E+00 -0.387E+03  0.000E+00  0.000E+00  0.000E+00  0.527E-01  0.000E+00  0.000E+00  0.000E+00  0.000E+00  0.000E+00  0.000E+00
         5.8772  0.000E+00  0.000E+00  0.000E+00  0.000E+00 -0.397E+03  0.000E+00  0.000E+00  0.000E+00  0.531E-01  0.000E+00  0.000E+00  0.000E+00  0.000E+00  0.000E+00  0.000E+00
         6.0233  0.000E+00  0.000E+00  0.000E+00  0.000E+00 -0.407E+03  0.000E+00  0.000E+00  0.000E+00  0.535E-01  0.000E+00  0.000E+00  0.000E+00  0.000E+00  0.000E+00  0.000E+00
         6.1695  0.000E+00  0.000E+00  0.000E+00  0.000E+00 -0.416E+03  0.000E+00  0.000E+00  0.000E+00  0.539E-01  0.000E+00  0.000E+00  0.000E+00  0.000E+00  0.000E+00  0.000E+00
         6.3157  0.000E+00  0.000E+00  0.000E+00  0.000E+00 -0.426E+03  0.000E+00  0.000E+00  0.000E+00  0.542E-01  0.000E+00  0.000E+00  0.000E+00  0.000E+00  0.000E+00  0.000E+00
         6.4619  0.000E+00  0.000E+00  0.000E+00  0.000E+00 -0.436E+03  0.000E+00  0.000E+00  0.000E+00  0.545E-01  0.000E+00  0.000E+00  0.000E+00  0.000E+00  0.000E+00  0.000E+00
         6.6081  0.000E+00  0.000E+00  0.000E+00  0.000E+00 -0.446E+03  0.000E+00  0.000E+00  0.000E+00  0.549E-01  0.000E+00  0.000E+00  0.000E+00  0.000E+00  0.000E+00  0.000E+00
         6.7543  0.000E+00  0.000E+00  0.000E+00  0.000E+00 -0.456E+03  0.000E+00  0.000E+00  0.000E+00  0.552E-01  0.000E+00  0.000E+00  0.000E+00  0.000E+00  0.000E+00  0.000E+00
         6.9005  0.000E+00  0.000E+00  0.000E+00  0.000E+00 -0.466E+03  0.000E+00  0.000E+00  0.000E+00  0.555E-01  0.000E+00  0.000E+00  0.000E+00  0.000E+00  0.000E+00  0.000E+00
         7.0467  0.000E+00  0.000E+00  0.000E+00  0.000E+00 -0.476E+03  0.000E+00  0.000E+00  0.000E+00  0.558E-01  0.000E+00  0.000E+00  0.000E+00  0.000E+00  0.000E+00  0.000E+00
         7.1929  0.000E+00  0.000E+00  0.000E+00  0.000E+00 -0.486E+03  0.000E+00  0.000E+00  0.000E+00  0.561E-01  0.000E+00  0.000E+00  0.000E+00  0.000E+00  0.000E+00  0.000E+00
         7.3391  0.000E+00  0.000E+00  0.000E+00  0.000E+00 -0.495E+03  0.000E+00  0.000E+00  0.000E+00  0.564E-01  0.000E+00  0.000E+00  0.000E+00  0.000E+00  0.000E+00  0.000E+00
         7.4853  0.000E+00  0.000E+00  0.000E+00  0.000E+00 -0.505E+03  0.000E+00  0.000E+00  0.000E+00  0.567E-01  0.000E+00  0.000E+00  0.000E+00  0.000E+00  0.000E+00  0.000E+00
         7.6315  0.000E+00  0.000E+00  0.000E+00  0.000E+00 -0.515E+03  0.000E+00  0.000E+00  0.000E+00  0.570E-01  0.000E+00  0.000E+00  0.000E+00  0.000E+00  0.000E+00  0.000E+00
         7.7776  0.000E+00  0.000E+00  0.000E+00  0.000E+00 -0.525E+03  0.000E+00  0.000E+00  0.000E+00  0.573E-01  0.000E+00  0.000E+00  0.000E+00  0.000E+00  0.000E+00  0.000E+00
         7.9238  0.000E+00  0.000E+00  0.000E+00  0.000E+00 -0.535E+03  0.000E+00  0.000E+00  0.000E+00  0.576E-01  0.000E+00  0.000E+00  0.000E+00  0.000E+00  0.000E+00  0.000E+00
         8.0700  0.000E+00  0.000E+00  0.000E+00  0.000E+00 -0.545E+03  0.000E+00  0.000E+00  0.000E+00  0.578E-01  0.000E+00  0.000E+00  0.000E+00  0.000E+00  0.000E+00  0.000E+00
         8.2162  0.000E+00  0.000E+00  0.000E+00  0.000E+00 -0.555E+03  0.000E+00  0.000E+00  0.000E+00  0.581E-01  0.000E+00  0.000E+00  0.000E+00  0.000E+00  0.000E+00  0.000E+00
         8.3624  0.000E+00  0.000E+00  0.000E+00  0.000E+00 -0.564E+03  0.000E+00  0.000E+00  0.000E+00  0.583E-01  0.000E+00  0.000E+00  0.000E+00  0.000E+00  0.000E+00  0.000E+00
         8.5086  0.000E+00  0.000E+00  0.000E+00  0.000E+00 -0.574E+03  0.000E+00  0.000E+00  0.000E+00  0.586E-01  0.000E+00  0.000E+00  0.000E+00  0.000E+00  0.000E+00  0.000E+00
         8.6548  0.000E+00  0.000E+00  0.000E+00  0.000E+00 -0.584E+03  0.000E+00  0.000E+00  0.000E+00  0.588E-01  0.000E+00  0.000E+00  0.000E+00  0.000E+00  0.000E+00  0.000E+00
         8.8010  0.000E+00  0.000E+00  0.000E+00  0.000E+00 -0.594E+03  0.000E+00  0.000E+00  0.000E+00  0.591E-01  0.000E+00  0.000E+00  0.000E+00  0.000E+00  0.000E+00  0.000E+00
         8.9472  0.000E+00  0.000E+00  0.000E+00  0.000E+00 -0.604E+03  0.000E+00  0.000E+00  0.000E+00  0.593E-01  0.000E+00  0.000E+00  0.000E+00  0.000E+00  0.000E+00  0.000E+00
         9.0934  0.000E+00  0.000E+00  0.000E+00  0.000E+00 -0.614E+03  0.000E+00  0.000E+00  0.000E+00  0.595E-01  0.000E+00  0.000E+00  0.000E+00  0.000E+00  0.000E+00  0.000E+00
         9.2396  0.000E+00  0.000E+00  0.000E+00  0.000E+00 -0.624E+03  0.000E+00  0.000E+00  0.000E+00  0.597E-01  0.000E+00  0.000E+00  0.000E+00  0.000E+00  0.000E+00  0.000E+00
         9.3858  0.000E+00  0.000E+00  0.000E+00  0.000E+00 -0.634E+03  0.000E+00  0.000E+00  0.000E+00  0.600E-01  0.000E+00  0.000E+00  0.000E+00  0.000E+00  0.000E+00  0.000E+00
         9.5320  0.000E+00  0.000E+00  0.000E+00  0.000E+00 -0.643E+03  0.000E+00  0.000E+00  0.000E+00  0.602E-01  0.000E+00  0.000E+00  0.000E+00  0.000E+00  0.000E+00  0.000E+00
         9.6781  0.000E+00  0.000E+00  0.000E+00  0.000E+00 -0.653E+03  0.000E+00  0.000E+00  0.000E+00  0.604E-01  0.000E+00  0.000E+00  0.000E+00  0.000E+00  0.000E+00  0.000E+00
         9.8243  0.000E+00  0.000E+00  0.000E+00  0.000E+00 -0.663E+03  0.000E+00  0.000E+00  0.000E+00  0.606E-01  0.000E+00  0.000E+00  0.000E+00  0.000E+00  0.000E+00  0.000E+00
         9.9705  0.000E+00  0.000E+00  0.000E+00  0.000E+00 -0.673E+03  0.000E+00  0.000E+00  0.000E+00  0.608E-01  0.000E+00  0.000E+00  0.000E+00  0.000E+00  0.000E+00  0.000E+00
        10.1167  0.000E+00  0.000E+00  0.000E+00  0.000E+00 -0.683E+03  0.000E+00  0.000E+00  0.000E+00  0.610E-01  0.000E+00  0.000E+00  0.000E+00  0.000E+00  0.000E+00  0.000E+00
        10.2629  0.000E+00  0.000E+00  0.000E+00  0.000E+00 -0.693E+03  0.000E+00  0.000E+00  0.000E+00  0.612E-01  0.000E+00  0.000E+00  0.000E+00  0.000E+00  0.000E+00  0.000E+00
        10.4091  0.000E+00  0.000E+00  0.000E+00  0.000E+00 -0.703E+03  0.000E+00  0.000E+00  0.000E+00  0.614E-01  0.000E+00  0.000E+00  0.000E+00  0.000E+00  0.000E+00  0.000E+00
        10.5553  0.000E+00  0.000E+00  0.000E+00  0.000E+00 -0.712E+03  0.000E+00  0.000E+00  0.000E+00  0.616E-01  0.000E+00  0.000E+00  0.000E+00  0.000E+00  0.000E+00  0.000E+00
        10.7015  0.000E+00  0.000E+00  0.000E+00  0.000E+00 -0.722E+03  0.000E+00  0.000E+00  0.000E+00  0.618E-01  0.000E+00  0.000E+00  0.000E+00  0.000E+00  0.000E+00  0.000E+00
        10.8477  0.000E+00  0.000E+00  0.000E+00  0.000E+00 -0.732E+03  0.000E+00  0.000E+00  0.000E+00  0.620E-01  0.000E+00  0.000E+00  0.000E+00  0.000E+00  0.000E+00  0.000E+00
        10.9939  0.000E+00  0.000E+00  0.000E+00  0.000E+00 -0.742E+03  0.000E+00  0.000E+00  0.000E+00  0.621E-01  0.000E+00  0.000E+00  0.000E+00  0.000E+00  0.000E+00  0.000E+00
        11.1401  0.000E+00  0.000E+00  0.000E+00  0.000E+00 -0.752E+03  0.000E+00  0.000E+00  0.000E+00  0.623E-01  0.000E+00  0.000E+00  0.000E+00  0.000E+00  0.000E+00  0.000E+00
        11.3301  0.000E+00  0.000E+00  0.000E+00  0.000E+00 -0.765E+03  0.000E+00  0.000E+00  0.000E+00  0.625E-01  0.000E+00  0.000E+00  0.000E+00  0.000E+00  0.000E+00  0.000E+00
        11.5202  0.000E+00  0.000E+00  0.000E+00  0.000E+00 -0.778E+03  0.000E+00  0.000E+00  0.000E+00  0.628E-01  0.000E+00  0.000E+00  0.000E+00  0.000E+00  0.000E+00  0.000E+00
        11.7102  0.000E+00  0.000E+00  0.000E+00  0.000E+00 -0.790E+03  0.000E+00  0.000E+00  0.000E+00  0.630E-01  0.000E+00  0.000E+00  0.000E+00  0.000E+00  0.000E+00  0.000E+00
        11.9003  0.000E+00  0.000E+00  0.000E+00  0.000E+00 -0.803E+03  0.000E+00  0.000E+00  0.000E+00  0.632E-01  0.000E+00  0.000E+00  0.000E+00  0.000E+00  0.000E+00  0.000E+00
        12.0903  0.000E+00  0.000E+00  0.000E+00  0.000E+00 -0.816E+03  0.000E+00  0.000E+00  0.000E+00  0.634E-01  0.000E+00  0.000E+00  0.000E+00  0.000E+00  0.000E+00  0.000E+00
        12.2804  0.000E+00  0.000E+00  0.000E+00  0.000E+00 -0.829E+03  0.000E+00  0.000E+00  0.000E+00  0.636E-01  0.000E+00  0.000E+00  0.000E+00  0.000E+00  0.000E+00  0.000E+00
        12.4704  0.000E+00  0.000E+00  0.000E+00  0.000E+00 -0.842E+03  0.000E+00  0.000E+00  0.000E+00  0.638E-01  0.000E+00  0.000E+00  0.000E+00  0.000E+00  0.000E+00  0.000E+00
        12.6605  0.000E+00  0.000E+00  0.000E+00  0.000E+00 -0.855E+03  0.000E+00  0.000E+00  0.000E+00  0.640E-01  0.000E+00  0.000E+00  0.000E+00  0.000E+00  0.000E+00  0.000E+00
        12.8505  0.000E+00  0.000E+00  0.000E+00  0.000E+00 -0.867E+03  0.000E+00  0.000E+00  0.000E+00  0.642E-01  0.000E+00  0.000E+00  0.000E+00  0.000E+00  0.000E+00  0.000E+00
        13.0406  0.000E+00  0.000E+00  0.000E+00  0.000E+00 -0.880E+03  0.000E+00  0.000E+00  0.000E+00  0.644E-01  0.000E+00  0.000E+00  0.000E+00  0.000E+00  0.000E+00  0.000E+00
        13.2365  0.000E+00  0.000E+00  0.000E+00  0.000E+00 -0.893E+03  0.000E+00  0.000E+00  0.000E+00  0.646E-01  0.000E+00  0.000E+00  0.000E+00  0.000E+00  0.000E+00  0.000E+00
        13.4324  0.000E+00  0.000E+00  0.000E+00  0.000E+00 -0.907E+03  0.000E+00  0.000E+00  0.000E+00  0.648E-01  0.000E+00  0.000E+00  0.000E+00  0.000E+00  0.000E+00  0.000E+00
        13.6284  0.000E+00  0.000E+00  0.000E+00  0.000E+00 -0.920E+03  0.000E+00  0.000E+00  0.000E+00  0.649E-01  0.000E+00  0.000E+00  0.000E+00  0.000E+00  0.000E+00  0.000E+00
        13.8243  0.000E+00  0.000E+00  0.000E+00  0.000E+00 -0.933E+03  0.000E+00  0.000E+00  0.000E+00  0.651E-01  0.000E+00  0.000E+00  0.000E+00  0.000E+00  0.000E+00  0.000E+00
        14.0203  0.000E+00  0.000E+00  0.000E+00  0.000E+00 -0.946E+03  0.000E+00  0.000E+00  0.000E+00  0.653E-01  0.000E+00  0.000E+00  0.000E+00  0.000E+00  0.000E+00  0.000E+00
        14.2162  0.000E+00  0.000E+00  0.000E+00  0.000E+00 -0.960E+03  0.000E+00  0.000E+00  0.000E+00  0.655E-01  0.000E+00  0.000E+00  0.000E+00  0.000E+00  0.000E+00  0.000E+00
        14.4122  0.000E+00  0.000E+00  0.000E+00  0.000E+00 -0.973E+03  0.000E+00  0.000E+00  0.000E+00  0.656E-01  0.000E+00  0.000E+00  0.000E+00  0.000E+00  0.000E+00  0.000E+00
        14.6081  0.000E+00  0.000E+00  0.000E+00  0.000E+00 -0.986E+03  0.000E+00  0.000E+00  0.000E+00  0.658E-01  0.000E+00  0.000E+00  0.000E+00  0.000E+00  0.000E+00  0.000E+00
        14.8041  0.000E+00  0.000E+00  0.000E+00  0.000E+00 -0.999E+03  0.000E+00  0.000E+00  0.000E+00  0.660E-01  0.000E+00  0.000E+00  0.000E+00  0.000E+00  0.000E+00  0.000E+00
        15.0000  0.000E+00  0.000E+00  0.000E+00  0.000E+00 -0.101E+04  0.000E+00  0.000E+00  0.000E+00  0.661E-01  0.000E+00  0.000E+00  0.000E+00  0.000E+00  0.000E+00  0.000E+00
        15.1900  0.000E+00  0.000E+00  0.000E+00  0.000E+00 -0.103E+04  0.000E+00  0.000E+00  0.000E+00  0.663E-01  0.000E+00  0.000E+00  0.000E+00  0.000E+00  0.000E+00  0.000E+00
        15.3801  0.000E+00  0.000E+00  0.000E+00  0.000E+00 -0.104E+04  0.000E+00  0.000E+00  0.000E+00  0.664E-01  0.000E+00  0.000E+00  0.000E+00  0.000E+00  0.000E+00  0.000E+00
        15.5701  0.000E+00  0.000E+00  0.000E+00  0.000E+00 -0.105E+04  0.000E+00  0.000E+00  0.000E+00  0.666E-01  0.000E+00  0.000E+00  0.000E+00  0.000E+00  0.000E+00  0.000E+00
        15.7602  0.000E+00  0.000E+00  0.000E+00  0.000E+00 -0.106E+04  0.000E+00  0.000E+00  0.000E+00  0.667E-01  0.000E+00  0.000E+00  0.000E+00  0.000E+00  0.000E+00  0.000E+00
        15.9502  0.000E+00  0.000E+00  0.000E+00  0.000E+00 -0.108E+04  0.000E+00  0.000E+00  0.000E+00  0.668E-01  0.000E+00  0.000E+00  0.000E+00  0.000E+00  0.000E+00  0.000E+00
        16.1403  0.000E+00  0.000E+00  0.000E+00  0.000E+00 -0.109E+04  0.000E+00  0.000E+00  0.000E+00  0.670E-01  0.000E+00  0.000E+00  0.000E+00  0.000E+00  0.000E+00  0.000E+00
        16.3303  0.000E+00  0.000E+00  0.000E+00  0.000E+00 -0.110E+04  0.000E+00  0.000E+00  0.000E+00  0.671E-01  0.000E+00  0.000E+00  0.000E+00  0.000E+00  0.000E+00  0.000E+00
        16.5204  0.000E+00  0.000E+00  0.000E+00  0.000E+00 -0.112E+04  0.000E+00  0.000E+00  0.000E+00  0.673E-01  0.000E+00  0.000E+00  0.000E+00  0.000E+00  0.000E+00  0.000E+00
        16.7104  0.000E+00  0.000E+00  0.000E+00  0.000E+00 -0.113E+04  0.000E+00  0.000E+00  0.000E+00  0.674E-01  0.000E+00  0.000E+00  0.000E+00  0.000E+00  0.000E+00  0.000E+00
        16.9005  0.000E+00  0.000E+00  0.000E+00  0.000E+00 -0.114E+04  0.000E+00  0.000E+00  0.000E+00  0.675E-01  0.000E+00  0.000E+00  0.000E+00  0.000E+00  0.000E+00  0.000E+00
        17.0905  0.000E+00  0.000E+00  0.000E+00  0.000E+00 -0.115E+04  0.000E+00  0.000E+00  0.000E+00  0.676E-01  0.000E+00  0.000E+00  0.000E+00  0.000E+00  0.000E+00  0.000E+00
        17.2806  0.000E+00  0.000E+00  0.000E+00  0.000E+00 -0.117E+04  0.000E+00  0.000E+00  0.000E+00  0.678E-01  0.000E+00  0.000E+00  0.000E+00  0.000E+00  0.000E+00  0.000E+00
        17.4706  0.000E+00  0.000E+00  0.000E+00  0.000E+00 -0.118E+04  0.000E+00  0.000E+00  0.000E+00  0.679E-01  0.000E+00  0.000E+00  0.000E+00  0.000E+00  0.000E+00  0.000E+00
        17.6607  0.000E+00  0.000E+00  0.000E+00  0.000E+00 -0.119E+04  0.000E+00  0.000E+00  0.000E+00  0.680E-01  0.000E+00  0.000E+00  0.000E+00  0.000E+00  0.000E+00  0.000E+00
        17.8507  0.000E+00  0.000E+00  0.000E+00  0.000E+00 -0.120E+04  0.000E+00  0.000E+00  0.000E+00  0.681E-01  0.000E+00  0.000E+00  0.000E+00  0.000E+00  0.000E+00  0.000E+00
        18.0408  0.000E+00  0.000E+00  0.000E+00  0.000E+00 -0.122E+04  0.000E+00  0.000E+00  0.000E+00  0.683E-01  0.000E+00  0.000E+00  0.000E+00  0.000E+00  0.000E+00  0.000E+00
        18.2308  0.000E+00  0.000E+00  0.000E+00  0.000E+00 -0.123E+04  0.000E+00  0.000E+00  0.000E+00  0.684E-01  0.000E+00  0.000E+00  0.000E+00  0.000E+00  0.000E+00  0.000E+00
        18.4209  0.000E+00  0.000E+00  0.000E+00  0.000E+00 -0.124E+04  0.000E+00  0.000E+00  0.000E+00  0.685E-01  0.000E+00  0.000E+00  0.000E+00  0.000E+00  0.000E+00  0.000E+00
        18.6109  0.000E+00  0.000E+00  0.000E+00  0.000E+00 -0.126E+04  0.000E+00  0.000E+00  0.000E+00  0.686E-01  0.000E+00  0.000E+00  0.000E+00  0.000E+00  0.000E+00  0.000E+00
        18.8010  0.000E+00  0.000E+00  0.000E+00  0.000E+00 -0.127E+04  0.000E+00  0.000E+00  0.000E+00  0.687E-01  0.000E+00  0.000E+00  0.000E+00  0.000E+00  0.000E+00  0.000E+00
        18.9910  0.000E+00  0.000E+00  0.000E+00  0.000E+00 -0.128E+04  0.000E+00  0.000E+00  0.000E+00  0.688E-01  0.000E+00  0.000E+00  0.000E+00  0.000E+00  0.000E+00  0.000E+00
        19.2381  0.000E+00  0.000E+00  0.000E+00  0.000E+00 -0.130E+04  0.000E+00  0.000E+00  0.000E+00  0.690E-01  0.000E+00  0.000E+00  0.000E+00  0.000E+00  0.000E+00  0.000E+00
        19.4852  0.000E+00  0.000E+00  0.000E+00  0.000E+00 -0.132E+04  0.000E+00  0.000E+00  0.000E+00  0.691E-01  0.000E+00  0.000E+00  0.000E+00  0.000E+00  0.000E+00  0.000E+00
        19.7322  0.000E+00  0.000E+00  0.000E+00  0.000E+00 -0.133E+04  0.000E+00  0.000E+00  0.000E+00  0.692E-01  0.000E+00  0.000E+00  0.000E+00  0.000E+00  0.000E+00  0.000E+00
        19.9793  0.000E+00  0.000E+00  0.000E+00  0.000E+00 -0.135E+04  0.000E+00  0.000E+00  0.000E+00  0.694E-01  0.000E+00  0.000E+00  0.000E+00  0.000E+00  0.000E+00  0.000E+00
        20.2264  0.000E+00  0.000E+00  0.000E+00  0.000E+00 -0.137E+04  0.000E+00  0.000E+00  0.000E+00  0.695E-01  0.000E+00  0.000E+00  0.000E+00  0.000E+00  0.000E+00  0.000E+00
        20.4734  0.000E+00  0.000E+00  0.000E+00  0.000E+00 -0.138E+04  0.000E+00  0.000E+00  0.000E+00  0.696E-01  0.000E+00  0.000E+00  0.000E+00  0.000E+00  0.000E+00  0.000E+00
        20.7205  0.000E+00  0.000E+00  0.000E+00  0.000E+00 -0.140E+04  0.000E+00  0.000E+00  0.000E+00  0.697E-01  0.000E+00  0.000E+00  0.000E+00  0.000E+00  0.000E+00  0.000E+00
        20.9676  0.000E+00  0.000E+00  0.000E+00  0.000E+00 -0.142E+04  0.000E+00  0.000E+00  0.000E+00  0.699E-01  0.000E+00  0.000E+00  0.000E+00  0.000E+00  0.000E+00  0.000E+00
        21.2146  0.000E+00  0.000E+00  0.000E+00  0.000E+00 -0.143E+04  0.000E+00  0.000E+00  0.000E+00  0.700E-01  0.000E+00  0.000E+00  0.000E+00  0.000E+00  0.000E+00  0.000E+00
        21.4617  0.000E+00  0.000E+00  0.000E+00  0.000E+00 -0.145E+04  0.000E+00  0.000E+00  0.000E+00  0.701E-01  0.000E+00  0.000E+00  0.000E+00  0.000E+00  0.000E+00  0.000E+00
        21.7087  0.000E+00  0.000E+00  0.000E+00  0.000E+00 -0.147E+04  0.000E+00  0.000E+00  0.000E+00  0.702E-01  0.000E+00  0.000E+00  0.000E+00  0.000E+00  0.000E+00  0.000E+00
        21.9558  0.000E+00  0.000E+00  0.000E+00  0.000E+00 -0.148E+04  0.000E+00  0.000E+00  0.000E+00  0.703E-01  0.000E+00  0.000E+00  0.000E+00  0.000E+00  0.000E+00  0.000E+00
        22.2029  0.000E+00  0.000E+00  0.000E+00  0.000E+00 -0.150E+04  0.000E+00  0.000E+00  0.000E+00  0.704E-01  0.000E+00  0.000E+00  0.000E+00  0.000E+00  0.000E+00  0.000E+00
        22.4499  0.000E+00  0.000E+00  0.000E+00  0.000E+00 -0.152E+04  0.000E+00  0.000E+00  0.000E+00  0.706E-01  0.000E+00  0.000E+00  0.000E+00  0.000E+00  0.000E+00  0.000E+00
        22.6970  0.000E+00  0.000E+00  0.000E+00  0.000E+00 -0.153E+04  0.000E+00  0.000E+00  0.000E+00  0.707E-01  0.000E+00  0.000E+00  0.000E+00  0.000E+00  0.000E+00  0.000E+00
        22.9441  0.000E+00  0.000E+00  0.000E+00  0.000E+00 -0.155E+04  0.000E+00  0.000E+00  0.000E+00  0.708E-01  0.000E+00  0.000E+00  0.000E+00  0.000E+00  0.000E+00  0.000E+00
        23.1911  0.000E+00  0.000E+00  0.000E+00  0.000E+00 -0.157E+04  0.000E+00  0.000E+00  0.000E+00  0.709E-01  0.000E+00  0.000E+00  0.000E+00  0.000E+00  0.000E+00  0.000E+00
        23.4382  0.000E+00  0.000E+00  0.000E+00  0.000E+00 -0.158E+04  0.000E+00  0.000E+00  0.000E+00  0.710E-01  0.000E+00  0.000E+00  0.000E+00  0.000E+00  0.000E+00  0.000E+00
        23.6853  0.000E+00  0.000E+00  0.000E+00  0.000E+00 -0.160E+04  0.000E+00  0.000E+00  0.000E+00  0.711E-01  0.000E+00  0.000E+00  0.000E+00  0.000E+00  0.000E+00  0.000E+00
        23.9323  0.000E+00  0.000E+00  0.000E+00  0.000E+00 -0.162E+04  0.000E+00  0.000E+00  0.000E+00  0.712E-01  0.000E+00  0.000E+00  0.000E+00  0.000E+00  0.000E+00  0.000E+00
        24.1794  0.000E+00  0.000E+00  0.000E+00  0.000E+00 -0.163E+04  0.000E+00  0.000E+00  0.000E+00  0.713E-01  0.000E+00  0.000E+00  0.000E+00  0.000E+00  0.000E+00  0.000E+00
        24.4265  0.000E+00  0.000E+00  0.000E+00  0.000E+00 -0.165E+04  0.000E+00  0.000E+00  0.000E+00  0.714E-01  0.000E+00  0.000E+00  0.000E+00  0.000E+00  0.000E+00  0.000E+00
        24.6735  0.000E+00  0.000E+00  0.000E+00  0.000E+00 -0.167E+04  0.000E+00  0.000E+00  0.000E+00  0.715E-01  0.000E+00  0.000E+00  0.000E+00  0.000E+00  0.000E+00  0.000E+00
        24.9206  0.000E+00  0.000E+00  0.000E+00  0.000E+00 -0.168E+04  0.000E+00  0.000E+00  0.000E+00  0.716E-01  0.000E+00  0.000E+00  0.000E+00  0.000E+00  0.000E+00  0.000E+00
        25.1676  0.000E+00  0.000E+00  0.000E+00  0.000E+00 -0.170E+04  0.000E+00  0.000E+00  0.000E+00  0.716E-01  0.000E+00  0.000E+00  0.000E+00  0.000E+00  0.000E+00  0.000E+00
        25.4147  0.000E+00  0.000E+00  0.000E+00  0.000E+00 -0.172E+04  0.000E+00  0.000E+00  0.000E+00  0.717E-01  0.000E+00  0.000E+00  0.000E+00  0.000E+00  0.000E+00  0.000E+00
        25.6618  0.000E+00  0.000E+00  0.000E+00  0.000E+00 -0.173E+04  0.000E+00  0.000E+00  0.000E+00  0.718E-01  0.000E+00  0.000E+00  0.000E+00  0.000E+00  0.000E+00  0.000E+00
        25.9088  0.000E+00  0.000E+00  0.000E+00  0.000E+00 -0.175E+04  0.000E+00  0.000E+00  0.000E+00  0.719E-01  0.000E+00  0.000E+00  0.000E+00  0.000E+00  0.000E+00  0.000E+00
        26.1559  0.000E+00  0.000E+00  0.000E+00  0.000E+00 -0.177E+04  0.000E+00  0.000E+00  0.000E+00  0.720E-01  0.000E+00  0.000E+00  0.000E+00  0.000E+00  0.000E+00  0.000E+00
        26.4030  0.000E+00  0.000E+00  0.000E+00  0.000E+00 -0.178E+04  0.000E+00  0.000E+00  0.000E+00  0.721E-01  0.000E+00  0.000E+00  0.000E+00  0.000E+00  0.000E+00  0.000E+00
        26.6500  0.000E+00  0.000E+00  0.000E+00  0.000E+00 -0.180E+04  0.000E+00  0.000E+00  0.000E+00  0.722E-01  0.000E+00  0.000E+00  0.000E+00  0.000E+00  0.000E+00  0.000E+00
        26.8971  0.000E+00  0.000E+00  0.000E+00  0.000E+00 -0.182E+04  0.000E+00  0.000E+00  0.000E+00  0.722E-01  0.000E+00  0.000E+00  0.000E+00  0.000E+00  0.000E+00  0.000E+00
        27.1442  0.000E+00  0.000E+00  0.000E+00  0.000E+00 -0.183E+04  0.000E+00  0.000E+00  0.000E+00  0.723E-01  0.000E+00  0.000E+00  0.000E+00  0.000E+00  0.000E+00  0.000E+00
        27.3912  0.000E+00  0.000E+00  0.000E+00  0.000E+00 -0.185E+04  0.000E+00  0.000E+00  0.000E+00  0.724E-01  0.000E+00  0.000E+00  0.000E+00  0.000E+00  0.000E+00  0.000E+00
        27.6383  0.000E+00  0.000E+00  0.000E+00  0.000E+00 -0.187E+04  0.000E+00  0.000E+00  0.000E+00  0.725E-01  0.000E+00  0.000E+00  0.000E+00  0.000E+00  0.000E+00  0.000E+00
        27.8745  0.000E+00  0.000E+00  0.000E+00  0.000E+00 -0.188E+04  0.000E+00  0.000E+00  0.000E+00  0.725E-01  0.000E+00  0.000E+00  0.000E+00  0.000E+00  0.000E+00  0.000E+00
        28.1106  0.000E+00  0.000E+00  0.000E+00  0.000E+00 -0.190E+04  0.000E+00  0.000E+00  0.000E+00  0.726E-01  0.000E+00  0.000E+00  0.000E+00  0.000E+00  0.000E+00  0.000E+00
        28.3468  0.000E+00  0.000E+00  0.000E+00  0.000E+00 -0.191E+04  0.000E+00  0.000E+00  0.000E+00  0.727E-01  0.000E+00  0.000E+00  0.000E+00  0.000E+00  0.000E+00  0.000E+00
        28.5830  0.000E+00  0.000E+00  0.000E+00  0.000E+00 -0.193E+04  0.000E+00  0.000E+00  0.000E+00  0.728E-01  0.000E+00  0.000E+00  0.000E+00  0.000E+00  0.000E+00  0.000E+00
        28.9372  0.000E+00  0.000E+00  0.000E+00  0.000E+00 -0.195E+04  0.000E+00  0.000E+00  0.000E+00  0.729E-01  0.000E+00  0.000E+00  0.000E+00  0.000E+00  0.000E+00  0.000E+00
        29.2915  0.000E+00  0.000E+00  0.000E+00  0.000E+00 -0.198E+04  0.000E+00  0.000E+00  0.000E+00  0.730E-01  0.000E+00  0.000E+00  0.000E+00  0.000E+00  0.000E+00  0.000E+00
        29.6457  0.000E+00  0.000E+00  0.000E+00  0.000E+00 -0.200E+04  0.000E+00  0.000E+00  0.000E+00  0.731E-01  0.000E+00  0.000E+00  0.000E+00  0.000E+00  0.000E+00  0.000E+00
        30.0000  0.000E+00  0.000E+00  0.000E+00  0.000E+00 -0.203E+04  0.000E+00  0.000E+00  0.000E+00  0.732E-01  0.000E+00  0.000E+00  0.000E+00  0.000E+00  0.000E+00  0.000E+00
        30.3212  0.000E+00  0.000E+00  0.000E+00  0.000E+00 -0.205E+04  0.000E+00  0.000E+00  0.000E+00  0.732E-01  0.000E+00  0.000E+00  0.000E+00  0.000E+00  0.000E+00  0.000E+00
        30.6424  0.000E+00  0.000E+00  0.000E+00  0.000E+00 -0.207E+04  0.000E+00  0.000E+00  0.000E+00  0.733E-01  0.000E+00  0.000E+00  0.000E+00  0.000E+00  0.000E+00  0.000E+00
        30.9636  0.000E+00  0.000E+00  0.000E+00  0.000E+00 -0.209E+04  0.000E+00  0.000E+00  0.000E+00  0.734E-01  0.000E+00  0.000E+00  0.000E+00  0.000E+00  0.000E+00  0.000E+00
        31.2847  0.000E+00  0.000E+00  0.000E+00  0.000E+00 -0.211E+04  0.000E+00  0.000E+00  0.000E+00  0.735E-01  0.000E+00  0.000E+00  0.000E+00  0.000E+00  0.000E+00  0.000E+00
        31.6059  0.000E+00  0.000E+00  0.000E+00  0.000E+00 -0.213E+04  0.000E+00  0.000E+00  0.000E+00  0.736E-01  0.000E+00  0.000E+00  0.000E+00  0.000E+00  0.000E+00  0.000E+00
        31.9271  0.000E+00  0.000E+00  0.000E+00  0.000E+00 -0.216E+04  0.000E+00  0.000E+00  0.000E+00  0.736E-01  0.000E+00  0.000E+00  0.000E+00  0.000E+00  0.000E+00  0.000E+00
        32.2483  0.000E+00  0.000E+00  0.000E+00  0.000E+00 -0.218E+04  0.000E+00  0.000E+00  0.000E+00  0.737E-01  0.000E+00  0.000E+00  0.000E+00  0.000E+00  0.000E+00  0.000E+00
        32.5695  0.000E+00  0.000E+00  0.000E+00  0.000E+00 -0.220E+04  0.000E+00  0.000E+00  0.000E+00  0.738E-01  0.000E+00  0.000E+00  0.000E+00  0.000E+00  0.000E+00  0.000E+00
        32.8907  0.000E+00  0.000E+00  0.000E+00  0.000E+00 -0.222E+04  0.000E+00  0.000E+00  0.000E+00  0.739E-01  0.000E+00  0.000E+00  0.000E+00  0.000E+00  0.000E+00  0.000E+00
        33.2118  0.000E+00  0.000E+00  0.000E+00  0.000E+00 -0.224E+04  0.000E+00  0.000E+00  0.000E+00  0.739E-01  0.000E+00  0.000E+00  0.000E+00  0.000E+00  0.000E+00  0.000E+00
        33.5330  0.000E+00  0.000E+00  0.000E+00  0.000E+00 -0.226E+04  0.000E+00  0.000E+00  0.000E+00  0.740E-01  0.000E+00  0.000E+00  0.000E+00  0.000E+00  0.000E+00  0.000E+00
        33.8542  0.000E+00  0.000E+00  0.000E+00  0.000E+00 -0.229E+04  0.000E+00  0.000E+00  0.000E+00  0.741E-01  0.000E+00  0.000E+00  0.000E+00  0.000E+00  0.000E+00  0.000E+00
        34.1754  0.000E+00  0.000E+00  0.000E+00  0.000E+00 -0.231E+04  0.000E+00  0.000E+00  0.000E+00  0.741E-01  0.000E+00  0.000E+00  0.000E+00  0.000E+00  0.000E+00  0.000E+00
        34.4966  0.000E+00  0.000E+00  0.000E+00  0.000E+00 -0.233E+04  0.000E+00  0.000E+00  0.000E+00  0.742E-01  0.000E+00  0.000E+00  0.000E+00  0.000E+00  0.000E+00  0.000E+00
        34.8178  0.000E+00  0.000E+00  0.000E+00  0.000E+00 -0.235E+04  0.000E+00  0.000E+00  0.000E+00  0.743E-01  0.000E+00  0.000E+00  0.000E+00  0.000E+00  0.000E+00  0.000E+00
        35.1389  0.000E+00  0.000E+00  0.000E+00  0.000E+00 -0.237E+04  0.000E+00  0.000E+00  0.000E+00  0.743E-01  0.000E+00  0.000E+00  0.000E+00  0.000E+00  0.000E+00  0.000E+00
        35.4601  0.000E+00  0.000E+00  0.000E+00  0.000E+00 -0.239E+04  0.000E+00  0.000E+00  0.000E+00  0.744E-01  0.000E+00  0.000E+00  0.000E+00  0.000E+00  0.000E+00  0.000E+00
        35.7813  0.000E+00  0.000E+00  0.000E+00  0.000E+00 -0.242E+04  0.000E+00  0.000E+00  0.000E+00  0.745E-01  0.000E+00  0.000E+00  0.000E+00  0.000E+00  0.000E+00  0.000E+00
        36.1025  0.000E+00  0.000E+00  0.000E+00  0.000E+00 -0.244E+04  0.000E+00  0.000E+00  0.000E+00  0.745E-01  0.000E+00  0.000E+00  0.000E+00  0.000E+00  0.000E+00  0.000E+00
        36.4237  0.000E+00  0.000E+00  0.000E+00  0.000E+00 -0.246E+04  0.000E+00  0.000E+00  0.000E+00  0.746E-01  0.000E+00  0.000E+00  0.000E+00  0.000E+00  0.000E+00  0.000E+00
        36.7449  0.000E+00  0.000E+00  0.000E+00  0.000E+00 -0.248E+04  0.000E+00  0.000E+00  0.000E+00  0.746E-01  0.000E+00  0.000E+00  0.000E+00  0.000E+00  0.000E+00  0.000E+00
        37.0660  0.000E+00  0.000E+00  0.000E+00  0.000E+00 -0.250E+04  0.000E+00  0.000E+00  0.000E+00  0.747E-01  0.000E+00  0.000E+00  0.000E+00  0.000E+00  0.000E+00  0.000E+00
        37.3872  0.000E+00  0.000E+00  0.000E+00  0.000E+00 -0.252E+04  0.000E+00  0.000E+00  0.000E+00  0.748E-01  0.000E+00  0.000E+00  0.000E+00  0.000E+00  0.000E+00  0.000E+00
        37.7084  0.000E+00  0.000E+00  0.000E+00  0.000E+00 -0.255E+04  0.000E+00  0.000E+00  0.000E+00  0.748E-01  0.000E+00  0.000E+00  0.000E+00  0.000E+00  0.000E+00  0.000E+00
        38.0296  0.000E+00  0.000E+00  0.000E+00  0.000E+00 -0.257E+04  0.000E+00  0.000E+00  0.000E+00  0.749E-01  0.000E+00  0.000E+00  0.000E+00  0.000E+00  0.000E+00  0.000E+00
        38.3508  0.000E+00  0.000E+00  0.000E+00  0.000E+00 -0.259E+04  0.000E+00  0.000E+00  0.000E+00  0.749E-01  0.000E+00  0.000E+00  0.000E+00  0.000E+00  0.000E+00  0.000E+00
        38.6720  0.000E+00  0.000E+00  0.000E+00  0.000E+00 -0.261E+04  0.000E+00  0.000E+00  0.000E+00  0.750E-01  0.000E+00  0.000E+00  0.000E+00  0.000E+00  0.000E+00  0.000E+00
        38.9931  0.000E+00  0.000E+00  0.000E+00  0.000E+00 -0.263E+04  0.000E+00  0.000E+00  0.000E+00  0.750E-01  0.000E+00  0.000E+00  0.000E+00  0.000E+00  0.000E+00  0.000E+00
        39.3143  0.000E+00  0.000E+00  0.000E+00  0.000E+00 -0.265E+04  0.000E+00  0.000E+00  0.000E+00  0.751E-01  0.000E+00  0.000E+00  0.000E+00  0.000E+00  0.000E+00  0.000E+00
        39.6355  0.000E+00  0.000E+00  0.000E+00  0.000E+00 -0.268E+04  0.000E+00  0.000E+00  0.000E+00  0.751E-01  0.000E+00  0.000E+00  0.000E+00  0.000E+00  0.000E+00  0.000E+00
        39.9567  0.000E+00  0.000E+00  0.000E+00  0.000E+00 -0.270E+04  0.000E+00  0.000E+00  0.000E+00  0.752E-01  0.000E+00  0.000E+00  0.000E+00  0.000E+00  0.000E+00  0.000E+00
        40.2779  0.000E+00  0.000E+00  0.000E+00  0.000E+00 -0.272E+04  0.000E+00  0.000E+00  0.000E+00  0.752E-01  0.000E+00  0.000E+00  0.000E+00  0.000E+00  0.000E+00  0.000E+00
        40.5991  0.000E+00  0.000E+00  0.000E+00  0.000E+00 -0.274E+04  0.000E+00  0.000E+00  0.000E+00  0.753E-01  0.000E+00  0.000E+00  0.000E+00  0.000E+00  0.000E+00  0.000E+00
        40.9202  0.000E+00  0.000E+00  0.000E+00  0.000E+00 -0.276E+04  0.000E+00  0.000E+00  0.000E+00  0.753E-01  0.000E+00  0.000E+00  0.000E+00  0.000E+00  0.000E+00  0.000E+00
        41.2414  0.000E+00  0.000E+00  0.000E+00  0.000E+00 -0.278E+04  0.000E+00  0.000E+00  0.000E+00  0.754E-01  0.000E+00  0.000E+00  0.000E+00  0.000E+00  0.000E+00  0.000E+00
        41.5626  0.000E+00  0.000E+00  0.000E+00  0.000E+00 -0.281E+04  0.000E+00  0.000E+00  0.000E+00  0.754E-01  0.000E+00  0.000E+00  0.000E+00  0.000E+00  0.000E+00  0.000E+00
        41.8838  0.000E+00  0.000E+00  0.000E+00  0.000E+00 -0.283E+04  0.000E+00  0.000E+00  0.000E+00  0.755E-01  0.000E+00  0.000E+00  0.000E+00  0.000E+00  0.000E+00  0.000E+00
        42.2050  0.000E+00  0.000E+00  0.000E+00  0.000E+00 -0.285E+04  0.000E+00  0.000E+00  0.000E+00  0.755E-01  0.000E+00  0.000E+00  0.000E+00  0.000E+00  0.000E+00  0.000E+00
        42.5262  0.000E+00  0.000E+00  0.000E+00  0.000E+00 -0.287E+04  0.000E+00  0.000E+00  0.000E+00  0.756E-01  0.000E+00  0.000E+00  0.000E+00  0.000E+00  0.000E+00  0.000E+00
        42.8473  0.000E+00  0.000E+00  0.000E+00  0.000E+00 -0.289E+04  0.000E+00  0.000E+00  0.000E+00  0.756E-01  0.000E+00  0.000E+00  0.000E+00  0.000E+00  0.000E+00  0.000E+00
        43.1685  0.000E+00  0.000E+00  0.000E+00  0.000E+00 -0.291E+04  0.000E+00  0.000E+00  0.000E+00  0.756E-01  0.000E+00  0.000E+00  0.000E+00  0.000E+00  0.000E+00  0.000E+00
        43.4897  0.000E+00  0.000E+00  0.000E+00  0.000E+00 -0.294E+04  0.000E+00  0.000E+00  0.000E+00  0.757E-01  0.000E+00  0.000E+00  0.000E+00  0.000E+00  0.000E+00  0.000E+00
        43.8109  0.000E+00  0.000E+00  0.000E+00  0.000E+00 -0.296E+04  0.000E+00  0.000E+00  0.000E+00  0.758E-01  0.000E+00  0.000E+00  0.000E+00  0.000E+00  0.000E+00  0.000E+00
        44.1321  0.000E+00  0.000E+00  0.000E+00  0.000E+00 -0.298E+04  0.000E+00  0.000E+00  0.000E+00  0.759E-01  0.000E+00  0.000E+00  0.000E+00  0.000E+00  0.000E+00  0.000E+00
        44.4533  0.000E+00  0.000E+00  0.000E+00  0.000E+00 -0.300E+04  0.000E+00  0.000E+00  0.000E+00  0.760E-01  0.000E+00  0.000E+00  0.000E+00  0.000E+00  0.000E+00  0.000E+00
        44.7744  0.000E+00  0.000E+00  0.000E+00  0.000E+00 -0.302E+04  0.000E+00  0.000E+00  0.000E+00  0.762E-01  0.000E+00  0.000E+00  0.000E+00  0.000E+00  0.000E+00  0.000E+00
        45.0956  0.000E+00  0.000E+00  0.000E+00  0.000E+00 -0.304E+04  0.000E+00  0.000E+00  0.000E+00  0.767E-01  0.000E+00  0.000E+00  0.000E+00  0.000E+00  0.000E+00  0.000E+00
        45.4168  0.000E+00  0.000E+00  0.000E+00  0.000E+00 -0.307E+04  0.000E+00  0.000E+00  0.000E+00  0.776E-01  0.000E+00  0.000E+00  0.000E+00  0.000E+00  0.000E+00  0.000E+00
        45.7380  0.000E+00  0.000E+00  0.000E+00  0.000E+00 -0.309E+04  0.000E+00  0.000E+00  0.000E+00  0.793E-01  0.000E+00  0.000E+00  0.000E+00  0.000E+00  0.000E+00  0.000E+00
        46.0592  0.000E+00  0.000E+00  0.000E+00  0.000E+00 -0.311E+04  0.000E+00  0.000E+00  0.000E+00  0.827E-01  0.000E+00  0.000E+00  0.000E+00  0.000E+00  0.000E+00  0.000E+00
        46.3804  0.000E+00  0.000E+00  0.000E+00  0.000E+00 -0.313E+04  0.000E+00  0.000E+00  0.000E+00  0.894E-01  0.000E+00  0.000E+00  0.000E+00  0.000E+00  0.000E+00  0.000E+00
        46.7015  0.000E+00  0.000E+00  0.000E+00  0.000E+00 -0.315E+04  0.000E+00  0.000E+00  0.000E+00  0.102E+00  0.000E+00  0.000E+00  0.000E+00  0.000E+00  0.000E+00  0.000E+00
        47.0227  0.000E+00  0.000E+00  0.000E+00  0.000E+00 -0.317E+04  0.000E+00  0.000E+00  0.000E+00  0.125E+00  0.000E+00  0.000E+00  0.000E+00  0.000E+00  0.000E+00  0.000E+00
        47.3439  0.000E+00  0.000E+00  0.000E+00  0.000E+00 -0.320E+04  0.000E+00  0.000E+00  0.000E+00  0.166E+00  0.000E+00  0.000E+00  0.000E+00  0.000E+00  0.000E+00  0.000E+00
        47.6651  0.000E+00  0.000E+00  0.000E+00  0.000E+00 -0.322E+04  0.000E+00  0.000E+00  0.000E+00  0.235E+00  0.000E+00  0.000E+00  0.000E+00  0.000E+00  0.000E+00  0.000E+00
        47.9863  0.000E+00  0.000E+00  0.000E+00  0.000E+00 -0.324E+04  0.000E+00  0.000E+00  0.000E+00  0.347E+00  0.000E+00  0.000E+00  0.000E+00  0.000E+00  0.000E+00  0.000E+00
        48.3075  0.000E+00  0.000E+00  0.000E+00  0.000E+00 -0.326E+04  0.000E+00  0.000E+00  0.000E+00  0.518E+00  0.000E+00  0.000E+00  0.000E+00  0.000E+00  0.000E+00  0.000E+00
        48.6287  0.000E+00  0.000E+00  0.000E+00  0.000E+00 -0.328E+04  0.000E+00  0.000E+00  0.000E+00  0.767E+00  0.000E+00  0.000E+00  0.000E+00  0.000E+00  0.000E+00  0.000E+00
        49.0462  0.000E+00  0.000E+00  0.000E+00  0.000E+00 -0.331E+04  0.000E+00  0.000E+00  0.000E+00  0.121E+01  0.000E+00  0.000E+00  0.000E+00  0.000E+00  0.000E+00  0.000E+00
        49.4637  0.000E+00  0.000E+00  0.000E+00  0.000E+00 -0.334E+04  0.000E+00  0.000E+00  0.000E+00  0.187E+01  0.000E+00  0.000E+00  0.000E+00  0.000E+00  0.000E+00  0.000E+00
        50.0065  0.000E+00  0.000E+00  0.000E+00  0.000E+00 -0.338E+04  0.000E+00  0.000E+00  0.000E+00  0.303E+01  0.000E+00  0.000E+00  0.000E+00  0.000E+00  0.000E+00  0.000E+00
        50.5493  0.000E+00  0.000E+00  0.000E+00  0.000E+00 -0.341E+04  0.000E+00  0.000E+00  0.000E+00  0.468E+01  0.000E+00  0.000E+00  0.000E+00  0.000E+00  0.000E+00  0.000E+00
        51.2550  0.000E+00  0.000E+00  0.000E+00  0.000E+00 -0.346E+04  0.000E+00  0.000E+00  0.000E+00  0.745E+01  0.000E+00  0.000E+00  0.000E+00  0.000E+00  0.000E+00  0.000E+00
        51.9606  0.000E+00  0.000E+00  0.000E+00  0.000E+00 -0.351E+04  0.000E+00  0.000E+00  0.000E+00  0.112E+02  0.000E+00  0.000E+00  0.000E+00  0.000E+00  0.000E+00  0.000E+00
        52.8539  0.000E+00  0.000E+00  0.000E+00  0.000E+00 -0.357E+04  0.000E+00  0.000E+00  0.000E+00  0.170E+02  0.000E+00  0.000E+00  0.000E+00  0.000E+00  0.000E+00  0.000E+00
        53.7471  0.000E+00  0.000E+00  0.000E+00  0.000E+00 -0.363E+04  0.000E+00  0.000E+00  0.000E+00  0.245E+02  0.000E+00  0.000E+00  0.000E+00  0.000E+00  0.000E+00  0.000E+00
        54.9977  0.000E+00  0.000E+00  0.000E+00  0.000E+00 -0.371E+04  0.000E+00  0.000E+00  0.000E+00  0.367E+02  0.000E+00  0.000E+00  0.000E+00  0.000E+00  0.000E+00  0.000E+00
        56.2483  0.000E+00  0.000E+00  0.000E+00  0.000E+00 -0.380E+04  0.000E+00  0.000E+00  0.000E+00  0.519E+02  0.000E+00  0.000E+00  0.000E+00  0.000E+00  0.000E+00  0.000E+00
        57.4989  0.000E+00  0.000E+00  0.000E+00  0.000E+00 -0.388E+04  0.000E+00  0.000E+00  0.000E+00  0.693E+02  0.000E+00  0.000E+00  0.000E+00  0.000E+00  0.000E+00  0.000E+00
        58.7494  0.000E+00  0.000E+00  0.000E+00  0.000E+00 -0.397E+04  0.000E+00  0.000E+00  0.000E+00  0.887E+02  0.000E+00  0.000E+00  0.000E+00  0.000E+00  0.000E+00  0.000E+00
        60.0000  0.000E+00  0.000E+00  0.000E+00  0.000E+00 -0.405E+04  0.000E+00  0.000E+00  0.000E+00  0.110E+03  0.000E+00  0.000E+00  0.000E+00  0.000E+00  0.000E+00  0.000E+00
        60.0010  0.000E+00  0.000E+00  0.000E+00  0.000E+00 -0.405E+04  0.000E+00  0.000E+00  0.000E+00  0.110E+03  0.000E+00  0.000E+00  0.000E+00  0.000E+00  0.000E+00  0.000E+00
        60.0023  0.000E+00  0.000E+00  0.000E+00  0.000E+00 -0.405E+04  0.000E+00  0.000E+00  0.000E+00  0.110E+03  0.000E+00  0.000E+00  0.000E+00  0.000E+00  0.000E+00  0.000E+00
        60.0040  0.000E+00  0.000E+00  0.000E+00  0.000E+00 -0.405E+04  0.000E+00  0.000E+00  0.000E+00  0.110E+03  0.000E+00  0.000E+00  0.000E+00  0.000E+00  0.000E+00  0.000E+00
        60.0062  0.000E+00  0.000E+00  0.000E+00  0.000E+00 -0.405E+04  0.000E+00  0.000E+00  0.000E+00  0.110E+03  0.000E+00  0.000E+00  0.000E+00  0.000E+00  0.000E+00  0.000E+00
        60.0090  0.000E+00  0.000E+00  0.000E+00  0.000E+00 -0.405E+04  0.000E+00  0.000E+00  0.000E+00  0.110E+03  0.000E+00  0.000E+00  0.000E+00  0.000E+00  0.000E+00  0.000E+00
        60.0128  0.000E+00  0.000E+00  0.000E+00  0.000E+00 -0.405E+04  0.000E+00  0.000E+00  0.000E+00  0.110E+03  0.000E+00  0.000E+00  0.000E+00  0.000E+00  0.000E+00  0.000E+00
        60.0176  0.000E+00  0.000E+00  0.000E+00  0.000E+00 -0.405E+04  0.000E+00  0.000E+00  0.000E+00  0.111E+03  0.000E+00  0.000E+00  0.000E+00  0.000E+00  0.000E+00  0.000E+00
        60.0239  0.000E+00  0.000E+00  0.000E+00  0.000E+00 -0.405E+04  0.000E+00  0.000E+00  0.000E+00  0.111E+03  0.000E+00  0.000E+00  0.000E+00  0.000E+00  0.000E+00  0.000E+00
        60.0320  0.000E+00  0.000E+00  0.000E+00  0.000E+00 -0.405E+04  0.000E+00  0.000E+00  0.000E+00  0.111E+03  0.000E+00  0.000E+00  0.000E+00  0.000E+00  0.000E+00  0.000E+00
        60.0426  0.000E+00  0.000E+00  0.000E+00  0.000E+00 -0.405E+04  0.000E+00  0.000E+00  0.000E+00  0.111E+03  0.000E+00  0.000E+00  0.000E+00  0.000E+00  0.000E+00  0.000E+00
        60.0564  0.000E+00  0.000E+00  0.000E+00  0.000E+00 -0.405E+04  0.000E+00  0.000E+00  0.000E+00  0.111E+03  0.000E+00  0.000E+00  0.000E+00  0.000E+00  0.000E+00  0.000E+00
        60.0743  0.000E+00  0.000E+00  0.000E+00  0.000E+00 -0.405E+04  0.000E+00  0.000E+00  0.000E+00  0.112E+03  0.000E+00  0.000E+00  0.000E+00  0.000E+00  0.000E+00  0.000E+00
        60.0976  0.000E+00  0.000E+00  0.000E+00  0.000E+00 -0.405E+04  0.000E+00  0.000E+00  0.000E+00  0.112E+03  0.000E+00  0.000E+00  0.000E+00  0.000E+00  0.000E+00  0.000E+00
        60.1279  0.000E+00  0.000E+00  0.000E+00  0.000E+00 -0.405E+04  0.000E+00  0.000E+00  0.000E+00  0.113E+03  0.000E+00  0.000E+00  0.000E+00  0.000E+00  0.000E+00  0.000E+00
        60.1673  0.000E+00  0.000E+00  0.000E+00  0.000E+00 -0.405E+04  0.000E+00  0.000E+00  0.000E+00  0.113E+03  0.000E+00  0.000E+00  0.000E+00  0.000E+00  0.000E+00  0.000E+00
        60.2185  0.000E+00  0.000E+00  0.000E+00  0.000E+00 -0.405E+04  0.000E+00  0.000E+00  0.000E+00  0.114E+03  0.000E+00  0.000E+00  0.000E+00  0.000E+00  0.000E+00  0.000E+00
        60.2850  0.000E+00  0.000E+00  0.000E+00  0.000E+00 -0.405E+04  0.000E+00  0.000E+00  0.000E+00  0.115E+03  0.000E+00  0.000E+00  0.000E+00  0.000E+00  0.000E+00  0.000E+00
        60.3715  0.000E+00  0.000E+00  0.000E+00  0.000E+00 -0.405E+04  0.000E+00  0.000E+00  0.000E+00  0.117E+03  0.000E+00  0.000E+00  0.000E+00  0.000E+00  0.000E+00  0.000E+00
        60.4840  0.000E+00  0.000E+00  0.000E+00  0.000E+00 -0.405E+04  0.000E+00  0.000E+00  0.000E+00  0.119E+03  0.000E+00  0.000E+00  0.000E+00  0.000E+00  0.000E+00  0.000E+00
        60.6302  0.000E+00  0.000E+00  0.000E+00  0.000E+00 -0.405E+04  0.000E+00  0.000E+00  0.000E+00  0.122E+03  0.000E+00  0.000E+00  0.000E+00  0.000E+00  0.000E+00  0.000E+00
        60.8202  0.000E+00  0.000E+00  0.000E+00  0.000E+00 -0.405E+04  0.000E+00  0.000E+00  0.000E+00  0.125E+03  0.000E+00  0.000E+00  0.000E+00  0.000E+00  0.000E+00  0.000E+00
        61.0673  0.000E+00  0.000E+00  0.000E+00  0.000E+00 -0.405E+04  0.000E+00  0.000E+00  0.000E+00  0.130E+03  0.000E+00  0.000E+00  0.000E+00  0.000E+00  0.000E+00  0.000E+00
        61.3885  0.000E+00  0.000E+00  0.000E+00  0.000E+00 -0.405E+04  0.000E+00  0.000E+00  0.000E+00  0.136E+03  0.000E+00  0.000E+00  0.000E+00  0.000E+00  0.000E+00  0.000E+00
        61.8060  0.000E+00  0.000E+00  0.000E+00  0.000E+00 -0.405E+04  0.000E+00  0.000E+00  0.000E+00  0.144E+03  0.000E+00  0.000E+00  0.000E+00  0.000E+00  0.000E+00  0.000E+00
        62.3488  0.000E+00  0.000E+00  0.000E+00  0.000E+00 -0.405E+04  0.000E+00  0.000E+00  0.000E+00  0.155E+03  0.000E+00  0.000E+00  0.000E+00  0.000E+00  0.000E+00  0.000E+00
        63.0544  0.000E+00  0.000E+00  0.000E+00  0.000E+00 -0.405E+04  0.000E+00  0.000E+00  0.000E+00  0.168E+03  0.000E+00  0.000E+00  0.000E+00  0.000E+00  0.000E+00  0.000E+00
        63.7601  0.000E+00  0.000E+00  0.000E+00  0.000E+00 -0.405E+04  0.000E+00  0.000E+00  0.000E+00  0.179E+03  0.000E+00  0.000E+00  0.000E+00  0.000E+00  0.000E+00  0.000E+00
        64.6774  0.000E+00  0.000E+00  0.000E+00  0.000E+00 -0.405E+04  0.000E+00  0.000E+00  0.000E+00  0.194E+03  0.000E+00  0.000E+00  0.000E+00  0.000E+00  0.000E+00  0.000E+00
        65.5947  0.000E+00  0.000E+00  0.000E+00  0.000E+00 -0.405E+04  0.000E+00  0.000E+00  0.000E+00  0.206E+03  0.000E+00  0.000E+00  0.000E+00  0.000E+00  0.000E+00  0.000E+00
        66.7873  0.000E+00  0.000E+00  0.000E+00  0.000E+00 -0.405E+04  0.000E+00  0.000E+00  0.000E+00  0.221E+03  0.000E+00  0.000E+00  0.000E+00  0.000E+00  0.000E+00  0.000E+00
        67.9798  0.000E+00  0.000E+00  0.000E+00  0.000E+00 -0.405E+04  0.000E+00  0.000E+00  0.000E+00  0.233E+03  0.000E+00  0.000E+00  0.000E+00  0.000E+00  0.000E+00  0.000E+00
        69.5301  0.000E+00  0.000E+00  0.000E+00  0.000E+00 -0.405E+04  0.000E+00  0.000E+00  0.000E+00  0.247E+03  0.000E+00  0.000E+00  0.000E+00  0.000E+00  0.000E+00  0.000E+00
        71.0804  0.000E+00  0.000E+00  0.000E+00  0.000E+00 -0.405E+04  0.000E+00  0.000E+00  0.000E+00  0.258E+03  0.000E+00  0.000E+00  0.000E+00  0.000E+00  0.000E+00  0.000E+00
        73.0958  0.000E+00  0.000E+00  0.000E+00  0.000E+00 -0.405E+04  0.000E+00  0.000E+00  0.000E+00  0.270E+03  0.000E+00  0.000E+00  0.000E+00  0.000E+00  0.000E+00  0.000E+00
        75.1112  0.000E+00  0.000E+00  0.000E+00  0.000E+00 -0.405E+04  0.000E+00  0.000E+00  0.000E+00  0.279E+03  0.000E+00  0.000E+00  0.000E+00  0.000E+00  0.000E+00  0.000E+00
        77.7311  0.000E+00  0.000E+00  0.000E+00  0.000E+00 -0.405E+04  0.000E+00  0.000E+00  0.000E+00  0.290E+03  0.000E+00  0.000E+00  0.000E+00  0.000E+00  0.000E+00  0.000E+00
        80.3511  0.000E+00  0.000E+00  0.000E+00  0.000E+00 -0.405E+04  0.000E+00  0.000E+00  0.000E+00  0.297E+03  0.000E+00  0.000E+00  0.000E+00  0.000E+00  0.000E+00  0.000E+00
        82.9711  0.000E+00  0.000E+00  0.000E+00  0.000E+00 -0.405E+04  0.000E+00  0.000E+00  0.000E+00  0.303E+03  0.000E+00  0.000E+00  0.000E+00  0.000E+00  0.000E+00  0.000E+00
        86.3771  0.000E+00  0.000E+00  0.000E+00  0.000E+00 -0.405E+04  0.000E+00  0.000E+00  0.000E+00  0.309E+03  0.000E+00  0.000E+00  0.000E+00  0.000E+00  0.000E+00  0.000E+00
        89.7394  0.000E+00  0.000E+00  0.000E+00  0.000E+00 -0.405E+04  0.000E+00  0.000E+00  0.000E+00  0.314E+03  0.000E+00  0.000E+00  0.000E+00  0.000E+00  0.000E+00  0.000E+00
        94.0624  0.000E+00  0.000E+00  0.000E+00  0.000E+00 -0.405E+04  0.000E+00  0.000E+00  0.000E+00  0.318E+03  0.000E+00  0.000E+00  0.000E+00  0.000E+00  0.000E+00  0.000E+00
        98.3853  0.000E+00  0.000E+00  0.000E+00  0.000E+00 -0.405E+04  0.000E+00  0.000E+00  0.000E+00  0.322E+03  0.000E+00  0.000E+00  0.000E+00  0.000E+00  0.000E+00  0.000E+00
       103.7890  0.000E+00  0.000E+00  0.000E+00  0.000E+00 -0.405E+04  0.000E+00  0.000E+00  0.000E+00  0.325E+03  0.000E+00  0.000E+00  0.000E+00  0.000E+00  0.000E+00  0.000E+00
       109.1926  0.000E+00  0.000E+00  0.000E+00  0.000E+00 -0.405E+04  0.000E+00  0.000E+00  0.000E+00  0.327E+03  0.000E+00  0.000E+00  0.000E+00  0.000E+00  0.000E+00  0.000E+00
       114.5963  0.000E+00  0.000E+00  0.000E+00  0.000E+00 -0.405E+04  0.000E+00  0.000E+00  0.000E+00  0.328E+03  0.000E+00  0.000E+00  0.000E+00  0.000E+00  0.000E+00  0.000E+00
       120.0000  0.000E+00  0.000E+00  0.000E+00  0.000E+00 -0.405E+04  0.000E+00  0.000E+00  0.000E+00  0.329E+03  0.000E+00  0.000E+00  0.000E+00  0.000E+00  0.000E+00  0.000E+00
       126.0000  0.000E+00  0.000E+00  0.000E+00  0.000E+00 -0.405E+04  0.000E+00  0.000E+00  0.000E+00  0.330E+03  0.000E+00  0.000E+00  0.000E+00  0.000E+00  0.000E+00  0.000E+00
       132.0000  0.000E+00  0.000E+00  0.000E+00  0.000E+00 -0.405E+04  0.000E+00  0.000E+00  0.000E+00  0.331E+03  0.000E+00  0.000E+00  0.000E+00  0.000E+00  0.000E+00  0.000E+00
       138.0000  0.000E+00  0.000E+00  0.000E+00  0.000E+00 -0.405E+04  0.000E+00  0.000E+00  0.000E+00  0.332E+03  0.000E+00  0.000E+00  0.000E+00  0.000E+00  0.000E+00  0.000E+00
       144.0000  0.000E+00  0.000E+00  0.000E+00  0.000E+00 -0.405E+04  0.000E+00  0.000E+00  0.000E+00  0.332E+03  0.000E+00  0.000E+00  0.000E+00  0.000E+00  0.000E+00  0.000E+00
       150.0000  0.000E+00  0.000E+00  0.000E+00  0.000E+00 -0.405E+04  0.000E+00  0.000E+00  0.000E+00  0.333E+03  0.000E+00  0.000E+00  0.000E+00  0.000E+00  0.000E+00  0.000E+00
       157.5000  0.000E+00  0.000E+00  0.000E+00  0.000E+00 -0.405E+04  0.000E+00  0.000E+00  0.000E+00  0.333E+03  0.000E+00  0.000E+00  0.000E+00  0.000E+00  0.000E+00  0.000E+00
       168.7500  0.000E+00  0.000E+00  0.000E+00  0.000E+00 -0.405E+04  0.000E+00  0.000E+00  0.000E+00  0.333E+03  0.000E+00  0.000E+00  0.000E+00  0.000E+00  0.000E+00  0.000E+00
       180.0000  0.000E+00  0.000E+00  0.000E+00  0.000E+00 -0.405E+04  0.000E+00  0.000E+00  0.000E+00  0.334E+03  0.000E+00  0.000E+00  0.000E+00  0.000E+00  0.000E+00  0.000E+00
       192.0000  0.000E+00  0.000E+00  0.000E+00  0.000E+00 -0.405E+04  0.000E+00  0.000E+00  0.000E+00  0.334E+03  0.000E+00  0.000E+00  0.000E+00  0.000E+00  0.000E+00  0.000E+00
       208.0000  0.000E+00  0.000E+00  0.000E+00  0.000E+00 -0.405E+04  0.000E+00  0.000E+00  0.000E+00  0.335E+03  0.000E+00  0.000E+00  0.000E+00  0.000E+00  0.000E+00  0.000E+00
       240.0000  0.000E+00  0.000E+00  0.000E+00  0.000E+00 -0.405E+04  0.000E+00  0.000E+00  0.000E+00  0.335E+03  0.000E+00  0.000E+00  0.000E+00  0.000E+00  0.000E+00  0.000E+00
       261.3721  0.000E+00  0.000E+00  0.000E+00  0.000E+00 -0.405E+04  0.000E+00  0.000E+00  0.000E+00  0.335E+03  0.000E+00  0.000E+00  0.000E+00  0.000E+00  0.000E+00  0.000E+00
       287.8863  0.000E+00  0.000E+00  0.000E+00  0.000E+00 -0.405E+04  0.000E+00  0.000E+00  0.000E+00  0.336E+03  0.000E+00  0.000E+00  0.000E+00  0.000E+00  0.000E+00  0.000E+00
       323.2386  0.000E+00  0.000E+00  0.000E+00  0.000E+00 -0.405E+04  0.000E+00  0.000E+00  0.000E+00  0.336E+03  0.000E+00  0.000E+00  0.000E+00  0.000E+00  0.000E+00  0.000E+00
       367.4289  0.000E+00  0.000E+00  0.000E+00  0.000E+00 -0.405E+04  0.000E+00  0.000E+00  0.000E+00  0.337E+03  0.000E+00  0.000E+00  0.000E+00  0.000E+00  0.000E+00  0.000E+00
       433.7145  0.000E+00  0.000E+00  0.000E+00  0.000E+00 -0.405E+04  0.000E+00  0.000E+00  0.000E+00  0.338E+03  0.000E+00  0.000E+00  0.000E+00  0.000E+00  0.000E+00  0.000E+00
       500.0000  0.000E+00  0.000E+00  0.000E+00  0.000E+00 -0.405E+04  0.000E+00  0.000E+00  0.000E+00  0.338E+03  0.000E+00  0.000E+00  0.000E+00  0.000E+00  0.000E+00  0.000E+00
       573.3333  0.000E+00  0.000E+00  0.000E+00  0.000E+00 -0.405E+04  0.000E+00  0.000E+00  0.000E+00  0.339E+03  0.000E+00  0.000E+00  0.000E+00  0.000E+00  0.000E+00  0.000E+00
       720.0000  0.000E+00  0.000E+00  0.000E+00  0.000E+00 -0.405E+04  0.000E+00  0.000E+00  0.000E+00  0.341E+03  0.000E+00  0.000E+00  0.000E+00  0.000E+00  0.000E+00  0.000E+00
       864.0000  0.000E+00  0.000E+00  0.000E+00  0.000E+00 -0.405E+04  0.000E+00  0.000E+00  0.000E+00  0.342E+03  0.000E+00  0.000E+00  0.000E+00  0.000E+00  0.000E+00  0.000E+00
      1056.0000  0.000E+00  0.000E+00  0.000E+00  0.000E+00 -0.405E+04  0.000E+00  0.000E+00  0.000E+00  0.343E+03  0.000E+00  0.000E+00  0.000E+00  0.000E+00  0.000E+00  0.000E+00
      1248.0000  0.000E+00  0.000E+00  0.000E+00  0.000E+00 -0.405E+04  0.000E+00  0.000E+00  0.000E+00  0.344E+03  0.000E+00  0.000E+00  0.000E+00  0.000E+00  0.000E+00  0.000E+00
      1440.0000  0.000E+00  0.000E+00  0.000E+00  0.000E+00 -0.405E+04  0.000E+00  0.000E+00  0.000E+00  0.345E+03  0.000E+00  0.000E+00  0.000E+00  0.000E+00  0.000E+00  0.000E+00
      1800.0000  0.000E+00  0.000E+00  0.000E+00  0.000E+00 -0.405E+04  0.000E+00  0.000E+00  0.000E+00  0.347E+03  0.000E+00  0.000E+00  0.000E+00  0.000E+00  0.000E+00  0.000E+00
      2160.0000  0.000E+00  0.000E+00  0.000E+00  0.000E+00 -0.405E+04  0.000E+00  0.000E+00  0.000E+00  0.349E+03  0.000E+00  0.000E+00  0.000E+00  0.000E+00  0.000E+00  0.000E+00
      2520.0000  0.000E+00  0.000E+00  0.000E+00  0.000E+00 -0.405E+04  0.000E+00  0.000E+00  0.000E+00  0.350E+03  0.000E+00  0.000E+00  0.000E+00  0.000E+00  0.000E+00  0.000E+00
      2880.0000  0.000E+00  0.000E+00  0.000E+00  0.000E+00 -0.405E+04  0.000E+00  0.000E+00  0.000E+00  0.352E+03  0.000E+00  0.000E+00  0.000E+00  0.000E+00  0.000E+00  0.000E+00
end
