 FileVersion=0003


        Time         hAtm       hRoot     hKode3     hKode1      hSeep     hKode5     hKode6     hKode7     hKode8     hKode9 ... 
         [T]          [L]        [L]        [L]        [L]        [L]        [L]        [L]        [L]        [L]        [L]

         0.0010      -20.8        0.0      -20.6        0.0        0.0        0.0      -21.8        0.0        0.0        0.0
         0.0020      -20.8        0.0      -20.3        0.0        0.0        0.0      -22.4        0.0        0.0        0.0
         0.0030      -20.8        0.0      -20.1        0.0        0.0        0.0      -22.9        0.0        0.0        0.0
         0.0043      -20.8        0.0      -19.8        0.0        0.0        0.0      -23.4        0.0        0.0        0.0
         0.0060      -20.8        0.0      -19.4        0.0        0.0        0.0      -23.9        0.0        0.0        0.0
         0.0082      -20.9        0.0      -19.0        0.0        0.0        0.0      -24.4        0.0        0.0        0.0
         0.0110      -20.9        0.0      -18.4        0.0        0.0        0.0      -24.9        0.0        0.0        0.0
         0.0148      -20.9        0.0      -17.8        0.0        0.0        0.0      -25.5        0.0        0.0        0.0
         0.0196      -20.9        0.0      -17.2        0.0        0.0        0.0      -26.0        0.0        0.0        0.0
         0.0259      -20.9        0.0      -16.4        0.0        0.0        0.0      -26.6        0.0        0.0        0.0
         0.0340      -21.0        0.0      -15.7        0.0        0.0        0.0      -27.2        0.0        0.0        0.0
         0.0446      -21.0        0.0      -15.0        0.0        0.0        0.0      -27.8        0.0        0.0        0.0
         0.0584      -21.1        0.0      -14.4        0.0        0.0        0.0      -28.4        0.0        0.0        0.0
         0.0722      -21.2        0.0      -14.0        0.0        0.0        0.0      -28.9        0.0        0.0        0.0
         0.0860      -21.3        0.0      -13.7        0.0        0.0        0.0      -29.3        0.0        0.0        0.0
         0.0998      -21.4        0.0      -13.5        0.0        0.0        0.0      -29.6        0.0        0.0        0.0
         0.1177      -21.5        0.0      -13.3        0.0        0.0        0.0      -30.0        0.0        0.0        0.0
         0.1356      -21.6        0.0      -13.1        0.0        0.0        0.0      -30.4        0.0        0.0        0.0
         0.1535      -21.7        0.0      -13.0        0.0        0.0        0.0      -30.7        0.0        0.0        0.0
         0.1714      -21.8        0.0      -12.9        0.0        0.0        0.0      -30.9        0.0        0.0        0.0
         0.1947      -22.0        0.0      -12.8        0.0        0.0        0.0      -31.2        0.0        0.0        0.0
         0.2180      -22.1        0.0      -12.7        0.0        0.0        0.0      -31.5        0.0        0.0        0.0
         0.2413      -22.2        0.0      -12.6        0.0        0.0        0.0      -31.7        0.0        0.0        0.0
         0.2646      -22.4        0.0      -12.6        0.0        0.0        0.0      -32.0        0.0        0.0        0.0
         0.2879      -22.5        0.0      -12.5        0.0        0.0        0.0      -32.2        0.0        0.0        0.0
         0.3112      -22.7        0.0      -12.5        0.0        0.0        0.0      -32.4        0.0        0.0        0.0
         0.3345      -22.8        0.0      -12.4        0.0        0.0        0.0      -32.5        0.0        0.0        0.0
         0.3648      -23.0        0.0      -12.4        0.0        0.0        0.0      -32.8        0.0        0.0        0.0
         0.3951      -23.1        0.0      -12.3        0.0        0.0        0.0      -33.0        0.0        0.0        0.0
         0.4254      -23.3        0.0      -12.3        0.0        0.0        0.0      -33.2        0.0        0.0        0.0
         0.4557      -23.5        0.0      -12.2        0.0        0.0        0.0      -33.4        0.0        0.0        0.0
         0.4860      -23.6        0.0      -12.2        0.0        0.0        0.0      -33.6        0.0        0.0        0.0
         0.5163      -23.8        0.0      -12.1        0.0        0.0        0.0      -33.7        0.0        0.0        0.0
         0.5465      -23.9        0.0      -12.1        0.0        0.0        0.0      -33.9        0.0        0.0        0.0
         0.5768      -24.1        0.0      -12.0        0.0        0.0        0.0      -34.1        0.0        0.0        0.0
         0.6071      -24.2        0.0      -12.0        0.0        0.0        0.0      -34.2        0.0        0.0        0.0
         0.6374      -24.4        0.0      -11.9        0.0        0.0        0.0      -34.4        0.0        0.0        0.0
         0.6677      -24.5        0.0      -11.9        0.0        0.0        0.0      -34.5        0.0        0.0        0.0
         0.6980      -24.6        0.0      -11.9        0.0        0.0        0.0      -34.7        0.0        0.0        0.0
         0.7283      -24.8        0.0      -11.8        0.0        0.0        0.0      -34.8        0.0        0.0        0.0
         0.7676      -24.9        0.0      -11.8        0.0        0.0        0.0      -35.0        0.0        0.0        0.0
         0.8070      -25.1        0.0      -11.7        0.0        0.0        0.0      -35.2        0.0        0.0        0.0
         0.8464      -25.2        0.0      -11.7        0.0        0.0        0.0      -35.4        0.0        0.0        0.0
         0.8858      -25.4        0.0      -11.7        0.0        0.0        0.0      -35.5        0.0        0.0        0.0
         0.9251      -25.5        0.0      -11.6        0.0        0.0        0.0      -35.7        0.0        0.0        0.0
         0.9645      -25.7        0.0      -11.6        0.0        0.0        0.0      -35.9        0.0        0.0        0.0
         1.0039      -25.8        0.0      -11.5        0.0        0.0        0.0      -36.0        0.0        0.0        0.0
         1.0433      -25.9        0.0      -11.5        0.0        0.0        0.0      -36.2        0.0        0.0        0.0
         1.0826      -26.1        0.0      -11.4        0.0        0.0        0.0      -36.3        0.0        0.0        0.0
         1.1220      -26.2        0.0      -11.4        0.0        0.0        0.0      -36.5        0.0        0.0        0.0
         1.1614      -26.3        0.0      -11.4        0.0        0.0        0.0      -36.6        0.0        0.0        0.0
         1.2126      -26.5        0.0      -11.3        0.0        0.0        0.0      -36.8        0.0        0.0        0.0
         1.2638      -26.6        0.0      -11.3        0.0        0.0        0.0      -37.0        0.0        0.0        0.0
         1.3149      -26.7        0.0      -11.2        0.0        0.0        0.0      -37.1        0.0        0.0        0.0
         1.3661      -26.9        0.0      -11.2        0.0        0.0        0.0      -37.3        0.0        0.0        0.0
         1.4173      -27.0        0.0      -11.1        0.0        0.0        0.0      -37.5        0.0        0.0        0.0
         1.4685      -27.1        0.0      -11.1        0.0        0.0        0.0      -37.7        0.0        0.0        0.0
         1.5197      -27.3        0.0      -11.0        0.0        0.0        0.0      -37.8        0.0        0.0        0.0
         1.5709      -27.4        0.0      -11.0        0.0        0.0        0.0      -38.0        0.0        0.0        0.0
         1.6374      -27.5        0.0      -10.9        0.0        0.0        0.0      -38.2        0.0        0.0        0.0
         1.7040      -27.7        0.0      -10.9        0.0        0.0        0.0      -38.4        0.0        0.0        0.0
         1.7705      -27.8        0.0      -10.8        0.0        0.0        0.0      -38.6        0.0        0.0        0.0
         1.8370      -27.9        0.0      -10.8        0.0        0.0        0.0      -38.7        0.0        0.0        0.0
         1.9036      -28.1        0.0      -10.7        0.0        0.0        0.0      -38.9        0.0        0.0        0.0
         1.9701      -28.2        0.0      -10.7        0.0        0.0        0.0      -39.1        0.0        0.0        0.0
         2.0367      -28.3        0.0      -10.6        0.0        0.0        0.0      -39.3        0.0        0.0        0.0
         2.1232      -28.4        0.0      -10.6        0.0        0.0        0.0      -39.5        0.0        0.0        0.0
         2.2097      -28.6        0.0      -10.5        0.0        0.0        0.0      -39.7        0.0        0.0        0.0
         2.2962      -28.7        0.0      -10.4        0.0        0.0        0.0      -39.9        0.0        0.0        0.0
         2.3827      -28.8        0.0      -10.4        0.0        0.0        0.0      -40.1        0.0        0.0        0.0
         2.4692      -28.9        0.0      -10.3        0.0        0.0        0.0      -40.3        0.0        0.0        0.0
         2.5557      -29.0        0.0      -10.3        0.0        0.0        0.0      -40.5        0.0        0.0        0.0
         2.6422      -29.1        0.0      -10.2        0.0        0.0        0.0      -40.7        0.0        0.0        0.0
         2.7287      -29.2        0.0      -10.2        0.0        0.0        0.0      -40.9        0.0        0.0        0.0
         2.8152      -29.3        0.0      -10.1        0.0        0.0        0.0      -41.1        0.0        0.0        0.0
         2.9017      -29.4        0.0      -10.1        0.0        0.0        0.0      -41.3        0.0        0.0        0.0
         3.0142      -29.5        0.0      -10.0        0.0        0.0        0.0      -41.5        0.0        0.0        0.0
         3.1266      -29.6        0.0      -10.0        0.0        0.0        0.0      -41.8        0.0        0.0        0.0
         3.2391      -29.7        0.0       -9.9        0.0        0.0        0.0      -42.0        0.0        0.0        0.0
         3.3515      -29.8        0.0       -9.9        0.0        0.0        0.0      -42.2        0.0        0.0        0.0
         3.4640      -29.9        0.0       -9.8        0.0        0.0        0.0      -42.4        0.0        0.0        0.0
         3.5764      -30.0        0.0       -9.8        0.0        0.0        0.0      -42.6        0.0        0.0        0.0
         3.6889      -30.1        0.0       -9.8        0.0        0.0        0.0      -42.8        0.0        0.0        0.0
         3.8013      -30.2        0.0       -9.7        0.0        0.0        0.0      -43.0        0.0        0.0        0.0
         3.9138      -30.2        0.0       -9.7        0.0        0.0        0.0      -43.2        0.0        0.0        0.0
         4.0224      -30.3        0.0       -9.6        0.0        0.0        0.0      -43.4        0.0        0.0        0.0
         4.1310      -30.3        0.0       -9.6        0.0        0.0        0.0      -43.6        0.0        0.0        0.0
         4.2397      -30.4        0.0       -9.6        0.0        0.0        0.0      -43.8        0.0        0.0        0.0
         4.3483      -30.5        0.0       -9.5        0.0        0.0        0.0      -44.0        0.0        0.0        0.0
         4.4569      -30.5        0.0       -9.5        0.0        0.0        0.0      -44.1        0.0        0.0        0.0
         4.5655      -30.6        0.0       -9.5        0.0        0.0        0.0      -44.3        0.0        0.0        0.0
         4.6741      -30.6        0.0       -9.4        0.0        0.0        0.0      -44.5        0.0        0.0        0.0
         4.7828      -30.7        0.0       -9.4        0.0        0.0        0.0      -44.6        0.0        0.0        0.0
         4.8914      -30.7        0.0       -9.4        0.0        0.0        0.0      -44.8        0.0        0.0        0.0
         5.0000      -30.7        0.0       -9.3        0.0        0.0        0.0      -45.0        0.0        0.0        0.0
         5.1462      -30.8        0.0       -9.3        0.0        0.0        0.0      -45.2        0.0        0.0        0.0
         5.2924      -30.8        0.0       -9.3        0.0        0.0        0.0      -45.4        0.0        0.0        0.0
         5.4386      -30.9        0.0       -9.2        0.0        0.0        0.0      -45.6        0.0        0.0        0.0
         5.5848      -30.9        0.0       -9.2        0.0        0.0        0.0      -45.8        0.0        0.0        0.0
         5.7310      -30.9        0.0       -9.1        0.0        0.0        0.0      -46.0        0.0        0.0        0.0
         5.8772      -31.0        0.0       -9.1        0.0        0.0        0.0      -46.2        0.0        0.0        0.0
         6.0233      -31.0        0.0       -9.1        0.0        0.0        0.0      -46.4        0.0        0.0        0.0
         6.1695      -31.0        0.0       -9.0        0.0        0.0        0.0      -46.6        0.0        0.0        0.0
         6.3157      -31.0        0.0       -9.0        0.0        0.0        0.0      -46.8        0.0        0.0        0.0
         6.4619      -31.0        0.0       -9.0        0.0        0.0        0.0      -47.0        0.0        0.0        0.0
         6.6081      -31.0        0.0       -9.0        0.0        0.0        0.0      -47.2        0.0        0.0        0.0
         6.7543      -31.0        0.0       -8.9        0.0        0.0        0.0      -47.3        0.0        0.0        0.0
         6.9005      -31.1        0.0       -8.9        0.0        0.0        0.0      -47.5        0.0        0.0        0.0
         7.0467      -31.1        0.0       -8.9        0.0        0.0        0.0      -47.7        0.0        0.0        0.0
         7.1929      -31.1        0.0       -8.8        0.0        0.0        0.0      -47.9        0.0        0.0        0.0
         7.3391      -31.1        0.0       -8.8        0.0        0.0        0.0      -48.1        0.0        0.0        0.0
         7.4853      -31.0        0.0       -8.8        0.0        0.0        0.0      -48.2        0.0        0.0        0.0
         7.6315      -31.0        0.0       -8.8        0.0        0.0        0.0      -48.4        0.0        0.0        0.0
         7.7776      -31.0        0.0       -8.7        0.0        0.0        0.0      -48.6        0.0        0.0        0.0
         7.9238      -31.0        0.0       -8.7        0.0        0.0        0.0      -48.7        0.0        0.0        0.0
         8.0700      -31.0        0.0       -8.7        0.0        0.0        0.0      -48.9        0.0        0.0        0.0
         8.2162      -31.0        0.0       -8.7        0.0        0.0        0.0      -49.1        0.0        0.0        0.0
         8.3624      -31.0        0.0       -8.7        0.0        0.0        0.0      -49.2        0.0        0.0        0.0
         8.5086      -31.0        0.0       -8.6        0.0        0.0        0.0      -49.4        0.0        0.0        0.0
         8.6548      -30.9        0.0       -8.6        0.0        0.0        0.0      -49.5        0.0        0.0        0.0
         8.8010      -30.9        0.0       -8.6        0.0        0.0        0.0      -49.7        0.0        0.0        0.0
         8.9472      -30.9        0.0       -8.6        0.0        0.0        0.0      -49.9        0.0        0.0        0.0
         9.0934      -30.9        0.0       -8.5        0.0        0.0        0.0      -50.0        0.0        0.0        0.0
         9.2396      -30.9        0.0       -8.5        0.0        0.0        0.0      -50.2        0.0        0.0        0.0
         9.3858      -30.8        0.0       -8.5        0.0        0.0        0.0      -50.3        0.0        0.0        0.0
         9.5320      -30.8        0.0       -8.5        0.0        0.0        0.0      -50.5        0.0        0.0        0.0
         9.6781      -30.8        0.0       -8.5        0.0        0.0        0.0      -50.6        0.0        0.0        0.0
         9.8243      -30.7        0.0       -8.5        0.0        0.0        0.0      -50.8        0.0        0.0        0.0
         9.9705      -30.7        0.0       -8.4        0.0        0.0        0.0      -50.9        0.0        0.0        0.0
        10.1167      -30.7        0.0       -8.4        0.0        0.0        0.0      -51.1        0.0        0.0        0.0
        10.2629      -30.6        0.0       -8.4        0.0        0.0        0.0      -51.2        0.0        0.0        0.0
        10.4091      -30.6        0.0       -8.4        0.0        0.0        0.0      -51.3        0.0        0.0        0.0
        10.5553      -30.6        0.0       -8.4        0.0        0.0        0.0      -51.5        0.0        0.0        0.0
        10.7015      -30.5        0.0       -8.3        0.0        0.0        0.0      -51.6        0.0        0.0        0.0
        10.8477      -30.5        0.0       -8.3        0.0        0.0        0.0      -51.8        0.0        0.0        0.0
        10.9939      -30.5        0.0       -8.3        0.0        0.0        0.0      -51.9        0.0        0.0        0.0
        11.1401      -30.4        0.0       -8.3        0.0        0.0        0.0      -52.0        0.0        0.0        0.0
        11.3301      -30.4        0.0       -8.3        0.0        0.0        0.0      -52.2        0.0        0.0        0.0
        11.5202      -30.3        0.0       -8.3        0.0        0.0        0.0      -52.4        0.0        0.0        0.0
        11.7102      -30.2        0.0       -8.2        0.0        0.0        0.0      -52.6        0.0        0.0        0.0
        11.9003      -30.2        0.0       -8.2        0.0        0.0        0.0      -52.8        0.0        0.0        0.0
        12.0903      -30.1        0.0       -8.2        0.0        0.0        0.0      -52.9        0.0        0.0        0.0
        12.2804      -30.1        0.0       -8.2        0.0        0.0        0.0      -53.1        0.0        0.0        0.0
        12.4704      -30.0        0.0       -8.2        0.0        0.0        0.0      -53.3        0.0        0.0        0.0
        12.6605      -29.9        0.0       -8.1        0.0        0.0        0.0      -53.4        0.0        0.0        0.0
        12.8505      -29.9        0.0       -8.1        0.0        0.0        0.0      -53.6        0.0        0.0        0.0
        13.0406      -29.8        0.0       -8.1        0.0        0.0        0.0      -53.8        0.0        0.0        0.0
        13.2365      -29.7        0.0       -8.1        0.0        0.0        0.0      -53.9        0.0        0.0        0.0
        13.4324      -29.7        0.0       -8.1        0.0        0.0        0.0      -54.1        0.0        0.0        0.0
        13.6284      -29.6        0.0       -8.1        0.0        0.0        0.0      -54.3        0.0        0.0        0.0
        13.8243      -29.5        0.0       -8.0        0.0        0.0        0.0      -54.4        0.0        0.0        0.0
        14.0203      -29.5        0.0       -8.0        0.0        0.0        0.0      -54.6        0.0        0.0        0.0
        14.2162      -29.4        0.0       -8.0        0.0        0.0        0.0      -54.8        0.0        0.0        0.0
        14.4122      -29.3        0.0       -8.0        0.0        0.0        0.0      -54.9        0.0        0.0        0.0
        14.6081      -29.2        0.0       -8.0        0.0        0.0        0.0      -55.1        0.0        0.0        0.0
        14.8041      -29.2        0.0       -8.0        0.0        0.0        0.0      -55.3        0.0        0.0        0.0
        15.0000      -29.1        0.0       -7.9        0.0        0.0        0.0      -55.4        0.0        0.0        0.0
        15.1900      -29.0        0.0       -7.9        0.0        0.0        0.0      -55.6        0.0        0.0        0.0
        15.3801      -28.9        0.0       -7.9        0.0        0.0        0.0      -55.7        0.0        0.0        0.0
        15.5701      -28.8        0.0       -7.9        0.0        0.0        0.0      -55.9        0.0        0.0        0.0
        15.7602      -28.8        0.0       -7.9        0.0        0.0        0.0      -56.0        0.0        0.0        0.0
        15.9502      -28.7        0.0       -7.9        0.0        0.0        0.0      -56.2        0.0        0.0        0.0
        16.1403      -28.6        0.0       -7.9        0.0        0.0        0.0      -56.3        0.0        0.0        0.0
        16.3303      -28.5        0.0       -7.8        0.0        0.0        0.0      -56.5        0.0        0.0        0.0
        16.5204      -28.4        0.0       -7.8        0.0        0.0        0.0      -56.6        0.0        0.0        0.0
        16.7104      -28.4        0.0       -7.8        0.0        0.0        0.0      -56.8        0.0        0.0        0.0
        16.9005      -28.3        0.0       -7.8        0.0        0.0        0.0      -56.9        0.0        0.0        0.0
        17.0905      -28.2        0.0       -7.8        0.0        0.0        0.0      -57.1        0.0        0.0        0.0
        17.2806      -28.1        0.0       -7.8        0.0        0.0        0.0      -57.2        0.0        0.0        0.0
        17.4706      -28.0        0.0       -7.8        0.0        0.0        0.0      -57.4        0.0        0.0        0.0
        17.6607      -27.9        0.0       -7.8        0.0        0.0        0.0      -57.5        0.0        0.0        0.0
        17.8507      -27.8        0.0       -7.7        0.0        0.0        0.0      -57.6        0.0        0.0        0.0
        18.0408      -27.8        0.0       -7.7        0.0        0.0        0.0      -57.8        0.0        0.0        0.0
        18.2308      -27.7        0.0       -7.7        0.0        0.0        0.0      -57.9        0.0        0.0        0.0
        18.4209      -27.6        0.0       -7.7        0.0        0.0        0.0      -58.1        0.0        0.0        0.0
        18.6109      -27.5        0.0       -7.7        0.0        0.0        0.0      -58.2        0.0        0.0        0.0
        18.8010      -27.4        0.0       -7.7        0.0        0.0        0.0      -58.3        0.0        0.0        0.0
        18.9910      -27.3        0.0       -7.7        0.0        0.0        0.0      -58.5        0.0        0.0        0.0
        19.2381      -27.2        0.0       -7.7        0.0        0.0        0.0      -58.7        0.0        0.0        0.0
        19.4852      -27.1        0.0       -7.6        0.0        0.0        0.0      -58.8        0.0        0.0        0.0
        19.7322      -26.9        0.0       -7.6        0.0        0.0        0.0      -59.0        0.0        0.0        0.0
        19.9793      -26.8        0.0       -7.6        0.0        0.0        0.0      -59.2        0.0        0.0        0.0
        20.2264      -26.7        0.0       -7.6        0.0        0.0        0.0      -59.4        0.0        0.0        0.0
        20.4734      -26.6        0.0       -7.6        0.0        0.0        0.0      -59.6        0.0        0.0        0.0
        20.7205      -26.4        0.0       -7.6        0.0        0.0        0.0      -59.7        0.0        0.0        0.0
        20.9676      -26.3        0.0       -7.6        0.0        0.0        0.0      -59.9        0.0        0.0        0.0
        21.2146      -26.2        0.0       -7.6        0.0        0.0        0.0      -60.1        0.0        0.0        0.0
        21.4617      -26.1        0.0       -7.5        0.0        0.0        0.0      -60.3        0.0        0.0        0.0
        21.7087      -25.9        0.0       -7.5        0.0        0.0        0.0      -60.4        0.0        0.0        0.0
        21.9558      -25.8        0.0       -7.5        0.0        0.0        0.0      -60.6        0.0        0.0        0.0
        22.2029      -25.7        0.0       -7.5        0.0        0.0        0.0      -60.8        0.0        0.0        0.0
        22.4499      -25.5        0.0       -7.5        0.0        0.0        0.0      -60.9        0.0        0.0        0.0
        22.6970      -25.4        0.0       -7.5        0.0        0.0        0.0      -61.1        0.0        0.0        0.0
        22.9441      -25.3        0.0       -7.5        0.0        0.0        0.0      -61.3        0.0        0.0        0.0
        23.1911      -25.2        0.0       -7.5        0.0        0.0        0.0      -61.4        0.0        0.0        0.0
        23.4382      -25.0        0.0       -7.4        0.0        0.0        0.0      -61.6        0.0        0.0        0.0
        23.6853      -24.9        0.0       -7.4        0.0        0.0        0.0      -61.8        0.0        0.0        0.0
        23.9323      -24.8        0.0       -7.4        0.0        0.0        0.0      -61.9        0.0        0.0        0.0
        24.1794      -24.6        0.0       -7.4        0.0        0.0        0.0      -62.1        0.0        0.0        0.0
        24.4265      -24.5        0.0       -7.4        0.0        0.0        0.0      -62.3        0.0        0.0        0.0
        24.6735      -24.3        0.0       -7.4        0.0        0.0        0.0      -62.4        0.0        0.0        0.0
        24.9206      -24.2        0.0       -7.4        0.0        0.0        0.0      -62.6        0.0        0.0        0.0
        25.1676      -24.1        0.0       -7.4        0.0        0.0        0.0      -62.8        0.0        0.0        0.0
        25.4147      -23.9        0.0       -7.4        0.0        0.0        0.0      -62.9        0.0        0.0        0.0
        25.6618      -23.8        0.0       -7.3        0.0        0.0        0.0      -63.1        0.0        0.0        0.0
        25.9088      -23.7        0.0       -7.3        0.0        0.0        0.0      -63.3        0.0        0.0        0.0
        26.1559      -23.5        0.0       -7.3        0.0        0.0        0.0      -63.4        0.0        0.0        0.0
        26.4030      -23.4        0.0       -7.3        0.0        0.0        0.0      -63.6        0.0        0.0        0.0
        26.6500      -23.2        0.0       -7.3        0.0        0.0        0.0      -63.7        0.0        0.0        0.0
        26.8971      -23.1        0.0       -7.3        0.0        0.0        0.0      -63.9        0.0        0.0        0.0
        27.1442      -23.0        0.0       -7.3        0.0        0.0        0.0      -64.1        0.0        0.0        0.0
        27.3912      -22.8        0.0       -7.3        0.0        0.0        0.0      -64.2        0.0        0.0        0.0
        27.6383      -22.7        0.0       -7.3        0.0        0.0        0.0      -64.4        0.0        0.0        0.0
        27.8745      -22.6        0.0       -7.3        0.0        0.0        0.0      -64.5        0.0        0.0        0.0
        28.1106      -22.4        0.0       -7.3        0.0        0.0        0.0      -64.7        0.0        0.0        0.0
        28.3468      -22.3        0.0       -7.2        0.0        0.0        0.0      -64.8        0.0        0.0        0.0
        28.5830      -22.1        0.0       -7.2        0.0        0.0        0.0      -65.0        0.0        0.0        0.0
        28.9372      -21.9        0.0       -7.2        0.0        0.0        0.0      -65.2        0.0        0.0        0.0
        29.2915      -21.7        0.0       -7.2        0.0        0.0        0.0      -65.4        0.0        0.0        0.0
        29.6457      -21.5        0.0       -7.2        0.0        0.0        0.0      -65.7        0.0        0.0        0.0
        30.0000      -21.3        0.0       -7.2        0.0        0.0        0.0      -65.9        0.0        0.0        0.0
        30.3212      -21.1        0.0       -7.2        0.0        0.0        0.0      -66.1        0.0        0.0        0.0
        30.6424      -20.9        0.0       -7.2        0.0        0.0        0.0      -66.3        0.0        0.0        0.0
        30.9636      -20.7        0.0       -7.2        0.0        0.0        0.0      -66.5        0.0        0.0        0.0
        31.2847      -20.5        0.0       -7.1        0.0        0.0        0.0      -66.7        0.0        0.0        0.0
        31.6059      -20.3        0.0       -7.1        0.0        0.0        0.0      -66.9        0.0        0.0        0.0
        31.9271      -20.1        0.0       -7.1        0.0        0.0        0.0      -67.1        0.0        0.0        0.0
        32.2483      -19.9        0.0       -7.1        0.0        0.0        0.0      -67.3        0.0        0.0        0.0
        32.5695      -19.7        0.0       -7.1        0.0        0.0        0.0      -67.5        0.0        0.0        0.0
        32.8907      -19.5        0.0       -7.1        0.0        0.0        0.0      -67.7        0.0        0.0        0.0
        33.2118      -19.3        0.0       -7.1        0.0        0.0        0.0      -67.9        0.0        0.0        0.0
        33.5330      -19.1        0.0       -7.1        0.0        0.0        0.0      -68.1        0.0        0.0        0.0
        33.8542      -18.9        0.0       -7.1        0.0        0.0        0.0      -68.3        0.0        0.0        0.0
        34.1754      -18.7        0.0       -7.0        0.0        0.0        0.0      -68.5        0.0        0.0        0.0
        34.4966      -18.5        0.0       -7.0        0.0        0.0        0.0      -68.7        0.0        0.0        0.0
        34.8178      -18.3        0.0       -7.0        0.0        0.0        0.0      -68.9        0.0        0.0        0.0
        35.1389      -18.1        0.0       -7.0        0.0        0.0        0.0      -69.1        0.0        0.0        0.0
        35.4601      -17.9        0.0       -7.0        0.0        0.0        0.0      -69.3        0.0        0.0        0.0
        35.7813      -17.8        0.0       -7.0        0.0        0.0        0.0      -69.5        0.0        0.0        0.0
        36.1025      -17.5        0.0       -7.0        0.0        0.0        0.0      -69.7        0.0        0.0        0.0
        36.4237      -17.3        0.0       -7.0        0.0        0.0        0.0      -69.8        0.0        0.0        0.0
        36.7449      -17.1        0.0       -7.0        0.0        0.0        0.0      -70.0        0.0        0.0        0.0
        37.0660      -16.9        0.0       -7.0        0.0        0.0        0.0      -70.2        0.0        0.0        0.0
        37.3872      -16.7        0.0       -7.0        0.0        0.0        0.0      -70.4        0.0        0.0        0.0
        37.7084      -16.5        0.0       -6.9        0.0        0.0        0.0      -70.6        0.0        0.0        0.0
        38.0296      -16.3        0.0       -6.9        0.0        0.0        0.0      -70.8        0.0        0.0        0.0
        38.3508      -16.1        0.0       -6.9        0.0        0.0        0.0      -71.0        0.0        0.0        0.0
        38.6720      -15.9        0.0       -6.9        0.0        0.0        0.0      -71.2        0.0        0.0        0.0
        38.9931      -15.7        0.0       -6.9        0.0        0.0        0.0      -71.4        0.0        0.0        0.0
        39.3143      -15.5        0.0       -6.9        0.0        0.0        0.0      -71.6        0.0        0.0        0.0
        39.6355      -15.3        0.0       -6.9        0.0        0.0        0.0      -71.8        0.0        0.0        0.0
        39.9567      -15.1        0.0       -6.9        0.0        0.0        0.0      -72.0        0.0        0.0        0.0
        40.2779      -14.9        0.0       -6.9        0.0        0.0        0.0      -72.2        0.0        0.0        0.0
        40.5991      -14.7        0.0       -6.9        0.0        0.0        0.0      -72.3        0.0        0.0        0.0
        40.9202      -14.5        0.0       -6.9        0.0        0.0        0.0      -72.5        0.0        0.0        0.0
        41.2414      -14.3        0.0       -6.8        0.0        0.0        0.0      -72.6        0.0        0.0        0.0
        41.5626      -14.0        0.0       -6.8        0.0        0.0        0.0      -72.7        0.0        0.0        0.0
        41.8838      -13.8        0.0       -6.8        0.0        0.0        0.0      -72.8        0.0        0.0        0.0
        42.2050      -13.6        0.0       -6.8        0.0        0.0        0.0      -72.7        0.0        0.0        0.0
        42.5262      -13.4        0.0       -6.8        0.0        0.0        0.0      -72.4        0.0        0.0        0.0
        42.8473      -13.2        0.0       -6.8        0.0        0.0        0.0      -71.7        0.0        0.0        0.0
        43.1685      -13.0        0.0       -6.8        0.0        0.0        0.0      -70.6        0.0        0.0        0.0
        43.4897      -12.8        0.0       -6.8        0.0        0.0        0.0      -68.5        0.0        0.0        0.0
        43.8109      -12.5        0.0       -6.8        0.0        0.0        0.0      -65.5        0.0        0.0        0.0
        44.1321      -12.3        0.0       -6.8        0.0        0.0        0.0      -61.5        0.0        0.0        0.0
        44.4533      -12.1        0.0       -6.8        0.0        0.0        0.0      -56.7        0.0        0.0        0.0
        44.7744      -11.8        0.0       -6.8        0.0        0.0        0.0      -51.7        0.0        0.0        0.0
        45.0956      -11.6        0.0       -6.8        0.0        0.0        0.0      -46.7        0.0        0.0        0.0
        45.4168      -11.4        0.0       -6.7        0.0        0.0        0.0      -42.0        0.0        0.0        0.0
        45.7380      -11.2        0.0       -6.7        0.0        0.0        0.0      -37.7        0.0        0.0        0.0
        46.0592      -11.1        0.0       -6.7        0.0        0.0        0.0      -33.9        0.0        0.0        0.0
        46.3804      -10.9        0.0       -6.7        0.0        0.0        0.0      -30.6        0.0        0.0        0.0
        46.7015      -10.8        0.0       -6.7        0.0        0.0        0.0      -27.7        0.0        0.0        0.0
        47.0227      -10.6        0.0       -6.7        0.0        0.0        0.0      -25.3        0.0        0.0        0.0
        47.3439      -10.5        0.0       -6.7        0.0        0.0        0.0      -23.2        0.0        0.0        0.0
        47.6651      -10.4        0.0       -6.7        0.0        0.0        0.0      -21.4        0.0        0.0        0.0
        47.9863      -10.3        0.0       -6.7        0.0        0.0        0.0      -19.9        0.0        0.0        0.0
        48.3075      -10.2        0.0       -6.7        0.0        0.0        0.0      -18.6        0.0        0.0        0.0
        48.6287      -10.1        0.0       -6.7        0.0        0.0        0.0      -17.6        0.0        0.0        0.0
        49.0462      -10.0        0.0       -6.7        0.0        0.0        0.0      -16.5        0.0        0.0        0.0
        49.4637       -9.9        0.0       -6.6        0.0        0.0        0.0      -15.6        0.0        0.0        0.0
        50.0065       -9.8        0.0       -6.6        0.0        0.0        0.0      -14.7        0.0        0.0        0.0
        50.5493       -9.6        0.0       -6.6        0.0        0.0        0.0      -14.1        0.0        0.0        0.0
        51.2550       -9.5        0.0       -6.6        0.0        0.0        0.0      -13.4        0.0        0.0        0.0
        51.9606       -9.4        0.0       -6.6        0.0        0.0        0.0      -12.9        0.0        0.0        0.0
        52.8539       -9.3        0.0       -6.6        0.0        0.0        0.0      -12.3        0.0        0.0        0.0
        53.7471       -9.2        0.0       -6.5        0.0        0.0        0.0      -12.0        0.0        0.0        0.0
        54.9977       -9.0        0.0       -6.5        0.0        0.0        0.0      -11.5        0.0        0.0        0.0
        56.2483       -8.9        0.0       -6.5        0.0        0.0        0.0      -11.2        0.0        0.0        0.0
        57.4989       -8.8        0.0       -6.4        0.0        0.0        0.0      -11.0        0.0        0.0        0.0
        58.7494       -8.7        0.0       -6.4        0.0        0.0        0.0      -10.8        0.0        0.0        0.0
        60.0000       -8.6        0.0       -6.4        0.0        0.0        0.0      -10.6        0.0        0.0        0.0
        60.0010       -8.6        0.0       -6.4        0.0        0.0        0.0      -10.6        0.0        0.0        0.0
        60.0023       -8.6        0.0       -6.4        0.0        0.0        0.0      -10.6        0.0        0.0        0.0
        60.0040       -8.6        0.0       -6.5        0.0        0.0        0.0      -10.6        0.0        0.0        0.0
        60.0062       -8.6        0.0       -6.5        0.0        0.0        0.0      -10.6        0.0        0.0        0.0
        60.0090       -8.6        0.0       -6.5        0.0        0.0        0.0      -10.6        0.0        0.0        0.0
        60.0128       -8.6        0.0       -6.5        0.0        0.0        0.0      -10.6        0.0        0.0        0.0
        60.0176       -8.6        0.0       -6.5        0.0        0.0        0.0      -10.6        0.0        0.0        0.0
        60.0239       -8.6        0.0       -6.6        0.0        0.0        0.0      -10.6        0.0        0.0        0.0
        60.0320       -8.6        0.0       -6.6        0.0        0.0        0.0      -10.6        0.0        0.0        0.0
        60.0426       -8.6        0.0       -6.6        0.0        0.0        0.0      -10.6        0.0        0.0        0.0
        60.0564       -8.6        0.0       -6.7        0.0        0.0        0.0      -10.6        0.0        0.0        0.0
        60.0743       -8.6        0.0       -6.7        0.0        0.0        0.0      -10.6        0.0        0.0        0.0
        60.0976       -8.6        0.0       -6.7        0.0        0.0        0.0      -10.6        0.0        0.0        0.0
        60.1279       -8.6        0.0       -6.8        0.0        0.0        0.0      -10.6        0.0        0.0        0.0
        60.1673       -8.6        0.0       -6.8        0.0        0.0        0.0      -10.6        0.0        0.0        0.0
        60.2185       -8.6        0.0       -6.9        0.0        0.0        0.0      -10.6        0.0        0.0        0.0
        60.2850       -8.7        0.0       -7.0        0.0        0.0        0.0      -10.6        0.0        0.0        0.0
        60.3715       -8.7        0.0       -7.1        0.0        0.0        0.0      -10.6        0.0        0.0        0.0
        60.4840       -8.7        0.0       -7.1        0.0        0.0        0.0      -10.6        0.0        0.0        0.0
        60.6302       -8.7        0.0       -7.3        0.0        0.0        0.0      -10.6        0.0        0.0        0.0
        60.8202       -8.8        0.0       -7.4        0.0        0.0        0.0      -10.6        0.0        0.0        0.0
        61.0673       -8.9        0.0       -7.5        0.0        0.0        0.0      -10.6        0.0        0.0        0.0
        61.3885       -8.9        0.0       -7.7        0.0        0.0        0.0      -10.6        0.0        0.0        0.0
        61.8060       -9.0        0.0       -7.9        0.0        0.0        0.0      -10.6        0.0        0.0        0.0
        62.3488       -9.2        0.0       -8.1        0.0        0.0        0.0      -10.7        0.0        0.0        0.0
        63.0544       -9.4        0.0       -8.3        0.0        0.0        0.0      -10.8        0.0        0.0        0.0
        63.7601       -9.6        0.0       -8.5        0.0        0.0        0.0      -11.0        0.0        0.0        0.0
        64.6774       -9.8        0.0       -8.8        0.0        0.0        0.0      -11.3        0.0        0.0        0.0
        65.5947      -10.1        0.0       -9.0        0.0        0.0        0.0      -11.5        0.0        0.0        0.0
        66.7873      -10.4        0.0       -9.3        0.0        0.0        0.0      -11.9        0.0        0.0        0.0
        67.9798      -10.7        0.0       -9.6        0.0        0.0        0.0      -12.2        0.0        0.0        0.0
        69.5301      -11.0        0.0       -9.9        0.0        0.0        0.0      -12.7        0.0        0.0        0.0
        71.0804      -11.4        0.0      -10.2        0.0        0.0        0.0      -13.0        0.0        0.0        0.0
        73.0958      -11.8        0.0      -10.6        0.0        0.0        0.0      -13.7        0.0        0.0        0.0
        75.1112      -12.2        0.0      -11.0        0.0        0.0        0.0      -14.1        0.0        0.0        0.0
        77.7311      -12.7        0.0      -11.4        0.0        0.0        0.0      -14.9        0.0        0.0        0.0
        80.3511      -13.2        0.0      -11.8        0.0        0.0        0.0      -15.4        0.0        0.0        0.0
        82.9711      -13.7        0.0      -12.2        0.0        0.0        0.0      -16.0        0.0        0.0        0.0
        86.3771      -14.3        0.0      -12.7        0.0        0.0        0.0      -16.9        0.0        0.0        0.0
        89.7394      -14.9        0.0      -13.1        0.0        0.0        0.0      -17.6        0.0        0.0        0.0
        94.0624      -15.6        0.0      -13.7        0.0        0.0        0.0      -18.7        0.0        0.0        0.0
        98.3853      -16.3        0.0      -14.2        0.0        0.0        0.0      -19.6        0.0        0.0        0.0
       103.7890      -17.1        0.0      -14.8        0.0        0.0        0.0      -20.8        0.0        0.0        0.0
       109.1926      -17.8        0.0      -15.4        0.0        0.0        0.0      -21.8        0.0        0.0        0.0
       114.5963      -18.5        0.0      -15.9        0.0        0.0        0.0      -22.8        0.0        0.0        0.0
       120.0000      -19.2        0.0      -16.4        0.0        0.0        0.0      -23.8        0.0        0.0        0.0
       126.0000      -19.9        0.0      -16.9        0.0        0.0        0.0      -24.8        0.0        0.0        0.0
       132.0000      -20.6        0.0      -17.4        0.0        0.0        0.0      -25.8        0.0        0.0        0.0
       138.0000      -21.2        0.0      -17.9        0.0        0.0        0.0      -26.7        0.0        0.0        0.0
       144.0000      -21.8        0.0      -18.4        0.0        0.0        0.0      -27.6        0.0        0.0        0.0
       150.0000      -22.4        0.0      -18.8        0.0        0.0        0.0      -28.4        0.0        0.0        0.0
       157.5000      -23.1        0.0      -19.4        0.0        0.0        0.0      -29.3        0.0        0.0        0.0
       168.7500      -24.0        0.0      -20.1        0.0        0.0        0.0      -30.6        0.0        0.0        0.0
       180.0000      -24.8        0.0      -20.9        0.0        0.0        0.0      -31.6        0.0        0.0        0.0
       192.0000      -25.6        0.0      -21.6        0.0        0.0        0.0      -32.5        0.0        0.0        0.0
       208.0000      -26.5        0.0      -22.5        0.0        0.0        0.0      -33.4        0.0        0.0        0.0
       240.0000      -28.0        0.0      -24.1        0.0        0.0        0.0      -34.5        0.0        0.0        0.0
       261.3721      -28.9        0.0      -25.0        0.0        0.0        0.0      -34.9        0.0        0.0        0.0
       287.8863      -29.9        0.0      -26.2        0.0        0.0        0.0      -35.3        0.0        0.0        0.0
       323.2386      -30.9        0.0      -27.5        0.0        0.0        0.0      -35.6        0.0        0.0        0.0
       367.4289      -32.1        0.0      -28.9        0.0        0.0        0.0      -36.0        0.0        0.0        0.0
       433.7145      -33.4        0.0      -30.7        0.0        0.0        0.0      -36.5        0.0        0.0        0.0
       500.0000      -34.6        0.0      -32.2        0.0        0.0        0.0      -37.0        0.0        0.0        0.0
       573.3333      -35.7        0.0      -33.6        0.0        0.0        0.0      -37.6        0.0        0.0        0.0
       720.0000      -37.4        0.0      -35.6        0.0        0.0        0.0      -38.7        0.0        0.0        0.0
       864.0000      -38.6        0.0      -37.2        0.0        0.0        0.0      -39.5        0.0        0.0        0.0
      1056.0000      -39.8        0.0      -38.6        0.0        0.0        0.0      -40.4        0.0        0.0        0.0
      1248.0000      -40.7        0.0      -39.7        0.0        0.0        0.0      -41.0        0.0        0.0        0.0
      1440.0000      -41.4        0.0      -40.5        0.0        0.0        0.0      -41.5        0.0        0.0        0.0
      1800.0000      -42.1        0.0      -41.4        0.0        0.0        0.0      -42.0        0.0        0.0        0.0
      2160.0000      -42.5        0.0      -41.9        0.0        0.0        0.0      -42.3        0.0        0.0        0.0
      2520.0000      -42.8        0.0      -42.3        0.0        0.0        0.0      -42.4        0.0        0.0        0.0
      2880.0000      -42.9        0.0      -42.5        0.0        0.0        0.0      -42.5        0.0        0.0        0.0
end
