 FileVersion=0003
 Welcome to HYDRUS                                                       
 
 Program HYDRUS3
 Date:  25.12.2019    Time:  10:53: 8
 Time dependent boundary conditions
 
 Units: L = cm   , T = min  , M = mmol 
 
 All fluxes (v) are positive out of the region
        Time       rAtm       rRoot      vAtm       vRoot      vKode3     vKode1     vSeep      vKode5     vKode6     vKode7     vKode8     vKode9    RunOff      Evapor    Infiltr     SnowLayer...
         [T]      [L/T]       [L/T]     [L/T]       [L/T]      [L3/T]     [L3/T]    [L3/T]      [L3/T]     [L3/T]     [L3/T]     [L3/T]     [L3/T]     [L/T]       [L/T]     [L/T]         [L]

         0.0010  0.000E+00  0.278E-03  0.000E+00  0.000E+00 -0.675E+02  0.000E+00  0.000E+00  0.000E+00  0.377E+00  0.000E+00  0.000E+00  0.000E+00  0.000E+00  0.000E+00  0.000E+00  0.000E+00
         0.0020  0.000E+00  0.278E-03  0.000E+00  0.000E+00 -0.675E+02  0.000E+00  0.000E+00  0.000E+00  0.285E+00  0.000E+00  0.000E+00  0.000E+00  0.000E+00  0.000E+00  0.000E+00  0.000E+00
         0.0030  0.000E+00  0.278E-03  0.000E+00  0.000E+00 -0.675E+02  0.000E+00  0.000E+00  0.000E+00  0.238E+00  0.000E+00  0.000E+00  0.000E+00  0.000E+00  0.000E+00  0.000E+00  0.000E+00
         0.0043  0.000E+00  0.278E-03  0.000E+00  0.000E+00 -0.675E+02  0.000E+00  0.000E+00  0.000E+00  0.208E+00  0.000E+00  0.000E+00  0.000E+00  0.000E+00  0.000E+00  0.000E+00  0.000E+00
         0.0060  0.000E+00  0.278E-03  0.000E+00  0.000E+00 -0.675E+02  0.000E+00  0.000E+00  0.000E+00  0.183E+00  0.000E+00  0.000E+00  0.000E+00  0.000E+00  0.000E+00  0.000E+00  0.000E+00
         0.0082  0.000E+00  0.278E-03  0.000E+00  0.000E+00 -0.675E+02  0.000E+00  0.000E+00  0.000E+00  0.161E+00  0.000E+00  0.000E+00  0.000E+00  0.000E+00  0.000E+00  0.000E+00  0.000E+00
         0.0110  0.000E+00  0.278E-03  0.000E+00  0.000E+00 -0.675E+02  0.000E+00  0.000E+00  0.000E+00  0.142E+00  0.000E+00  0.000E+00  0.000E+00  0.000E+00  0.000E+00  0.000E+00  0.000E+00
         0.0148  0.000E+00  0.278E-03  0.000E+00  0.000E+00 -0.675E+02  0.000E+00  0.000E+00  0.000E+00  0.124E+00  0.000E+00  0.000E+00  0.000E+00  0.000E+00  0.000E+00  0.000E+00  0.000E+00
         0.0196  0.000E+00  0.278E-03  0.000E+00  0.000E+00 -0.675E+02  0.000E+00  0.000E+00  0.000E+00  0.109E+00  0.000E+00  0.000E+00  0.000E+00  0.000E+00  0.000E+00  0.000E+00  0.000E+00
         0.0259  0.000E+00  0.278E-03  0.000E+00  0.000E+00 -0.675E+02  0.000E+00  0.000E+00  0.000E+00  0.957E-01  0.000E+00  0.000E+00  0.000E+00  0.000E+00  0.000E+00  0.000E+00  0.000E+00
         0.0340  0.000E+00  0.278E-03  0.000E+00  0.000E+00 -0.675E+02  0.000E+00  0.000E+00  0.000E+00  0.837E-01  0.000E+00  0.000E+00  0.000E+00  0.000E+00  0.000E+00  0.000E+00  0.000E+00
         0.0446  0.000E+00  0.278E-03  0.000E+00  0.000E+00 -0.675E+02  0.000E+00  0.000E+00  0.000E+00  0.732E-01  0.000E+00  0.000E+00  0.000E+00  0.000E+00  0.000E+00  0.000E+00  0.000E+00
         0.0584  0.000E+00  0.278E-03  0.000E+00  0.000E+00 -0.675E+02  0.000E+00  0.000E+00  0.000E+00  0.640E-01  0.000E+00  0.000E+00  0.000E+00  0.000E+00  0.000E+00  0.000E+00  0.000E+00
         0.0722  0.000E+00  0.278E-03  0.000E+00  0.000E+00 -0.675E+02  0.000E+00  0.000E+00  0.000E+00  0.561E-01  0.000E+00  0.000E+00  0.000E+00  0.000E+00  0.000E+00  0.000E+00  0.000E+00
         0.0860  0.000E+00  0.278E-03  0.000E+00  0.000E+00 -0.675E+02  0.000E+00  0.000E+00  0.000E+00  0.504E-01  0.000E+00  0.000E+00  0.000E+00  0.000E+00  0.000E+00  0.000E+00  0.000E+00
         0.0998  0.000E+00  0.278E-03  0.000E+00  0.000E+00 -0.675E+02  0.000E+00  0.000E+00  0.000E+00  0.461E-01  0.000E+00  0.000E+00  0.000E+00  0.000E+00  0.000E+00  0.000E+00  0.000E+00
         0.1177  0.000E+00  0.278E-03  0.000E+00  0.000E+00 -0.675E+02  0.000E+00  0.000E+00  0.000E+00  0.428E-01  0.000E+00  0.000E+00  0.000E+00  0.000E+00  0.000E+00  0.000E+00  0.000E+00
         0.1356  0.000E+00  0.278E-03  0.000E+00  0.000E+00 -0.675E+02  0.000E+00  0.000E+00  0.000E+00  0.394E-01  0.000E+00  0.000E+00  0.000E+00  0.000E+00  0.000E+00  0.000E+00  0.000E+00
         0.1535  0.000E+00  0.278E-03  0.000E+00  0.000E+00 -0.675E+02  0.000E+00  0.000E+00  0.000E+00  0.368E-01  0.000E+00  0.000E+00  0.000E+00  0.000E+00  0.000E+00  0.000E+00  0.000E+00
         0.1714  0.000E+00  0.278E-03  0.000E+00  0.000E+00 -0.675E+02  0.000E+00  0.000E+00  0.000E+00  0.346E-01  0.000E+00  0.000E+00  0.000E+00  0.000E+00  0.000E+00  0.000E+00  0.000E+00
         0.1947  0.000E+00  0.278E-03  0.000E+00  0.000E+00 -0.675E+02  0.000E+00  0.000E+00  0.000E+00  0.328E-01  0.000E+00  0.000E+00  0.000E+00  0.000E+00  0.000E+00  0.000E+00  0.000E+00
         0.2180  0.000E+00  0.278E-03  0.000E+00  0.000E+00 -0.675E+02  0.000E+00  0.000E+00  0.000E+00  0.309E-01  0.000E+00  0.000E+00  0.000E+00  0.000E+00  0.000E+00  0.000E+00  0.000E+00
         0.2413  0.000E+00  0.278E-03  0.000E+00  0.000E+00 -0.675E+02  0.000E+00  0.000E+00  0.000E+00  0.293E-01  0.000E+00  0.000E+00  0.000E+00  0.000E+00  0.000E+00  0.000E+00  0.000E+00
         0.2646  0.000E+00  0.278E-03  0.000E+00  0.000E+00 -0.675E+02  0.000E+00  0.000E+00  0.000E+00  0.279E-01  0.000E+00  0.000E+00  0.000E+00  0.000E+00  0.000E+00  0.000E+00  0.000E+00
         0.2879  0.000E+00  0.278E-03  0.000E+00  0.000E+00 -0.675E+02  0.000E+00  0.000E+00  0.000E+00  0.267E-01  0.000E+00  0.000E+00  0.000E+00  0.000E+00  0.000E+00  0.000E+00  0.000E+00
         0.3112  0.000E+00  0.278E-03  0.000E+00  0.000E+00 -0.675E+02  0.000E+00  0.000E+00  0.000E+00  0.256E-01  0.000E+00  0.000E+00  0.000E+00  0.000E+00  0.000E+00  0.000E+00  0.000E+00
         0.3345  0.000E+00  0.278E-03  0.000E+00  0.000E+00 -0.675E+02  0.000E+00  0.000E+00  0.000E+00  0.246E-01  0.000E+00  0.000E+00  0.000E+00  0.000E+00  0.000E+00  0.000E+00  0.000E+00
         0.3648  0.000E+00  0.278E-03  0.000E+00  0.000E+00 -0.675E+02  0.000E+00  0.000E+00  0.000E+00  0.237E-01  0.000E+00  0.000E+00  0.000E+00  0.000E+00  0.000E+00  0.000E+00  0.000E+00
         0.3951  0.000E+00  0.278E-03  0.000E+00  0.000E+00 -0.675E+02  0.000E+00  0.000E+00  0.000E+00  0.227E-01  0.000E+00  0.000E+00  0.000E+00  0.000E+00  0.000E+00  0.000E+00  0.000E+00
         0.4254  0.000E+00  0.278E-03  0.000E+00  0.000E+00 -0.675E+02  0.000E+00  0.000E+00  0.000E+00  0.218E-01  0.000E+00  0.000E+00  0.000E+00  0.000E+00  0.000E+00  0.000E+00  0.000E+00
         0.4557  0.000E+00  0.278E-03  0.000E+00  0.000E+00 -0.675E+02  0.000E+00  0.000E+00  0.000E+00  0.210E-01  0.000E+00  0.000E+00  0.000E+00  0.000E+00  0.000E+00  0.000E+00  0.000E+00
         0.4860  0.000E+00  0.278E-03  0.000E+00  0.000E+00 -0.675E+02  0.000E+00  0.000E+00  0.000E+00  0.203E-01  0.000E+00  0.000E+00  0.000E+00  0.000E+00  0.000E+00  0.000E+00  0.000E+00
         0.5163  0.000E+00  0.278E-03  0.000E+00  0.000E+00 -0.675E+02  0.000E+00  0.000E+00  0.000E+00  0.196E-01  0.000E+00  0.000E+00  0.000E+00  0.000E+00  0.000E+00  0.000E+00  0.000E+00
         0.5465  0.000E+00  0.278E-03  0.000E+00  0.000E+00 -0.675E+02  0.000E+00  0.000E+00  0.000E+00  0.189E-01  0.000E+00  0.000E+00  0.000E+00  0.000E+00  0.000E+00  0.000E+00  0.000E+00
         0.5768  0.000E+00  0.278E-03  0.000E+00  0.000E+00 -0.675E+02  0.000E+00  0.000E+00  0.000E+00  0.183E-01  0.000E+00  0.000E+00  0.000E+00  0.000E+00  0.000E+00  0.000E+00  0.000E+00
         0.6071  0.000E+00  0.278E-03  0.000E+00  0.000E+00 -0.675E+02  0.000E+00  0.000E+00  0.000E+00  0.178E-01  0.000E+00  0.000E+00  0.000E+00  0.000E+00  0.000E+00  0.000E+00  0.000E+00
         0.6374  0.000E+00  0.278E-03  0.000E+00  0.000E+00 -0.675E+02  0.000E+00  0.000E+00  0.000E+00  0.172E-01  0.000E+00  0.000E+00  0.000E+00  0.000E+00  0.000E+00  0.000E+00  0.000E+00
         0.6677  0.000E+00  0.278E-03  0.000E+00  0.000E+00 -0.675E+02  0.000E+00  0.000E+00  0.000E+00  0.167E-01  0.000E+00  0.000E+00  0.000E+00  0.000E+00  0.000E+00  0.000E+00  0.000E+00
         0.6980  0.000E+00  0.278E-03  0.000E+00  0.000E+00 -0.675E+02  0.000E+00  0.000E+00  0.000E+00  0.163E-01  0.000E+00  0.000E+00  0.000E+00  0.000E+00  0.000E+00  0.000E+00  0.000E+00
         0.7283  0.000E+00  0.278E-03  0.000E+00  0.000E+00 -0.675E+02  0.000E+00  0.000E+00  0.000E+00  0.158E-01  0.000E+00  0.000E+00  0.000E+00  0.000E+00  0.000E+00  0.000E+00  0.000E+00
         0.7676  0.000E+00  0.278E-03  0.000E+00  0.000E+00 -0.675E+02  0.000E+00  0.000E+00  0.000E+00  0.154E-01  0.000E+00  0.000E+00  0.000E+00  0.000E+00  0.000E+00  0.000E+00  0.000E+00
         0.8070  0.000E+00  0.278E-03  0.000E+00  0.000E+00 -0.675E+02  0.000E+00  0.000E+00  0.000E+00  0.149E-01  0.000E+00  0.000E+00  0.000E+00  0.000E+00  0.000E+00  0.000E+00  0.000E+00
         0.8464  0.000E+00  0.278E-03  0.000E+00  0.000E+00 -0.675E+02  0.000E+00  0.000E+00  0.000E+00  0.145E-01  0.000E+00  0.000E+00  0.000E+00  0.000E+00  0.000E+00  0.000E+00  0.000E+00
         0.8858  0.000E+00  0.278E-03  0.000E+00  0.000E+00 -0.675E+02  0.000E+00  0.000E+00  0.000E+00  0.140E-01  0.000E+00  0.000E+00  0.000E+00  0.000E+00  0.000E+00  0.000E+00  0.000E+00
         0.9251  0.000E+00  0.278E-03  0.000E+00  0.000E+00 -0.675E+02  0.000E+00  0.000E+00  0.000E+00  0.136E-01  0.000E+00  0.000E+00  0.000E+00  0.000E+00  0.000E+00  0.000E+00  0.000E+00
         0.9645  0.000E+00  0.278E-03  0.000E+00  0.000E+00 -0.675E+02  0.000E+00  0.000E+00  0.000E+00  0.132E-01  0.000E+00  0.000E+00  0.000E+00  0.000E+00  0.000E+00  0.000E+00  0.000E+00
         1.0039  0.000E+00  0.278E-03  0.000E+00  0.000E+00 -0.675E+02  0.000E+00  0.000E+00  0.000E+00  0.128E-01  0.000E+00  0.000E+00  0.000E+00  0.000E+00  0.000E+00  0.000E+00  0.000E+00
         1.0433  0.000E+00  0.278E-03  0.000E+00  0.000E+00 -0.675E+02  0.000E+00  0.000E+00  0.000E+00  0.125E-01  0.000E+00  0.000E+00  0.000E+00  0.000E+00  0.000E+00  0.000E+00  0.000E+00
         1.0826  0.000E+00  0.278E-03  0.000E+00  0.000E+00 -0.675E+02  0.000E+00  0.000E+00  0.000E+00  0.121E-01  0.000E+00  0.000E+00  0.000E+00  0.000E+00  0.000E+00  0.000E+00  0.000E+00
         1.1220  0.000E+00  0.278E-03  0.000E+00  0.000E+00 -0.675E+02  0.000E+00  0.000E+00  0.000E+00  0.118E-01  0.000E+00  0.000E+00  0.000E+00  0.000E+00  0.000E+00  0.000E+00  0.000E+00
         1.1614  0.000E+00  0.278E-03  0.000E+00  0.000E+00 -0.675E+02  0.000E+00  0.000E+00  0.000E+00  0.115E-01  0.000E+00  0.000E+00  0.000E+00  0.000E+00  0.000E+00  0.000E+00  0.000E+00
         1.2126  0.000E+00  0.278E-03  0.000E+00  0.000E+00 -0.675E+02  0.000E+00  0.000E+00  0.000E+00  0.112E-01  0.000E+00  0.000E+00  0.000E+00  0.000E+00  0.000E+00  0.000E+00  0.000E+00
         1.2638  0.000E+00  0.278E-03  0.000E+00  0.000E+00 -0.675E+02  0.000E+00  0.000E+00  0.000E+00  0.109E-01  0.000E+00  0.000E+00  0.000E+00  0.000E+00  0.000E+00  0.000E+00  0.000E+00
         1.3149  0.000E+00  0.278E-03  0.000E+00  0.000E+00 -0.675E+02  0.000E+00  0.000E+00  0.000E+00  0.106E-01  0.000E+00  0.000E+00  0.000E+00  0.000E+00  0.000E+00  0.000E+00  0.000E+00
         1.3661  0.000E+00  0.278E-03  0.000E+00  0.000E+00 -0.675E+02  0.000E+00  0.000E+00  0.000E+00  0.102E-01  0.000E+00  0.000E+00  0.000E+00  0.000E+00  0.000E+00  0.000E+00  0.000E+00
         1.4173  0.000E+00  0.278E-03  0.000E+00  0.000E+00 -0.675E+02  0.000E+00  0.000E+00  0.000E+00  0.994E-02  0.000E+00  0.000E+00  0.000E+00  0.000E+00  0.000E+00  0.000E+00  0.000E+00
         1.4685  0.000E+00  0.278E-03  0.000E+00  0.000E+00 -0.675E+02  0.000E+00  0.000E+00  0.000E+00  0.966E-02  0.000E+00  0.000E+00  0.000E+00  0.000E+00  0.000E+00  0.000E+00  0.000E+00
         1.5197  0.000E+00  0.278E-03  0.000E+00  0.000E+00 -0.675E+02  0.000E+00  0.000E+00  0.000E+00  0.940E-02  0.000E+00  0.000E+00  0.000E+00  0.000E+00  0.000E+00  0.000E+00  0.000E+00
         1.5709  0.000E+00  0.278E-03  0.000E+00  0.000E+00 -0.675E+02  0.000E+00  0.000E+00  0.000E+00  0.914E-02  0.000E+00  0.000E+00  0.000E+00  0.000E+00  0.000E+00  0.000E+00  0.000E+00
         1.6374  0.000E+00  0.278E-03  0.000E+00  0.000E+00 -0.675E+02  0.000E+00  0.000E+00  0.000E+00  0.890E-02  0.000E+00  0.000E+00  0.000E+00  0.000E+00  0.000E+00  0.000E+00  0.000E+00
         1.7040  0.000E+00  0.278E-03  0.000E+00  0.000E+00 -0.675E+02  0.000E+00  0.000E+00  0.000E+00  0.861E-02  0.000E+00  0.000E+00  0.000E+00  0.000E+00  0.000E+00  0.000E+00  0.000E+00
         1.7705  0.000E+00  0.278E-03  0.000E+00  0.000E+00 -0.675E+02  0.000E+00  0.000E+00  0.000E+00  0.833E-02  0.000E+00  0.000E+00  0.000E+00  0.000E+00  0.000E+00  0.000E+00  0.000E+00
         1.8370  0.000E+00  0.278E-03  0.000E+00  0.000E+00 -0.675E+02  0.000E+00  0.000E+00  0.000E+00  0.807E-02  0.000E+00  0.000E+00  0.000E+00  0.000E+00  0.000E+00  0.000E+00  0.000E+00
         1.9036  0.000E+00  0.278E-03  0.000E+00  0.000E+00 -0.675E+02  0.000E+00  0.000E+00  0.000E+00  0.783E-02  0.000E+00  0.000E+00  0.000E+00  0.000E+00  0.000E+00  0.000E+00  0.000E+00
         1.9701  0.000E+00  0.278E-03  0.000E+00  0.000E+00 -0.675E+02  0.000E+00  0.000E+00  0.000E+00  0.760E-02  0.000E+00  0.000E+00  0.000E+00  0.000E+00  0.000E+00  0.000E+00  0.000E+00
         2.0367  0.000E+00  0.278E-03  0.000E+00  0.000E+00 -0.675E+02  0.000E+00  0.000E+00  0.000E+00  0.738E-02  0.000E+00  0.000E+00  0.000E+00  0.000E+00  0.000E+00  0.000E+00  0.000E+00
         2.1232  0.000E+00  0.278E-03  0.000E+00  0.000E+00 -0.675E+02  0.000E+00  0.000E+00  0.000E+00  0.717E-02  0.000E+00  0.000E+00  0.000E+00  0.000E+00  0.000E+00  0.000E+00  0.000E+00
         2.2097  0.000E+00  0.278E-03  0.000E+00  0.000E+00 -0.675E+02  0.000E+00  0.000E+00  0.000E+00  0.691E-02  0.000E+00  0.000E+00  0.000E+00  0.000E+00  0.000E+00  0.000E+00  0.000E+00
         2.2962  0.000E+00  0.278E-03  0.000E+00  0.000E+00 -0.675E+02  0.000E+00  0.000E+00  0.000E+00  0.668E-02  0.000E+00  0.000E+00  0.000E+00  0.000E+00  0.000E+00  0.000E+00  0.000E+00
         2.3827  0.000E+00  0.278E-03  0.000E+00  0.000E+00 -0.675E+02  0.000E+00  0.000E+00  0.000E+00  0.645E-02  0.000E+00  0.000E+00  0.000E+00  0.000E+00  0.000E+00  0.000E+00  0.000E+00
         2.4692  0.000E+00  0.278E-03  0.000E+00  0.000E+00 -0.675E+02  0.000E+00  0.000E+00  0.000E+00  0.624E-02  0.000E+00  0.000E+00  0.000E+00  0.000E+00  0.000E+00  0.000E+00  0.000E+00
         2.5557  0.000E+00  0.278E-03  0.000E+00  0.000E+00 -0.675E+02  0.000E+00  0.000E+00  0.000E+00  0.605E-02  0.000E+00  0.000E+00  0.000E+00  0.000E+00  0.000E+00  0.000E+00  0.000E+00
         2.6422  0.000E+00  0.278E-03  0.000E+00  0.000E+00 -0.675E+02  0.000E+00  0.000E+00  0.000E+00  0.586E-02  0.000E+00  0.000E+00  0.000E+00  0.000E+00  0.000E+00  0.000E+00  0.000E+00
         2.7287  0.000E+00  0.278E-03  0.000E+00  0.000E+00 -0.675E+02  0.000E+00  0.000E+00  0.000E+00  0.568E-02  0.000E+00  0.000E+00  0.000E+00  0.000E+00  0.000E+00  0.000E+00  0.000E+00
         2.8152  0.000E+00  0.278E-03  0.000E+00  0.000E+00 -0.675E+02  0.000E+00  0.000E+00  0.000E+00  0.552E-02  0.000E+00  0.000E+00  0.000E+00  0.000E+00  0.000E+00  0.000E+00  0.000E+00
         2.9017  0.000E+00  0.278E-03  0.000E+00  0.000E+00 -0.675E+02  0.000E+00  0.000E+00  0.000E+00  0.536E-02  0.000E+00  0.000E+00  0.000E+00  0.000E+00  0.000E+00  0.000E+00  0.000E+00
         3.0142  0.000E+00  0.278E-03  0.000E+00  0.000E+00 -0.675E+02  0.000E+00  0.000E+00  0.000E+00  0.521E-02  0.000E+00  0.000E+00  0.000E+00  0.000E+00  0.000E+00  0.000E+00  0.000E+00
         3.1266  0.000E+00  0.278E-03  0.000E+00  0.000E+00 -0.675E+02  0.000E+00  0.000E+00  0.000E+00  0.503E-02  0.000E+00  0.000E+00  0.000E+00  0.000E+00  0.000E+00  0.000E+00  0.000E+00
         3.2391  0.000E+00  0.278E-03  0.000E+00  0.000E+00 -0.675E+02  0.000E+00  0.000E+00  0.000E+00  0.485E-02  0.000E+00  0.000E+00  0.000E+00  0.000E+00  0.000E+00  0.000E+00  0.000E+00
         3.3515  0.000E+00  0.278E-03  0.000E+00  0.000E+00 -0.675E+02  0.000E+00  0.000E+00  0.000E+00  0.469E-02  0.000E+00  0.000E+00  0.000E+00  0.000E+00  0.000E+00  0.000E+00  0.000E+00
         3.4640  0.000E+00  0.278E-03  0.000E+00  0.000E+00 -0.675E+02  0.000E+00  0.000E+00  0.000E+00  0.454E-02  0.000E+00  0.000E+00  0.000E+00  0.000E+00  0.000E+00  0.000E+00  0.000E+00
         3.5764  0.000E+00  0.278E-03  0.000E+00  0.000E+00 -0.675E+02  0.000E+00  0.000E+00  0.000E+00  0.440E-02  0.000E+00  0.000E+00  0.000E+00  0.000E+00  0.000E+00  0.000E+00  0.000E+00
         3.6889  0.000E+00  0.278E-03  0.000E+00  0.000E+00 -0.675E+02  0.000E+00  0.000E+00  0.000E+00  0.426E-02  0.000E+00  0.000E+00  0.000E+00  0.000E+00  0.000E+00  0.000E+00  0.000E+00
         3.8013  0.000E+00  0.278E-03  0.000E+00  0.000E+00 -0.675E+02  0.000E+00  0.000E+00  0.000E+00  0.413E-02  0.000E+00  0.000E+00  0.000E+00  0.000E+00  0.000E+00  0.000E+00  0.000E+00
         3.9138  0.000E+00  0.278E-03  0.000E+00  0.000E+00 -0.675E+02  0.000E+00  0.000E+00  0.000E+00  0.401E-02  0.000E+00  0.000E+00  0.000E+00  0.000E+00  0.000E+00  0.000E+00  0.000E+00
         4.0224  0.000E+00  0.278E-03  0.000E+00  0.000E+00 -0.675E+02  0.000E+00  0.000E+00  0.000E+00  0.390E-02  0.000E+00  0.000E+00  0.000E+00  0.000E+00  0.000E+00  0.000E+00  0.000E+00
         4.1310  0.000E+00  0.278E-03  0.000E+00  0.000E+00 -0.675E+02  0.000E+00  0.000E+00  0.000E+00  0.379E-02  0.000E+00  0.000E+00  0.000E+00  0.000E+00  0.000E+00  0.000E+00  0.000E+00
         4.2397  0.000E+00  0.278E-03  0.000E+00  0.000E+00 -0.675E+02  0.000E+00  0.000E+00  0.000E+00  0.369E-02  0.000E+00  0.000E+00  0.000E+00  0.000E+00  0.000E+00  0.000E+00  0.000E+00
         4.3483  0.000E+00  0.278E-03  0.000E+00  0.000E+00 -0.675E+02  0.000E+00  0.000E+00  0.000E+00  0.359E-02  0.000E+00  0.000E+00  0.000E+00  0.000E+00  0.000E+00  0.000E+00  0.000E+00
         4.4569  0.000E+00  0.278E-03  0.000E+00  0.000E+00 -0.675E+02  0.000E+00  0.000E+00  0.000E+00  0.350E-02  0.000E+00  0.000E+00  0.000E+00  0.000E+00  0.000E+00  0.000E+00  0.000E+00
         4.5655  0.000E+00  0.278E-03  0.000E+00  0.000E+00 -0.675E+02  0.000E+00  0.000E+00  0.000E+00  0.341E-02  0.000E+00  0.000E+00  0.000E+00  0.000E+00  0.000E+00  0.000E+00  0.000E+00
         4.6741  0.000E+00  0.278E-03  0.000E+00  0.000E+00 -0.675E+02  0.000E+00  0.000E+00  0.000E+00  0.333E-02  0.000E+00  0.000E+00  0.000E+00  0.000E+00  0.000E+00  0.000E+00  0.000E+00
         4.7828  0.000E+00  0.278E-03  0.000E+00  0.000E+00 -0.675E+02  0.000E+00  0.000E+00  0.000E+00  0.325E-02  0.000E+00  0.000E+00  0.000E+00  0.000E+00  0.000E+00  0.000E+00  0.000E+00
         4.8914  0.000E+00  0.278E-03  0.000E+00  0.000E+00 -0.675E+02  0.000E+00  0.000E+00  0.000E+00  0.317E-02  0.000E+00  0.000E+00  0.000E+00  0.000E+00  0.000E+00  0.000E+00  0.000E+00
         5.0000  0.000E+00  0.278E-03  0.000E+00  0.000E+00 -0.675E+02  0.000E+00  0.000E+00  0.000E+00  0.310E-02  0.000E+00  0.000E+00  0.000E+00  0.000E+00  0.000E+00  0.000E+00  0.000E+00
         5.1462  0.000E+00  0.278E-03  0.000E+00  0.000E+00 -0.675E+02  0.000E+00  0.000E+00  0.000E+00  0.303E-02  0.000E+00  0.000E+00  0.000E+00  0.000E+00  0.000E+00  0.000E+00  0.000E+00
         5.2924  0.000E+00  0.278E-03  0.000E+00  0.000E+00 -0.675E+02  0.000E+00  0.000E+00  0.000E+00  0.293E-02  0.000E+00  0.000E+00  0.000E+00  0.000E+00  0.000E+00  0.000E+00  0.000E+00
         5.4386  0.000E+00  0.278E-03  0.000E+00  0.000E+00 -0.675E+02  0.000E+00  0.000E+00  0.000E+00  0.285E-02  0.000E+00  0.000E+00  0.000E+00  0.000E+00  0.000E+00  0.000E+00  0.000E+00
         5.5848  0.000E+00  0.278E-03  0.000E+00  0.000E+00 -0.675E+02  0.000E+00  0.000E+00  0.000E+00  0.277E-02  0.000E+00  0.000E+00  0.000E+00  0.000E+00  0.000E+00  0.000E+00  0.000E+00
         5.7310  0.000E+00  0.278E-03  0.000E+00  0.000E+00 -0.675E+02  0.000E+00  0.000E+00  0.000E+00  0.269E-02  0.000E+00  0.000E+00  0.000E+00  0.000E+00  0.000E+00  0.000E+00  0.000E+00
         5.8772  0.000E+00  0.278E-03  0.000E+00  0.000E+00 -0.675E+02  0.000E+00  0.000E+00  0.000E+00  0.261E-02  0.000E+00  0.000E+00  0.000E+00  0.000E+00  0.000E+00  0.000E+00  0.000E+00
         6.0233  0.000E+00  0.278E-03  0.000E+00  0.000E+00 -0.675E+02  0.000E+00  0.000E+00  0.000E+00  0.254E-02  0.000E+00  0.000E+00  0.000E+00  0.000E+00  0.000E+00  0.000E+00  0.000E+00
         6.1695  0.000E+00  0.278E-03  0.000E+00  0.000E+00 -0.675E+02  0.000E+00  0.000E+00  0.000E+00  0.247E-02  0.000E+00  0.000E+00  0.000E+00  0.000E+00  0.000E+00  0.000E+00  0.000E+00
         6.3157  0.000E+00  0.278E-03  0.000E+00  0.000E+00 -0.675E+02  0.000E+00  0.000E+00  0.000E+00  0.241E-02  0.000E+00  0.000E+00  0.000E+00  0.000E+00  0.000E+00  0.000E+00  0.000E+00
         6.4619  0.000E+00  0.278E-03  0.000E+00  0.000E+00 -0.675E+02  0.000E+00  0.000E+00  0.000E+00  0.235E-02  0.000E+00  0.000E+00  0.000E+00  0.000E+00  0.000E+00  0.000E+00  0.000E+00
         6.6081  0.000E+00  0.278E-03  0.000E+00  0.000E+00 -0.675E+02  0.000E+00  0.000E+00  0.000E+00  0.229E-02  0.000E+00  0.000E+00  0.000E+00  0.000E+00  0.000E+00  0.000E+00  0.000E+00
         6.7543  0.000E+00  0.278E-03  0.000E+00  0.000E+00 -0.675E+02  0.000E+00  0.000E+00  0.000E+00  0.223E-02  0.000E+00  0.000E+00  0.000E+00  0.000E+00  0.000E+00  0.000E+00  0.000E+00
         6.9005  0.000E+00  0.278E-03  0.000E+00  0.000E+00 -0.675E+02  0.000E+00  0.000E+00  0.000E+00  0.218E-02  0.000E+00  0.000E+00  0.000E+00  0.000E+00  0.000E+00  0.000E+00  0.000E+00
         7.0467  0.000E+00  0.278E-03  0.000E+00  0.000E+00 -0.675E+02  0.000E+00  0.000E+00  0.000E+00  0.212E-02  0.000E+00  0.000E+00  0.000E+00  0.000E+00  0.000E+00  0.000E+00  0.000E+00
         7.1929  0.000E+00  0.278E-03  0.000E+00  0.000E+00 -0.675E+02  0.000E+00  0.000E+00  0.000E+00  0.207E-02  0.000E+00  0.000E+00  0.000E+00  0.000E+00  0.000E+00  0.000E+00  0.000E+00
         7.3391  0.000E+00  0.278E-03  0.000E+00  0.000E+00 -0.675E+02  0.000E+00  0.000E+00  0.000E+00  0.203E-02  0.000E+00  0.000E+00  0.000E+00  0.000E+00  0.000E+00  0.000E+00  0.000E+00
         7.4853  0.000E+00  0.278E-03  0.000E+00  0.000E+00 -0.675E+02  0.000E+00  0.000E+00  0.000E+00  0.198E-02  0.000E+00  0.000E+00  0.000E+00  0.000E+00  0.000E+00  0.000E+00  0.000E+00
         7.6315  0.000E+00  0.278E-03  0.000E+00  0.000E+00 -0.675E+02  0.000E+00  0.000E+00  0.000E+00  0.193E-02  0.000E+00  0.000E+00  0.000E+00  0.000E+00  0.000E+00  0.000E+00  0.000E+00
         7.7776  0.000E+00  0.278E-03  0.000E+00  0.000E+00 -0.675E+02  0.000E+00  0.000E+00  0.000E+00  0.189E-02  0.000E+00  0.000E+00  0.000E+00  0.000E+00  0.000E+00  0.000E+00  0.000E+00
         7.9238  0.000E+00  0.278E-03  0.000E+00  0.000E+00 -0.675E+02  0.000E+00  0.000E+00  0.000E+00  0.185E-02  0.000E+00  0.000E+00  0.000E+00  0.000E+00  0.000E+00  0.000E+00  0.000E+00
         8.0700  0.000E+00  0.278E-03  0.000E+00  0.000E+00 -0.675E+02  0.000E+00  0.000E+00  0.000E+00  0.181E-02  0.000E+00  0.000E+00  0.000E+00  0.000E+00  0.000E+00  0.000E+00  0.000E+00
         8.2162  0.000E+00  0.278E-03  0.000E+00  0.000E+00 -0.675E+02  0.000E+00  0.000E+00  0.000E+00  0.177E-02  0.000E+00  0.000E+00  0.000E+00  0.000E+00  0.000E+00  0.000E+00  0.000E+00
         8.3624  0.000E+00  0.278E-03  0.000E+00  0.000E+00 -0.675E+02  0.000E+00  0.000E+00  0.000E+00  0.173E-02  0.000E+00  0.000E+00  0.000E+00  0.000E+00  0.000E+00  0.000E+00  0.000E+00
         8.5086  0.000E+00  0.278E-03  0.000E+00  0.000E+00 -0.675E+02  0.000E+00  0.000E+00  0.000E+00  0.170E-02  0.000E+00  0.000E+00  0.000E+00  0.000E+00  0.000E+00  0.000E+00  0.000E+00
         8.6548  0.000E+00  0.278E-03  0.000E+00  0.000E+00 -0.675E+02  0.000E+00  0.000E+00  0.000E+00  0.166E-02  0.000E+00  0.000E+00  0.000E+00  0.000E+00  0.000E+00  0.000E+00  0.000E+00
         8.8010  0.000E+00  0.278E-03  0.000E+00  0.000E+00 -0.675E+02  0.000E+00  0.000E+00  0.000E+00  0.163E-02  0.000E+00  0.000E+00  0.000E+00  0.000E+00  0.000E+00  0.000E+00  0.000E+00
         8.9472  0.000E+00  0.278E-03  0.000E+00  0.000E+00 -0.675E+02  0.000E+00  0.000E+00  0.000E+00  0.160E-02  0.000E+00  0.000E+00  0.000E+00  0.000E+00  0.000E+00  0.000E+00  0.000E+00
         9.0934  0.000E+00  0.278E-03  0.000E+00  0.000E+00 -0.675E+02  0.000E+00  0.000E+00  0.000E+00  0.157E-02  0.000E+00  0.000E+00  0.000E+00  0.000E+00  0.000E+00  0.000E+00  0.000E+00
         9.2396  0.000E+00  0.278E-03  0.000E+00  0.000E+00 -0.675E+02  0.000E+00  0.000E+00  0.000E+00  0.153E-02  0.000E+00  0.000E+00  0.000E+00  0.000E+00  0.000E+00  0.000E+00  0.000E+00
         9.3858  0.000E+00  0.278E-03  0.000E+00  0.000E+00 -0.675E+02  0.000E+00  0.000E+00  0.000E+00  0.151E-02  0.000E+00  0.000E+00  0.000E+00  0.000E+00  0.000E+00  0.000E+00  0.000E+00
         9.5320  0.000E+00  0.278E-03  0.000E+00  0.000E+00 -0.675E+02  0.000E+00  0.000E+00  0.000E+00  0.148E-02  0.000E+00  0.000E+00  0.000E+00  0.000E+00  0.000E+00  0.000E+00  0.000E+00
         9.6781  0.000E+00  0.278E-03  0.000E+00  0.000E+00 -0.675E+02  0.000E+00  0.000E+00  0.000E+00  0.145E-02  0.000E+00  0.000E+00  0.000E+00  0.000E+00  0.000E+00  0.000E+00  0.000E+00
         9.8243  0.000E+00  0.278E-03  0.000E+00  0.000E+00 -0.675E+02  0.000E+00  0.000E+00  0.000E+00  0.142E-02  0.000E+00  0.000E+00  0.000E+00  0.000E+00  0.000E+00  0.000E+00  0.000E+00
         9.9705  0.000E+00  0.278E-03  0.000E+00  0.000E+00 -0.675E+02  0.000E+00  0.000E+00  0.000E+00  0.140E-02  0.000E+00  0.000E+00  0.000E+00  0.000E+00  0.000E+00  0.000E+00  0.000E+00
        10.1167  0.000E+00  0.278E-03  0.000E+00  0.000E+00 -0.675E+02  0.000E+00  0.000E+00  0.000E+00  0.137E-02  0.000E+00  0.000E+00  0.000E+00  0.000E+00  0.000E+00  0.000E+00  0.000E+00
        10.2629  0.000E+00  0.278E-03  0.000E+00  0.000E+00 -0.675E+02  0.000E+00  0.000E+00  0.000E+00  0.135E-02  0.000E+00  0.000E+00  0.000E+00  0.000E+00  0.000E+00  0.000E+00  0.000E+00
        10.4091  0.000E+00  0.278E-03  0.000E+00  0.000E+00 -0.675E+02  0.000E+00  0.000E+00  0.000E+00  0.132E-02  0.000E+00  0.000E+00  0.000E+00  0.000E+00  0.000E+00  0.000E+00  0.000E+00
        10.5553  0.000E+00  0.278E-03  0.000E+00  0.000E+00 -0.675E+02  0.000E+00  0.000E+00  0.000E+00  0.130E-02  0.000E+00  0.000E+00  0.000E+00  0.000E+00  0.000E+00  0.000E+00  0.000E+00
        10.7015  0.000E+00  0.278E-03  0.000E+00  0.000E+00 -0.675E+02  0.000E+00  0.000E+00  0.000E+00  0.128E-02  0.000E+00  0.000E+00  0.000E+00  0.000E+00  0.000E+00  0.000E+00  0.000E+00
        10.8477  0.000E+00  0.278E-03  0.000E+00  0.000E+00 -0.675E+02  0.000E+00  0.000E+00  0.000E+00  0.125E-02  0.000E+00  0.000E+00  0.000E+00  0.000E+00  0.000E+00  0.000E+00  0.000E+00
        10.9939  0.000E+00  0.278E-03  0.000E+00  0.000E+00 -0.675E+02  0.000E+00  0.000E+00  0.000E+00  0.123E-02  0.000E+00  0.000E+00  0.000E+00  0.000E+00  0.000E+00  0.000E+00  0.000E+00
        11.1401  0.000E+00  0.278E-03  0.000E+00  0.000E+00 -0.675E+02  0.000E+00  0.000E+00  0.000E+00  0.121E-02  0.000E+00  0.000E+00  0.000E+00  0.000E+00  0.000E+00  0.000E+00  0.000E+00
        11.3301  0.000E+00  0.278E-03  0.000E+00  0.000E+00 -0.675E+02  0.000E+00  0.000E+00  0.000E+00  0.119E-02  0.000E+00  0.000E+00  0.000E+00  0.000E+00  0.000E+00  0.000E+00  0.000E+00
        11.5202  0.000E+00  0.278E-03  0.000E+00  0.000E+00 -0.675E+02  0.000E+00  0.000E+00  0.000E+00  0.116E-02  0.000E+00  0.000E+00  0.000E+00  0.000E+00  0.000E+00  0.000E+00  0.000E+00
        11.7102  0.000E+00  0.278E-03  0.000E+00  0.000E+00 -0.675E+02  0.000E+00  0.000E+00  0.000E+00  0.114E-02  0.000E+00  0.000E+00  0.000E+00  0.000E+00  0.000E+00  0.000E+00  0.000E+00
        11.9003  0.000E+00  0.278E-03  0.000E+00  0.000E+00 -0.675E+02  0.000E+00  0.000E+00  0.000E+00  0.112E-02  0.000E+00  0.000E+00  0.000E+00  0.000E+00  0.000E+00  0.000E+00  0.000E+00
        12.0903  0.000E+00  0.278E-03  0.000E+00  0.000E+00 -0.675E+02  0.000E+00  0.000E+00  0.000E+00  0.109E-02  0.000E+00  0.000E+00  0.000E+00  0.000E+00  0.000E+00  0.000E+00  0.000E+00
        12.2804  0.000E+00  0.278E-03  0.000E+00  0.000E+00 -0.675E+02  0.000E+00  0.000E+00  0.000E+00  0.107E-02  0.000E+00  0.000E+00  0.000E+00  0.000E+00  0.000E+00  0.000E+00  0.000E+00
        12.4704  0.000E+00  0.278E-03  0.000E+00  0.000E+00 -0.675E+02  0.000E+00  0.000E+00  0.000E+00  0.105E-02  0.000E+00  0.000E+00  0.000E+00  0.000E+00  0.000E+00  0.000E+00  0.000E+00
        12.6605  0.000E+00  0.278E-03  0.000E+00  0.000E+00 -0.675E+02  0.000E+00  0.000E+00  0.000E+00  0.103E-02  0.000E+00  0.000E+00  0.000E+00  0.000E+00  0.000E+00  0.000E+00  0.000E+00
        12.8505  0.000E+00  0.278E-03  0.000E+00  0.000E+00 -0.675E+02  0.000E+00  0.000E+00  0.000E+00  0.101E-02  0.000E+00  0.000E+00  0.000E+00  0.000E+00  0.000E+00  0.000E+00  0.000E+00
        13.0406  0.000E+00  0.278E-03  0.000E+00  0.000E+00 -0.675E+02  0.000E+00  0.000E+00  0.000E+00  0.987E-03  0.000E+00  0.000E+00  0.000E+00  0.000E+00  0.000E+00  0.000E+00  0.000E+00
        13.2365  0.000E+00  0.278E-03  0.000E+00  0.000E+00 -0.675E+02  0.000E+00  0.000E+00  0.000E+00  0.968E-03  0.000E+00  0.000E+00  0.000E+00  0.000E+00  0.000E+00  0.000E+00  0.000E+00
        13.4324  0.000E+00  0.278E-03  0.000E+00  0.000E+00 -0.675E+02  0.000E+00  0.000E+00  0.000E+00  0.948E-03  0.000E+00  0.000E+00  0.000E+00  0.000E+00  0.000E+00  0.000E+00  0.000E+00
        13.6284  0.000E+00  0.278E-03  0.000E+00  0.000E+00 -0.675E+02  0.000E+00  0.000E+00  0.000E+00  0.930E-03  0.000E+00  0.000E+00  0.000E+00  0.000E+00  0.000E+00  0.000E+00  0.000E+00
        13.8243  0.000E+00  0.278E-03  0.000E+00  0.000E+00 -0.675E+02  0.000E+00  0.000E+00  0.000E+00  0.912E-03  0.000E+00  0.000E+00  0.000E+00  0.000E+00  0.000E+00  0.000E+00  0.000E+00
        14.0203  0.000E+00  0.278E-03  0.000E+00  0.000E+00 -0.675E+02  0.000E+00  0.000E+00  0.000E+00  0.894E-03  0.000E+00  0.000E+00  0.000E+00  0.000E+00  0.000E+00  0.000E+00  0.000E+00
        14.2162  0.000E+00  0.278E-03  0.000E+00  0.000E+00 -0.675E+02  0.000E+00  0.000E+00  0.000E+00  0.877E-03  0.000E+00  0.000E+00  0.000E+00  0.000E+00  0.000E+00  0.000E+00  0.000E+00
        14.4122  0.000E+00  0.278E-03  0.000E+00  0.000E+00 -0.675E+02  0.000E+00  0.000E+00  0.000E+00  0.860E-03  0.000E+00  0.000E+00  0.000E+00  0.000E+00  0.000E+00  0.000E+00  0.000E+00
        14.6081  0.000E+00  0.278E-03  0.000E+00  0.000E+00 -0.675E+02  0.000E+00  0.000E+00  0.000E+00  0.844E-03  0.000E+00  0.000E+00  0.000E+00  0.000E+00  0.000E+00  0.000E+00  0.000E+00
        14.8041  0.000E+00  0.278E-03  0.000E+00  0.000E+00 -0.675E+02  0.000E+00  0.000E+00  0.000E+00  0.829E-03  0.000E+00  0.000E+00  0.000E+00  0.000E+00  0.000E+00  0.000E+00  0.000E+00
        15.0000  0.000E+00  0.278E-03  0.000E+00  0.000E+00 -0.675E+02  0.000E+00  0.000E+00  0.000E+00  0.813E-03  0.000E+00  0.000E+00  0.000E+00  0.000E+00  0.000E+00  0.000E+00  0.000E+00
        15.1900  0.000E+00  0.278E-03  0.000E+00  0.000E+00 -0.675E+02  0.000E+00  0.000E+00  0.000E+00  0.798E-03  0.000E+00  0.000E+00  0.000E+00  0.000E+00  0.000E+00  0.000E+00  0.000E+00
        15.3801  0.000E+00  0.278E-03  0.000E+00  0.000E+00 -0.675E+02  0.000E+00  0.000E+00  0.000E+00  0.784E-03  0.000E+00  0.000E+00  0.000E+00  0.000E+00  0.000E+00  0.000E+00  0.000E+00
        15.5701  0.000E+00  0.278E-03  0.000E+00  0.000E+00 -0.675E+02  0.000E+00  0.000E+00  0.000E+00  0.771E-03  0.000E+00  0.000E+00  0.000E+00  0.000E+00  0.000E+00  0.000E+00  0.000E+00
        15.7602  0.000E+00  0.278E-03  0.000E+00  0.000E+00 -0.675E+02  0.000E+00  0.000E+00  0.000E+00  0.758E-03  0.000E+00  0.000E+00  0.000E+00  0.000E+00  0.000E+00  0.000E+00  0.000E+00
        15.9502  0.000E+00  0.278E-03  0.000E+00  0.000E+00 -0.675E+02  0.000E+00  0.000E+00  0.000E+00  0.745E-03  0.000E+00  0.000E+00  0.000E+00  0.000E+00  0.000E+00  0.000E+00  0.000E+00
        16.1403  0.000E+00  0.278E-03  0.000E+00  0.000E+00 -0.675E+02  0.000E+00  0.000E+00  0.000E+00  0.732E-03  0.000E+00  0.000E+00  0.000E+00  0.000E+00  0.000E+00  0.000E+00  0.000E+00
        16.3303  0.000E+00  0.278E-03  0.000E+00  0.000E+00 -0.675E+02  0.000E+00  0.000E+00  0.000E+00  0.720E-03  0.000E+00  0.000E+00  0.000E+00  0.000E+00  0.000E+00  0.000E+00  0.000E+00
        16.5204  0.000E+00  0.278E-03  0.000E+00  0.000E+00 -0.675E+02  0.000E+00  0.000E+00  0.000E+00  0.708E-03  0.000E+00  0.000E+00  0.000E+00  0.000E+00  0.000E+00  0.000E+00  0.000E+00
        16.7104  0.000E+00  0.278E-03  0.000E+00  0.000E+00 -0.675E+02  0.000E+00  0.000E+00  0.000E+00  0.696E-03  0.000E+00  0.000E+00  0.000E+00  0.000E+00  0.000E+00  0.000E+00  0.000E+00
        16.9005  0.000E+00  0.278E-03  0.000E+00  0.000E+00 -0.675E+02  0.000E+00  0.000E+00  0.000E+00  0.684E-03  0.000E+00  0.000E+00  0.000E+00  0.000E+00  0.000E+00  0.000E+00  0.000E+00
        17.0905  0.000E+00  0.278E-03  0.000E+00  0.000E+00 -0.675E+02  0.000E+00  0.000E+00  0.000E+00  0.673E-03  0.000E+00  0.000E+00  0.000E+00  0.000E+00  0.000E+00  0.000E+00  0.000E+00
        17.2806  0.000E+00  0.278E-03  0.000E+00  0.000E+00 -0.675E+02  0.000E+00  0.000E+00  0.000E+00  0.662E-03  0.000E+00  0.000E+00  0.000E+00  0.000E+00  0.000E+00  0.000E+00  0.000E+00
        17.4706  0.000E+00  0.278E-03  0.000E+00  0.000E+00 -0.675E+02  0.000E+00  0.000E+00  0.000E+00  0.652E-03  0.000E+00  0.000E+00  0.000E+00  0.000E+00  0.000E+00  0.000E+00  0.000E+00
        17.6607  0.000E+00  0.278E-03  0.000E+00  0.000E+00 -0.675E+02  0.000E+00  0.000E+00  0.000E+00  0.641E-03  0.000E+00  0.000E+00  0.000E+00  0.000E+00  0.000E+00  0.000E+00  0.000E+00
        17.8507  0.000E+00  0.278E-03  0.000E+00  0.000E+00 -0.675E+02  0.000E+00  0.000E+00  0.000E+00  0.631E-03  0.000E+00  0.000E+00  0.000E+00  0.000E+00  0.000E+00  0.000E+00  0.000E+00
        18.0408  0.000E+00  0.278E-03  0.000E+00  0.000E+00 -0.675E+02  0.000E+00  0.000E+00  0.000E+00  0.621E-03  0.000E+00  0.000E+00  0.000E+00  0.000E+00  0.000E+00  0.000E+00  0.000E+00
        18.2308  0.000E+00  0.278E-03  0.000E+00  0.000E+00 -0.675E+02  0.000E+00  0.000E+00  0.000E+00  0.612E-03  0.000E+00  0.000E+00  0.000E+00  0.000E+00  0.000E+00  0.000E+00  0.000E+00
        18.4209  0.000E+00  0.278E-03  0.000E+00  0.000E+00 -0.675E+02  0.000E+00  0.000E+00  0.000E+00  0.602E-03  0.000E+00  0.000E+00  0.000E+00  0.000E+00  0.000E+00  0.000E+00  0.000E+00
        18.6109  0.000E+00  0.278E-03  0.000E+00  0.000E+00 -0.675E+02  0.000E+00  0.000E+00  0.000E+00  0.593E-03  0.000E+00  0.000E+00  0.000E+00  0.000E+00  0.000E+00  0.000E+00  0.000E+00
        18.8010  0.000E+00  0.278E-03  0.000E+00  0.000E+00 -0.675E+02  0.000E+00  0.000E+00  0.000E+00  0.584E-03  0.000E+00  0.000E+00  0.000E+00  0.000E+00  0.000E+00  0.000E+00  0.000E+00
        18.9910  0.000E+00  0.278E-03  0.000E+00  0.000E+00 -0.675E+02  0.000E+00  0.000E+00  0.000E+00  0.575E-03  0.000E+00  0.000E+00  0.000E+00  0.000E+00  0.000E+00  0.000E+00  0.000E+00
        19.2381  0.000E+00  0.278E-03  0.000E+00  0.000E+00 -0.675E+02  0.000E+00  0.000E+00  0.000E+00  0.566E-03  0.000E+00  0.000E+00  0.000E+00  0.000E+00  0.000E+00  0.000E+00  0.000E+00
        19.4852  0.000E+00  0.278E-03  0.000E+00  0.000E+00 -0.675E+02  0.000E+00  0.000E+00  0.000E+00  0.555E-03  0.000E+00  0.000E+00  0.000E+00  0.000E+00  0.000E+00  0.000E+00  0.000E+00
        19.7322  0.000E+00  0.278E-03  0.000E+00  0.000E+00 -0.675E+02  0.000E+00  0.000E+00  0.000E+00  0.544E-03  0.000E+00  0.000E+00  0.000E+00  0.000E+00  0.000E+00  0.000E+00  0.000E+00
        19.9793  0.000E+00  0.278E-03  0.000E+00  0.000E+00 -0.675E+02  0.000E+00  0.000E+00  0.000E+00  0.534E-03  0.000E+00  0.000E+00  0.000E+00  0.000E+00  0.000E+00  0.000E+00  0.000E+00
        20.2264  0.000E+00  0.278E-03  0.000E+00  0.000E+00 -0.675E+02  0.000E+00  0.000E+00  0.000E+00  0.524E-03  0.000E+00  0.000E+00  0.000E+00  0.000E+00  0.000E+00  0.000E+00  0.000E+00
        20.4734  0.000E+00  0.278E-03  0.000E+00  0.000E+00 -0.675E+02  0.000E+00  0.000E+00  0.000E+00  0.514E-03  0.000E+00  0.000E+00  0.000E+00  0.000E+00  0.000E+00  0.000E+00  0.000E+00
        20.7205  0.000E+00  0.278E-03  0.000E+00  0.000E+00 -0.675E+02  0.000E+00  0.000E+00  0.000E+00  0.504E-03  0.000E+00  0.000E+00  0.000E+00  0.000E+00  0.000E+00  0.000E+00  0.000E+00
        20.9676  0.000E+00  0.278E-03  0.000E+00  0.000E+00 -0.675E+02  0.000E+00  0.000E+00  0.000E+00  0.495E-03  0.000E+00  0.000E+00  0.000E+00  0.000E+00  0.000E+00  0.000E+00  0.000E+00
        21.2146  0.000E+00  0.278E-03  0.000E+00  0.000E+00 -0.675E+02  0.000E+00  0.000E+00  0.000E+00  0.486E-03  0.000E+00  0.000E+00  0.000E+00  0.000E+00  0.000E+00  0.000E+00  0.000E+00
        21.4617  0.000E+00  0.278E-03  0.000E+00  0.000E+00 -0.675E+02  0.000E+00  0.000E+00  0.000E+00  0.477E-03  0.000E+00  0.000E+00  0.000E+00  0.000E+00  0.000E+00  0.000E+00  0.000E+00
        21.7087  0.000E+00  0.278E-03  0.000E+00  0.000E+00 -0.675E+02  0.000E+00  0.000E+00  0.000E+00  0.468E-03  0.000E+00  0.000E+00  0.000E+00  0.000E+00  0.000E+00  0.000E+00  0.000E+00
        21.9558  0.000E+00  0.278E-03  0.000E+00  0.000E+00 -0.675E+02  0.000E+00  0.000E+00  0.000E+00  0.460E-03  0.000E+00  0.000E+00  0.000E+00  0.000E+00  0.000E+00  0.000E+00  0.000E+00
        22.2029  0.000E+00  0.278E-03  0.000E+00  0.000E+00 -0.675E+02  0.000E+00  0.000E+00  0.000E+00  0.452E-03  0.000E+00  0.000E+00  0.000E+00  0.000E+00  0.000E+00  0.000E+00  0.000E+00
        22.4499  0.000E+00  0.278E-03  0.000E+00  0.000E+00 -0.675E+02  0.000E+00  0.000E+00  0.000E+00  0.444E-03  0.000E+00  0.000E+00  0.000E+00  0.000E+00  0.000E+00  0.000E+00  0.000E+00
        22.6970  0.000E+00  0.278E-03  0.000E+00  0.000E+00 -0.675E+02  0.000E+00  0.000E+00  0.000E+00  0.436E-03  0.000E+00  0.000E+00  0.000E+00  0.000E+00  0.000E+00  0.000E+00  0.000E+00
        22.9441  0.000E+00  0.278E-03  0.000E+00  0.000E+00 -0.675E+02  0.000E+00  0.000E+00  0.000E+00  0.428E-03  0.000E+00  0.000E+00  0.000E+00  0.000E+00  0.000E+00  0.000E+00  0.000E+00
        23.1911  0.000E+00  0.278E-03  0.000E+00  0.000E+00 -0.675E+02  0.000E+00  0.000E+00  0.000E+00  0.421E-03  0.000E+00  0.000E+00  0.000E+00  0.000E+00  0.000E+00  0.000E+00  0.000E+00
        23.4382  0.000E+00  0.278E-03  0.000E+00  0.000E+00 -0.675E+02  0.000E+00  0.000E+00  0.000E+00  0.414E-03  0.000E+00  0.000E+00  0.000E+00  0.000E+00  0.000E+00  0.000E+00  0.000E+00
        23.6853  0.000E+00  0.278E-03  0.000E+00  0.000E+00 -0.675E+02  0.000E+00  0.000E+00  0.000E+00  0.406E-03  0.000E+00  0.000E+00  0.000E+00  0.000E+00  0.000E+00  0.000E+00  0.000E+00
        23.9323  0.000E+00  0.278E-03  0.000E+00  0.000E+00 -0.675E+02  0.000E+00  0.000E+00  0.000E+00  0.400E-03  0.000E+00  0.000E+00  0.000E+00  0.000E+00  0.000E+00  0.000E+00  0.000E+00
        24.1794  0.000E+00  0.278E-03  0.000E+00  0.000E+00 -0.675E+02  0.000E+00  0.000E+00  0.000E+00  0.393E-03  0.000E+00  0.000E+00  0.000E+00  0.000E+00  0.000E+00  0.000E+00  0.000E+00
        24.4265  0.000E+00  0.278E-03  0.000E+00  0.000E+00 -0.675E+02  0.000E+00  0.000E+00  0.000E+00  0.386E-03  0.000E+00  0.000E+00  0.000E+00  0.000E+00  0.000E+00  0.000E+00  0.000E+00
        24.6735  0.000E+00  0.278E-03  0.000E+00  0.000E+00 -0.675E+02  0.000E+00  0.000E+00  0.000E+00  0.380E-03  0.000E+00  0.000E+00  0.000E+00  0.000E+00  0.000E+00  0.000E+00  0.000E+00
        24.9206  0.000E+00  0.278E-03  0.000E+00  0.000E+00 -0.675E+02  0.000E+00  0.000E+00  0.000E+00  0.373E-03  0.000E+00  0.000E+00  0.000E+00  0.000E+00  0.000E+00  0.000E+00  0.000E+00
        25.1676  0.000E+00  0.278E-03  0.000E+00  0.000E+00 -0.675E+02  0.000E+00  0.000E+00  0.000E+00  0.367E-03  0.000E+00  0.000E+00  0.000E+00  0.000E+00  0.000E+00  0.000E+00  0.000E+00
        25.4147  0.000E+00  0.278E-03  0.000E+00  0.000E+00 -0.675E+02  0.000E+00  0.000E+00  0.000E+00  0.361E-03  0.000E+00  0.000E+00  0.000E+00  0.000E+00  0.000E+00  0.000E+00  0.000E+00
        25.6618  0.000E+00  0.278E-03  0.000E+00  0.000E+00 -0.675E+02  0.000E+00  0.000E+00  0.000E+00  0.355E-03  0.000E+00  0.000E+00  0.000E+00  0.000E+00  0.000E+00  0.000E+00  0.000E+00
        25.9088  0.000E+00  0.278E-03  0.000E+00  0.000E+00 -0.675E+02  0.000E+00  0.000E+00  0.000E+00  0.349E-03  0.000E+00  0.000E+00  0.000E+00  0.000E+00  0.000E+00  0.000E+00  0.000E+00
        26.1559  0.000E+00  0.278E-03  0.000E+00  0.000E+00 -0.675E+02  0.000E+00  0.000E+00  0.000E+00  0.344E-03  0.000E+00  0.000E+00  0.000E+00  0.000E+00  0.000E+00  0.000E+00  0.000E+00
        26.4030  0.000E+00  0.278E-03  0.000E+00  0.000E+00 -0.675E+02  0.000E+00  0.000E+00  0.000E+00  0.338E-03  0.000E+00  0.000E+00  0.000E+00  0.000E+00  0.000E+00  0.000E+00  0.000E+00
        26.6500  0.000E+00  0.278E-03  0.000E+00  0.000E+00 -0.675E+02  0.000E+00  0.000E+00  0.000E+00  0.333E-03  0.000E+00  0.000E+00  0.000E+00  0.000E+00  0.000E+00  0.000E+00  0.000E+00
        26.8971  0.000E+00  0.278E-03  0.000E+00  0.000E+00 -0.675E+02  0.000E+00  0.000E+00  0.000E+00  0.327E-03  0.000E+00  0.000E+00  0.000E+00  0.000E+00  0.000E+00  0.000E+00  0.000E+00
        27.1442  0.000E+00  0.278E-03  0.000E+00  0.000E+00 -0.675E+02  0.000E+00  0.000E+00  0.000E+00  0.322E-03  0.000E+00  0.000E+00  0.000E+00  0.000E+00  0.000E+00  0.000E+00  0.000E+00
        27.3912  0.000E+00  0.278E-03  0.000E+00  0.000E+00 -0.675E+02  0.000E+00  0.000E+00  0.000E+00  0.317E-03  0.000E+00  0.000E+00  0.000E+00  0.000E+00  0.000E+00  0.000E+00  0.000E+00
        27.6383  0.000E+00  0.278E-03  0.000E+00  0.000E+00 -0.675E+02  0.000E+00  0.000E+00  0.000E+00  0.312E-03  0.000E+00  0.000E+00  0.000E+00  0.000E+00  0.000E+00  0.000E+00  0.000E+00
        27.8745  0.000E+00  0.278E-03  0.000E+00  0.000E+00 -0.675E+02  0.000E+00  0.000E+00  0.000E+00  0.307E-03  0.000E+00  0.000E+00  0.000E+00  0.000E+00  0.000E+00  0.000E+00  0.000E+00
        28.1106  0.000E+00  0.278E-03  0.000E+00  0.000E+00 -0.675E+02  0.000E+00  0.000E+00  0.000E+00  0.303E-03  0.000E+00  0.000E+00  0.000E+00  0.000E+00  0.000E+00  0.000E+00  0.000E+00
        28.3468  0.000E+00  0.278E-03  0.000E+00  0.000E+00 -0.675E+02  0.000E+00  0.000E+00  0.000E+00  0.298E-03  0.000E+00  0.000E+00  0.000E+00  0.000E+00  0.000E+00  0.000E+00  0.000E+00
        28.5830  0.000E+00  0.278E-03  0.000E+00  0.000E+00 -0.675E+02  0.000E+00  0.000E+00  0.000E+00  0.294E-03  0.000E+00  0.000E+00  0.000E+00  0.000E+00  0.000E+00  0.000E+00  0.000E+00
        28.9372  0.000E+00  0.278E-03  0.000E+00  0.000E+00 -0.675E+02  0.000E+00  0.000E+00  0.000E+00  0.290E-03  0.000E+00  0.000E+00  0.000E+00  0.000E+00  0.000E+00  0.000E+00  0.000E+00
        29.2915  0.000E+00  0.278E-03  0.000E+00  0.000E+00 -0.675E+02  0.000E+00  0.000E+00  0.000E+00  0.283E-03  0.000E+00  0.000E+00  0.000E+00  0.000E+00  0.000E+00  0.000E+00  0.000E+00
        29.6457  0.000E+00  0.278E-03  0.000E+00  0.000E+00 -0.675E+02  0.000E+00  0.000E+00  0.000E+00  0.277E-03  0.000E+00  0.000E+00  0.000E+00  0.000E+00  0.000E+00  0.000E+00  0.000E+00
        30.0000  0.000E+00  0.278E-03  0.000E+00  0.000E+00 -0.675E+02  0.000E+00  0.000E+00  0.000E+00  0.271E-03  0.000E+00  0.000E+00  0.000E+00  0.000E+00  0.000E+00  0.000E+00  0.000E+00
        30.3212  0.000E+00  0.278E-03  0.000E+00  0.000E+00 -0.675E+02  0.000E+00  0.000E+00  0.000E+00  0.265E-03  0.000E+00  0.000E+00  0.000E+00  0.000E+00  0.000E+00  0.000E+00  0.000E+00
        30.6424  0.000E+00  0.278E-03  0.000E+00  0.000E+00 -0.675E+02  0.000E+00  0.000E+00  0.000E+00  0.260E-03  0.000E+00  0.000E+00  0.000E+00  0.000E+00  0.000E+00  0.000E+00  0.000E+00
        30.9636  0.000E+00  0.278E-03  0.000E+00  0.000E+00 -0.675E+02  0.000E+00  0.000E+00  0.000E+00  0.255E-03  0.000E+00  0.000E+00  0.000E+00  0.000E+00  0.000E+00  0.000E+00  0.000E+00
        31.2847  0.000E+00  0.278E-03  0.000E+00  0.000E+00 -0.675E+02  0.000E+00  0.000E+00  0.000E+00  0.250E-03  0.000E+00  0.000E+00  0.000E+00  0.000E+00  0.000E+00  0.000E+00  0.000E+00
        31.6059  0.000E+00  0.278E-03  0.000E+00  0.000E+00 -0.675E+02  0.000E+00  0.000E+00  0.000E+00  0.246E-03  0.000E+00  0.000E+00  0.000E+00  0.000E+00  0.000E+00  0.000E+00  0.000E+00
        31.9271  0.000E+00  0.278E-03  0.000E+00  0.000E+00 -0.675E+02  0.000E+00  0.000E+00  0.000E+00  0.241E-03  0.000E+00  0.000E+00  0.000E+00  0.000E+00  0.000E+00  0.000E+00  0.000E+00
        32.2483  0.000E+00  0.278E-03  0.000E+00  0.000E+00 -0.675E+02  0.000E+00  0.000E+00  0.000E+00  0.236E-03  0.000E+00  0.000E+00  0.000E+00  0.000E+00  0.000E+00  0.000E+00  0.000E+00
        32.5695  0.000E+00  0.278E-03  0.000E+00  0.000E+00 -0.675E+02  0.000E+00  0.000E+00  0.000E+00  0.232E-03  0.000E+00  0.000E+00  0.000E+00  0.000E+00  0.000E+00  0.000E+00  0.000E+00
        32.8907  0.000E+00  0.278E-03  0.000E+00  0.000E+00 -0.675E+02  0.000E+00  0.000E+00  0.000E+00  0.228E-03  0.000E+00  0.000E+00  0.000E+00  0.000E+00  0.000E+00  0.000E+00  0.000E+00
        33.2118  0.000E+00  0.278E-03  0.000E+00  0.000E+00 -0.675E+02  0.000E+00  0.000E+00  0.000E+00  0.224E-03  0.000E+00  0.000E+00  0.000E+00  0.000E+00  0.000E+00  0.000E+00  0.000E+00
        33.5330  0.000E+00  0.278E-03  0.000E+00  0.000E+00 -0.675E+02  0.000E+00  0.000E+00  0.000E+00  0.219E-03  0.000E+00  0.000E+00  0.000E+00  0.000E+00  0.000E+00  0.000E+00  0.000E+00
        33.8542  0.000E+00  0.278E-03  0.000E+00  0.000E+00 -0.675E+02  0.000E+00  0.000E+00  0.000E+00  0.215E-03  0.000E+00  0.000E+00  0.000E+00  0.000E+00  0.000E+00  0.000E+00  0.000E+00
        34.1754  0.000E+00  0.278E-03  0.000E+00  0.000E+00 -0.675E+02  0.000E+00  0.000E+00  0.000E+00  0.211E-03  0.000E+00  0.000E+00  0.000E+00  0.000E+00  0.000E+00  0.000E+00  0.000E+00
        34.4966  0.000E+00  0.278E-03  0.000E+00  0.000E+00 -0.675E+02  0.000E+00  0.000E+00  0.000E+00  0.208E-03  0.000E+00  0.000E+00  0.000E+00  0.000E+00  0.000E+00  0.000E+00  0.000E+00
        34.8178  0.000E+00  0.278E-03  0.000E+00  0.000E+00 -0.675E+02  0.000E+00  0.000E+00  0.000E+00  0.204E-03  0.000E+00  0.000E+00  0.000E+00  0.000E+00  0.000E+00  0.000E+00  0.000E+00
        35.1389  0.000E+00  0.278E-03  0.000E+00  0.000E+00 -0.675E+02  0.000E+00  0.000E+00  0.000E+00  0.200E-03  0.000E+00  0.000E+00  0.000E+00  0.000E+00  0.000E+00  0.000E+00  0.000E+00
        35.4601  0.000E+00  0.278E-03  0.000E+00  0.000E+00 -0.675E+02  0.000E+00  0.000E+00  0.000E+00  0.197E-03  0.000E+00  0.000E+00  0.000E+00  0.000E+00  0.000E+00  0.000E+00  0.000E+00
        35.7813  0.000E+00  0.278E-03  0.000E+00  0.000E+00 -0.675E+02  0.000E+00  0.000E+00  0.000E+00  0.193E-03  0.000E+00  0.000E+00  0.000E+00  0.000E+00  0.000E+00  0.000E+00  0.000E+00
        36.1025  0.000E+00  0.278E-03  0.000E+00  0.000E+00 -0.675E+02  0.000E+00  0.000E+00  0.000E+00  0.190E-03  0.000E+00  0.000E+00  0.000E+00  0.000E+00  0.000E+00  0.000E+00  0.000E+00
        36.4237  0.000E+00  0.278E-03  0.000E+00  0.000E+00 -0.675E+02  0.000E+00  0.000E+00  0.000E+00  0.186E-03  0.000E+00  0.000E+00  0.000E+00  0.000E+00  0.000E+00  0.000E+00  0.000E+00
        36.7449  0.000E+00  0.278E-03  0.000E+00  0.000E+00 -0.675E+02  0.000E+00  0.000E+00  0.000E+00  0.183E-03  0.000E+00  0.000E+00  0.000E+00  0.000E+00  0.000E+00  0.000E+00  0.000E+00
        37.0660  0.000E+00  0.278E-03  0.000E+00  0.000E+00 -0.675E+02  0.000E+00  0.000E+00  0.000E+00  0.180E-03  0.000E+00  0.000E+00  0.000E+00  0.000E+00  0.000E+00  0.000E+00  0.000E+00
        37.3872  0.000E+00  0.278E-03  0.000E+00  0.000E+00 -0.675E+02  0.000E+00  0.000E+00  0.000E+00  0.177E-03  0.000E+00  0.000E+00  0.000E+00  0.000E+00  0.000E+00  0.000E+00  0.000E+00
        37.7084  0.000E+00  0.278E-03  0.000E+00  0.000E+00 -0.675E+02  0.000E+00  0.000E+00  0.000E+00  0.173E-03  0.000E+00  0.000E+00  0.000E+00  0.000E+00  0.000E+00  0.000E+00  0.000E+00
        38.0296  0.000E+00  0.278E-03  0.000E+00  0.000E+00 -0.675E+02  0.000E+00  0.000E+00  0.000E+00  0.170E-03  0.000E+00  0.000E+00  0.000E+00  0.000E+00  0.000E+00  0.000E+00  0.000E+00
        38.3508  0.000E+00  0.278E-03  0.000E+00  0.000E+00 -0.675E+02  0.000E+00  0.000E+00  0.000E+00  0.167E-03  0.000E+00  0.000E+00  0.000E+00  0.000E+00  0.000E+00  0.000E+00  0.000E+00
        38.6720  0.000E+00  0.278E-03  0.000E+00  0.000E+00 -0.675E+02  0.000E+00  0.000E+00  0.000E+00  0.165E-03  0.000E+00  0.000E+00  0.000E+00  0.000E+00  0.000E+00  0.000E+00  0.000E+00
        38.9931  0.000E+00  0.278E-03  0.000E+00  0.000E+00 -0.675E+02  0.000E+00  0.000E+00  0.000E+00  0.162E-03  0.000E+00  0.000E+00  0.000E+00  0.000E+00  0.000E+00  0.000E+00  0.000E+00
        39.3143  0.000E+00  0.278E-03  0.000E+00  0.000E+00 -0.675E+02  0.000E+00  0.000E+00  0.000E+00  0.159E-03  0.000E+00  0.000E+00  0.000E+00  0.000E+00  0.000E+00  0.000E+00  0.000E+00
        39.6355  0.000E+00  0.278E-03  0.000E+00  0.000E+00 -0.675E+02  0.000E+00  0.000E+00  0.000E+00  0.156E-03  0.000E+00  0.000E+00  0.000E+00  0.000E+00  0.000E+00  0.000E+00  0.000E+00
        39.9567  0.000E+00  0.278E-03  0.000E+00  0.000E+00 -0.675E+02  0.000E+00  0.000E+00  0.000E+00  0.154E-03  0.000E+00  0.000E+00  0.000E+00  0.000E+00  0.000E+00  0.000E+00  0.000E+00
        40.2779  0.000E+00  0.278E-03  0.000E+00  0.000E+00 -0.675E+02  0.000E+00  0.000E+00  0.000E+00  0.151E-03  0.000E+00  0.000E+00  0.000E+00  0.000E+00  0.000E+00  0.000E+00  0.000E+00
        40.5991  0.000E+00  0.278E-03  0.000E+00  0.000E+00 -0.675E+02  0.000E+00  0.000E+00  0.000E+00  0.149E-03  0.000E+00  0.000E+00  0.000E+00  0.000E+00  0.000E+00  0.000E+00  0.000E+00
        40.9202  0.000E+00  0.278E-03  0.000E+00  0.000E+00 -0.675E+02  0.000E+00  0.000E+00  0.000E+00  0.146E-03  0.000E+00  0.000E+00  0.000E+00  0.000E+00  0.000E+00  0.000E+00  0.000E+00
        41.2414  0.000E+00  0.278E-03  0.000E+00  0.000E+00 -0.675E+02  0.000E+00  0.000E+00  0.000E+00  0.144E-03  0.000E+00  0.000E+00  0.000E+00  0.000E+00  0.000E+00  0.000E+00  0.000E+00
        41.5626  0.000E+00  0.278E-03  0.000E+00  0.000E+00 -0.675E+02  0.000E+00  0.000E+00  0.000E+00  0.142E-03  0.000E+00  0.000E+00  0.000E+00  0.000E+00  0.000E+00  0.000E+00  0.000E+00
        41.8838  0.000E+00  0.278E-03  0.000E+00  0.000E+00 -0.675E+02  0.000E+00  0.000E+00  0.000E+00  0.141E-03  0.000E+00  0.000E+00  0.000E+00  0.000E+00  0.000E+00  0.000E+00  0.000E+00
        42.2050  0.000E+00  0.278E-03  0.000E+00  0.000E+00 -0.675E+02  0.000E+00  0.000E+00  0.000E+00  0.141E-03  0.000E+00  0.000E+00  0.000E+00  0.000E+00  0.000E+00  0.000E+00  0.000E+00
        42.5262  0.000E+00  0.278E-03  0.000E+00  0.000E+00 -0.675E+02  0.000E+00  0.000E+00  0.000E+00  0.142E-03  0.000E+00  0.000E+00  0.000E+00  0.000E+00  0.000E+00  0.000E+00  0.000E+00
        42.8473  0.000E+00  0.278E-03  0.000E+00  0.000E+00 -0.675E+02  0.000E+00  0.000E+00  0.000E+00  0.146E-03  0.000E+00  0.000E+00  0.000E+00  0.000E+00  0.000E+00  0.000E+00  0.000E+00
        43.1685  0.000E+00  0.278E-03  0.000E+00  0.000E+00 -0.675E+02  0.000E+00  0.000E+00  0.000E+00  0.154E-03  0.000E+00  0.000E+00  0.000E+00  0.000E+00  0.000E+00  0.000E+00  0.000E+00
        43.4897  0.000E+00  0.278E-03  0.000E+00  0.000E+00 -0.675E+02  0.000E+00  0.000E+00  0.000E+00  0.172E-03  0.000E+00  0.000E+00  0.000E+00  0.000E+00  0.000E+00  0.000E+00  0.000E+00
        43.8109  0.000E+00  0.278E-03  0.000E+00  0.000E+00 -0.675E+02  0.000E+00  0.000E+00  0.000E+00  0.208E-03  0.000E+00  0.000E+00  0.000E+00  0.000E+00  0.000E+00  0.000E+00  0.000E+00
        44.1321  0.000E+00  0.278E-03  0.000E+00  0.000E+00 -0.675E+02  0.000E+00  0.000E+00  0.000E+00  0.283E-03  0.000E+00  0.000E+00  0.000E+00  0.000E+00  0.000E+00  0.000E+00  0.000E+00
        44.4533  0.000E+00  0.278E-03  0.000E+00  0.000E+00 -0.675E+02  0.000E+00  0.000E+00  0.000E+00  0.435E-03  0.000E+00  0.000E+00  0.000E+00  0.000E+00  0.000E+00  0.000E+00  0.000E+00
        44.7744  0.000E+00  0.278E-03  0.000E+00  0.000E+00 -0.675E+02  0.000E+00  0.000E+00  0.000E+00  0.748E-03  0.000E+00  0.000E+00  0.000E+00  0.000E+00  0.000E+00  0.000E+00  0.000E+00
        45.0956  0.000E+00  0.278E-03  0.000E+00  0.000E+00 -0.675E+02  0.000E+00  0.000E+00  0.000E+00  0.139E-02  0.000E+00  0.000E+00  0.000E+00  0.000E+00  0.000E+00  0.000E+00  0.000E+00
        45.4168  0.000E+00  0.278E-03  0.000E+00  0.000E+00 -0.675E+02  0.000E+00  0.000E+00  0.000E+00  0.272E-02  0.000E+00  0.000E+00  0.000E+00  0.000E+00  0.000E+00  0.000E+00  0.000E+00
        45.7380  0.000E+00  0.278E-03  0.000E+00  0.000E+00 -0.675E+02  0.000E+00  0.000E+00  0.000E+00  0.539E-02  0.000E+00  0.000E+00  0.000E+00  0.000E+00  0.000E+00  0.000E+00  0.000E+00
        46.0592  0.000E+00  0.278E-03  0.000E+00  0.000E+00 -0.675E+02  0.000E+00  0.000E+00  0.000E+00  0.107E-01  0.000E+00  0.000E+00  0.000E+00  0.000E+00  0.000E+00  0.000E+00  0.000E+00
        46.3804  0.000E+00  0.278E-03  0.000E+00  0.000E+00 -0.675E+02  0.000E+00  0.000E+00  0.000E+00  0.208E-01  0.000E+00  0.000E+00  0.000E+00  0.000E+00  0.000E+00  0.000E+00  0.000E+00
        46.7015  0.000E+00  0.278E-03  0.000E+00  0.000E+00 -0.675E+02  0.000E+00  0.000E+00  0.000E+00  0.394E-01  0.000E+00  0.000E+00  0.000E+00  0.000E+00  0.000E+00  0.000E+00  0.000E+00
        47.0227  0.000E+00  0.278E-03  0.000E+00  0.000E+00 -0.675E+02  0.000E+00  0.000E+00  0.000E+00  0.723E-01  0.000E+00  0.000E+00  0.000E+00  0.000E+00  0.000E+00  0.000E+00  0.000E+00
        47.3439  0.000E+00  0.278E-03  0.000E+00  0.000E+00 -0.675E+02  0.000E+00  0.000E+00  0.000E+00  0.128E+00  0.000E+00  0.000E+00  0.000E+00  0.000E+00  0.000E+00  0.000E+00  0.000E+00
        47.6651  0.000E+00  0.278E-03  0.000E+00  0.000E+00 -0.675E+02  0.000E+00  0.000E+00  0.000E+00  0.215E+00  0.000E+00  0.000E+00  0.000E+00  0.000E+00  0.000E+00  0.000E+00  0.000E+00
        47.9863  0.000E+00  0.278E-03  0.000E+00  0.000E+00 -0.675E+02  0.000E+00  0.000E+00  0.000E+00  0.347E+00  0.000E+00  0.000E+00  0.000E+00  0.000E+00  0.000E+00  0.000E+00  0.000E+00
        48.3075  0.000E+00  0.278E-03  0.000E+00  0.000E+00 -0.675E+02  0.000E+00  0.000E+00  0.000E+00  0.532E+00  0.000E+00  0.000E+00  0.000E+00  0.000E+00  0.000E+00  0.000E+00  0.000E+00
        48.6287  0.000E+00  0.278E-03  0.000E+00  0.000E+00 -0.675E+02  0.000E+00  0.000E+00  0.000E+00  0.776E+00  0.000E+00  0.000E+00  0.000E+00  0.000E+00  0.000E+00  0.000E+00  0.000E+00
        49.0462  0.000E+00  0.278E-03  0.000E+00  0.000E+00 -0.675E+02  0.000E+00  0.000E+00  0.000E+00  0.107E+01  0.000E+00  0.000E+00  0.000E+00  0.000E+00  0.000E+00  0.000E+00  0.000E+00
        49.4637  0.000E+00  0.278E-03  0.000E+00  0.000E+00 -0.675E+02  0.000E+00  0.000E+00  0.000E+00  0.158E+01  0.000E+00  0.000E+00  0.000E+00  0.000E+00  0.000E+00  0.000E+00  0.000E+00
        50.0065  0.000E+00  0.278E-03  0.000E+00  0.000E+00 -0.675E+02  0.000E+00  0.000E+00  0.000E+00  0.213E+01  0.000E+00  0.000E+00  0.000E+00  0.000E+00  0.000E+00  0.000E+00  0.000E+00
        50.5493  0.000E+00  0.278E-03  0.000E+00  0.000E+00 -0.675E+02  0.000E+00  0.000E+00  0.000E+00  0.304E+01  0.000E+00  0.000E+00  0.000E+00  0.000E+00  0.000E+00  0.000E+00  0.000E+00
        51.2550  0.000E+00  0.278E-03  0.000E+00  0.000E+00 -0.675E+02  0.000E+00  0.000E+00  0.000E+00  0.393E+01  0.000E+00  0.000E+00  0.000E+00  0.000E+00  0.000E+00  0.000E+00  0.000E+00
        51.9606  0.000E+00  0.278E-03  0.000E+00  0.000E+00 -0.675E+02  0.000E+00  0.000E+00  0.000E+00  0.531E+01  0.000E+00  0.000E+00  0.000E+00  0.000E+00  0.000E+00  0.000E+00  0.000E+00
        52.8539  0.000E+00  0.278E-03  0.000E+00  0.000E+00 -0.675E+02  0.000E+00  0.000E+00  0.000E+00  0.655E+01  0.000E+00  0.000E+00  0.000E+00  0.000E+00  0.000E+00  0.000E+00  0.000E+00
        53.7471  0.000E+00  0.278E-03  0.000E+00  0.000E+00 -0.675E+02  0.000E+00  0.000E+00  0.000E+00  0.830E+01  0.000E+00  0.000E+00  0.000E+00  0.000E+00  0.000E+00  0.000E+00  0.000E+00
        54.9977  0.000E+00  0.278E-03  0.000E+00  0.000E+00 -0.675E+02  0.000E+00  0.000E+00  0.000E+00  0.978E+01  0.000E+00  0.000E+00  0.000E+00  0.000E+00  0.000E+00  0.000E+00  0.000E+00
        56.2483  0.000E+00  0.278E-03  0.000E+00  0.000E+00 -0.675E+02  0.000E+00  0.000E+00  0.000E+00  0.122E+02  0.000E+00  0.000E+00  0.000E+00  0.000E+00  0.000E+00  0.000E+00  0.000E+00
        57.4989  0.000E+00  0.278E-03  0.000E+00  0.000E+00 -0.675E+02  0.000E+00  0.000E+00  0.000E+00  0.139E+02  0.000E+00  0.000E+00  0.000E+00  0.000E+00  0.000E+00  0.000E+00  0.000E+00
        58.7494  0.000E+00  0.278E-03  0.000E+00  0.000E+00 -0.675E+02  0.000E+00  0.000E+00  0.000E+00  0.156E+02  0.000E+00  0.000E+00  0.000E+00  0.000E+00  0.000E+00  0.000E+00  0.000E+00
        60.0000  0.000E+00  0.278E-03  0.000E+00  0.000E+00 -0.675E+02  0.000E+00  0.000E+00  0.000E+00  0.172E+02  0.000E+00  0.000E+00  0.000E+00  0.000E+00  0.000E+00  0.000E+00  0.000E+00
        60.0010  0.000E+00  0.278E-03  0.000E+00  0.000E+00  0.000E+00  0.000E+00  0.000E+00  0.000E+00  0.186E+02  0.000E+00  0.000E+00  0.000E+00  0.000E+00  0.000E+00  0.000E+00  0.000E+00
        60.0023  0.000E+00  0.278E-03  0.000E+00  0.000E+00  0.000E+00  0.000E+00  0.000E+00  0.000E+00  0.186E+02  0.000E+00  0.000E+00  0.000E+00  0.000E+00  0.000E+00  0.000E+00  0.000E+00
        60.0040  0.000E+00  0.278E-03  0.000E+00  0.000E+00  0.000E+00  0.000E+00  0.000E+00  0.000E+00  0.186E+02  0.000E+00  0.000E+00  0.000E+00  0.000E+00  0.000E+00  0.000E+00  0.000E+00
        60.0062  0.000E+00  0.278E-03  0.000E+00  0.000E+00  0.000E+00  0.000E+00  0.000E+00  0.000E+00  0.186E+02  0.000E+00  0.000E+00  0.000E+00  0.000E+00  0.000E+00  0.000E+00  0.000E+00
        60.0090  0.000E+00  0.278E-03  0.000E+00  0.000E+00  0.000E+00  0.000E+00  0.000E+00  0.000E+00  0.185E+02  0.000E+00  0.000E+00  0.000E+00  0.000E+00  0.000E+00  0.000E+00  0.000E+00
        60.0128  0.000E+00  0.278E-03  0.000E+00  0.000E+00  0.000E+00  0.000E+00  0.000E+00  0.000E+00  0.185E+02  0.000E+00  0.000E+00  0.000E+00  0.000E+00  0.000E+00  0.000E+00  0.000E+00
        60.0176  0.000E+00  0.278E-03  0.000E+00  0.000E+00  0.000E+00  0.000E+00  0.000E+00  0.000E+00  0.185E+02  0.000E+00  0.000E+00  0.000E+00  0.000E+00  0.000E+00  0.000E+00  0.000E+00
        60.0239  0.000E+00  0.278E-03  0.000E+00  0.000E+00  0.000E+00  0.000E+00  0.000E+00  0.000E+00  0.185E+02  0.000E+00  0.000E+00  0.000E+00  0.000E+00  0.000E+00  0.000E+00  0.000E+00
        60.0320  0.000E+00  0.278E-03  0.000E+00  0.000E+00  0.000E+00  0.000E+00  0.000E+00  0.000E+00  0.184E+02  0.000E+00  0.000E+00  0.000E+00  0.000E+00  0.000E+00  0.000E+00  0.000E+00
        60.0426  0.000E+00  0.278E-03  0.000E+00  0.000E+00  0.000E+00  0.000E+00  0.000E+00  0.000E+00  0.184E+02  0.000E+00  0.000E+00  0.000E+00  0.000E+00  0.000E+00  0.000E+00  0.000E+00
        60.0564  0.000E+00  0.278E-03  0.000E+00  0.000E+00  0.000E+00  0.000E+00  0.000E+00  0.000E+00  0.184E+02  0.000E+00  0.000E+00  0.000E+00  0.000E+00  0.000E+00  0.000E+00  0.000E+00
        60.0743  0.000E+00  0.278E-03  0.000E+00  0.000E+00  0.000E+00  0.000E+00  0.000E+00  0.000E+00  0.184E+02  0.000E+00  0.000E+00  0.000E+00  0.000E+00  0.000E+00  0.000E+00  0.000E+00
        60.0976  0.000E+00  0.278E-03  0.000E+00  0.000E+00  0.000E+00  0.000E+00  0.000E+00  0.000E+00  0.183E+02  0.000E+00  0.000E+00  0.000E+00  0.000E+00  0.000E+00  0.000E+00  0.000E+00
        60.1279  0.000E+00  0.278E-03  0.000E+00  0.000E+00  0.000E+00  0.000E+00  0.000E+00  0.000E+00  0.183E+02  0.000E+00  0.000E+00  0.000E+00  0.000E+00  0.000E+00  0.000E+00  0.000E+00
        60.1673  0.000E+00  0.278E-03  0.000E+00  0.000E+00  0.000E+00  0.000E+00  0.000E+00  0.000E+00  0.183E+02  0.000E+00  0.000E+00  0.000E+00  0.000E+00  0.000E+00  0.000E+00  0.000E+00
        60.2185  0.000E+00  0.278E-03  0.000E+00  0.000E+00  0.000E+00  0.000E+00  0.000E+00  0.000E+00  0.183E+02  0.000E+00  0.000E+00  0.000E+00  0.000E+00  0.000E+00  0.000E+00  0.000E+00
        60.2850  0.000E+00  0.278E-03  0.000E+00  0.000E+00  0.000E+00  0.000E+00  0.000E+00  0.000E+00  0.184E+02  0.000E+00  0.000E+00  0.000E+00  0.000E+00  0.000E+00  0.000E+00  0.000E+00
        60.3715  0.000E+00  0.278E-03  0.000E+00  0.000E+00  0.000E+00  0.000E+00  0.000E+00  0.000E+00  0.184E+02  0.000E+00  0.000E+00  0.000E+00  0.000E+00  0.000E+00  0.000E+00  0.000E+00
        60.4840  0.000E+00  0.278E-03  0.000E+00  0.000E+00  0.000E+00  0.000E+00  0.000E+00  0.000E+00  0.185E+02  0.000E+00  0.000E+00  0.000E+00  0.000E+00  0.000E+00  0.000E+00  0.000E+00
        60.6302  0.000E+00  0.278E-03  0.000E+00  0.000E+00  0.000E+00  0.000E+00  0.000E+00  0.000E+00  0.186E+02  0.000E+00  0.000E+00  0.000E+00  0.000E+00  0.000E+00  0.000E+00  0.000E+00
        60.8202  0.000E+00  0.278E-03  0.000E+00  0.000E+00  0.000E+00  0.000E+00  0.000E+00  0.000E+00  0.187E+02  0.000E+00  0.000E+00  0.000E+00  0.000E+00  0.000E+00  0.000E+00  0.000E+00
        61.0673  0.000E+00  0.278E-03  0.000E+00  0.000E+00  0.000E+00  0.000E+00  0.000E+00  0.000E+00  0.189E+02  0.000E+00  0.000E+00  0.000E+00  0.000E+00  0.000E+00  0.000E+00  0.000E+00
        61.3885  0.000E+00  0.278E-03  0.000E+00  0.000E+00  0.000E+00  0.000E+00  0.000E+00  0.000E+00  0.191E+02  0.000E+00  0.000E+00  0.000E+00  0.000E+00  0.000E+00  0.000E+00  0.000E+00
        61.8060  0.000E+00  0.278E-03  0.000E+00  0.000E+00  0.000E+00  0.000E+00  0.000E+00  0.000E+00  0.192E+02  0.000E+00  0.000E+00  0.000E+00  0.000E+00  0.000E+00  0.000E+00  0.000E+00
        62.3488  0.000E+00  0.278E-03  0.000E+00  0.000E+00  0.000E+00  0.000E+00  0.000E+00  0.000E+00  0.191E+02  0.000E+00  0.000E+00  0.000E+00  0.000E+00  0.000E+00  0.000E+00  0.000E+00
        63.0544  0.000E+00  0.278E-03  0.000E+00  0.000E+00  0.000E+00  0.000E+00  0.000E+00  0.000E+00  0.184E+02  0.000E+00  0.000E+00  0.000E+00  0.000E+00  0.000E+00  0.000E+00  0.000E+00
        63.7601  0.000E+00  0.278E-03  0.000E+00  0.000E+00  0.000E+00  0.000E+00  0.000E+00  0.000E+00  0.168E+02  0.000E+00  0.000E+00  0.000E+00  0.000E+00  0.000E+00  0.000E+00  0.000E+00
        64.6774  0.000E+00  0.278E-03  0.000E+00  0.000E+00  0.000E+00  0.000E+00  0.000E+00  0.000E+00  0.156E+02  0.000E+00  0.000E+00  0.000E+00  0.000E+00  0.000E+00  0.000E+00  0.000E+00
        65.5947  0.000E+00  0.278E-03  0.000E+00  0.000E+00  0.000E+00  0.000E+00  0.000E+00  0.000E+00  0.136E+02  0.000E+00  0.000E+00  0.000E+00  0.000E+00  0.000E+00  0.000E+00  0.000E+00
        66.7873  0.000E+00  0.278E-03  0.000E+00  0.000E+00  0.000E+00  0.000E+00  0.000E+00  0.000E+00  0.122E+02  0.000E+00  0.000E+00  0.000E+00  0.000E+00  0.000E+00  0.000E+00  0.000E+00
        67.9798  0.000E+00  0.278E-03  0.000E+00  0.000E+00  0.000E+00  0.000E+00  0.000E+00  0.000E+00  0.102E+02  0.000E+00  0.000E+00  0.000E+00  0.000E+00  0.000E+00  0.000E+00  0.000E+00
        69.5301  0.000E+00  0.278E-03  0.000E+00  0.000E+00  0.000E+00  0.000E+00  0.000E+00  0.000E+00  0.888E+01  0.000E+00  0.000E+00  0.000E+00  0.000E+00  0.000E+00  0.000E+00  0.000E+00
        71.0804  0.000E+00  0.278E-03  0.000E+00  0.000E+00  0.000E+00  0.000E+00  0.000E+00  0.000E+00  0.716E+01  0.000E+00  0.000E+00  0.000E+00  0.000E+00  0.000E+00  0.000E+00  0.000E+00
        73.0958  0.000E+00  0.278E-03  0.000E+00  0.000E+00  0.000E+00  0.000E+00  0.000E+00  0.000E+00  0.607E+01  0.000E+00  0.000E+00  0.000E+00  0.000E+00  0.000E+00  0.000E+00  0.000E+00
        75.1112  0.000E+00  0.278E-03  0.000E+00  0.000E+00  0.000E+00  0.000E+00  0.000E+00  0.000E+00  0.471E+01  0.000E+00  0.000E+00  0.000E+00  0.000E+00  0.000E+00  0.000E+00  0.000E+00
        77.7311  0.000E+00  0.278E-03  0.000E+00  0.000E+00  0.000E+00  0.000E+00  0.000E+00  0.000E+00  0.388E+01  0.000E+00  0.000E+00  0.000E+00  0.000E+00  0.000E+00  0.000E+00  0.000E+00
        80.3511  0.000E+00  0.278E-03  0.000E+00  0.000E+00  0.000E+00  0.000E+00  0.000E+00  0.000E+00  0.289E+01  0.000E+00  0.000E+00  0.000E+00  0.000E+00  0.000E+00  0.000E+00  0.000E+00
        82.9711  0.000E+00  0.278E-03  0.000E+00  0.000E+00  0.000E+00  0.000E+00  0.000E+00  0.000E+00  0.229E+01  0.000E+00  0.000E+00  0.000E+00  0.000E+00  0.000E+00  0.000E+00  0.000E+00
        86.3771  0.000E+00  0.278E-03  0.000E+00  0.000E+00  0.000E+00  0.000E+00  0.000E+00  0.000E+00  0.185E+01  0.000E+00  0.000E+00  0.000E+00  0.000E+00  0.000E+00  0.000E+00  0.000E+00
        89.7394  0.000E+00  0.278E-03  0.000E+00  0.000E+00  0.000E+00  0.000E+00  0.000E+00  0.000E+00  0.133E+01  0.000E+00  0.000E+00  0.000E+00  0.000E+00  0.000E+00  0.000E+00  0.000E+00
        94.0624  0.000E+00  0.278E-03  0.000E+00  0.000E+00  0.000E+00  0.000E+00  0.000E+00  0.000E+00  0.104E+01  0.000E+00  0.000E+00  0.000E+00  0.000E+00  0.000E+00  0.000E+00  0.000E+00
        98.3853  0.000E+00  0.278E-03  0.000E+00  0.000E+00  0.000E+00  0.000E+00  0.000E+00  0.000E+00  0.732E+00  0.000E+00  0.000E+00  0.000E+00  0.000E+00  0.000E+00  0.000E+00  0.000E+00
       103.7890  0.000E+00  0.278E-03  0.000E+00  0.000E+00  0.000E+00  0.000E+00  0.000E+00  0.000E+00  0.553E+00  0.000E+00  0.000E+00  0.000E+00  0.000E+00  0.000E+00  0.000E+00  0.000E+00
       109.1926  0.000E+00  0.278E-03  0.000E+00  0.000E+00  0.000E+00  0.000E+00  0.000E+00  0.000E+00  0.383E+00  0.000E+00  0.000E+00  0.000E+00  0.000E+00  0.000E+00  0.000E+00  0.000E+00
       114.5963  0.000E+00  0.278E-03  0.000E+00  0.000E+00  0.000E+00  0.000E+00  0.000E+00  0.000E+00  0.283E+00  0.000E+00  0.000E+00  0.000E+00  0.000E+00  0.000E+00  0.000E+00  0.000E+00
       120.0000  0.000E+00  0.278E-03  0.000E+00  0.000E+00  0.000E+00  0.000E+00  0.000E+00  0.000E+00  0.214E+00  0.000E+00  0.000E+00  0.000E+00  0.000E+00  0.000E+00  0.000E+00  0.000E+00
       126.0000  0.000E+00  0.278E-03  0.000E+00  0.000E+00  0.000E+00  0.000E+00  0.000E+00  0.000E+00  0.165E+00  0.000E+00  0.000E+00  0.000E+00  0.000E+00  0.000E+00  0.000E+00  0.000E+00
       132.0000  0.000E+00  0.278E-03  0.000E+00  0.000E+00  0.000E+00  0.000E+00  0.000E+00  0.000E+00  0.126E+00  0.000E+00  0.000E+00  0.000E+00  0.000E+00  0.000E+00  0.000E+00  0.000E+00
       138.0000  0.000E+00  0.278E-03  0.000E+00  0.000E+00  0.000E+00  0.000E+00  0.000E+00  0.000E+00  0.994E-01  0.000E+00  0.000E+00  0.000E+00  0.000E+00  0.000E+00  0.000E+00  0.000E+00
       144.0000  0.000E+00  0.278E-03  0.000E+00  0.000E+00  0.000E+00  0.000E+00  0.000E+00  0.000E+00  0.799E-01  0.000E+00  0.000E+00  0.000E+00  0.000E+00  0.000E+00  0.000E+00  0.000E+00
       150.0000  0.000E+00  0.278E-03  0.000E+00  0.000E+00  0.000E+00  0.000E+00  0.000E+00  0.000E+00  0.655E-01  0.000E+00  0.000E+00  0.000E+00  0.000E+00  0.000E+00  0.000E+00  0.000E+00
       157.5000  0.000E+00  0.278E-03  0.000E+00  0.000E+00  0.000E+00  0.000E+00  0.000E+00  0.000E+00  0.546E-01  0.000E+00  0.000E+00  0.000E+00  0.000E+00  0.000E+00  0.000E+00  0.000E+00
       168.7500  0.000E+00  0.278E-03  0.000E+00  0.000E+00  0.000E+00  0.000E+00  0.000E+00  0.000E+00  0.444E-01  0.000E+00  0.000E+00  0.000E+00  0.000E+00  0.000E+00  0.000E+00  0.000E+00
       180.0000  0.000E+00  0.278E-03  0.000E+00  0.000E+00  0.000E+00  0.000E+00  0.000E+00  0.000E+00  0.341E-01  0.000E+00  0.000E+00  0.000E+00  0.000E+00  0.000E+00  0.000E+00  0.000E+00
       192.0000  0.000E+00  0.278E-03  0.000E+00  0.000E+00  0.000E+00  0.000E+00  0.000E+00  0.000E+00  0.278E-01  0.000E+00  0.000E+00  0.000E+00  0.000E+00  0.000E+00  0.000E+00  0.000E+00
       208.0000  0.000E+00  0.278E-03  0.000E+00  0.000E+00  0.000E+00  0.000E+00  0.000E+00  0.000E+00  0.233E-01  0.000E+00  0.000E+00  0.000E+00  0.000E+00  0.000E+00  0.000E+00  0.000E+00
       240.0000  0.000E+00  0.278E-03  0.000E+00  0.000E+00  0.000E+00  0.000E+00  0.000E+00  0.000E+00  0.196E-01  0.000E+00  0.000E+00  0.000E+00  0.000E+00  0.000E+00  0.000E+00  0.000E+00
       261.3721  0.000E+00  0.278E-03  0.000E+00  0.000E+00  0.000E+00  0.000E+00  0.000E+00  0.000E+00  0.159E-01  0.000E+00  0.000E+00  0.000E+00  0.000E+00  0.000E+00  0.000E+00  0.000E+00
       287.8863  0.000E+00  0.278E-03  0.000E+00  0.000E+00  0.000E+00  0.000E+00  0.000E+00  0.000E+00  0.148E-01  0.000E+00  0.000E+00  0.000E+00  0.000E+00  0.000E+00  0.000E+00  0.000E+00
       323.2386  0.000E+00  0.278E-03  0.000E+00  0.000E+00  0.000E+00  0.000E+00  0.000E+00  0.000E+00  0.138E-01  0.000E+00  0.000E+00  0.000E+00  0.000E+00  0.000E+00  0.000E+00  0.000E+00
       367.4289  0.000E+00  0.278E-03  0.000E+00  0.000E+00  0.000E+00  0.000E+00  0.000E+00  0.000E+00  0.130E-01  0.000E+00  0.000E+00  0.000E+00  0.000E+00  0.000E+00  0.000E+00  0.000E+00
       433.7145  0.000E+00  0.278E-03  0.000E+00  0.000E+00  0.000E+00  0.000E+00  0.000E+00  0.000E+00  0.122E-01  0.000E+00  0.000E+00  0.000E+00  0.000E+00  0.000E+00  0.000E+00  0.000E+00
       500.0000  0.000E+00  0.278E-03  0.000E+00  0.000E+00  0.000E+00  0.000E+00  0.000E+00  0.000E+00  0.112E-01  0.000E+00  0.000E+00  0.000E+00  0.000E+00  0.000E+00  0.000E+00  0.000E+00
       573.3333  0.000E+00  0.278E-03  0.000E+00  0.000E+00  0.000E+00  0.000E+00  0.000E+00  0.000E+00  0.102E-01  0.000E+00  0.000E+00  0.000E+00  0.000E+00  0.000E+00  0.000E+00  0.000E+00
       720.0000  0.000E+00  0.278E-03  0.000E+00  0.000E+00  0.000E+00  0.000E+00  0.000E+00  0.000E+00  0.925E-02  0.000E+00  0.000E+00  0.000E+00  0.000E+00  0.000E+00  0.000E+00  0.000E+00
       864.0000  0.000E+00  0.278E-03  0.000E+00  0.000E+00  0.000E+00  0.000E+00  0.000E+00  0.000E+00  0.776E-02  0.000E+00  0.000E+00  0.000E+00  0.000E+00  0.000E+00  0.000E+00  0.000E+00
      1056.0000  0.000E+00  0.278E-03  0.000E+00  0.000E+00  0.000E+00  0.000E+00  0.000E+00  0.000E+00  0.678E-02  0.000E+00  0.000E+00  0.000E+00  0.000E+00  0.000E+00  0.000E+00  0.000E+00
      1248.0000  0.000E+00  0.278E-03  0.000E+00  0.000E+00  0.000E+00  0.000E+00  0.000E+00  0.000E+00  0.590E-02  0.000E+00  0.000E+00  0.000E+00  0.000E+00  0.000E+00  0.000E+00  0.000E+00
      1440.0000  0.000E+00  0.278E-03  0.000E+00  0.000E+00  0.000E+00  0.000E+00  0.000E+00  0.000E+00  0.536E-02  0.000E+00  0.000E+00  0.000E+00  0.000E+00  0.000E+00  0.000E+00  0.000E+00
      1800.0000  0.000E+00  0.278E-03  0.000E+00  0.000E+00  0.000E+00  0.000E+00  0.000E+00  0.000E+00  0.498E-02  0.000E+00  0.000E+00  0.000E+00  0.000E+00  0.000E+00  0.000E+00  0.000E+00
      2160.0000  0.000E+00  0.278E-03  0.000E+00  0.000E+00  0.000E+00  0.000E+00  0.000E+00  0.000E+00  0.461E-02  0.000E+00  0.000E+00  0.000E+00  0.000E+00  0.000E+00  0.000E+00  0.000E+00
      2520.0000  0.000E+00  0.278E-03  0.000E+00  0.000E+00  0.000E+00  0.000E+00  0.000E+00  0.000E+00  0.440E-02  0.000E+00  0.000E+00  0.000E+00  0.000E+00  0.000E+00  0.000E+00  0.000E+00
      2880.0000  0.000E+00  0.278E-03  0.000E+00  0.000E+00  0.000E+00  0.000E+00  0.000E+00  0.000E+00  0.431E-02  0.000E+00  0.000E+00  0.000E+00  0.000E+00  0.000E+00  0.000E+00  0.000E+00
end
