 Welcome to HYDRUS                                                       
 
 Program HYDRUS3
 Date:  18.12.2019    Time:  11:12:38
 Time dependent boundary conditions
 
 Units: L = cm   , T = min  , M = mmol 
 

----------------------------------------------------------
 Time       [T] 0.00000000E+00
----------------------------------------------------------
 Sub-region num.                     1
----------------------------------------------------------
 Volume  [L3]        0.37804E+05  0.37804E+05
 VolumeW [L3]        0.54234E+04  0.54236E+04
 InFlow  [L3/T]      0.00000E+00  0.00000E+00
 hMean   [L]        -0.15650E+04    -1565.018
----------------------------------------------------------

----------------------------------------------------------
 Time       [T]        5.0000
----------------------------------------------------------
 Sub-region num.                     1
----------------------------------------------------------
 Volume  [L3]        0.37804E+05  0.37804E+05
 VolumeW [L3]        0.57611E+04  0.57608E+04
 InFlow  [L3/T]      0.67502E+02  0.67502E+02
 hMean   [L]        -0.46421E+03     -464.208
 WatBalT [L3]        0.29550E+00
 WatBalR [%]               0.031
----------------------------------------------------------

----------------------------------------------------------
 Time       [T]       15.0000
----------------------------------------------------------
 Sub-region num.                     1
----------------------------------------------------------
 Volume  [L3]        0.37804E+05  0.37804E+05
 VolumeW [L3]        0.64357E+04  0.64359E+04
 InFlow  [L3/T]      0.67435E+02  0.67435E+02
 hMean   [L]        -0.37579E+03     -375.789
 WatBalT [L3]       -0.49672E-01
 WatBalR [%]               0.003
----------------------------------------------------------

----------------------------------------------------------
 Time       [T]       30.0000
----------------------------------------------------------
 Sub-region num.                     1
----------------------------------------------------------
 Volume  [L3]        0.37804E+05  0.37804E+05
 VolumeW [L3]        0.74475E+04  0.74479E+04
 InFlow  [L3/T]      0.67452E+02  0.67452E+02
 hMean   [L]        -0.24705E+03     -247.048
 WatBalT [L3]       -0.78149E+00
 WatBalR [%]               0.030
----------------------------------------------------------

----------------------------------------------------------
 Time       [T]       60.0000
----------------------------------------------------------
 Sub-region num.                     1
----------------------------------------------------------
 Volume  [L3]        0.37804E+05  0.37804E+05
 VolumeW [L3]        0.91951E+04  0.91959E+04
 InFlow  [L3/T]      0.42065E+02  0.42065E+02
 hMean   [L]        -0.66774E+02      -66.774
 WatBalT [L3]       -0.13748E+01
 WatBalR [%]               0.032
----------------------------------------------------------

----------------------------------------------------------
 Time       [T]      120.0000
----------------------------------------------------------
 Sub-region num.                     1
----------------------------------------------------------
 Volume  [L3]        0.37804E+05  0.37804E+05
 VolumeW [L3]        0.90565E+04  0.90573E+04
 InFlow  [L3/T]     -0.39027E-01 -0.39027E-01
 hMean   [L]        -0.26861E+02      -26.861
 WatBalT [L3]       -0.15631E+01
 WatBalR [%]               0.035
----------------------------------------------------------

----------------------------------------------------------
 Time       [T]      180.0000
----------------------------------------------------------
 Sub-region num.                     1
----------------------------------------------------------
 Volume  [L3]        0.37804E+05  0.37804E+05
 VolumeW [L3]        0.90556E+04  0.90550E+04
 InFlow  [L3/T]     -0.72645E-02 -0.72645E-02
 hMean   [L]        -0.25530E+02      -25.530
 WatBalT [L3]       -0.15027E+01
 WatBalR [%]               0.034
----------------------------------------------------------

----------------------------------------------------------
 Time       [T]      240.0000
----------------------------------------------------------
 Sub-region num.                     1
----------------------------------------------------------
 Volume  [L3]        0.37804E+05  0.37804E+05
 VolumeW [L3]        0.90553E+04  0.90551E+04
 InFlow  [L3/T]     -0.49040E-02 -0.49040E-02
 hMean   [L]        -0.25673E+02      -25.673
 WatBalT [L3]       -0.14403E+01
 WatBalR [%]               0.032
----------------------------------------------------------

----------------------------------------------------------
 Time       [T]      500.0000
----------------------------------------------------------
 Sub-region num.                     1
----------------------------------------------------------
 Volume  [L3]        0.37804E+05  0.37804E+05
 VolumeW [L3]        0.90542E+04  0.90542E+04
 InFlow  [L3/T]     -0.38620E-02 -0.38620E-02
 hMean   [L]        -0.26940E+02      -26.940
 WatBalT [L3]       -0.13424E+01
 WatBalR [%]               0.030
----------------------------------------------------------

----------------------------------------------------------
 Time       [T]      720.0000
----------------------------------------------------------
 Sub-region num.                     1
----------------------------------------------------------
 Volume  [L3]        0.37804E+05  0.37804E+05
 VolumeW [L3]        0.90546E+04  0.90547E+04
 InFlow  [L3/T]     -0.32834E-02 -0.32834E-02
 hMean   [L]        -0.27656E+02      -27.656
 WatBalT [L3]       -0.14535E+00
 WatBalR [%]               0.003
----------------------------------------------------------

----------------------------------------------------------
 Time       [T]     1440.0000
----------------------------------------------------------
 Sub-region num.                     1
----------------------------------------------------------
 Volume  [L3]        0.37804E+05  0.37804E+05
 VolumeW [L3]        0.90552E+04  0.90552E+04
 InFlow  [L3/T]     -0.24750E-03 -0.24750E-03
 hMean   [L]        -0.28735E+02      -28.735
 WatBalT [L3]        0.21640E+01
 WatBalR [%]               0.048
----------------------------------------------------------

----------------------------------------------------------
 Time       [T]     2160.0000
----------------------------------------------------------
 Sub-region num.                     1
----------------------------------------------------------
 Volume  [L3]        0.37804E+05  0.37804E+05
 VolumeW [L3]        0.90545E+04  0.90546E+04
 InFlow  [L3/T]     -0.12751E-02 -0.12751E-02
 hMean   [L]        -0.29038E+02      -29.038
 WatBalT [L3]        0.28794E+01
 WatBalR [%]               0.064
----------------------------------------------------------

----------------------------------------------------------
 Time       [T]     2880.0000
----------------------------------------------------------
 Sub-region num.                     1
----------------------------------------------------------
 Volume  [L3]        0.37804E+05  0.37804E+05
 VolumeW [L3]        0.90534E+04  0.90535E+04
 InFlow  [L3/T]     -0.15962E-02 -0.15962E-02
 hMean   [L]        -0.29146E+02      -29.146
 WatBalT [L3]        0.30397E+01
 WatBalR [%]               0.068
----------------------------------------------------------
 
 Calculation time [sec]   62.8500000238419     
