 FileVersion=0003
 Welcome to HYDRUS                                                       
 
 Program HYDRUS3
 Date:  18.12.2019    Time:  11:12:38
 Time dependent boundary conditions
 
 Units: L = cm   , T = min  , M = mmol 
 
 All cumulative fluxes (CumQ) are positive out of the region
          Time     CumQAP      CumQRP     CumQA      CumQR     CumQ3       CumQ1      CumQS      CumQ5      CumQ6      CumQ7      CumQ8      CumQ9     CRunOff    cEvapor   cInfiltr
           [T]      [L3]        [L3]       [L3]       [L3]      [L3]        [L3]       [L3]       [L3]       [L3]       [L3]       [L3]       [L3]       [L3]       [L3]       [L3]

         0.0010  0.000E+00  0.000E+00  0.000E+00  0.000E+00 -0.675E-01  0.000E+00  0.000E+00  0.000E+00  0.333E-02  0.000E+00  0.000E+00  0.000E+00  0.000E+00  0.000E+00  0.000E+00
         0.0017  0.000E+00  0.000E+00  0.000E+00  0.000E+00 -0.115E+00  0.000E+00  0.000E+00  0.000E+00  0.440E-02  0.000E+00  0.000E+00  0.000E+00  0.000E+00  0.000E+00  0.000E+00
         0.0024  0.000E+00  0.000E+00  0.000E+00  0.000E+00 -0.162E+00  0.000E+00  0.000E+00  0.000E+00  0.518E-02  0.000E+00  0.000E+00  0.000E+00  0.000E+00  0.000E+00  0.000E+00
         0.0031  0.000E+00  0.000E+00  0.000E+00  0.000E+00 -0.209E+00  0.000E+00  0.000E+00  0.000E+00  0.582E-02  0.000E+00  0.000E+00  0.000E+00  0.000E+00  0.000E+00  0.000E+00
         0.0040  0.000E+00  0.000E+00  0.000E+00  0.000E+00 -0.271E+00  0.000E+00  0.000E+00  0.000E+00  0.652E-02  0.000E+00  0.000E+00  0.000E+00  0.000E+00  0.000E+00  0.000E+00
         0.0052  0.000E+00  0.000E+00  0.000E+00  0.000E+00 -0.351E+00  0.000E+00  0.000E+00  0.000E+00  0.731E-02  0.000E+00  0.000E+00  0.000E+00  0.000E+00  0.000E+00  0.000E+00
         0.0067  0.000E+00  0.000E+00  0.000E+00  0.000E+00 -0.454E+00  0.000E+00  0.000E+00  0.000E+00  0.818E-02  0.000E+00  0.000E+00  0.000E+00  0.000E+00  0.000E+00  0.000E+00
         0.0087  0.000E+00  0.000E+00  0.000E+00  0.000E+00 -0.589E+00  0.000E+00  0.000E+00  0.000E+00  0.916E-02  0.000E+00  0.000E+00  0.000E+00  0.000E+00  0.000E+00  0.000E+00
         0.0113  0.000E+00  0.000E+00  0.000E+00  0.000E+00 -0.765E+00  0.000E+00  0.000E+00  0.000E+00  0.103E-01  0.000E+00  0.000E+00  0.000E+00  0.000E+00  0.000E+00  0.000E+00
         0.0147  0.000E+00  0.000E+00  0.000E+00  0.000E+00 -0.993E+00  0.000E+00  0.000E+00  0.000E+00  0.115E-01  0.000E+00  0.000E+00  0.000E+00  0.000E+00  0.000E+00  0.000E+00
         0.0191  0.000E+00  0.000E+00  0.000E+00  0.000E+00 -0.129E+01  0.000E+00  0.000E+00  0.000E+00  0.129E-01  0.000E+00  0.000E+00  0.000E+00  0.000E+00  0.000E+00  0.000E+00
         0.0248  0.000E+00  0.000E+00  0.000E+00  0.000E+00 -0.167E+01  0.000E+00  0.000E+00  0.000E+00  0.145E-01  0.000E+00  0.000E+00  0.000E+00  0.000E+00  0.000E+00  0.000E+00
         0.0322  0.000E+00  0.000E+00  0.000E+00  0.000E+00 -0.218E+01  0.000E+00  0.000E+00  0.000E+00  0.163E-01  0.000E+00  0.000E+00  0.000E+00  0.000E+00  0.000E+00  0.000E+00
         0.0419  0.000E+00  0.000E+00  0.000E+00  0.000E+00 -0.283E+01  0.000E+00  0.000E+00  0.000E+00  0.183E-01  0.000E+00  0.000E+00  0.000E+00  0.000E+00  0.000E+00  0.000E+00
         0.0544  0.000E+00  0.000E+00  0.000E+00  0.000E+00 -0.367E+01  0.000E+00  0.000E+00  0.000E+00  0.206E-01  0.000E+00  0.000E+00  0.000E+00  0.000E+00  0.000E+00  0.000E+00
         0.0670  0.000E+00  0.000E+00  0.000E+00  0.000E+00 -0.452E+01  0.000E+00  0.000E+00  0.000E+00  0.227E-01  0.000E+00  0.000E+00  0.000E+00  0.000E+00  0.000E+00  0.000E+00
         0.0795  0.000E+00  0.000E+00  0.000E+00  0.000E+00 -0.537E+01  0.000E+00  0.000E+00  0.000E+00  0.245E-01  0.000E+00  0.000E+00  0.000E+00  0.000E+00  0.000E+00  0.000E+00
         0.0958  0.000E+00  0.000E+00  0.000E+00  0.000E+00 -0.647E+01  0.000E+00  0.000E+00  0.000E+00  0.267E-01  0.000E+00  0.000E+00  0.000E+00  0.000E+00  0.000E+00  0.000E+00
         0.1121  0.000E+00  0.000E+00  0.000E+00  0.000E+00 -0.757E+01  0.000E+00  0.000E+00  0.000E+00  0.286E-01  0.000E+00  0.000E+00  0.000E+00  0.000E+00  0.000E+00  0.000E+00
         0.1284  0.000E+00  0.000E+00  0.000E+00  0.000E+00 -0.867E+01  0.000E+00  0.000E+00  0.000E+00  0.303E-01  0.000E+00  0.000E+00  0.000E+00  0.000E+00  0.000E+00  0.000E+00
         0.1448  0.000E+00  0.000E+00  0.000E+00  0.000E+00 -0.977E+01  0.000E+00  0.000E+00  0.000E+00  0.319E-01  0.000E+00  0.000E+00  0.000E+00  0.000E+00  0.000E+00  0.000E+00
         0.1611  0.000E+00  0.000E+00  0.000E+00  0.000E+00 -0.109E+02  0.000E+00  0.000E+00  0.000E+00  0.334E-01  0.000E+00  0.000E+00  0.000E+00  0.000E+00  0.000E+00  0.000E+00
         0.1774  0.000E+00  0.000E+00  0.000E+00  0.000E+00 -0.120E+02  0.000E+00  0.000E+00  0.000E+00  0.348E-01  0.000E+00  0.000E+00  0.000E+00  0.000E+00  0.000E+00  0.000E+00
         0.1937  0.000E+00  0.000E+00  0.000E+00  0.000E+00 -0.131E+02  0.000E+00  0.000E+00  0.000E+00  0.361E-01  0.000E+00  0.000E+00  0.000E+00  0.000E+00  0.000E+00  0.000E+00
         0.2100  0.000E+00  0.000E+00  0.000E+00  0.000E+00 -0.142E+02  0.000E+00  0.000E+00  0.000E+00  0.372E-01  0.000E+00  0.000E+00  0.000E+00  0.000E+00  0.000E+00  0.000E+00
         0.2263  0.000E+00  0.000E+00  0.000E+00  0.000E+00 -0.153E+02  0.000E+00  0.000E+00  0.000E+00  0.384E-01  0.000E+00  0.000E+00  0.000E+00  0.000E+00  0.000E+00  0.000E+00
         0.2426  0.000E+00  0.000E+00  0.000E+00  0.000E+00 -0.164E+02  0.000E+00  0.000E+00  0.000E+00  0.394E-01  0.000E+00  0.000E+00  0.000E+00  0.000E+00  0.000E+00  0.000E+00
         0.2589  0.000E+00  0.000E+00  0.000E+00  0.000E+00 -0.175E+02  0.000E+00  0.000E+00  0.000E+00  0.404E-01  0.000E+00  0.000E+00  0.000E+00  0.000E+00  0.000E+00  0.000E+00
         0.2752  0.000E+00  0.000E+00  0.000E+00  0.000E+00 -0.186E+02  0.000E+00  0.000E+00  0.000E+00  0.413E-01  0.000E+00  0.000E+00  0.000E+00  0.000E+00  0.000E+00  0.000E+00
         0.2915  0.000E+00  0.000E+00  0.000E+00  0.000E+00 -0.197E+02  0.000E+00  0.000E+00  0.000E+00  0.422E-01  0.000E+00  0.000E+00  0.000E+00  0.000E+00  0.000E+00  0.000E+00
         0.3078  0.000E+00  0.000E+00  0.000E+00  0.000E+00 -0.208E+02  0.000E+00  0.000E+00  0.000E+00  0.431E-01  0.000E+00  0.000E+00  0.000E+00  0.000E+00  0.000E+00  0.000E+00
         0.3241  0.000E+00  0.000E+00  0.000E+00  0.000E+00 -0.219E+02  0.000E+00  0.000E+00  0.000E+00  0.439E-01  0.000E+00  0.000E+00  0.000E+00  0.000E+00  0.000E+00  0.000E+00
         0.3405  0.000E+00  0.000E+00  0.000E+00  0.000E+00 -0.230E+02  0.000E+00  0.000E+00  0.000E+00  0.447E-01  0.000E+00  0.000E+00  0.000E+00  0.000E+00  0.000E+00  0.000E+00
         0.3568  0.000E+00  0.000E+00  0.000E+00  0.000E+00 -0.241E+02  0.000E+00  0.000E+00  0.000E+00  0.454E-01  0.000E+00  0.000E+00  0.000E+00  0.000E+00  0.000E+00  0.000E+00
         0.3780  0.000E+00  0.000E+00  0.000E+00  0.000E+00 -0.255E+02  0.000E+00  0.000E+00  0.000E+00  0.463E-01  0.000E+00  0.000E+00  0.000E+00  0.000E+00  0.000E+00  0.000E+00
         0.3992  0.000E+00  0.000E+00  0.000E+00  0.000E+00 -0.269E+02  0.000E+00  0.000E+00  0.000E+00  0.472E-01  0.000E+00  0.000E+00  0.000E+00  0.000E+00  0.000E+00  0.000E+00
         0.4204  0.000E+00  0.000E+00  0.000E+00  0.000E+00 -0.284E+02  0.000E+00  0.000E+00  0.000E+00  0.480E-01  0.000E+00  0.000E+00  0.000E+00  0.000E+00  0.000E+00  0.000E+00
         0.4416  0.000E+00  0.000E+00  0.000E+00  0.000E+00 -0.298E+02  0.000E+00  0.000E+00  0.000E+00  0.488E-01  0.000E+00  0.000E+00  0.000E+00  0.000E+00  0.000E+00  0.000E+00
         0.4628  0.000E+00  0.000E+00  0.000E+00  0.000E+00 -0.312E+02  0.000E+00  0.000E+00  0.000E+00  0.496E-01  0.000E+00  0.000E+00  0.000E+00  0.000E+00  0.000E+00  0.000E+00
         0.4840  0.000E+00  0.000E+00  0.000E+00  0.000E+00 -0.327E+02  0.000E+00  0.000E+00  0.000E+00  0.503E-01  0.000E+00  0.000E+00  0.000E+00  0.000E+00  0.000E+00  0.000E+00
         0.5052  0.000E+00  0.000E+00  0.000E+00  0.000E+00 -0.341E+02  0.000E+00  0.000E+00  0.000E+00  0.510E-01  0.000E+00  0.000E+00  0.000E+00  0.000E+00  0.000E+00  0.000E+00
         0.5264  0.000E+00  0.000E+00  0.000E+00  0.000E+00 -0.355E+02  0.000E+00  0.000E+00  0.000E+00  0.517E-01  0.000E+00  0.000E+00  0.000E+00  0.000E+00  0.000E+00  0.000E+00
         0.5476  0.000E+00  0.000E+00  0.000E+00  0.000E+00 -0.370E+02  0.000E+00  0.000E+00  0.000E+00  0.523E-01  0.000E+00  0.000E+00  0.000E+00  0.000E+00  0.000E+00  0.000E+00
         0.5688  0.000E+00  0.000E+00  0.000E+00  0.000E+00 -0.384E+02  0.000E+00  0.000E+00  0.000E+00  0.529E-01  0.000E+00  0.000E+00  0.000E+00  0.000E+00  0.000E+00  0.000E+00
         0.5900  0.000E+00  0.000E+00  0.000E+00  0.000E+00 -0.398E+02  0.000E+00  0.000E+00  0.000E+00  0.535E-01  0.000E+00  0.000E+00  0.000E+00  0.000E+00  0.000E+00  0.000E+00
         0.6112  0.000E+00  0.000E+00  0.000E+00  0.000E+00 -0.413E+02  0.000E+00  0.000E+00  0.000E+00  0.541E-01  0.000E+00  0.000E+00  0.000E+00  0.000E+00  0.000E+00  0.000E+00
         0.6324  0.000E+00  0.000E+00  0.000E+00  0.000E+00 -0.427E+02  0.000E+00  0.000E+00  0.000E+00  0.546E-01  0.000E+00  0.000E+00  0.000E+00  0.000E+00  0.000E+00  0.000E+00
         0.6536  0.000E+00  0.000E+00  0.000E+00  0.000E+00 -0.441E+02  0.000E+00  0.000E+00  0.000E+00  0.551E-01  0.000E+00  0.000E+00  0.000E+00  0.000E+00  0.000E+00  0.000E+00
         0.6748  0.000E+00  0.000E+00  0.000E+00  0.000E+00 -0.455E+02  0.000E+00  0.000E+00  0.000E+00  0.557E-01  0.000E+00  0.000E+00  0.000E+00  0.000E+00  0.000E+00  0.000E+00
         0.6960  0.000E+00  0.000E+00  0.000E+00  0.000E+00 -0.470E+02  0.000E+00  0.000E+00  0.000E+00  0.562E-01  0.000E+00  0.000E+00  0.000E+00  0.000E+00  0.000E+00  0.000E+00
         0.7172  0.000E+00  0.000E+00  0.000E+00  0.000E+00 -0.484E+02  0.000E+00  0.000E+00  0.000E+00  0.566E-01  0.000E+00  0.000E+00  0.000E+00  0.000E+00  0.000E+00  0.000E+00
         0.7384  0.000E+00  0.000E+00  0.000E+00  0.000E+00 -0.498E+02  0.000E+00  0.000E+00  0.000E+00  0.571E-01  0.000E+00  0.000E+00  0.000E+00  0.000E+00  0.000E+00  0.000E+00
         0.7596  0.000E+00  0.000E+00  0.000E+00  0.000E+00 -0.513E+02  0.000E+00  0.000E+00  0.000E+00  0.575E-01  0.000E+00  0.000E+00  0.000E+00  0.000E+00  0.000E+00  0.000E+00
         0.7872  0.000E+00  0.000E+00  0.000E+00  0.000E+00 -0.531E+02  0.000E+00  0.000E+00  0.000E+00  0.581E-01  0.000E+00  0.000E+00  0.000E+00  0.000E+00  0.000E+00  0.000E+00
         0.8147  0.000E+00  0.000E+00  0.000E+00  0.000E+00 -0.550E+02  0.000E+00  0.000E+00  0.000E+00  0.587E-01  0.000E+00  0.000E+00  0.000E+00  0.000E+00  0.000E+00  0.000E+00
         0.8423  0.000E+00  0.000E+00  0.000E+00  0.000E+00 -0.569E+02  0.000E+00  0.000E+00  0.000E+00  0.592E-01  0.000E+00  0.000E+00  0.000E+00  0.000E+00  0.000E+00  0.000E+00
         0.8698  0.000E+00  0.000E+00  0.000E+00  0.000E+00 -0.587E+02  0.000E+00  0.000E+00  0.000E+00  0.597E-01  0.000E+00  0.000E+00  0.000E+00  0.000E+00  0.000E+00  0.000E+00
         0.8974  0.000E+00  0.000E+00  0.000E+00  0.000E+00 -0.606E+02  0.000E+00  0.000E+00  0.000E+00  0.602E-01  0.000E+00  0.000E+00  0.000E+00  0.000E+00  0.000E+00  0.000E+00
         0.9250  0.000E+00  0.000E+00  0.000E+00  0.000E+00 -0.624E+02  0.000E+00  0.000E+00  0.000E+00  0.607E-01  0.000E+00  0.000E+00  0.000E+00  0.000E+00  0.000E+00  0.000E+00
         0.9525  0.000E+00  0.000E+00  0.000E+00  0.000E+00 -0.643E+02  0.000E+00  0.000E+00  0.000E+00  0.611E-01  0.000E+00  0.000E+00  0.000E+00  0.000E+00  0.000E+00  0.000E+00
         0.9801  0.000E+00  0.000E+00  0.000E+00  0.000E+00 -0.662E+02  0.000E+00  0.000E+00  0.000E+00  0.616E-01  0.000E+00  0.000E+00  0.000E+00  0.000E+00  0.000E+00  0.000E+00
         1.0076  0.000E+00  0.000E+00  0.000E+00  0.000E+00 -0.680E+02  0.000E+00  0.000E+00  0.000E+00  0.620E-01  0.000E+00  0.000E+00  0.000E+00  0.000E+00  0.000E+00  0.000E+00
         1.0352  0.000E+00  0.000E+00  0.000E+00  0.000E+00 -0.699E+02  0.000E+00  0.000E+00  0.000E+00  0.624E-01  0.000E+00  0.000E+00  0.000E+00  0.000E+00  0.000E+00  0.000E+00
         1.0628  0.000E+00  0.000E+00  0.000E+00  0.000E+00 -0.717E+02  0.000E+00  0.000E+00  0.000E+00  0.628E-01  0.000E+00  0.000E+00  0.000E+00  0.000E+00  0.000E+00  0.000E+00
         1.0903  0.000E+00  0.000E+00  0.000E+00  0.000E+00 -0.736E+02  0.000E+00  0.000E+00  0.000E+00  0.632E-01  0.000E+00  0.000E+00  0.000E+00  0.000E+00  0.000E+00  0.000E+00
         1.1179  0.000E+00  0.000E+00  0.000E+00  0.000E+00 -0.755E+02  0.000E+00  0.000E+00  0.000E+00  0.636E-01  0.000E+00  0.000E+00  0.000E+00  0.000E+00  0.000E+00  0.000E+00
         1.1537  0.000E+00  0.000E+00  0.000E+00  0.000E+00 -0.779E+02  0.000E+00  0.000E+00  0.000E+00  0.641E-01  0.000E+00  0.000E+00  0.000E+00  0.000E+00  0.000E+00  0.000E+00
         1.1896  0.000E+00  0.000E+00  0.000E+00  0.000E+00 -0.803E+02  0.000E+00  0.000E+00  0.000E+00  0.646E-01  0.000E+00  0.000E+00  0.000E+00  0.000E+00  0.000E+00  0.000E+00
         1.2254  0.000E+00  0.000E+00  0.000E+00  0.000E+00 -0.827E+02  0.000E+00  0.000E+00  0.000E+00  0.650E-01  0.000E+00  0.000E+00  0.000E+00  0.000E+00  0.000E+00  0.000E+00
         1.2612  0.000E+00  0.000E+00  0.000E+00  0.000E+00 -0.851E+02  0.000E+00  0.000E+00  0.000E+00  0.655E-01  0.000E+00  0.000E+00  0.000E+00  0.000E+00  0.000E+00  0.000E+00
         1.2970  0.000E+00  0.000E+00  0.000E+00  0.000E+00 -0.876E+02  0.000E+00  0.000E+00  0.000E+00  0.659E-01  0.000E+00  0.000E+00  0.000E+00  0.000E+00  0.000E+00  0.000E+00
         1.3329  0.000E+00  0.000E+00  0.000E+00  0.000E+00 -0.900E+02  0.000E+00  0.000E+00  0.000E+00  0.663E-01  0.000E+00  0.000E+00  0.000E+00  0.000E+00  0.000E+00  0.000E+00
         1.3687  0.000E+00  0.000E+00  0.000E+00  0.000E+00 -0.924E+02  0.000E+00  0.000E+00  0.000E+00  0.667E-01  0.000E+00  0.000E+00  0.000E+00  0.000E+00  0.000E+00  0.000E+00
         1.4045  0.000E+00  0.000E+00  0.000E+00  0.000E+00 -0.948E+02  0.000E+00  0.000E+00  0.000E+00  0.671E-01  0.000E+00  0.000E+00  0.000E+00  0.000E+00  0.000E+00  0.000E+00
         1.4404  0.000E+00  0.000E+00  0.000E+00  0.000E+00 -0.972E+02  0.000E+00  0.000E+00  0.000E+00  0.675E-01  0.000E+00  0.000E+00  0.000E+00  0.000E+00  0.000E+00  0.000E+00
         1.4869  0.000E+00  0.000E+00  0.000E+00  0.000E+00 -0.100E+03  0.000E+00  0.000E+00  0.000E+00  0.680E-01  0.000E+00  0.000E+00  0.000E+00  0.000E+00  0.000E+00  0.000E+00
         1.5335  0.000E+00  0.000E+00  0.000E+00  0.000E+00 -0.104E+03  0.000E+00  0.000E+00  0.000E+00  0.684E-01  0.000E+00  0.000E+00  0.000E+00  0.000E+00  0.000E+00  0.000E+00
         1.5801  0.000E+00  0.000E+00  0.000E+00  0.000E+00 -0.107E+03  0.000E+00  0.000E+00  0.000E+00  0.689E-01  0.000E+00  0.000E+00  0.000E+00  0.000E+00  0.000E+00  0.000E+00
         1.6267  0.000E+00  0.000E+00  0.000E+00  0.000E+00 -0.110E+03  0.000E+00  0.000E+00  0.000E+00  0.693E-01  0.000E+00  0.000E+00  0.000E+00  0.000E+00  0.000E+00  0.000E+00
         1.6733  0.000E+00  0.000E+00  0.000E+00  0.000E+00 -0.113E+03  0.000E+00  0.000E+00  0.000E+00  0.697E-01  0.000E+00  0.000E+00  0.000E+00  0.000E+00  0.000E+00  0.000E+00
         1.7198  0.000E+00  0.000E+00  0.000E+00  0.000E+00 -0.116E+03  0.000E+00  0.000E+00  0.000E+00  0.701E-01  0.000E+00  0.000E+00  0.000E+00  0.000E+00  0.000E+00  0.000E+00
         1.7664  0.000E+00  0.000E+00  0.000E+00  0.000E+00 -0.119E+03  0.000E+00  0.000E+00  0.000E+00  0.705E-01  0.000E+00  0.000E+00  0.000E+00  0.000E+00  0.000E+00  0.000E+00
         1.8130  0.000E+00  0.000E+00  0.000E+00  0.000E+00 -0.122E+03  0.000E+00  0.000E+00  0.000E+00  0.709E-01  0.000E+00  0.000E+00  0.000E+00  0.000E+00  0.000E+00  0.000E+00
         1.8596  0.000E+00  0.000E+00  0.000E+00  0.000E+00 -0.126E+03  0.000E+00  0.000E+00  0.000E+00  0.713E-01  0.000E+00  0.000E+00  0.000E+00  0.000E+00  0.000E+00  0.000E+00
         1.9201  0.000E+00  0.000E+00  0.000E+00  0.000E+00 -0.130E+03  0.000E+00  0.000E+00  0.000E+00  0.717E-01  0.000E+00  0.000E+00  0.000E+00  0.000E+00  0.000E+00  0.000E+00
         1.9807  0.000E+00  0.000E+00  0.000E+00  0.000E+00 -0.134E+03  0.000E+00  0.000E+00  0.000E+00  0.722E-01  0.000E+00  0.000E+00  0.000E+00  0.000E+00  0.000E+00  0.000E+00
         2.0412  0.000E+00  0.000E+00  0.000E+00  0.000E+00 -0.138E+03  0.000E+00  0.000E+00  0.000E+00  0.726E-01  0.000E+00  0.000E+00  0.000E+00  0.000E+00  0.000E+00  0.000E+00
         2.1018  0.000E+00  0.000E+00  0.000E+00  0.000E+00 -0.142E+03  0.000E+00  0.000E+00  0.000E+00  0.730E-01  0.000E+00  0.000E+00  0.000E+00  0.000E+00  0.000E+00  0.000E+00
         2.1623  0.000E+00  0.000E+00  0.000E+00  0.000E+00 -0.146E+03  0.000E+00  0.000E+00  0.000E+00  0.734E-01  0.000E+00  0.000E+00  0.000E+00  0.000E+00  0.000E+00  0.000E+00
         2.2229  0.000E+00  0.000E+00  0.000E+00  0.000E+00 -0.150E+03  0.000E+00  0.000E+00  0.000E+00  0.738E-01  0.000E+00  0.000E+00  0.000E+00  0.000E+00  0.000E+00  0.000E+00
         2.2834  0.000E+00  0.000E+00  0.000E+00  0.000E+00 -0.154E+03  0.000E+00  0.000E+00  0.000E+00  0.742E-01  0.000E+00  0.000E+00  0.000E+00  0.000E+00  0.000E+00  0.000E+00
         2.3440  0.000E+00  0.000E+00  0.000E+00  0.000E+00 -0.158E+03  0.000E+00  0.000E+00  0.000E+00  0.745E-01  0.000E+00  0.000E+00  0.000E+00  0.000E+00  0.000E+00  0.000E+00
         2.4046  0.000E+00  0.000E+00  0.000E+00  0.000E+00 -0.162E+03  0.000E+00  0.000E+00  0.000E+00  0.749E-01  0.000E+00  0.000E+00  0.000E+00  0.000E+00  0.000E+00  0.000E+00
         2.4833  0.000E+00  0.000E+00  0.000E+00  0.000E+00 -0.168E+03  0.000E+00  0.000E+00  0.000E+00  0.753E-01  0.000E+00  0.000E+00  0.000E+00  0.000E+00  0.000E+00  0.000E+00
         2.5620  0.000E+00  0.000E+00  0.000E+00  0.000E+00 -0.173E+03  0.000E+00  0.000E+00  0.000E+00  0.757E-01  0.000E+00  0.000E+00  0.000E+00  0.000E+00  0.000E+00  0.000E+00
         2.6407  0.000E+00  0.000E+00  0.000E+00  0.000E+00 -0.178E+03  0.000E+00  0.000E+00  0.000E+00  0.762E-01  0.000E+00  0.000E+00  0.000E+00  0.000E+00  0.000E+00  0.000E+00
         2.7194  0.000E+00  0.000E+00  0.000E+00  0.000E+00 -0.184E+03  0.000E+00  0.000E+00  0.000E+00  0.765E-01  0.000E+00  0.000E+00  0.000E+00  0.000E+00  0.000E+00  0.000E+00
         2.7981  0.000E+00  0.000E+00  0.000E+00  0.000E+00 -0.189E+03  0.000E+00  0.000E+00  0.000E+00  0.769E-01  0.000E+00  0.000E+00  0.000E+00  0.000E+00  0.000E+00  0.000E+00
         2.8769  0.000E+00  0.000E+00  0.000E+00  0.000E+00 -0.194E+03  0.000E+00  0.000E+00  0.000E+00  0.773E-01  0.000E+00  0.000E+00  0.000E+00  0.000E+00  0.000E+00  0.000E+00
         2.9556  0.000E+00  0.000E+00  0.000E+00  0.000E+00 -0.200E+03  0.000E+00  0.000E+00  0.000E+00  0.776E-01  0.000E+00  0.000E+00  0.000E+00  0.000E+00  0.000E+00  0.000E+00
         3.0343  0.000E+00  0.000E+00  0.000E+00  0.000E+00 -0.205E+03  0.000E+00  0.000E+00  0.000E+00  0.780E-01  0.000E+00  0.000E+00  0.000E+00  0.000E+00  0.000E+00  0.000E+00
         3.1130  0.000E+00  0.000E+00  0.000E+00  0.000E+00 -0.210E+03  0.000E+00  0.000E+00  0.000E+00  0.783E-01  0.000E+00  0.000E+00  0.000E+00  0.000E+00  0.000E+00  0.000E+00
         3.1917  0.000E+00  0.000E+00  0.000E+00  0.000E+00 -0.215E+03  0.000E+00  0.000E+00  0.000E+00  0.786E-01  0.000E+00  0.000E+00  0.000E+00  0.000E+00  0.000E+00  0.000E+00
         3.2705  0.000E+00  0.000E+00  0.000E+00  0.000E+00 -0.221E+03  0.000E+00  0.000E+00  0.000E+00  0.790E-01  0.000E+00  0.000E+00  0.000E+00  0.000E+00  0.000E+00  0.000E+00
         3.3728  0.000E+00  0.000E+00  0.000E+00  0.000E+00 -0.228E+03  0.000E+00  0.000E+00  0.000E+00  0.793E-01  0.000E+00  0.000E+00  0.000E+00  0.000E+00  0.000E+00  0.000E+00
         3.4751  0.000E+00  0.000E+00  0.000E+00  0.000E+00 -0.235E+03  0.000E+00  0.000E+00  0.000E+00  0.797E-01  0.000E+00  0.000E+00  0.000E+00  0.000E+00  0.000E+00  0.000E+00
         3.5775  0.000E+00  0.000E+00  0.000E+00  0.000E+00 -0.241E+03  0.000E+00  0.000E+00  0.000E+00  0.801E-01  0.000E+00  0.000E+00  0.000E+00  0.000E+00  0.000E+00  0.000E+00
         3.6798  0.000E+00  0.000E+00  0.000E+00  0.000E+00 -0.248E+03  0.000E+00  0.000E+00  0.000E+00  0.804E-01  0.000E+00  0.000E+00  0.000E+00  0.000E+00  0.000E+00  0.000E+00
         3.7821  0.000E+00  0.000E+00  0.000E+00  0.000E+00 -0.255E+03  0.000E+00  0.000E+00  0.000E+00  0.808E-01  0.000E+00  0.000E+00  0.000E+00  0.000E+00  0.000E+00  0.000E+00
         3.8845  0.000E+00  0.000E+00  0.000E+00  0.000E+00 -0.262E+03  0.000E+00  0.000E+00  0.000E+00  0.811E-01  0.000E+00  0.000E+00  0.000E+00  0.000E+00  0.000E+00  0.000E+00
         3.9868  0.000E+00  0.000E+00  0.000E+00  0.000E+00 -0.269E+03  0.000E+00  0.000E+00  0.000E+00  0.814E-01  0.000E+00  0.000E+00  0.000E+00  0.000E+00  0.000E+00  0.000E+00
         4.0881  0.000E+00  0.000E+00  0.000E+00  0.000E+00 -0.276E+03  0.000E+00  0.000E+00  0.000E+00  0.817E-01  0.000E+00  0.000E+00  0.000E+00  0.000E+00  0.000E+00  0.000E+00
         4.1894  0.000E+00  0.000E+00  0.000E+00  0.000E+00 -0.283E+03  0.000E+00  0.000E+00  0.000E+00  0.820E-01  0.000E+00  0.000E+00  0.000E+00  0.000E+00  0.000E+00  0.000E+00
         4.2908  0.000E+00  0.000E+00  0.000E+00  0.000E+00 -0.290E+03  0.000E+00  0.000E+00  0.000E+00  0.823E-01  0.000E+00  0.000E+00  0.000E+00  0.000E+00  0.000E+00  0.000E+00
         4.3921  0.000E+00  0.000E+00  0.000E+00  0.000E+00 -0.296E+03  0.000E+00  0.000E+00  0.000E+00  0.825E-01  0.000E+00  0.000E+00  0.000E+00  0.000E+00  0.000E+00  0.000E+00
         4.4934  0.000E+00  0.000E+00  0.000E+00  0.000E+00 -0.303E+03  0.000E+00  0.000E+00  0.000E+00  0.828E-01  0.000E+00  0.000E+00  0.000E+00  0.000E+00  0.000E+00  0.000E+00
         4.5947  0.000E+00  0.000E+00  0.000E+00  0.000E+00 -0.310E+03  0.000E+00  0.000E+00  0.000E+00  0.831E-01  0.000E+00  0.000E+00  0.000E+00  0.000E+00  0.000E+00  0.000E+00
         4.6960  0.000E+00  0.000E+00  0.000E+00  0.000E+00 -0.317E+03  0.000E+00  0.000E+00  0.000E+00  0.833E-01  0.000E+00  0.000E+00  0.000E+00  0.000E+00  0.000E+00  0.000E+00
         4.8480  0.000E+00  0.000E+00  0.000E+00  0.000E+00 -0.327E+03  0.000E+00  0.000E+00  0.000E+00  0.837E-01  0.000E+00  0.000E+00  0.000E+00  0.000E+00  0.000E+00  0.000E+00
         5.0000  0.000E+00  0.000E+00  0.000E+00  0.000E+00 -0.337E+03  0.000E+00  0.000E+00  0.000E+00  0.840E-01  0.000E+00  0.000E+00  0.000E+00  0.000E+00  0.000E+00  0.000E+00
         5.1330  0.000E+00  0.000E+00  0.000E+00  0.000E+00 -0.346E+03  0.000E+00  0.000E+00  0.000E+00  0.843E-01  0.000E+00  0.000E+00  0.000E+00  0.000E+00  0.000E+00  0.000E+00
         5.2661  0.000E+00  0.000E+00  0.000E+00  0.000E+00 -0.355E+03  0.000E+00  0.000E+00  0.000E+00  0.846E-01  0.000E+00  0.000E+00  0.000E+00  0.000E+00  0.000E+00  0.000E+00
         5.3991  0.000E+00  0.000E+00  0.000E+00  0.000E+00 -0.364E+03  0.000E+00  0.000E+00  0.000E+00  0.849E-01  0.000E+00  0.000E+00  0.000E+00  0.000E+00  0.000E+00  0.000E+00
         5.5321  0.000E+00  0.000E+00  0.000E+00  0.000E+00 -0.373E+03  0.000E+00  0.000E+00  0.000E+00  0.851E-01  0.000E+00  0.000E+00  0.000E+00  0.000E+00  0.000E+00  0.000E+00
         5.6652  0.000E+00  0.000E+00  0.000E+00  0.000E+00 -0.382E+03  0.000E+00  0.000E+00  0.000E+00  0.854E-01  0.000E+00  0.000E+00  0.000E+00  0.000E+00  0.000E+00  0.000E+00
         5.7982  0.000E+00  0.000E+00  0.000E+00  0.000E+00 -0.391E+03  0.000E+00  0.000E+00  0.000E+00  0.856E-01  0.000E+00  0.000E+00  0.000E+00  0.000E+00  0.000E+00  0.000E+00
         5.9312  0.000E+00  0.000E+00  0.000E+00  0.000E+00 -0.400E+03  0.000E+00  0.000E+00  0.000E+00  0.858E-01  0.000E+00  0.000E+00  0.000E+00  0.000E+00  0.000E+00  0.000E+00
         6.0643  0.000E+00  0.000E+00  0.000E+00  0.000E+00 -0.409E+03  0.000E+00  0.000E+00  0.000E+00  0.861E-01  0.000E+00  0.000E+00  0.000E+00  0.000E+00  0.000E+00  0.000E+00
         6.1973  0.000E+00  0.000E+00  0.000E+00  0.000E+00 -0.418E+03  0.000E+00  0.000E+00  0.000E+00  0.863E-01  0.000E+00  0.000E+00  0.000E+00  0.000E+00  0.000E+00  0.000E+00
         6.3303  0.000E+00  0.000E+00  0.000E+00  0.000E+00 -0.427E+03  0.000E+00  0.000E+00  0.000E+00  0.865E-01  0.000E+00  0.000E+00  0.000E+00  0.000E+00  0.000E+00  0.000E+00
         6.4634  0.000E+00  0.000E+00  0.000E+00  0.000E+00 -0.436E+03  0.000E+00  0.000E+00  0.000E+00  0.867E-01  0.000E+00  0.000E+00  0.000E+00  0.000E+00  0.000E+00  0.000E+00
         6.5964  0.000E+00  0.000E+00  0.000E+00  0.000E+00 -0.445E+03  0.000E+00  0.000E+00  0.000E+00  0.869E-01  0.000E+00  0.000E+00  0.000E+00  0.000E+00  0.000E+00  0.000E+00
         6.7295  0.000E+00  0.000E+00  0.000E+00  0.000E+00 -0.454E+03  0.000E+00  0.000E+00  0.000E+00  0.871E-01  0.000E+00  0.000E+00  0.000E+00  0.000E+00  0.000E+00  0.000E+00
         6.8625  0.000E+00  0.000E+00  0.000E+00  0.000E+00 -0.463E+03  0.000E+00  0.000E+00  0.000E+00  0.873E-01  0.000E+00  0.000E+00  0.000E+00  0.000E+00  0.000E+00  0.000E+00
         6.9955  0.000E+00  0.000E+00  0.000E+00  0.000E+00 -0.472E+03  0.000E+00  0.000E+00  0.000E+00  0.875E-01  0.000E+00  0.000E+00  0.000E+00  0.000E+00  0.000E+00  0.000E+00
         7.1286  0.000E+00  0.000E+00  0.000E+00  0.000E+00 -0.481E+03  0.000E+00  0.000E+00  0.000E+00  0.877E-01  0.000E+00  0.000E+00  0.000E+00  0.000E+00  0.000E+00  0.000E+00
         7.2616  0.000E+00  0.000E+00  0.000E+00  0.000E+00 -0.490E+03  0.000E+00  0.000E+00  0.000E+00  0.878E-01  0.000E+00  0.000E+00  0.000E+00  0.000E+00  0.000E+00  0.000E+00
         7.3946  0.000E+00  0.000E+00  0.000E+00  0.000E+00 -0.499E+03  0.000E+00  0.000E+00  0.000E+00  0.880E-01  0.000E+00  0.000E+00  0.000E+00  0.000E+00  0.000E+00  0.000E+00
         7.5277  0.000E+00  0.000E+00  0.000E+00  0.000E+00 -0.508E+03  0.000E+00  0.000E+00  0.000E+00  0.882E-01  0.000E+00  0.000E+00  0.000E+00  0.000E+00  0.000E+00  0.000E+00
         7.6607  0.000E+00  0.000E+00  0.000E+00  0.000E+00 -0.517E+03  0.000E+00  0.000E+00  0.000E+00  0.883E-01  0.000E+00  0.000E+00  0.000E+00  0.000E+00  0.000E+00  0.000E+00
         7.7937  0.000E+00  0.000E+00  0.000E+00  0.000E+00 -0.526E+03  0.000E+00  0.000E+00  0.000E+00  0.885E-01  0.000E+00  0.000E+00  0.000E+00  0.000E+00  0.000E+00  0.000E+00
         7.9268  0.000E+00  0.000E+00  0.000E+00  0.000E+00 -0.535E+03  0.000E+00  0.000E+00  0.000E+00  0.886E-01  0.000E+00  0.000E+00  0.000E+00  0.000E+00  0.000E+00  0.000E+00
         8.0598  0.000E+00  0.000E+00  0.000E+00  0.000E+00 -0.544E+03  0.000E+00  0.000E+00  0.000E+00  0.888E-01  0.000E+00  0.000E+00  0.000E+00  0.000E+00  0.000E+00  0.000E+00
         8.1928  0.000E+00  0.000E+00  0.000E+00  0.000E+00 -0.553E+03  0.000E+00  0.000E+00  0.000E+00  0.889E-01  0.000E+00  0.000E+00  0.000E+00  0.000E+00  0.000E+00  0.000E+00
         8.3259  0.000E+00  0.000E+00  0.000E+00  0.000E+00 -0.562E+03  0.000E+00  0.000E+00  0.000E+00  0.891E-01  0.000E+00  0.000E+00  0.000E+00  0.000E+00  0.000E+00  0.000E+00
         8.4589  0.000E+00  0.000E+00  0.000E+00  0.000E+00 -0.571E+03  0.000E+00  0.000E+00  0.000E+00  0.892E-01  0.000E+00  0.000E+00  0.000E+00  0.000E+00  0.000E+00  0.000E+00
         8.5919  0.000E+00  0.000E+00  0.000E+00  0.000E+00 -0.580E+03  0.000E+00  0.000E+00  0.000E+00  0.893E-01  0.000E+00  0.000E+00  0.000E+00  0.000E+00  0.000E+00  0.000E+00
         8.7250  0.000E+00  0.000E+00  0.000E+00  0.000E+00 -0.589E+03  0.000E+00  0.000E+00  0.000E+00  0.895E-01  0.000E+00  0.000E+00  0.000E+00  0.000E+00  0.000E+00  0.000E+00
         8.8580  0.000E+00  0.000E+00  0.000E+00  0.000E+00 -0.598E+03  0.000E+00  0.000E+00  0.000E+00  0.896E-01  0.000E+00  0.000E+00  0.000E+00  0.000E+00  0.000E+00  0.000E+00
         8.9910  0.000E+00  0.000E+00  0.000E+00  0.000E+00 -0.607E+03  0.000E+00  0.000E+00  0.000E+00  0.897E-01  0.000E+00  0.000E+00  0.000E+00  0.000E+00  0.000E+00  0.000E+00
         9.1241  0.000E+00  0.000E+00  0.000E+00  0.000E+00 -0.616E+03  0.000E+00  0.000E+00  0.000E+00  0.898E-01  0.000E+00  0.000E+00  0.000E+00  0.000E+00  0.000E+00  0.000E+00
         9.2571  0.000E+00  0.000E+00  0.000E+00  0.000E+00 -0.625E+03  0.000E+00  0.000E+00  0.000E+00  0.899E-01  0.000E+00  0.000E+00  0.000E+00  0.000E+00  0.000E+00  0.000E+00
         9.3901  0.000E+00  0.000E+00  0.000E+00  0.000E+00 -0.634E+03  0.000E+00  0.000E+00  0.000E+00  0.901E-01  0.000E+00  0.000E+00  0.000E+00  0.000E+00  0.000E+00  0.000E+00
         9.5232  0.000E+00  0.000E+00  0.000E+00  0.000E+00 -0.643E+03  0.000E+00  0.000E+00  0.000E+00  0.902E-01  0.000E+00  0.000E+00  0.000E+00  0.000E+00  0.000E+00  0.000E+00
         9.6562  0.000E+00  0.000E+00  0.000E+00  0.000E+00 -0.652E+03  0.000E+00  0.000E+00  0.000E+00  0.903E-01  0.000E+00  0.000E+00  0.000E+00  0.000E+00  0.000E+00  0.000E+00
         9.7892  0.000E+00  0.000E+00  0.000E+00  0.000E+00 -0.661E+03  0.000E+00  0.000E+00  0.000E+00  0.904E-01  0.000E+00  0.000E+00  0.000E+00  0.000E+00  0.000E+00  0.000E+00
         9.9622  0.000E+00  0.000E+00  0.000E+00  0.000E+00 -0.672E+03  0.000E+00  0.000E+00  0.000E+00  0.905E-01  0.000E+00  0.000E+00  0.000E+00  0.000E+00  0.000E+00  0.000E+00
        10.1351  0.000E+00  0.000E+00  0.000E+00  0.000E+00 -0.684E+03  0.000E+00  0.000E+00  0.000E+00  0.906E-01  0.000E+00  0.000E+00  0.000E+00  0.000E+00  0.000E+00  0.000E+00
        10.3081  0.000E+00  0.000E+00  0.000E+00  0.000E+00 -0.696E+03  0.000E+00  0.000E+00  0.000E+00  0.908E-01  0.000E+00  0.000E+00  0.000E+00  0.000E+00  0.000E+00  0.000E+00
        10.4810  0.000E+00  0.000E+00  0.000E+00  0.000E+00 -0.707E+03  0.000E+00  0.000E+00  0.000E+00  0.909E-01  0.000E+00  0.000E+00  0.000E+00  0.000E+00  0.000E+00  0.000E+00
        10.6540  0.000E+00  0.000E+00  0.000E+00  0.000E+00 -0.719E+03  0.000E+00  0.000E+00  0.000E+00  0.910E-01  0.000E+00  0.000E+00  0.000E+00  0.000E+00  0.000E+00  0.000E+00
        10.8269  0.000E+00  0.000E+00  0.000E+00  0.000E+00 -0.731E+03  0.000E+00  0.000E+00  0.000E+00  0.911E-01  0.000E+00  0.000E+00  0.000E+00  0.000E+00  0.000E+00  0.000E+00
        10.9999  0.000E+00  0.000E+00  0.000E+00  0.000E+00 -0.742E+03  0.000E+00  0.000E+00  0.000E+00  0.913E-01  0.000E+00  0.000E+00  0.000E+00  0.000E+00  0.000E+00  0.000E+00
        11.1728  0.000E+00  0.000E+00  0.000E+00  0.000E+00 -0.754E+03  0.000E+00  0.000E+00  0.000E+00  0.914E-01  0.000E+00  0.000E+00  0.000E+00  0.000E+00  0.000E+00  0.000E+00
        11.3458  0.000E+00  0.000E+00  0.000E+00  0.000E+00 -0.766E+03  0.000E+00  0.000E+00  0.000E+00  0.915E-01  0.000E+00  0.000E+00  0.000E+00  0.000E+00  0.000E+00  0.000E+00
        11.5187  0.000E+00  0.000E+00  0.000E+00  0.000E+00 -0.778E+03  0.000E+00  0.000E+00  0.000E+00  0.916E-01  0.000E+00  0.000E+00  0.000E+00  0.000E+00  0.000E+00  0.000E+00
        11.6916  0.000E+00  0.000E+00  0.000E+00  0.000E+00 -0.789E+03  0.000E+00  0.000E+00  0.000E+00  0.917E-01  0.000E+00  0.000E+00  0.000E+00  0.000E+00  0.000E+00  0.000E+00
        11.8646  0.000E+00  0.000E+00  0.000E+00  0.000E+00 -0.801E+03  0.000E+00  0.000E+00  0.000E+00  0.918E-01  0.000E+00  0.000E+00  0.000E+00  0.000E+00  0.000E+00  0.000E+00
        12.0375  0.000E+00  0.000E+00  0.000E+00  0.000E+00 -0.813E+03  0.000E+00  0.000E+00  0.000E+00  0.919E-01  0.000E+00  0.000E+00  0.000E+00  0.000E+00  0.000E+00  0.000E+00
        12.2105  0.000E+00  0.000E+00  0.000E+00  0.000E+00 -0.824E+03  0.000E+00  0.000E+00  0.000E+00  0.920E-01  0.000E+00  0.000E+00  0.000E+00  0.000E+00  0.000E+00  0.000E+00
        12.3834  0.000E+00  0.000E+00  0.000E+00  0.000E+00 -0.836E+03  0.000E+00  0.000E+00  0.000E+00  0.921E-01  0.000E+00  0.000E+00  0.000E+00  0.000E+00  0.000E+00  0.000E+00
        12.5564  0.000E+00  0.000E+00  0.000E+00  0.000E+00 -0.848E+03  0.000E+00  0.000E+00  0.000E+00  0.922E-01  0.000E+00  0.000E+00  0.000E+00  0.000E+00  0.000E+00  0.000E+00
        12.7293  0.000E+00  0.000E+00  0.000E+00  0.000E+00 -0.859E+03  0.000E+00  0.000E+00  0.000E+00  0.922E-01  0.000E+00  0.000E+00  0.000E+00  0.000E+00  0.000E+00  0.000E+00
        12.9023  0.000E+00  0.000E+00  0.000E+00  0.000E+00 -0.871E+03  0.000E+00  0.000E+00  0.000E+00  0.923E-01  0.000E+00  0.000E+00  0.000E+00  0.000E+00  0.000E+00  0.000E+00
        13.0752  0.000E+00  0.000E+00  0.000E+00  0.000E+00 -0.883E+03  0.000E+00  0.000E+00  0.000E+00  0.924E-01  0.000E+00  0.000E+00  0.000E+00  0.000E+00  0.000E+00  0.000E+00
        13.2481  0.000E+00  0.000E+00  0.000E+00  0.000E+00 -0.894E+03  0.000E+00  0.000E+00  0.000E+00  0.925E-01  0.000E+00  0.000E+00  0.000E+00  0.000E+00  0.000E+00  0.000E+00
        13.4233  0.000E+00  0.000E+00  0.000E+00  0.000E+00 -0.906E+03  0.000E+00  0.000E+00  0.000E+00  0.926E-01  0.000E+00  0.000E+00  0.000E+00  0.000E+00  0.000E+00  0.000E+00
        13.5985  0.000E+00  0.000E+00  0.000E+00  0.000E+00 -0.918E+03  0.000E+00  0.000E+00  0.000E+00  0.927E-01  0.000E+00  0.000E+00  0.000E+00  0.000E+00  0.000E+00  0.000E+00
        13.7737  0.000E+00  0.000E+00  0.000E+00  0.000E+00 -0.930E+03  0.000E+00  0.000E+00  0.000E+00  0.927E-01  0.000E+00  0.000E+00  0.000E+00  0.000E+00  0.000E+00  0.000E+00
        13.9489  0.000E+00  0.000E+00  0.000E+00  0.000E+00 -0.942E+03  0.000E+00  0.000E+00  0.000E+00  0.928E-01  0.000E+00  0.000E+00  0.000E+00  0.000E+00  0.000E+00  0.000E+00
        14.1241  0.000E+00  0.000E+00  0.000E+00  0.000E+00 -0.953E+03  0.000E+00  0.000E+00  0.000E+00  0.929E-01  0.000E+00  0.000E+00  0.000E+00  0.000E+00  0.000E+00  0.000E+00
        14.2993  0.000E+00  0.000E+00  0.000E+00  0.000E+00 -0.965E+03  0.000E+00  0.000E+00  0.000E+00  0.930E-01  0.000E+00  0.000E+00  0.000E+00  0.000E+00  0.000E+00  0.000E+00
        14.4744  0.000E+00  0.000E+00  0.000E+00  0.000E+00 -0.977E+03  0.000E+00  0.000E+00  0.000E+00  0.930E-01  0.000E+00  0.000E+00  0.000E+00  0.000E+00  0.000E+00  0.000E+00
        14.6496  0.000E+00  0.000E+00  0.000E+00  0.000E+00 -0.989E+03  0.000E+00  0.000E+00  0.000E+00  0.931E-01  0.000E+00  0.000E+00  0.000E+00  0.000E+00  0.000E+00  0.000E+00
        14.8248  0.000E+00  0.000E+00  0.000E+00  0.000E+00 -0.100E+04  0.000E+00  0.000E+00  0.000E+00  0.932E-01  0.000E+00  0.000E+00  0.000E+00  0.000E+00  0.000E+00  0.000E+00
        15.0000  0.000E+00  0.000E+00  0.000E+00  0.000E+00 -0.101E+04  0.000E+00  0.000E+00  0.000E+00  0.932E-01  0.000E+00  0.000E+00  0.000E+00  0.000E+00  0.000E+00  0.000E+00
        15.1729  0.000E+00  0.000E+00  0.000E+00  0.000E+00 -0.102E+04  0.000E+00  0.000E+00  0.000E+00  0.933E-01  0.000E+00  0.000E+00  0.000E+00  0.000E+00  0.000E+00  0.000E+00
        15.3459  0.000E+00  0.000E+00  0.000E+00  0.000E+00 -0.104E+04  0.000E+00  0.000E+00  0.000E+00  0.933E-01  0.000E+00  0.000E+00  0.000E+00  0.000E+00  0.000E+00  0.000E+00
        15.5188  0.000E+00  0.000E+00  0.000E+00  0.000E+00 -0.105E+04  0.000E+00  0.000E+00  0.000E+00  0.934E-01  0.000E+00  0.000E+00  0.000E+00  0.000E+00  0.000E+00  0.000E+00
        15.6918  0.000E+00  0.000E+00  0.000E+00  0.000E+00 -0.106E+04  0.000E+00  0.000E+00  0.000E+00  0.935E-01  0.000E+00  0.000E+00  0.000E+00  0.000E+00  0.000E+00  0.000E+00
        15.8647  0.000E+00  0.000E+00  0.000E+00  0.000E+00 -0.107E+04  0.000E+00  0.000E+00  0.000E+00  0.935E-01  0.000E+00  0.000E+00  0.000E+00  0.000E+00  0.000E+00  0.000E+00
        16.0377  0.000E+00  0.000E+00  0.000E+00  0.000E+00 -0.108E+04  0.000E+00  0.000E+00  0.000E+00  0.936E-01  0.000E+00  0.000E+00  0.000E+00  0.000E+00  0.000E+00  0.000E+00
        16.2106  0.000E+00  0.000E+00  0.000E+00  0.000E+00 -0.109E+04  0.000E+00  0.000E+00  0.000E+00  0.936E-01  0.000E+00  0.000E+00  0.000E+00  0.000E+00  0.000E+00  0.000E+00
        16.3836  0.000E+00  0.000E+00  0.000E+00  0.000E+00 -0.111E+04  0.000E+00  0.000E+00  0.000E+00  0.937E-01  0.000E+00  0.000E+00  0.000E+00  0.000E+00  0.000E+00  0.000E+00
        16.5565  0.000E+00  0.000E+00  0.000E+00  0.000E+00 -0.112E+04  0.000E+00  0.000E+00  0.000E+00  0.937E-01  0.000E+00  0.000E+00  0.000E+00  0.000E+00  0.000E+00  0.000E+00
        16.7813  0.000E+00  0.000E+00  0.000E+00  0.000E+00 -0.113E+04  0.000E+00  0.000E+00  0.000E+00  0.938E-01  0.000E+00  0.000E+00  0.000E+00  0.000E+00  0.000E+00  0.000E+00
        17.0062  0.000E+00  0.000E+00  0.000E+00  0.000E+00 -0.115E+04  0.000E+00  0.000E+00  0.000E+00  0.939E-01  0.000E+00  0.000E+00  0.000E+00  0.000E+00  0.000E+00  0.000E+00
        17.2310  0.000E+00  0.000E+00  0.000E+00  0.000E+00 -0.116E+04  0.000E+00  0.000E+00  0.000E+00  0.939E-01  0.000E+00  0.000E+00  0.000E+00  0.000E+00  0.000E+00  0.000E+00
        17.4558  0.000E+00  0.000E+00  0.000E+00  0.000E+00 -0.118E+04  0.000E+00  0.000E+00  0.000E+00  0.940E-01  0.000E+00  0.000E+00  0.000E+00  0.000E+00  0.000E+00  0.000E+00
        17.6806  0.000E+00  0.000E+00  0.000E+00  0.000E+00 -0.119E+04  0.000E+00  0.000E+00  0.000E+00  0.940E-01  0.000E+00  0.000E+00  0.000E+00  0.000E+00  0.000E+00  0.000E+00
        17.9055  0.000E+00  0.000E+00  0.000E+00  0.000E+00 -0.121E+04  0.000E+00  0.000E+00  0.000E+00  0.941E-01  0.000E+00  0.000E+00  0.000E+00  0.000E+00  0.000E+00  0.000E+00
        18.1303  0.000E+00  0.000E+00  0.000E+00  0.000E+00 -0.122E+04  0.000E+00  0.000E+00  0.000E+00  0.942E-01  0.000E+00  0.000E+00  0.000E+00  0.000E+00  0.000E+00  0.000E+00
        18.3551  0.000E+00  0.000E+00  0.000E+00  0.000E+00 -0.124E+04  0.000E+00  0.000E+00  0.000E+00  0.942E-01  0.000E+00  0.000E+00  0.000E+00  0.000E+00  0.000E+00  0.000E+00
        18.5800  0.000E+00  0.000E+00  0.000E+00  0.000E+00 -0.125E+04  0.000E+00  0.000E+00  0.000E+00  0.943E-01  0.000E+00  0.000E+00  0.000E+00  0.000E+00  0.000E+00  0.000E+00
        18.8048  0.000E+00  0.000E+00  0.000E+00  0.000E+00 -0.127E+04  0.000E+00  0.000E+00  0.000E+00  0.943E-01  0.000E+00  0.000E+00  0.000E+00  0.000E+00  0.000E+00  0.000E+00
        19.0296  0.000E+00  0.000E+00  0.000E+00  0.000E+00 -0.128E+04  0.000E+00  0.000E+00  0.000E+00  0.944E-01  0.000E+00  0.000E+00  0.000E+00  0.000E+00  0.000E+00  0.000E+00
        19.2544  0.000E+00  0.000E+00  0.000E+00  0.000E+00 -0.130E+04  0.000E+00  0.000E+00  0.000E+00  0.944E-01  0.000E+00  0.000E+00  0.000E+00  0.000E+00  0.000E+00  0.000E+00
        19.4793  0.000E+00  0.000E+00  0.000E+00  0.000E+00 -0.131E+04  0.000E+00  0.000E+00  0.000E+00  0.945E-01  0.000E+00  0.000E+00  0.000E+00  0.000E+00  0.000E+00  0.000E+00
        19.7041  0.000E+00  0.000E+00  0.000E+00  0.000E+00 -0.133E+04  0.000E+00  0.000E+00  0.000E+00  0.945E-01  0.000E+00  0.000E+00  0.000E+00  0.000E+00  0.000E+00  0.000E+00
        19.9289  0.000E+00  0.000E+00  0.000E+00  0.000E+00 -0.135E+04  0.000E+00  0.000E+00  0.000E+00  0.946E-01  0.000E+00  0.000E+00  0.000E+00  0.000E+00  0.000E+00  0.000E+00
        20.1538  0.000E+00  0.000E+00  0.000E+00  0.000E+00 -0.136E+04  0.000E+00  0.000E+00  0.000E+00  0.946E-01  0.000E+00  0.000E+00  0.000E+00  0.000E+00  0.000E+00  0.000E+00
        20.3786  0.000E+00  0.000E+00  0.000E+00  0.000E+00 -0.138E+04  0.000E+00  0.000E+00  0.000E+00  0.946E-01  0.000E+00  0.000E+00  0.000E+00  0.000E+00  0.000E+00  0.000E+00
        20.6034  0.000E+00  0.000E+00  0.000E+00  0.000E+00 -0.139E+04  0.000E+00  0.000E+00  0.000E+00  0.947E-01  0.000E+00  0.000E+00  0.000E+00  0.000E+00  0.000E+00  0.000E+00
        20.8282  0.000E+00  0.000E+00  0.000E+00  0.000E+00 -0.141E+04  0.000E+00  0.000E+00  0.000E+00  0.947E-01  0.000E+00  0.000E+00  0.000E+00  0.000E+00  0.000E+00  0.000E+00
        21.0531  0.000E+00  0.000E+00  0.000E+00  0.000E+00 -0.142E+04  0.000E+00  0.000E+00  0.000E+00  0.948E-01  0.000E+00  0.000E+00  0.000E+00  0.000E+00  0.000E+00  0.000E+00
        21.2779  0.000E+00  0.000E+00  0.000E+00  0.000E+00 -0.144E+04  0.000E+00  0.000E+00  0.000E+00  0.948E-01  0.000E+00  0.000E+00  0.000E+00  0.000E+00  0.000E+00  0.000E+00
        21.5027  0.000E+00  0.000E+00  0.000E+00  0.000E+00 -0.145E+04  0.000E+00  0.000E+00  0.000E+00  0.948E-01  0.000E+00  0.000E+00  0.000E+00  0.000E+00  0.000E+00  0.000E+00
        21.7276  0.000E+00  0.000E+00  0.000E+00  0.000E+00 -0.147E+04  0.000E+00  0.000E+00  0.000E+00  0.949E-01  0.000E+00  0.000E+00  0.000E+00  0.000E+00  0.000E+00  0.000E+00
        21.9524  0.000E+00  0.000E+00  0.000E+00  0.000E+00 -0.148E+04  0.000E+00  0.000E+00  0.000E+00  0.949E-01  0.000E+00  0.000E+00  0.000E+00  0.000E+00  0.000E+00  0.000E+00
        22.1772  0.000E+00  0.000E+00  0.000E+00  0.000E+00 -0.150E+04  0.000E+00  0.000E+00  0.000E+00  0.949E-01  0.000E+00  0.000E+00  0.000E+00  0.000E+00  0.000E+00  0.000E+00
        22.4020  0.000E+00  0.000E+00  0.000E+00  0.000E+00 -0.151E+04  0.000E+00  0.000E+00  0.000E+00  0.950E-01  0.000E+00  0.000E+00  0.000E+00  0.000E+00  0.000E+00  0.000E+00
        22.6269  0.000E+00  0.000E+00  0.000E+00  0.000E+00 -0.153E+04  0.000E+00  0.000E+00  0.000E+00  0.950E-01  0.000E+00  0.000E+00  0.000E+00  0.000E+00  0.000E+00  0.000E+00
        22.8517  0.000E+00  0.000E+00  0.000E+00  0.000E+00 -0.154E+04  0.000E+00  0.000E+00  0.000E+00  0.950E-01  0.000E+00  0.000E+00  0.000E+00  0.000E+00  0.000E+00  0.000E+00
        23.0765  0.000E+00  0.000E+00  0.000E+00  0.000E+00 -0.156E+04  0.000E+00  0.000E+00  0.000E+00  0.951E-01  0.000E+00  0.000E+00  0.000E+00  0.000E+00  0.000E+00  0.000E+00
        23.3014  0.000E+00  0.000E+00  0.000E+00  0.000E+00 -0.157E+04  0.000E+00  0.000E+00  0.000E+00  0.951E-01  0.000E+00  0.000E+00  0.000E+00  0.000E+00  0.000E+00  0.000E+00
        23.5262  0.000E+00  0.000E+00  0.000E+00  0.000E+00 -0.159E+04  0.000E+00  0.000E+00  0.000E+00  0.951E-01  0.000E+00  0.000E+00  0.000E+00  0.000E+00  0.000E+00  0.000E+00
        23.7510  0.000E+00  0.000E+00  0.000E+00  0.000E+00 -0.160E+04  0.000E+00  0.000E+00  0.000E+00  0.952E-01  0.000E+00  0.000E+00  0.000E+00  0.000E+00  0.000E+00  0.000E+00
        23.9758  0.000E+00  0.000E+00  0.000E+00  0.000E+00 -0.162E+04  0.000E+00  0.000E+00  0.000E+00  0.952E-01  0.000E+00  0.000E+00  0.000E+00  0.000E+00  0.000E+00  0.000E+00
        24.2007  0.000E+00  0.000E+00  0.000E+00  0.000E+00 -0.163E+04  0.000E+00  0.000E+00  0.000E+00  0.952E-01  0.000E+00  0.000E+00  0.000E+00  0.000E+00  0.000E+00  0.000E+00
        24.4255  0.000E+00  0.000E+00  0.000E+00  0.000E+00 -0.165E+04  0.000E+00  0.000E+00  0.000E+00  0.952E-01  0.000E+00  0.000E+00  0.000E+00  0.000E+00  0.000E+00  0.000E+00
        24.6503  0.000E+00  0.000E+00  0.000E+00  0.000E+00 -0.166E+04  0.000E+00  0.000E+00  0.000E+00  0.953E-01  0.000E+00  0.000E+00  0.000E+00  0.000E+00  0.000E+00  0.000E+00
        24.8752  0.000E+00  0.000E+00  0.000E+00  0.000E+00 -0.168E+04  0.000E+00  0.000E+00  0.000E+00  0.953E-01  0.000E+00  0.000E+00  0.000E+00  0.000E+00  0.000E+00  0.000E+00
        25.1000  0.000E+00  0.000E+00  0.000E+00  0.000E+00 -0.169E+04  0.000E+00  0.000E+00  0.000E+00  0.953E-01  0.000E+00  0.000E+00  0.000E+00  0.000E+00  0.000E+00  0.000E+00
        25.3248  0.000E+00  0.000E+00  0.000E+00  0.000E+00 -0.171E+04  0.000E+00  0.000E+00  0.000E+00  0.953E-01  0.000E+00  0.000E+00  0.000E+00  0.000E+00  0.000E+00  0.000E+00
        25.5496  0.000E+00  0.000E+00  0.000E+00  0.000E+00 -0.172E+04  0.000E+00  0.000E+00  0.000E+00  0.954E-01  0.000E+00  0.000E+00  0.000E+00  0.000E+00  0.000E+00  0.000E+00
        25.7745  0.000E+00  0.000E+00  0.000E+00  0.000E+00 -0.174E+04  0.000E+00  0.000E+00  0.000E+00  0.954E-01  0.000E+00  0.000E+00  0.000E+00  0.000E+00  0.000E+00  0.000E+00
        25.9993  0.000E+00  0.000E+00  0.000E+00  0.000E+00 -0.175E+04  0.000E+00  0.000E+00  0.000E+00  0.954E-01  0.000E+00  0.000E+00  0.000E+00  0.000E+00  0.000E+00  0.000E+00
        26.2241  0.000E+00  0.000E+00  0.000E+00  0.000E+00 -0.177E+04  0.000E+00  0.000E+00  0.000E+00  0.954E-01  0.000E+00  0.000E+00  0.000E+00  0.000E+00  0.000E+00  0.000E+00
        26.4490  0.000E+00  0.000E+00  0.000E+00  0.000E+00 -0.179E+04  0.000E+00  0.000E+00  0.000E+00  0.955E-01  0.000E+00  0.000E+00  0.000E+00  0.000E+00  0.000E+00  0.000E+00
        26.6738  0.000E+00  0.000E+00  0.000E+00  0.000E+00 -0.180E+04  0.000E+00  0.000E+00  0.000E+00  0.955E-01  0.000E+00  0.000E+00  0.000E+00  0.000E+00  0.000E+00  0.000E+00
        26.8986  0.000E+00  0.000E+00  0.000E+00  0.000E+00 -0.182E+04  0.000E+00  0.000E+00  0.000E+00  0.955E-01  0.000E+00  0.000E+00  0.000E+00  0.000E+00  0.000E+00  0.000E+00
        27.1909  0.000E+00  0.000E+00  0.000E+00  0.000E+00 -0.184E+04  0.000E+00  0.000E+00  0.000E+00  0.955E-01  0.000E+00  0.000E+00  0.000E+00  0.000E+00  0.000E+00  0.000E+00
        27.4718  0.000E+00  0.000E+00  0.000E+00  0.000E+00 -0.185E+04  0.000E+00  0.000E+00  0.000E+00  0.955E-01  0.000E+00  0.000E+00  0.000E+00  0.000E+00  0.000E+00  0.000E+00
        27.7527  0.000E+00  0.000E+00  0.000E+00  0.000E+00 -0.187E+04  0.000E+00  0.000E+00  0.000E+00  0.956E-01  0.000E+00  0.000E+00  0.000E+00  0.000E+00  0.000E+00  0.000E+00
        28.0336  0.000E+00  0.000E+00  0.000E+00  0.000E+00 -0.189E+04  0.000E+00  0.000E+00  0.000E+00  0.956E-01  0.000E+00  0.000E+00  0.000E+00  0.000E+00  0.000E+00  0.000E+00
        28.3145  0.000E+00  0.000E+00  0.000E+00  0.000E+00 -0.191E+04  0.000E+00  0.000E+00  0.000E+00  0.956E-01  0.000E+00  0.000E+00  0.000E+00  0.000E+00  0.000E+00  0.000E+00
        28.5954  0.000E+00  0.000E+00  0.000E+00  0.000E+00 -0.193E+04  0.000E+00  0.000E+00  0.000E+00  0.956E-01  0.000E+00  0.000E+00  0.000E+00  0.000E+00  0.000E+00  0.000E+00
        28.8764  0.000E+00  0.000E+00  0.000E+00  0.000E+00 -0.195E+04  0.000E+00  0.000E+00  0.000E+00  0.957E-01  0.000E+00  0.000E+00  0.000E+00  0.000E+00  0.000E+00  0.000E+00
        29.1573  0.000E+00  0.000E+00  0.000E+00  0.000E+00 -0.197E+04  0.000E+00  0.000E+00  0.000E+00  0.957E-01  0.000E+00  0.000E+00  0.000E+00  0.000E+00  0.000E+00  0.000E+00
        29.4382  0.000E+00  0.000E+00  0.000E+00  0.000E+00 -0.199E+04  0.000E+00  0.000E+00  0.000E+00  0.957E-01  0.000E+00  0.000E+00  0.000E+00  0.000E+00  0.000E+00  0.000E+00
        29.7191  0.000E+00  0.000E+00  0.000E+00  0.000E+00 -0.201E+04  0.000E+00  0.000E+00  0.000E+00  0.957E-01  0.000E+00  0.000E+00  0.000E+00  0.000E+00  0.000E+00  0.000E+00
        30.0000  0.000E+00  0.000E+00  0.000E+00  0.000E+00 -0.202E+04  0.000E+00  0.000E+00  0.000E+00  0.957E-01  0.000E+00  0.000E+00  0.000E+00  0.000E+00  0.000E+00  0.000E+00
        30.2923  0.000E+00  0.000E+00  0.000E+00  0.000E+00 -0.204E+04  0.000E+00  0.000E+00  0.000E+00  0.957E-01  0.000E+00  0.000E+00  0.000E+00  0.000E+00  0.000E+00  0.000E+00
        30.5846  0.000E+00  0.000E+00  0.000E+00  0.000E+00 -0.206E+04  0.000E+00  0.000E+00  0.000E+00  0.958E-01  0.000E+00  0.000E+00  0.000E+00  0.000E+00  0.000E+00  0.000E+00
        30.8768  0.000E+00  0.000E+00  0.000E+00  0.000E+00 -0.208E+04  0.000E+00  0.000E+00  0.000E+00  0.958E-01  0.000E+00  0.000E+00  0.000E+00  0.000E+00  0.000E+00  0.000E+00
        31.1691  0.000E+00  0.000E+00  0.000E+00  0.000E+00 -0.210E+04  0.000E+00  0.000E+00  0.000E+00  0.958E-01  0.000E+00  0.000E+00  0.000E+00  0.000E+00  0.000E+00  0.000E+00
        31.4614  0.000E+00  0.000E+00  0.000E+00  0.000E+00 -0.212E+04  0.000E+00  0.000E+00  0.000E+00  0.958E-01  0.000E+00  0.000E+00  0.000E+00  0.000E+00  0.000E+00  0.000E+00
        31.7537  0.000E+00  0.000E+00  0.000E+00  0.000E+00 -0.214E+04  0.000E+00  0.000E+00  0.000E+00  0.958E-01  0.000E+00  0.000E+00  0.000E+00  0.000E+00  0.000E+00  0.000E+00
        32.0459  0.000E+00  0.000E+00  0.000E+00  0.000E+00 -0.216E+04  0.000E+00  0.000E+00  0.000E+00  0.958E-01  0.000E+00  0.000E+00  0.000E+00  0.000E+00  0.000E+00  0.000E+00
        32.3382  0.000E+00  0.000E+00  0.000E+00  0.000E+00 -0.218E+04  0.000E+00  0.000E+00  0.000E+00  0.959E-01  0.000E+00  0.000E+00  0.000E+00  0.000E+00  0.000E+00  0.000E+00
        32.6305  0.000E+00  0.000E+00  0.000E+00  0.000E+00 -0.220E+04  0.000E+00  0.000E+00  0.000E+00  0.959E-01  0.000E+00  0.000E+00  0.000E+00  0.000E+00  0.000E+00  0.000E+00
        32.9228  0.000E+00  0.000E+00  0.000E+00  0.000E+00 -0.222E+04  0.000E+00  0.000E+00  0.000E+00  0.959E-01  0.000E+00  0.000E+00  0.000E+00  0.000E+00  0.000E+00  0.000E+00
        33.2150  0.000E+00  0.000E+00  0.000E+00  0.000E+00 -0.224E+04  0.000E+00  0.000E+00  0.000E+00  0.959E-01  0.000E+00  0.000E+00  0.000E+00  0.000E+00  0.000E+00  0.000E+00
        33.5073  0.000E+00  0.000E+00  0.000E+00  0.000E+00 -0.226E+04  0.000E+00  0.000E+00  0.000E+00  0.959E-01  0.000E+00  0.000E+00  0.000E+00  0.000E+00  0.000E+00  0.000E+00
        33.7996  0.000E+00  0.000E+00  0.000E+00  0.000E+00 -0.228E+04  0.000E+00  0.000E+00  0.000E+00  0.959E-01  0.000E+00  0.000E+00  0.000E+00  0.000E+00  0.000E+00  0.000E+00
        34.0919  0.000E+00  0.000E+00  0.000E+00  0.000E+00 -0.230E+04  0.000E+00  0.000E+00  0.000E+00  0.959E-01  0.000E+00  0.000E+00  0.000E+00  0.000E+00  0.000E+00  0.000E+00
        34.3842  0.000E+00  0.000E+00  0.000E+00  0.000E+00 -0.232E+04  0.000E+00  0.000E+00  0.000E+00  0.959E-01  0.000E+00  0.000E+00  0.000E+00  0.000E+00  0.000E+00  0.000E+00
        34.6764  0.000E+00  0.000E+00  0.000E+00  0.000E+00 -0.234E+04  0.000E+00  0.000E+00  0.000E+00  0.960E-01  0.000E+00  0.000E+00  0.000E+00  0.000E+00  0.000E+00  0.000E+00
        34.9687  0.000E+00  0.000E+00  0.000E+00  0.000E+00 -0.236E+04  0.000E+00  0.000E+00  0.000E+00  0.960E-01  0.000E+00  0.000E+00  0.000E+00  0.000E+00  0.000E+00  0.000E+00
        35.2610  0.000E+00  0.000E+00  0.000E+00  0.000E+00 -0.238E+04  0.000E+00  0.000E+00  0.000E+00  0.960E-01  0.000E+00  0.000E+00  0.000E+00  0.000E+00  0.000E+00  0.000E+00
        35.5533  0.000E+00  0.000E+00  0.000E+00  0.000E+00 -0.240E+04  0.000E+00  0.000E+00  0.000E+00  0.960E-01  0.000E+00  0.000E+00  0.000E+00  0.000E+00  0.000E+00  0.000E+00
        35.8455  0.000E+00  0.000E+00  0.000E+00  0.000E+00 -0.242E+04  0.000E+00  0.000E+00  0.000E+00  0.960E-01  0.000E+00  0.000E+00  0.000E+00  0.000E+00  0.000E+00  0.000E+00
        36.1378  0.000E+00  0.000E+00  0.000E+00  0.000E+00 -0.244E+04  0.000E+00  0.000E+00  0.000E+00  0.960E-01  0.000E+00  0.000E+00  0.000E+00  0.000E+00  0.000E+00  0.000E+00
        36.4301  0.000E+00  0.000E+00  0.000E+00  0.000E+00 -0.246E+04  0.000E+00  0.000E+00  0.000E+00  0.960E-01  0.000E+00  0.000E+00  0.000E+00  0.000E+00  0.000E+00  0.000E+00
        36.7224  0.000E+00  0.000E+00  0.000E+00  0.000E+00 -0.248E+04  0.000E+00  0.000E+00  0.000E+00  0.961E-01  0.000E+00  0.000E+00  0.000E+00  0.000E+00  0.000E+00  0.000E+00
        37.0147  0.000E+00  0.000E+00  0.000E+00  0.000E+00 -0.250E+04  0.000E+00  0.000E+00  0.000E+00  0.961E-01  0.000E+00  0.000E+00  0.000E+00  0.000E+00  0.000E+00  0.000E+00
        37.3069  0.000E+00  0.000E+00  0.000E+00  0.000E+00 -0.252E+04  0.000E+00  0.000E+00  0.000E+00  0.962E-01  0.000E+00  0.000E+00  0.000E+00  0.000E+00  0.000E+00  0.000E+00
        37.6869  0.000E+00  0.000E+00  0.000E+00  0.000E+00 -0.254E+04  0.000E+00  0.000E+00  0.000E+00  0.964E-01  0.000E+00  0.000E+00  0.000E+00  0.000E+00  0.000E+00  0.000E+00
        38.0668  0.000E+00  0.000E+00  0.000E+00  0.000E+00 -0.257E+04  0.000E+00  0.000E+00  0.000E+00  0.970E-01  0.000E+00  0.000E+00  0.000E+00  0.000E+00  0.000E+00  0.000E+00
        38.4468  0.000E+00  0.000E+00  0.000E+00  0.000E+00 -0.260E+04  0.000E+00  0.000E+00  0.000E+00  0.981E-01  0.000E+00  0.000E+00  0.000E+00  0.000E+00  0.000E+00  0.000E+00
        38.8268  0.000E+00  0.000E+00  0.000E+00  0.000E+00 -0.262E+04  0.000E+00  0.000E+00  0.000E+00  0.101E+00  0.000E+00  0.000E+00  0.000E+00  0.000E+00  0.000E+00  0.000E+00
        39.2067  0.000E+00  0.000E+00  0.000E+00  0.000E+00 -0.265E+04  0.000E+00  0.000E+00  0.000E+00  0.106E+00  0.000E+00  0.000E+00  0.000E+00  0.000E+00  0.000E+00  0.000E+00
        39.5867  0.000E+00  0.000E+00  0.000E+00  0.000E+00 -0.267E+04  0.000E+00  0.000E+00  0.000E+00  0.117E+00  0.000E+00  0.000E+00  0.000E+00  0.000E+00  0.000E+00  0.000E+00
        39.9667  0.000E+00  0.000E+00  0.000E+00  0.000E+00 -0.270E+04  0.000E+00  0.000E+00  0.000E+00  0.140E+00  0.000E+00  0.000E+00  0.000E+00  0.000E+00  0.000E+00  0.000E+00
        40.3466  0.000E+00  0.000E+00  0.000E+00  0.000E+00 -0.272E+04  0.000E+00  0.000E+00  0.000E+00  0.185E+00  0.000E+00  0.000E+00  0.000E+00  0.000E+00  0.000E+00  0.000E+00
        40.7266  0.000E+00  0.000E+00  0.000E+00  0.000E+00 -0.275E+04  0.000E+00  0.000E+00  0.000E+00  0.271E+00  0.000E+00  0.000E+00  0.000E+00  0.000E+00  0.000E+00  0.000E+00
        41.1065  0.000E+00  0.000E+00  0.000E+00  0.000E+00 -0.277E+04  0.000E+00  0.000E+00  0.000E+00  0.426E+00  0.000E+00  0.000E+00  0.000E+00  0.000E+00  0.000E+00  0.000E+00
        41.4865  0.000E+00  0.000E+00  0.000E+00  0.000E+00 -0.280E+04  0.000E+00  0.000E+00  0.000E+00  0.689E+00  0.000E+00  0.000E+00  0.000E+00  0.000E+00  0.000E+00  0.000E+00
        41.8665  0.000E+00  0.000E+00  0.000E+00  0.000E+00 -0.283E+04  0.000E+00  0.000E+00  0.000E+00  0.110E+01  0.000E+00  0.000E+00  0.000E+00  0.000E+00  0.000E+00  0.000E+00
        42.2464  0.000E+00  0.000E+00  0.000E+00  0.000E+00 -0.285E+04  0.000E+00  0.000E+00  0.000E+00  0.171E+01  0.000E+00  0.000E+00  0.000E+00  0.000E+00  0.000E+00  0.000E+00
        42.6264  0.000E+00  0.000E+00  0.000E+00  0.000E+00 -0.288E+04  0.000E+00  0.000E+00  0.000E+00  0.254E+01  0.000E+00  0.000E+00  0.000E+00  0.000E+00  0.000E+00  0.000E+00
        43.0063  0.000E+00  0.000E+00  0.000E+00  0.000E+00 -0.290E+04  0.000E+00  0.000E+00  0.000E+00  0.362E+01  0.000E+00  0.000E+00  0.000E+00  0.000E+00  0.000E+00  0.000E+00
        43.5003  0.000E+00  0.000E+00  0.000E+00  0.000E+00 -0.294E+04  0.000E+00  0.000E+00  0.000E+00  0.535E+01  0.000E+00  0.000E+00  0.000E+00  0.000E+00  0.000E+00  0.000E+00
        43.9942  0.000E+00  0.000E+00  0.000E+00  0.000E+00 -0.297E+04  0.000E+00  0.000E+00  0.000E+00  0.761E+01  0.000E+00  0.000E+00  0.000E+00  0.000E+00  0.000E+00  0.000E+00
        44.6364  0.000E+00  0.000E+00  0.000E+00  0.000E+00 -0.301E+04  0.000E+00  0.000E+00  0.000E+00  0.111E+02  0.000E+00  0.000E+00  0.000E+00  0.000E+00  0.000E+00  0.000E+00
        45.2785  0.000E+00  0.000E+00  0.000E+00  0.000E+00 -0.306E+04  0.000E+00  0.000E+00  0.000E+00  0.156E+02  0.000E+00  0.000E+00  0.000E+00  0.000E+00  0.000E+00  0.000E+00
        46.1133  0.000E+00  0.000E+00  0.000E+00  0.000E+00 -0.311E+04  0.000E+00  0.000E+00  0.000E+00  0.223E+02  0.000E+00  0.000E+00  0.000E+00  0.000E+00  0.000E+00  0.000E+00
        46.9480  0.000E+00  0.000E+00  0.000E+00  0.000E+00 -0.317E+04  0.000E+00  0.000E+00  0.000E+00  0.304E+02  0.000E+00  0.000E+00  0.000E+00  0.000E+00  0.000E+00  0.000E+00
        47.7828  0.000E+00  0.000E+00  0.000E+00  0.000E+00 -0.323E+04  0.000E+00  0.000E+00  0.000E+00  0.397E+02  0.000E+00  0.000E+00  0.000E+00  0.000E+00  0.000E+00  0.000E+00
        48.6176  0.000E+00  0.000E+00  0.000E+00  0.000E+00 -0.328E+04  0.000E+00  0.000E+00  0.000E+00  0.500E+02  0.000E+00  0.000E+00  0.000E+00  0.000E+00  0.000E+00  0.000E+00
        49.4524  0.000E+00  0.000E+00  0.000E+00  0.000E+00 -0.334E+04  0.000E+00  0.000E+00  0.000E+00  0.613E+02  0.000E+00  0.000E+00  0.000E+00  0.000E+00  0.000E+00  0.000E+00
        50.2871  0.000E+00  0.000E+00  0.000E+00  0.000E+00 -0.339E+04  0.000E+00  0.000E+00  0.000E+00  0.736E+02  0.000E+00  0.000E+00  0.000E+00  0.000E+00  0.000E+00  0.000E+00
        51.1219  0.000E+00  0.000E+00  0.000E+00  0.000E+00 -0.345E+04  0.000E+00  0.000E+00  0.000E+00  0.869E+02  0.000E+00  0.000E+00  0.000E+00  0.000E+00  0.000E+00  0.000E+00
        51.9567  0.000E+00  0.000E+00  0.000E+00  0.000E+00 -0.351E+04  0.000E+00  0.000E+00  0.000E+00  0.101E+03  0.000E+00  0.000E+00  0.000E+00  0.000E+00  0.000E+00  0.000E+00
        52.7610  0.000E+00  0.000E+00  0.000E+00  0.000E+00 -0.356E+04  0.000E+00  0.000E+00  0.000E+00  0.115E+03  0.000E+00  0.000E+00  0.000E+00  0.000E+00  0.000E+00  0.000E+00
        53.7952  0.000E+00  0.000E+00  0.000E+00  0.000E+00 -0.363E+04  0.000E+00  0.000E+00  0.000E+00  0.135E+03  0.000E+00  0.000E+00  0.000E+00  0.000E+00  0.000E+00  0.000E+00
        54.8293  0.000E+00  0.000E+00  0.000E+00  0.000E+00 -0.370E+04  0.000E+00  0.000E+00  0.000E+00  0.156E+03  0.000E+00  0.000E+00  0.000E+00  0.000E+00  0.000E+00  0.000E+00
        55.8634  0.000E+00  0.000E+00  0.000E+00  0.000E+00 -0.377E+04  0.000E+00  0.000E+00  0.000E+00  0.178E+03  0.000E+00  0.000E+00  0.000E+00  0.000E+00  0.000E+00  0.000E+00
        56.8976  0.000E+00  0.000E+00  0.000E+00  0.000E+00 -0.384E+04  0.000E+00  0.000E+00  0.000E+00  0.201E+03  0.000E+00  0.000E+00  0.000E+00  0.000E+00  0.000E+00  0.000E+00
        57.9317  0.000E+00  0.000E+00  0.000E+00  0.000E+00 -0.391E+04  0.000E+00  0.000E+00  0.000E+00  0.225E+03  0.000E+00  0.000E+00  0.000E+00  0.000E+00  0.000E+00  0.000E+00
        58.9659  0.000E+00  0.000E+00  0.000E+00  0.000E+00 -0.398E+04  0.000E+00  0.000E+00  0.000E+00  0.251E+03  0.000E+00  0.000E+00  0.000E+00  0.000E+00  0.000E+00  0.000E+00
        60.0000  0.000E+00  0.000E+00  0.000E+00  0.000E+00 -0.405E+04  0.000E+00  0.000E+00  0.000E+00  0.277E+03  0.000E+00  0.000E+00  0.000E+00  0.000E+00  0.000E+00  0.000E+00
        60.0010  0.000E+00  0.000E+00  0.000E+00  0.000E+00 -0.405E+04  0.000E+00  0.000E+00  0.000E+00  0.277E+03  0.000E+00  0.000E+00  0.000E+00  0.000E+00  0.000E+00  0.000E+00
        60.0023  0.000E+00  0.000E+00  0.000E+00  0.000E+00 -0.405E+04  0.000E+00  0.000E+00  0.000E+00  0.277E+03  0.000E+00  0.000E+00  0.000E+00  0.000E+00  0.000E+00  0.000E+00
        60.0040  0.000E+00  0.000E+00  0.000E+00  0.000E+00 -0.405E+04  0.000E+00  0.000E+00  0.000E+00  0.277E+03  0.000E+00  0.000E+00  0.000E+00  0.000E+00  0.000E+00  0.000E+00
        60.0062  0.000E+00  0.000E+00  0.000E+00  0.000E+00 -0.405E+04  0.000E+00  0.000E+00  0.000E+00  0.277E+03  0.000E+00  0.000E+00  0.000E+00  0.000E+00  0.000E+00  0.000E+00
        60.0090  0.000E+00  0.000E+00  0.000E+00  0.000E+00 -0.405E+04  0.000E+00  0.000E+00  0.000E+00  0.277E+03  0.000E+00  0.000E+00  0.000E+00  0.000E+00  0.000E+00  0.000E+00
        60.0128  0.000E+00  0.000E+00  0.000E+00  0.000E+00 -0.405E+04  0.000E+00  0.000E+00  0.000E+00  0.277E+03  0.000E+00  0.000E+00  0.000E+00  0.000E+00  0.000E+00  0.000E+00
        60.0176  0.000E+00  0.000E+00  0.000E+00  0.000E+00 -0.405E+04  0.000E+00  0.000E+00  0.000E+00  0.277E+03  0.000E+00  0.000E+00  0.000E+00  0.000E+00  0.000E+00  0.000E+00
        60.0239  0.000E+00  0.000E+00  0.000E+00  0.000E+00 -0.405E+04  0.000E+00  0.000E+00  0.000E+00  0.277E+03  0.000E+00  0.000E+00  0.000E+00  0.000E+00  0.000E+00  0.000E+00
        60.0320  0.000E+00  0.000E+00  0.000E+00  0.000E+00 -0.405E+04  0.000E+00  0.000E+00  0.000E+00  0.278E+03  0.000E+00  0.000E+00  0.000E+00  0.000E+00  0.000E+00  0.000E+00
        60.0426  0.000E+00  0.000E+00  0.000E+00  0.000E+00 -0.405E+04  0.000E+00  0.000E+00  0.000E+00  0.278E+03  0.000E+00  0.000E+00  0.000E+00  0.000E+00  0.000E+00  0.000E+00
        60.0564  0.000E+00  0.000E+00  0.000E+00  0.000E+00 -0.405E+04  0.000E+00  0.000E+00  0.000E+00  0.278E+03  0.000E+00  0.000E+00  0.000E+00  0.000E+00  0.000E+00  0.000E+00
        60.0743  0.000E+00  0.000E+00  0.000E+00  0.000E+00 -0.405E+04  0.000E+00  0.000E+00  0.000E+00  0.279E+03  0.000E+00  0.000E+00  0.000E+00  0.000E+00  0.000E+00  0.000E+00
        60.0976  0.000E+00  0.000E+00  0.000E+00  0.000E+00 -0.405E+04  0.000E+00  0.000E+00  0.000E+00  0.279E+03  0.000E+00  0.000E+00  0.000E+00  0.000E+00  0.000E+00  0.000E+00
        60.1279  0.000E+00  0.000E+00  0.000E+00  0.000E+00 -0.405E+04  0.000E+00  0.000E+00  0.000E+00  0.280E+03  0.000E+00  0.000E+00  0.000E+00  0.000E+00  0.000E+00  0.000E+00
        60.1673  0.000E+00  0.000E+00  0.000E+00  0.000E+00 -0.405E+04  0.000E+00  0.000E+00  0.000E+00  0.281E+03  0.000E+00  0.000E+00  0.000E+00  0.000E+00  0.000E+00  0.000E+00
        60.2185  0.000E+00  0.000E+00  0.000E+00  0.000E+00 -0.405E+04  0.000E+00  0.000E+00  0.000E+00  0.283E+03  0.000E+00  0.000E+00  0.000E+00  0.000E+00  0.000E+00  0.000E+00
        60.2850  0.000E+00  0.000E+00  0.000E+00  0.000E+00 -0.405E+04  0.000E+00  0.000E+00  0.000E+00  0.284E+03  0.000E+00  0.000E+00  0.000E+00  0.000E+00  0.000E+00  0.000E+00
        60.3715  0.000E+00  0.000E+00  0.000E+00  0.000E+00 -0.405E+04  0.000E+00  0.000E+00  0.000E+00  0.287E+03  0.000E+00  0.000E+00  0.000E+00  0.000E+00  0.000E+00  0.000E+00
        60.4840  0.000E+00  0.000E+00  0.000E+00  0.000E+00 -0.405E+04  0.000E+00  0.000E+00  0.000E+00  0.289E+03  0.000E+00  0.000E+00  0.000E+00  0.000E+00  0.000E+00  0.000E+00
        60.6302  0.000E+00  0.000E+00  0.000E+00  0.000E+00 -0.405E+04  0.000E+00  0.000E+00  0.000E+00  0.293E+03  0.000E+00  0.000E+00  0.000E+00  0.000E+00  0.000E+00  0.000E+00
        60.8202  0.000E+00  0.000E+00  0.000E+00  0.000E+00 -0.405E+04  0.000E+00  0.000E+00  0.000E+00  0.298E+03  0.000E+00  0.000E+00  0.000E+00  0.000E+00  0.000E+00  0.000E+00
        61.0673  0.000E+00  0.000E+00  0.000E+00  0.000E+00 -0.405E+04  0.000E+00  0.000E+00  0.000E+00  0.304E+03  0.000E+00  0.000E+00  0.000E+00  0.000E+00  0.000E+00  0.000E+00
        61.3885  0.000E+00  0.000E+00  0.000E+00  0.000E+00 -0.405E+04  0.000E+00  0.000E+00  0.000E+00  0.312E+03  0.000E+00  0.000E+00  0.000E+00  0.000E+00  0.000E+00  0.000E+00
        61.7096  0.000E+00  0.000E+00  0.000E+00  0.000E+00 -0.405E+04  0.000E+00  0.000E+00  0.000E+00  0.319E+03  0.000E+00  0.000E+00  0.000E+00  0.000E+00  0.000E+00  0.000E+00
        62.1272  0.000E+00  0.000E+00  0.000E+00  0.000E+00 -0.405E+04  0.000E+00  0.000E+00  0.000E+00  0.327E+03  0.000E+00  0.000E+00  0.000E+00  0.000E+00  0.000E+00  0.000E+00
        62.5447  0.000E+00  0.000E+00  0.000E+00  0.000E+00 -0.405E+04  0.000E+00  0.000E+00  0.000E+00  0.334E+03  0.000E+00  0.000E+00  0.000E+00  0.000E+00  0.000E+00  0.000E+00
        63.0875  0.000E+00  0.000E+00  0.000E+00  0.000E+00 -0.405E+04  0.000E+00  0.000E+00  0.000E+00  0.342E+03  0.000E+00  0.000E+00  0.000E+00  0.000E+00  0.000E+00  0.000E+00
        63.6303  0.000E+00  0.000E+00  0.000E+00  0.000E+00 -0.405E+04  0.000E+00  0.000E+00  0.000E+00  0.349E+03  0.000E+00  0.000E+00  0.000E+00  0.000E+00  0.000E+00  0.000E+00
        64.3360  0.000E+00  0.000E+00  0.000E+00  0.000E+00 -0.405E+04  0.000E+00  0.000E+00  0.000E+00  0.357E+03  0.000E+00  0.000E+00  0.000E+00  0.000E+00  0.000E+00  0.000E+00
        65.0416  0.000E+00  0.000E+00  0.000E+00  0.000E+00 -0.405E+04  0.000E+00  0.000E+00  0.000E+00  0.364E+03  0.000E+00  0.000E+00  0.000E+00  0.000E+00  0.000E+00  0.000E+00
        65.9589  0.000E+00  0.000E+00  0.000E+00  0.000E+00 -0.405E+04  0.000E+00  0.000E+00  0.000E+00  0.371E+03  0.000E+00  0.000E+00  0.000E+00  0.000E+00  0.000E+00  0.000E+00
        66.8763  0.000E+00  0.000E+00  0.000E+00  0.000E+00 -0.405E+04  0.000E+00  0.000E+00  0.000E+00  0.377E+03  0.000E+00  0.000E+00  0.000E+00  0.000E+00  0.000E+00  0.000E+00
        68.0688  0.000E+00  0.000E+00  0.000E+00  0.000E+00 -0.405E+04  0.000E+00  0.000E+00  0.000E+00  0.383E+03  0.000E+00  0.000E+00  0.000E+00  0.000E+00  0.000E+00  0.000E+00
        69.2613  0.000E+00  0.000E+00  0.000E+00  0.000E+00 -0.405E+04  0.000E+00  0.000E+00  0.000E+00  0.388E+03  0.000E+00  0.000E+00  0.000E+00  0.000E+00  0.000E+00  0.000E+00
        70.8116  0.000E+00  0.000E+00  0.000E+00  0.000E+00 -0.405E+04  0.000E+00  0.000E+00  0.000E+00  0.394E+03  0.000E+00  0.000E+00  0.000E+00  0.000E+00  0.000E+00  0.000E+00
        72.3619  0.000E+00  0.000E+00  0.000E+00  0.000E+00 -0.405E+04  0.000E+00  0.000E+00  0.000E+00  0.397E+03  0.000E+00  0.000E+00  0.000E+00  0.000E+00  0.000E+00  0.000E+00
        74.3773  0.000E+00  0.000E+00  0.000E+00  0.000E+00 -0.405E+04  0.000E+00  0.000E+00  0.000E+00  0.401E+03  0.000E+00  0.000E+00  0.000E+00  0.000E+00  0.000E+00  0.000E+00
        76.3927  0.000E+00  0.000E+00  0.000E+00  0.000E+00 -0.405E+04  0.000E+00  0.000E+00  0.000E+00  0.404E+03  0.000E+00  0.000E+00  0.000E+00  0.000E+00  0.000E+00  0.000E+00
        79.0127  0.000E+00  0.000E+00  0.000E+00  0.000E+00 -0.405E+04  0.000E+00  0.000E+00  0.000E+00  0.407E+03  0.000E+00  0.000E+00  0.000E+00  0.000E+00  0.000E+00  0.000E+00
        81.6327  0.000E+00  0.000E+00  0.000E+00  0.000E+00 -0.405E+04  0.000E+00  0.000E+00  0.000E+00  0.409E+03  0.000E+00  0.000E+00  0.000E+00  0.000E+00  0.000E+00  0.000E+00
        85.0387  0.000E+00  0.000E+00  0.000E+00  0.000E+00 -0.405E+04  0.000E+00  0.000E+00  0.000E+00  0.411E+03  0.000E+00  0.000E+00  0.000E+00  0.000E+00  0.000E+00  0.000E+00
        89.4088  0.000E+00  0.000E+00  0.000E+00  0.000E+00 -0.405E+04  0.000E+00  0.000E+00  0.000E+00  0.412E+03  0.000E+00  0.000E+00  0.000E+00  0.000E+00  0.000E+00  0.000E+00
        93.7790  0.000E+00  0.000E+00  0.000E+00  0.000E+00 -0.405E+04  0.000E+00  0.000E+00  0.000E+00  0.413E+03  0.000E+00  0.000E+00  0.000E+00  0.000E+00  0.000E+00  0.000E+00
        99.0232  0.000E+00  0.000E+00  0.000E+00  0.000E+00 -0.405E+04  0.000E+00  0.000E+00  0.000E+00  0.414E+03  0.000E+00  0.000E+00  0.000E+00  0.000E+00  0.000E+00  0.000E+00
       104.2674  0.000E+00  0.000E+00  0.000E+00  0.000E+00 -0.405E+04  0.000E+00  0.000E+00  0.000E+00  0.415E+03  0.000E+00  0.000E+00  0.000E+00  0.000E+00  0.000E+00  0.000E+00
       109.5116  0.000E+00  0.000E+00  0.000E+00  0.000E+00 -0.405E+04  0.000E+00  0.000E+00  0.000E+00  0.415E+03  0.000E+00  0.000E+00  0.000E+00  0.000E+00  0.000E+00  0.000E+00
       114.7558  0.000E+00  0.000E+00  0.000E+00  0.000E+00 -0.405E+04  0.000E+00  0.000E+00  0.000E+00  0.415E+03  0.000E+00  0.000E+00  0.000E+00  0.000E+00  0.000E+00  0.000E+00
       120.0000  0.000E+00  0.000E+00  0.000E+00  0.000E+00 -0.405E+04  0.000E+00  0.000E+00  0.000E+00  0.415E+03  0.000E+00  0.000E+00  0.000E+00  0.000E+00  0.000E+00  0.000E+00
       126.0000  0.000E+00  0.000E+00  0.000E+00  0.000E+00 -0.405E+04  0.000E+00  0.000E+00  0.000E+00  0.416E+03  0.000E+00  0.000E+00  0.000E+00  0.000E+00  0.000E+00  0.000E+00
       132.0000  0.000E+00  0.000E+00  0.000E+00  0.000E+00 -0.405E+04  0.000E+00  0.000E+00  0.000E+00  0.416E+03  0.000E+00  0.000E+00  0.000E+00  0.000E+00  0.000E+00  0.000E+00
       140.0000  0.000E+00  0.000E+00  0.000E+00  0.000E+00 -0.405E+04  0.000E+00  0.000E+00  0.000E+00  0.416E+03  0.000E+00  0.000E+00  0.000E+00  0.000E+00  0.000E+00  0.000E+00
       150.0000  0.000E+00  0.000E+00  0.000E+00  0.000E+00 -0.405E+04  0.000E+00  0.000E+00  0.000E+00  0.416E+03  0.000E+00  0.000E+00  0.000E+00  0.000E+00  0.000E+00  0.000E+00
       165.0000  0.000E+00  0.000E+00  0.000E+00  0.000E+00 -0.405E+04  0.000E+00  0.000E+00  0.000E+00  0.416E+03  0.000E+00  0.000E+00  0.000E+00  0.000E+00  0.000E+00  0.000E+00
       180.0000  0.000E+00  0.000E+00  0.000E+00  0.000E+00 -0.405E+04  0.000E+00  0.000E+00  0.000E+00  0.416E+03  0.000E+00  0.000E+00  0.000E+00  0.000E+00  0.000E+00  0.000E+00
       195.0000  0.000E+00  0.000E+00  0.000E+00  0.000E+00 -0.405E+04  0.000E+00  0.000E+00  0.000E+00  0.416E+03  0.000E+00  0.000E+00  0.000E+00  0.000E+00  0.000E+00  0.000E+00
       217.5000  0.000E+00  0.000E+00  0.000E+00  0.000E+00 -0.405E+04  0.000E+00  0.000E+00  0.000E+00  0.417E+03  0.000E+00  0.000E+00  0.000E+00  0.000E+00  0.000E+00  0.000E+00
       240.0000  0.000E+00  0.000E+00  0.000E+00  0.000E+00 -0.405E+04  0.000E+00  0.000E+00  0.000E+00  0.417E+03  0.000E+00  0.000E+00  0.000E+00  0.000E+00  0.000E+00  0.000E+00
       268.8889  0.000E+00  0.000E+00  0.000E+00  0.000E+00 -0.405E+04  0.000E+00  0.000E+00  0.000E+00  0.417E+03  0.000E+00  0.000E+00  0.000E+00  0.000E+00  0.000E+00  0.000E+00
       307.4074  0.000E+00  0.000E+00  0.000E+00  0.000E+00 -0.405E+04  0.000E+00  0.000E+00  0.000E+00  0.417E+03  0.000E+00  0.000E+00  0.000E+00  0.000E+00  0.000E+00  0.000E+00
       355.5556  0.000E+00  0.000E+00  0.000E+00  0.000E+00 -0.405E+04  0.000E+00  0.000E+00  0.000E+00  0.417E+03  0.000E+00  0.000E+00  0.000E+00  0.000E+00  0.000E+00  0.000E+00
       427.7778  0.000E+00  0.000E+00  0.000E+00  0.000E+00 -0.405E+04  0.000E+00  0.000E+00  0.000E+00  0.418E+03  0.000E+00  0.000E+00  0.000E+00  0.000E+00  0.000E+00  0.000E+00
       500.0000  0.000E+00  0.000E+00  0.000E+00  0.000E+00 -0.405E+04  0.000E+00  0.000E+00  0.000E+00  0.418E+03  0.000E+00  0.000E+00  0.000E+00  0.000E+00  0.000E+00  0.000E+00
       573.3333  0.000E+00  0.000E+00  0.000E+00  0.000E+00 -0.405E+04  0.000E+00  0.000E+00  0.000E+00  0.418E+03  0.000E+00  0.000E+00  0.000E+00  0.000E+00  0.000E+00  0.000E+00
       720.0000  0.000E+00  0.000E+00  0.000E+00  0.000E+00 -0.405E+04  0.000E+00  0.000E+00  0.000E+00  0.419E+03  0.000E+00  0.000E+00  0.000E+00  0.000E+00  0.000E+00  0.000E+00
       864.0000  0.000E+00  0.000E+00  0.000E+00  0.000E+00 -0.405E+04  0.000E+00  0.000E+00  0.000E+00  0.419E+03  0.000E+00  0.000E+00  0.000E+00  0.000E+00  0.000E+00  0.000E+00
      1056.0000  0.000E+00  0.000E+00  0.000E+00  0.000E+00 -0.405E+04  0.000E+00  0.000E+00  0.000E+00  0.420E+03  0.000E+00  0.000E+00  0.000E+00  0.000E+00  0.000E+00  0.000E+00
      1248.0000  0.000E+00  0.000E+00  0.000E+00  0.000E+00 -0.405E+04  0.000E+00  0.000E+00  0.000E+00  0.420E+03  0.000E+00  0.000E+00  0.000E+00  0.000E+00  0.000E+00  0.000E+00
      1440.0000  0.000E+00  0.000E+00  0.000E+00  0.000E+00 -0.405E+04  0.000E+00  0.000E+00  0.000E+00  0.420E+03  0.000E+00  0.000E+00  0.000E+00  0.000E+00  0.000E+00  0.000E+00
      1800.0000  0.000E+00  0.000E+00  0.000E+00  0.000E+00 -0.405E+04  0.000E+00  0.000E+00  0.000E+00  0.421E+03  0.000E+00  0.000E+00  0.000E+00  0.000E+00  0.000E+00  0.000E+00
      2160.0000  0.000E+00  0.000E+00  0.000E+00  0.000E+00 -0.405E+04  0.000E+00  0.000E+00  0.000E+00  0.422E+03  0.000E+00  0.000E+00  0.000E+00  0.000E+00  0.000E+00  0.000E+00
      2520.0000  0.000E+00  0.000E+00  0.000E+00  0.000E+00 -0.405E+04  0.000E+00  0.000E+00  0.000E+00  0.422E+03  0.000E+00  0.000E+00  0.000E+00  0.000E+00  0.000E+00  0.000E+00
      2880.0000  0.000E+00  0.000E+00  0.000E+00  0.000E+00 -0.405E+04  0.000E+00  0.000E+00  0.000E+00  0.423E+03  0.000E+00  0.000E+00  0.000E+00  0.000E+00  0.000E+00  0.000E+00
end
