 FileVersion=0003


        Time         hAtm       hRoot     hKode3     hKode1      hSeep     hKode5     hKode6     hKode7     hKode8     hKode9 ... 
         [T]          [L]        [L]        [L]        [L]        [L]        [L]        [L]        [L]        [L]        [L]

         0.0010      -12.4        0.0      -12.2        0.0        0.0        0.0      -14.1        0.0        0.0        0.0
         0.0017      -12.4        0.0      -12.1        0.0        0.0        0.0      -14.9        0.0        0.0        0.0
         0.0024      -12.4        0.0      -12.0        0.0        0.0        0.0      -15.5        0.0        0.0        0.0
         0.0031      -12.4        0.0      -11.9        0.0        0.0        0.0      -15.9        0.0        0.0        0.0
         0.0040      -12.4        0.0      -11.8        0.0        0.0        0.0      -16.4        0.0        0.0        0.0
         0.0052      -12.5        0.0      -11.7        0.0        0.0        0.0      -16.8        0.0        0.0        0.0
         0.0067      -12.5        0.0      -11.5        0.0        0.0        0.0      -17.2        0.0        0.0        0.0
         0.0087      -12.6        0.0      -11.4        0.0        0.0        0.0      -17.7        0.0        0.0        0.0
         0.0113      -12.7        0.0      -11.2        0.0        0.0        0.0      -18.1        0.0        0.0        0.0
         0.0147      -12.8        0.0      -11.0        0.0        0.0        0.0      -18.5        0.0        0.0        0.0
         0.0191      -12.9        0.0      -10.8        0.0        0.0        0.0      -19.0        0.0        0.0        0.0
         0.0248      -13.1        0.0      -10.7        0.0        0.0        0.0      -19.4        0.0        0.0        0.0
         0.0322      -13.3        0.0      -10.5        0.0        0.0        0.0      -19.8        0.0        0.0        0.0
         0.0419      -13.5        0.0      -10.4        0.0        0.0        0.0      -20.2        0.0        0.0        0.0
         0.0544      -13.9        0.0      -10.4        0.0        0.0        0.0      -20.7        0.0        0.0        0.0
         0.0670      -14.2        0.0      -10.3        0.0        0.0        0.0      -21.0        0.0        0.0        0.0
         0.0795      -14.5        0.0      -10.3        0.0        0.0        0.0      -21.4        0.0        0.0        0.0
         0.0958      -14.8        0.0      -10.3        0.0        0.0        0.0      -21.8        0.0        0.0        0.0
         0.1121      -15.1        0.0      -10.2        0.0        0.0        0.0      -22.1        0.0        0.0        0.0
         0.1284      -15.4        0.0      -10.2        0.0        0.0        0.0      -22.4        0.0        0.0        0.0
         0.1448      -15.7        0.0      -10.2        0.0        0.0        0.0      -22.7        0.0        0.0        0.0
         0.1611      -16.0        0.0      -10.2        0.0        0.0        0.0      -23.0        0.0        0.0        0.0
         0.1774      -16.2        0.0      -10.1        0.0        0.0        0.0      -23.3        0.0        0.0        0.0
         0.1937      -16.5        0.0      -10.1        0.0        0.0        0.0      -23.5        0.0        0.0        0.0
         0.2100      -16.7        0.0      -10.1        0.0        0.0        0.0      -23.8        0.0        0.0        0.0
         0.2263      -16.9        0.0      -10.1        0.0        0.0        0.0      -24.0        0.0        0.0        0.0
         0.2426      -17.1        0.0      -10.0        0.0        0.0        0.0      -24.2        0.0        0.0        0.0
         0.2589      -17.3        0.0      -10.0        0.0        0.0        0.0      -24.4        0.0        0.0        0.0
         0.2752      -17.5        0.0      -10.0        0.0        0.0        0.0      -24.6        0.0        0.0        0.0
         0.2915      -17.7        0.0      -10.0        0.0        0.0        0.0      -24.8        0.0        0.0        0.0
         0.3078      -17.8        0.0      -10.0        0.0        0.0        0.0      -25.0        0.0        0.0        0.0
         0.3241      -18.0        0.0       -9.9        0.0        0.0        0.0      -25.2        0.0        0.0        0.0
         0.3405      -18.2        0.0       -9.9        0.0        0.0        0.0      -25.4        0.0        0.0        0.0
         0.3568      -18.3        0.0       -9.9        0.0        0.0        0.0      -25.5        0.0        0.0        0.0
         0.3780      -18.5        0.0       -9.9        0.0        0.0        0.0      -25.8        0.0        0.0        0.0
         0.3992      -18.7        0.0       -9.8        0.0        0.0        0.0      -26.0        0.0        0.0        0.0
         0.4204      -18.9        0.0       -9.8        0.0        0.0        0.0      -26.2        0.0        0.0        0.0
         0.4416      -19.1        0.0       -9.8        0.0        0.0        0.0      -26.4        0.0        0.0        0.0
         0.4628      -19.2        0.0       -9.8        0.0        0.0        0.0      -26.6        0.0        0.0        0.0
         0.4840      -19.4        0.0       -9.7        0.0        0.0        0.0      -26.7        0.0        0.0        0.0
         0.5052      -19.5        0.0       -9.7        0.0        0.0        0.0      -26.9        0.0        0.0        0.0
         0.5264      -19.7        0.0       -9.7        0.0        0.0        0.0      -27.1        0.0        0.0        0.0
         0.5476      -19.8        0.0       -9.7        0.0        0.0        0.0      -27.3        0.0        0.0        0.0
         0.5688      -20.0        0.0       -9.6        0.0        0.0        0.0      -27.4        0.0        0.0        0.0
         0.5900      -20.1        0.0       -9.6        0.0        0.0        0.0      -27.6        0.0        0.0        0.0
         0.6112      -20.2        0.0       -9.6        0.0        0.0        0.0      -27.7        0.0        0.0        0.0
         0.6324      -20.4        0.0       -9.6        0.0        0.0        0.0      -27.9        0.0        0.0        0.0
         0.6536      -20.5        0.0       -9.5        0.0        0.0        0.0      -28.0        0.0        0.0        0.0
         0.6748      -20.6        0.0       -9.5        0.0        0.0        0.0      -28.2        0.0        0.0        0.0
         0.6960      -20.7        0.0       -9.5        0.0        0.0        0.0      -28.3        0.0        0.0        0.0
         0.7172      -20.9        0.0       -9.5        0.0        0.0        0.0      -28.5        0.0        0.0        0.0
         0.7384      -21.0        0.0       -9.5        0.0        0.0        0.0      -28.6        0.0        0.0        0.0
         0.7596      -21.1        0.0       -9.4        0.0        0.0        0.0      -28.7        0.0        0.0        0.0
         0.7872      -21.2        0.0       -9.4        0.0        0.0        0.0      -28.9        0.0        0.0        0.0
         0.8147      -21.4        0.0       -9.4        0.0        0.0        0.0      -29.1        0.0        0.0        0.0
         0.8423      -21.5        0.0       -9.3        0.0        0.0        0.0      -29.2        0.0        0.0        0.0
         0.8698      -21.6        0.0       -9.3        0.0        0.0        0.0      -29.4        0.0        0.0        0.0
         0.8974      -21.7        0.0       -9.3        0.0        0.0        0.0      -29.6        0.0        0.0        0.0
         0.9250      -21.9        0.0       -9.3        0.0        0.0        0.0      -29.7        0.0        0.0        0.0
         0.9525      -22.0        0.0       -9.2        0.0        0.0        0.0      -29.9        0.0        0.0        0.0
         0.9801      -22.1        0.0       -9.2        0.0        0.0        0.0      -30.0        0.0        0.0        0.0
         1.0076      -22.2        0.0       -9.2        0.0        0.0        0.0      -30.2        0.0        0.0        0.0
         1.0352      -22.3        0.0       -9.1        0.0        0.0        0.0      -30.3        0.0        0.0        0.0
         1.0628      -22.4        0.0       -9.1        0.0        0.0        0.0      -30.4        0.0        0.0        0.0
         1.0903      -22.5        0.0       -9.1        0.0        0.0        0.0      -30.6        0.0        0.0        0.0
         1.1179      -22.6        0.0       -9.1        0.0        0.0        0.0      -30.7        0.0        0.0        0.0
         1.1537      -22.7        0.0       -9.0        0.0        0.0        0.0      -30.9        0.0        0.0        0.0
         1.1896      -22.9        0.0       -9.0        0.0        0.0        0.0      -31.0        0.0        0.0        0.0
         1.2254      -23.0        0.0       -9.0        0.0        0.0        0.0      -31.2        0.0        0.0        0.0
         1.2612      -23.1        0.0       -8.9        0.0        0.0        0.0      -31.4        0.0        0.0        0.0
         1.2970      -23.2        0.0       -8.9        0.0        0.0        0.0      -31.5        0.0        0.0        0.0
         1.3329      -23.3        0.0       -8.9        0.0        0.0        0.0      -31.7        0.0        0.0        0.0
         1.3687      -23.4        0.0       -8.8        0.0        0.0        0.0      -31.8        0.0        0.0        0.0
         1.4045      -23.5        0.0       -8.8        0.0        0.0        0.0      -32.0        0.0        0.0        0.0
         1.4404      -23.6        0.0       -8.8        0.0        0.0        0.0      -32.1        0.0        0.0        0.0
         1.4869      -23.7        0.0       -8.7        0.0        0.0        0.0      -32.3        0.0        0.0        0.0
         1.5335      -23.8        0.0       -8.7        0.0        0.0        0.0      -32.5        0.0        0.0        0.0
         1.5801      -23.9        0.0       -8.6        0.0        0.0        0.0      -32.6        0.0        0.0        0.0
         1.6267      -24.0        0.0       -8.6        0.0        0.0        0.0      -32.8        0.0        0.0        0.0
         1.6733      -24.1        0.0       -8.6        0.0        0.0        0.0      -33.0        0.0        0.0        0.0
         1.7198      -24.2        0.0       -8.5        0.0        0.0        0.0      -33.2        0.0        0.0        0.0
         1.7664      -24.3        0.0       -8.5        0.0        0.0        0.0      -33.3        0.0        0.0        0.0
         1.8130      -24.4        0.0       -8.5        0.0        0.0        0.0      -33.5        0.0        0.0        0.0
         1.8596      -24.5        0.0       -8.4        0.0        0.0        0.0      -33.6        0.0        0.0        0.0
         1.9201      -24.6        0.0       -8.4        0.0        0.0        0.0      -33.8        0.0        0.0        0.0
         1.9807      -24.7        0.0       -8.4        0.0        0.0        0.0      -34.0        0.0        0.0        0.0
         2.0412      -24.8        0.0       -8.3        0.0        0.0        0.0      -34.2        0.0        0.0        0.0
         2.1018      -24.9        0.0       -8.3        0.0        0.0        0.0      -34.4        0.0        0.0        0.0
         2.1623      -25.0        0.0       -8.2        0.0        0.0        0.0      -34.6        0.0        0.0        0.0
         2.2229      -25.1        0.0       -8.2        0.0        0.0        0.0      -34.8        0.0        0.0        0.0
         2.2834      -25.2        0.0       -8.2        0.0        0.0        0.0      -35.0        0.0        0.0        0.0
         2.3440      -25.3        0.0       -8.1        0.0        0.0        0.0      -35.1        0.0        0.0        0.0
         2.4046      -25.4        0.0       -8.1        0.0        0.0        0.0      -35.3        0.0        0.0        0.0
         2.4833      -25.5        0.0       -8.1        0.0        0.0        0.0      -35.5        0.0        0.0        0.0
         2.5620      -25.5        0.0       -8.0        0.0        0.0        0.0      -35.7        0.0        0.0        0.0
         2.6407      -25.6        0.0       -8.0        0.0        0.0        0.0      -36.0        0.0        0.0        0.0
         2.7194      -25.7        0.0       -8.0        0.0        0.0        0.0      -36.2        0.0        0.0        0.0
         2.7981      -25.8        0.0       -7.9        0.0        0.0        0.0      -36.4        0.0        0.0        0.0
         2.8769      -25.9        0.0       -7.9        0.0        0.0        0.0      -36.6        0.0        0.0        0.0
         2.9556      -26.0        0.0       -7.9        0.0        0.0        0.0      -36.8        0.0        0.0        0.0
         3.0343      -26.0        0.0       -7.8        0.0        0.0        0.0      -36.9        0.0        0.0        0.0
         3.1130      -26.1        0.0       -7.8        0.0        0.0        0.0      -37.1        0.0        0.0        0.0
         3.1917      -26.1        0.0       -7.8        0.0        0.0        0.0      -37.3        0.0        0.0        0.0
         3.2705      -26.2        0.0       -7.7        0.0        0.0        0.0      -37.5        0.0        0.0        0.0
         3.3728      -26.3        0.0       -7.7        0.0        0.0        0.0      -37.7        0.0        0.0        0.0
         3.4751      -26.4        0.0       -7.6        0.0        0.0        0.0      -38.0        0.0        0.0        0.0
         3.5775      -26.4        0.0       -7.6        0.0        0.0        0.0      -38.2        0.0        0.0        0.0
         3.6798      -26.5        0.0       -7.6        0.0        0.0        0.0      -38.4        0.0        0.0        0.0
         3.7821      -26.5        0.0       -7.5        0.0        0.0        0.0      -38.6        0.0        0.0        0.0
         3.8845      -26.6        0.0       -7.5        0.0        0.0        0.0      -38.8        0.0        0.0        0.0
         3.9868      -26.6        0.0       -7.5        0.0        0.0        0.0      -39.1        0.0        0.0        0.0
         4.0881      -26.7        0.0       -7.4        0.0        0.0        0.0      -39.3        0.0        0.0        0.0
         4.1894      -26.7        0.0       -7.4        0.0        0.0        0.0      -39.5        0.0        0.0        0.0
         4.2908      -26.8        0.0       -7.4        0.0        0.0        0.0      -39.7        0.0        0.0        0.0
         4.3921      -26.8        0.0       -7.4        0.0        0.0        0.0      -39.9        0.0        0.0        0.0
         4.4934      -26.9        0.0       -7.3        0.0        0.0        0.0      -40.1        0.0        0.0        0.0
         4.5947      -26.9        0.0       -7.3        0.0        0.0        0.0      -40.2        0.0        0.0        0.0
         4.6960      -26.9        0.0       -7.3        0.0        0.0        0.0      -40.4        0.0        0.0        0.0
         4.8480      -27.0        0.0       -7.2        0.0        0.0        0.0      -40.7        0.0        0.0        0.0
         5.0000      -27.0        0.0       -7.2        0.0        0.0        0.0      -41.0        0.0        0.0        0.0
         5.1330      -27.0        0.0       -7.2        0.0        0.0        0.0      -41.2        0.0        0.0        0.0
         5.2661      -27.0        0.0       -7.1        0.0        0.0        0.0      -41.5        0.0        0.0        0.0
         5.3991      -27.1        0.0       -7.1        0.0        0.0        0.0      -41.7        0.0        0.0        0.0
         5.5321      -27.1        0.0       -7.1        0.0        0.0        0.0      -41.9        0.0        0.0        0.0
         5.6652      -27.1        0.0       -7.1        0.0        0.0        0.0      -42.1        0.0        0.0        0.0
         5.7982      -27.1        0.0       -7.0        0.0        0.0        0.0      -42.4        0.0        0.0        0.0
         5.9312      -27.1        0.0       -7.0        0.0        0.0        0.0      -42.6        0.0        0.0        0.0
         6.0643      -27.1        0.0       -7.0        0.0        0.0        0.0      -42.8        0.0        0.0        0.0
         6.1973      -27.1        0.0       -7.0        0.0        0.0        0.0      -43.0        0.0        0.0        0.0
         6.3303      -27.1        0.0       -6.9        0.0        0.0        0.0      -43.2        0.0        0.0        0.0
         6.4634      -27.1        0.0       -6.9        0.0        0.0        0.0      -43.4        0.0        0.0        0.0
         6.5964      -27.1        0.0       -6.9        0.0        0.0        0.0      -43.6        0.0        0.0        0.0
         6.7295      -27.1        0.0       -6.9        0.0        0.0        0.0      -43.8        0.0        0.0        0.0
         6.8625      -27.1        0.0       -6.8        0.0        0.0        0.0      -44.0        0.0        0.0        0.0
         6.9955      -27.1        0.0       -6.8        0.0        0.0        0.0      -44.2        0.0        0.0        0.0
         7.1286      -27.0        0.0       -6.8        0.0        0.0        0.0      -44.4        0.0        0.0        0.0
         7.2616      -27.0        0.0       -6.8        0.0        0.0        0.0      -44.6        0.0        0.0        0.0
         7.3946      -27.0        0.0       -6.7        0.0        0.0        0.0      -44.8        0.0        0.0        0.0
         7.5277      -27.0        0.0       -6.7        0.0        0.0        0.0      -45.0        0.0        0.0        0.0
         7.6607      -27.0        0.0       -6.7        0.0        0.0        0.0      -45.2        0.0        0.0        0.0
         7.7937      -26.9        0.0       -6.7        0.0        0.0        0.0      -45.4        0.0        0.0        0.0
         7.9268      -26.9        0.0       -6.7        0.0        0.0        0.0      -45.6        0.0        0.0        0.0
         8.0598      -26.9        0.0       -6.6        0.0        0.0        0.0      -45.8        0.0        0.0        0.0
         8.1928      -26.9        0.0       -6.6        0.0        0.0        0.0      -46.0        0.0        0.0        0.0
         8.3259      -26.8        0.0       -6.6        0.0        0.0        0.0      -46.1        0.0        0.0        0.0
         8.4589      -26.8        0.0       -6.6        0.0        0.0        0.0      -46.3        0.0        0.0        0.0
         8.5919      -26.8        0.0       -6.6        0.0        0.0        0.0      -46.5        0.0        0.0        0.0
         8.7250      -26.7        0.0       -6.6        0.0        0.0        0.0      -46.7        0.0        0.0        0.0
         8.8580      -26.7        0.0       -6.5        0.0        0.0        0.0      -46.9        0.0        0.0        0.0
         8.9910      -26.7        0.0       -6.5        0.0        0.0        0.0      -47.1        0.0        0.0        0.0
         9.1241      -26.6        0.0       -6.5        0.0        0.0        0.0      -47.2        0.0        0.0        0.0
         9.2571      -26.6        0.0       -6.5        0.0        0.0        0.0      -47.4        0.0        0.0        0.0
         9.3901      -26.6        0.0       -6.5        0.0        0.0        0.0      -47.6        0.0        0.0        0.0
         9.5232      -26.5        0.0       -6.5        0.0        0.0        0.0      -47.8        0.0        0.0        0.0
         9.6562      -26.5        0.0       -6.4        0.0        0.0        0.0      -47.9        0.0        0.0        0.0
         9.7892      -26.4        0.0       -6.4        0.0        0.0        0.0      -48.1        0.0        0.0        0.0
         9.9622      -26.4        0.0       -6.4        0.0        0.0        0.0      -48.3        0.0        0.0        0.0
        10.1351      -26.3        0.0       -6.4        0.0        0.0        0.0      -48.5        0.0        0.0        0.0
        10.3081      -26.3        0.0       -6.4        0.0        0.0        0.0      -48.8        0.0        0.0        0.0
        10.4810      -26.2        0.0       -6.3        0.0        0.0        0.0      -49.0        0.0        0.0        0.0
        10.6540      -26.2        0.0       -6.3        0.0        0.0        0.0      -49.2        0.0        0.0        0.0
        10.8269      -26.1        0.0       -6.3        0.0        0.0        0.0      -49.4        0.0        0.0        0.0
        10.9999      -26.0        0.0       -6.3        0.0        0.0        0.0      -49.6        0.0        0.0        0.0
        11.1728      -26.0        0.0       -6.3        0.0        0.0        0.0      -49.8        0.0        0.0        0.0
        11.3458      -25.9        0.0       -6.3        0.0        0.0        0.0      -50.1        0.0        0.0        0.0
        11.5187      -25.8        0.0       -6.2        0.0        0.0        0.0      -50.3        0.0        0.0        0.0
        11.6916      -25.8        0.0       -6.2        0.0        0.0        0.0      -50.5        0.0        0.0        0.0
        11.8646      -25.7        0.0       -6.2        0.0        0.0        0.0      -50.7        0.0        0.0        0.0
        12.0375      -25.6        0.0       -6.2        0.0        0.0        0.0      -50.9        0.0        0.0        0.0
        12.2105      -25.6        0.0       -6.2        0.0        0.0        0.0      -51.1        0.0        0.0        0.0
        12.3834      -25.5        0.0       -6.2        0.0        0.0        0.0      -51.3        0.0        0.0        0.0
        12.5564      -25.4        0.0       -6.2        0.0        0.0        0.0      -51.5        0.0        0.0        0.0
        12.7293      -25.3        0.0       -6.1        0.0        0.0        0.0      -51.7        0.0        0.0        0.0
        12.9023      -25.3        0.0       -6.1        0.0        0.0        0.0      -51.9        0.0        0.0        0.0
        13.0752      -25.2        0.0       -6.1        0.0        0.0        0.0      -52.1        0.0        0.0        0.0
        13.2481      -25.1        0.0       -6.1        0.0        0.0        0.0      -52.3        0.0        0.0        0.0
        13.4233      -25.0        0.0       -6.1        0.0        0.0        0.0      -52.5        0.0        0.0        0.0
        13.5985      -25.0        0.0       -6.1        0.0        0.0        0.0      -52.7        0.0        0.0        0.0
        13.7737      -24.9        0.0       -6.1        0.0        0.0        0.0      -53.0        0.0        0.0        0.0
        13.9489      -24.8        0.0       -6.0        0.0        0.0        0.0      -53.2        0.0        0.0        0.0
        14.1241      -24.7        0.0       -6.0        0.0        0.0        0.0      -53.4        0.0        0.0        0.0
        14.2993      -24.6        0.0       -6.0        0.0        0.0        0.0      -53.6        0.0        0.0        0.0
        14.4744      -24.6        0.0       -6.0        0.0        0.0        0.0      -53.8        0.0        0.0        0.0
        14.6496      -24.5        0.0       -6.0        0.0        0.0        0.0      -54.0        0.0        0.0        0.0
        14.8248      -24.4        0.0       -6.0        0.0        0.0        0.0      -54.2        0.0        0.0        0.0
        15.0000      -24.3        0.0       -6.0        0.0        0.0        0.0      -54.4        0.0        0.0        0.0
        15.1729      -24.2        0.0       -6.0        0.0        0.0        0.0      -54.6        0.0        0.0        0.0
        15.3459      -24.1        0.0       -5.9        0.0        0.0        0.0      -54.8        0.0        0.0        0.0
        15.5188      -24.1        0.0       -5.9        0.0        0.0        0.0      -55.0        0.0        0.0        0.0
        15.6918      -24.0        0.0       -5.9        0.0        0.0        0.0      -55.2        0.0        0.0        0.0
        15.8647      -23.9        0.0       -5.9        0.0        0.0        0.0      -55.3        0.0        0.0        0.0
        16.0377      -23.8        0.0       -5.9        0.0        0.0        0.0      -55.5        0.0        0.0        0.0
        16.2106      -23.7        0.0       -5.9        0.0        0.0        0.0      -55.7        0.0        0.0        0.0
        16.3836      -23.6        0.0       -5.9        0.0        0.0        0.0      -55.9        0.0        0.0        0.0
        16.5565      -23.5        0.0       -5.9        0.0        0.0        0.0      -56.1        0.0        0.0        0.0
        16.7813      -23.4        0.0       -5.9        0.0        0.0        0.0      -56.4        0.0        0.0        0.0
        17.0062      -23.3        0.0       -5.8        0.0        0.0        0.0      -56.6        0.0        0.0        0.0
        17.2310      -23.2        0.0       -5.8        0.0        0.0        0.0      -56.9        0.0        0.0        0.0
        17.4558      -23.0        0.0       -5.8        0.0        0.0        0.0      -57.1        0.0        0.0        0.0
        17.6806      -22.9        0.0       -5.8        0.0        0.0        0.0      -57.4        0.0        0.0        0.0
        17.9055      -22.8        0.0       -5.8        0.0        0.0        0.0      -57.7        0.0        0.0        0.0
        18.1303      -22.7        0.0       -5.8        0.0        0.0        0.0      -57.9        0.0        0.0        0.0
        18.3551      -22.6        0.0       -5.8        0.0        0.0        0.0      -58.2        0.0        0.0        0.0
        18.5800      -22.4        0.0       -5.8        0.0        0.0        0.0      -58.4        0.0        0.0        0.0
        18.8048      -22.3        0.0       -5.7        0.0        0.0        0.0      -58.7        0.0        0.0        0.0
        19.0296      -22.2        0.0       -5.7        0.0        0.0        0.0      -58.9        0.0        0.0        0.0
        19.2544      -22.0        0.0       -5.7        0.0        0.0        0.0      -59.2        0.0        0.0        0.0
        19.4793      -21.9        0.0       -5.7        0.0        0.0        0.0      -59.4        0.0        0.0        0.0
        19.7041      -21.8        0.0       -5.7        0.0        0.0        0.0      -59.7        0.0        0.0        0.0
        19.9289      -21.7        0.0       -5.7        0.0        0.0        0.0      -59.9        0.0        0.0        0.0
        20.1538      -21.5        0.0       -5.7        0.0        0.0        0.0      -60.2        0.0        0.0        0.0
        20.3786      -21.4        0.0       -5.7        0.0        0.0        0.0      -60.4        0.0        0.0        0.0
        20.6034      -21.3        0.0       -5.6        0.0        0.0        0.0      -60.7        0.0        0.0        0.0
        20.8282      -21.1        0.0       -5.6        0.0        0.0        0.0      -60.9        0.0        0.0        0.0
        21.0531      -21.0        0.0       -5.6        0.0        0.0        0.0      -61.2        0.0        0.0        0.0
        21.2779      -20.9        0.0       -5.6        0.0        0.0        0.0      -61.4        0.0        0.0        0.0
        21.5027      -20.8        0.0       -5.6        0.0        0.0        0.0      -61.7        0.0        0.0        0.0
        21.7276      -20.6        0.0       -5.6        0.0        0.0        0.0      -62.0        0.0        0.0        0.0
        21.9524      -20.5        0.0       -5.6        0.0        0.0        0.0      -62.2        0.0        0.0        0.0
        22.1772      -20.4        0.0       -5.6        0.0        0.0        0.0      -62.5        0.0        0.0        0.0
        22.4020      -20.2        0.0       -5.6        0.0        0.0        0.0      -62.7        0.0        0.0        0.0
        22.6269      -20.1        0.0       -5.6        0.0        0.0        0.0      -63.0        0.0        0.0        0.0
        22.8517      -20.0        0.0       -5.5        0.0        0.0        0.0      -63.2        0.0        0.0        0.0
        23.0765      -19.8        0.0       -5.5        0.0        0.0        0.0      -63.5        0.0        0.0        0.0
        23.3014      -19.7        0.0       -5.5        0.0        0.0        0.0      -63.8        0.0        0.0        0.0
        23.5262      -19.6        0.0       -5.5        0.0        0.0        0.0      -64.0        0.0        0.0        0.0
        23.7510      -19.4        0.0       -5.5        0.0        0.0        0.0      -64.3        0.0        0.0        0.0
        23.9758      -19.3        0.0       -5.5        0.0        0.0        0.0      -64.5        0.0        0.0        0.0
        24.2007      -19.1        0.0       -5.5        0.0        0.0        0.0      -64.8        0.0        0.0        0.0
        24.4255      -19.0        0.0       -5.5        0.0        0.0        0.0      -65.1        0.0        0.0        0.0
        24.6503      -18.9        0.0       -5.5        0.0        0.0        0.0      -65.3        0.0        0.0        0.0
        24.8752      -18.7        0.0       -5.5        0.0        0.0        0.0      -65.6        0.0        0.0        0.0
        25.1000      -18.6        0.0       -5.5        0.0        0.0        0.0      -65.9        0.0        0.0        0.0
        25.3248      -18.4        0.0       -5.4        0.0        0.0        0.0      -66.1        0.0        0.0        0.0
        25.5496      -18.3        0.0       -5.4        0.0        0.0        0.0      -66.4        0.0        0.0        0.0
        25.7745      -18.1        0.0       -5.4        0.0        0.0        0.0      -66.7        0.0        0.0        0.0
        25.9993      -18.0        0.0       -5.4        0.0        0.0        0.0      -66.9        0.0        0.0        0.0
        26.2241      -17.8        0.0       -5.4        0.0        0.0        0.0      -67.2        0.0        0.0        0.0
        26.4490      -17.7        0.0       -5.4        0.0        0.0        0.0      -67.5        0.0        0.0        0.0
        26.6738      -17.5        0.0       -5.4        0.0        0.0        0.0      -67.7        0.0        0.0        0.0
        26.8986      -17.4        0.0       -5.4        0.0        0.0        0.0      -68.0        0.0        0.0        0.0
        27.1909      -17.2        0.0       -5.4        0.0        0.0        0.0      -68.3        0.0        0.0        0.0
        27.4718      -17.0        0.0       -5.4        0.0        0.0        0.0      -68.7        0.0        0.0        0.0
        27.7527      -16.8        0.0       -5.4        0.0        0.0        0.0      -69.0        0.0        0.0        0.0
        28.0336      -16.6        0.0       -5.3        0.0        0.0        0.0      -69.4        0.0        0.0        0.0
        28.3145      -16.4        0.0       -5.3        0.0        0.0        0.0      -69.7        0.0        0.0        0.0
        28.5954      -16.3        0.0       -5.3        0.0        0.0        0.0      -70.1        0.0        0.0        0.0
        28.8764      -16.1        0.0       -5.3        0.0        0.0        0.0      -70.4        0.0        0.0        0.0
        29.1573      -15.9        0.0       -5.3        0.0        0.0        0.0      -70.8        0.0        0.0        0.0
        29.4382      -15.7        0.0       -5.3        0.0        0.0        0.0      -71.1        0.0        0.0        0.0
        29.7191      -15.5        0.0       -5.3        0.0        0.0        0.0      -71.5        0.0        0.0        0.0
        30.0000      -15.3        0.0       -5.3        0.0        0.0        0.0      -71.8        0.0        0.0        0.0
        30.2923      -15.1        0.0       -5.3        0.0        0.0        0.0      -72.2        0.0        0.0        0.0
        30.5846      -14.9        0.0       -5.3        0.0        0.0        0.0      -72.5        0.0        0.0        0.0
        30.8768      -14.7        0.0       -5.2        0.0        0.0        0.0      -72.9        0.0        0.0        0.0
        31.1691      -14.6        0.0       -5.2        0.0        0.0        0.0      -73.3        0.0        0.0        0.0
        31.4614      -14.4        0.0       -5.2        0.0        0.0        0.0      -73.7        0.0        0.0        0.0
        31.7537      -14.2        0.0       -5.2        0.0        0.0        0.0      -74.0        0.0        0.0        0.0
        32.0459      -14.0        0.0       -5.2        0.0        0.0        0.0      -74.4        0.0        0.0        0.0
        32.3382      -13.8        0.0       -5.2        0.0        0.0        0.0      -74.8        0.0        0.0        0.0
        32.6305      -13.6        0.0       -5.2        0.0        0.0        0.0      -75.1        0.0        0.0        0.0
        32.9228      -13.4        0.0       -5.2        0.0        0.0        0.0      -75.5        0.0        0.0        0.0
        33.2150      -13.2        0.0       -5.2        0.0        0.0        0.0      -75.8        0.0        0.0        0.0
        33.5073      -12.9        0.0       -5.2        0.0        0.0        0.0      -76.1        0.0        0.0        0.0
        33.7996      -12.7        0.0       -5.1        0.0        0.0        0.0      -76.4        0.0        0.0        0.0
        34.0919      -12.5        0.0       -5.1        0.0        0.0        0.0      -76.6        0.0        0.0        0.0
        34.3842      -12.3        0.0       -5.1        0.0        0.0        0.0      -76.7        0.0        0.0        0.0
        34.6764      -12.1        0.0       -5.1        0.0        0.0        0.0      -76.6        0.0        0.0        0.0
        34.9687      -11.9        0.0       -5.1        0.0        0.0        0.0      -76.3        0.0        0.0        0.0
        35.2610      -11.7        0.0       -5.1        0.0        0.0        0.0      -75.7        0.0        0.0        0.0
        35.5533      -11.5        0.0       -5.1        0.0        0.0        0.0      -74.5        0.0        0.0        0.0
        35.8455      -11.3        0.0       -5.1        0.0        0.0        0.0      -72.6        0.0        0.0        0.0
        36.1378      -11.0        0.0       -5.1        0.0        0.0        0.0      -69.8        0.0        0.0        0.0
        36.4301      -10.8        0.0       -5.1        0.0        0.0        0.0      -66.0        0.0        0.0        0.0
        36.7224      -10.6        0.0       -5.1        0.0        0.0        0.0      -61.4        0.0        0.0        0.0
        37.0147      -10.4        0.0       -5.0        0.0        0.0        0.0      -56.4        0.0        0.0        0.0
        37.3069      -10.2        0.0       -5.0        0.0        0.0        0.0      -51.4        0.0        0.0        0.0
        37.6869       -9.9        0.0       -5.0        0.0        0.0        0.0      -45.3        0.0        0.0        0.0
        38.0668       -9.7        0.0       -5.0        0.0        0.0        0.0      -39.8        0.0        0.0        0.0
        38.4468       -9.5        0.0       -5.0        0.0        0.0        0.0      -35.2        0.0        0.0        0.0
        38.8268       -9.3        0.0       -5.0        0.0        0.0        0.0      -31.2        0.0        0.0        0.0
        39.2067       -9.1        0.0       -5.0        0.0        0.0        0.0      -27.8        0.0        0.0        0.0
        39.5867       -9.0        0.0       -5.0        0.0        0.0        0.0      -24.7        0.0        0.0        0.0
        39.9667       -8.8        0.0       -5.0        0.0        0.0        0.0      -22.1        0.0        0.0        0.0
        40.3466       -8.7        0.0       -4.9        0.0        0.0        0.0      -19.9        0.0        0.0        0.0
        40.7266       -8.6        0.0       -4.9        0.0        0.0        0.0      -18.0        0.0        0.0        0.0
        41.1065       -8.4        0.0       -4.9        0.0        0.0        0.0      -16.4        0.0        0.0        0.0
        41.4865       -8.3        0.0       -4.9        0.0        0.0        0.0      -15.1        0.0        0.0        0.0
        41.8665       -8.2        0.0       -4.9        0.0        0.0        0.0      -14.1        0.0        0.0        0.0
        42.2464       -8.1        0.0       -4.9        0.0        0.0        0.0      -13.3        0.0        0.0        0.0
        42.6264       -8.0        0.0       -4.9        0.0        0.0        0.0      -12.7        0.0        0.0        0.0
        43.0063       -7.9        0.0       -4.9        0.0        0.0        0.0      -12.2        0.0        0.0        0.0
        43.5003       -7.8        0.0       -4.9        0.0        0.0        0.0      -11.6        0.0        0.0        0.0
        43.9942       -7.7        0.0       -4.8        0.0        0.0        0.0      -11.2        0.0        0.0        0.0
        44.6364       -7.6        0.0       -4.8        0.0        0.0        0.0      -10.8        0.0        0.0        0.0
        45.2785       -7.5        0.0       -4.8        0.0        0.0        0.0      -10.5        0.0        0.0        0.0
        46.1133       -7.4        0.0       -4.8        0.0        0.0        0.0      -10.1        0.0        0.0        0.0
        46.9480       -7.3        0.0       -4.7        0.0        0.0        0.0       -9.8        0.0        0.0        0.0
        47.7828       -7.2        0.0       -4.7        0.0        0.0        0.0       -9.6        0.0        0.0        0.0
        48.6176       -7.1        0.0       -4.7        0.0        0.0        0.0       -9.4        0.0        0.0        0.0
        49.4524       -7.1        0.0       -4.6        0.0        0.0        0.0       -9.3        0.0        0.0        0.0
        50.2871       -7.0        0.0       -4.6        0.0        0.0        0.0       -9.1        0.0        0.0        0.0
        51.1219       -6.9        0.0       -4.6        0.0        0.0        0.0       -9.0        0.0        0.0        0.0
        51.9567       -6.9        0.0       -4.6        0.0        0.0        0.0       -8.9        0.0        0.0        0.0
        52.7610       -6.8        0.0       -4.5        0.0        0.0        0.0       -8.8        0.0        0.0        0.0
        53.7952       -6.8        0.0       -4.5        0.0        0.0        0.0       -8.7        0.0        0.0        0.0
        54.8293       -6.7        0.0       -4.5        0.0        0.0        0.0       -8.6        0.0        0.0        0.0
        55.8634       -6.6        0.0       -4.4        0.0        0.0        0.0       -8.5        0.0        0.0        0.0
        56.8976       -6.6        0.0       -4.4        0.0        0.0        0.0       -8.4        0.0        0.0        0.0
        57.9317       -6.5        0.0       -4.4        0.0        0.0        0.0       -8.3        0.0        0.0        0.0
        58.9659       -6.5        0.0       -4.4        0.0        0.0        0.0       -8.2        0.0        0.0        0.0
        60.0000       -6.4        0.0       -4.3        0.0        0.0        0.0       -8.2        0.0        0.0        0.0
        60.0010       -6.4        0.0       -4.4        0.0        0.0        0.0       -8.2        0.0        0.0        0.0
        60.0023       -6.4        0.0       -4.4        0.0        0.0        0.0       -8.2        0.0        0.0        0.0
        60.0040       -6.4        0.0       -4.5        0.0        0.0        0.0       -8.2        0.0        0.0        0.0
        60.0062       -6.4        0.0       -4.5        0.0        0.0        0.0       -8.2        0.0        0.0        0.0
        60.0090       -6.4        0.0       -4.5        0.0        0.0        0.0       -8.2        0.0        0.0        0.0
        60.0128       -6.4        0.0       -4.6        0.0        0.0        0.0       -8.2        0.0        0.0        0.0
        60.0176       -6.4        0.0       -4.6        0.0        0.0        0.0       -8.2        0.0        0.0        0.0
        60.0239       -6.4        0.0       -4.6        0.0        0.0        0.0       -8.2        0.0        0.0        0.0
        60.0320       -6.5        0.0       -4.7        0.0        0.0        0.0       -8.2        0.0        0.0        0.0
        60.0426       -6.5        0.0       -4.7        0.0        0.0        0.0       -8.2        0.0        0.0        0.0
        60.0564       -6.5        0.0       -4.8        0.0        0.0        0.0       -8.2        0.0        0.0        0.0
        60.0743       -6.5        0.0       -4.9        0.0        0.0        0.0       -8.2        0.0        0.0        0.0
        60.0976       -6.5        0.0       -4.9        0.0        0.0        0.0       -8.2        0.0        0.0        0.0
        60.1279       -6.5        0.0       -5.0        0.0        0.0        0.0       -8.2        0.0        0.0        0.0
        60.1673       -6.6        0.0       -5.1        0.0        0.0        0.0       -8.2        0.0        0.0        0.0
        60.2185       -6.6        0.0       -5.2        0.0        0.0        0.0       -8.2        0.0        0.0        0.0
        60.2850       -6.6        0.0       -5.3        0.0        0.0        0.0       -8.2        0.0        0.0        0.0
        60.3715       -6.7        0.0       -5.4        0.0        0.0        0.0       -8.2        0.0        0.0        0.0
        60.4840       -6.8        0.0       -5.6        0.0        0.0        0.0       -8.2        0.0        0.0        0.0
        60.6302       -6.9        0.0       -5.8        0.0        0.0        0.0       -8.2        0.0        0.0        0.0
        60.8202       -7.0        0.0       -5.9        0.0        0.0        0.0       -8.3        0.0        0.0        0.0
        61.0673       -7.1        0.0       -6.1        0.0        0.0        0.0       -8.4        0.0        0.0        0.0
        61.3885       -7.3        0.0       -6.3        0.0        0.0        0.0       -8.6        0.0        0.0        0.0
        61.7096       -7.5        0.0       -6.5        0.0        0.0        0.0       -8.7        0.0        0.0        0.0
        62.1272       -7.8        0.0       -6.8        0.0        0.0        0.0       -9.0        0.0        0.0        0.0
        62.5447       -8.0        0.0       -7.0        0.0        0.0        0.0       -9.2        0.0        0.0        0.0
        63.0875       -8.2        0.0       -7.2        0.0        0.0        0.0       -9.5        0.0        0.0        0.0
        63.6303       -8.5        0.0       -7.5        0.0        0.0        0.0       -9.8        0.0        0.0        0.0
        64.3360       -8.8        0.0       -7.7        0.0        0.0        0.0      -10.2        0.0        0.0        0.0
        65.0416       -9.0        0.0       -8.0        0.0        0.0        0.0      -10.5        0.0        0.0        0.0
        65.9589       -9.4        0.0       -8.3        0.0        0.0        0.0      -10.9        0.0        0.0        0.0
        66.8763       -9.7        0.0       -8.6        0.0        0.0        0.0      -11.3        0.0        0.0        0.0
        68.0688      -10.1        0.0       -8.9        0.0        0.0        0.0      -11.9        0.0        0.0        0.0
        69.2613      -10.5        0.0       -9.3        0.0        0.0        0.0      -12.3        0.0        0.0        0.0
        70.8116      -11.0        0.0       -9.6        0.0        0.0        0.0      -13.0        0.0        0.0        0.0
        72.3619      -11.4        0.0      -10.0        0.0        0.0        0.0      -13.5        0.0        0.0        0.0
        74.3773      -12.0        0.0      -10.5        0.0        0.0        0.0      -14.4        0.0        0.0        0.0
        76.3927      -12.5        0.0      -10.9        0.0        0.0        0.0      -15.1        0.0        0.0        0.0
        79.0127      -13.2        0.0      -11.4        0.0        0.0        0.0      -16.1        0.0        0.0        0.0
        81.6327      -13.8        0.0      -11.9        0.0        0.0        0.0      -16.9        0.0        0.0        0.0
        85.0387      -14.6        0.0      -12.4        0.0        0.0        0.0      -18.2        0.0        0.0        0.0
        89.4088      -15.5        0.0      -13.1        0.0        0.0        0.0      -19.6        0.0        0.0        0.0
        93.7790      -16.4        0.0      -13.8        0.0        0.0        0.0      -20.8        0.0        0.0        0.0
        99.0232      -17.4        0.0      -14.5        0.0        0.0        0.0      -22.3        0.0        0.0        0.0
       104.2674      -18.3        0.0      -15.2        0.0        0.0        0.0      -23.6        0.0        0.0        0.0
       109.5116      -19.1        0.0      -15.8        0.0        0.0        0.0      -24.8        0.0        0.0        0.0
       114.7558      -19.9        0.0      -16.4        0.0        0.0        0.0      -25.9        0.0        0.0        0.0
       120.0000      -20.7        0.0      -17.0        0.0        0.0        0.0      -26.9        0.0        0.0        0.0
       126.0000      -21.5        0.0      -17.6        0.0        0.0        0.0      -28.0        0.0        0.0        0.0
       132.0000      -22.2        0.0      -18.2        0.0        0.0        0.0      -29.0        0.0        0.0        0.0
       140.0000      -23.1        0.0      -19.0        0.0        0.0        0.0      -30.2        0.0        0.0        0.0
       150.0000      -24.1        0.0      -19.9        0.0        0.0        0.0      -31.4        0.0        0.0        0.0
       165.0000      -25.4        0.0      -21.1        0.0        0.0        0.0      -32.8        0.0        0.0        0.0
       180.0000      -26.5        0.0      -22.1        0.0        0.0        0.0      -33.8        0.0        0.0        0.0
       195.0000      -27.4        0.0      -23.2        0.0        0.0        0.0      -34.5        0.0        0.0        0.0
       217.5000      -28.7        0.0      -24.5        0.0        0.0        0.0      -35.2        0.0        0.0        0.0
       240.0000      -29.7        0.0      -25.7        0.0        0.0        0.0      -35.6        0.0        0.0        0.0
       268.8889      -30.8        0.0      -27.0        0.0        0.0        0.0      -35.9        0.0        0.0        0.0
       307.4074      -32.0        0.0      -28.6        0.0        0.0        0.0      -36.2        0.0        0.0        0.0
       355.5556      -33.2        0.0      -30.2        0.0        0.0        0.0      -36.6        0.0        0.0        0.0
       427.7778      -34.7        0.0      -32.1        0.0        0.0        0.0      -37.2        0.0        0.0        0.0
       500.0000      -35.9        0.0      -33.7        0.0        0.0        0.0      -37.7        0.0        0.0        0.0
       573.3333      -36.9        0.0      -35.0        0.0        0.0        0.0      -38.3        0.0        0.0        0.0
       720.0000      -38.4        0.0      -36.8        0.0        0.0        0.0      -39.2        0.0        0.0        0.0
       864.0000      -39.5        0.0      -38.2        0.0        0.0        0.0      -39.9        0.0        0.0        0.0
      1056.0000      -40.6        0.0      -39.5        0.0        0.0        0.0      -40.7        0.0        0.0        0.0
      1248.0000      -41.3        0.0      -40.4        0.0        0.0        0.0      -41.2        0.0        0.0        0.0
      1440.0000      -41.9        0.0      -41.0        0.0        0.0        0.0      -41.6        0.0        0.0        0.0
      1800.0000      -42.5        0.0      -41.8        0.0        0.0        0.0      -42.0        0.0        0.0        0.0
      2160.0000      -42.8        0.0      -42.2        0.0        0.0        0.0      -42.2        0.0        0.0        0.0
      2520.0000      -43.0        0.0      -42.5        0.0        0.0        0.0      -42.3        0.0        0.0        0.0
      2880.0000      -43.1        0.0      -42.7        0.0        0.0        0.0      -42.3        0.0        0.0        0.0
end
