 Welcome to HYDRUS                                                       
 
 Program HYDRUS2
 Date:   6. 2.2018    Time:  15: 0:30
 Time dependent boundary conditions
 Vertical plane flow, V = L*L
 Units: L = cm   , T = min  , M = mmol 
 

----------------------------------------------------------
 Time       [T] 0.00000000E+00
----------------------------------------------------------
 Sub-region num.                       1
----------------------------------------------------------
 Area    [V]         0.87485E+04  0.87485E+04
 Volume  [V]         0.18377E+04  0.18377E+04
 InFlow  [V/T]       0.00000E+00  0.00000E+00
 hMean   [L]        -0.10212E+02      -10.212
----------------------------------------------------------

----------------------------------------------------------
 Time       [T]       15.0000
----------------------------------------------------------
 Sub-region num.                       1
----------------------------------------------------------
 Area    [V]         0.87485E+04  0.87485E+04
 Volume  [V]         0.18717E+04  0.18717E+04
 InFlow  [V/T]       0.22647E+01  0.22647E+01
 hMean   [L]        -0.10080E+02      -10.080
 WatBalT [V]         0.14338E-01
 WatBalR [%]               0.027
----------------------------------------------------------

----------------------------------------------------------
 Time       [T]       60.0000
----------------------------------------------------------
 Sub-region num.                       1
----------------------------------------------------------
 Area    [V]         0.87485E+04  0.87485E+04
 Volume  [V]         0.19736E+04  0.19736E+04
 InFlow  [V/T]       0.22641E+01  0.22641E+01
 hMean   [L]        -0.96696E+01       -9.670
 WatBalT [V]         0.47643E-01
 WatBalR [%]               0.022
----------------------------------------------------------

----------------------------------------------------------
 Time       [T]      120.0000
----------------------------------------------------------
 Sub-region num.                       1
----------------------------------------------------------
 Area    [V]         0.87485E+04  0.87485E+04
 Volume  [V]         0.21094E+04  0.21094E+04
 InFlow  [V/T]       0.22644E+01  0.22644E+01
 hMean   [L]        -0.90978E+01       -9.098
 WatBalT [V]         0.84958E-01
 WatBalR [%]               0.020
----------------------------------------------------------

----------------------------------------------------------
 Time       [T]      180.0000
----------------------------------------------------------
 Sub-region num.                       1
----------------------------------------------------------
 Area    [V]         0.87485E+04  0.87485E+04
 Volume  [V]         0.22450E+04  0.22450E+04
 InFlow  [V/T]       0.22301E+01  0.22301E+01
 hMean   [L]        -0.85099E+01       -8.510
 WatBalT [V]         0.98980E-01
 WatBalR [%]               0.015
----------------------------------------------------------

----------------------------------------------------------
 Time       [T]      360.0000
----------------------------------------------------------
 Sub-region num.                       1
----------------------------------------------------------
 Area    [V]         0.87485E+04  0.87485E+04
 Volume  [V]         0.18658E+04  0.18658E+04
 InFlow  [V/T]      -0.20518E+01 -0.20518E+01
 hMean   [L]        -0.10481E+02      -10.481
 WatBalT [V]        -0.26301E+01
 WatBalR [%]               0.257
----------------------------------------------------------

----------------------------------------------------------
 Time       [T]      720.0000
----------------------------------------------------------
 Sub-region num.                       1
----------------------------------------------------------
 Area    [V]         0.87485E+04  0.87485E+04
 Volume  [V]         0.14719E+04  0.14719E+04
 InFlow  [V/T]      -0.63937E+00 -0.63937E+00
 hMean   [L]        -0.13268E+02      -13.268
 WatBalT [V]        -0.72369E+01
 WatBalR [%]               0.512
----------------------------------------------------------

----------------------------------------------------------
 Time       [T]     1440.0000
----------------------------------------------------------
 Sub-region num.                       1
----------------------------------------------------------
 Area    [V]         0.87485E+04  0.87485E+04
 Volume  [V]         0.12111E+04  0.12111E+04
 InFlow  [V/T]      -0.23756E+00 -0.23756E+00
 hMean   [L]        -0.16023E+02      -16.023
 WatBalT [V]        -0.11118E+02
 WatBalR [%]               0.665
----------------------------------------------------------
 
 Calculation time [sec]   5.95000001788139     
