 FileVersion=0003
 Welcome to HYDRUS                                                       
 
 Program HYDRUS2
 Date:   6. 2.2018    Time:  15: 0:30
 Time dependent boundary conditions
 Vertical plane flow, V = L*L
 Units: L = cm   , T = min  , M = mmol 
 
 All cumulative fluxes (CumQ) are positive out of the region (except infiltration)
       Time       CumQAP        CumQRP       CumQA        CumQR        CumQ3        CumQ1        CumQS        CumQ5         CumQ6        CumQ7        CumQ8        CumQ9     CRunOff      cEvapor      cInfiltr
        [T]         [V]           [V]         [V]          [V]          [V]          [V]          [V]          [V]           [V]          [V]          [V]          [V]         [V]          [V]         [V]

        0.0010  0.00000E+00  0.00000E+00  0.00000E+00  0.00000E+00 -0.29327E-02  0.00000E+00  0.00000E+00  0.00000E+00  0.66908E-03  0.00000E+00  0.00000E+00  0.00000E+00  0.00000E+00  0.00000E+00  0.00000E+00
        0.0020  0.00000E+00  0.00000E+00  0.00000E+00  0.00000E+00 -0.58654E-02  0.00000E+00  0.00000E+00  0.00000E+00  0.13381E-02  0.00000E+00  0.00000E+00  0.00000E+00  0.00000E+00  0.00000E+00  0.00000E+00
        0.0033  0.00000E+00  0.00000E+00  0.00000E+00  0.00000E+00 -0.96778E-02  0.00000E+00  0.00000E+00  0.00000E+00  0.22079E-02  0.00000E+00  0.00000E+00  0.00000E+00  0.00000E+00  0.00000E+00  0.00000E+00
        0.0050  0.00000E+00  0.00000E+00  0.00000E+00  0.00000E+00 -0.14634E-01  0.00000E+00  0.00000E+00  0.00000E+00  0.33386E-02  0.00000E+00  0.00000E+00  0.00000E+00  0.00000E+00  0.00000E+00  0.00000E+00
        0.0072  0.00000E+00  0.00000E+00  0.00000E+00  0.00000E+00 -0.21077E-01  0.00000E+00  0.00000E+00  0.00000E+00  0.48086E-02  0.00000E+00  0.00000E+00  0.00000E+00  0.00000E+00  0.00000E+00  0.00000E+00
        0.0100  0.00000E+00  0.00000E+00  0.00000E+00  0.00000E+00 -0.29453E-01  0.00000E+00  0.00000E+00  0.00000E+00  0.67195E-02  0.00000E+00  0.00000E+00  0.00000E+00  0.00000E+00  0.00000E+00  0.00000E+00
        0.0138  0.00000E+00  0.00000E+00  0.00000E+00  0.00000E+00 -0.40342E-01  0.00000E+00  0.00000E+00  0.00000E+00  0.92036E-02  0.00000E+00  0.00000E+00  0.00000E+00  0.00000E+00  0.00000E+00  0.00000E+00
        0.0186  0.00000E+00  0.00000E+00  0.00000E+00  0.00000E+00 -0.54498E-01  0.00000E+00  0.00000E+00  0.00000E+00  0.12433E-01  0.00000E+00  0.00000E+00  0.00000E+00  0.00000E+00  0.00000E+00  0.00000E+00
        0.0249  0.00000E+00  0.00000E+00  0.00000E+00  0.00000E+00 -0.72900E-01  0.00000E+00  0.00000E+00  0.00000E+00  0.16631E-01  0.00000E+00  0.00000E+00  0.00000E+00  0.00000E+00  0.00000E+00  0.00000E+00
        0.0330  0.00000E+00  0.00000E+00  0.00000E+00  0.00000E+00 -0.96822E-01  0.00000E+00  0.00000E+00  0.00000E+00  0.22089E-01  0.00000E+00  0.00000E+00  0.00000E+00  0.00000E+00  0.00000E+00  0.00000E+00
        0.0436  0.00000E+00  0.00000E+00  0.00000E+00  0.00000E+00 -0.12792E+00  0.00000E+00  0.00000E+00  0.00000E+00  0.29184E-01  0.00000E+00  0.00000E+00  0.00000E+00  0.00000E+00  0.00000E+00  0.00000E+00
        0.0542  0.00000E+00  0.00000E+00  0.00000E+00  0.00000E+00 -0.15902E+00  0.00000E+00  0.00000E+00  0.00000E+00  0.36279E-01  0.00000E+00  0.00000E+00  0.00000E+00  0.00000E+00  0.00000E+00  0.00000E+00
        0.0680  0.00000E+00  0.00000E+00  0.00000E+00  0.00000E+00 -0.19945E+00  0.00000E+00  0.00000E+00  0.00000E+00  0.45503E-01  0.00000E+00  0.00000E+00  0.00000E+00  0.00000E+00  0.00000E+00  0.00000E+00
        0.0818  0.00000E+00  0.00000E+00  0.00000E+00  0.00000E+00 -0.23988E+00  0.00000E+00  0.00000E+00  0.00000E+00  0.54726E-01  0.00000E+00  0.00000E+00  0.00000E+00  0.00000E+00  0.00000E+00  0.00000E+00
        0.0997  0.00000E+00  0.00000E+00  0.00000E+00  0.00000E+00 -0.29244E+00  0.00000E+00  0.00000E+00  0.00000E+00  0.66717E-01  0.00000E+00  0.00000E+00  0.00000E+00  0.00000E+00  0.00000E+00  0.00000E+00
        0.1176  0.00000E+00  0.00000E+00  0.00000E+00  0.00000E+00 -0.34500E+00  0.00000E+00  0.00000E+00  0.00000E+00  0.78708E-01  0.00000E+00  0.00000E+00  0.00000E+00  0.00000E+00  0.00000E+00  0.00000E+00
        0.1356  0.00000E+00  0.00000E+00  0.00000E+00  0.00000E+00 -0.39756E+00  0.00000E+00  0.00000E+00  0.00000E+00  0.90698E-01  0.00000E+00  0.00000E+00  0.00000E+00  0.00000E+00  0.00000E+00  0.00000E+00
        0.1589  0.00000E+00  0.00000E+00  0.00000E+00  0.00000E+00 -0.46588E+00  0.00000E+00  0.00000E+00  0.00000E+00  0.10629E+00  0.00000E+00  0.00000E+00  0.00000E+00  0.00000E+00  0.00000E+00  0.00000E+00
        0.1891  0.00000E+00  0.00000E+00  0.00000E+00  0.00000E+00 -0.55471E+00  0.00000E+00  0.00000E+00  0.00000E+00  0.12655E+00  0.00000E+00  0.00000E+00  0.00000E+00  0.00000E+00  0.00000E+00  0.00000E+00
        0.2194  0.00000E+00  0.00000E+00  0.00000E+00  0.00000E+00 -0.64353E+00  0.00000E+00  0.00000E+00  0.00000E+00  0.14681E+00  0.00000E+00  0.00000E+00  0.00000E+00  0.00000E+00  0.00000E+00  0.00000E+00
        0.2497  0.00000E+00  0.00000E+00  0.00000E+00  0.00000E+00 -0.73235E+00  0.00000E+00  0.00000E+00  0.00000E+00  0.16708E+00  0.00000E+00  0.00000E+00  0.00000E+00  0.00000E+00  0.00000E+00  0.00000E+00
        0.2800  0.00000E+00  0.00000E+00  0.00000E+00  0.00000E+00 -0.82118E+00  0.00000E+00  0.00000E+00  0.00000E+00  0.18734E+00  0.00000E+00  0.00000E+00  0.00000E+00  0.00000E+00  0.00000E+00  0.00000E+00
        0.3103  0.00000E+00  0.00000E+00  0.00000E+00  0.00000E+00 -0.91000E+00  0.00000E+00  0.00000E+00  0.00000E+00  0.20761E+00  0.00000E+00  0.00000E+00  0.00000E+00  0.00000E+00  0.00000E+00  0.00000E+00
        0.3406  0.00000E+00  0.00000E+00  0.00000E+00  0.00000E+00 -0.99882E+00  0.00000E+00  0.00000E+00  0.00000E+00  0.22787E+00  0.00000E+00  0.00000E+00  0.00000E+00  0.00000E+00  0.00000E+00  0.00000E+00
        0.3800  0.00000E+00  0.00000E+00  0.00000E+00  0.00000E+00 -0.11143E+01  0.00000E+00  0.00000E+00  0.00000E+00  0.25421E+00  0.00000E+00  0.00000E+00  0.00000E+00  0.00000E+00  0.00000E+00  0.00000E+00
        0.4193  0.00000E+00  0.00000E+00  0.00000E+00  0.00000E+00 -0.12298E+01  0.00000E+00  0.00000E+00  0.00000E+00  0.28056E+00  0.00000E+00  0.00000E+00  0.00000E+00  0.00000E+00  0.00000E+00  0.00000E+00
        0.4587  0.00000E+00  0.00000E+00  0.00000E+00  0.00000E+00 -0.13452E+01  0.00000E+00  0.00000E+00  0.00000E+00  0.30690E+00  0.00000E+00  0.00000E+00  0.00000E+00  0.00000E+00  0.00000E+00  0.00000E+00
        0.4981  0.00000E+00  0.00000E+00  0.00000E+00  0.00000E+00 -0.14607E+01  0.00000E+00  0.00000E+00  0.00000E+00  0.33324E+00  0.00000E+00  0.00000E+00  0.00000E+00  0.00000E+00  0.00000E+00  0.00000E+00
        0.5375  0.00000E+00  0.00000E+00  0.00000E+00  0.00000E+00 -0.15762E+01  0.00000E+00  0.00000E+00  0.00000E+00  0.35959E+00  0.00000E+00  0.00000E+00  0.00000E+00  0.00000E+00  0.00000E+00  0.00000E+00
        0.5768  0.00000E+00  0.00000E+00  0.00000E+00  0.00000E+00 -0.16916E+01  0.00000E+00  0.00000E+00  0.00000E+00  0.38593E+00  0.00000E+00  0.00000E+00  0.00000E+00  0.00000E+00  0.00000E+00  0.00000E+00
        0.6280  0.00000E+00  0.00000E+00  0.00000E+00  0.00000E+00 -0.18418E+01  0.00000E+00  0.00000E+00  0.00000E+00  0.42018E+00  0.00000E+00  0.00000E+00  0.00000E+00  0.00000E+00  0.00000E+00  0.00000E+00
        0.6792  0.00000E+00  0.00000E+00  0.00000E+00  0.00000E+00 -0.19919E+01  0.00000E+00  0.00000E+00  0.00000E+00  0.45442E+00  0.00000E+00  0.00000E+00  0.00000E+00  0.00000E+00  0.00000E+00  0.00000E+00
        0.7304  0.00000E+00  0.00000E+00  0.00000E+00  0.00000E+00 -0.21420E+01  0.00000E+00  0.00000E+00  0.00000E+00  0.48867E+00  0.00000E+00  0.00000E+00  0.00000E+00  0.00000E+00  0.00000E+00  0.00000E+00
        0.7969  0.00000E+00  0.00000E+00  0.00000E+00  0.00000E+00 -0.23371E+01  0.00000E+00  0.00000E+00  0.00000E+00  0.53319E+00  0.00000E+00  0.00000E+00  0.00000E+00  0.00000E+00  0.00000E+00  0.00000E+00
        0.8635  0.00000E+00  0.00000E+00  0.00000E+00  0.00000E+00 -0.25323E+01  0.00000E+00  0.00000E+00  0.00000E+00  0.57771E+00  0.00000E+00  0.00000E+00  0.00000E+00  0.00000E+00  0.00000E+00  0.00000E+00
        0.9300  0.00000E+00  0.00000E+00  0.00000E+00  0.00000E+00 -0.27274E+01  0.00000E+00  0.00000E+00  0.00000E+00  0.62223E+00  0.00000E+00  0.00000E+00  0.00000E+00  0.00000E+00  0.00000E+00  0.00000E+00
        0.9966  0.00000E+00  0.00000E+00  0.00000E+00  0.00000E+00 -0.29226E+01  0.00000E+00  0.00000E+00  0.00000E+00  0.66675E+00  0.00000E+00  0.00000E+00  0.00000E+00  0.00000E+00  0.00000E+00  0.00000E+00
        1.0831  0.00000E+00  0.00000E+00  0.00000E+00  0.00000E+00 -0.31763E+01  0.00000E+00  0.00000E+00  0.00000E+00  0.72463E+00  0.00000E+00  0.00000E+00  0.00000E+00  0.00000E+00  0.00000E+00  0.00000E+00
        1.1696  0.00000E+00  0.00000E+00  0.00000E+00  0.00000E+00 -0.34299E+01  0.00000E+00  0.00000E+00  0.00000E+00  0.78251E+00  0.00000E+00  0.00000E+00  0.00000E+00  0.00000E+00  0.00000E+00  0.00000E+00
        1.2561  0.00000E+00  0.00000E+00  0.00000E+00  0.00000E+00 -0.36836E+01  0.00000E+00  0.00000E+00  0.00000E+00  0.84038E+00  0.00000E+00  0.00000E+00  0.00000E+00  0.00000E+00  0.00000E+00  0.00000E+00
        1.3426  0.00000E+00  0.00000E+00  0.00000E+00  0.00000E+00 -0.39373E+01  0.00000E+00  0.00000E+00  0.00000E+00  0.89826E+00  0.00000E+00  0.00000E+00  0.00000E+00  0.00000E+00  0.00000E+00  0.00000E+00
        1.4291  0.00000E+00  0.00000E+00  0.00000E+00  0.00000E+00 -0.41910E+01  0.00000E+00  0.00000E+00  0.00000E+00  0.95614E+00  0.00000E+00  0.00000E+00  0.00000E+00  0.00000E+00  0.00000E+00  0.00000E+00
        1.5415  0.00000E+00  0.00000E+00  0.00000E+00  0.00000E+00 -0.45208E+01  0.00000E+00  0.00000E+00  0.00000E+00  0.10314E+01  0.00000E+00  0.00000E+00  0.00000E+00  0.00000E+00  0.00000E+00  0.00000E+00
        1.6540  0.00000E+00  0.00000E+00  0.00000E+00  0.00000E+00 -0.48506E+01  0.00000E+00  0.00000E+00  0.00000E+00  0.11066E+01  0.00000E+00  0.00000E+00  0.00000E+00  0.00000E+00  0.00000E+00  0.00000E+00
        1.7664  0.00000E+00  0.00000E+00  0.00000E+00  0.00000E+00 -0.51804E+01  0.00000E+00  0.00000E+00  0.00000E+00  0.11819E+01  0.00000E+00  0.00000E+00  0.00000E+00  0.00000E+00  0.00000E+00  0.00000E+00
        1.8789  0.00000E+00  0.00000E+00  0.00000E+00  0.00000E+00 -0.55102E+01  0.00000E+00  0.00000E+00  0.00000E+00  0.12571E+01  0.00000E+00  0.00000E+00  0.00000E+00  0.00000E+00  0.00000E+00  0.00000E+00
        1.9913  0.00000E+00  0.00000E+00  0.00000E+00  0.00000E+00 -0.58400E+01  0.00000E+00  0.00000E+00  0.00000E+00  0.13323E+01  0.00000E+00  0.00000E+00  0.00000E+00  0.00000E+00  0.00000E+00  0.00000E+00
        2.1375  0.00000E+00  0.00000E+00  0.00000E+00  0.00000E+00 -0.62687E+01  0.00000E+00  0.00000E+00  0.00000E+00  0.14301E+01  0.00000E+00  0.00000E+00  0.00000E+00  0.00000E+00  0.00000E+00  0.00000E+00
        2.2837  0.00000E+00  0.00000E+00  0.00000E+00  0.00000E+00 -0.66975E+01  0.00000E+00  0.00000E+00  0.00000E+00  0.15280E+01  0.00000E+00  0.00000E+00  0.00000E+00  0.00000E+00  0.00000E+00  0.00000E+00
        2.4299  0.00000E+00  0.00000E+00  0.00000E+00  0.00000E+00 -0.71262E+01  0.00000E+00  0.00000E+00  0.00000E+00  0.16258E+01  0.00000E+00  0.00000E+00  0.00000E+00  0.00000E+00  0.00000E+00  0.00000E+00
        2.5761  0.00000E+00  0.00000E+00  0.00000E+00  0.00000E+00 -0.75549E+01  0.00000E+00  0.00000E+00  0.00000E+00  0.17236E+01  0.00000E+00  0.00000E+00  0.00000E+00  0.00000E+00  0.00000E+00  0.00000E+00
        2.7223  0.00000E+00  0.00000E+00  0.00000E+00  0.00000E+00 -0.79837E+01  0.00000E+00  0.00000E+00  0.00000E+00  0.18214E+01  0.00000E+00  0.00000E+00  0.00000E+00  0.00000E+00  0.00000E+00  0.00000E+00
        2.9124  0.00000E+00  0.00000E+00  0.00000E+00  0.00000E+00 -0.85410E+01  0.00000E+00  0.00000E+00  0.00000E+00  0.19486E+01  0.00000E+00  0.00000E+00  0.00000E+00  0.00000E+00  0.00000E+00  0.00000E+00
        3.1024  0.00000E+00  0.00000E+00  0.00000E+00  0.00000E+00 -0.90984E+01  0.00000E+00  0.00000E+00  0.00000E+00  0.20757E+01  0.00000E+00  0.00000E+00  0.00000E+00  0.00000E+00  0.00000E+00  0.00000E+00
        3.2925  0.00000E+00  0.00000E+00  0.00000E+00  0.00000E+00 -0.96557E+01  0.00000E+00  0.00000E+00  0.00000E+00  0.22029E+01  0.00000E+00  0.00000E+00  0.00000E+00  0.00000E+00  0.00000E+00  0.00000E+00
        3.4825  0.00000E+00  0.00000E+00  0.00000E+00  0.00000E+00 -0.10213E+02  0.00000E+00  0.00000E+00  0.00000E+00  0.23300E+01  0.00000E+00  0.00000E+00  0.00000E+00  0.00000E+00  0.00000E+00  0.00000E+00
        3.6726  0.00000E+00  0.00000E+00  0.00000E+00  0.00000E+00 -0.10770E+02  0.00000E+00  0.00000E+00  0.00000E+00  0.24572E+01  0.00000E+00  0.00000E+00  0.00000E+00  0.00000E+00  0.00000E+00  0.00000E+00
        3.8626  0.00000E+00  0.00000E+00  0.00000E+00  0.00000E+00 -0.11328E+02  0.00000E+00  0.00000E+00  0.00000E+00  0.25843E+01  0.00000E+00  0.00000E+00  0.00000E+00  0.00000E+00  0.00000E+00  0.00000E+00
        4.1097  0.00000E+00  0.00000E+00  0.00000E+00  0.00000E+00 -0.12052E+02  0.00000E+00  0.00000E+00  0.00000E+00  0.27496E+01  0.00000E+00  0.00000E+00  0.00000E+00  0.00000E+00  0.00000E+00  0.00000E+00
        4.3567  0.00000E+00  0.00000E+00  0.00000E+00  0.00000E+00 -0.12777E+02  0.00000E+00  0.00000E+00  0.00000E+00  0.29149E+01  0.00000E+00  0.00000E+00  0.00000E+00  0.00000E+00  0.00000E+00  0.00000E+00
        4.6038  0.00000E+00  0.00000E+00  0.00000E+00  0.00000E+00 -0.13501E+02  0.00000E+00  0.00000E+00  0.00000E+00  0.30803E+01  0.00000E+00  0.00000E+00  0.00000E+00  0.00000E+00  0.00000E+00  0.00000E+00
        4.8509  0.00000E+00  0.00000E+00  0.00000E+00  0.00000E+00 -0.14226E+02  0.00000E+00  0.00000E+00  0.00000E+00  0.32456E+01  0.00000E+00  0.00000E+00  0.00000E+00  0.00000E+00  0.00000E+00  0.00000E+00
        5.0979  0.00000E+00  0.00000E+00  0.00000E+00  0.00000E+00 -0.14951E+02  0.00000E+00  0.00000E+00  0.00000E+00  0.34109E+01  0.00000E+00  0.00000E+00  0.00000E+00  0.00000E+00  0.00000E+00  0.00000E+00
        5.4191  0.00000E+00  0.00000E+00  0.00000E+00  0.00000E+00 -0.15893E+02  0.00000E+00  0.00000E+00  0.00000E+00  0.36258E+01  0.00000E+00  0.00000E+00  0.00000E+00  0.00000E+00  0.00000E+00  0.00000E+00
        5.7403  0.00000E+00  0.00000E+00  0.00000E+00  0.00000E+00 -0.16834E+02  0.00000E+00  0.00000E+00  0.00000E+00  0.38406E+01  0.00000E+00  0.00000E+00  0.00000E+00  0.00000E+00  0.00000E+00  0.00000E+00
        6.0615  0.00000E+00  0.00000E+00  0.00000E+00  0.00000E+00 -0.17776E+02  0.00000E+00  0.00000E+00  0.00000E+00  0.40555E+01  0.00000E+00  0.00000E+00  0.00000E+00  0.00000E+00  0.00000E+00  0.00000E+00
        6.3827  0.00000E+00  0.00000E+00  0.00000E+00  0.00000E+00 -0.18718E+02  0.00000E+00  0.00000E+00  0.00000E+00  0.42704E+01  0.00000E+00  0.00000E+00  0.00000E+00  0.00000E+00  0.00000E+00  0.00000E+00
        6.7038  0.00000E+00  0.00000E+00  0.00000E+00  0.00000E+00 -0.19660E+02  0.00000E+00  0.00000E+00  0.00000E+00  0.44853E+01  0.00000E+00  0.00000E+00  0.00000E+00  0.00000E+00  0.00000E+00  0.00000E+00
        7.1214  0.00000E+00  0.00000E+00  0.00000E+00  0.00000E+00 -0.20885E+02  0.00000E+00  0.00000E+00  0.00000E+00  0.47647E+01  0.00000E+00  0.00000E+00  0.00000E+00  0.00000E+00  0.00000E+00  0.00000E+00
        7.5389  0.00000E+00  0.00000E+00  0.00000E+00  0.00000E+00 -0.22109E+02  0.00000E+00  0.00000E+00  0.00000E+00  0.50441E+01  0.00000E+00  0.00000E+00  0.00000E+00  0.00000E+00  0.00000E+00  0.00000E+00
        7.9565  0.00000E+00  0.00000E+00  0.00000E+00  0.00000E+00 -0.23334E+02  0.00000E+00  0.00000E+00  0.00000E+00  0.53234E+01  0.00000E+00  0.00000E+00  0.00000E+00  0.00000E+00  0.00000E+00  0.00000E+00
        8.3740  0.00000E+00  0.00000E+00  0.00000E+00  0.00000E+00 -0.24558E+02  0.00000E+00  0.00000E+00  0.00000E+00  0.56028E+01  0.00000E+00  0.00000E+00  0.00000E+00  0.00000E+00  0.00000E+00  0.00000E+00
        8.7915  0.00000E+00  0.00000E+00  0.00000E+00  0.00000E+00 -0.25783E+02  0.00000E+00  0.00000E+00  0.00000E+00  0.58822E+01  0.00000E+00  0.00000E+00  0.00000E+00  0.00000E+00  0.00000E+00  0.00000E+00
        9.2091  0.00000E+00  0.00000E+00  0.00000E+00  0.00000E+00 -0.27007E+02  0.00000E+00  0.00000E+00  0.00000E+00  0.61615E+01  0.00000E+00  0.00000E+00  0.00000E+00  0.00000E+00  0.00000E+00  0.00000E+00
        9.7519  0.00000E+00  0.00000E+00  0.00000E+00  0.00000E+00 -0.28599E+02  0.00000E+00  0.00000E+00  0.00000E+00  0.65247E+01  0.00000E+00  0.00000E+00  0.00000E+00  0.00000E+00  0.00000E+00  0.00000E+00
       10.2767  0.00000E+00  0.00000E+00  0.00000E+00  0.00000E+00 -0.30138E+02  0.00000E+00  0.00000E+00  0.00000E+00  0.68759E+01  0.00000E+00  0.00000E+00  0.00000E+00  0.00000E+00  0.00000E+00  0.00000E+00
       10.8015  0.00000E+00  0.00000E+00  0.00000E+00  0.00000E+00 -0.31677E+02  0.00000E+00  0.00000E+00  0.00000E+00  0.72270E+01  0.00000E+00  0.00000E+00  0.00000E+00  0.00000E+00  0.00000E+00  0.00000E+00
       11.3263  0.00000E+00  0.00000E+00  0.00000E+00  0.00000E+00 -0.33216E+02  0.00000E+00  0.00000E+00  0.00000E+00  0.75781E+01  0.00000E+00  0.00000E+00  0.00000E+00  0.00000E+00  0.00000E+00  0.00000E+00
       12.0611  0.00000E+00  0.00000E+00  0.00000E+00  0.00000E+00 -0.35371E+02  0.00000E+00  0.00000E+00  0.00000E+00  0.80697E+01  0.00000E+00  0.00000E+00  0.00000E+00  0.00000E+00  0.00000E+00  0.00000E+00
       12.7958  0.00000E+00  0.00000E+00  0.00000E+00  0.00000E+00 -0.37526E+02  0.00000E+00  0.00000E+00  0.00000E+00  0.85613E+01  0.00000E+00  0.00000E+00  0.00000E+00  0.00000E+00  0.00000E+00  0.00000E+00
       13.5305  0.00000E+00  0.00000E+00  0.00000E+00  0.00000E+00 -0.39681E+02  0.00000E+00  0.00000E+00  0.00000E+00  0.90529E+01  0.00000E+00  0.00000E+00  0.00000E+00  0.00000E+00  0.00000E+00  0.00000E+00
       14.2653  0.00000E+00  0.00000E+00  0.00000E+00  0.00000E+00 -0.41835E+02  0.00000E+00  0.00000E+00  0.00000E+00  0.95445E+01  0.00000E+00  0.00000E+00  0.00000E+00  0.00000E+00  0.00000E+00  0.00000E+00
       15.0000  0.00000E+00  0.00000E+00  0.00000E+00  0.00000E+00 -0.43990E+02  0.00000E+00  0.00000E+00  0.00000E+00  0.10036E+02  0.00000E+00  0.00000E+00  0.00000E+00  0.00000E+00  0.00000E+00  0.00000E+00
       15.7056  0.00000E+00  0.00000E+00  0.00000E+00  0.00000E+00 -0.46060E+02  0.00000E+00  0.00000E+00  0.00000E+00  0.10508E+02  0.00000E+00  0.00000E+00  0.00000E+00  0.00000E+00  0.00000E+00  0.00000E+00
       16.4113  0.00000E+00  0.00000E+00  0.00000E+00  0.00000E+00 -0.48129E+02  0.00000E+00  0.00000E+00  0.00000E+00  0.10980E+02  0.00000E+00  0.00000E+00  0.00000E+00  0.00000E+00  0.00000E+00  0.00000E+00
       17.1169  0.00000E+00  0.00000E+00  0.00000E+00  0.00000E+00 -0.50198E+02  0.00000E+00  0.00000E+00  0.00000E+00  0.11453E+02  0.00000E+00  0.00000E+00  0.00000E+00  0.00000E+00  0.00000E+00  0.00000E+00
       18.0343  0.00000E+00  0.00000E+00  0.00000E+00  0.00000E+00 -0.52889E+02  0.00000E+00  0.00000E+00  0.00000E+00  0.12066E+02  0.00000E+00  0.00000E+00  0.00000E+00  0.00000E+00  0.00000E+00  0.00000E+00
       18.9516  0.00000E+00  0.00000E+00  0.00000E+00  0.00000E+00 -0.55579E+02  0.00000E+00  0.00000E+00  0.00000E+00  0.12680E+02  0.00000E+00  0.00000E+00  0.00000E+00  0.00000E+00  0.00000E+00  0.00000E+00
       19.8689  0.00000E+00  0.00000E+00  0.00000E+00  0.00000E+00 -0.58269E+02  0.00000E+00  0.00000E+00  0.00000E+00  0.13294E+02  0.00000E+00  0.00000E+00  0.00000E+00  0.00000E+00  0.00000E+00  0.00000E+00
       20.7863  0.00000E+00  0.00000E+00  0.00000E+00  0.00000E+00 -0.60959E+02  0.00000E+00  0.00000E+00  0.00000E+00  0.13908E+02  0.00000E+00  0.00000E+00  0.00000E+00  0.00000E+00  0.00000E+00  0.00000E+00
       21.7036  0.00000E+00  0.00000E+00  0.00000E+00  0.00000E+00 -0.63650E+02  0.00000E+00  0.00000E+00  0.00000E+00  0.14521E+02  0.00000E+00  0.00000E+00  0.00000E+00  0.00000E+00  0.00000E+00  0.00000E+00
       22.6209  0.00000E+00  0.00000E+00  0.00000E+00  0.00000E+00 -0.66340E+02  0.00000E+00  0.00000E+00  0.00000E+00  0.15135E+02  0.00000E+00  0.00000E+00  0.00000E+00  0.00000E+00  0.00000E+00  0.00000E+00
       23.5382  0.00000E+00  0.00000E+00  0.00000E+00  0.00000E+00 -0.69030E+02  0.00000E+00  0.00000E+00  0.00000E+00  0.15749E+02  0.00000E+00  0.00000E+00  0.00000E+00  0.00000E+00  0.00000E+00  0.00000E+00
       24.4556  0.00000E+00  0.00000E+00  0.00000E+00  0.00000E+00 -0.71720E+02  0.00000E+00  0.00000E+00  0.00000E+00  0.16363E+02  0.00000E+00  0.00000E+00  0.00000E+00  0.00000E+00  0.00000E+00  0.00000E+00
       25.6481  0.00000E+00  0.00000E+00  0.00000E+00  0.00000E+00 -0.75218E+02  0.00000E+00  0.00000E+00  0.00000E+00  0.17161E+02  0.00000E+00  0.00000E+00  0.00000E+00  0.00000E+00  0.00000E+00  0.00000E+00
       26.8406  0.00000E+00  0.00000E+00  0.00000E+00  0.00000E+00 -0.78715E+02  0.00000E+00  0.00000E+00  0.00000E+00  0.17959E+02  0.00000E+00  0.00000E+00  0.00000E+00  0.00000E+00  0.00000E+00  0.00000E+00
       28.0332  0.00000E+00  0.00000E+00  0.00000E+00  0.00000E+00 -0.82212E+02  0.00000E+00  0.00000E+00  0.00000E+00  0.18756E+02  0.00000E+00  0.00000E+00  0.00000E+00  0.00000E+00  0.00000E+00  0.00000E+00
       29.2257  0.00000E+00  0.00000E+00  0.00000E+00  0.00000E+00 -0.85710E+02  0.00000E+00  0.00000E+00  0.00000E+00  0.19554E+02  0.00000E+00  0.00000E+00  0.00000E+00  0.00000E+00  0.00000E+00  0.00000E+00
       30.4182  0.00000E+00  0.00000E+00  0.00000E+00  0.00000E+00 -0.89207E+02  0.00000E+00  0.00000E+00  0.00000E+00  0.20352E+02  0.00000E+00  0.00000E+00  0.00000E+00  0.00000E+00  0.00000E+00  0.00000E+00
       31.6108  0.00000E+00  0.00000E+00  0.00000E+00  0.00000E+00 -0.92704E+02  0.00000E+00  0.00000E+00  0.00000E+00  0.21150E+02  0.00000E+00  0.00000E+00  0.00000E+00  0.00000E+00  0.00000E+00  0.00000E+00
       32.8033  0.00000E+00  0.00000E+00  0.00000E+00  0.00000E+00 -0.96202E+02  0.00000E+00  0.00000E+00  0.00000E+00  0.21948E+02  0.00000E+00  0.00000E+00  0.00000E+00  0.00000E+00  0.00000E+00  0.00000E+00
       33.9958  0.00000E+00  0.00000E+00  0.00000E+00  0.00000E+00 -0.99699E+02  0.00000E+00  0.00000E+00  0.00000E+00  0.22746E+02  0.00000E+00  0.00000E+00  0.00000E+00  0.00000E+00  0.00000E+00  0.00000E+00
       35.1884  0.00000E+00  0.00000E+00  0.00000E+00  0.00000E+00 -0.10320E+03  0.00000E+00  0.00000E+00  0.00000E+00  0.23544E+02  0.00000E+00  0.00000E+00  0.00000E+00  0.00000E+00  0.00000E+00  0.00000E+00
       36.3809  0.00000E+00  0.00000E+00  0.00000E+00  0.00000E+00 -0.10669E+03  0.00000E+00  0.00000E+00  0.00000E+00  0.24342E+02  0.00000E+00  0.00000E+00  0.00000E+00  0.00000E+00  0.00000E+00  0.00000E+00
       37.9312  0.00000E+00  0.00000E+00  0.00000E+00  0.00000E+00 -0.11124E+03  0.00000E+00  0.00000E+00  0.00000E+00  0.25379E+02  0.00000E+00  0.00000E+00  0.00000E+00  0.00000E+00  0.00000E+00  0.00000E+00
       39.4815  0.00000E+00  0.00000E+00  0.00000E+00  0.00000E+00 -0.11579E+03  0.00000E+00  0.00000E+00  0.00000E+00  0.26416E+02  0.00000E+00  0.00000E+00  0.00000E+00  0.00000E+00  0.00000E+00  0.00000E+00
       41.0318  0.00000E+00  0.00000E+00  0.00000E+00  0.00000E+00 -0.12033E+03  0.00000E+00  0.00000E+00  0.00000E+00  0.27454E+02  0.00000E+00  0.00000E+00  0.00000E+00  0.00000E+00  0.00000E+00  0.00000E+00
       42.5821  0.00000E+00  0.00000E+00  0.00000E+00  0.00000E+00 -0.12488E+03  0.00000E+00  0.00000E+00  0.00000E+00  0.28491E+02  0.00000E+00  0.00000E+00  0.00000E+00  0.00000E+00  0.00000E+00  0.00000E+00
       44.1324  0.00000E+00  0.00000E+00  0.00000E+00  0.00000E+00 -0.12943E+03  0.00000E+00  0.00000E+00  0.00000E+00  0.29528E+02  0.00000E+00  0.00000E+00  0.00000E+00  0.00000E+00  0.00000E+00  0.00000E+00
       45.7191  0.00000E+00  0.00000E+00  0.00000E+00  0.00000E+00 -0.13408E+03  0.00000E+00  0.00000E+00  0.00000E+00  0.30590E+02  0.00000E+00  0.00000E+00  0.00000E+00  0.00000E+00  0.00000E+00  0.00000E+00
       47.3059  0.00000E+00  0.00000E+00  0.00000E+00  0.00000E+00 -0.13873E+03  0.00000E+00  0.00000E+00  0.00000E+00  0.31651E+02  0.00000E+00  0.00000E+00  0.00000E+00  0.00000E+00  0.00000E+00  0.00000E+00
       48.8927  0.00000E+00  0.00000E+00  0.00000E+00  0.00000E+00 -0.14339E+03  0.00000E+00  0.00000E+00  0.00000E+00  0.32713E+02  0.00000E+00  0.00000E+00  0.00000E+00  0.00000E+00  0.00000E+00  0.00000E+00
       50.4794  0.00000E+00  0.00000E+00  0.00000E+00  0.00000E+00 -0.14804E+03  0.00000E+00  0.00000E+00  0.00000E+00  0.33775E+02  0.00000E+00  0.00000E+00  0.00000E+00  0.00000E+00  0.00000E+00  0.00000E+00
       52.0662  0.00000E+00  0.00000E+00  0.00000E+00  0.00000E+00 -0.15269E+03  0.00000E+00  0.00000E+00  0.00000E+00  0.34836E+02  0.00000E+00  0.00000E+00  0.00000E+00  0.00000E+00  0.00000E+00  0.00000E+00
       53.6529  0.00000E+00  0.00000E+00  0.00000E+00  0.00000E+00 -0.15735E+03  0.00000E+00  0.00000E+00  0.00000E+00  0.35898E+02  0.00000E+00  0.00000E+00  0.00000E+00  0.00000E+00  0.00000E+00  0.00000E+00
       55.2397  0.00000E+00  0.00000E+00  0.00000E+00  0.00000E+00 -0.16200E+03  0.00000E+00  0.00000E+00  0.00000E+00  0.36960E+02  0.00000E+00  0.00000E+00  0.00000E+00  0.00000E+00  0.00000E+00  0.00000E+00
       56.8265  0.00000E+00  0.00000E+00  0.00000E+00  0.00000E+00 -0.16665E+03  0.00000E+00  0.00000E+00  0.00000E+00  0.38022E+02  0.00000E+00  0.00000E+00  0.00000E+00  0.00000E+00  0.00000E+00  0.00000E+00
       58.4132  0.00000E+00  0.00000E+00  0.00000E+00  0.00000E+00 -0.17131E+03  0.00000E+00  0.00000E+00  0.00000E+00  0.39083E+02  0.00000E+00  0.00000E+00  0.00000E+00  0.00000E+00  0.00000E+00  0.00000E+00
       60.0000  0.00000E+00  0.00000E+00  0.00000E+00  0.00000E+00 -0.17596E+03  0.00000E+00  0.00000E+00  0.00000E+00  0.40145E+02  0.00000E+00  0.00000E+00  0.00000E+00  0.00000E+00  0.00000E+00  0.00000E+00
       61.5503  0.00000E+00  0.00000E+00  0.00000E+00  0.00000E+00 -0.18051E+03  0.00000E+00  0.00000E+00  0.00000E+00  0.41182E+02  0.00000E+00  0.00000E+00  0.00000E+00  0.00000E+00  0.00000E+00  0.00000E+00
       63.1006  0.00000E+00  0.00000E+00  0.00000E+00  0.00000E+00 -0.18505E+03  0.00000E+00  0.00000E+00  0.00000E+00  0.42219E+02  0.00000E+00  0.00000E+00  0.00000E+00  0.00000E+00  0.00000E+00  0.00000E+00
       65.1160  0.00000E+00  0.00000E+00  0.00000E+00  0.00000E+00 -0.19096E+03  0.00000E+00  0.00000E+00  0.00000E+00  0.43568E+02  0.00000E+00  0.00000E+00  0.00000E+00  0.00000E+00  0.00000E+00  0.00000E+00
       67.1313  0.00000E+00  0.00000E+00  0.00000E+00  0.00000E+00 -0.19687E+03  0.00000E+00  0.00000E+00  0.00000E+00  0.44916E+02  0.00000E+00  0.00000E+00  0.00000E+00  0.00000E+00  0.00000E+00  0.00000E+00
       69.1467  0.00000E+00  0.00000E+00  0.00000E+00  0.00000E+00 -0.20279E+03  0.00000E+00  0.00000E+00  0.00000E+00  0.46265E+02  0.00000E+00  0.00000E+00  0.00000E+00  0.00000E+00  0.00000E+00  0.00000E+00
       71.1621  0.00000E+00  0.00000E+00  0.00000E+00  0.00000E+00 -0.20870E+03  0.00000E+00  0.00000E+00  0.00000E+00  0.47613E+02  0.00000E+00  0.00000E+00  0.00000E+00  0.00000E+00  0.00000E+00  0.00000E+00
       73.1775  0.00000E+00  0.00000E+00  0.00000E+00  0.00000E+00 -0.21461E+03  0.00000E+00  0.00000E+00  0.00000E+00  0.48962E+02  0.00000E+00  0.00000E+00  0.00000E+00  0.00000E+00  0.00000E+00  0.00000E+00
       75.1929  0.00000E+00  0.00000E+00  0.00000E+00  0.00000E+00 -0.22052E+03  0.00000E+00  0.00000E+00  0.00000E+00  0.50310E+02  0.00000E+00  0.00000E+00  0.00000E+00  0.00000E+00  0.00000E+00  0.00000E+00
       77.2082  0.00000E+00  0.00000E+00  0.00000E+00  0.00000E+00 -0.22643E+03  0.00000E+00  0.00000E+00  0.00000E+00  0.51659E+02  0.00000E+00  0.00000E+00  0.00000E+00  0.00000E+00  0.00000E+00  0.00000E+00
       79.2236  0.00000E+00  0.00000E+00  0.00000E+00  0.00000E+00 -0.23234E+03  0.00000E+00  0.00000E+00  0.00000E+00  0.53007E+02  0.00000E+00  0.00000E+00  0.00000E+00  0.00000E+00  0.00000E+00  0.00000E+00
       81.2390  0.00000E+00  0.00000E+00  0.00000E+00  0.00000E+00 -0.23825E+03  0.00000E+00  0.00000E+00  0.00000E+00  0.54356E+02  0.00000E+00  0.00000E+00  0.00000E+00  0.00000E+00  0.00000E+00  0.00000E+00
       83.2544  0.00000E+00  0.00000E+00  0.00000E+00  0.00000E+00 -0.24416E+03  0.00000E+00  0.00000E+00  0.00000E+00  0.55704E+02  0.00000E+00  0.00000E+00  0.00000E+00  0.00000E+00  0.00000E+00  0.00000E+00
       85.2698  0.00000E+00  0.00000E+00  0.00000E+00  0.00000E+00 -0.25007E+03  0.00000E+00  0.00000E+00  0.00000E+00  0.57052E+02  0.00000E+00  0.00000E+00  0.00000E+00  0.00000E+00  0.00000E+00  0.00000E+00
       87.2851  0.00000E+00  0.00000E+00  0.00000E+00  0.00000E+00 -0.25598E+03  0.00000E+00  0.00000E+00  0.00000E+00  0.58401E+02  0.00000E+00  0.00000E+00  0.00000E+00  0.00000E+00  0.00000E+00  0.00000E+00
       89.9051  0.00000E+00  0.00000E+00  0.00000E+00  0.00000E+00 -0.26366E+03  0.00000E+00  0.00000E+00  0.00000E+00  0.60154E+02  0.00000E+00  0.00000E+00  0.00000E+00  0.00000E+00  0.00000E+00  0.00000E+00
       92.5251  0.00000E+00  0.00000E+00  0.00000E+00  0.00000E+00 -0.27135E+03  0.00000E+00  0.00000E+00  0.00000E+00  0.61907E+02  0.00000E+00  0.00000E+00  0.00000E+00  0.00000E+00  0.00000E+00  0.00000E+00
       95.2726  0.00000E+00  0.00000E+00  0.00000E+00  0.00000E+00 -0.27940E+03  0.00000E+00  0.00000E+00  0.00000E+00  0.63745E+02  0.00000E+00  0.00000E+00  0.00000E+00  0.00000E+00  0.00000E+00  0.00000E+00
       98.0201  0.00000E+00  0.00000E+00  0.00000E+00  0.00000E+00 -0.28746E+03  0.00000E+00  0.00000E+00  0.00000E+00  0.65583E+02  0.00000E+00  0.00000E+00  0.00000E+00  0.00000E+00  0.00000E+00  0.00000E+00
      100.7676  0.00000E+00  0.00000E+00  0.00000E+00  0.00000E+00 -0.29552E+03  0.00000E+00  0.00000E+00  0.00000E+00  0.67422E+02  0.00000E+00  0.00000E+00  0.00000E+00  0.00000E+00  0.00000E+00  0.00000E+00
      103.5151  0.00000E+00  0.00000E+00  0.00000E+00  0.00000E+00 -0.30358E+03  0.00000E+00  0.00000E+00  0.00000E+00  0.69260E+02  0.00000E+00  0.00000E+00  0.00000E+00  0.00000E+00  0.00000E+00  0.00000E+00
      106.2626  0.00000E+00  0.00000E+00  0.00000E+00  0.00000E+00 -0.31163E+03  0.00000E+00  0.00000E+00  0.00000E+00  0.71098E+02  0.00000E+00  0.00000E+00  0.00000E+00  0.00000E+00  0.00000E+00  0.00000E+00
      109.0100  0.00000E+00  0.00000E+00  0.00000E+00  0.00000E+00 -0.31969E+03  0.00000E+00  0.00000E+00  0.00000E+00  0.72937E+02  0.00000E+00  0.00000E+00  0.00000E+00  0.00000E+00  0.00000E+00  0.00000E+00
      111.7575  0.00000E+00  0.00000E+00  0.00000E+00  0.00000E+00 -0.32775E+03  0.00000E+00  0.00000E+00  0.00000E+00  0.74775E+02  0.00000E+00  0.00000E+00  0.00000E+00  0.00000E+00  0.00000E+00  0.00000E+00
      114.5050  0.00000E+00  0.00000E+00  0.00000E+00  0.00000E+00 -0.33581E+03  0.00000E+00  0.00000E+00  0.00000E+00  0.76613E+02  0.00000E+00  0.00000E+00  0.00000E+00  0.00000E+00  0.00000E+00  0.00000E+00
      117.2525  0.00000E+00  0.00000E+00  0.00000E+00  0.00000E+00 -0.34386E+03  0.00000E+00  0.00000E+00  0.00000E+00  0.78452E+02  0.00000E+00  0.00000E+00  0.00000E+00  0.00000E+00  0.00000E+00  0.00000E+00
      120.0000  0.00000E+00  0.00000E+00  0.00000E+00  0.00000E+00 -0.35192E+03  0.00000E+00  0.00000E+00  0.00000E+00  0.80290E+02  0.00000E+00  0.00000E+00  0.00000E+00  0.00000E+00  0.00000E+00  0.00000E+00
      122.6200  0.00000E+00  0.00000E+00  0.00000E+00  0.00000E+00 -0.35961E+03  0.00000E+00  0.00000E+00  0.00000E+00  0.82043E+02  0.00000E+00  0.00000E+00  0.00000E+00  0.00000E+00  0.00000E+00  0.00000E+00
      125.2400  0.00000E+00  0.00000E+00  0.00000E+00  0.00000E+00 -0.36729E+03  0.00000E+00  0.00000E+00  0.00000E+00  0.83796E+02  0.00000E+00  0.00000E+00  0.00000E+00  0.00000E+00  0.00000E+00  0.00000E+00
      127.8600  0.00000E+00  0.00000E+00  0.00000E+00  0.00000E+00 -0.37497E+03  0.00000E+00  0.00000E+00  0.00000E+00  0.85549E+02  0.00000E+00  0.00000E+00  0.00000E+00  0.00000E+00  0.00000E+00  0.00000E+00
      130.4800  0.00000E+00  0.00000E+00  0.00000E+00  0.00000E+00 -0.38266E+03  0.00000E+00  0.00000E+00  0.00000E+00  0.87302E+02  0.00000E+00  0.00000E+00  0.00000E+00  0.00000E+00  0.00000E+00  0.00000E+00
      133.1000  0.00000E+00  0.00000E+00  0.00000E+00  0.00000E+00 -0.39034E+03  0.00000E+00  0.00000E+00  0.00000E+00  0.89055E+02  0.00000E+00  0.00000E+00  0.00000E+00  0.00000E+00  0.00000E+00  0.00000E+00
      135.7200  0.00000E+00  0.00000E+00  0.00000E+00  0.00000E+00 -0.39802E+03  0.00000E+00  0.00000E+00  0.00000E+00  0.90808E+02  0.00000E+00  0.00000E+00  0.00000E+00  0.00000E+00  0.00000E+00  0.00000E+00
      139.1259  0.00000E+00  0.00000E+00  0.00000E+00  0.00000E+00 -0.40801E+03  0.00000E+00  0.00000E+00  0.00000E+00  0.93087E+02  0.00000E+00  0.00000E+00  0.00000E+00  0.00000E+00  0.00000E+00  0.00000E+00
      142.5319  0.00000E+00  0.00000E+00  0.00000E+00  0.00000E+00 -0.41800E+03  0.00000E+00  0.00000E+00  0.00000E+00  0.95367E+02  0.00000E+00  0.00000E+00  0.00000E+00  0.00000E+00  0.00000E+00  0.00000E+00
      145.9379  0.00000E+00  0.00000E+00  0.00000E+00  0.00000E+00 -0.42799E+03  0.00000E+00  0.00000E+00  0.00000E+00  0.97646E+02  0.00000E+00  0.00000E+00  0.00000E+00  0.00000E+00  0.00000E+00  0.00000E+00
      149.3441  0.00000E+00  0.00000E+00  0.00000E+00  0.00000E+00 -0.43798E+03  0.00000E+00  0.00000E+00  0.00000E+00  0.99927E+02  0.00000E+00  0.00000E+00  0.00000E+00  0.00000E+00  0.00000E+00  0.00000E+00
      152.7503  0.00000E+00  0.00000E+00  0.00000E+00  0.00000E+00 -0.44797E+03  0.00000E+00  0.00000E+00  0.00000E+00  0.10221E+03  0.00000E+00  0.00000E+00  0.00000E+00  0.00000E+00  0.00000E+00  0.00000E+00
      156.1565  0.00000E+00  0.00000E+00  0.00000E+00  0.00000E+00 -0.45796E+03  0.00000E+00  0.00000E+00  0.00000E+00  0.10449E+03  0.00000E+00  0.00000E+00  0.00000E+00  0.00000E+00  0.00000E+00  0.00000E+00
      159.5628  0.00000E+00  0.00000E+00  0.00000E+00  0.00000E+00 -0.46795E+03  0.00000E+00  0.00000E+00  0.00000E+00  0.10678E+03  0.00000E+00  0.00000E+00  0.00000E+00  0.00000E+00  0.00000E+00  0.00000E+00
      162.9690  0.00000E+00  0.00000E+00  0.00000E+00  0.00000E+00 -0.47794E+03  0.00000E+00  0.00000E+00  0.00000E+00  0.10907E+03  0.00000E+00  0.00000E+00  0.00000E+00  0.00000E+00  0.00000E+00  0.00000E+00
      166.3752  0.00000E+00  0.00000E+00  0.00000E+00  0.00000E+00 -0.48793E+03  0.00000E+00  0.00000E+00  0.00000E+00  0.11137E+03  0.00000E+00  0.00000E+00  0.00000E+00  0.00000E+00  0.00000E+00  0.00000E+00
      169.7814  0.00000E+00  0.00000E+00  0.00000E+00  0.00000E+00 -0.49791E+03  0.00000E+00  0.00000E+00  0.00000E+00  0.11368E+03  0.00000E+00  0.00000E+00  0.00000E+00  0.00000E+00  0.00000E+00  0.00000E+00
      173.1876  0.00000E+00  0.00000E+00  0.00000E+00  0.00000E+00 -0.50790E+03  0.00000E+00  0.00000E+00  0.00000E+00  0.11601E+03  0.00000E+00  0.00000E+00  0.00000E+00  0.00000E+00  0.00000E+00  0.00000E+00
      176.5938  0.00000E+00  0.00000E+00  0.00000E+00  0.00000E+00 -0.51789E+03  0.00000E+00  0.00000E+00  0.00000E+00  0.11836E+03  0.00000E+00  0.00000E+00  0.00000E+00  0.00000E+00  0.00000E+00  0.00000E+00
      180.0000  0.00000E+00  0.00000E+00  0.00000E+00  0.00000E+00 -0.52788E+03  0.00000E+00  0.00000E+00  0.00000E+00  0.12073E+03  0.00000E+00  0.00000E+00  0.00000E+00  0.00000E+00  0.00000E+00  0.00000E+00
      180.0010  0.00000E+00  0.00000E+00  0.00000E+00  0.00000E+00 -0.52788E+03  0.00000E+00  0.00000E+00  0.00000E+00  0.12073E+03  0.00000E+00  0.00000E+00  0.00000E+00  0.00000E+00  0.00000E+00  0.00000E+00
      180.0023  0.00000E+00  0.00000E+00  0.00000E+00  0.00000E+00 -0.52788E+03  0.00000E+00  0.00000E+00  0.00000E+00  0.12073E+03  0.00000E+00  0.00000E+00  0.00000E+00  0.00000E+00  0.00000E+00  0.00000E+00
      180.0040  0.00000E+00  0.00000E+00  0.00000E+00  0.00000E+00 -0.52788E+03  0.00000E+00  0.00000E+00  0.00000E+00  0.12073E+03  0.00000E+00  0.00000E+00  0.00000E+00  0.00000E+00  0.00000E+00  0.00000E+00
      180.0062  0.00000E+00  0.00000E+00  0.00000E+00  0.00000E+00 -0.52788E+03  0.00000E+00  0.00000E+00  0.00000E+00  0.12073E+03  0.00000E+00  0.00000E+00  0.00000E+00  0.00000E+00  0.00000E+00  0.00000E+00
      180.0090  0.00000E+00  0.00000E+00  0.00000E+00  0.00000E+00 -0.52788E+03  0.00000E+00  0.00000E+00  0.00000E+00  0.12074E+03  0.00000E+00  0.00000E+00  0.00000E+00  0.00000E+00  0.00000E+00  0.00000E+00
      180.0128  0.00000E+00  0.00000E+00  0.00000E+00  0.00000E+00 -0.52788E+03  0.00000E+00  0.00000E+00  0.00000E+00  0.12074E+03  0.00000E+00  0.00000E+00  0.00000E+00  0.00000E+00  0.00000E+00  0.00000E+00
      180.0176  0.00000E+00  0.00000E+00  0.00000E+00  0.00000E+00 -0.52788E+03  0.00000E+00  0.00000E+00  0.00000E+00  0.12074E+03  0.00000E+00  0.00000E+00  0.00000E+00  0.00000E+00  0.00000E+00  0.00000E+00
      180.0239  0.00000E+00  0.00000E+00  0.00000E+00  0.00000E+00 -0.52788E+03  0.00000E+00  0.00000E+00  0.00000E+00  0.12075E+03  0.00000E+00  0.00000E+00  0.00000E+00  0.00000E+00  0.00000E+00  0.00000E+00
      180.0320  0.00000E+00  0.00000E+00  0.00000E+00  0.00000E+00 -0.52788E+03  0.00000E+00  0.00000E+00  0.00000E+00  0.12075E+03  0.00000E+00  0.00000E+00  0.00000E+00  0.00000E+00  0.00000E+00  0.00000E+00
      180.0426  0.00000E+00  0.00000E+00  0.00000E+00  0.00000E+00 -0.52788E+03  0.00000E+00  0.00000E+00  0.00000E+00  0.12076E+03  0.00000E+00  0.00000E+00  0.00000E+00  0.00000E+00  0.00000E+00  0.00000E+00
      180.0564  0.00000E+00  0.00000E+00  0.00000E+00  0.00000E+00 -0.52788E+03  0.00000E+00  0.00000E+00  0.00000E+00  0.12077E+03  0.00000E+00  0.00000E+00  0.00000E+00  0.00000E+00  0.00000E+00  0.00000E+00
      180.0743  0.00000E+00  0.00000E+00  0.00000E+00  0.00000E+00 -0.52788E+03  0.00000E+00  0.00000E+00  0.00000E+00  0.12078E+03  0.00000E+00  0.00000E+00  0.00000E+00  0.00000E+00  0.00000E+00  0.00000E+00
      180.0976  0.00000E+00  0.00000E+00  0.00000E+00  0.00000E+00 -0.52788E+03  0.00000E+00  0.00000E+00  0.00000E+00  0.12080E+03  0.00000E+00  0.00000E+00  0.00000E+00  0.00000E+00  0.00000E+00  0.00000E+00
      180.1279  0.00000E+00  0.00000E+00  0.00000E+00  0.00000E+00 -0.52788E+03  0.00000E+00  0.00000E+00  0.00000E+00  0.12082E+03  0.00000E+00  0.00000E+00  0.00000E+00  0.00000E+00  0.00000E+00  0.00000E+00
      180.1673  0.00000E+00  0.00000E+00  0.00000E+00  0.00000E+00 -0.52788E+03  0.00000E+00  0.00000E+00  0.00000E+00  0.12085E+03  0.00000E+00  0.00000E+00  0.00000E+00  0.00000E+00  0.00000E+00  0.00000E+00
      180.2185  0.00000E+00  0.00000E+00  0.00000E+00  0.00000E+00 -0.52788E+03  0.00000E+00  0.00000E+00  0.00000E+00  0.12088E+03  0.00000E+00  0.00000E+00  0.00000E+00  0.00000E+00  0.00000E+00  0.00000E+00
      180.2850  0.00000E+00  0.00000E+00  0.00000E+00  0.00000E+00 -0.52788E+03  0.00000E+00  0.00000E+00  0.00000E+00  0.12093E+03  0.00000E+00  0.00000E+00  0.00000E+00  0.00000E+00  0.00000E+00  0.00000E+00
      180.3715  0.00000E+00  0.00000E+00  0.00000E+00  0.00000E+00 -0.52788E+03  0.00000E+00  0.00000E+00  0.00000E+00  0.12099E+03  0.00000E+00  0.00000E+00  0.00000E+00  0.00000E+00  0.00000E+00  0.00000E+00
      180.4840  0.00000E+00  0.00000E+00  0.00000E+00  0.00000E+00 -0.52788E+03  0.00000E+00  0.00000E+00  0.00000E+00  0.12107E+03  0.00000E+00  0.00000E+00  0.00000E+00  0.00000E+00  0.00000E+00  0.00000E+00
      180.6302  0.00000E+00  0.00000E+00  0.00000E+00  0.00000E+00 -0.52788E+03  0.00000E+00  0.00000E+00  0.00000E+00  0.12117E+03  0.00000E+00  0.00000E+00  0.00000E+00  0.00000E+00  0.00000E+00  0.00000E+00
      180.8202  0.00000E+00  0.00000E+00  0.00000E+00  0.00000E+00 -0.52788E+03  0.00000E+00  0.00000E+00  0.00000E+00  0.12130E+03  0.00000E+00  0.00000E+00  0.00000E+00  0.00000E+00  0.00000E+00  0.00000E+00
      181.0673  0.00000E+00  0.00000E+00  0.00000E+00  0.00000E+00 -0.52788E+03  0.00000E+00  0.00000E+00  0.00000E+00  0.12148E+03  0.00000E+00  0.00000E+00  0.00000E+00  0.00000E+00  0.00000E+00  0.00000E+00
      181.3885  0.00000E+00  0.00000E+00  0.00000E+00  0.00000E+00 -0.52788E+03  0.00000E+00  0.00000E+00  0.00000E+00  0.12170E+03  0.00000E+00  0.00000E+00  0.00000E+00  0.00000E+00  0.00000E+00  0.00000E+00
      181.8060  0.00000E+00  0.00000E+00  0.00000E+00  0.00000E+00 -0.52788E+03  0.00000E+00  0.00000E+00  0.00000E+00  0.12199E+03  0.00000E+00  0.00000E+00  0.00000E+00  0.00000E+00  0.00000E+00  0.00000E+00
      182.3488  0.00000E+00  0.00000E+00  0.00000E+00  0.00000E+00 -0.52788E+03  0.00000E+00  0.00000E+00  0.00000E+00  0.12238E+03  0.00000E+00  0.00000E+00  0.00000E+00  0.00000E+00  0.00000E+00  0.00000E+00
      183.0544  0.00000E+00  0.00000E+00  0.00000E+00  0.00000E+00 -0.52788E+03  0.00000E+00  0.00000E+00  0.00000E+00  0.12288E+03  0.00000E+00  0.00000E+00  0.00000E+00  0.00000E+00  0.00000E+00  0.00000E+00
      183.9718  0.00000E+00  0.00000E+00  0.00000E+00  0.00000E+00 -0.52788E+03  0.00000E+00  0.00000E+00  0.00000E+00  0.12353E+03  0.00000E+00  0.00000E+00  0.00000E+00  0.00000E+00  0.00000E+00  0.00000E+00
      185.1643  0.00000E+00  0.00000E+00  0.00000E+00  0.00000E+00 -0.52788E+03  0.00000E+00  0.00000E+00  0.00000E+00  0.12439E+03  0.00000E+00  0.00000E+00  0.00000E+00  0.00000E+00  0.00000E+00  0.00000E+00
      186.7146  0.00000E+00  0.00000E+00  0.00000E+00  0.00000E+00 -0.52788E+03  0.00000E+00  0.00000E+00  0.00000E+00  0.12552E+03  0.00000E+00  0.00000E+00  0.00000E+00  0.00000E+00  0.00000E+00  0.00000E+00
      188.2649  0.00000E+00  0.00000E+00  0.00000E+00  0.00000E+00 -0.52788E+03  0.00000E+00  0.00000E+00  0.00000E+00  0.12667E+03  0.00000E+00  0.00000E+00  0.00000E+00  0.00000E+00  0.00000E+00  0.00000E+00
      190.2803  0.00000E+00  0.00000E+00  0.00000E+00  0.00000E+00 -0.52788E+03  0.00000E+00  0.00000E+00  0.00000E+00  0.12818E+03  0.00000E+00  0.00000E+00  0.00000E+00  0.00000E+00  0.00000E+00  0.00000E+00
      192.2956  0.00000E+00  0.00000E+00  0.00000E+00  0.00000E+00 -0.52788E+03  0.00000E+00  0.00000E+00  0.00000E+00  0.12974E+03  0.00000E+00  0.00000E+00  0.00000E+00  0.00000E+00  0.00000E+00  0.00000E+00
      194.3110  0.00000E+00  0.00000E+00  0.00000E+00  0.00000E+00 -0.52788E+03  0.00000E+00  0.00000E+00  0.00000E+00  0.13133E+03  0.00000E+00  0.00000E+00  0.00000E+00  0.00000E+00  0.00000E+00  0.00000E+00
      196.3264  0.00000E+00  0.00000E+00  0.00000E+00  0.00000E+00 -0.52788E+03  0.00000E+00  0.00000E+00  0.00000E+00  0.13297E+03  0.00000E+00  0.00000E+00  0.00000E+00  0.00000E+00  0.00000E+00  0.00000E+00
      198.3418  0.00000E+00  0.00000E+00  0.00000E+00  0.00000E+00 -0.52788E+03  0.00000E+00  0.00000E+00  0.00000E+00  0.13467E+03  0.00000E+00  0.00000E+00  0.00000E+00  0.00000E+00  0.00000E+00  0.00000E+00
      200.3572  0.00000E+00  0.00000E+00  0.00000E+00  0.00000E+00 -0.52788E+03  0.00000E+00  0.00000E+00  0.00000E+00  0.13644E+03  0.00000E+00  0.00000E+00  0.00000E+00  0.00000E+00  0.00000E+00  0.00000E+00
      202.3725  0.00000E+00  0.00000E+00  0.00000E+00  0.00000E+00 -0.52788E+03  0.00000E+00  0.00000E+00  0.00000E+00  0.13828E+03  0.00000E+00  0.00000E+00  0.00000E+00  0.00000E+00  0.00000E+00  0.00000E+00
      204.3879  0.00000E+00  0.00000E+00  0.00000E+00  0.00000E+00 -0.52788E+03  0.00000E+00  0.00000E+00  0.00000E+00  0.14022E+03  0.00000E+00  0.00000E+00  0.00000E+00  0.00000E+00  0.00000E+00  0.00000E+00
      206.4033  0.00000E+00  0.00000E+00  0.00000E+00  0.00000E+00 -0.52788E+03  0.00000E+00  0.00000E+00  0.00000E+00  0.14227E+03  0.00000E+00  0.00000E+00  0.00000E+00  0.00000E+00  0.00000E+00  0.00000E+00
      208.4187  0.00000E+00  0.00000E+00  0.00000E+00  0.00000E+00 -0.52788E+03  0.00000E+00  0.00000E+00  0.00000E+00  0.14443E+03  0.00000E+00  0.00000E+00  0.00000E+00  0.00000E+00  0.00000E+00  0.00000E+00
      209.8294  0.00000E+00  0.00000E+00  0.00000E+00  0.00000E+00 -0.52788E+03  0.00000E+00  0.00000E+00  0.00000E+00  0.14602E+03  0.00000E+00  0.00000E+00  0.00000E+00  0.00000E+00  0.00000E+00  0.00000E+00
      210.8170  0.00000E+00  0.00000E+00  0.00000E+00  0.00000E+00 -0.52788E+03  0.00000E+00  0.00000E+00  0.00000E+00  0.14718E+03  0.00000E+00  0.00000E+00  0.00000E+00  0.00000E+00  0.00000E+00  0.00000E+00
      211.8045  0.00000E+00  0.00000E+00  0.00000E+00  0.00000E+00 -0.52788E+03  0.00000E+00  0.00000E+00  0.00000E+00  0.14837E+03  0.00000E+00  0.00000E+00  0.00000E+00  0.00000E+00  0.00000E+00  0.00000E+00
      212.7921  0.00000E+00  0.00000E+00  0.00000E+00  0.00000E+00 -0.52788E+03  0.00000E+00  0.00000E+00  0.00000E+00  0.14961E+03  0.00000E+00  0.00000E+00  0.00000E+00  0.00000E+00  0.00000E+00  0.00000E+00
      213.7796  0.00000E+00  0.00000E+00  0.00000E+00  0.00000E+00 -0.52788E+03  0.00000E+00  0.00000E+00  0.00000E+00  0.15088E+03  0.00000E+00  0.00000E+00  0.00000E+00  0.00000E+00  0.00000E+00  0.00000E+00
      214.7671  0.00000E+00  0.00000E+00  0.00000E+00  0.00000E+00 -0.52788E+03  0.00000E+00  0.00000E+00  0.00000E+00  0.15220E+03  0.00000E+00  0.00000E+00  0.00000E+00  0.00000E+00  0.00000E+00  0.00000E+00
      215.7547  0.00000E+00  0.00000E+00  0.00000E+00  0.00000E+00 -0.52788E+03  0.00000E+00  0.00000E+00  0.00000E+00  0.15356E+03  0.00000E+00  0.00000E+00  0.00000E+00  0.00000E+00  0.00000E+00  0.00000E+00
      216.7422  0.00000E+00  0.00000E+00  0.00000E+00  0.00000E+00 -0.52788E+03  0.00000E+00  0.00000E+00  0.00000E+00  0.15497E+03  0.00000E+00  0.00000E+00  0.00000E+00  0.00000E+00  0.00000E+00  0.00000E+00
      217.7297  0.00000E+00  0.00000E+00  0.00000E+00  0.00000E+00 -0.52788E+03  0.00000E+00  0.00000E+00  0.00000E+00  0.15641E+03  0.00000E+00  0.00000E+00  0.00000E+00  0.00000E+00  0.00000E+00  0.00000E+00
      218.7173  0.00000E+00  0.00000E+00  0.00000E+00  0.00000E+00 -0.52788E+03  0.00000E+00  0.00000E+00  0.00000E+00  0.15790E+03  0.00000E+00  0.00000E+00  0.00000E+00  0.00000E+00  0.00000E+00  0.00000E+00
      219.7048  0.00000E+00  0.00000E+00  0.00000E+00  0.00000E+00 -0.52788E+03  0.00000E+00  0.00000E+00  0.00000E+00  0.15944E+03  0.00000E+00  0.00000E+00  0.00000E+00  0.00000E+00  0.00000E+00  0.00000E+00
      220.6923  0.00000E+00  0.00000E+00  0.00000E+00  0.00000E+00 -0.52788E+03  0.00000E+00  0.00000E+00  0.00000E+00  0.16101E+03  0.00000E+00  0.00000E+00  0.00000E+00  0.00000E+00  0.00000E+00  0.00000E+00
      221.6799  0.00000E+00  0.00000E+00  0.00000E+00  0.00000E+00 -0.52788E+03  0.00000E+00  0.00000E+00  0.00000E+00  0.16263E+03  0.00000E+00  0.00000E+00  0.00000E+00  0.00000E+00  0.00000E+00  0.00000E+00
      222.6674  0.00000E+00  0.00000E+00  0.00000E+00  0.00000E+00 -0.52788E+03  0.00000E+00  0.00000E+00  0.00000E+00  0.16429E+03  0.00000E+00  0.00000E+00  0.00000E+00  0.00000E+00  0.00000E+00  0.00000E+00
      223.6549  0.00000E+00  0.00000E+00  0.00000E+00  0.00000E+00 -0.52788E+03  0.00000E+00  0.00000E+00  0.00000E+00  0.16599E+03  0.00000E+00  0.00000E+00  0.00000E+00  0.00000E+00  0.00000E+00  0.00000E+00
      224.6425  0.00000E+00  0.00000E+00  0.00000E+00  0.00000E+00 -0.52788E+03  0.00000E+00  0.00000E+00  0.00000E+00  0.16773E+03  0.00000E+00  0.00000E+00  0.00000E+00  0.00000E+00  0.00000E+00  0.00000E+00
      225.6300  0.00000E+00  0.00000E+00  0.00000E+00  0.00000E+00 -0.52788E+03  0.00000E+00  0.00000E+00  0.00000E+00  0.16952E+03  0.00000E+00  0.00000E+00  0.00000E+00  0.00000E+00  0.00000E+00  0.00000E+00
      226.6176  0.00000E+00  0.00000E+00  0.00000E+00  0.00000E+00 -0.52788E+03  0.00000E+00  0.00000E+00  0.00000E+00  0.17133E+03  0.00000E+00  0.00000E+00  0.00000E+00  0.00000E+00  0.00000E+00  0.00000E+00
      227.6051  0.00000E+00  0.00000E+00  0.00000E+00  0.00000E+00 -0.52788E+03  0.00000E+00  0.00000E+00  0.00000E+00  0.17319E+03  0.00000E+00  0.00000E+00  0.00000E+00  0.00000E+00  0.00000E+00  0.00000E+00
      228.8889  0.00000E+00  0.00000E+00  0.00000E+00  0.00000E+00 -0.52788E+03  0.00000E+00  0.00000E+00  0.00000E+00  0.17566E+03  0.00000E+00  0.00000E+00  0.00000E+00  0.00000E+00  0.00000E+00  0.00000E+00
      230.1727  0.00000E+00  0.00000E+00  0.00000E+00  0.00000E+00 -0.52788E+03  0.00000E+00  0.00000E+00  0.00000E+00  0.17817E+03  0.00000E+00  0.00000E+00  0.00000E+00  0.00000E+00  0.00000E+00  0.00000E+00
      231.4565  0.00000E+00  0.00000E+00  0.00000E+00  0.00000E+00 -0.52788E+03  0.00000E+00  0.00000E+00  0.00000E+00  0.18074E+03  0.00000E+00  0.00000E+00  0.00000E+00  0.00000E+00  0.00000E+00  0.00000E+00
      232.7403  0.00000E+00  0.00000E+00  0.00000E+00  0.00000E+00 -0.52788E+03  0.00000E+00  0.00000E+00  0.00000E+00  0.18335E+03  0.00000E+00  0.00000E+00  0.00000E+00  0.00000E+00  0.00000E+00  0.00000E+00
      234.0241  0.00000E+00  0.00000E+00  0.00000E+00  0.00000E+00 -0.52788E+03  0.00000E+00  0.00000E+00  0.00000E+00  0.18602E+03  0.00000E+00  0.00000E+00  0.00000E+00  0.00000E+00  0.00000E+00  0.00000E+00
      235.3079  0.00000E+00  0.00000E+00  0.00000E+00  0.00000E+00 -0.52788E+03  0.00000E+00  0.00000E+00  0.00000E+00  0.18874E+03  0.00000E+00  0.00000E+00  0.00000E+00  0.00000E+00  0.00000E+00  0.00000E+00
      236.5917  0.00000E+00  0.00000E+00  0.00000E+00  0.00000E+00 -0.52788E+03  0.00000E+00  0.00000E+00  0.00000E+00  0.19150E+03  0.00000E+00  0.00000E+00  0.00000E+00  0.00000E+00  0.00000E+00  0.00000E+00
      237.8755  0.00000E+00  0.00000E+00  0.00000E+00  0.00000E+00 -0.52788E+03  0.00000E+00  0.00000E+00  0.00000E+00  0.19431E+03  0.00000E+00  0.00000E+00  0.00000E+00  0.00000E+00  0.00000E+00  0.00000E+00
      239.1593  0.00000E+00  0.00000E+00  0.00000E+00  0.00000E+00 -0.52788E+03  0.00000E+00  0.00000E+00  0.00000E+00  0.19716E+03  0.00000E+00  0.00000E+00  0.00000E+00  0.00000E+00  0.00000E+00  0.00000E+00
      240.4431  0.00000E+00  0.00000E+00  0.00000E+00  0.00000E+00 -0.52788E+03  0.00000E+00  0.00000E+00  0.00000E+00  0.20006E+03  0.00000E+00  0.00000E+00  0.00000E+00  0.00000E+00  0.00000E+00  0.00000E+00
      241.7269  0.00000E+00  0.00000E+00  0.00000E+00  0.00000E+00 -0.52788E+03  0.00000E+00  0.00000E+00  0.00000E+00  0.20300E+03  0.00000E+00  0.00000E+00  0.00000E+00  0.00000E+00  0.00000E+00  0.00000E+00
      243.0106  0.00000E+00  0.00000E+00  0.00000E+00  0.00000E+00 -0.52788E+03  0.00000E+00  0.00000E+00  0.00000E+00  0.20598E+03  0.00000E+00  0.00000E+00  0.00000E+00  0.00000E+00  0.00000E+00  0.00000E+00
      244.2944  0.00000E+00  0.00000E+00  0.00000E+00  0.00000E+00 -0.52788E+03  0.00000E+00  0.00000E+00  0.00000E+00  0.20900E+03  0.00000E+00  0.00000E+00  0.00000E+00  0.00000E+00  0.00000E+00  0.00000E+00
      245.9634  0.00000E+00  0.00000E+00  0.00000E+00  0.00000E+00 -0.52788E+03  0.00000E+00  0.00000E+00  0.00000E+00  0.21300E+03  0.00000E+00  0.00000E+00  0.00000E+00  0.00000E+00  0.00000E+00  0.00000E+00
      248.1330  0.00000E+00  0.00000E+00  0.00000E+00  0.00000E+00 -0.52788E+03  0.00000E+00  0.00000E+00  0.00000E+00  0.21827E+03  0.00000E+00  0.00000E+00  0.00000E+00  0.00000E+00  0.00000E+00  0.00000E+00
      250.3026  0.00000E+00  0.00000E+00  0.00000E+00  0.00000E+00 -0.52788E+03  0.00000E+00  0.00000E+00  0.00000E+00  0.22360E+03  0.00000E+00  0.00000E+00  0.00000E+00  0.00000E+00  0.00000E+00  0.00000E+00
      252.4722  0.00000E+00  0.00000E+00  0.00000E+00  0.00000E+00 -0.52788E+03  0.00000E+00  0.00000E+00  0.00000E+00  0.22899E+03  0.00000E+00  0.00000E+00  0.00000E+00  0.00000E+00  0.00000E+00  0.00000E+00
      254.6418  0.00000E+00  0.00000E+00  0.00000E+00  0.00000E+00 -0.52788E+03  0.00000E+00  0.00000E+00  0.00000E+00  0.23449E+03  0.00000E+00  0.00000E+00  0.00000E+00  0.00000E+00  0.00000E+00  0.00000E+00
      256.1606  0.00000E+00  0.00000E+00  0.00000E+00  0.00000E+00 -0.52788E+03  0.00000E+00  0.00000E+00  0.00000E+00  0.23838E+03  0.00000E+00  0.00000E+00  0.00000E+00  0.00000E+00  0.00000E+00  0.00000E+00
      257.6793  0.00000E+00  0.00000E+00  0.00000E+00  0.00000E+00 -0.52788E+03  0.00000E+00  0.00000E+00  0.00000E+00  0.24229E+03  0.00000E+00  0.00000E+00  0.00000E+00  0.00000E+00  0.00000E+00  0.00000E+00
      259.1980  0.00000E+00  0.00000E+00  0.00000E+00  0.00000E+00 -0.52788E+03  0.00000E+00  0.00000E+00  0.00000E+00  0.24624E+03  0.00000E+00  0.00000E+00  0.00000E+00  0.00000E+00  0.00000E+00  0.00000E+00
      260.7168  0.00000E+00  0.00000E+00  0.00000E+00  0.00000E+00 -0.52788E+03  0.00000E+00  0.00000E+00  0.00000E+00  0.25021E+03  0.00000E+00  0.00000E+00  0.00000E+00  0.00000E+00  0.00000E+00  0.00000E+00
      262.2355  0.00000E+00  0.00000E+00  0.00000E+00  0.00000E+00 -0.52788E+03  0.00000E+00  0.00000E+00  0.00000E+00  0.25420E+03  0.00000E+00  0.00000E+00  0.00000E+00  0.00000E+00  0.00000E+00  0.00000E+00
      264.2098  0.00000E+00  0.00000E+00  0.00000E+00  0.00000E+00 -0.52788E+03  0.00000E+00  0.00000E+00  0.00000E+00  0.25942E+03  0.00000E+00  0.00000E+00  0.00000E+00  0.00000E+00  0.00000E+00  0.00000E+00
      266.1842  0.00000E+00  0.00000E+00  0.00000E+00  0.00000E+00 -0.52788E+03  0.00000E+00  0.00000E+00  0.00000E+00  0.26468E+03  0.00000E+00  0.00000E+00  0.00000E+00  0.00000E+00  0.00000E+00  0.00000E+00
      268.1585  0.00000E+00  0.00000E+00  0.00000E+00  0.00000E+00 -0.52788E+03  0.00000E+00  0.00000E+00  0.00000E+00  0.26996E+03  0.00000E+00  0.00000E+00  0.00000E+00  0.00000E+00  0.00000E+00  0.00000E+00
      270.1329  0.00000E+00  0.00000E+00  0.00000E+00  0.00000E+00 -0.52788E+03  0.00000E+00  0.00000E+00  0.00000E+00  0.27527E+03  0.00000E+00  0.00000E+00  0.00000E+00  0.00000E+00  0.00000E+00  0.00000E+00
      272.1072  0.00000E+00  0.00000E+00  0.00000E+00  0.00000E+00 -0.52788E+03  0.00000E+00  0.00000E+00  0.00000E+00  0.28060E+03  0.00000E+00  0.00000E+00  0.00000E+00  0.00000E+00  0.00000E+00  0.00000E+00
      274.0816  0.00000E+00  0.00000E+00  0.00000E+00  0.00000E+00 -0.52788E+03  0.00000E+00  0.00000E+00  0.00000E+00  0.28596E+03  0.00000E+00  0.00000E+00  0.00000E+00  0.00000E+00  0.00000E+00  0.00000E+00
      276.0559  0.00000E+00  0.00000E+00  0.00000E+00  0.00000E+00 -0.52788E+03  0.00000E+00  0.00000E+00  0.00000E+00  0.29131E+03  0.00000E+00  0.00000E+00  0.00000E+00  0.00000E+00  0.00000E+00  0.00000E+00
      277.4380  0.00000E+00  0.00000E+00  0.00000E+00  0.00000E+00 -0.52788E+03  0.00000E+00  0.00000E+00  0.00000E+00  0.29506E+03  0.00000E+00  0.00000E+00  0.00000E+00  0.00000E+00  0.00000E+00  0.00000E+00
      279.2347  0.00000E+00  0.00000E+00  0.00000E+00  0.00000E+00 -0.52788E+03  0.00000E+00  0.00000E+00  0.00000E+00  0.29994E+03  0.00000E+00  0.00000E+00  0.00000E+00  0.00000E+00  0.00000E+00  0.00000E+00
      281.0313  0.00000E+00  0.00000E+00  0.00000E+00  0.00000E+00 -0.52788E+03  0.00000E+00  0.00000E+00  0.00000E+00  0.30482E+03  0.00000E+00  0.00000E+00  0.00000E+00  0.00000E+00  0.00000E+00  0.00000E+00
      282.8280  0.00000E+00  0.00000E+00  0.00000E+00  0.00000E+00 -0.52788E+03  0.00000E+00  0.00000E+00  0.00000E+00  0.30971E+03  0.00000E+00  0.00000E+00  0.00000E+00  0.00000E+00  0.00000E+00  0.00000E+00
      284.6246  0.00000E+00  0.00000E+00  0.00000E+00  0.00000E+00 -0.52788E+03  0.00000E+00  0.00000E+00  0.00000E+00  0.31460E+03  0.00000E+00  0.00000E+00  0.00000E+00  0.00000E+00  0.00000E+00  0.00000E+00
      286.4213  0.00000E+00  0.00000E+00  0.00000E+00  0.00000E+00 -0.52788E+03  0.00000E+00  0.00000E+00  0.00000E+00  0.31947E+03  0.00000E+00  0.00000E+00  0.00000E+00  0.00000E+00  0.00000E+00  0.00000E+00
      287.6789  0.00000E+00  0.00000E+00  0.00000E+00  0.00000E+00 -0.52788E+03  0.00000E+00  0.00000E+00  0.00000E+00  0.32287E+03  0.00000E+00  0.00000E+00  0.00000E+00  0.00000E+00  0.00000E+00  0.00000E+00
      289.3139  0.00000E+00  0.00000E+00  0.00000E+00  0.00000E+00 -0.52788E+03  0.00000E+00  0.00000E+00  0.00000E+00  0.32729E+03  0.00000E+00  0.00000E+00  0.00000E+00  0.00000E+00  0.00000E+00  0.00000E+00
      291.4394  0.00000E+00  0.00000E+00  0.00000E+00  0.00000E+00 -0.52788E+03  0.00000E+00  0.00000E+00  0.00000E+00  0.33303E+03  0.00000E+00  0.00000E+00  0.00000E+00  0.00000E+00  0.00000E+00  0.00000E+00
      294.2024  0.00000E+00  0.00000E+00  0.00000E+00  0.00000E+00 -0.52788E+03  0.00000E+00  0.00000E+00  0.00000E+00  0.34047E+03  0.00000E+00  0.00000E+00  0.00000E+00  0.00000E+00  0.00000E+00  0.00000E+00
      297.7944  0.00000E+00  0.00000E+00  0.00000E+00  0.00000E+00 -0.52788E+03  0.00000E+00  0.00000E+00  0.00000E+00  0.35008E+03  0.00000E+00  0.00000E+00  0.00000E+00  0.00000E+00  0.00000E+00  0.00000E+00
      302.4640  0.00000E+00  0.00000E+00  0.00000E+00  0.00000E+00 -0.52788E+03  0.00000E+00  0.00000E+00  0.00000E+00  0.36243E+03  0.00000E+00  0.00000E+00  0.00000E+00  0.00000E+00  0.00000E+00  0.00000E+00
      308.8569  0.00000E+00  0.00000E+00  0.00000E+00  0.00000E+00 -0.52788E+03  0.00000E+00  0.00000E+00  0.00000E+00  0.37899E+03  0.00000E+00  0.00000E+00  0.00000E+00  0.00000E+00  0.00000E+00  0.00000E+00
      311.6982  0.00000E+00  0.00000E+00  0.00000E+00  0.00000E+00 -0.52788E+03  0.00000E+00  0.00000E+00  0.00000E+00  0.38627E+03  0.00000E+00  0.00000E+00  0.00000E+00  0.00000E+00  0.00000E+00  0.00000E+00
      314.5395  0.00000E+00  0.00000E+00  0.00000E+00  0.00000E+00 -0.52788E+03  0.00000E+00  0.00000E+00  0.00000E+00  0.39354E+03  0.00000E+00  0.00000E+00  0.00000E+00  0.00000E+00  0.00000E+00  0.00000E+00
      318.2332  0.00000E+00  0.00000E+00  0.00000E+00  0.00000E+00 -0.52788E+03  0.00000E+00  0.00000E+00  0.00000E+00  0.40290E+03  0.00000E+00  0.00000E+00  0.00000E+00  0.00000E+00  0.00000E+00  0.00000E+00
      322.8739  0.00000E+00  0.00000E+00  0.00000E+00  0.00000E+00 -0.52788E+03  0.00000E+00  0.00000E+00  0.00000E+00  0.41438E+03  0.00000E+00  0.00000E+00  0.00000E+00  0.00000E+00  0.00000E+00  0.00000E+00
      329.0616  0.00000E+00  0.00000E+00  0.00000E+00  0.00000E+00 -0.52788E+03  0.00000E+00  0.00000E+00  0.00000E+00  0.42914E+03  0.00000E+00  0.00000E+00  0.00000E+00  0.00000E+00  0.00000E+00  0.00000E+00
      331.6398  0.00000E+00  0.00000E+00  0.00000E+00  0.00000E+00 -0.52788E+03  0.00000E+00  0.00000E+00  0.00000E+00  0.43520E+03  0.00000E+00  0.00000E+00  0.00000E+00  0.00000E+00  0.00000E+00  0.00000E+00
      334.2180  0.00000E+00  0.00000E+00  0.00000E+00  0.00000E+00 -0.52788E+03  0.00000E+00  0.00000E+00  0.00000E+00  0.44124E+03  0.00000E+00  0.00000E+00  0.00000E+00  0.00000E+00  0.00000E+00  0.00000E+00
      337.4408  0.00000E+00  0.00000E+00  0.00000E+00  0.00000E+00 -0.52788E+03  0.00000E+00  0.00000E+00  0.00000E+00  0.44872E+03  0.00000E+00  0.00000E+00  0.00000E+00  0.00000E+00  0.00000E+00  0.00000E+00
      341.9526  0.00000E+00  0.00000E+00  0.00000E+00  0.00000E+00 -0.52788E+03  0.00000E+00  0.00000E+00  0.00000E+00  0.45906E+03  0.00000E+00  0.00000E+00  0.00000E+00  0.00000E+00  0.00000E+00  0.00000E+00
      343.4566  0.00000E+00  0.00000E+00  0.00000E+00  0.00000E+00 -0.52788E+03  0.00000E+00  0.00000E+00  0.00000E+00  0.46246E+03  0.00000E+00  0.00000E+00  0.00000E+00  0.00000E+00  0.00000E+00  0.00000E+00
      345.5245  0.00000E+00  0.00000E+00  0.00000E+00  0.00000E+00 -0.52788E+03  0.00000E+00  0.00000E+00  0.00000E+00  0.46706E+03  0.00000E+00  0.00000E+00  0.00000E+00  0.00000E+00  0.00000E+00  0.00000E+00
      347.9371  0.00000E+00  0.00000E+00  0.00000E+00  0.00000E+00 -0.52788E+03  0.00000E+00  0.00000E+00  0.00000E+00  0.47233E+03  0.00000E+00  0.00000E+00  0.00000E+00  0.00000E+00  0.00000E+00  0.00000E+00
      350.9528  0.00000E+00  0.00000E+00  0.00000E+00  0.00000E+00 -0.52788E+03  0.00000E+00  0.00000E+00  0.00000E+00  0.47878E+03  0.00000E+00  0.00000E+00  0.00000E+00  0.00000E+00  0.00000E+00  0.00000E+00
      355.4764  0.00000E+00  0.00000E+00  0.00000E+00  0.00000E+00 -0.52788E+03  0.00000E+00  0.00000E+00  0.00000E+00  0.48812E+03  0.00000E+00  0.00000E+00  0.00000E+00  0.00000E+00  0.00000E+00  0.00000E+00
      360.0000  0.00000E+00  0.00000E+00  0.00000E+00  0.00000E+00 -0.52788E+03  0.00000E+00  0.00000E+00  0.00000E+00  0.49718E+03  0.00000E+00  0.00000E+00  0.00000E+00  0.00000E+00  0.00000E+00  0.00000E+00
      365.5841  0.00000E+00  0.00000E+00  0.00000E+00  0.00000E+00 -0.52788E+03  0.00000E+00  0.00000E+00  0.00000E+00  0.50793E+03  0.00000E+00  0.00000E+00  0.00000E+00  0.00000E+00  0.00000E+00  0.00000E+00
      368.0038  0.00000E+00  0.00000E+00  0.00000E+00  0.00000E+00 -0.52788E+03  0.00000E+00  0.00000E+00  0.00000E+00  0.51255E+03  0.00000E+00  0.00000E+00  0.00000E+00  0.00000E+00  0.00000E+00  0.00000E+00
      370.4236  0.00000E+00  0.00000E+00  0.00000E+00  0.00000E+00 -0.52788E+03  0.00000E+00  0.00000E+00  0.00000E+00  0.51710E+03  0.00000E+00  0.00000E+00  0.00000E+00  0.00000E+00  0.00000E+00  0.00000E+00
      373.5693  0.00000E+00  0.00000E+00  0.00000E+00  0.00000E+00 -0.52788E+03  0.00000E+00  0.00000E+00  0.00000E+00  0.52287E+03  0.00000E+00  0.00000E+00  0.00000E+00  0.00000E+00  0.00000E+00  0.00000E+00
      377.6587  0.00000E+00  0.00000E+00  0.00000E+00  0.00000E+00 -0.52788E+03  0.00000E+00  0.00000E+00  0.00000E+00  0.53017E+03  0.00000E+00  0.00000E+00  0.00000E+00  0.00000E+00  0.00000E+00  0.00000E+00
      382.9749  0.00000E+00  0.00000E+00  0.00000E+00  0.00000E+00 -0.52788E+03  0.00000E+00  0.00000E+00  0.00000E+00  0.53935E+03  0.00000E+00  0.00000E+00  0.00000E+00  0.00000E+00  0.00000E+00  0.00000E+00
      385.2786  0.00000E+00  0.00000E+00  0.00000E+00  0.00000E+00 -0.52788E+03  0.00000E+00  0.00000E+00  0.00000E+00  0.54328E+03  0.00000E+00  0.00000E+00  0.00000E+00  0.00000E+00  0.00000E+00  0.00000E+00
      388.2734  0.00000E+00  0.00000E+00  0.00000E+00  0.00000E+00 -0.52788E+03  0.00000E+00  0.00000E+00  0.00000E+00  0.54833E+03  0.00000E+00  0.00000E+00  0.00000E+00  0.00000E+00  0.00000E+00  0.00000E+00
      392.1666  0.00000E+00  0.00000E+00  0.00000E+00  0.00000E+00 -0.52788E+03  0.00000E+00  0.00000E+00  0.00000E+00  0.55475E+03  0.00000E+00  0.00000E+00  0.00000E+00  0.00000E+00  0.00000E+00  0.00000E+00
      393.8537  0.00000E+00  0.00000E+00  0.00000E+00  0.00000E+00 -0.52788E+03  0.00000E+00  0.00000E+00  0.00000E+00  0.55752E+03  0.00000E+00  0.00000E+00  0.00000E+00  0.00000E+00  0.00000E+00  0.00000E+00
      396.0469  0.00000E+00  0.00000E+00  0.00000E+00  0.00000E+00 -0.52788E+03  0.00000E+00  0.00000E+00  0.00000E+00  0.56111E+03  0.00000E+00  0.00000E+00  0.00000E+00  0.00000E+00  0.00000E+00  0.00000E+00
      398.8980  0.00000E+00  0.00000E+00  0.00000E+00  0.00000E+00 -0.52788E+03  0.00000E+00  0.00000E+00  0.00000E+00  0.56572E+03  0.00000E+00  0.00000E+00  0.00000E+00  0.00000E+00  0.00000E+00  0.00000E+00
      402.6045  0.00000E+00  0.00000E+00  0.00000E+00  0.00000E+00 -0.52788E+03  0.00000E+00  0.00000E+00  0.00000E+00  0.57164E+03  0.00000E+00  0.00000E+00  0.00000E+00  0.00000E+00  0.00000E+00  0.00000E+00
      407.4229  0.00000E+00  0.00000E+00  0.00000E+00  0.00000E+00 -0.52788E+03  0.00000E+00  0.00000E+00  0.00000E+00  0.57929E+03  0.00000E+00  0.00000E+00  0.00000E+00  0.00000E+00  0.00000E+00  0.00000E+00
      409.0291  0.00000E+00  0.00000E+00  0.00000E+00  0.00000E+00 -0.52788E+03  0.00000E+00  0.00000E+00  0.00000E+00  0.58184E+03  0.00000E+00  0.00000E+00  0.00000E+00  0.00000E+00  0.00000E+00  0.00000E+00
      410.6352  0.00000E+00  0.00000E+00  0.00000E+00  0.00000E+00 -0.52788E+03  0.00000E+00  0.00000E+00  0.00000E+00  0.58437E+03  0.00000E+00  0.00000E+00  0.00000E+00  0.00000E+00  0.00000E+00  0.00000E+00
      412.7232  0.00000E+00  0.00000E+00  0.00000E+00  0.00000E+00 -0.52788E+03  0.00000E+00  0.00000E+00  0.00000E+00  0.58762E+03  0.00000E+00  0.00000E+00  0.00000E+00  0.00000E+00  0.00000E+00  0.00000E+00
      415.4376  0.00000E+00  0.00000E+00  0.00000E+00  0.00000E+00 -0.52788E+03  0.00000E+00  0.00000E+00  0.00000E+00  0.59181E+03  0.00000E+00  0.00000E+00  0.00000E+00  0.00000E+00  0.00000E+00  0.00000E+00
      418.9663  0.00000E+00  0.00000E+00  0.00000E+00  0.00000E+00 -0.52788E+03  0.00000E+00  0.00000E+00  0.00000E+00  0.59721E+03  0.00000E+00  0.00000E+00  0.00000E+00  0.00000E+00  0.00000E+00  0.00000E+00
      423.5536  0.00000E+00  0.00000E+00  0.00000E+00  0.00000E+00 -0.52788E+03  0.00000E+00  0.00000E+00  0.00000E+00  0.60416E+03  0.00000E+00  0.00000E+00  0.00000E+00  0.00000E+00  0.00000E+00  0.00000E+00
      429.5171  0.00000E+00  0.00000E+00  0.00000E+00  0.00000E+00 -0.52788E+03  0.00000E+00  0.00000E+00  0.00000E+00  0.61311E+03  0.00000E+00  0.00000E+00  0.00000E+00  0.00000E+00  0.00000E+00  0.00000E+00
      437.2697  0.00000E+00  0.00000E+00  0.00000E+00  0.00000E+00 -0.52788E+03  0.00000E+00  0.00000E+00  0.00000E+00  0.62458E+03  0.00000E+00  0.00000E+00  0.00000E+00  0.00000E+00  0.00000E+00  0.00000E+00
      447.3480  0.00000E+00  0.00000E+00  0.00000E+00  0.00000E+00 -0.52788E+03  0.00000E+00  0.00000E+00  0.00000E+00  0.63917E+03  0.00000E+00  0.00000E+00  0.00000E+00  0.00000E+00  0.00000E+00  0.00000E+00
      460.4498  0.00000E+00  0.00000E+00  0.00000E+00  0.00000E+00 -0.52788E+03  0.00000E+00  0.00000E+00  0.00000E+00  0.65743E+03  0.00000E+00  0.00000E+00  0.00000E+00  0.00000E+00  0.00000E+00  0.00000E+00
      466.1273  0.00000E+00  0.00000E+00  0.00000E+00  0.00000E+00 -0.52788E+03  0.00000E+00  0.00000E+00  0.00000E+00  0.66520E+03  0.00000E+00  0.00000E+00  0.00000E+00  0.00000E+00  0.00000E+00  0.00000E+00
      471.8048  0.00000E+00  0.00000E+00  0.00000E+00  0.00000E+00 -0.52788E+03  0.00000E+00  0.00000E+00  0.00000E+00  0.67289E+03  0.00000E+00  0.00000E+00  0.00000E+00  0.00000E+00  0.00000E+00  0.00000E+00
      479.1854  0.00000E+00  0.00000E+00  0.00000E+00  0.00000E+00 -0.52788E+03  0.00000E+00  0.00000E+00  0.00000E+00  0.68265E+03  0.00000E+00  0.00000E+00  0.00000E+00  0.00000E+00  0.00000E+00  0.00000E+00
      488.7804  0.00000E+00  0.00000E+00  0.00000E+00  0.00000E+00 -0.52788E+03  0.00000E+00  0.00000E+00  0.00000E+00  0.69485E+03  0.00000E+00  0.00000E+00  0.00000E+00  0.00000E+00  0.00000E+00  0.00000E+00
      492.9381  0.00000E+00  0.00000E+00  0.00000E+00  0.00000E+00 -0.52788E+03  0.00000E+00  0.00000E+00  0.00000E+00  0.70006E+03  0.00000E+00  0.00000E+00  0.00000E+00  0.00000E+00  0.00000E+00  0.00000E+00
      497.0959  0.00000E+00  0.00000E+00  0.00000E+00  0.00000E+00 -0.52788E+03  0.00000E+00  0.00000E+00  0.00000E+00  0.70520E+03  0.00000E+00  0.00000E+00  0.00000E+00  0.00000E+00  0.00000E+00  0.00000E+00
      502.5011  0.00000E+00  0.00000E+00  0.00000E+00  0.00000E+00 -0.52788E+03  0.00000E+00  0.00000E+00  0.00000E+00  0.71176E+03  0.00000E+00  0.00000E+00  0.00000E+00  0.00000E+00  0.00000E+00  0.00000E+00
      509.5277  0.00000E+00  0.00000E+00  0.00000E+00  0.00000E+00 -0.52788E+03  0.00000E+00  0.00000E+00  0.00000E+00  0.72001E+03  0.00000E+00  0.00000E+00  0.00000E+00  0.00000E+00  0.00000E+00  0.00000E+00
      518.6624  0.00000E+00  0.00000E+00  0.00000E+00  0.00000E+00 -0.52788E+03  0.00000E+00  0.00000E+00  0.00000E+00  0.73023E+03  0.00000E+00  0.00000E+00  0.00000E+00  0.00000E+00  0.00000E+00  0.00000E+00
      522.6207  0.00000E+00  0.00000E+00  0.00000E+00  0.00000E+00 -0.52788E+03  0.00000E+00  0.00000E+00  0.00000E+00  0.73460E+03  0.00000E+00  0.00000E+00  0.00000E+00  0.00000E+00  0.00000E+00  0.00000E+00
      526.5791  0.00000E+00  0.00000E+00  0.00000E+00  0.00000E+00 -0.52788E+03  0.00000E+00  0.00000E+00  0.00000E+00  0.73890E+03  0.00000E+00  0.00000E+00  0.00000E+00  0.00000E+00  0.00000E+00  0.00000E+00
      531.7250  0.00000E+00  0.00000E+00  0.00000E+00  0.00000E+00 -0.52788E+03  0.00000E+00  0.00000E+00  0.00000E+00  0.74436E+03  0.00000E+00  0.00000E+00  0.00000E+00  0.00000E+00  0.00000E+00  0.00000E+00
      538.4146  0.00000E+00  0.00000E+00  0.00000E+00  0.00000E+00 -0.52788E+03  0.00000E+00  0.00000E+00  0.00000E+00  0.75121E+03  0.00000E+00  0.00000E+00  0.00000E+00  0.00000E+00  0.00000E+00  0.00000E+00
      547.1111  0.00000E+00  0.00000E+00  0.00000E+00  0.00000E+00 -0.52788E+03  0.00000E+00  0.00000E+00  0.00000E+00  0.75968E+03  0.00000E+00  0.00000E+00  0.00000E+00  0.00000E+00  0.00000E+00  0.00000E+00
      550.8796  0.00000E+00  0.00000E+00  0.00000E+00  0.00000E+00 -0.52788E+03  0.00000E+00  0.00000E+00  0.00000E+00  0.76331E+03  0.00000E+00  0.00000E+00  0.00000E+00  0.00000E+00  0.00000E+00  0.00000E+00
      555.7786  0.00000E+00  0.00000E+00  0.00000E+00  0.00000E+00 -0.52788E+03  0.00000E+00  0.00000E+00  0.00000E+00  0.76797E+03  0.00000E+00  0.00000E+00  0.00000E+00  0.00000E+00  0.00000E+00  0.00000E+00
      562.1473  0.00000E+00  0.00000E+00  0.00000E+00  0.00000E+00 -0.52788E+03  0.00000E+00  0.00000E+00  0.00000E+00  0.77393E+03  0.00000E+00  0.00000E+00  0.00000E+00  0.00000E+00  0.00000E+00  0.00000E+00
      568.5161  0.00000E+00  0.00000E+00  0.00000E+00  0.00000E+00 -0.52788E+03  0.00000E+00  0.00000E+00  0.00000E+00  0.77981E+03  0.00000E+00  0.00000E+00  0.00000E+00  0.00000E+00  0.00000E+00  0.00000E+00
      570.6390  0.00000E+00  0.00000E+00  0.00000E+00  0.00000E+00 -0.52788E+03  0.00000E+00  0.00000E+00  0.00000E+00  0.78174E+03  0.00000E+00  0.00000E+00  0.00000E+00  0.00000E+00  0.00000E+00  0.00000E+00
      573.3988  0.00000E+00  0.00000E+00  0.00000E+00  0.00000E+00 -0.52788E+03  0.00000E+00  0.00000E+00  0.00000E+00  0.78419E+03  0.00000E+00  0.00000E+00  0.00000E+00  0.00000E+00  0.00000E+00  0.00000E+00
      576.9865  0.00000E+00  0.00000E+00  0.00000E+00  0.00000E+00 -0.52788E+03  0.00000E+00  0.00000E+00  0.00000E+00  0.78729E+03  0.00000E+00  0.00000E+00  0.00000E+00  0.00000E+00  0.00000E+00  0.00000E+00
      581.6505  0.00000E+00  0.00000E+00  0.00000E+00  0.00000E+00 -0.52788E+03  0.00000E+00  0.00000E+00  0.00000E+00  0.79120E+03  0.00000E+00  0.00000E+00  0.00000E+00  0.00000E+00  0.00000E+00  0.00000E+00
      587.7138  0.00000E+00  0.00000E+00  0.00000E+00  0.00000E+00 -0.52788E+03  0.00000E+00  0.00000E+00  0.00000E+00  0.79611E+03  0.00000E+00  0.00000E+00  0.00000E+00  0.00000E+00  0.00000E+00  0.00000E+00
      595.5960  0.00000E+00  0.00000E+00  0.00000E+00  0.00000E+00 -0.52788E+03  0.00000E+00  0.00000E+00  0.00000E+00  0.80226E+03  0.00000E+00  0.00000E+00  0.00000E+00  0.00000E+00  0.00000E+00  0.00000E+00
      605.8429  0.00000E+00  0.00000E+00  0.00000E+00  0.00000E+00 -0.52788E+03  0.00000E+00  0.00000E+00  0.00000E+00  0.80992E+03  0.00000E+00  0.00000E+00  0.00000E+00  0.00000E+00  0.00000E+00  0.00000E+00
      618.5270  0.00000E+00  0.00000E+00  0.00000E+00  0.00000E+00 -0.52788E+03  0.00000E+00  0.00000E+00  0.00000E+00  0.81901E+03  0.00000E+00  0.00000E+00  0.00000E+00  0.00000E+00  0.00000E+00  0.00000E+00
      620.4062  0.00000E+00  0.00000E+00  0.00000E+00  0.00000E+00 -0.52788E+03  0.00000E+00  0.00000E+00  0.00000E+00  0.82035E+03  0.00000E+00  0.00000E+00  0.00000E+00  0.00000E+00  0.00000E+00  0.00000E+00
      622.8490  0.00000E+00  0.00000E+00  0.00000E+00  0.00000E+00 -0.52788E+03  0.00000E+00  0.00000E+00  0.00000E+00  0.82209E+03  0.00000E+00  0.00000E+00  0.00000E+00  0.00000E+00  0.00000E+00  0.00000E+00
      626.0248  0.00000E+00  0.00000E+00  0.00000E+00  0.00000E+00 -0.52788E+03  0.00000E+00  0.00000E+00  0.00000E+00  0.82434E+03  0.00000E+00  0.00000E+00  0.00000E+00  0.00000E+00  0.00000E+00  0.00000E+00
      630.1532  0.00000E+00  0.00000E+00  0.00000E+00  0.00000E+00 -0.52788E+03  0.00000E+00  0.00000E+00  0.00000E+00  0.82724E+03  0.00000E+00  0.00000E+00  0.00000E+00  0.00000E+00  0.00000E+00  0.00000E+00
      635.5202  0.00000E+00  0.00000E+00  0.00000E+00  0.00000E+00 -0.52788E+03  0.00000E+00  0.00000E+00  0.00000E+00  0.83095E+03  0.00000E+00  0.00000E+00  0.00000E+00  0.00000E+00  0.00000E+00  0.00000E+00
      642.4973  0.00000E+00  0.00000E+00  0.00000E+00  0.00000E+00 -0.52788E+03  0.00000E+00  0.00000E+00  0.00000E+00  0.83568E+03  0.00000E+00  0.00000E+00  0.00000E+00  0.00000E+00  0.00000E+00  0.00000E+00
      651.1087  0.00000E+00  0.00000E+00  0.00000E+00  0.00000E+00 -0.52788E+03  0.00000E+00  0.00000E+00  0.00000E+00  0.84140E+03  0.00000E+00  0.00000E+00  0.00000E+00  0.00000E+00  0.00000E+00  0.00000E+00
      662.5906  0.00000E+00  0.00000E+00  0.00000E+00  0.00000E+00 -0.52788E+03  0.00000E+00  0.00000E+00  0.00000E+00  0.84902E+03  0.00000E+00  0.00000E+00  0.00000E+00  0.00000E+00  0.00000E+00  0.00000E+00
      676.9429  0.00000E+00  0.00000E+00  0.00000E+00  0.00000E+00 -0.52788E+03  0.00000E+00  0.00000E+00  0.00000E+00  0.85855E+03  0.00000E+00  0.00000E+00  0.00000E+00  0.00000E+00  0.00000E+00  0.00000E+00
      681.7270  0.00000E+00  0.00000E+00  0.00000E+00  0.00000E+00 -0.52788E+03  0.00000E+00  0.00000E+00  0.00000E+00  0.86169E+03  0.00000E+00  0.00000E+00  0.00000E+00  0.00000E+00  0.00000E+00  0.00000E+00
      688.1059  0.00000E+00  0.00000E+00  0.00000E+00  0.00000E+00 -0.52788E+03  0.00000E+00  0.00000E+00  0.00000E+00  0.86587E+03  0.00000E+00  0.00000E+00  0.00000E+00  0.00000E+00  0.00000E+00  0.00000E+00
      696.0794  0.00000E+00  0.00000E+00  0.00000E+00  0.00000E+00 -0.52788E+03  0.00000E+00  0.00000E+00  0.00000E+00  0.87107E+03  0.00000E+00  0.00000E+00  0.00000E+00  0.00000E+00  0.00000E+00  0.00000E+00
      708.0397  0.00000E+00  0.00000E+00  0.00000E+00  0.00000E+00 -0.52788E+03  0.00000E+00  0.00000E+00  0.00000E+00  0.87882E+03  0.00000E+00  0.00000E+00  0.00000E+00  0.00000E+00  0.00000E+00  0.00000E+00
      720.0000  0.00000E+00  0.00000E+00  0.00000E+00  0.00000E+00 -0.52788E+03  0.00000E+00  0.00000E+00  0.00000E+00  0.88651E+03  0.00000E+00  0.00000E+00  0.00000E+00  0.00000E+00  0.00000E+00  0.00000E+00
      733.6639  0.00000E+00  0.00000E+00  0.00000E+00  0.00000E+00 -0.52788E+03  0.00000E+00  0.00000E+00  0.00000E+00  0.89518E+03  0.00000E+00  0.00000E+00  0.00000E+00  0.00000E+00  0.00000E+00  0.00000E+00
      751.4270  0.00000E+00  0.00000E+00  0.00000E+00  0.00000E+00 -0.52788E+03  0.00000E+00  0.00000E+00  0.00000E+00  0.90623E+03  0.00000E+00  0.00000E+00  0.00000E+00  0.00000E+00  0.00000E+00  0.00000E+00
      774.5191  0.00000E+00  0.00000E+00  0.00000E+00  0.00000E+00 -0.52788E+03  0.00000E+00  0.00000E+00  0.00000E+00  0.92016E+03  0.00000E+00  0.00000E+00  0.00000E+00  0.00000E+00  0.00000E+00  0.00000E+00
      784.5256  0.00000E+00  0.00000E+00  0.00000E+00  0.00000E+00 -0.52788E+03  0.00000E+00  0.00000E+00  0.00000E+00  0.92610E+03  0.00000E+00  0.00000E+00  0.00000E+00  0.00000E+00  0.00000E+00  0.00000E+00
      794.5321  0.00000E+00  0.00000E+00  0.00000E+00  0.00000E+00 -0.52788E+03  0.00000E+00  0.00000E+00  0.00000E+00  0.93197E+03  0.00000E+00  0.00000E+00  0.00000E+00  0.00000E+00  0.00000E+00  0.00000E+00
      807.5407  0.00000E+00  0.00000E+00  0.00000E+00  0.00000E+00 -0.52788E+03  0.00000E+00  0.00000E+00  0.00000E+00  0.93946E+03  0.00000E+00  0.00000E+00  0.00000E+00  0.00000E+00  0.00000E+00  0.00000E+00
      824.4517  0.00000E+00  0.00000E+00  0.00000E+00  0.00000E+00 -0.52788E+03  0.00000E+00  0.00000E+00  0.00000E+00  0.94888E+03  0.00000E+00  0.00000E+00  0.00000E+00  0.00000E+00  0.00000E+00  0.00000E+00
      846.4361  0.00000E+00  0.00000E+00  0.00000E+00  0.00000E+00 -0.52788E+03  0.00000E+00  0.00000E+00  0.00000E+00  0.96051E+03  0.00000E+00  0.00000E+00  0.00000E+00  0.00000E+00  0.00000E+00  0.00000E+00
      855.9627  0.00000E+00  0.00000E+00  0.00000E+00  0.00000E+00 -0.52788E+03  0.00000E+00  0.00000E+00  0.00000E+00  0.96544E+03  0.00000E+00  0.00000E+00  0.00000E+00  0.00000E+00  0.00000E+00  0.00000E+00
      865.4892  0.00000E+00  0.00000E+00  0.00000E+00  0.00000E+00 -0.52788E+03  0.00000E+00  0.00000E+00  0.00000E+00  0.97030E+03  0.00000E+00  0.00000E+00  0.00000E+00  0.00000E+00  0.00000E+00  0.00000E+00
      877.8738  0.00000E+00  0.00000E+00  0.00000E+00  0.00000E+00 -0.52788E+03  0.00000E+00  0.00000E+00  0.00000E+00  0.97644E+03  0.00000E+00  0.00000E+00  0.00000E+00  0.00000E+00  0.00000E+00  0.00000E+00
      893.9737  0.00000E+00  0.00000E+00  0.00000E+00  0.00000E+00 -0.52788E+03  0.00000E+00  0.00000E+00  0.00000E+00  0.98408E+03  0.00000E+00  0.00000E+00  0.00000E+00  0.00000E+00  0.00000E+00  0.00000E+00
      914.9035  0.00000E+00  0.00000E+00  0.00000E+00  0.00000E+00 -0.52788E+03  0.00000E+00  0.00000E+00  0.00000E+00  0.99339E+03  0.00000E+00  0.00000E+00  0.00000E+00  0.00000E+00  0.00000E+00  0.00000E+00
      923.9731  0.00000E+00  0.00000E+00  0.00000E+00  0.00000E+00 -0.52788E+03  0.00000E+00  0.00000E+00  0.00000E+00  0.99735E+03  0.00000E+00  0.00000E+00  0.00000E+00  0.00000E+00  0.00000E+00  0.00000E+00
      933.0427  0.00000E+00  0.00000E+00  0.00000E+00  0.00000E+00 -0.52788E+03  0.00000E+00  0.00000E+00  0.00000E+00  0.10012E+04  0.00000E+00  0.00000E+00  0.00000E+00  0.00000E+00  0.00000E+00  0.00000E+00
      944.8332  0.00000E+00  0.00000E+00  0.00000E+00  0.00000E+00 -0.52788E+03  0.00000E+00  0.00000E+00  0.00000E+00  0.10061E+04  0.00000E+00  0.00000E+00  0.00000E+00  0.00000E+00  0.00000E+00  0.00000E+00
      960.1608  0.00000E+00  0.00000E+00  0.00000E+00  0.00000E+00 -0.52788E+03  0.00000E+00  0.00000E+00  0.00000E+00  0.10122E+04  0.00000E+00  0.00000E+00  0.00000E+00  0.00000E+00  0.00000E+00  0.00000E+00
      980.0868  0.00000E+00  0.00000E+00  0.00000E+00  0.00000E+00 -0.52788E+03  0.00000E+00  0.00000E+00  0.00000E+00  0.10195E+04  0.00000E+00  0.00000E+00  0.00000E+00  0.00000E+00  0.00000E+00  0.00000E+00
      988.7213  0.00000E+00  0.00000E+00  0.00000E+00  0.00000E+00 -0.52788E+03  0.00000E+00  0.00000E+00  0.00000E+00  0.10227E+04  0.00000E+00  0.00000E+00  0.00000E+00  0.00000E+00  0.00000E+00  0.00000E+00
      999.9463  0.00000E+00  0.00000E+00  0.00000E+00  0.00000E+00 -0.52788E+03  0.00000E+00  0.00000E+00  0.00000E+00  0.10267E+04  0.00000E+00  0.00000E+00  0.00000E+00  0.00000E+00  0.00000E+00  0.00000E+00
     1014.5387  0.00000E+00  0.00000E+00  0.00000E+00  0.00000E+00 -0.52788E+03  0.00000E+00  0.00000E+00  0.00000E+00  0.10316E+04  0.00000E+00  0.00000E+00  0.00000E+00  0.00000E+00  0.00000E+00  0.00000E+00
     1033.5088  0.00000E+00  0.00000E+00  0.00000E+00  0.00000E+00 -0.52788E+03  0.00000E+00  0.00000E+00  0.00000E+00  0.10378E+04  0.00000E+00  0.00000E+00  0.00000E+00  0.00000E+00  0.00000E+00  0.00000E+00
     1041.7292  0.00000E+00  0.00000E+00  0.00000E+00  0.00000E+00 -0.52788E+03  0.00000E+00  0.00000E+00  0.00000E+00  0.10404E+04  0.00000E+00  0.00000E+00  0.00000E+00  0.00000E+00  0.00000E+00  0.00000E+00
     1052.4157  0.00000E+00  0.00000E+00  0.00000E+00  0.00000E+00 -0.52788E+03  0.00000E+00  0.00000E+00  0.00000E+00  0.10437E+04  0.00000E+00  0.00000E+00  0.00000E+00  0.00000E+00  0.00000E+00  0.00000E+00
     1066.3082  0.00000E+00  0.00000E+00  0.00000E+00  0.00000E+00 -0.52788E+03  0.00000E+00  0.00000E+00  0.00000E+00  0.10479E+04  0.00000E+00  0.00000E+00  0.00000E+00  0.00000E+00  0.00000E+00  0.00000E+00
     1084.3684  0.00000E+00  0.00000E+00  0.00000E+00  0.00000E+00 -0.52788E+03  0.00000E+00  0.00000E+00  0.00000E+00  0.10531E+04  0.00000E+00  0.00000E+00  0.00000E+00  0.00000E+00  0.00000E+00  0.00000E+00
     1107.8467  0.00000E+00  0.00000E+00  0.00000E+00  0.00000E+00 -0.52788E+03  0.00000E+00  0.00000E+00  0.00000E+00  0.10597E+04  0.00000E+00  0.00000E+00  0.00000E+00  0.00000E+00  0.00000E+00  0.00000E+00
     1138.3684  0.00000E+00  0.00000E+00  0.00000E+00  0.00000E+00 -0.52788E+03  0.00000E+00  0.00000E+00  0.00000E+00  0.10679E+04  0.00000E+00  0.00000E+00  0.00000E+00  0.00000E+00  0.00000E+00  0.00000E+00
     1150.9364  0.00000E+00  0.00000E+00  0.00000E+00  0.00000E+00 -0.52788E+03  0.00000E+00  0.00000E+00  0.00000E+00  0.10713E+04  0.00000E+00  0.00000E+00  0.00000E+00  0.00000E+00  0.00000E+00  0.00000E+00
     1163.5044  0.00000E+00  0.00000E+00  0.00000E+00  0.00000E+00 -0.52788E+03  0.00000E+00  0.00000E+00  0.00000E+00  0.10748E+04  0.00000E+00  0.00000E+00  0.00000E+00  0.00000E+00  0.00000E+00  0.00000E+00
     1176.0724  0.00000E+00  0.00000E+00  0.00000E+00  0.00000E+00 -0.52788E+03  0.00000E+00  0.00000E+00  0.00000E+00  0.10781E+04  0.00000E+00  0.00000E+00  0.00000E+00  0.00000E+00  0.00000E+00  0.00000E+00
     1184.8699  0.00000E+00  0.00000E+00  0.00000E+00  0.00000E+00 -0.52788E+03  0.00000E+00  0.00000E+00  0.00000E+00  0.10804E+04  0.00000E+00  0.00000E+00  0.00000E+00  0.00000E+00  0.00000E+00  0.00000E+00
     1196.3068  0.00000E+00  0.00000E+00  0.00000E+00  0.00000E+00 -0.52788E+03  0.00000E+00  0.00000E+00  0.00000E+00  0.10834E+04  0.00000E+00  0.00000E+00  0.00000E+00  0.00000E+00  0.00000E+00  0.00000E+00
     1211.1747  0.00000E+00  0.00000E+00  0.00000E+00  0.00000E+00 -0.52788E+03  0.00000E+00  0.00000E+00  0.00000E+00  0.10872E+04  0.00000E+00  0.00000E+00  0.00000E+00  0.00000E+00  0.00000E+00  0.00000E+00
     1230.5030  0.00000E+00  0.00000E+00  0.00000E+00  0.00000E+00 -0.52788E+03  0.00000E+00  0.00000E+00  0.00000E+00  0.10921E+04  0.00000E+00  0.00000E+00  0.00000E+00  0.00000E+00  0.00000E+00  0.00000E+00
     1256.6901  0.00000E+00  0.00000E+00  0.00000E+00  0.00000E+00 -0.52788E+03  0.00000E+00  0.00000E+00  0.00000E+00  0.10988E+04  0.00000E+00  0.00000E+00  0.00000E+00  0.00000E+00  0.00000E+00  0.00000E+00
     1287.2418  0.00000E+00  0.00000E+00  0.00000E+00  0.00000E+00 -0.52788E+03  0.00000E+00  0.00000E+00  0.00000E+00  0.11065E+04  0.00000E+00  0.00000E+00  0.00000E+00  0.00000E+00  0.00000E+00  0.00000E+00
     1325.4313  0.00000E+00  0.00000E+00  0.00000E+00  0.00000E+00 -0.52788E+03  0.00000E+00  0.00000E+00  0.00000E+00  0.11160E+04  0.00000E+00  0.00000E+00  0.00000E+00  0.00000E+00  0.00000E+00  0.00000E+00
     1382.7157  0.00000E+00  0.00000E+00  0.00000E+00  0.00000E+00 -0.52788E+03  0.00000E+00  0.00000E+00  0.00000E+00  0.11299E+04  0.00000E+00  0.00000E+00  0.00000E+00  0.00000E+00  0.00000E+00  0.00000E+00
     1440.0000  0.00000E+00  0.00000E+00  0.00000E+00  0.00000E+00 -0.52788E+03  0.00000E+00  0.00000E+00  0.00000E+00  0.11434E+04  0.00000E+00  0.00000E+00  0.00000E+00  0.00000E+00  0.00000E+00  0.00000E+00
end
