 FileVersion=0003


       Time         hAtm       hRoot     hKode3     hKode1      hSeep     hKode5     hKode6     hKode7     hKode8     hKode9 ... 
       [T]          [L]         [L]        [L]        [L]        [L]        [L]        [L]       [L]        [L]        [L]

        0.0010      -10.2        0.0       -9.9        0.0        0.0        0.0      -10.2        0.0        0.0        0.0
        0.0020      -10.2        0.0       -9.7        0.0        0.0        0.0      -10.2        0.0        0.0        0.0
        0.0033      -10.2        0.0       -9.6        0.0        0.0        0.0      -10.2        0.0        0.0        0.0
        0.0050      -10.2        0.0       -9.4        0.0        0.0        0.0      -10.2        0.0        0.0        0.0
        0.0072      -10.2        0.0       -9.2        0.0        0.0        0.0      -10.2        0.0        0.0        0.0
        0.0100      -10.2        0.0       -9.0        0.0        0.0        0.0      -10.2        0.0        0.0        0.0
        0.0138      -10.2        0.0       -8.8        0.0        0.0        0.0      -10.2        0.0        0.0        0.0
        0.0186      -10.2        0.0       -8.5        0.0        0.0        0.0      -10.2        0.0        0.0        0.0
        0.0249      -10.2        0.0       -8.2        0.0        0.0        0.0      -10.2        0.0        0.0        0.0
        0.0330      -10.2        0.0       -7.8        0.0        0.0        0.0      -10.2        0.0        0.0        0.0
        0.0436      -10.2        0.0       -7.4        0.0        0.0        0.0      -10.2        0.0        0.0        0.0
        0.0542      -10.2        0.0       -7.0        0.0        0.0        0.0      -10.2        0.0        0.0        0.0
        0.0680      -10.2        0.0       -6.6        0.0        0.0        0.0      -10.2        0.0        0.0        0.0
        0.0818      -10.3        0.0       -6.2        0.0        0.0        0.0      -10.2        0.0        0.0        0.0
        0.0997      -10.3        0.0       -5.8        0.0        0.0        0.0      -10.2        0.0        0.0        0.0
        0.1176      -10.3        0.0       -5.5        0.0        0.0        0.0      -10.2        0.0        0.0        0.0
        0.1356      -10.3        0.0       -5.2        0.0        0.0        0.0      -10.2        0.0        0.0        0.0
        0.1589      -10.3        0.0       -4.9        0.0        0.0        0.0      -10.2        0.0        0.0        0.0
        0.1891      -10.3        0.0       -4.5        0.0        0.0        0.0      -10.2        0.0        0.0        0.0
        0.2194      -10.4        0.0       -4.2        0.0        0.0        0.0      -10.2        0.0        0.0        0.0
        0.2497      -10.4        0.0       -4.0        0.0        0.0        0.0      -10.2        0.0        0.0        0.0
        0.2800      -10.4        0.0       -3.8        0.0        0.0        0.0      -10.2        0.0        0.0        0.0
        0.3103      -10.4        0.0       -3.6        0.0        0.0        0.0      -10.2        0.0        0.0        0.0
        0.3406      -10.5        0.0       -3.4        0.0        0.0        0.0      -10.2        0.0        0.0        0.0
        0.3800      -10.5        0.0       -3.2        0.0        0.0        0.0      -10.2        0.0        0.0        0.0
        0.4193      -10.5        0.0       -3.1        0.0        0.0        0.0      -10.2        0.0        0.0        0.0
        0.4587      -10.5        0.0       -2.9        0.0        0.0        0.0      -10.2        0.0        0.0        0.0
        0.4981      -10.5        0.0       -2.8        0.0        0.0        0.0      -10.2        0.0        0.0        0.0
        0.5375      -10.6        0.0       -2.7        0.0        0.0        0.0      -10.2        0.0        0.0        0.0
        0.5768      -10.6        0.0       -2.6        0.0        0.0        0.0      -10.2        0.0        0.0        0.0
        0.6280      -10.6        0.0       -2.5        0.0        0.0        0.0      -10.2        0.0        0.0        0.0
        0.6792      -10.6        0.0       -2.4        0.0        0.0        0.0      -10.2        0.0        0.0        0.0
        0.7304      -10.6        0.0       -2.3        0.0        0.0        0.0      -10.2        0.0        0.0        0.0
        0.7969      -10.6        0.0       -2.3        0.0        0.0        0.0      -10.2        0.0        0.0        0.0
        0.8635      -10.7        0.0       -2.2        0.0        0.0        0.0      -10.2        0.0        0.0        0.0
        0.9300      -10.7        0.0       -2.1        0.0        0.0        0.0      -10.2        0.0        0.0        0.0
        0.9966      -10.7        0.0       -2.1        0.0        0.0        0.0      -10.2        0.0        0.0        0.0
        1.0831      -10.7        0.0       -2.0        0.0        0.0        0.0      -10.2        0.0        0.0        0.0
        1.1696      -10.7        0.0       -2.0        0.0        0.0        0.0      -10.2        0.0        0.0        0.0
        1.2561      -10.7        0.0       -1.9        0.0        0.0        0.0      -10.2        0.0        0.0        0.0
        1.3426      -10.7        0.0       -1.9        0.0        0.0        0.0      -10.2        0.0        0.0        0.0
        1.4291      -10.7        0.0       -1.9        0.0        0.0        0.0      -10.2        0.0        0.0        0.0
        1.5415      -10.7        0.0       -1.8        0.0        0.0        0.0      -10.2        0.0        0.0        0.0
        1.6540      -10.8        0.0       -1.8        0.0        0.0        0.0      -10.2        0.0        0.0        0.0
        1.7664      -10.8        0.0       -1.8        0.0        0.0        0.0      -10.2        0.0        0.0        0.0
        1.8789      -10.8        0.0       -1.8        0.0        0.0        0.0      -10.2        0.0        0.0        0.0
        1.9913      -10.8        0.0       -1.7        0.0        0.0        0.0      -10.2        0.0        0.0        0.0
        2.1375      -10.8        0.0       -1.7        0.0        0.0        0.0      -10.2        0.0        0.0        0.0
        2.2837      -10.8        0.0       -1.7        0.0        0.0        0.0      -10.2        0.0        0.0        0.0
        2.4299      -10.8        0.0       -1.7        0.0        0.0        0.0      -10.2        0.0        0.0        0.0
        2.5761      -10.9        0.0       -1.7        0.0        0.0        0.0      -10.2        0.0        0.0        0.0
        2.7223      -10.9        0.0       -1.7        0.0        0.0        0.0      -10.2        0.0        0.0        0.0
        2.9124      -10.9        0.0       -1.7        0.0        0.0        0.0      -10.2        0.0        0.0        0.0
        3.1024      -10.9        0.0       -1.6        0.0        0.0        0.0      -10.2        0.0        0.0        0.0
        3.2925      -10.9        0.0       -1.6        0.0        0.0        0.0      -10.2        0.0        0.0        0.0
        3.4825      -11.0        0.0       -1.6        0.0        0.0        0.0      -10.2        0.0        0.0        0.0
        3.6726      -11.0        0.0       -1.6        0.0        0.0        0.0      -10.2        0.0        0.0        0.0
        3.8626      -11.0        0.0       -1.6        0.0        0.0        0.0      -10.2        0.0        0.0        0.0
        4.1097      -11.1        0.0       -1.6        0.0        0.0        0.0      -10.2        0.0        0.0        0.0
        4.3567      -11.1        0.0       -1.6        0.0        0.0        0.0      -10.2        0.0        0.0        0.0
        4.6038      -11.1        0.0       -1.6        0.0        0.0        0.0      -10.2        0.0        0.0        0.0
        4.8509      -11.1        0.0       -1.6        0.0        0.0        0.0      -10.2        0.0        0.0        0.0
        5.0979      -11.2        0.0       -1.6        0.0        0.0        0.0      -10.2        0.0        0.0        0.0
        5.4191      -11.2        0.0       -1.6        0.0        0.0        0.0      -10.2        0.0        0.0        0.0
        5.7403      -11.2        0.0       -1.6        0.0        0.0        0.0      -10.2        0.0        0.0        0.0
        6.0615      -11.3        0.0       -1.6        0.0        0.0        0.0      -10.2        0.0        0.0        0.0
        6.3827      -11.3        0.0       -1.6        0.0        0.0        0.0      -10.2        0.0        0.0        0.0
        6.7038      -11.3        0.0       -1.5        0.0        0.0        0.0      -10.2        0.0        0.0        0.0
        7.1214      -11.3        0.0       -1.6        0.0        0.0        0.0      -10.2        0.0        0.0        0.0
        7.5389      -11.4        0.0       -1.6        0.0        0.0        0.0      -10.2        0.0        0.0        0.0
        7.9565      -11.4        0.0       -1.5        0.0        0.0        0.0      -10.2        0.0        0.0        0.0
        8.3740      -11.4        0.0       -1.5        0.0        0.0        0.0      -10.2        0.0        0.0        0.0
        8.7915      -11.5        0.0       -1.5        0.0        0.0        0.0      -10.2        0.0        0.0        0.0
        9.2091      -11.5        0.0       -1.5        0.0        0.0        0.0      -10.2        0.0        0.0        0.0
        9.7519      -11.5        0.0       -1.5        0.0        0.0        0.0      -10.2        0.0        0.0        0.0
       10.2767      -11.6        0.0       -1.5        0.0        0.0        0.0      -10.2        0.0        0.0        0.0
       10.8015      -11.6        0.0       -1.5        0.0        0.0        0.0      -10.2        0.0        0.0        0.0
       11.3263      -11.7        0.0       -1.5        0.0        0.0        0.0      -10.2        0.0        0.0        0.0
       12.0611      -11.7        0.0       -1.5        0.0        0.0        0.0      -10.2        0.0        0.0        0.0
       12.7958      -11.8        0.0       -1.5        0.0        0.0        0.0      -10.2        0.0        0.0        0.0
       13.5305      -11.8        0.0       -1.5        0.0        0.0        0.0      -10.2        0.0        0.0        0.0
       14.2653      -11.9        0.0       -1.5        0.0        0.0        0.0      -10.2        0.0        0.0        0.0
       15.0000      -11.9        0.0       -1.5        0.0        0.0        0.0      -10.2        0.0        0.0        0.0
       15.7056      -12.0        0.0       -1.5        0.0        0.0        0.0      -10.2        0.0        0.0        0.0
       16.4113      -12.0        0.0       -1.5        0.0        0.0        0.0      -10.2        0.0        0.0        0.0
       17.1169      -12.0        0.0       -1.5        0.0        0.0        0.0      -10.2        0.0        0.0        0.0
       18.0343      -12.1        0.0       -1.5        0.0        0.0        0.0      -10.2        0.0        0.0        0.0
       18.9516      -12.1        0.0       -1.5        0.0        0.0        0.0      -10.2        0.0        0.0        0.0
       19.8689      -12.2        0.0       -1.5        0.0        0.0        0.0      -10.2        0.0        0.0        0.0
       20.7863      -12.2        0.0       -1.5        0.0        0.0        0.0      -10.2        0.0        0.0        0.0
       21.7036      -12.3        0.0       -1.5        0.0        0.0        0.0      -10.2        0.0        0.0        0.0
       22.6209      -12.3        0.0       -1.5        0.0        0.0        0.0      -10.2        0.0        0.0        0.0
       23.5382      -12.3        0.0       -1.5        0.0        0.0        0.0      -10.2        0.0        0.0        0.0
       24.4556      -12.4        0.0       -1.5        0.0        0.0        0.0      -10.2        0.0        0.0        0.0
       25.6481      -12.4        0.0       -1.5        0.0        0.0        0.0      -10.2        0.0        0.0        0.0
       26.8406      -12.5        0.0       -1.5        0.0        0.0        0.0      -10.2        0.0        0.0        0.0
       28.0332      -12.5        0.0       -1.5        0.0        0.0        0.0      -10.2        0.0        0.0        0.0
       29.2257      -12.6        0.0       -1.5        0.0        0.0        0.0      -10.2        0.0        0.0        0.0
       30.4182      -12.6        0.0       -1.5        0.0        0.0        0.0      -10.2        0.0        0.0        0.0
       31.6108      -12.6        0.0       -1.5        0.0        0.0        0.0      -10.2        0.0        0.0        0.0
       32.8033      -12.7        0.0       -1.5        0.0        0.0        0.0      -10.2        0.0        0.0        0.0
       33.9958      -12.7        0.0       -1.5        0.0        0.0        0.0      -10.2        0.0        0.0        0.0
       35.1884      -12.7        0.0       -1.5        0.0        0.0        0.0      -10.2        0.0        0.0        0.0
       36.3809      -12.8        0.0       -1.5        0.0        0.0        0.0      -10.2        0.0        0.0        0.0
       37.9312      -12.8        0.0       -1.5        0.0        0.0        0.0      -10.2        0.0        0.0        0.0
       39.4815      -12.9        0.0       -1.5        0.0        0.0        0.0      -10.2        0.0        0.0        0.0
       41.0318      -12.9        0.0       -1.5        0.0        0.0        0.0      -10.2        0.0        0.0        0.0
       42.5821      -12.9        0.0       -1.5        0.0        0.0        0.0      -10.2        0.0        0.0        0.0
       44.1324      -13.0        0.0       -1.5        0.0        0.0        0.0      -10.2        0.0        0.0        0.0
       45.7191      -13.0        0.0       -1.5        0.0        0.0        0.0      -10.2        0.0        0.0        0.0
       47.3059      -13.1        0.0       -1.5        0.0        0.0        0.0      -10.2        0.0        0.0        0.0
       48.8927      -13.1        0.0       -1.5        0.0        0.0        0.0      -10.2        0.0        0.0        0.0
       50.4794      -13.2        0.0       -1.5        0.0        0.0        0.0      -10.2        0.0        0.0        0.0
       52.0662      -13.2        0.0       -1.5        0.0        0.0        0.0      -10.2        0.0        0.0        0.0
       53.6529      -13.3        0.0       -1.5        0.0        0.0        0.0      -10.2        0.0        0.0        0.0
       55.2397      -13.3        0.0       -1.5        0.0        0.0        0.0      -10.2        0.0        0.0        0.0
       56.8265      -13.3        0.0       -1.5        0.0        0.0        0.0      -10.2        0.0        0.0        0.0
       58.4132      -13.4        0.0       -1.5        0.0        0.0        0.0      -10.2        0.0        0.0        0.0
       60.0000      -13.4        0.0       -1.5        0.0        0.0        0.0      -10.2        0.0        0.0        0.0
       61.5503      -13.4        0.0       -1.5        0.0        0.0        0.0      -10.2        0.0        0.0        0.0
       63.1006      -13.5        0.0       -1.5        0.0        0.0        0.0      -10.2        0.0        0.0        0.0
       65.1160      -13.5        0.0       -1.5        0.0        0.0        0.0      -10.2        0.0        0.0        0.0
       67.1313      -13.6        0.0       -1.5        0.0        0.0        0.0      -10.2        0.0        0.0        0.0
       69.1467      -13.6        0.0       -1.5        0.0        0.0        0.0      -10.2        0.0        0.0        0.0
       71.1621      -13.6        0.0       -1.5        0.0        0.0        0.0      -10.2        0.0        0.0        0.0
       73.1775      -13.7        0.0       -1.5        0.0        0.0        0.0      -10.2        0.0        0.0        0.0
       75.1929      -13.7        0.0       -1.5        0.0        0.0        0.0      -10.2        0.0        0.0        0.0
       77.2082      -13.7        0.0       -1.5        0.0        0.0        0.0      -10.2        0.0        0.0        0.0
       79.2236      -13.8        0.0       -1.5        0.0        0.0        0.0      -10.2        0.0        0.0        0.0
       81.2390      -13.8        0.0       -1.5        0.0        0.0        0.0      -10.2        0.0        0.0        0.0
       83.2544      -13.8        0.0       -1.5        0.0        0.0        0.0      -10.2        0.0        0.0        0.0
       85.2698      -13.9        0.0       -1.5        0.0        0.0        0.0      -10.2        0.0        0.0        0.0
       87.2851      -13.9        0.0       -1.5        0.0        0.0        0.0      -10.2        0.0        0.0        0.0
       89.9051      -13.9        0.0       -1.5        0.0        0.0        0.0      -10.2        0.0        0.0        0.0
       92.5251      -14.0        0.0       -1.5        0.0        0.0        0.0      -10.2        0.0        0.0        0.0
       95.2726      -14.0        0.0       -1.5        0.0        0.0        0.0      -10.2        0.0        0.0        0.0
       98.0201      -14.0        0.0       -1.5        0.0        0.0        0.0      -10.2        0.0        0.0        0.0
      100.7676      -14.1        0.0       -1.5        0.0        0.0        0.0      -10.2        0.0        0.0        0.0
      103.5151      -14.1        0.0       -1.5        0.0        0.0        0.0      -10.2        0.0        0.0        0.0
      106.2626      -14.1        0.0       -1.5        0.0        0.0        0.0      -10.2        0.0        0.0        0.0
      109.0100      -14.2        0.0       -1.5        0.0        0.0        0.0      -10.2        0.0        0.0        0.0
      111.7575      -14.2        0.0       -1.5        0.0        0.0        0.0      -10.2        0.0        0.0        0.0
      114.5050      -14.2        0.0       -1.5        0.0        0.0        0.0      -10.2        0.0        0.0        0.0
      117.2525      -14.3        0.0       -1.5        0.0        0.0        0.0      -10.2        0.0        0.0        0.0
      120.0000      -14.3        0.0       -1.5        0.0        0.0        0.0      -10.2        0.0        0.0        0.0
      122.6200      -14.3        0.0       -1.5        0.0        0.0        0.0      -10.2        0.0        0.0        0.0
      125.2400      -14.3        0.0       -1.5        0.0        0.0        0.0      -10.2        0.0        0.0        0.0
      127.8600      -14.4        0.0       -1.5        0.0        0.0        0.0      -10.2        0.0        0.0        0.0
      130.4800      -14.4        0.0       -1.5        0.0        0.0        0.0      -10.2        0.0        0.0        0.0
      133.1000      -14.4        0.0       -1.5        0.0        0.0        0.0      -10.2        0.0        0.0        0.0
      135.7200      -14.4        0.0       -1.5        0.0        0.0        0.0      -10.2        0.0        0.0        0.0
      139.1259      -14.5        0.0       -1.5        0.0        0.0        0.0      -10.2        0.0        0.0        0.0
      142.5319      -14.5        0.0       -1.5        0.0        0.0        0.0      -10.2        0.0        0.0        0.0
      145.9379      -14.5        0.0       -1.5        0.0        0.0        0.0      -10.2        0.0        0.0        0.0
      149.3441      -14.6        0.0       -1.5        0.0        0.0        0.0      -10.2        0.0        0.0        0.0
      152.7503      -14.6        0.0       -1.5        0.0        0.0        0.0      -10.2        0.0        0.0        0.0
      156.1565      -14.6        0.0       -1.5        0.0        0.0        0.0      -10.2        0.0        0.0        0.0
      159.5628      -14.7        0.0       -1.5        0.0        0.0        0.0      -10.2        0.0        0.0        0.0
      162.9690      -14.7        0.0       -1.5        0.0        0.0        0.0      -10.2        0.0        0.0        0.0
      166.3752      -14.7        0.0       -1.5        0.0        0.0        0.0      -10.2        0.0        0.0        0.0
      169.7814      -14.8        0.0       -1.5        0.0        0.0        0.0      -10.2        0.0        0.0        0.0
      173.1876      -14.8        0.0       -1.5        0.0        0.0        0.0      -10.2        0.0        0.0        0.0
      176.5938      -14.8        0.0       -1.5        0.0        0.0        0.0      -10.2        0.0        0.0        0.0
      180.0000      -14.8        0.0       -1.5        0.0        0.0        0.0      -10.2        0.0        0.0        0.0
      180.0010      -14.8        0.0       -1.7        0.0        0.0        0.0      -10.2        0.0        0.0        0.0
      180.0023      -14.8        0.0       -1.9        0.0        0.0        0.0      -10.2        0.0        0.0        0.0
      180.0040      -14.8        0.0       -2.1        0.0        0.0        0.0      -10.2        0.0        0.0        0.0
      180.0062      -14.8        0.0       -2.2        0.0        0.0        0.0      -10.2        0.0        0.0        0.0
      180.0090      -14.8        0.0       -2.4        0.0        0.0        0.0      -10.2        0.0        0.0        0.0
      180.0128      -14.8        0.0       -2.5        0.0        0.0        0.0      -10.2        0.0        0.0        0.0
      180.0176      -14.8        0.0       -2.6        0.0        0.0        0.0      -10.2        0.0        0.0        0.0
      180.0239      -14.8        0.0       -2.8        0.0        0.0        0.0      -10.2        0.0        0.0        0.0
      180.0320      -14.8        0.0       -3.0        0.0        0.0        0.0      -10.2        0.0        0.0        0.0
      180.0426      -14.8        0.0       -3.1        0.0        0.0        0.0      -10.2        0.0        0.0        0.0
      180.0564      -14.8        0.0       -3.3        0.0        0.0        0.0      -10.2        0.0        0.0        0.0
      180.0743      -14.8        0.0       -3.5        0.0        0.0        0.0      -10.2        0.0        0.0        0.0
      180.0976      -14.8        0.0       -3.7        0.0        0.0        0.0      -10.2        0.0        0.0        0.0
      180.1279      -14.8        0.0       -4.0        0.0        0.0        0.0      -10.2        0.0        0.0        0.0
      180.1673      -14.8        0.0       -4.2        0.0        0.0        0.0      -10.2        0.0        0.0        0.0
      180.2185      -14.8        0.0       -4.4        0.0        0.0        0.0      -10.2        0.0        0.0        0.0
      180.2850      -14.8        0.0       -4.7        0.0        0.0        0.0      -10.2        0.0        0.0        0.0
      180.3715      -14.8        0.0       -5.0        0.0        0.0        0.0      -10.2        0.0        0.0        0.0
      180.4840      -14.8        0.0       -5.3        0.0        0.0        0.0      -10.2        0.0        0.0        0.0
      180.6302      -14.9        0.0       -5.6        0.0        0.0        0.0      -10.2        0.0        0.0        0.0
      180.8202      -14.9        0.0       -6.0        0.0        0.0        0.0      -10.2        0.0        0.0        0.0
      181.0673      -14.9        0.0       -6.3        0.0        0.0        0.0      -10.2        0.0        0.0        0.0
      181.3885      -14.9        0.0       -6.7        0.0        0.0        0.0      -10.2        0.0        0.0        0.0
      181.8060      -15.0        0.0       -7.1        0.0        0.0        0.0      -10.1        0.0        0.0        0.0
      182.3488      -15.0        0.0       -7.5        0.0        0.0        0.0      -10.1        0.0        0.0        0.0
      183.0544      -15.1        0.0       -7.9        0.0        0.0        0.0      -10.1        0.0        0.0        0.0
      183.9718      -15.1        0.0       -8.4        0.0        0.0        0.0      -10.1        0.0        0.0        0.0
      185.1643      -15.2        0.0       -8.8        0.0        0.0        0.0      -10.1        0.0        0.0        0.0
      186.7146      -15.3        0.0       -9.3        0.0        0.0        0.0      -10.1        0.0        0.0        0.0
      188.2649      -15.4        0.0       -9.7        0.0        0.0        0.0      -10.1        0.0        0.0        0.0
      190.2803      -15.6        0.0      -10.2        0.0        0.0        0.0      -10.0        0.0        0.0        0.0
      192.2956      -15.7        0.0      -10.6        0.0        0.0        0.0      -10.0        0.0        0.0        0.0
      194.3110      -15.8        0.0      -10.9        0.0        0.0        0.0      -10.0        0.0        0.0        0.0
      196.3264      -15.9        0.0      -11.2        0.0        0.0        0.0       -9.9        0.0        0.0        0.0
      198.3418      -16.0        0.0      -11.5        0.0        0.0        0.0       -9.9        0.0        0.0        0.0
      200.3572      -16.0        0.0      -11.7        0.0        0.0        0.0       -9.8        0.0        0.0        0.0
      202.3725      -16.1        0.0      -12.0        0.0        0.0        0.0       -9.7        0.0        0.0        0.0
      204.3879      -16.2        0.0      -12.2        0.0        0.0        0.0       -9.6        0.0        0.0        0.0
      206.4033      -16.3        0.0      -12.4        0.0        0.0        0.0       -9.5        0.0        0.0        0.0
      208.4187      -16.4        0.0      -12.6        0.0        0.0        0.0       -9.4        0.0        0.0        0.0
      209.8294      -16.4        0.0      -12.7        0.0        0.0        0.0       -9.3        0.0        0.0        0.0
      210.8170      -16.5        0.0      -12.8        0.0        0.0        0.0       -9.3        0.0        0.0        0.0
      211.8045      -16.5        0.0      -12.9        0.0        0.0        0.0       -9.2        0.0        0.0        0.0
      212.7921      -16.5        0.0      -13.0        0.0        0.0        0.0       -9.2        0.0        0.0        0.0
      213.7796      -16.6        0.0      -13.1        0.0        0.0        0.0       -9.1        0.0        0.0        0.0
      214.7671      -16.6        0.0      -13.1        0.0        0.0        0.0       -9.1        0.0        0.0        0.0
      215.7547      -16.6        0.0      -13.2        0.0        0.0        0.0       -9.0        0.0        0.0        0.0
      216.7422      -16.7        0.0      -13.3        0.0        0.0        0.0       -9.0        0.0        0.0        0.0
      217.7297      -16.7        0.0      -13.4        0.0        0.0        0.0       -8.9        0.0        0.0        0.0
      218.7173      -16.7        0.0      -13.5        0.0        0.0        0.0       -8.9        0.0        0.0        0.0
      219.7048      -16.8        0.0      -13.5        0.0        0.0        0.0       -8.8        0.0        0.0        0.0
      220.6923      -16.8        0.0      -13.6        0.0        0.0        0.0       -8.8        0.0        0.0        0.0
      221.6799      -16.8        0.0      -13.7        0.0        0.0        0.0       -8.7        0.0        0.0        0.0
      222.6674      -16.9        0.0      -13.7        0.0        0.0        0.0       -8.7        0.0        0.0        0.0
      223.6549      -16.9        0.0      -13.8        0.0        0.0        0.0       -8.6        0.0        0.0        0.0
      224.6425      -16.9        0.0      -13.9        0.0        0.0        0.0       -8.6        0.0        0.0        0.0
      225.6300      -17.0        0.0      -13.9        0.0        0.0        0.0       -8.5        0.0        0.0        0.0
      226.6176      -17.0        0.0      -14.0        0.0        0.0        0.0       -8.5        0.0        0.0        0.0
      227.6051      -17.0        0.0      -14.0        0.0        0.0        0.0       -8.4        0.0        0.0        0.0
      228.8889      -17.1        0.0      -14.1        0.0        0.0        0.0       -8.4        0.0        0.0        0.0
      230.1727      -17.1        0.0      -14.2        0.0        0.0        0.0       -8.3        0.0        0.0        0.0
      231.4565      -17.1        0.0      -14.3        0.0        0.0        0.0       -8.3        0.0        0.0        0.0
      232.7403      -17.2        0.0      -14.3        0.0        0.0        0.0       -8.2        0.0        0.0        0.0
      234.0241      -17.2        0.0      -14.4        0.0        0.0        0.0       -8.2        0.0        0.0        0.0
      235.3079      -17.2        0.0      -14.5        0.0        0.0        0.0       -8.2        0.0        0.0        0.0
      236.5917      -17.3        0.0      -14.5        0.0        0.0        0.0       -8.1        0.0        0.0        0.0
      237.8755      -17.3        0.0      -14.6        0.0        0.0        0.0       -8.1        0.0        0.0        0.0
      239.1593      -17.3        0.0      -14.7        0.0        0.0        0.0       -8.1        0.0        0.0        0.0
      240.4431      -17.4        0.0      -14.7        0.0        0.0        0.0       -8.0        0.0        0.0        0.0
      241.7269      -17.4        0.0      -14.8        0.0        0.0        0.0       -8.0        0.0        0.0        0.0
      243.0106      -17.5        0.0      -14.9        0.0        0.0        0.0       -7.9        0.0        0.0        0.0
      244.2944      -17.5        0.0      -14.9        0.0        0.0        0.0       -7.9        0.0        0.0        0.0
      245.9634      -17.5        0.0      -15.0        0.0        0.0        0.0       -7.9        0.0        0.0        0.0
      248.1330      -17.6        0.0      -15.1        0.0        0.0        0.0       -7.8        0.0        0.0        0.0
      250.3026      -17.6        0.0      -15.2        0.0        0.0        0.0       -7.8        0.0        0.0        0.0
      252.4722      -17.7        0.0      -15.3        0.0        0.0        0.0       -7.8        0.0        0.0        0.0
      254.6418      -17.7        0.0      -15.4        0.0        0.0        0.0       -7.7        0.0        0.0        0.0
      256.1606      -17.8        0.0      -15.4        0.0        0.0        0.0       -7.7        0.0        0.0        0.0
      257.6793      -17.8        0.0      -15.5        0.0        0.0        0.0       -7.7        0.0        0.0        0.0
      259.1980      -17.8        0.0      -15.6        0.0        0.0        0.0       -7.6        0.0        0.0        0.0
      260.7168      -17.9        0.0      -15.6        0.0        0.0        0.0       -7.6        0.0        0.0        0.0
      262.2355      -17.9        0.0      -15.7        0.0        0.0        0.0       -7.6        0.0        0.0        0.0
      264.2098      -18.0        0.0      -15.8        0.0        0.0        0.0       -7.6        0.0        0.0        0.0
      266.1842      -18.0        0.0      -15.8        0.0        0.0        0.0       -7.6        0.0        0.0        0.0
      268.1585      -18.0        0.0      -15.9        0.0        0.0        0.0       -7.5        0.0        0.0        0.0
      270.1329      -18.1        0.0      -16.0        0.0        0.0        0.0       -7.5        0.0        0.0        0.0
      272.1072      -18.1        0.0      -16.0        0.0        0.0        0.0       -7.5        0.0        0.0        0.0
      274.0816      -18.2        0.0      -16.1        0.0        0.0        0.0       -7.5        0.0        0.0        0.0
      276.0559      -18.2        0.0      -16.2        0.0        0.0        0.0       -7.5        0.0        0.0        0.0
      277.4380      -18.2        0.0      -16.2        0.0        0.0        0.0       -7.5        0.0        0.0        0.0
      279.2347      -18.3        0.0      -16.3        0.0        0.0        0.0       -7.5        0.0        0.0        0.0
      281.0313      -18.3        0.0      -16.4        0.0        0.0        0.0       -7.5        0.0        0.0        0.0
      282.8280      -18.3        0.0      -16.4        0.0        0.0        0.0       -7.5        0.0        0.0        0.0
      284.6246      -18.4        0.0      -16.5        0.0        0.0        0.0       -7.5        0.0        0.0        0.0
      286.4213      -18.4        0.0      -16.5        0.0        0.0        0.0       -7.5        0.0        0.0        0.0
      287.6789      -18.4        0.0      -16.6        0.0        0.0        0.0       -7.5        0.0        0.0        0.0
      289.3139      -18.5        0.0      -16.6        0.0        0.0        0.0       -7.5        0.0        0.0        0.0
      291.4394      -18.5        0.0      -16.7        0.0        0.0        0.0       -7.5        0.0        0.0        0.0
      294.2024      -18.6        0.0      -16.8        0.0        0.0        0.0       -7.5        0.0        0.0        0.0
      297.7944      -18.6        0.0      -16.9        0.0        0.0        0.0       -7.5        0.0        0.0        0.0
      302.4640      -18.7        0.0      -17.0        0.0        0.0        0.0       -7.5        0.0        0.0        0.0
      308.8569      -18.8        0.0      -17.1        0.0        0.0        0.0       -7.6        0.0        0.0        0.0
      311.6982      -18.9        0.0      -17.2        0.0        0.0        0.0       -7.6        0.0        0.0        0.0
      314.5395      -18.9        0.0      -17.3        0.0        0.0        0.0       -7.6        0.0        0.0        0.0
      318.2332      -19.0        0.0      -17.4        0.0        0.0        0.0       -7.6        0.0        0.0        0.0
      322.8739      -19.1        0.0      -17.5        0.0        0.0        0.0       -7.7        0.0        0.0        0.0
      329.0616      -19.2        0.0      -17.6        0.0        0.0        0.0       -7.8        0.0        0.0        0.0
      331.6398      -19.2        0.0      -17.7        0.0        0.0        0.0       -7.8        0.0        0.0        0.0
      334.2180      -19.3        0.0      -17.8        0.0        0.0        0.0       -7.8        0.0        0.0        0.0
      337.4408      -19.3        0.0      -17.8        0.0        0.0        0.0       -7.8        0.0        0.0        0.0
      341.9526      -19.4        0.0      -17.9        0.0        0.0        0.0       -7.8        0.0        0.0        0.0
      343.4566      -19.4        0.0      -18.0        0.0        0.0        0.0       -7.9        0.0        0.0        0.0
      345.5245      -19.5        0.0      -18.0        0.0        0.0        0.0       -7.9        0.0        0.0        0.0
      347.9371      -19.5        0.0      -18.0        0.0        0.0        0.0       -7.9        0.0        0.0        0.0
      350.9528      -19.5        0.0      -18.1        0.0        0.0        0.0       -8.0        0.0        0.0        0.0
      355.4764      -19.6        0.0      -18.2        0.0        0.0        0.0       -8.0        0.0        0.0        0.0
      360.0000      -19.7        0.0      -18.3        0.0        0.0        0.0       -8.1        0.0        0.0        0.0
      365.5841      -19.8        0.0      -18.4        0.0        0.0        0.0       -8.2        0.0        0.0        0.0
      368.0038      -19.8        0.0      -18.4        0.0        0.0        0.0       -8.2        0.0        0.0        0.0
      370.4236      -19.8        0.0      -18.5        0.0        0.0        0.0       -8.2        0.0        0.0        0.0
      373.5693      -19.9        0.0      -18.5        0.0        0.0        0.0       -8.2        0.0        0.0        0.0
      377.6587      -19.9        0.0      -18.6        0.0        0.0        0.0       -8.3        0.0        0.0        0.0
      382.9749      -20.0        0.0      -18.7        0.0        0.0        0.0       -8.3        0.0        0.0        0.0
      385.2786      -20.0        0.0      -18.8        0.0        0.0        0.0       -8.3        0.0        0.0        0.0
      388.2734      -20.1        0.0      -18.8        0.0        0.0        0.0       -8.4        0.0        0.0        0.0
      392.1666      -20.1        0.0      -18.9        0.0        0.0        0.0       -8.4        0.0        0.0        0.0
      393.8537      -20.1        0.0      -18.9        0.0        0.0        0.0       -8.4        0.0        0.0        0.0
      396.0469      -20.2        0.0      -18.9        0.0        0.0        0.0       -8.4        0.0        0.0        0.0
      398.8980      -20.2        0.0      -19.0        0.0        0.0        0.0       -8.4        0.0        0.0        0.0
      402.6045      -20.2        0.0      -19.1        0.0        0.0        0.0       -8.5        0.0        0.0        0.0
      407.4229      -20.3        0.0      -19.1        0.0        0.0        0.0       -8.5        0.0        0.0        0.0
      409.0291      -20.3        0.0      -19.2        0.0        0.0        0.0       -8.5        0.0        0.0        0.0
      410.6352      -20.3        0.0      -19.2        0.0        0.0        0.0       -8.5        0.0        0.0        0.0
      412.7232      -20.4        0.0      -19.2        0.0        0.0        0.0       -8.5        0.0        0.0        0.0
      415.4376      -20.4        0.0      -19.3        0.0        0.0        0.0       -8.5        0.0        0.0        0.0
      418.9663      -20.4        0.0      -19.3        0.0        0.0        0.0       -8.5        0.0        0.0        0.0
      423.5536      -20.5        0.0      -19.4        0.0        0.0        0.0       -8.5        0.0        0.0        0.0
      429.5171      -20.6        0.0      -19.5        0.0        0.0        0.0       -8.6        0.0        0.0        0.0
      437.2697      -20.7        0.0      -19.6        0.0        0.0        0.0       -8.6        0.0        0.0        0.0
      447.3480      -20.8        0.0      -19.8        0.0        0.0        0.0       -8.7        0.0        0.0        0.0
      460.4498      -20.9        0.0      -19.9        0.0        0.0        0.0       -8.8        0.0        0.0        0.0
      466.1273      -21.0        0.0      -20.0        0.0        0.0        0.0       -8.8        0.0        0.0        0.0
      471.8048      -21.1        0.0      -20.1        0.0        0.0        0.0       -8.9        0.0        0.0        0.0
      479.1854      -21.1        0.0      -20.2        0.0        0.0        0.0       -8.9        0.0        0.0        0.0
      488.7804      -21.2        0.0      -20.3        0.0        0.0        0.0       -9.0        0.0        0.0        0.0
      492.9381      -21.3        0.0      -20.4        0.0        0.0        0.0       -9.1        0.0        0.0        0.0
      497.0959      -21.3        0.0      -20.4        0.0        0.0        0.0       -9.1        0.0        0.0        0.0
      502.5011      -21.4        0.0      -20.5        0.0        0.0        0.0       -9.1        0.0        0.0        0.0
      509.5277      -21.5        0.0      -20.6        0.0        0.0        0.0       -9.2        0.0        0.0        0.0
      518.6624      -21.5        0.0      -20.7        0.0        0.0        0.0       -9.3        0.0        0.0        0.0
      522.6207      -21.6        0.0      -20.7        0.0        0.0        0.0       -9.3        0.0        0.0        0.0
      526.5791      -21.6        0.0      -20.8        0.0        0.0        0.0       -9.4        0.0        0.0        0.0
      531.7250      -21.7        0.0      -20.8        0.0        0.0        0.0       -9.4        0.0        0.0        0.0
      538.4146      -21.7        0.0      -20.9        0.0        0.0        0.0       -9.5        0.0        0.0        0.0
      547.1111      -21.8        0.0      -21.0        0.0        0.0        0.0       -9.6        0.0        0.0        0.0
      550.8796      -21.9        0.0      -21.0        0.0        0.0        0.0       -9.6        0.0        0.0        0.0
      555.7786      -21.9        0.0      -21.1        0.0        0.0        0.0       -9.7        0.0        0.0        0.0
      562.1473      -22.0        0.0      -21.1        0.0        0.0        0.0       -9.7        0.0        0.0        0.0
      568.5161      -22.0        0.0      -21.2        0.0        0.0        0.0       -9.7        0.0        0.0        0.0
      570.6390      -22.0        0.0      -21.2        0.0        0.0        0.0       -9.7        0.0        0.0        0.0
      573.3988      -22.1        0.0      -21.2        0.0        0.0        0.0       -9.8        0.0        0.0        0.0
      576.9865      -22.1        0.0      -21.3        0.0        0.0        0.0       -9.8        0.0        0.0        0.0
      581.6505      -22.1        0.0      -21.3        0.0        0.0        0.0       -9.9        0.0        0.0        0.0
      587.7138      -22.2        0.0      -21.4        0.0        0.0        0.0       -9.9        0.0        0.0        0.0
      595.5960      -22.3        0.0      -21.5        0.0        0.0        0.0      -10.0        0.0        0.0        0.0
      605.8429      -22.4        0.0      -21.6        0.0        0.0        0.0      -10.1        0.0        0.0        0.0
      618.5270      -22.5        0.0      -21.7        0.0        0.0        0.0      -10.1        0.0        0.0        0.0
      620.4062      -22.5        0.0      -21.7        0.0        0.0        0.0      -10.1        0.0        0.0        0.0
      622.8490      -22.5        0.0      -21.7        0.0        0.0        0.0      -10.1        0.0        0.0        0.0
      626.0248      -22.5        0.0      -21.8        0.0        0.0        0.0      -10.1        0.0        0.0        0.0
      630.1532      -22.6        0.0      -21.8        0.0        0.0        0.0      -10.2        0.0        0.0        0.0
      635.5202      -22.6        0.0      -21.8        0.0        0.0        0.0      -10.2        0.0        0.0        0.0
      642.4973      -22.7        0.0      -21.9        0.0        0.0        0.0      -10.2        0.0        0.0        0.0
      651.1087      -22.7        0.0      -22.0        0.0        0.0        0.0      -10.2        0.0        0.0        0.0
      662.5906      -22.8        0.0      -22.1        0.0        0.0        0.0      -10.2        0.0        0.0        0.0
      676.9429      -22.9        0.0      -22.2        0.0        0.0        0.0      -10.2        0.0        0.0        0.0
      681.7270      -23.0        0.0      -22.3        0.0        0.0        0.0      -10.2        0.0        0.0        0.0
      688.1059      -23.0        0.0      -22.3        0.0        0.0        0.0      -10.3        0.0        0.0        0.0
      696.0794      -23.1        0.0      -22.4        0.0        0.0        0.0      -10.3        0.0        0.0        0.0
      708.0397      -23.1        0.0      -22.5        0.0        0.0        0.0      -10.3        0.0        0.0        0.0
      720.0000      -23.2        0.0      -22.6        0.0        0.0        0.0      -10.3        0.0        0.0        0.0
      733.6639      -23.3        0.0      -22.7        0.0        0.0        0.0      -10.4        0.0        0.0        0.0
      751.4270      -23.4        0.0      -22.8        0.0        0.0        0.0      -10.4        0.0        0.0        0.0
      774.5191      -23.6        0.0      -23.0        0.0        0.0        0.0      -10.5        0.0        0.0        0.0
      784.5256      -23.7        0.0      -23.1        0.0        0.0        0.0      -10.6        0.0        0.0        0.0
      794.5321      -23.7        0.0      -23.1        0.0        0.0        0.0      -10.6        0.0        0.0        0.0
      807.5407      -23.8        0.0      -23.2        0.0        0.0        0.0      -10.7        0.0        0.0        0.0
      824.4517      -23.9        0.0      -23.3        0.0        0.0        0.0      -10.8        0.0        0.0        0.0
      846.4361      -24.0        0.0      -23.5        0.0        0.0        0.0      -10.9        0.0        0.0        0.0
      855.9627      -24.1        0.0      -23.6        0.0        0.0        0.0      -11.0        0.0        0.0        0.0
      865.4892      -24.1        0.0      -23.6        0.0        0.0        0.0      -11.0        0.0        0.0        0.0
      877.8738      -24.2        0.0      -23.7        0.0        0.0        0.0      -11.1        0.0        0.0        0.0
      893.9737      -24.3        0.0      -23.8        0.0        0.0        0.0      -11.2        0.0        0.0        0.0
      914.9035      -24.4        0.0      -23.9        0.0        0.0        0.0      -11.4        0.0        0.0        0.0
      923.9731      -24.5        0.0      -24.0        0.0        0.0        0.0      -11.4        0.0        0.0        0.0
      933.0427      -24.5        0.0      -24.0        0.0        0.0        0.0      -11.4        0.0        0.0        0.0
      944.8332      -24.6        0.0      -24.1        0.0        0.0        0.0      -11.5        0.0        0.0        0.0
      960.1608      -24.7        0.0      -24.2        0.0        0.0        0.0      -11.6        0.0        0.0        0.0
      980.0868      -24.8        0.0      -24.3        0.0        0.0        0.0      -11.7        0.0        0.0        0.0
      988.7213      -24.8        0.0      -24.4        0.0        0.0        0.0      -11.8        0.0        0.0        0.0
      999.9463      -24.9        0.0      -24.4        0.0        0.0        0.0      -11.8        0.0        0.0        0.0
     1014.5387      -25.0        0.0      -24.5        0.0        0.0        0.0      -11.9        0.0        0.0        0.0
     1033.5088      -25.0        0.0      -24.6        0.0        0.0        0.0      -12.0        0.0        0.0        0.0
     1041.7292      -25.1        0.0      -24.7        0.0        0.0        0.0      -12.0        0.0        0.0        0.0
     1052.4157      -25.1        0.0      -24.7        0.0        0.0        0.0      -12.0        0.0        0.0        0.0
     1066.3082      -25.2        0.0      -24.8        0.0        0.0        0.0      -12.1        0.0        0.0        0.0
     1084.3684      -25.3        0.0      -24.9        0.0        0.0        0.0      -12.2        0.0        0.0        0.0
     1107.8467      -25.4        0.0      -25.0        0.0        0.0        0.0      -12.2        0.0        0.0        0.0
     1138.3684      -25.5        0.0      -25.1        0.0        0.0        0.0      -12.3        0.0        0.0        0.0
     1150.9364      -25.6        0.0      -25.2        0.0        0.0        0.0      -12.2        0.0        0.0        0.0
     1163.5044      -25.6        0.0      -25.3        0.0        0.0        0.0      -12.2        0.0        0.0        0.0
     1176.0724      -25.7        0.0      -25.3        0.0        0.0        0.0      -12.3        0.0        0.0        0.0
     1184.8699      -25.7        0.0      -25.4        0.0        0.0        0.0      -12.3        0.0        0.0        0.0
     1196.3068      -25.8        0.0      -25.4        0.0        0.0        0.0      -12.3        0.0        0.0        0.0
     1211.1747      -25.8        0.0      -25.5        0.0        0.0        0.0      -12.3        0.0        0.0        0.0
     1230.5030      -25.9        0.0      -25.6        0.0        0.0        0.0      -12.3        0.0        0.0        0.0
     1256.6901      -26.0        0.0      -25.7        0.0        0.0        0.0      -12.4        0.0        0.0        0.0
     1287.2418      -26.2        0.0      -25.8        0.0        0.0        0.0      -12.4        0.0        0.0        0.0
     1325.4313      -26.4        0.0      -26.0        0.0        0.0        0.0      -12.4        0.0        0.0        0.0
     1382.7157      -26.6        0.0      -26.2        0.0        0.0        0.0      -12.5        0.0        0.0        0.0
     1440.0000      -26.8        0.0      -26.4        0.0        0.0        0.0      -12.7        0.0        0.0        0.0
end
