

   TLevel      Time           dt       Iter    ItCum

      1  0.10000000E-02  0.100000E-02    3        3
      2  0.20000001E-02  0.100000E-02    3        6
      3  0.33000001E-02  0.130000E-02    3        9
      4  0.49900000E-02  0.169000E-02    3       12
      5  0.71870000E-02  0.219700E-02    3       15
      6  0.10043100E-01  0.285610E-02    3       18
      7  0.13756029E-01  0.371293E-02    3       21
      8  0.18582838E-01  0.482681E-02    3       24
      9  0.24857688E-01  0.627485E-02    3       27
     10  0.33014994E-01  0.815731E-02    3       30
     11  0.43619491E-01  0.106045E-01    4       34
     12  0.54223988E-01  0.106045E-01    3       37
     13  0.68009833E-01  0.137858E-01    4       41
     14  0.81795679E-01  0.137858E-01    3       44
     15  0.99717278E-01  0.179216E-01    4       48
     16  0.11763888E+00  0.179216E-01    4       52
     17  0.13556047E+00  0.179216E-01    3       55
     18  0.15885855E+00  0.232981E-01    3       58
     19  0.18914605E+00  0.302875E-01    4       62
     20  0.21943355E+00  0.302875E-01    4       66
     21  0.24972105E+00  0.302875E-01    4       70
     22  0.28000855E+00  0.302875E-01    4       74
     23  0.31029605E+00  0.302875E-01    4       78
     24  0.34058354E+00  0.302875E-01    3       81
     25  0.37995729E+00  0.393737E-01    4       85
     26  0.41933104E+00  0.393737E-01    4       89
     27  0.45870479E+00  0.393737E-01    4       93
     28  0.49807854E+00  0.393737E-01    4       97
     29  0.53745228E+00  0.393737E-01    4      101
     30  0.57682603E+00  0.393737E-01    3      104
     31  0.62801190E+00  0.511859E-01    4      108
     32  0.67919777E+00  0.511859E-01    4      112
     33  0.73038364E+00  0.511859E-01    3      115
     34  0.79692526E+00  0.665416E-01    4      119
     35  0.86346689E+00  0.665416E-01    4      123
     36  0.93000852E+00  0.665416E-01    4      127
     37  0.99655015E+00  0.665416E-01    3      130
     38  0.10830543E+01  0.865041E-01    4      134
     39  0.11695584E+01  0.865041E-01    4      138
     40  0.12560625E+01  0.865041E-01    4      142
     41  0.13425666E+01  0.865041E-01    4      146
     42  0.14290707E+01  0.865041E-01    3      149
     43  0.15415260E+01  0.112455E+00    4      153
     44  0.16539814E+01  0.112455E+00    4      157
     45  0.17664367E+01  0.112455E+00    4      161
     46  0.18788920E+01  0.112455E+00    4      165
     47  0.19913474E+01  0.112455E+00    3      168
     48  0.21375393E+01  0.146192E+00    4      172
     49  0.22837313E+01  0.146192E+00    4      176
     50  0.24299232E+01  0.146192E+00    4      180
     51  0.25761151E+01  0.146192E+00    4      184
     52  0.27223071E+01  0.146192E+00    3      187
     53  0.29123566E+01  0.190050E+00    4      191
     54  0.31024061E+01  0.190050E+00    4      195
     55  0.32924556E+01  0.190050E+00    4      199
     56  0.34825051E+01  0.190050E+00    4      203
     57  0.36725547E+01  0.190050E+00    4      207
     58  0.38626042E+01  0.190050E+00    3      210
     59  0.41096685E+01  0.247064E+00    4      214
     60  0.43567329E+01  0.247064E+00    4      218
     61  0.46037972E+01  0.247064E+00    4      222
     62  0.48508616E+01  0.247064E+00    4      226
     63  0.50979259E+01  0.247064E+00    3      229
     64  0.54191096E+01  0.321184E+00    4      233
     65  0.57402932E+01  0.321184E+00    4      237
     66  0.60614769E+01  0.321184E+00    4      241
     67  0.63826605E+01  0.321184E+00    4      245
     68  0.67038442E+01  0.321184E+00    3      248
     69  0.71213829E+01  0.417539E+00    4      252
     70  0.75389217E+01  0.417539E+00    4      256
     71  0.79564604E+01  0.417539E+00    4      260
     72  0.83739991E+01  0.417539E+00    4      264
     73  0.87915378E+01  0.417539E+00    4      268
     74  0.92090766E+01  0.417539E+00    3      271
     75  0.97518769E+01  0.542800E+00    4      275
     76  0.10276689E+02  0.524812E+00    4      279
     77  0.10801502E+02  0.524812E+00    4      283
     78  0.11326314E+02  0.524812E+00    3      286
     79  0.12061051E+02  0.734737E+00    4      290
     80  0.12795788E+02  0.734737E+00    4      294
     81  0.13530526E+02  0.734737E+00    4      298
     82  0.14265263E+02  0.734737E+00    4      302
     83  0.15000000E+02  0.734737E+00    4      306
     84  0.15705640E+02  0.705640E+00    4      310
     85  0.16411281E+02  0.705640E+00    4      314
     86  0.17116921E+02  0.705640E+00    3      317
     87  0.18034254E+02  0.917332E+00    4      321
     88  0.18951586E+02  0.917332E+00    4      325
     89  0.19868919E+02  0.917332E+00    4      329
     90  0.20786251E+02  0.917332E+00    4      333
     91  0.21703583E+02  0.917332E+00    4      337
     92  0.22620916E+02  0.917332E+00    4      341
     93  0.23538248E+02  0.917332E+00    4      345
     94  0.24455581E+02  0.917332E+00    3      348
     95  0.25648113E+02  0.119253E+01    4      352
     96  0.26840645E+02  0.119253E+01    4      356
     97  0.28033177E+02  0.119253E+01    4      360
     98  0.29225710E+02  0.119253E+01    4      364
     99  0.30418242E+02  0.119253E+01    4      368
    100  0.31610774E+02  0.119253E+01    4      372
    101  0.32803306E+02  0.119253E+01    4      376
    102  0.33995838E+02  0.119253E+01    4      380
    103  0.35188371E+02  0.119253E+01    4      384
    104  0.36380903E+02  0.119253E+01    3      387
    105  0.37931194E+02  0.155029E+01    4      391
    106  0.39481486E+02  0.155029E+01    4      395
    107  0.41031778E+02  0.155029E+01    4      399
    108  0.42582070E+02  0.155029E+01    4      403
    109  0.44132362E+02  0.155029E+01    4      407
    110  0.45719125E+02  0.158676E+01    4      411
    111  0.47305889E+02  0.158676E+01    4      415
    112  0.48892653E+02  0.158676E+01    4      419
    113  0.50479417E+02  0.158676E+01    4      423
    114  0.52066181E+02  0.158676E+01    4      427
    115  0.53652945E+02  0.158676E+01    4      431
    116  0.55239708E+02  0.158676E+01    4      435
    117  0.56826472E+02  0.158676E+01    4      439
    118  0.58413236E+02  0.158676E+01    4      443
    119  0.60000000E+02  0.158676E+01    4      447
    120  0.61550292E+02  0.155029E+01    4      451
    121  0.63100584E+02  0.155029E+01    3      454
    122  0.65115963E+02  0.201538E+01    4      458
    123  0.67131342E+02  0.201538E+01    4      462
    124  0.69146721E+02  0.201538E+01    4      466
    125  0.71162100E+02  0.201538E+01    4      470
    126  0.73177480E+02  0.201538E+01    4      474
    127  0.75192859E+02  0.201538E+01    4      478
    128  0.77208238E+02  0.201538E+01    4      482
    129  0.79223617E+02  0.201538E+01    4      486
    130  0.81238996E+02  0.201538E+01    4      490
    131  0.83254376E+02  0.201538E+01    4      494
    132  0.85269755E+02  0.201538E+01    4      498
    133  0.87285134E+02  0.201538E+01    3      501
    134  0.89905127E+02  0.261999E+01    4      505
    135  0.92525119E+02  0.261999E+01    4      509
    136  0.95272607E+02  0.274749E+01    4      513
    137  0.98020095E+02  0.274749E+01    4      517
    138  0.10076758E+03  0.274749E+01    4      521
    139  0.10351507E+03  0.274749E+01    4      525
    140  0.10626256E+03  0.274749E+01    4      529
    141  0.10901005E+03  0.274749E+01    4      533
    142  0.11175754E+03  0.274749E+01    4      537
    143  0.11450502E+03  0.274749E+01    4      541
    144  0.11725251E+03  0.274749E+01    4      545
    145  0.12000000E+03  0.274749E+01    4      549
    146  0.12261999E+03  0.261999E+01    4      553
    147  0.12523999E+03  0.261999E+01    4      557
    148  0.12785998E+03  0.261999E+01    4      561
    149  0.13047997E+03  0.261999E+01    4      565
    150  0.13309996E+03  0.261999E+01    4      569
    151  0.13571996E+03  0.261999E+01    3      572
    152  0.13912595E+03  0.340599E+01    4      576
    153  0.14253194E+03  0.340599E+01    4      580
    154  0.14593793E+03  0.340599E+01    4      584
    155  0.14934413E+03  0.340621E+01    4      588
    156  0.15275034E+03  0.340621E+01    4      592
    157  0.15615655E+03  0.340621E+01    4      596
    158  0.15956276E+03  0.340621E+01    4      600
    159  0.16296896E+03  0.340621E+01    4      604
    160  0.16637517E+03  0.340621E+01    4      608
    161  0.16978138E+03  0.340621E+01    4      612
    162  0.17318759E+03  0.340621E+01    4      616
    163  0.17659379E+03  0.340621E+01    5      621
    164  0.18000000E+03  0.340621E+01    5      626
    165  0.18000100E+03  0.100000E-02    2      628
    166  0.18000230E+03  0.130000E-02    2      630
    167  0.18000399E+03  0.169000E-02    2      632
    168  0.18000619E+03  0.219700E-02    2      634
    169  0.18000904E+03  0.285610E-02    2      636
    170  0.18001276E+03  0.371293E-02    2      638
    171  0.18001758E+03  0.482681E-02    2      640
    172  0.18002386E+03  0.627485E-02    2      642
    173  0.18003202E+03  0.815731E-02    3      645
    174  0.18004262E+03  0.106045E-01    3      648
    175  0.18005641E+03  0.137858E-01    2      650
    176  0.18007433E+03  0.179216E-01    3      653
    177  0.18009763E+03  0.232981E-01    3      656
    178  0.18012791E+03  0.302875E-01    3      659
    179  0.18016729E+03  0.393737E-01    3      662
    180  0.18021847E+03  0.511859E-01    3      665
    181  0.18028501E+03  0.665416E-01    3      668
    182  0.18037152E+03  0.865041E-01    3      671
    183  0.18048397E+03  0.112455E+00    3      674
    184  0.18063017E+03  0.146192E+00    3      677
    185  0.18082021E+03  0.190050E+00    3      680
    186  0.18106728E+03  0.247064E+00    3      683
    187  0.18138846E+03  0.321184E+00    3      686
    188  0.18180600E+03  0.417539E+00    3      689
    189  0.18234880E+03  0.542800E+00    3      692
    190  0.18305444E+03  0.705640E+00    3      695
    191  0.18397177E+03  0.917332E+00    3      698
    192  0.18516431E+03  0.119253E+01    3      701
    193  0.18671460E+03  0.155029E+01    4      705
    194  0.18826489E+03  0.155029E+01    3      708
    195  0.19028027E+03  0.201538E+01    5      713
    196  0.19229565E+03  0.201538E+01    5      718
    197  0.19431103E+03  0.201538E+01    5      723
    198  0.19632641E+03  0.201538E+01    5      728
    199  0.19834179E+03  0.201538E+01    5      733
    200  0.20035717E+03  0.201538E+01    5      738
    201  0.20237254E+03  0.201538E+01    5      743
    202  0.20438792E+03  0.201538E+01    5      748
    203  0.20640330E+03  0.201538E+01    5      753
    204  0.20841868E+03  0.201538E+01   10      763
    205  0.20982945E+03  0.141077E+01    7      770
    206  0.21081698E+03  0.987536E+00    5      775
    207  0.21180452E+03  0.987536E+00    5      780
    208  0.21279205E+03  0.987536E+00    5      785
    209  0.21377959E+03  0.987536E+00    5      790
    210  0.21476713E+03  0.987536E+00    5      795
    211  0.21575466E+03  0.987536E+00    5      800
    212  0.21674220E+03  0.987536E+00    5      805
    213  0.21772973E+03  0.987536E+00    5      810
    214  0.21871727E+03  0.987536E+00    5      815
    215  0.21970481E+03  0.987536E+00    4      819
    216  0.22069234E+03  0.987536E+00    5      824
    217  0.22167988E+03  0.987536E+00    4      828
    218  0.22266741E+03  0.987536E+00    4      832
    219  0.22365495E+03  0.987536E+00    4      836
    220  0.22464248E+03  0.987536E+00    4      840
    221  0.22563002E+03  0.987536E+00    4      844
    222  0.22661756E+03  0.987536E+00    4      848
    223  0.22760509E+03  0.987536E+00    3      851
    224  0.22888889E+03  0.128380E+01    5      856
    225  0.23017268E+03  0.128380E+01    5      861
    226  0.23145648E+03  0.128380E+01    5      866
    227  0.23274028E+03  0.128380E+01    5      871
    228  0.23402407E+03  0.128380E+01    5      876
    229  0.23530787E+03  0.128380E+01    5      881
    230  0.23659167E+03  0.128380E+01    5      886
    231  0.23787546E+03  0.128380E+01    5      891
    232  0.23915926E+03  0.128380E+01    5      896
    233  0.24044306E+03  0.128380E+01    5      901
    234  0.24172685E+03  0.128380E+01    4      905
    235  0.24301065E+03  0.128380E+01    5      910
    236  0.24429445E+03  0.128380E+01    2      912
    237  0.24596338E+03  0.166894E+01    2      914
    238  0.24813300E+03  0.216962E+01    5      919
    239  0.25030261E+03  0.216962E+01    5      924
    240  0.25247223E+03  0.216962E+01    5      929
    241  0.25464184E+03  0.216962E+01    7      936
    242  0.25616057E+03  0.151873E+01    4      940
    243  0.25767931E+03  0.151873E+01    5      945
    244  0.25919804E+03  0.151873E+01    4      949
    245  0.26071677E+03  0.151873E+01    5      954
    246  0.26223550E+03  0.151873E+01    3      957
    247  0.26420985E+03  0.197435E+01    5      962
    248  0.26618420E+03  0.197435E+01    5      967
    249  0.26815855E+03  0.197435E+01    5      972
    250  0.27013290E+03  0.197435E+01    5      977
    251  0.27210725E+03  0.197435E+01    5      982
    252  0.27408160E+03  0.197435E+01    5      987
    253  0.27605595E+03  0.197435E+01    7      994
    254  0.27743800E+03  0.138205E+01    2      996
    255  0.27923465E+03  0.179666E+01    5     1001
    256  0.28103131E+03  0.179666E+01    5     1006
    257  0.28282797E+03  0.179666E+01    5     1011
    258  0.28462463E+03  0.179666E+01    5     1016
    259  0.28642129E+03  0.179666E+01    7     1023
    260  0.28767895E+03  0.125766E+01    2     1025
    261  0.28931391E+03  0.163496E+01    2     1027
    262  0.29143936E+03  0.212545E+01    2     1029
    263  0.29420244E+03  0.276308E+01    2     1031
    264  0.29779444E+03  0.359201E+01    3     1034
    265  0.30246405E+03  0.466961E+01    3     1037
    266  0.30885693E+03  0.639288E+01    3     1040
    267  0.31169821E+03  0.284128E+01    4     1054
    268  0.31453949E+03  0.284128E+01    2     1056
    269  0.31823316E+03  0.369367E+01    2     1058
    270  0.32287392E+03  0.464076E+01    3     1061
    271  0.32906160E+03  0.618768E+01    3     1064
    272  0.33163980E+03  0.257820E+01    4     1078
    273  0.33421800E+03  0.257820E+01    2     1080
    274  0.33744075E+03  0.322275E+01    2     1082
    275  0.34195260E+03  0.451185E+01    5     1087
    276  0.34345655E+03  0.150395E+01    3     1100
    277  0.34552448E+03  0.206793E+01    3     1103
    278  0.34793707E+03  0.241259E+01    3     1106
    279  0.35095280E+03  0.301573E+01    3     1109
    280  0.35547640E+03  0.452360E+01    3     1112
    281  0.36000000E+03  0.452360E+01    3     1115
    282  0.36558406E+03  0.558406E+01    3     1118
    283  0.36800382E+03  0.241976E+01    4     1132
    284  0.37042358E+03  0.241976E+01    3     1135
    285  0.37356927E+03  0.314569E+01    3     1138
    286  0.37765866E+03  0.408939E+01    3     1141
    287  0.38297487E+03  0.531621E+01    3     1144
    288  0.38527856E+03  0.230369E+01    2     1156
    289  0.38827336E+03  0.299480E+01    3     1159
    290  0.39216660E+03  0.389324E+01    3     1162
    291  0.39385367E+03  0.168707E+01    2     1174
    292  0.39604686E+03  0.219319E+01    2     1176
    293  0.39889800E+03  0.285115E+01    2     1178
    294  0.40260450E+03  0.370649E+01    2     1180
    295  0.40742293E+03  0.481844E+01    5     1185
    296  0.40902908E+03  0.160615E+01    4     1199
    297  0.41063523E+03  0.160615E+01    2     1201
    298  0.41272322E+03  0.208799E+01    2     1203
    299  0.41543760E+03  0.271439E+01    2     1205
    300  0.41896631E+03  0.352870E+01    2     1207
    301  0.42355362E+03  0.458731E+01    3     1210
    302  0.42951713E+03  0.596351E+01    3     1213
    303  0.43726969E+03  0.775256E+01    3     1216
    304  0.44734802E+03  0.100783E+02    3     1219
    305  0.46044984E+03  0.131018E+02    3     1222
    306  0.46612730E+03  0.567746E+01    4     1236
    307  0.47180475E+03  0.567746E+01    3     1239
    308  0.47918545E+03  0.738069E+01    3     1242
    309  0.48878035E+03  0.959490E+01    3     1245
    310  0.49293814E+03  0.415779E+01    4     1259
    311  0.49709593E+03  0.415779E+01    3     1262
    312  0.50250106E+03  0.540513E+01    3     1265
    313  0.50952773E+03  0.702667E+01    3     1268
    314  0.51866239E+03  0.913467E+01    3     1271
    315  0.52262075E+03  0.395835E+01    4     1285
    316  0.52657910E+03  0.395835E+01    3     1288
    317  0.53172496E+03  0.514586E+01    3     1291
    318  0.53841458E+03  0.668962E+01    3     1294
    319  0.54711109E+03  0.869650E+01    3     1297
    320  0.55087957E+03  0.376849E+01    3     1310
    321  0.55577860E+03  0.489903E+01    2     1312
    322  0.56214734E+03  0.636874E+01    5     1317
    323  0.56851608E+03  0.636874E+01    5     1322
    324  0.57063899E+03  0.212291E+01    3     1335
    325  0.57339878E+03  0.275979E+01    3     1338
    326  0.57698650E+03  0.358772E+01    3     1341
    327  0.58165054E+03  0.466404E+01    3     1344
    328  0.58771379E+03  0.606325E+01    3     1347
    329  0.59559602E+03  0.788223E+01    3     1350
    330  0.60584291E+03  0.102469E+02    3     1353
    331  0.61852703E+03  0.126841E+02    3     1356
    332  0.62040616E+03  0.187913E+01    2     1378
    333  0.62284903E+03  0.244287E+01    2     1380
    334  0.62602476E+03  0.317573E+01    2     1382
    335  0.63015320E+03  0.412845E+01    2     1384
    336  0.63552018E+03  0.536698E+01    2     1386
    337  0.64249726E+03  0.697707E+01    3     1389
    338  0.65110867E+03  0.861142E+01    3     1392
    339  0.66259056E+03  0.114819E+02    2     1394
    340  0.67694292E+03  0.143524E+02    5     1399
    341  0.68172704E+03  0.478412E+01    2     1411
    342  0.68810587E+03  0.637883E+01    2     1413
    343  0.69607940E+03  0.797353E+01    2     1415
    344  0.70803970E+03  0.119603E+02    2     1417
    345  0.72000000E+03  0.119603E+02    3     1420
    346  0.73366392E+03  0.136639E+02    3     1423
    347  0.75142702E+03  0.177631E+02    3     1426
    348  0.77451905E+03  0.230920E+02    3     1429
    349  0.78452560E+03  0.100065E+02    4     1443
    350  0.79453214E+03  0.100065E+02    3     1446
    351  0.80754065E+03  0.130085E+02    3     1449
    352  0.82445172E+03  0.169111E+02    3     1452
    353  0.84643610E+03  0.219844E+02    3     1455
    354  0.85596266E+03  0.952656E+01    4     1469
    355  0.86548923E+03  0.952656E+01    3     1472
    356  0.87787376E+03  0.123845E+02    3     1475
    357  0.89397365E+03  0.160999E+02    3     1478
    358  0.91490351E+03  0.209299E+02    3     1481
    359  0.92397312E+03  0.906961E+01    4     1495
    360  0.93304273E+03  0.906961E+01    3     1498
    361  0.94483321E+03  0.117905E+02    3     1501
    362  0.96016085E+03  0.153276E+02    3     1504
    363  0.98008677E+03  0.199259E+02    3     1507
    364  0.98872134E+03  0.863457E+01    2     1519
    365  0.99994627E+03  0.112249E+02    3     1522
    366  0.10145387E+04  0.145924E+02    3     1525
    367  0.10335088E+04  0.189701E+02    3     1528
    368  0.10417292E+04  0.822039E+01    2     1540
    369  0.10524157E+04  0.106865E+02    3     1543
    370  0.10663082E+04  0.138925E+02    3     1546
    371  0.10843684E+04  0.180602E+02    3     1549
    372  0.11078467E+04  0.234783E+02    3     1552
    373  0.11383684E+04  0.305217E+02    3     1555
    374  0.11509364E+04  0.125680E+02    4     1569
    375  0.11635044E+04  0.125680E+02    5     1574
    376  0.11760724E+04  0.125680E+02    7     1581
    377  0.11848699E+04  0.879759E+01    2     1583
    378  0.11963068E+04  0.114369E+02    2     1585
    379  0.12111747E+04  0.148679E+02    3     1588
    380  0.12305030E+04  0.193283E+02    3     1591
    381  0.12566901E+04  0.261871E+02    2     1593
    382  0.12872418E+04  0.305516E+02    3     1596
    383  0.13254313E+04  0.381896E+02    3     1599
    384  0.13827157E+04  0.572843E+02    3     1602
    385  0.14400000E+04  0.572843E+02    3     1605
end
