 FileVersion=0003
 Welcome to HYDRUS                                                       
 
 Program HYDRUS2
 Date:   6. 2.2018    Time:  15: 0:30
 Time dependent boundary conditions
 Vertical plane flow, V = L*L
 Units: L = cm   , T = min  , M = mmol 
 
 All fluxes (v) are positive out of the region (except infiltration)
       Time         rAtm         rRoot        vAtm         vRoot       vKode3       vKode1       vSeep        vDrain       vBottom      vKode7       vKode8       vKode9       RunOff       Evapor       Infiltr     SnowLayer
        [T]        [L/T]         [L/T]       [L/T]         [L/T]        [V/T]        [V/T]       [V/T]         [V/T]        [V/T]         [V/T]        [V/T]       [V/T]         [L/T]        [L/T]        [L/T]         [L]

        0.0010  0.00000E+00  0.27778E-03  0.00000E+00  0.00000E+00 -0.29327E+01  0.00000E+00  0.00000E+00  0.00000E+00  0.66908E+00  0.00000E+00  0.00000E+00  0.00000E+00  0.00000E+00  0.00000E+00  0.00000E+00  0.00000E+00
        0.0020  0.00000E+00  0.27778E-03  0.00000E+00  0.00000E+00 -0.29327E+01  0.00000E+00  0.00000E+00  0.00000E+00  0.66906E+00  0.00000E+00  0.00000E+00  0.00000E+00  0.00000E+00  0.00000E+00  0.00000E+00  0.00000E+00
        0.0033  0.00000E+00  0.27778E-03  0.00000E+00  0.00000E+00 -0.29327E+01  0.00000E+00  0.00000E+00  0.00000E+00  0.66906E+00  0.00000E+00  0.00000E+00  0.00000E+00  0.00000E+00  0.00000E+00  0.00000E+00  0.00000E+00
        0.0050  0.00000E+00  0.27778E-03  0.00000E+00  0.00000E+00 -0.29327E+01  0.00000E+00  0.00000E+00  0.00000E+00  0.66906E+00  0.00000E+00  0.00000E+00  0.00000E+00  0.00000E+00  0.00000E+00  0.00000E+00  0.00000E+00
        0.0072  0.00000E+00  0.27778E-03  0.00000E+00  0.00000E+00 -0.29327E+01  0.00000E+00  0.00000E+00  0.00000E+00  0.66906E+00  0.00000E+00  0.00000E+00  0.00000E+00  0.00000E+00  0.00000E+00  0.00000E+00  0.00000E+00
        0.0100  0.00000E+00  0.27778E-03  0.00000E+00  0.00000E+00 -0.29327E+01  0.00000E+00  0.00000E+00  0.00000E+00  0.66906E+00  0.00000E+00  0.00000E+00  0.00000E+00  0.00000E+00  0.00000E+00  0.00000E+00  0.00000E+00
        0.0138  0.00000E+00  0.27778E-03  0.00000E+00  0.00000E+00 -0.29327E+01  0.00000E+00  0.00000E+00  0.00000E+00  0.66906E+00  0.00000E+00  0.00000E+00  0.00000E+00  0.00000E+00  0.00000E+00  0.00000E+00  0.00000E+00
        0.0186  0.00000E+00  0.27778E-03  0.00000E+00  0.00000E+00 -0.29327E+01  0.00000E+00  0.00000E+00  0.00000E+00  0.66906E+00  0.00000E+00  0.00000E+00  0.00000E+00  0.00000E+00  0.00000E+00  0.00000E+00  0.00000E+00
        0.0249  0.00000E+00  0.27778E-03  0.00000E+00  0.00000E+00 -0.29327E+01  0.00000E+00  0.00000E+00  0.00000E+00  0.66906E+00  0.00000E+00  0.00000E+00  0.00000E+00  0.00000E+00  0.00000E+00  0.00000E+00  0.00000E+00
        0.0330  0.00000E+00  0.27778E-03  0.00000E+00  0.00000E+00 -0.29327E+01  0.00000E+00  0.00000E+00  0.00000E+00  0.66906E+00  0.00000E+00  0.00000E+00  0.00000E+00  0.00000E+00  0.00000E+00  0.00000E+00  0.00000E+00
        0.0436  0.00000E+00  0.27778E-03  0.00000E+00  0.00000E+00 -0.29327E+01  0.00000E+00  0.00000E+00  0.00000E+00  0.66906E+00  0.00000E+00  0.00000E+00  0.00000E+00  0.00000E+00  0.00000E+00  0.00000E+00  0.00000E+00
        0.0542  0.00000E+00  0.27778E-03  0.00000E+00  0.00000E+00 -0.29327E+01  0.00000E+00  0.00000E+00  0.00000E+00  0.66906E+00  0.00000E+00  0.00000E+00  0.00000E+00  0.00000E+00  0.00000E+00  0.00000E+00  0.00000E+00
        0.0680  0.00000E+00  0.27778E-03  0.00000E+00  0.00000E+00 -0.29327E+01  0.00000E+00  0.00000E+00  0.00000E+00  0.66906E+00  0.00000E+00  0.00000E+00  0.00000E+00  0.00000E+00  0.00000E+00  0.00000E+00  0.00000E+00
        0.0818  0.00000E+00  0.27778E-03  0.00000E+00  0.00000E+00 -0.29327E+01  0.00000E+00  0.00000E+00  0.00000E+00  0.66906E+00  0.00000E+00  0.00000E+00  0.00000E+00  0.00000E+00  0.00000E+00  0.00000E+00  0.00000E+00
        0.0997  0.00000E+00  0.27778E-03  0.00000E+00  0.00000E+00 -0.29327E+01  0.00000E+00  0.00000E+00  0.00000E+00  0.66906E+00  0.00000E+00  0.00000E+00  0.00000E+00  0.00000E+00  0.00000E+00  0.00000E+00  0.00000E+00
        0.1176  0.00000E+00  0.27778E-03  0.00000E+00  0.00000E+00 -0.29327E+01  0.00000E+00  0.00000E+00  0.00000E+00  0.66906E+00  0.00000E+00  0.00000E+00  0.00000E+00  0.00000E+00  0.00000E+00  0.00000E+00  0.00000E+00
        0.1356  0.00000E+00  0.27778E-03  0.00000E+00  0.00000E+00 -0.29327E+01  0.00000E+00  0.00000E+00  0.00000E+00  0.66906E+00  0.00000E+00  0.00000E+00  0.00000E+00  0.00000E+00  0.00000E+00  0.00000E+00  0.00000E+00
        0.1589  0.00000E+00  0.27778E-03  0.00000E+00  0.00000E+00 -0.29327E+01  0.00000E+00  0.00000E+00  0.00000E+00  0.66906E+00  0.00000E+00  0.00000E+00  0.00000E+00  0.00000E+00  0.00000E+00  0.00000E+00  0.00000E+00
        0.1891  0.00000E+00  0.27778E-03  0.00000E+00  0.00000E+00 -0.29327E+01  0.00000E+00  0.00000E+00  0.00000E+00  0.66906E+00  0.00000E+00  0.00000E+00  0.00000E+00  0.00000E+00  0.00000E+00  0.00000E+00  0.00000E+00
        0.2194  0.00000E+00  0.27778E-03  0.00000E+00  0.00000E+00 -0.29327E+01  0.00000E+00  0.00000E+00  0.00000E+00  0.66906E+00  0.00000E+00  0.00000E+00  0.00000E+00  0.00000E+00  0.00000E+00  0.00000E+00  0.00000E+00
        0.2497  0.00000E+00  0.27778E-03  0.00000E+00  0.00000E+00 -0.29327E+01  0.00000E+00  0.00000E+00  0.00000E+00  0.66906E+00  0.00000E+00  0.00000E+00  0.00000E+00  0.00000E+00  0.00000E+00  0.00000E+00  0.00000E+00
        0.2800  0.00000E+00  0.27778E-03  0.00000E+00  0.00000E+00 -0.29327E+01  0.00000E+00  0.00000E+00  0.00000E+00  0.66906E+00  0.00000E+00  0.00000E+00  0.00000E+00  0.00000E+00  0.00000E+00  0.00000E+00  0.00000E+00
        0.3103  0.00000E+00  0.27778E-03  0.00000E+00  0.00000E+00 -0.29327E+01  0.00000E+00  0.00000E+00  0.00000E+00  0.66906E+00  0.00000E+00  0.00000E+00  0.00000E+00  0.00000E+00  0.00000E+00  0.00000E+00  0.00000E+00
        0.3406  0.00000E+00  0.27778E-03  0.00000E+00  0.00000E+00 -0.29327E+01  0.00000E+00  0.00000E+00  0.00000E+00  0.66906E+00  0.00000E+00  0.00000E+00  0.00000E+00  0.00000E+00  0.00000E+00  0.00000E+00  0.00000E+00
        0.3800  0.00000E+00  0.27778E-03  0.00000E+00  0.00000E+00 -0.29327E+01  0.00000E+00  0.00000E+00  0.00000E+00  0.66906E+00  0.00000E+00  0.00000E+00  0.00000E+00  0.00000E+00  0.00000E+00  0.00000E+00  0.00000E+00
        0.4193  0.00000E+00  0.27778E-03  0.00000E+00  0.00000E+00 -0.29327E+01  0.00000E+00  0.00000E+00  0.00000E+00  0.66906E+00  0.00000E+00  0.00000E+00  0.00000E+00  0.00000E+00  0.00000E+00  0.00000E+00  0.00000E+00
        0.4587  0.00000E+00  0.27778E-03  0.00000E+00  0.00000E+00 -0.29327E+01  0.00000E+00  0.00000E+00  0.00000E+00  0.66906E+00  0.00000E+00  0.00000E+00  0.00000E+00  0.00000E+00  0.00000E+00  0.00000E+00  0.00000E+00
        0.4981  0.00000E+00  0.27778E-03  0.00000E+00  0.00000E+00 -0.29327E+01  0.00000E+00  0.00000E+00  0.00000E+00  0.66906E+00  0.00000E+00  0.00000E+00  0.00000E+00  0.00000E+00  0.00000E+00  0.00000E+00  0.00000E+00
        0.5375  0.00000E+00  0.27778E-03  0.00000E+00  0.00000E+00 -0.29327E+01  0.00000E+00  0.00000E+00  0.00000E+00  0.66906E+00  0.00000E+00  0.00000E+00  0.00000E+00  0.00000E+00  0.00000E+00  0.00000E+00  0.00000E+00
        0.5768  0.00000E+00  0.27778E-03  0.00000E+00  0.00000E+00 -0.29327E+01  0.00000E+00  0.00000E+00  0.00000E+00  0.66906E+00  0.00000E+00  0.00000E+00  0.00000E+00  0.00000E+00  0.00000E+00  0.00000E+00  0.00000E+00
        0.6280  0.00000E+00  0.27778E-03  0.00000E+00  0.00000E+00 -0.29327E+01  0.00000E+00  0.00000E+00  0.00000E+00  0.66906E+00  0.00000E+00  0.00000E+00  0.00000E+00  0.00000E+00  0.00000E+00  0.00000E+00  0.00000E+00
        0.6792  0.00000E+00  0.27778E-03  0.00000E+00  0.00000E+00 -0.29327E+01  0.00000E+00  0.00000E+00  0.00000E+00  0.66906E+00  0.00000E+00  0.00000E+00  0.00000E+00  0.00000E+00  0.00000E+00  0.00000E+00  0.00000E+00
        0.7304  0.00000E+00  0.27778E-03  0.00000E+00  0.00000E+00 -0.29327E+01  0.00000E+00  0.00000E+00  0.00000E+00  0.66906E+00  0.00000E+00  0.00000E+00  0.00000E+00  0.00000E+00  0.00000E+00  0.00000E+00  0.00000E+00
        0.7969  0.00000E+00  0.27778E-03  0.00000E+00  0.00000E+00 -0.29327E+01  0.00000E+00  0.00000E+00  0.00000E+00  0.66906E+00  0.00000E+00  0.00000E+00  0.00000E+00  0.00000E+00  0.00000E+00  0.00000E+00  0.00000E+00
        0.8635  0.00000E+00  0.27778E-03  0.00000E+00  0.00000E+00 -0.29327E+01  0.00000E+00  0.00000E+00  0.00000E+00  0.66906E+00  0.00000E+00  0.00000E+00  0.00000E+00  0.00000E+00  0.00000E+00  0.00000E+00  0.00000E+00
        0.9300  0.00000E+00  0.27778E-03  0.00000E+00  0.00000E+00 -0.29327E+01  0.00000E+00  0.00000E+00  0.00000E+00  0.66906E+00  0.00000E+00  0.00000E+00  0.00000E+00  0.00000E+00  0.00000E+00  0.00000E+00  0.00000E+00
        0.9966  0.00000E+00  0.27778E-03  0.00000E+00  0.00000E+00 -0.29327E+01  0.00000E+00  0.00000E+00  0.00000E+00  0.66906E+00  0.00000E+00  0.00000E+00  0.00000E+00  0.00000E+00  0.00000E+00  0.00000E+00  0.00000E+00
        1.0831  0.00000E+00  0.27778E-03  0.00000E+00  0.00000E+00 -0.29327E+01  0.00000E+00  0.00000E+00  0.00000E+00  0.66906E+00  0.00000E+00  0.00000E+00  0.00000E+00  0.00000E+00  0.00000E+00  0.00000E+00  0.00000E+00
        1.1696  0.00000E+00  0.27778E-03  0.00000E+00  0.00000E+00 -0.29327E+01  0.00000E+00  0.00000E+00  0.00000E+00  0.66906E+00  0.00000E+00  0.00000E+00  0.00000E+00  0.00000E+00  0.00000E+00  0.00000E+00  0.00000E+00
        1.2561  0.00000E+00  0.27778E-03  0.00000E+00  0.00000E+00 -0.29327E+01  0.00000E+00  0.00000E+00  0.00000E+00  0.66906E+00  0.00000E+00  0.00000E+00  0.00000E+00  0.00000E+00  0.00000E+00  0.00000E+00  0.00000E+00
        1.3426  0.00000E+00  0.27778E-03  0.00000E+00  0.00000E+00 -0.29327E+01  0.00000E+00  0.00000E+00  0.00000E+00  0.66906E+00  0.00000E+00  0.00000E+00  0.00000E+00  0.00000E+00  0.00000E+00  0.00000E+00  0.00000E+00
        1.4291  0.00000E+00  0.27778E-03  0.00000E+00  0.00000E+00 -0.29327E+01  0.00000E+00  0.00000E+00  0.00000E+00  0.66907E+00  0.00000E+00  0.00000E+00  0.00000E+00  0.00000E+00  0.00000E+00  0.00000E+00  0.00000E+00
        1.5415  0.00000E+00  0.27778E-03  0.00000E+00  0.00000E+00 -0.29327E+01  0.00000E+00  0.00000E+00  0.00000E+00  0.66907E+00  0.00000E+00  0.00000E+00  0.00000E+00  0.00000E+00  0.00000E+00  0.00000E+00  0.00000E+00
        1.6540  0.00000E+00  0.27778E-03  0.00000E+00  0.00000E+00 -0.29327E+01  0.00000E+00  0.00000E+00  0.00000E+00  0.66907E+00  0.00000E+00  0.00000E+00  0.00000E+00  0.00000E+00  0.00000E+00  0.00000E+00  0.00000E+00
        1.7664  0.00000E+00  0.27778E-03  0.00000E+00  0.00000E+00 -0.29327E+01  0.00000E+00  0.00000E+00  0.00000E+00  0.66907E+00  0.00000E+00  0.00000E+00  0.00000E+00  0.00000E+00  0.00000E+00  0.00000E+00  0.00000E+00
        1.8789  0.00000E+00  0.27778E-03  0.00000E+00  0.00000E+00 -0.29327E+01  0.00000E+00  0.00000E+00  0.00000E+00  0.66907E+00  0.00000E+00  0.00000E+00  0.00000E+00  0.00000E+00  0.00000E+00  0.00000E+00  0.00000E+00
        1.9913  0.00000E+00  0.27778E-03  0.00000E+00  0.00000E+00 -0.29327E+01  0.00000E+00  0.00000E+00  0.00000E+00  0.66907E+00  0.00000E+00  0.00000E+00  0.00000E+00  0.00000E+00  0.00000E+00  0.00000E+00  0.00000E+00
        2.1375  0.00000E+00  0.27778E-03  0.00000E+00  0.00000E+00 -0.29327E+01  0.00000E+00  0.00000E+00  0.00000E+00  0.66907E+00  0.00000E+00  0.00000E+00  0.00000E+00  0.00000E+00  0.00000E+00  0.00000E+00  0.00000E+00
        2.2837  0.00000E+00  0.27778E-03  0.00000E+00  0.00000E+00 -0.29327E+01  0.00000E+00  0.00000E+00  0.00000E+00  0.66907E+00  0.00000E+00  0.00000E+00  0.00000E+00  0.00000E+00  0.00000E+00  0.00000E+00  0.00000E+00
        2.4299  0.00000E+00  0.27778E-03  0.00000E+00  0.00000E+00 -0.29327E+01  0.00000E+00  0.00000E+00  0.00000E+00  0.66907E+00  0.00000E+00  0.00000E+00  0.00000E+00  0.00000E+00  0.00000E+00  0.00000E+00  0.00000E+00
        2.5761  0.00000E+00  0.27778E-03  0.00000E+00  0.00000E+00 -0.29327E+01  0.00000E+00  0.00000E+00  0.00000E+00  0.66907E+00  0.00000E+00  0.00000E+00  0.00000E+00  0.00000E+00  0.00000E+00  0.00000E+00  0.00000E+00
        2.7223  0.00000E+00  0.27778E-03  0.00000E+00  0.00000E+00 -0.29327E+01  0.00000E+00  0.00000E+00  0.00000E+00  0.66907E+00  0.00000E+00  0.00000E+00  0.00000E+00  0.00000E+00  0.00000E+00  0.00000E+00  0.00000E+00
        2.9124  0.00000E+00  0.27778E-03  0.00000E+00  0.00000E+00 -0.29327E+01  0.00000E+00  0.00000E+00  0.00000E+00  0.66907E+00  0.00000E+00  0.00000E+00  0.00000E+00  0.00000E+00  0.00000E+00  0.00000E+00  0.00000E+00
        3.1024  0.00000E+00  0.27778E-03  0.00000E+00  0.00000E+00 -0.29327E+01  0.00000E+00  0.00000E+00  0.00000E+00  0.66907E+00  0.00000E+00  0.00000E+00  0.00000E+00  0.00000E+00  0.00000E+00  0.00000E+00  0.00000E+00
        3.2925  0.00000E+00  0.27778E-03  0.00000E+00  0.00000E+00 -0.29327E+01  0.00000E+00  0.00000E+00  0.00000E+00  0.66907E+00  0.00000E+00  0.00000E+00  0.00000E+00  0.00000E+00  0.00000E+00  0.00000E+00  0.00000E+00
        3.4825  0.00000E+00  0.27778E-03  0.00000E+00  0.00000E+00 -0.29327E+01  0.00000E+00  0.00000E+00  0.00000E+00  0.66907E+00  0.00000E+00  0.00000E+00  0.00000E+00  0.00000E+00  0.00000E+00  0.00000E+00  0.00000E+00
        3.6726  0.00000E+00  0.27778E-03  0.00000E+00  0.00000E+00 -0.29327E+01  0.00000E+00  0.00000E+00  0.00000E+00  0.66907E+00  0.00000E+00  0.00000E+00  0.00000E+00  0.00000E+00  0.00000E+00  0.00000E+00  0.00000E+00
        3.8626  0.00000E+00  0.27778E-03  0.00000E+00  0.00000E+00 -0.29327E+01  0.00000E+00  0.00000E+00  0.00000E+00  0.66907E+00  0.00000E+00  0.00000E+00  0.00000E+00  0.00000E+00  0.00000E+00  0.00000E+00  0.00000E+00
        4.1097  0.00000E+00  0.27778E-03  0.00000E+00  0.00000E+00 -0.29327E+01  0.00000E+00  0.00000E+00  0.00000E+00  0.66907E+00  0.00000E+00  0.00000E+00  0.00000E+00  0.00000E+00  0.00000E+00  0.00000E+00  0.00000E+00
        4.3567  0.00000E+00  0.27778E-03  0.00000E+00  0.00000E+00 -0.29327E+01  0.00000E+00  0.00000E+00  0.00000E+00  0.66907E+00  0.00000E+00  0.00000E+00  0.00000E+00  0.00000E+00  0.00000E+00  0.00000E+00  0.00000E+00
        4.6038  0.00000E+00  0.27778E-03  0.00000E+00  0.00000E+00 -0.29327E+01  0.00000E+00  0.00000E+00  0.00000E+00  0.66907E+00  0.00000E+00  0.00000E+00  0.00000E+00  0.00000E+00  0.00000E+00  0.00000E+00  0.00000E+00
        4.8509  0.00000E+00  0.27778E-03  0.00000E+00  0.00000E+00 -0.29327E+01  0.00000E+00  0.00000E+00  0.00000E+00  0.66907E+00  0.00000E+00  0.00000E+00  0.00000E+00  0.00000E+00  0.00000E+00  0.00000E+00  0.00000E+00
        5.0979  0.00000E+00  0.27778E-03  0.00000E+00  0.00000E+00 -0.29327E+01  0.00000E+00  0.00000E+00  0.00000E+00  0.66907E+00  0.00000E+00  0.00000E+00  0.00000E+00  0.00000E+00  0.00000E+00  0.00000E+00  0.00000E+00
        5.4191  0.00000E+00  0.27778E-03  0.00000E+00  0.00000E+00 -0.29327E+01  0.00000E+00  0.00000E+00  0.00000E+00  0.66907E+00  0.00000E+00  0.00000E+00  0.00000E+00  0.00000E+00  0.00000E+00  0.00000E+00  0.00000E+00
        5.7403  0.00000E+00  0.27778E-03  0.00000E+00  0.00000E+00 -0.29327E+01  0.00000E+00  0.00000E+00  0.00000E+00  0.66907E+00  0.00000E+00  0.00000E+00  0.00000E+00  0.00000E+00  0.00000E+00  0.00000E+00  0.00000E+00
        6.0615  0.00000E+00  0.27778E-03  0.00000E+00  0.00000E+00 -0.29327E+01  0.00000E+00  0.00000E+00  0.00000E+00  0.66908E+00  0.00000E+00  0.00000E+00  0.00000E+00  0.00000E+00  0.00000E+00  0.00000E+00  0.00000E+00
        6.3827  0.00000E+00  0.27778E-03  0.00000E+00  0.00000E+00 -0.29327E+01  0.00000E+00  0.00000E+00  0.00000E+00  0.66908E+00  0.00000E+00  0.00000E+00  0.00000E+00  0.00000E+00  0.00000E+00  0.00000E+00  0.00000E+00
        6.7038  0.00000E+00  0.27778E-03  0.00000E+00  0.00000E+00 -0.29327E+01  0.00000E+00  0.00000E+00  0.00000E+00  0.66908E+00  0.00000E+00  0.00000E+00  0.00000E+00  0.00000E+00  0.00000E+00  0.00000E+00  0.00000E+00
        7.1214  0.00000E+00  0.27778E-03  0.00000E+00  0.00000E+00 -0.29327E+01  0.00000E+00  0.00000E+00  0.00000E+00  0.66908E+00  0.00000E+00  0.00000E+00  0.00000E+00  0.00000E+00  0.00000E+00  0.00000E+00  0.00000E+00
        7.5389  0.00000E+00  0.27778E-03  0.00000E+00  0.00000E+00 -0.29327E+01  0.00000E+00  0.00000E+00  0.00000E+00  0.66908E+00  0.00000E+00  0.00000E+00  0.00000E+00  0.00000E+00  0.00000E+00  0.00000E+00  0.00000E+00
        7.9565  0.00000E+00  0.27778E-03  0.00000E+00  0.00000E+00 -0.29327E+01  0.00000E+00  0.00000E+00  0.00000E+00  0.66908E+00  0.00000E+00  0.00000E+00  0.00000E+00  0.00000E+00  0.00000E+00  0.00000E+00  0.00000E+00
        8.3740  0.00000E+00  0.27778E-03  0.00000E+00  0.00000E+00 -0.29327E+01  0.00000E+00  0.00000E+00  0.00000E+00  0.66908E+00  0.00000E+00  0.00000E+00  0.00000E+00  0.00000E+00  0.00000E+00  0.00000E+00  0.00000E+00
        8.7915  0.00000E+00  0.27778E-03  0.00000E+00  0.00000E+00 -0.29327E+01  0.00000E+00  0.00000E+00  0.00000E+00  0.66908E+00  0.00000E+00  0.00000E+00  0.00000E+00  0.00000E+00  0.00000E+00  0.00000E+00  0.00000E+00
        9.2091  0.00000E+00  0.27778E-03  0.00000E+00  0.00000E+00 -0.29327E+01  0.00000E+00  0.00000E+00  0.00000E+00  0.66908E+00  0.00000E+00  0.00000E+00  0.00000E+00  0.00000E+00  0.00000E+00  0.00000E+00  0.00000E+00
        9.7519  0.00000E+00  0.27778E-03  0.00000E+00  0.00000E+00 -0.29327E+01  0.00000E+00  0.00000E+00  0.00000E+00  0.66908E+00  0.00000E+00  0.00000E+00  0.00000E+00  0.00000E+00  0.00000E+00  0.00000E+00  0.00000E+00
       10.2767  0.00000E+00  0.27778E-03  0.00000E+00  0.00000E+00 -0.29327E+01  0.00000E+00  0.00000E+00  0.00000E+00  0.66908E+00  0.00000E+00  0.00000E+00  0.00000E+00  0.00000E+00  0.00000E+00  0.00000E+00  0.00000E+00
       10.8015  0.00000E+00  0.27778E-03  0.00000E+00  0.00000E+00 -0.29327E+01  0.00000E+00  0.00000E+00  0.00000E+00  0.66908E+00  0.00000E+00  0.00000E+00  0.00000E+00  0.00000E+00  0.00000E+00  0.00000E+00  0.00000E+00
       11.3263  0.00000E+00  0.27778E-03  0.00000E+00  0.00000E+00 -0.29327E+01  0.00000E+00  0.00000E+00  0.00000E+00  0.66908E+00  0.00000E+00  0.00000E+00  0.00000E+00  0.00000E+00  0.00000E+00  0.00000E+00  0.00000E+00
       12.0611  0.00000E+00  0.27778E-03  0.00000E+00  0.00000E+00 -0.29327E+01  0.00000E+00  0.00000E+00  0.00000E+00  0.66908E+00  0.00000E+00  0.00000E+00  0.00000E+00  0.00000E+00  0.00000E+00  0.00000E+00  0.00000E+00
       12.7958  0.00000E+00  0.27778E-03  0.00000E+00  0.00000E+00 -0.29327E+01  0.00000E+00  0.00000E+00  0.00000E+00  0.66908E+00  0.00000E+00  0.00000E+00  0.00000E+00  0.00000E+00  0.00000E+00  0.00000E+00  0.00000E+00
       13.5305  0.00000E+00  0.27778E-03  0.00000E+00  0.00000E+00 -0.29327E+01  0.00000E+00  0.00000E+00  0.00000E+00  0.66908E+00  0.00000E+00  0.00000E+00  0.00000E+00  0.00000E+00  0.00000E+00  0.00000E+00  0.00000E+00
       14.2653  0.00000E+00  0.27778E-03  0.00000E+00  0.00000E+00 -0.29327E+01  0.00000E+00  0.00000E+00  0.00000E+00  0.66908E+00  0.00000E+00  0.00000E+00  0.00000E+00  0.00000E+00  0.00000E+00  0.00000E+00  0.00000E+00
       15.0000  0.00000E+00  0.27778E-03  0.00000E+00  0.00000E+00 -0.29327E+01  0.00000E+00  0.00000E+00  0.00000E+00  0.66908E+00  0.00000E+00  0.00000E+00  0.00000E+00  0.00000E+00  0.00000E+00  0.00000E+00  0.00000E+00
       15.7056  0.00000E+00  0.27778E-03  0.00000E+00  0.00000E+00 -0.29327E+01  0.00000E+00  0.00000E+00  0.00000E+00  0.66908E+00  0.00000E+00  0.00000E+00  0.00000E+00  0.00000E+00  0.00000E+00  0.00000E+00  0.00000E+00
       16.4113  0.00000E+00  0.27778E-03  0.00000E+00  0.00000E+00 -0.29327E+01  0.00000E+00  0.00000E+00  0.00000E+00  0.66908E+00  0.00000E+00  0.00000E+00  0.00000E+00  0.00000E+00  0.00000E+00  0.00000E+00  0.00000E+00
       17.1169  0.00000E+00  0.27778E-03  0.00000E+00  0.00000E+00 -0.29327E+01  0.00000E+00  0.00000E+00  0.00000E+00  0.66908E+00  0.00000E+00  0.00000E+00  0.00000E+00  0.00000E+00  0.00000E+00  0.00000E+00  0.00000E+00
       18.0343  0.00000E+00  0.27778E-03  0.00000E+00  0.00000E+00 -0.29327E+01  0.00000E+00  0.00000E+00  0.00000E+00  0.66908E+00  0.00000E+00  0.00000E+00  0.00000E+00  0.00000E+00  0.00000E+00  0.00000E+00  0.00000E+00
       18.9516  0.00000E+00  0.27778E-03  0.00000E+00  0.00000E+00 -0.29327E+01  0.00000E+00  0.00000E+00  0.00000E+00  0.66908E+00  0.00000E+00  0.00000E+00  0.00000E+00  0.00000E+00  0.00000E+00  0.00000E+00  0.00000E+00
       19.8689  0.00000E+00  0.27778E-03  0.00000E+00  0.00000E+00 -0.29327E+01  0.00000E+00  0.00000E+00  0.00000E+00  0.66908E+00  0.00000E+00  0.00000E+00  0.00000E+00  0.00000E+00  0.00000E+00  0.00000E+00  0.00000E+00
       20.7863  0.00000E+00  0.27778E-03  0.00000E+00  0.00000E+00 -0.29327E+01  0.00000E+00  0.00000E+00  0.00000E+00  0.66908E+00  0.00000E+00  0.00000E+00  0.00000E+00  0.00000E+00  0.00000E+00  0.00000E+00  0.00000E+00
       21.7036  0.00000E+00  0.27778E-03  0.00000E+00  0.00000E+00 -0.29327E+01  0.00000E+00  0.00000E+00  0.00000E+00  0.66908E+00  0.00000E+00  0.00000E+00  0.00000E+00  0.00000E+00  0.00000E+00  0.00000E+00  0.00000E+00
       22.6209  0.00000E+00  0.27778E-03  0.00000E+00  0.00000E+00 -0.29327E+01  0.00000E+00  0.00000E+00  0.00000E+00  0.66908E+00  0.00000E+00  0.00000E+00  0.00000E+00  0.00000E+00  0.00000E+00  0.00000E+00  0.00000E+00
       23.5382  0.00000E+00  0.27778E-03  0.00000E+00  0.00000E+00 -0.29327E+01  0.00000E+00  0.00000E+00  0.00000E+00  0.66908E+00  0.00000E+00  0.00000E+00  0.00000E+00  0.00000E+00  0.00000E+00  0.00000E+00  0.00000E+00
       24.4556  0.00000E+00  0.27778E-03  0.00000E+00  0.00000E+00 -0.29327E+01  0.00000E+00  0.00000E+00  0.00000E+00  0.66908E+00  0.00000E+00  0.00000E+00  0.00000E+00  0.00000E+00  0.00000E+00  0.00000E+00  0.00000E+00
       25.6481  0.00000E+00  0.27778E-03  0.00000E+00  0.00000E+00 -0.29327E+01  0.00000E+00  0.00000E+00  0.00000E+00  0.66908E+00  0.00000E+00  0.00000E+00  0.00000E+00  0.00000E+00  0.00000E+00  0.00000E+00  0.00000E+00
       26.8406  0.00000E+00  0.27778E-03  0.00000E+00  0.00000E+00 -0.29327E+01  0.00000E+00  0.00000E+00  0.00000E+00  0.66908E+00  0.00000E+00  0.00000E+00  0.00000E+00  0.00000E+00  0.00000E+00  0.00000E+00  0.00000E+00
       28.0332  0.00000E+00  0.27778E-03  0.00000E+00  0.00000E+00 -0.29327E+01  0.00000E+00  0.00000E+00  0.00000E+00  0.66908E+00  0.00000E+00  0.00000E+00  0.00000E+00  0.00000E+00  0.00000E+00  0.00000E+00  0.00000E+00
       29.2257  0.00000E+00  0.27778E-03  0.00000E+00  0.00000E+00 -0.29327E+01  0.00000E+00  0.00000E+00  0.00000E+00  0.66908E+00  0.00000E+00  0.00000E+00  0.00000E+00  0.00000E+00  0.00000E+00  0.00000E+00  0.00000E+00
       30.4182  0.00000E+00  0.27778E-03  0.00000E+00  0.00000E+00 -0.29327E+01  0.00000E+00  0.00000E+00  0.00000E+00  0.66908E+00  0.00000E+00  0.00000E+00  0.00000E+00  0.00000E+00  0.00000E+00  0.00000E+00  0.00000E+00
       31.6108  0.00000E+00  0.27778E-03  0.00000E+00  0.00000E+00 -0.29327E+01  0.00000E+00  0.00000E+00  0.00000E+00  0.66908E+00  0.00000E+00  0.00000E+00  0.00000E+00  0.00000E+00  0.00000E+00  0.00000E+00  0.00000E+00
       32.8033  0.00000E+00  0.27778E-03  0.00000E+00  0.00000E+00 -0.29327E+01  0.00000E+00  0.00000E+00  0.00000E+00  0.66908E+00  0.00000E+00  0.00000E+00  0.00000E+00  0.00000E+00  0.00000E+00  0.00000E+00  0.00000E+00
       33.9958  0.00000E+00  0.27778E-03  0.00000E+00  0.00000E+00 -0.29327E+01  0.00000E+00  0.00000E+00  0.00000E+00  0.66908E+00  0.00000E+00  0.00000E+00  0.00000E+00  0.00000E+00  0.00000E+00  0.00000E+00  0.00000E+00
       35.1884  0.00000E+00  0.27778E-03  0.00000E+00  0.00000E+00 -0.29327E+01  0.00000E+00  0.00000E+00  0.00000E+00  0.66908E+00  0.00000E+00  0.00000E+00  0.00000E+00  0.00000E+00  0.00000E+00  0.00000E+00  0.00000E+00
       36.3809  0.00000E+00  0.27778E-03  0.00000E+00  0.00000E+00 -0.29327E+01  0.00000E+00  0.00000E+00  0.00000E+00  0.66908E+00  0.00000E+00  0.00000E+00  0.00000E+00  0.00000E+00  0.00000E+00  0.00000E+00  0.00000E+00
       37.9312  0.00000E+00  0.27778E-03  0.00000E+00  0.00000E+00 -0.29327E+01  0.00000E+00  0.00000E+00  0.00000E+00  0.66908E+00  0.00000E+00  0.00000E+00  0.00000E+00  0.00000E+00  0.00000E+00  0.00000E+00  0.00000E+00
       39.4815  0.00000E+00  0.27778E-03  0.00000E+00  0.00000E+00 -0.29327E+01  0.00000E+00  0.00000E+00  0.00000E+00  0.66908E+00  0.00000E+00  0.00000E+00  0.00000E+00  0.00000E+00  0.00000E+00  0.00000E+00  0.00000E+00
       41.0318  0.00000E+00  0.27778E-03  0.00000E+00  0.00000E+00 -0.29327E+01  0.00000E+00  0.00000E+00  0.00000E+00  0.66908E+00  0.00000E+00  0.00000E+00  0.00000E+00  0.00000E+00  0.00000E+00  0.00000E+00  0.00000E+00
       42.5821  0.00000E+00  0.27778E-03  0.00000E+00  0.00000E+00 -0.29327E+01  0.00000E+00  0.00000E+00  0.00000E+00  0.66908E+00  0.00000E+00  0.00000E+00  0.00000E+00  0.00000E+00  0.00000E+00  0.00000E+00  0.00000E+00
       44.1324  0.00000E+00  0.27778E-03  0.00000E+00  0.00000E+00 -0.29327E+01  0.00000E+00  0.00000E+00  0.00000E+00  0.66908E+00  0.00000E+00  0.00000E+00  0.00000E+00  0.00000E+00  0.00000E+00  0.00000E+00  0.00000E+00
       45.7191  0.00000E+00  0.27778E-03  0.00000E+00  0.00000E+00 -0.29327E+01  0.00000E+00  0.00000E+00  0.00000E+00  0.66908E+00  0.00000E+00  0.00000E+00  0.00000E+00  0.00000E+00  0.00000E+00  0.00000E+00  0.00000E+00
       47.3059  0.00000E+00  0.27778E-03  0.00000E+00  0.00000E+00 -0.29327E+01  0.00000E+00  0.00000E+00  0.00000E+00  0.66908E+00  0.00000E+00  0.00000E+00  0.00000E+00  0.00000E+00  0.00000E+00  0.00000E+00  0.00000E+00
       48.8927  0.00000E+00  0.27778E-03  0.00000E+00  0.00000E+00 -0.29327E+01  0.00000E+00  0.00000E+00  0.00000E+00  0.66908E+00  0.00000E+00  0.00000E+00  0.00000E+00  0.00000E+00  0.00000E+00  0.00000E+00  0.00000E+00
       50.4794  0.00000E+00  0.27778E-03  0.00000E+00  0.00000E+00 -0.29327E+01  0.00000E+00  0.00000E+00  0.00000E+00  0.66908E+00  0.00000E+00  0.00000E+00  0.00000E+00  0.00000E+00  0.00000E+00  0.00000E+00  0.00000E+00
       52.0662  0.00000E+00  0.27778E-03  0.00000E+00  0.00000E+00 -0.29327E+01  0.00000E+00  0.00000E+00  0.00000E+00  0.66908E+00  0.00000E+00  0.00000E+00  0.00000E+00  0.00000E+00  0.00000E+00  0.00000E+00  0.00000E+00
       53.6529  0.00000E+00  0.27778E-03  0.00000E+00  0.00000E+00 -0.29327E+01  0.00000E+00  0.00000E+00  0.00000E+00  0.66908E+00  0.00000E+00  0.00000E+00  0.00000E+00  0.00000E+00  0.00000E+00  0.00000E+00  0.00000E+00
       55.2397  0.00000E+00  0.27778E-03  0.00000E+00  0.00000E+00 -0.29327E+01  0.00000E+00  0.00000E+00  0.00000E+00  0.66908E+00  0.00000E+00  0.00000E+00  0.00000E+00  0.00000E+00  0.00000E+00  0.00000E+00  0.00000E+00
       56.8265  0.00000E+00  0.27778E-03  0.00000E+00  0.00000E+00 -0.29327E+01  0.00000E+00  0.00000E+00  0.00000E+00  0.66908E+00  0.00000E+00  0.00000E+00  0.00000E+00  0.00000E+00  0.00000E+00  0.00000E+00  0.00000E+00
       58.4132  0.00000E+00  0.27778E-03  0.00000E+00  0.00000E+00 -0.29327E+01  0.00000E+00  0.00000E+00  0.00000E+00  0.66908E+00  0.00000E+00  0.00000E+00  0.00000E+00  0.00000E+00  0.00000E+00  0.00000E+00  0.00000E+00
       60.0000  0.00000E+00  0.27778E-03  0.00000E+00  0.00000E+00 -0.29327E+01  0.00000E+00  0.00000E+00  0.00000E+00  0.66908E+00  0.00000E+00  0.00000E+00  0.00000E+00  0.00000E+00  0.00000E+00  0.00000E+00  0.00000E+00
       61.5503  0.00000E+00  0.27778E-03  0.00000E+00  0.00000E+00 -0.29327E+01  0.00000E+00  0.00000E+00  0.00000E+00  0.66908E+00  0.00000E+00  0.00000E+00  0.00000E+00  0.00000E+00  0.00000E+00  0.00000E+00  0.00000E+00
       63.1006  0.00000E+00  0.27778E-03  0.00000E+00  0.00000E+00 -0.29327E+01  0.00000E+00  0.00000E+00  0.00000E+00  0.66908E+00  0.00000E+00  0.00000E+00  0.00000E+00  0.00000E+00  0.00000E+00  0.00000E+00  0.00000E+00
       65.1160  0.00000E+00  0.27778E-03  0.00000E+00  0.00000E+00 -0.29327E+01  0.00000E+00  0.00000E+00  0.00000E+00  0.66908E+00  0.00000E+00  0.00000E+00  0.00000E+00  0.00000E+00  0.00000E+00  0.00000E+00  0.00000E+00
       67.1313  0.00000E+00  0.27778E-03  0.00000E+00  0.00000E+00 -0.29327E+01  0.00000E+00  0.00000E+00  0.00000E+00  0.66908E+00  0.00000E+00  0.00000E+00  0.00000E+00  0.00000E+00  0.00000E+00  0.00000E+00  0.00000E+00
       69.1467  0.00000E+00  0.27778E-03  0.00000E+00  0.00000E+00 -0.29327E+01  0.00000E+00  0.00000E+00  0.00000E+00  0.66908E+00  0.00000E+00  0.00000E+00  0.00000E+00  0.00000E+00  0.00000E+00  0.00000E+00  0.00000E+00
       71.1621  0.00000E+00  0.27778E-03  0.00000E+00  0.00000E+00 -0.29327E+01  0.00000E+00  0.00000E+00  0.00000E+00  0.66908E+00  0.00000E+00  0.00000E+00  0.00000E+00  0.00000E+00  0.00000E+00  0.00000E+00  0.00000E+00
       73.1775  0.00000E+00  0.27778E-03  0.00000E+00  0.00000E+00 -0.29327E+01  0.00000E+00  0.00000E+00  0.00000E+00  0.66908E+00  0.00000E+00  0.00000E+00  0.00000E+00  0.00000E+00  0.00000E+00  0.00000E+00  0.00000E+00
       75.1929  0.00000E+00  0.27778E-03  0.00000E+00  0.00000E+00 -0.29327E+01  0.00000E+00  0.00000E+00  0.00000E+00  0.66908E+00  0.00000E+00  0.00000E+00  0.00000E+00  0.00000E+00  0.00000E+00  0.00000E+00  0.00000E+00
       77.2082  0.00000E+00  0.27778E-03  0.00000E+00  0.00000E+00 -0.29327E+01  0.00000E+00  0.00000E+00  0.00000E+00  0.66908E+00  0.00000E+00  0.00000E+00  0.00000E+00  0.00000E+00  0.00000E+00  0.00000E+00  0.00000E+00
       79.2236  0.00000E+00  0.27778E-03  0.00000E+00  0.00000E+00 -0.29327E+01  0.00000E+00  0.00000E+00  0.00000E+00  0.66908E+00  0.00000E+00  0.00000E+00  0.00000E+00  0.00000E+00  0.00000E+00  0.00000E+00  0.00000E+00
       81.2390  0.00000E+00  0.27778E-03  0.00000E+00  0.00000E+00 -0.29327E+01  0.00000E+00  0.00000E+00  0.00000E+00  0.66908E+00  0.00000E+00  0.00000E+00  0.00000E+00  0.00000E+00  0.00000E+00  0.00000E+00  0.00000E+00
       83.2544  0.00000E+00  0.27778E-03  0.00000E+00  0.00000E+00 -0.29327E+01  0.00000E+00  0.00000E+00  0.00000E+00  0.66908E+00  0.00000E+00  0.00000E+00  0.00000E+00  0.00000E+00  0.00000E+00  0.00000E+00  0.00000E+00
       85.2698  0.00000E+00  0.27778E-03  0.00000E+00  0.00000E+00 -0.29327E+01  0.00000E+00  0.00000E+00  0.00000E+00  0.66908E+00  0.00000E+00  0.00000E+00  0.00000E+00  0.00000E+00  0.00000E+00  0.00000E+00  0.00000E+00
       87.2851  0.00000E+00  0.27778E-03  0.00000E+00  0.00000E+00 -0.29327E+01  0.00000E+00  0.00000E+00  0.00000E+00  0.66908E+00  0.00000E+00  0.00000E+00  0.00000E+00  0.00000E+00  0.00000E+00  0.00000E+00  0.00000E+00
       89.9051  0.00000E+00  0.27778E-03  0.00000E+00  0.00000E+00 -0.29327E+01  0.00000E+00  0.00000E+00  0.00000E+00  0.66908E+00  0.00000E+00  0.00000E+00  0.00000E+00  0.00000E+00  0.00000E+00  0.00000E+00  0.00000E+00
       92.5251  0.00000E+00  0.27778E-03  0.00000E+00  0.00000E+00 -0.29327E+01  0.00000E+00  0.00000E+00  0.00000E+00  0.66908E+00  0.00000E+00  0.00000E+00  0.00000E+00  0.00000E+00  0.00000E+00  0.00000E+00  0.00000E+00
       95.2726  0.00000E+00  0.27778E-03  0.00000E+00  0.00000E+00 -0.29327E+01  0.00000E+00  0.00000E+00  0.00000E+00  0.66908E+00  0.00000E+00  0.00000E+00  0.00000E+00  0.00000E+00  0.00000E+00  0.00000E+00  0.00000E+00
       98.0201  0.00000E+00  0.27778E-03  0.00000E+00  0.00000E+00 -0.29327E+01  0.00000E+00  0.00000E+00  0.00000E+00  0.66908E+00  0.00000E+00  0.00000E+00  0.00000E+00  0.00000E+00  0.00000E+00  0.00000E+00  0.00000E+00
      100.7676  0.00000E+00  0.27778E-03  0.00000E+00  0.00000E+00 -0.29327E+01  0.00000E+00  0.00000E+00  0.00000E+00  0.66908E+00  0.00000E+00  0.00000E+00  0.00000E+00  0.00000E+00  0.00000E+00  0.00000E+00  0.00000E+00
      103.5151  0.00000E+00  0.27778E-03  0.00000E+00  0.00000E+00 -0.29327E+01  0.00000E+00  0.00000E+00  0.00000E+00  0.66908E+00  0.00000E+00  0.00000E+00  0.00000E+00  0.00000E+00  0.00000E+00  0.00000E+00  0.00000E+00
      106.2626  0.00000E+00  0.27778E-03  0.00000E+00  0.00000E+00 -0.29327E+01  0.00000E+00  0.00000E+00  0.00000E+00  0.66908E+00  0.00000E+00  0.00000E+00  0.00000E+00  0.00000E+00  0.00000E+00  0.00000E+00  0.00000E+00
      109.0100  0.00000E+00  0.27778E-03  0.00000E+00  0.00000E+00 -0.29327E+01  0.00000E+00  0.00000E+00  0.00000E+00  0.66908E+00  0.00000E+00  0.00000E+00  0.00000E+00  0.00000E+00  0.00000E+00  0.00000E+00  0.00000E+00
      111.7575  0.00000E+00  0.27778E-03  0.00000E+00  0.00000E+00 -0.29327E+01  0.00000E+00  0.00000E+00  0.00000E+00  0.66908E+00  0.00000E+00  0.00000E+00  0.00000E+00  0.00000E+00  0.00000E+00  0.00000E+00  0.00000E+00
      114.5050  0.00000E+00  0.27778E-03  0.00000E+00  0.00000E+00 -0.29327E+01  0.00000E+00  0.00000E+00  0.00000E+00  0.66908E+00  0.00000E+00  0.00000E+00  0.00000E+00  0.00000E+00  0.00000E+00  0.00000E+00  0.00000E+00
      117.2525  0.00000E+00  0.27778E-03  0.00000E+00  0.00000E+00 -0.29327E+01  0.00000E+00  0.00000E+00  0.00000E+00  0.66908E+00  0.00000E+00  0.00000E+00  0.00000E+00  0.00000E+00  0.00000E+00  0.00000E+00  0.00000E+00
      120.0000  0.00000E+00  0.27778E-03  0.00000E+00  0.00000E+00 -0.29327E+01  0.00000E+00  0.00000E+00  0.00000E+00  0.66908E+00  0.00000E+00  0.00000E+00  0.00000E+00  0.00000E+00  0.00000E+00  0.00000E+00  0.00000E+00
      122.6200  0.00000E+00  0.27778E-03  0.00000E+00  0.00000E+00 -0.29327E+01  0.00000E+00  0.00000E+00  0.00000E+00  0.66909E+00  0.00000E+00  0.00000E+00  0.00000E+00  0.00000E+00  0.00000E+00  0.00000E+00  0.00000E+00
      125.2400  0.00000E+00  0.27778E-03  0.00000E+00  0.00000E+00 -0.29327E+01  0.00000E+00  0.00000E+00  0.00000E+00  0.66909E+00  0.00000E+00  0.00000E+00  0.00000E+00  0.00000E+00  0.00000E+00  0.00000E+00  0.00000E+00
      127.8600  0.00000E+00  0.27778E-03  0.00000E+00  0.00000E+00 -0.29327E+01  0.00000E+00  0.00000E+00  0.00000E+00  0.66909E+00  0.00000E+00  0.00000E+00  0.00000E+00  0.00000E+00  0.00000E+00  0.00000E+00  0.00000E+00
      130.4800  0.00000E+00  0.27778E-03  0.00000E+00  0.00000E+00 -0.29327E+01  0.00000E+00  0.00000E+00  0.00000E+00  0.66910E+00  0.00000E+00  0.00000E+00  0.00000E+00  0.00000E+00  0.00000E+00  0.00000E+00  0.00000E+00
      133.1000  0.00000E+00  0.27778E-03  0.00000E+00  0.00000E+00 -0.29327E+01  0.00000E+00  0.00000E+00  0.00000E+00  0.66910E+00  0.00000E+00  0.00000E+00  0.00000E+00  0.00000E+00  0.00000E+00  0.00000E+00  0.00000E+00
      135.7200  0.00000E+00  0.27778E-03  0.00000E+00  0.00000E+00 -0.29327E+01  0.00000E+00  0.00000E+00  0.00000E+00  0.66912E+00  0.00000E+00  0.00000E+00  0.00000E+00  0.00000E+00  0.00000E+00  0.00000E+00  0.00000E+00
      139.1259  0.00000E+00  0.27778E-03  0.00000E+00  0.00000E+00 -0.29327E+01  0.00000E+00  0.00000E+00  0.00000E+00  0.66915E+00  0.00000E+00  0.00000E+00  0.00000E+00  0.00000E+00  0.00000E+00  0.00000E+00  0.00000E+00
      142.5319  0.00000E+00  0.27778E-03  0.00000E+00  0.00000E+00 -0.29327E+01  0.00000E+00  0.00000E+00  0.00000E+00  0.66922E+00  0.00000E+00  0.00000E+00  0.00000E+00  0.00000E+00  0.00000E+00  0.00000E+00  0.00000E+00
      145.9379  0.00000E+00  0.27778E-03  0.00000E+00  0.00000E+00 -0.29327E+01  0.00000E+00  0.00000E+00  0.00000E+00  0.66933E+00  0.00000E+00  0.00000E+00  0.00000E+00  0.00000E+00  0.00000E+00  0.00000E+00  0.00000E+00
      149.3441  0.00000E+00  0.27778E-03  0.00000E+00  0.00000E+00 -0.29327E+01  0.00000E+00  0.00000E+00  0.00000E+00  0.66954E+00  0.00000E+00  0.00000E+00  0.00000E+00  0.00000E+00  0.00000E+00  0.00000E+00  0.00000E+00
      152.7503  0.00000E+00  0.27778E-03  0.00000E+00  0.00000E+00 -0.29327E+01  0.00000E+00  0.00000E+00  0.00000E+00  0.66988E+00  0.00000E+00  0.00000E+00  0.00000E+00  0.00000E+00  0.00000E+00  0.00000E+00  0.00000E+00
      156.1565  0.00000E+00  0.27778E-03  0.00000E+00  0.00000E+00 -0.29327E+01  0.00000E+00  0.00000E+00  0.00000E+00  0.67046E+00  0.00000E+00  0.00000E+00  0.00000E+00  0.00000E+00  0.00000E+00  0.00000E+00  0.00000E+00
      159.5628  0.00000E+00  0.27778E-03  0.00000E+00  0.00000E+00 -0.29327E+01  0.00000E+00  0.00000E+00  0.00000E+00  0.67140E+00  0.00000E+00  0.00000E+00  0.00000E+00  0.00000E+00  0.00000E+00  0.00000E+00  0.00000E+00
      162.9690  0.00000E+00  0.27778E-03  0.00000E+00  0.00000E+00 -0.29327E+01  0.00000E+00  0.00000E+00  0.00000E+00  0.67290E+00  0.00000E+00  0.00000E+00  0.00000E+00  0.00000E+00  0.00000E+00  0.00000E+00  0.00000E+00
      166.3752  0.00000E+00  0.27778E-03  0.00000E+00  0.00000E+00 -0.29327E+01  0.00000E+00  0.00000E+00  0.00000E+00  0.67526E+00  0.00000E+00  0.00000E+00  0.00000E+00  0.00000E+00  0.00000E+00  0.00000E+00  0.00000E+00
      169.7814  0.00000E+00  0.27778E-03  0.00000E+00  0.00000E+00 -0.29327E+01  0.00000E+00  0.00000E+00  0.00000E+00  0.67887E+00  0.00000E+00  0.00000E+00  0.00000E+00  0.00000E+00  0.00000E+00  0.00000E+00  0.00000E+00
      173.1876  0.00000E+00  0.27778E-03  0.00000E+00  0.00000E+00 -0.29327E+01  0.00000E+00  0.00000E+00  0.00000E+00  0.68429E+00  0.00000E+00  0.00000E+00  0.00000E+00  0.00000E+00  0.00000E+00  0.00000E+00  0.00000E+00
      176.5938  0.00000E+00  0.27778E-03  0.00000E+00  0.00000E+00 -0.29327E+01  0.00000E+00  0.00000E+00  0.00000E+00  0.68843E+00  0.00000E+00  0.00000E+00  0.00000E+00  0.00000E+00  0.00000E+00  0.00000E+00  0.00000E+00
      180.0000  0.00000E+00  0.27778E-03  0.00000E+00  0.00000E+00 -0.29327E+01  0.00000E+00  0.00000E+00  0.00000E+00  0.69605E+00  0.00000E+00  0.00000E+00  0.00000E+00  0.00000E+00  0.00000E+00  0.00000E+00  0.00000E+00
      180.0010  0.00000E+00  0.27778E-03  0.00000E+00  0.00000E+00  0.00000E+00  0.00000E+00  0.00000E+00  0.00000E+00  0.69562E+00  0.00000E+00  0.00000E+00  0.00000E+00  0.00000E+00  0.00000E+00  0.00000E+00  0.00000E+00
      180.0023  0.00000E+00  0.27778E-03  0.00000E+00  0.00000E+00  0.00000E+00  0.00000E+00  0.00000E+00  0.00000E+00  0.69557E+00  0.00000E+00  0.00000E+00  0.00000E+00  0.00000E+00  0.00000E+00  0.00000E+00  0.00000E+00
      180.0040  0.00000E+00  0.27778E-03  0.00000E+00  0.00000E+00  0.00000E+00  0.00000E+00  0.00000E+00  0.00000E+00  0.69557E+00  0.00000E+00  0.00000E+00  0.00000E+00  0.00000E+00  0.00000E+00  0.00000E+00  0.00000E+00
      180.0062  0.00000E+00  0.27778E-03  0.00000E+00  0.00000E+00  0.00000E+00  0.00000E+00  0.00000E+00  0.00000E+00  0.69558E+00  0.00000E+00  0.00000E+00  0.00000E+00  0.00000E+00  0.00000E+00  0.00000E+00  0.00000E+00
      180.0090  0.00000E+00  0.27778E-03  0.00000E+00  0.00000E+00  0.00000E+00  0.00000E+00  0.00000E+00  0.00000E+00  0.69559E+00  0.00000E+00  0.00000E+00  0.00000E+00  0.00000E+00  0.00000E+00  0.00000E+00  0.00000E+00
      180.0128  0.00000E+00  0.27778E-03  0.00000E+00  0.00000E+00  0.00000E+00  0.00000E+00  0.00000E+00  0.00000E+00  0.69560E+00  0.00000E+00  0.00000E+00  0.00000E+00  0.00000E+00  0.00000E+00  0.00000E+00  0.00000E+00
      180.0176  0.00000E+00  0.27778E-03  0.00000E+00  0.00000E+00  0.00000E+00  0.00000E+00  0.00000E+00  0.00000E+00  0.69562E+00  0.00000E+00  0.00000E+00  0.00000E+00  0.00000E+00  0.00000E+00  0.00000E+00  0.00000E+00
      180.0239  0.00000E+00  0.27778E-03  0.00000E+00  0.00000E+00  0.00000E+00  0.00000E+00  0.00000E+00  0.00000E+00  0.69564E+00  0.00000E+00  0.00000E+00  0.00000E+00  0.00000E+00  0.00000E+00  0.00000E+00  0.00000E+00
      180.0320  0.00000E+00  0.27778E-03  0.00000E+00  0.00000E+00  0.00000E+00  0.00000E+00  0.00000E+00  0.00000E+00  0.69567E+00  0.00000E+00  0.00000E+00  0.00000E+00  0.00000E+00  0.00000E+00  0.00000E+00  0.00000E+00
      180.0426  0.00000E+00  0.27778E-03  0.00000E+00  0.00000E+00  0.00000E+00  0.00000E+00  0.00000E+00  0.00000E+00  0.69571E+00  0.00000E+00  0.00000E+00  0.00000E+00  0.00000E+00  0.00000E+00  0.00000E+00  0.00000E+00
      180.0564  0.00000E+00  0.27778E-03  0.00000E+00  0.00000E+00  0.00000E+00  0.00000E+00  0.00000E+00  0.00000E+00  0.69576E+00  0.00000E+00  0.00000E+00  0.00000E+00  0.00000E+00  0.00000E+00  0.00000E+00  0.00000E+00
      180.0743  0.00000E+00  0.27778E-03  0.00000E+00  0.00000E+00  0.00000E+00  0.00000E+00  0.00000E+00  0.00000E+00  0.69582E+00  0.00000E+00  0.00000E+00  0.00000E+00  0.00000E+00  0.00000E+00  0.00000E+00  0.00000E+00
      180.0976  0.00000E+00  0.27778E-03  0.00000E+00  0.00000E+00  0.00000E+00  0.00000E+00  0.00000E+00  0.00000E+00  0.69590E+00  0.00000E+00  0.00000E+00  0.00000E+00  0.00000E+00  0.00000E+00  0.00000E+00  0.00000E+00
      180.1279  0.00000E+00  0.27778E-03  0.00000E+00  0.00000E+00  0.00000E+00  0.00000E+00  0.00000E+00  0.00000E+00  0.69600E+00  0.00000E+00  0.00000E+00  0.00000E+00  0.00000E+00  0.00000E+00  0.00000E+00  0.00000E+00
      180.1673  0.00000E+00  0.27778E-03  0.00000E+00  0.00000E+00  0.00000E+00  0.00000E+00  0.00000E+00  0.00000E+00  0.69614E+00  0.00000E+00  0.00000E+00  0.00000E+00  0.00000E+00  0.00000E+00  0.00000E+00  0.00000E+00
      180.2185  0.00000E+00  0.27778E-03  0.00000E+00  0.00000E+00  0.00000E+00  0.00000E+00  0.00000E+00  0.00000E+00  0.69631E+00  0.00000E+00  0.00000E+00  0.00000E+00  0.00000E+00  0.00000E+00  0.00000E+00  0.00000E+00
      180.2850  0.00000E+00  0.27778E-03  0.00000E+00  0.00000E+00  0.00000E+00  0.00000E+00  0.00000E+00  0.00000E+00  0.69654E+00  0.00000E+00  0.00000E+00  0.00000E+00  0.00000E+00  0.00000E+00  0.00000E+00  0.00000E+00
      180.3715  0.00000E+00  0.27778E-03  0.00000E+00  0.00000E+00  0.00000E+00  0.00000E+00  0.00000E+00  0.00000E+00  0.69684E+00  0.00000E+00  0.00000E+00  0.00000E+00  0.00000E+00  0.00000E+00  0.00000E+00  0.00000E+00
      180.4840  0.00000E+00  0.27778E-03  0.00000E+00  0.00000E+00  0.00000E+00  0.00000E+00  0.00000E+00  0.00000E+00  0.69724E+00  0.00000E+00  0.00000E+00  0.00000E+00  0.00000E+00  0.00000E+00  0.00000E+00  0.00000E+00
      180.6302  0.00000E+00  0.27778E-03  0.00000E+00  0.00000E+00  0.00000E+00  0.00000E+00  0.00000E+00  0.00000E+00  0.69776E+00  0.00000E+00  0.00000E+00  0.00000E+00  0.00000E+00  0.00000E+00  0.00000E+00  0.00000E+00
      180.8202  0.00000E+00  0.27778E-03  0.00000E+00  0.00000E+00  0.00000E+00  0.00000E+00  0.00000E+00  0.00000E+00  0.69845E+00  0.00000E+00  0.00000E+00  0.00000E+00  0.00000E+00  0.00000E+00  0.00000E+00  0.00000E+00
      181.0673  0.00000E+00  0.27778E-03  0.00000E+00  0.00000E+00  0.00000E+00  0.00000E+00  0.00000E+00  0.00000E+00  0.69938E+00  0.00000E+00  0.00000E+00  0.00000E+00  0.00000E+00  0.00000E+00  0.00000E+00  0.00000E+00
      181.3885  0.00000E+00  0.27778E-03  0.00000E+00  0.00000E+00  0.00000E+00  0.00000E+00  0.00000E+00  0.00000E+00  0.70064E+00  0.00000E+00  0.00000E+00  0.00000E+00  0.00000E+00  0.00000E+00  0.00000E+00  0.00000E+00
      181.8060  0.00000E+00  0.27778E-03  0.00000E+00  0.00000E+00  0.00000E+00  0.00000E+00  0.00000E+00  0.00000E+00  0.70235E+00  0.00000E+00  0.00000E+00  0.00000E+00  0.00000E+00  0.00000E+00  0.00000E+00  0.00000E+00
      182.3488  0.00000E+00  0.27778E-03  0.00000E+00  0.00000E+00  0.00000E+00  0.00000E+00  0.00000E+00  0.00000E+00  0.70470E+00  0.00000E+00  0.00000E+00  0.00000E+00  0.00000E+00  0.00000E+00  0.00000E+00  0.00000E+00
      183.0544  0.00000E+00  0.27778E-03  0.00000E+00  0.00000E+00  0.00000E+00  0.00000E+00  0.00000E+00  0.00000E+00  0.70802E+00  0.00000E+00  0.00000E+00  0.00000E+00  0.00000E+00  0.00000E+00  0.00000E+00  0.00000E+00
      183.9718  0.00000E+00  0.27778E-03  0.00000E+00  0.00000E+00  0.00000E+00  0.00000E+00  0.00000E+00  0.00000E+00  0.71277E+00  0.00000E+00  0.00000E+00  0.00000E+00  0.00000E+00  0.00000E+00  0.00000E+00  0.00000E+00
      185.1643  0.00000E+00  0.27778E-03  0.00000E+00  0.00000E+00  0.00000E+00  0.00000E+00  0.00000E+00  0.00000E+00  0.71977E+00  0.00000E+00  0.00000E+00  0.00000E+00  0.00000E+00  0.00000E+00  0.00000E+00  0.00000E+00
      186.7146  0.00000E+00  0.27778E-03  0.00000E+00  0.00000E+00  0.00000E+00  0.00000E+00  0.00000E+00  0.00000E+00  0.72865E+00  0.00000E+00  0.00000E+00  0.00000E+00  0.00000E+00  0.00000E+00  0.00000E+00  0.00000E+00
      188.2649  0.00000E+00  0.27778E-03  0.00000E+00  0.00000E+00  0.00000E+00  0.00000E+00  0.00000E+00  0.00000E+00  0.74052E+00  0.00000E+00  0.00000E+00  0.00000E+00  0.00000E+00  0.00000E+00  0.00000E+00  0.00000E+00
      190.2803  0.00000E+00  0.27778E-03  0.00000E+00  0.00000E+00  0.00000E+00  0.00000E+00  0.00000E+00  0.00000E+00  0.75343E+00  0.00000E+00  0.00000E+00  0.00000E+00  0.00000E+00  0.00000E+00  0.00000E+00  0.00000E+00
      192.2956  0.00000E+00  0.27778E-03  0.00000E+00  0.00000E+00  0.00000E+00  0.00000E+00  0.00000E+00  0.00000E+00  0.76973E+00  0.00000E+00  0.00000E+00  0.00000E+00  0.00000E+00  0.00000E+00  0.00000E+00  0.00000E+00
      194.3110  0.00000E+00  0.27778E-03  0.00000E+00  0.00000E+00  0.00000E+00  0.00000E+00  0.00000E+00  0.00000E+00  0.78993E+00  0.00000E+00  0.00000E+00  0.00000E+00  0.00000E+00  0.00000E+00  0.00000E+00  0.00000E+00
      196.3264  0.00000E+00  0.27778E-03  0.00000E+00  0.00000E+00  0.00000E+00  0.00000E+00  0.00000E+00  0.00000E+00  0.81436E+00  0.00000E+00  0.00000E+00  0.00000E+00  0.00000E+00  0.00000E+00  0.00000E+00  0.00000E+00
      198.3418  0.00000E+00  0.27778E-03  0.00000E+00  0.00000E+00  0.00000E+00  0.00000E+00  0.00000E+00  0.00000E+00  0.84341E+00  0.00000E+00  0.00000E+00  0.00000E+00  0.00000E+00  0.00000E+00  0.00000E+00  0.00000E+00
      200.3572  0.00000E+00  0.27778E-03  0.00000E+00  0.00000E+00  0.00000E+00  0.00000E+00  0.00000E+00  0.00000E+00  0.87743E+00  0.00000E+00  0.00000E+00  0.00000E+00  0.00000E+00  0.00000E+00  0.00000E+00  0.00000E+00
      202.3725  0.00000E+00  0.27778E-03  0.00000E+00  0.00000E+00  0.00000E+00  0.00000E+00  0.00000E+00  0.00000E+00  0.91684E+00  0.00000E+00  0.00000E+00  0.00000E+00  0.00000E+00  0.00000E+00  0.00000E+00  0.00000E+00
      204.3879  0.00000E+00  0.27778E-03  0.00000E+00  0.00000E+00  0.00000E+00  0.00000E+00  0.00000E+00  0.00000E+00  0.96197E+00  0.00000E+00  0.00000E+00  0.00000E+00  0.00000E+00  0.00000E+00  0.00000E+00  0.00000E+00
      206.4033  0.00000E+00  0.27778E-03  0.00000E+00  0.00000E+00  0.00000E+00  0.00000E+00  0.00000E+00  0.00000E+00  0.10133E+01  0.00000E+00  0.00000E+00  0.00000E+00  0.00000E+00  0.00000E+00  0.00000E+00  0.00000E+00
      208.4187  0.00000E+00  0.27778E-03  0.00000E+00  0.00000E+00  0.00000E+00  0.00000E+00  0.00000E+00  0.00000E+00  0.10734E+01  0.00000E+00  0.00000E+00  0.00000E+00  0.00000E+00  0.00000E+00  0.00000E+00  0.00000E+00
      209.8294  0.00000E+00  0.27778E-03  0.00000E+00  0.00000E+00  0.00000E+00  0.00000E+00  0.00000E+00  0.00000E+00  0.11297E+01  0.00000E+00  0.00000E+00  0.00000E+00  0.00000E+00  0.00000E+00  0.00000E+00  0.00000E+00
      210.8170  0.00000E+00  0.27778E-03  0.00000E+00  0.00000E+00  0.00000E+00  0.00000E+00  0.00000E+00  0.00000E+00  0.11691E+01  0.00000E+00  0.00000E+00  0.00000E+00  0.00000E+00  0.00000E+00  0.00000E+00  0.00000E+00
      211.8045  0.00000E+00  0.27778E-03  0.00000E+00  0.00000E+00  0.00000E+00  0.00000E+00  0.00000E+00  0.00000E+00  0.12083E+01  0.00000E+00  0.00000E+00  0.00000E+00  0.00000E+00  0.00000E+00  0.00000E+00  0.00000E+00
      212.7921  0.00000E+00  0.27778E-03  0.00000E+00  0.00000E+00  0.00000E+00  0.00000E+00  0.00000E+00  0.00000E+00  0.12508E+01  0.00000E+00  0.00000E+00  0.00000E+00  0.00000E+00  0.00000E+00  0.00000E+00  0.00000E+00
      213.7796  0.00000E+00  0.27778E-03  0.00000E+00  0.00000E+00  0.00000E+00  0.00000E+00  0.00000E+00  0.00000E+00  0.12937E+01  0.00000E+00  0.00000E+00  0.00000E+00  0.00000E+00  0.00000E+00  0.00000E+00  0.00000E+00
      214.7671  0.00000E+00  0.27778E-03  0.00000E+00  0.00000E+00  0.00000E+00  0.00000E+00  0.00000E+00  0.00000E+00  0.13364E+01  0.00000E+00  0.00000E+00  0.00000E+00  0.00000E+00  0.00000E+00  0.00000E+00  0.00000E+00
      215.7547  0.00000E+00  0.27778E-03  0.00000E+00  0.00000E+00  0.00000E+00  0.00000E+00  0.00000E+00  0.00000E+00  0.13785E+01  0.00000E+00  0.00000E+00  0.00000E+00  0.00000E+00  0.00000E+00  0.00000E+00  0.00000E+00
      216.7422  0.00000E+00  0.27778E-03  0.00000E+00  0.00000E+00  0.00000E+00  0.00000E+00  0.00000E+00  0.00000E+00  0.14211E+01  0.00000E+00  0.00000E+00  0.00000E+00  0.00000E+00  0.00000E+00  0.00000E+00  0.00000E+00
      217.7297  0.00000E+00  0.27778E-03  0.00000E+00  0.00000E+00  0.00000E+00  0.00000E+00  0.00000E+00  0.00000E+00  0.14648E+01  0.00000E+00  0.00000E+00  0.00000E+00  0.00000E+00  0.00000E+00  0.00000E+00  0.00000E+00
      218.7173  0.00000E+00  0.27778E-03  0.00000E+00  0.00000E+00  0.00000E+00  0.00000E+00  0.00000E+00  0.00000E+00  0.15077E+01  0.00000E+00  0.00000E+00  0.00000E+00  0.00000E+00  0.00000E+00  0.00000E+00  0.00000E+00
      219.7048  0.00000E+00  0.27778E-03  0.00000E+00  0.00000E+00  0.00000E+00  0.00000E+00  0.00000E+00  0.00000E+00  0.15555E+01  0.00000E+00  0.00000E+00  0.00000E+00  0.00000E+00  0.00000E+00  0.00000E+00  0.00000E+00
      220.6923  0.00000E+00  0.27778E-03  0.00000E+00  0.00000E+00  0.00000E+00  0.00000E+00  0.00000E+00  0.00000E+00  0.15941E+01  0.00000E+00  0.00000E+00  0.00000E+00  0.00000E+00  0.00000E+00  0.00000E+00  0.00000E+00
      221.6799  0.00000E+00  0.27778E-03  0.00000E+00  0.00000E+00  0.00000E+00  0.00000E+00  0.00000E+00  0.00000E+00  0.16380E+01  0.00000E+00  0.00000E+00  0.00000E+00  0.00000E+00  0.00000E+00  0.00000E+00  0.00000E+00
      222.6674  0.00000E+00  0.27778E-03  0.00000E+00  0.00000E+00  0.00000E+00  0.00000E+00  0.00000E+00  0.00000E+00  0.16809E+01  0.00000E+00  0.00000E+00  0.00000E+00  0.00000E+00  0.00000E+00  0.00000E+00  0.00000E+00
      223.6549  0.00000E+00  0.27778E-03  0.00000E+00  0.00000E+00  0.00000E+00  0.00000E+00  0.00000E+00  0.00000E+00  0.17237E+01  0.00000E+00  0.00000E+00  0.00000E+00  0.00000E+00  0.00000E+00  0.00000E+00  0.00000E+00
      224.6425  0.00000E+00  0.27778E-03  0.00000E+00  0.00000E+00  0.00000E+00  0.00000E+00  0.00000E+00  0.00000E+00  0.17643E+01  0.00000E+00  0.00000E+00  0.00000E+00  0.00000E+00  0.00000E+00  0.00000E+00  0.00000E+00
      225.6300  0.00000E+00  0.27778E-03  0.00000E+00  0.00000E+00  0.00000E+00  0.00000E+00  0.00000E+00  0.00000E+00  0.18032E+01  0.00000E+00  0.00000E+00  0.00000E+00  0.00000E+00  0.00000E+00  0.00000E+00  0.00000E+00
      226.6176  0.00000E+00  0.27778E-03  0.00000E+00  0.00000E+00  0.00000E+00  0.00000E+00  0.00000E+00  0.00000E+00  0.18408E+01  0.00000E+00  0.00000E+00  0.00000E+00  0.00000E+00  0.00000E+00  0.00000E+00  0.00000E+00
      227.6051  0.00000E+00  0.27778E-03  0.00000E+00  0.00000E+00  0.00000E+00  0.00000E+00  0.00000E+00  0.00000E+00  0.18820E+01  0.00000E+00  0.00000E+00  0.00000E+00  0.00000E+00  0.00000E+00  0.00000E+00  0.00000E+00
      228.8889  0.00000E+00  0.27778E-03  0.00000E+00  0.00000E+00  0.00000E+00  0.00000E+00  0.00000E+00  0.00000E+00  0.19204E+01  0.00000E+00  0.00000E+00  0.00000E+00  0.00000E+00  0.00000E+00  0.00000E+00  0.00000E+00
      230.1727  0.00000E+00  0.27778E-03  0.00000E+00  0.00000E+00  0.00000E+00  0.00000E+00  0.00000E+00  0.00000E+00  0.19586E+01  0.00000E+00  0.00000E+00  0.00000E+00  0.00000E+00  0.00000E+00  0.00000E+00  0.00000E+00
      231.4565  0.00000E+00  0.27778E-03  0.00000E+00  0.00000E+00  0.00000E+00  0.00000E+00  0.00000E+00  0.00000E+00  0.19978E+01  0.00000E+00  0.00000E+00  0.00000E+00  0.00000E+00  0.00000E+00  0.00000E+00  0.00000E+00
      232.7403  0.00000E+00  0.27778E-03  0.00000E+00  0.00000E+00  0.00000E+00  0.00000E+00  0.00000E+00  0.00000E+00  0.20380E+01  0.00000E+00  0.00000E+00  0.00000E+00  0.00000E+00  0.00000E+00  0.00000E+00  0.00000E+00
      234.0241  0.00000E+00  0.27778E-03  0.00000E+00  0.00000E+00  0.00000E+00  0.00000E+00  0.00000E+00  0.00000E+00  0.20775E+01  0.00000E+00  0.00000E+00  0.00000E+00  0.00000E+00  0.00000E+00  0.00000E+00  0.00000E+00
      235.3079  0.00000E+00  0.27778E-03  0.00000E+00  0.00000E+00  0.00000E+00  0.00000E+00  0.00000E+00  0.00000E+00  0.21154E+01  0.00000E+00  0.00000E+00  0.00000E+00  0.00000E+00  0.00000E+00  0.00000E+00  0.00000E+00
      236.5917  0.00000E+00  0.27778E-03  0.00000E+00  0.00000E+00  0.00000E+00  0.00000E+00  0.00000E+00  0.00000E+00  0.21526E+01  0.00000E+00  0.00000E+00  0.00000E+00  0.00000E+00  0.00000E+00  0.00000E+00  0.00000E+00
      237.8755  0.00000E+00  0.27778E-03  0.00000E+00  0.00000E+00  0.00000E+00  0.00000E+00  0.00000E+00  0.00000E+00  0.21884E+01  0.00000E+00  0.00000E+00  0.00000E+00  0.00000E+00  0.00000E+00  0.00000E+00  0.00000E+00
      239.1593  0.00000E+00  0.27778E-03  0.00000E+00  0.00000E+00  0.00000E+00  0.00000E+00  0.00000E+00  0.00000E+00  0.22227E+01  0.00000E+00  0.00000E+00  0.00000E+00  0.00000E+00  0.00000E+00  0.00000E+00  0.00000E+00
      240.4431  0.00000E+00  0.27778E-03  0.00000E+00  0.00000E+00  0.00000E+00  0.00000E+00  0.00000E+00  0.00000E+00  0.22555E+01  0.00000E+00  0.00000E+00  0.00000E+00  0.00000E+00  0.00000E+00  0.00000E+00  0.00000E+00
      241.7269  0.00000E+00  0.27778E-03  0.00000E+00  0.00000E+00  0.00000E+00  0.00000E+00  0.00000E+00  0.00000E+00  0.22953E+01  0.00000E+00  0.00000E+00  0.00000E+00  0.00000E+00  0.00000E+00  0.00000E+00  0.00000E+00
      243.0106  0.00000E+00  0.27778E-03  0.00000E+00  0.00000E+00  0.00000E+00  0.00000E+00  0.00000E+00  0.00000E+00  0.23214E+01  0.00000E+00  0.00000E+00  0.00000E+00  0.00000E+00  0.00000E+00  0.00000E+00  0.00000E+00
      244.2944  0.00000E+00  0.27778E-03  0.00000E+00  0.00000E+00  0.00000E+00  0.00000E+00  0.00000E+00  0.00000E+00  0.23521E+01  0.00000E+00  0.00000E+00  0.00000E+00  0.00000E+00  0.00000E+00  0.00000E+00  0.00000E+00
      245.9634  0.00000E+00  0.27778E-03  0.00000E+00  0.00000E+00  0.00000E+00  0.00000E+00  0.00000E+00  0.00000E+00  0.23960E+01  0.00000E+00  0.00000E+00  0.00000E+00  0.00000E+00  0.00000E+00  0.00000E+00  0.00000E+00
      248.1330  0.00000E+00  0.27778E-03  0.00000E+00  0.00000E+00  0.00000E+00  0.00000E+00  0.00000E+00  0.00000E+00  0.24291E+01  0.00000E+00  0.00000E+00  0.00000E+00  0.00000E+00  0.00000E+00  0.00000E+00  0.00000E+00
      250.3026  0.00000E+00  0.27778E-03  0.00000E+00  0.00000E+00  0.00000E+00  0.00000E+00  0.00000E+00  0.00000E+00  0.24569E+01  0.00000E+00  0.00000E+00  0.00000E+00  0.00000E+00  0.00000E+00  0.00000E+00  0.00000E+00
      252.4722  0.00000E+00  0.27778E-03  0.00000E+00  0.00000E+00  0.00000E+00  0.00000E+00  0.00000E+00  0.00000E+00  0.24838E+01  0.00000E+00  0.00000E+00  0.00000E+00  0.00000E+00  0.00000E+00  0.00000E+00  0.00000E+00
      254.6418  0.00000E+00  0.27778E-03  0.00000E+00  0.00000E+00  0.00000E+00  0.00000E+00  0.00000E+00  0.00000E+00  0.25337E+01  0.00000E+00  0.00000E+00  0.00000E+00  0.00000E+00  0.00000E+00  0.00000E+00  0.00000E+00
      256.1606  0.00000E+00  0.27778E-03  0.00000E+00  0.00000E+00  0.00000E+00  0.00000E+00  0.00000E+00  0.00000E+00  0.25616E+01  0.00000E+00  0.00000E+00  0.00000E+00  0.00000E+00  0.00000E+00  0.00000E+00  0.00000E+00
      257.6793  0.00000E+00  0.27778E-03  0.00000E+00  0.00000E+00  0.00000E+00  0.00000E+00  0.00000E+00  0.00000E+00  0.25775E+01  0.00000E+00  0.00000E+00  0.00000E+00  0.00000E+00  0.00000E+00  0.00000E+00  0.00000E+00
      259.1980  0.00000E+00  0.27778E-03  0.00000E+00  0.00000E+00  0.00000E+00  0.00000E+00  0.00000E+00  0.00000E+00  0.25977E+01  0.00000E+00  0.00000E+00  0.00000E+00  0.00000E+00  0.00000E+00  0.00000E+00  0.00000E+00
      260.7168  0.00000E+00  0.27778E-03  0.00000E+00  0.00000E+00  0.00000E+00  0.00000E+00  0.00000E+00  0.00000E+00  0.26117E+01  0.00000E+00  0.00000E+00  0.00000E+00  0.00000E+00  0.00000E+00  0.00000E+00  0.00000E+00
      262.2355  0.00000E+00  0.27778E-03  0.00000E+00  0.00000E+00  0.00000E+00  0.00000E+00  0.00000E+00  0.00000E+00  0.26310E+01  0.00000E+00  0.00000E+00  0.00000E+00  0.00000E+00  0.00000E+00  0.00000E+00  0.00000E+00
      264.2098  0.00000E+00  0.27778E-03  0.00000E+00  0.00000E+00  0.00000E+00  0.00000E+00  0.00000E+00  0.00000E+00  0.26452E+01  0.00000E+00  0.00000E+00  0.00000E+00  0.00000E+00  0.00000E+00  0.00000E+00  0.00000E+00
      266.1842  0.00000E+00  0.27778E-03  0.00000E+00  0.00000E+00  0.00000E+00  0.00000E+00  0.00000E+00  0.00000E+00  0.26598E+01  0.00000E+00  0.00000E+00  0.00000E+00  0.00000E+00  0.00000E+00  0.00000E+00  0.00000E+00
      268.1585  0.00000E+00  0.27778E-03  0.00000E+00  0.00000E+00  0.00000E+00  0.00000E+00  0.00000E+00  0.00000E+00  0.26749E+01  0.00000E+00  0.00000E+00  0.00000E+00  0.00000E+00  0.00000E+00  0.00000E+00  0.00000E+00
      270.1329  0.00000E+00  0.27778E-03  0.00000E+00  0.00000E+00  0.00000E+00  0.00000E+00  0.00000E+00  0.00000E+00  0.26891E+01  0.00000E+00  0.00000E+00  0.00000E+00  0.00000E+00  0.00000E+00  0.00000E+00  0.00000E+00
      272.1072  0.00000E+00  0.27778E-03  0.00000E+00  0.00000E+00  0.00000E+00  0.00000E+00  0.00000E+00  0.00000E+00  0.27019E+01  0.00000E+00  0.00000E+00  0.00000E+00  0.00000E+00  0.00000E+00  0.00000E+00  0.00000E+00
      274.0816  0.00000E+00  0.27778E-03  0.00000E+00  0.00000E+00  0.00000E+00  0.00000E+00  0.00000E+00  0.00000E+00  0.27128E+01  0.00000E+00  0.00000E+00  0.00000E+00  0.00000E+00  0.00000E+00  0.00000E+00  0.00000E+00
      276.0559  0.00000E+00  0.27778E-03  0.00000E+00  0.00000E+00  0.00000E+00  0.00000E+00  0.00000E+00  0.00000E+00  0.27107E+01  0.00000E+00  0.00000E+00  0.00000E+00  0.00000E+00  0.00000E+00  0.00000E+00  0.00000E+00
      277.4380  0.00000E+00  0.27778E-03  0.00000E+00  0.00000E+00  0.00000E+00  0.00000E+00  0.00000E+00  0.00000E+00  0.27129E+01  0.00000E+00  0.00000E+00  0.00000E+00  0.00000E+00  0.00000E+00  0.00000E+00  0.00000E+00
      279.2347  0.00000E+00  0.27778E-03  0.00000E+00  0.00000E+00  0.00000E+00  0.00000E+00  0.00000E+00  0.00000E+00  0.27169E+01  0.00000E+00  0.00000E+00  0.00000E+00  0.00000E+00  0.00000E+00  0.00000E+00  0.00000E+00
      281.0313  0.00000E+00  0.27778E-03  0.00000E+00  0.00000E+00  0.00000E+00  0.00000E+00  0.00000E+00  0.00000E+00  0.27190E+01  0.00000E+00  0.00000E+00  0.00000E+00  0.00000E+00  0.00000E+00  0.00000E+00  0.00000E+00
      282.8280  0.00000E+00  0.27778E-03  0.00000E+00  0.00000E+00  0.00000E+00  0.00000E+00  0.00000E+00  0.00000E+00  0.27200E+01  0.00000E+00  0.00000E+00  0.00000E+00  0.00000E+00  0.00000E+00  0.00000E+00  0.00000E+00
      284.6246  0.00000E+00  0.27778E-03  0.00000E+00  0.00000E+00  0.00000E+00  0.00000E+00  0.00000E+00  0.00000E+00  0.27198E+01  0.00000E+00  0.00000E+00  0.00000E+00  0.00000E+00  0.00000E+00  0.00000E+00  0.00000E+00
      286.4213  0.00000E+00  0.27778E-03  0.00000E+00  0.00000E+00  0.00000E+00  0.00000E+00  0.00000E+00  0.00000E+00  0.27094E+01  0.00000E+00  0.00000E+00  0.00000E+00  0.00000E+00  0.00000E+00  0.00000E+00  0.00000E+00
      287.6789  0.00000E+00  0.27778E-03  0.00000E+00  0.00000E+00  0.00000E+00  0.00000E+00  0.00000E+00  0.00000E+00  0.27069E+01  0.00000E+00  0.00000E+00  0.00000E+00  0.00000E+00  0.00000E+00  0.00000E+00  0.00000E+00
      289.3139  0.00000E+00  0.27778E-03  0.00000E+00  0.00000E+00  0.00000E+00  0.00000E+00  0.00000E+00  0.00000E+00  0.27035E+01  0.00000E+00  0.00000E+00  0.00000E+00  0.00000E+00  0.00000E+00  0.00000E+00  0.00000E+00
      291.4394  0.00000E+00  0.27778E-03  0.00000E+00  0.00000E+00  0.00000E+00  0.00000E+00  0.00000E+00  0.00000E+00  0.26997E+01  0.00000E+00  0.00000E+00  0.00000E+00  0.00000E+00  0.00000E+00  0.00000E+00  0.00000E+00
      294.2024  0.00000E+00  0.27778E-03  0.00000E+00  0.00000E+00  0.00000E+00  0.00000E+00  0.00000E+00  0.00000E+00  0.26935E+01  0.00000E+00  0.00000E+00  0.00000E+00  0.00000E+00  0.00000E+00  0.00000E+00  0.00000E+00
      297.7944  0.00000E+00  0.27778E-03  0.00000E+00  0.00000E+00  0.00000E+00  0.00000E+00  0.00000E+00  0.00000E+00  0.26756E+01  0.00000E+00  0.00000E+00  0.00000E+00  0.00000E+00  0.00000E+00  0.00000E+00  0.00000E+00
      302.4640  0.00000E+00  0.27778E-03  0.00000E+00  0.00000E+00  0.00000E+00  0.00000E+00  0.00000E+00  0.00000E+00  0.26440E+01  0.00000E+00  0.00000E+00  0.00000E+00  0.00000E+00  0.00000E+00  0.00000E+00  0.00000E+00
      308.8569  0.00000E+00  0.27778E-03  0.00000E+00  0.00000E+00  0.00000E+00  0.00000E+00  0.00000E+00  0.00000E+00  0.25911E+01  0.00000E+00  0.00000E+00  0.00000E+00  0.00000E+00  0.00000E+00  0.00000E+00  0.00000E+00
      311.6982  0.00000E+00  0.27778E-03  0.00000E+00  0.00000E+00  0.00000E+00  0.00000E+00  0.00000E+00  0.00000E+00  0.25628E+01  0.00000E+00  0.00000E+00  0.00000E+00  0.00000E+00  0.00000E+00  0.00000E+00  0.00000E+00
      314.5395  0.00000E+00  0.27778E-03  0.00000E+00  0.00000E+00  0.00000E+00  0.00000E+00  0.00000E+00  0.00000E+00  0.25587E+01  0.00000E+00  0.00000E+00  0.00000E+00  0.00000E+00  0.00000E+00  0.00000E+00  0.00000E+00
      318.2332  0.00000E+00  0.27778E-03  0.00000E+00  0.00000E+00  0.00000E+00  0.00000E+00  0.00000E+00  0.00000E+00  0.25321E+01  0.00000E+00  0.00000E+00  0.00000E+00  0.00000E+00  0.00000E+00  0.00000E+00  0.00000E+00
      322.8739  0.00000E+00  0.27778E-03  0.00000E+00  0.00000E+00  0.00000E+00  0.00000E+00  0.00000E+00  0.00000E+00  0.24745E+01  0.00000E+00  0.00000E+00  0.00000E+00  0.00000E+00  0.00000E+00  0.00000E+00  0.00000E+00
      329.0616  0.00000E+00  0.27778E-03  0.00000E+00  0.00000E+00  0.00000E+00  0.00000E+00  0.00000E+00  0.00000E+00  0.23858E+01  0.00000E+00  0.00000E+00  0.00000E+00  0.00000E+00  0.00000E+00  0.00000E+00  0.00000E+00
      331.6398  0.00000E+00  0.27778E-03  0.00000E+00  0.00000E+00  0.00000E+00  0.00000E+00  0.00000E+00  0.00000E+00  0.23478E+01  0.00000E+00  0.00000E+00  0.00000E+00  0.00000E+00  0.00000E+00  0.00000E+00  0.00000E+00
      334.2180  0.00000E+00  0.27778E-03  0.00000E+00  0.00000E+00  0.00000E+00  0.00000E+00  0.00000E+00  0.00000E+00  0.23445E+01  0.00000E+00  0.00000E+00  0.00000E+00  0.00000E+00  0.00000E+00  0.00000E+00  0.00000E+00
      337.4408  0.00000E+00  0.27778E-03  0.00000E+00  0.00000E+00  0.00000E+00  0.00000E+00  0.00000E+00  0.00000E+00  0.23201E+01  0.00000E+00  0.00000E+00  0.00000E+00  0.00000E+00  0.00000E+00  0.00000E+00  0.00000E+00
      341.9526  0.00000E+00  0.27778E-03  0.00000E+00  0.00000E+00  0.00000E+00  0.00000E+00  0.00000E+00  0.00000E+00  0.22918E+01  0.00000E+00  0.00000E+00  0.00000E+00  0.00000E+00  0.00000E+00  0.00000E+00  0.00000E+00
      343.4566  0.00000E+00  0.27778E-03  0.00000E+00  0.00000E+00  0.00000E+00  0.00000E+00  0.00000E+00  0.00000E+00  0.22642E+01  0.00000E+00  0.00000E+00  0.00000E+00  0.00000E+00  0.00000E+00  0.00000E+00  0.00000E+00
      345.5245  0.00000E+00  0.27778E-03  0.00000E+00  0.00000E+00  0.00000E+00  0.00000E+00  0.00000E+00  0.00000E+00  0.22247E+01  0.00000E+00  0.00000E+00  0.00000E+00  0.00000E+00  0.00000E+00  0.00000E+00  0.00000E+00
      347.9371  0.00000E+00  0.27778E-03  0.00000E+00  0.00000E+00  0.00000E+00  0.00000E+00  0.00000E+00  0.00000E+00  0.21850E+01  0.00000E+00  0.00000E+00  0.00000E+00  0.00000E+00  0.00000E+00  0.00000E+00  0.00000E+00
      350.9528  0.00000E+00  0.27778E-03  0.00000E+00  0.00000E+00  0.00000E+00  0.00000E+00  0.00000E+00  0.00000E+00  0.21385E+01  0.00000E+00  0.00000E+00  0.00000E+00  0.00000E+00  0.00000E+00  0.00000E+00  0.00000E+00
      355.4764  0.00000E+00  0.27778E-03  0.00000E+00  0.00000E+00  0.00000E+00  0.00000E+00  0.00000E+00  0.00000E+00  0.20629E+01  0.00000E+00  0.00000E+00  0.00000E+00  0.00000E+00  0.00000E+00  0.00000E+00  0.00000E+00
      360.0000  0.00000E+00  0.27778E-03  0.00000E+00  0.00000E+00  0.00000E+00  0.00000E+00  0.00000E+00  0.00000E+00  0.20044E+01  0.00000E+00  0.00000E+00  0.00000E+00  0.00000E+00  0.00000E+00  0.00000E+00  0.00000E+00
      365.5841  0.00000E+00  0.27778E-03  0.00000E+00  0.00000E+00  0.00000E+00  0.00000E+00  0.00000E+00  0.00000E+00  0.19237E+01  0.00000E+00  0.00000E+00  0.00000E+00  0.00000E+00  0.00000E+00  0.00000E+00  0.00000E+00
      368.0038  0.00000E+00  0.27778E-03  0.00000E+00  0.00000E+00  0.00000E+00  0.00000E+00  0.00000E+00  0.00000E+00  0.19126E+01  0.00000E+00  0.00000E+00  0.00000E+00  0.00000E+00  0.00000E+00  0.00000E+00  0.00000E+00
      370.4236  0.00000E+00  0.27778E-03  0.00000E+00  0.00000E+00  0.00000E+00  0.00000E+00  0.00000E+00  0.00000E+00  0.18794E+01  0.00000E+00  0.00000E+00  0.00000E+00  0.00000E+00  0.00000E+00  0.00000E+00  0.00000E+00
      373.5693  0.00000E+00  0.27778E-03  0.00000E+00  0.00000E+00  0.00000E+00  0.00000E+00  0.00000E+00  0.00000E+00  0.18349E+01  0.00000E+00  0.00000E+00  0.00000E+00  0.00000E+00  0.00000E+00  0.00000E+00  0.00000E+00
      377.6587  0.00000E+00  0.27778E-03  0.00000E+00  0.00000E+00  0.00000E+00  0.00000E+00  0.00000E+00  0.00000E+00  0.17844E+01  0.00000E+00  0.00000E+00  0.00000E+00  0.00000E+00  0.00000E+00  0.00000E+00  0.00000E+00
      382.9749  0.00000E+00  0.27778E-03  0.00000E+00  0.00000E+00  0.00000E+00  0.00000E+00  0.00000E+00  0.00000E+00  0.17261E+01  0.00000E+00  0.00000E+00  0.00000E+00  0.00000E+00  0.00000E+00  0.00000E+00  0.00000E+00
      385.2786  0.00000E+00  0.27778E-03  0.00000E+00  0.00000E+00  0.00000E+00  0.00000E+00  0.00000E+00  0.00000E+00  0.17086E+01  0.00000E+00  0.00000E+00  0.00000E+00  0.00000E+00  0.00000E+00  0.00000E+00  0.00000E+00
      388.2734  0.00000E+00  0.27778E-03  0.00000E+00  0.00000E+00  0.00000E+00  0.00000E+00  0.00000E+00  0.00000E+00  0.16839E+01  0.00000E+00  0.00000E+00  0.00000E+00  0.00000E+00  0.00000E+00  0.00000E+00  0.00000E+00
      392.1666  0.00000E+00  0.27778E-03  0.00000E+00  0.00000E+00  0.00000E+00  0.00000E+00  0.00000E+00  0.00000E+00  0.16495E+01  0.00000E+00  0.00000E+00  0.00000E+00  0.00000E+00  0.00000E+00  0.00000E+00  0.00000E+00
      393.8537  0.00000E+00  0.27778E-03  0.00000E+00  0.00000E+00  0.00000E+00  0.00000E+00  0.00000E+00  0.00000E+00  0.16447E+01  0.00000E+00  0.00000E+00  0.00000E+00  0.00000E+00  0.00000E+00  0.00000E+00  0.00000E+00
      396.0469  0.00000E+00  0.27778E-03  0.00000E+00  0.00000E+00  0.00000E+00  0.00000E+00  0.00000E+00  0.00000E+00  0.16340E+01  0.00000E+00  0.00000E+00  0.00000E+00  0.00000E+00  0.00000E+00  0.00000E+00  0.00000E+00
      398.8980  0.00000E+00  0.27778E-03  0.00000E+00  0.00000E+00  0.00000E+00  0.00000E+00  0.00000E+00  0.00000E+00  0.16187E+01  0.00000E+00  0.00000E+00  0.00000E+00  0.00000E+00  0.00000E+00  0.00000E+00  0.00000E+00
      402.6045  0.00000E+00  0.27778E-03  0.00000E+00  0.00000E+00  0.00000E+00  0.00000E+00  0.00000E+00  0.00000E+00  0.15957E+01  0.00000E+00  0.00000E+00  0.00000E+00  0.00000E+00  0.00000E+00  0.00000E+00  0.00000E+00
      407.4229  0.00000E+00  0.27778E-03  0.00000E+00  0.00000E+00  0.00000E+00  0.00000E+00  0.00000E+00  0.00000E+00  0.15893E+01  0.00000E+00  0.00000E+00  0.00000E+00  0.00000E+00  0.00000E+00  0.00000E+00  0.00000E+00
      409.0291  0.00000E+00  0.27778E-03  0.00000E+00  0.00000E+00  0.00000E+00  0.00000E+00  0.00000E+00  0.00000E+00  0.15857E+01  0.00000E+00  0.00000E+00  0.00000E+00  0.00000E+00  0.00000E+00  0.00000E+00  0.00000E+00
      410.6352  0.00000E+00  0.27778E-03  0.00000E+00  0.00000E+00  0.00000E+00  0.00000E+00  0.00000E+00  0.00000E+00  0.15740E+01  0.00000E+00  0.00000E+00  0.00000E+00  0.00000E+00  0.00000E+00  0.00000E+00  0.00000E+00
      412.7232  0.00000E+00  0.27778E-03  0.00000E+00  0.00000E+00  0.00000E+00  0.00000E+00  0.00000E+00  0.00000E+00  0.15578E+01  0.00000E+00  0.00000E+00  0.00000E+00  0.00000E+00  0.00000E+00  0.00000E+00  0.00000E+00
      415.4376  0.00000E+00  0.27778E-03  0.00000E+00  0.00000E+00  0.00000E+00  0.00000E+00  0.00000E+00  0.00000E+00  0.15445E+01  0.00000E+00  0.00000E+00  0.00000E+00  0.00000E+00  0.00000E+00  0.00000E+00  0.00000E+00
      418.9663  0.00000E+00  0.27778E-03  0.00000E+00  0.00000E+00  0.00000E+00  0.00000E+00  0.00000E+00  0.00000E+00  0.15300E+01  0.00000E+00  0.00000E+00  0.00000E+00  0.00000E+00  0.00000E+00  0.00000E+00  0.00000E+00
      423.5536  0.00000E+00  0.27778E-03  0.00000E+00  0.00000E+00  0.00000E+00  0.00000E+00  0.00000E+00  0.00000E+00  0.15150E+01  0.00000E+00  0.00000E+00  0.00000E+00  0.00000E+00  0.00000E+00  0.00000E+00  0.00000E+00
      429.5171  0.00000E+00  0.27778E-03  0.00000E+00  0.00000E+00  0.00000E+00  0.00000E+00  0.00000E+00  0.00000E+00  0.15004E+01  0.00000E+00  0.00000E+00  0.00000E+00  0.00000E+00  0.00000E+00  0.00000E+00  0.00000E+00
      437.2697  0.00000E+00  0.27778E-03  0.00000E+00  0.00000E+00  0.00000E+00  0.00000E+00  0.00000E+00  0.00000E+00  0.14799E+01  0.00000E+00  0.00000E+00  0.00000E+00  0.00000E+00  0.00000E+00  0.00000E+00  0.00000E+00
      447.3480  0.00000E+00  0.27778E-03  0.00000E+00  0.00000E+00  0.00000E+00  0.00000E+00  0.00000E+00  0.00000E+00  0.14469E+01  0.00000E+00  0.00000E+00  0.00000E+00  0.00000E+00  0.00000E+00  0.00000E+00  0.00000E+00
      460.4498  0.00000E+00  0.27778E-03  0.00000E+00  0.00000E+00  0.00000E+00  0.00000E+00  0.00000E+00  0.00000E+00  0.13944E+01  0.00000E+00  0.00000E+00  0.00000E+00  0.00000E+00  0.00000E+00  0.00000E+00  0.00000E+00
      466.1273  0.00000E+00  0.27778E-03  0.00000E+00  0.00000E+00  0.00000E+00  0.00000E+00  0.00000E+00  0.00000E+00  0.13677E+01  0.00000E+00  0.00000E+00  0.00000E+00  0.00000E+00  0.00000E+00  0.00000E+00  0.00000E+00
      471.8048  0.00000E+00  0.27778E-03  0.00000E+00  0.00000E+00  0.00000E+00  0.00000E+00  0.00000E+00  0.00000E+00  0.13540E+01  0.00000E+00  0.00000E+00  0.00000E+00  0.00000E+00  0.00000E+00  0.00000E+00  0.00000E+00
      479.1854  0.00000E+00  0.27778E-03  0.00000E+00  0.00000E+00  0.00000E+00  0.00000E+00  0.00000E+00  0.00000E+00  0.13230E+01  0.00000E+00  0.00000E+00  0.00000E+00  0.00000E+00  0.00000E+00  0.00000E+00  0.00000E+00
      488.7804  0.00000E+00  0.27778E-03  0.00000E+00  0.00000E+00  0.00000E+00  0.00000E+00  0.00000E+00  0.00000E+00  0.12717E+01  0.00000E+00  0.00000E+00  0.00000E+00  0.00000E+00  0.00000E+00  0.00000E+00  0.00000E+00
      492.9381  0.00000E+00  0.27778E-03  0.00000E+00  0.00000E+00  0.00000E+00  0.00000E+00  0.00000E+00  0.00000E+00  0.12519E+01  0.00000E+00  0.00000E+00  0.00000E+00  0.00000E+00  0.00000E+00  0.00000E+00  0.00000E+00
      497.0959  0.00000E+00  0.27778E-03  0.00000E+00  0.00000E+00  0.00000E+00  0.00000E+00  0.00000E+00  0.00000E+00  0.12377E+01  0.00000E+00  0.00000E+00  0.00000E+00  0.00000E+00  0.00000E+00  0.00000E+00  0.00000E+00
      502.5011  0.00000E+00  0.27778E-03  0.00000E+00  0.00000E+00  0.00000E+00  0.00000E+00  0.00000E+00  0.00000E+00  0.12130E+01  0.00000E+00  0.00000E+00  0.00000E+00  0.00000E+00  0.00000E+00  0.00000E+00  0.00000E+00
      509.5277  0.00000E+00  0.27778E-03  0.00000E+00  0.00000E+00  0.00000E+00  0.00000E+00  0.00000E+00  0.00000E+00  0.11737E+01  0.00000E+00  0.00000E+00  0.00000E+00  0.00000E+00  0.00000E+00  0.00000E+00  0.00000E+00
      518.6624  0.00000E+00  0.27778E-03  0.00000E+00  0.00000E+00  0.00000E+00  0.00000E+00  0.00000E+00  0.00000E+00  0.11196E+01  0.00000E+00  0.00000E+00  0.00000E+00  0.00000E+00  0.00000E+00  0.00000E+00  0.00000E+00
      522.6207  0.00000E+00  0.27778E-03  0.00000E+00  0.00000E+00  0.00000E+00  0.00000E+00  0.00000E+00  0.00000E+00  0.11017E+01  0.00000E+00  0.00000E+00  0.00000E+00  0.00000E+00  0.00000E+00  0.00000E+00  0.00000E+00
      526.5791  0.00000E+00  0.27778E-03  0.00000E+00  0.00000E+00  0.00000E+00  0.00000E+00  0.00000E+00  0.00000E+00  0.10864E+01  0.00000E+00  0.00000E+00  0.00000E+00  0.00000E+00  0.00000E+00  0.00000E+00  0.00000E+00
      531.7250  0.00000E+00  0.27778E-03  0.00000E+00  0.00000E+00  0.00000E+00  0.00000E+00  0.00000E+00  0.00000E+00  0.10614E+01  0.00000E+00  0.00000E+00  0.00000E+00  0.00000E+00  0.00000E+00  0.00000E+00  0.00000E+00
      538.4146  0.00000E+00  0.27778E-03  0.00000E+00  0.00000E+00  0.00000E+00  0.00000E+00  0.00000E+00  0.00000E+00  0.10236E+01  0.00000E+00  0.00000E+00  0.00000E+00  0.00000E+00  0.00000E+00  0.00000E+00  0.00000E+00
      547.1111  0.00000E+00  0.27778E-03  0.00000E+00  0.00000E+00  0.00000E+00  0.00000E+00  0.00000E+00  0.00000E+00  0.97410E+00  0.00000E+00  0.00000E+00  0.00000E+00  0.00000E+00  0.00000E+00  0.00000E+00  0.00000E+00
      550.8796  0.00000E+00  0.27778E-03  0.00000E+00  0.00000E+00  0.00000E+00  0.00000E+00  0.00000E+00  0.00000E+00  0.96396E+00  0.00000E+00  0.00000E+00  0.00000E+00  0.00000E+00  0.00000E+00  0.00000E+00  0.00000E+00
      555.7786  0.00000E+00  0.27778E-03  0.00000E+00  0.00000E+00  0.00000E+00  0.00000E+00  0.00000E+00  0.00000E+00  0.95106E+00  0.00000E+00  0.00000E+00  0.00000E+00  0.00000E+00  0.00000E+00  0.00000E+00  0.00000E+00
      562.1473  0.00000E+00  0.27778E-03  0.00000E+00  0.00000E+00  0.00000E+00  0.00000E+00  0.00000E+00  0.00000E+00  0.93574E+00  0.00000E+00  0.00000E+00  0.00000E+00  0.00000E+00  0.00000E+00  0.00000E+00  0.00000E+00
      568.5161  0.00000E+00  0.27778E-03  0.00000E+00  0.00000E+00  0.00000E+00  0.00000E+00  0.00000E+00  0.00000E+00  0.92319E+00  0.00000E+00  0.00000E+00  0.00000E+00  0.00000E+00  0.00000E+00  0.00000E+00  0.00000E+00
      570.6390  0.00000E+00  0.27778E-03  0.00000E+00  0.00000E+00  0.00000E+00  0.00000E+00  0.00000E+00  0.00000E+00  0.90897E+00  0.00000E+00  0.00000E+00  0.00000E+00  0.00000E+00  0.00000E+00  0.00000E+00  0.00000E+00
      573.3988  0.00000E+00  0.27778E-03  0.00000E+00  0.00000E+00  0.00000E+00  0.00000E+00  0.00000E+00  0.00000E+00  0.88745E+00  0.00000E+00  0.00000E+00  0.00000E+00  0.00000E+00  0.00000E+00  0.00000E+00  0.00000E+00
      576.9865  0.00000E+00  0.27778E-03  0.00000E+00  0.00000E+00  0.00000E+00  0.00000E+00  0.00000E+00  0.00000E+00  0.86369E+00  0.00000E+00  0.00000E+00  0.00000E+00  0.00000E+00  0.00000E+00  0.00000E+00  0.00000E+00
      581.6505  0.00000E+00  0.27778E-03  0.00000E+00  0.00000E+00  0.00000E+00  0.00000E+00  0.00000E+00  0.00000E+00  0.83837E+00  0.00000E+00  0.00000E+00  0.00000E+00  0.00000E+00  0.00000E+00  0.00000E+00  0.00000E+00
      587.7138  0.00000E+00  0.27778E-03  0.00000E+00  0.00000E+00  0.00000E+00  0.00000E+00  0.00000E+00  0.00000E+00  0.81098E+00  0.00000E+00  0.00000E+00  0.00000E+00  0.00000E+00  0.00000E+00  0.00000E+00  0.00000E+00
      595.5960  0.00000E+00  0.27778E-03  0.00000E+00  0.00000E+00  0.00000E+00  0.00000E+00  0.00000E+00  0.00000E+00  0.78049E+00  0.00000E+00  0.00000E+00  0.00000E+00  0.00000E+00  0.00000E+00  0.00000E+00  0.00000E+00
      605.8429  0.00000E+00  0.27778E-03  0.00000E+00  0.00000E+00  0.00000E+00  0.00000E+00  0.00000E+00  0.00000E+00  0.74706E+00  0.00000E+00  0.00000E+00  0.00000E+00  0.00000E+00  0.00000E+00  0.00000E+00  0.00000E+00
      618.5270  0.00000E+00  0.27778E-03  0.00000E+00  0.00000E+00  0.00000E+00  0.00000E+00  0.00000E+00  0.00000E+00  0.71646E+00  0.00000E+00  0.00000E+00  0.00000E+00  0.00000E+00  0.00000E+00  0.00000E+00  0.00000E+00
      620.4062  0.00000E+00  0.27778E-03  0.00000E+00  0.00000E+00  0.00000E+00  0.00000E+00  0.00000E+00  0.00000E+00  0.71323E+00  0.00000E+00  0.00000E+00  0.00000E+00  0.00000E+00  0.00000E+00  0.00000E+00  0.00000E+00
      622.8490  0.00000E+00  0.27778E-03  0.00000E+00  0.00000E+00  0.00000E+00  0.00000E+00  0.00000E+00  0.00000E+00  0.71285E+00  0.00000E+00  0.00000E+00  0.00000E+00  0.00000E+00  0.00000E+00  0.00000E+00  0.00000E+00
      626.0248  0.00000E+00  0.27778E-03  0.00000E+00  0.00000E+00  0.00000E+00  0.00000E+00  0.00000E+00  0.00000E+00  0.70765E+00  0.00000E+00  0.00000E+00  0.00000E+00  0.00000E+00  0.00000E+00  0.00000E+00  0.00000E+00
      630.1532  0.00000E+00  0.27778E-03  0.00000E+00  0.00000E+00  0.00000E+00  0.00000E+00  0.00000E+00  0.00000E+00  0.70216E+00  0.00000E+00  0.00000E+00  0.00000E+00  0.00000E+00  0.00000E+00  0.00000E+00  0.00000E+00
      635.5202  0.00000E+00  0.27778E-03  0.00000E+00  0.00000E+00  0.00000E+00  0.00000E+00  0.00000E+00  0.00000E+00  0.69245E+00  0.00000E+00  0.00000E+00  0.00000E+00  0.00000E+00  0.00000E+00  0.00000E+00  0.00000E+00
      642.4973  0.00000E+00  0.27778E-03  0.00000E+00  0.00000E+00  0.00000E+00  0.00000E+00  0.00000E+00  0.00000E+00  0.67758E+00  0.00000E+00  0.00000E+00  0.00000E+00  0.00000E+00  0.00000E+00  0.00000E+00  0.00000E+00
      651.1087  0.00000E+00  0.27778E-03  0.00000E+00  0.00000E+00  0.00000E+00  0.00000E+00  0.00000E+00  0.00000E+00  0.66396E+00  0.00000E+00  0.00000E+00  0.00000E+00  0.00000E+00  0.00000E+00  0.00000E+00  0.00000E+00
      662.5906  0.00000E+00  0.27778E-03  0.00000E+00  0.00000E+00  0.00000E+00  0.00000E+00  0.00000E+00  0.00000E+00  0.66401E+00  0.00000E+00  0.00000E+00  0.00000E+00  0.00000E+00  0.00000E+00  0.00000E+00  0.00000E+00
      676.9429  0.00000E+00  0.27778E-03  0.00000E+00  0.00000E+00  0.00000E+00  0.00000E+00  0.00000E+00  0.00000E+00  0.66387E+00  0.00000E+00  0.00000E+00  0.00000E+00  0.00000E+00  0.00000E+00  0.00000E+00  0.00000E+00
      681.7270  0.00000E+00  0.27778E-03  0.00000E+00  0.00000E+00  0.00000E+00  0.00000E+00  0.00000E+00  0.00000E+00  0.65695E+00  0.00000E+00  0.00000E+00  0.00000E+00  0.00000E+00  0.00000E+00  0.00000E+00  0.00000E+00
      688.1059  0.00000E+00  0.27778E-03  0.00000E+00  0.00000E+00  0.00000E+00  0.00000E+00  0.00000E+00  0.00000E+00  0.65433E+00  0.00000E+00  0.00000E+00  0.00000E+00  0.00000E+00  0.00000E+00  0.00000E+00  0.00000E+00
      696.0794  0.00000E+00  0.27778E-03  0.00000E+00  0.00000E+00  0.00000E+00  0.00000E+00  0.00000E+00  0.00000E+00  0.65218E+00  0.00000E+00  0.00000E+00  0.00000E+00  0.00000E+00  0.00000E+00  0.00000E+00  0.00000E+00
      708.0397  0.00000E+00  0.27778E-03  0.00000E+00  0.00000E+00  0.00000E+00  0.00000E+00  0.00000E+00  0.00000E+00  0.64842E+00  0.00000E+00  0.00000E+00  0.00000E+00  0.00000E+00  0.00000E+00  0.00000E+00  0.00000E+00
      720.0000  0.00000E+00  0.27778E-03  0.00000E+00  0.00000E+00  0.00000E+00  0.00000E+00  0.00000E+00  0.00000E+00  0.64249E+00  0.00000E+00  0.00000E+00  0.00000E+00  0.00000E+00  0.00000E+00  0.00000E+00  0.00000E+00
      733.6639  0.00000E+00  0.27778E-03  0.00000E+00  0.00000E+00  0.00000E+00  0.00000E+00  0.00000E+00  0.00000E+00  0.63451E+00  0.00000E+00  0.00000E+00  0.00000E+00  0.00000E+00  0.00000E+00  0.00000E+00  0.00000E+00
      751.4270  0.00000E+00  0.27778E-03  0.00000E+00  0.00000E+00  0.00000E+00  0.00000E+00  0.00000E+00  0.00000E+00  0.62250E+00  0.00000E+00  0.00000E+00  0.00000E+00  0.00000E+00  0.00000E+00  0.00000E+00  0.00000E+00
      774.5191  0.00000E+00  0.27778E-03  0.00000E+00  0.00000E+00  0.00000E+00  0.00000E+00  0.00000E+00  0.00000E+00  0.60306E+00  0.00000E+00  0.00000E+00  0.00000E+00  0.00000E+00  0.00000E+00  0.00000E+00  0.00000E+00
      784.5256  0.00000E+00  0.27778E-03  0.00000E+00  0.00000E+00  0.00000E+00  0.00000E+00  0.00000E+00  0.00000E+00  0.59340E+00  0.00000E+00  0.00000E+00  0.00000E+00  0.00000E+00  0.00000E+00  0.00000E+00  0.00000E+00
      794.5321  0.00000E+00  0.27778E-03  0.00000E+00  0.00000E+00  0.00000E+00  0.00000E+00  0.00000E+00  0.00000E+00  0.58740E+00  0.00000E+00  0.00000E+00  0.00000E+00  0.00000E+00  0.00000E+00  0.00000E+00  0.00000E+00
      807.5407  0.00000E+00  0.27778E-03  0.00000E+00  0.00000E+00  0.00000E+00  0.00000E+00  0.00000E+00  0.00000E+00  0.57571E+00  0.00000E+00  0.00000E+00  0.00000E+00  0.00000E+00  0.00000E+00  0.00000E+00  0.00000E+00
      824.4517  0.00000E+00  0.27778E-03  0.00000E+00  0.00000E+00  0.00000E+00  0.00000E+00  0.00000E+00  0.00000E+00  0.55656E+00  0.00000E+00  0.00000E+00  0.00000E+00  0.00000E+00  0.00000E+00  0.00000E+00  0.00000E+00
      846.4361  0.00000E+00  0.27778E-03  0.00000E+00  0.00000E+00  0.00000E+00  0.00000E+00  0.00000E+00  0.00000E+00  0.52911E+00  0.00000E+00  0.00000E+00  0.00000E+00  0.00000E+00  0.00000E+00  0.00000E+00  0.00000E+00
      855.9627  0.00000E+00  0.27778E-03  0.00000E+00  0.00000E+00  0.00000E+00  0.00000E+00  0.00000E+00  0.00000E+00  0.51806E+00  0.00000E+00  0.00000E+00  0.00000E+00  0.00000E+00  0.00000E+00  0.00000E+00  0.00000E+00
      865.4892  0.00000E+00  0.27778E-03  0.00000E+00  0.00000E+00  0.00000E+00  0.00000E+00  0.00000E+00  0.00000E+00  0.51009E+00  0.00000E+00  0.00000E+00  0.00000E+00  0.00000E+00  0.00000E+00  0.00000E+00  0.00000E+00
      877.8738  0.00000E+00  0.27778E-03  0.00000E+00  0.00000E+00  0.00000E+00  0.00000E+00  0.00000E+00  0.00000E+00  0.49598E+00  0.00000E+00  0.00000E+00  0.00000E+00  0.00000E+00  0.00000E+00  0.00000E+00  0.00000E+00
      893.9737  0.00000E+00  0.27778E-03  0.00000E+00  0.00000E+00  0.00000E+00  0.00000E+00  0.00000E+00  0.00000E+00  0.47400E+00  0.00000E+00  0.00000E+00  0.00000E+00  0.00000E+00  0.00000E+00  0.00000E+00  0.00000E+00
      914.9035  0.00000E+00  0.27778E-03  0.00000E+00  0.00000E+00  0.00000E+00  0.00000E+00  0.00000E+00  0.00000E+00  0.44495E+00  0.00000E+00  0.00000E+00  0.00000E+00  0.00000E+00  0.00000E+00  0.00000E+00  0.00000E+00
      923.9731  0.00000E+00  0.27778E-03  0.00000E+00  0.00000E+00  0.00000E+00  0.00000E+00  0.00000E+00  0.00000E+00  0.43654E+00  0.00000E+00  0.00000E+00  0.00000E+00  0.00000E+00  0.00000E+00  0.00000E+00  0.00000E+00
      933.0427  0.00000E+00  0.27778E-03  0.00000E+00  0.00000E+00  0.00000E+00  0.00000E+00  0.00000E+00  0.00000E+00  0.42797E+00  0.00000E+00  0.00000E+00  0.00000E+00  0.00000E+00  0.00000E+00  0.00000E+00  0.00000E+00
      944.8332  0.00000E+00  0.27778E-03  0.00000E+00  0.00000E+00  0.00000E+00  0.00000E+00  0.00000E+00  0.00000E+00  0.41421E+00  0.00000E+00  0.00000E+00  0.00000E+00  0.00000E+00  0.00000E+00  0.00000E+00  0.00000E+00
      960.1608  0.00000E+00  0.27778E-03  0.00000E+00  0.00000E+00  0.00000E+00  0.00000E+00  0.00000E+00  0.00000E+00  0.39458E+00  0.00000E+00  0.00000E+00  0.00000E+00  0.00000E+00  0.00000E+00  0.00000E+00  0.00000E+00
      980.0868  0.00000E+00  0.27778E-03  0.00000E+00  0.00000E+00  0.00000E+00  0.00000E+00  0.00000E+00  0.00000E+00  0.37062E+00  0.00000E+00  0.00000E+00  0.00000E+00  0.00000E+00  0.00000E+00  0.00000E+00  0.00000E+00
      988.7213  0.00000E+00  0.27778E-03  0.00000E+00  0.00000E+00  0.00000E+00  0.00000E+00  0.00000E+00  0.00000E+00  0.36513E+00  0.00000E+00  0.00000E+00  0.00000E+00  0.00000E+00  0.00000E+00  0.00000E+00  0.00000E+00
      999.9463  0.00000E+00  0.27778E-03  0.00000E+00  0.00000E+00  0.00000E+00  0.00000E+00  0.00000E+00  0.00000E+00  0.35547E+00  0.00000E+00  0.00000E+00  0.00000E+00  0.00000E+00  0.00000E+00  0.00000E+00  0.00000E+00
     1014.5387  0.00000E+00  0.27778E-03  0.00000E+00  0.00000E+00  0.00000E+00  0.00000E+00  0.00000E+00  0.00000E+00  0.33992E+00  0.00000E+00  0.00000E+00  0.00000E+00  0.00000E+00  0.00000E+00  0.00000E+00  0.00000E+00
     1033.5088  0.00000E+00  0.27778E-03  0.00000E+00  0.00000E+00  0.00000E+00  0.00000E+00  0.00000E+00  0.00000E+00  0.32186E+00  0.00000E+00  0.00000E+00  0.00000E+00  0.00000E+00  0.00000E+00  0.00000E+00  0.00000E+00
     1041.7292  0.00000E+00  0.27778E-03  0.00000E+00  0.00000E+00  0.00000E+00  0.00000E+00  0.00000E+00  0.00000E+00  0.31750E+00  0.00000E+00  0.00000E+00  0.00000E+00  0.00000E+00  0.00000E+00  0.00000E+00  0.00000E+00
     1052.4157  0.00000E+00  0.27778E-03  0.00000E+00  0.00000E+00  0.00000E+00  0.00000E+00  0.00000E+00  0.00000E+00  0.31107E+00  0.00000E+00  0.00000E+00  0.00000E+00  0.00000E+00  0.00000E+00  0.00000E+00  0.00000E+00
     1066.3082  0.00000E+00  0.27778E-03  0.00000E+00  0.00000E+00  0.00000E+00  0.00000E+00  0.00000E+00  0.00000E+00  0.30130E+00  0.00000E+00  0.00000E+00  0.00000E+00  0.00000E+00  0.00000E+00  0.00000E+00  0.00000E+00
     1084.3684  0.00000E+00  0.27778E-03  0.00000E+00  0.00000E+00  0.00000E+00  0.00000E+00  0.00000E+00  0.00000E+00  0.28954E+00  0.00000E+00  0.00000E+00  0.00000E+00  0.00000E+00  0.00000E+00  0.00000E+00  0.00000E+00
     1107.8467  0.00000E+00  0.27778E-03  0.00000E+00  0.00000E+00  0.00000E+00  0.00000E+00  0.00000E+00  0.00000E+00  0.27950E+00  0.00000E+00  0.00000E+00  0.00000E+00  0.00000E+00  0.00000E+00  0.00000E+00  0.00000E+00
     1138.3684  0.00000E+00  0.27778E-03  0.00000E+00  0.00000E+00  0.00000E+00  0.00000E+00  0.00000E+00  0.00000E+00  0.26954E+00  0.00000E+00  0.00000E+00  0.00000E+00  0.00000E+00  0.00000E+00  0.00000E+00  0.00000E+00
     1150.9364  0.00000E+00  0.27778E-03  0.00000E+00  0.00000E+00  0.00000E+00  0.00000E+00  0.00000E+00  0.00000E+00  0.27298E+00  0.00000E+00  0.00000E+00  0.00000E+00  0.00000E+00  0.00000E+00  0.00000E+00  0.00000E+00
     1163.5044  0.00000E+00  0.27778E-03  0.00000E+00  0.00000E+00  0.00000E+00  0.00000E+00  0.00000E+00  0.00000E+00  0.27543E+00  0.00000E+00  0.00000E+00  0.00000E+00  0.00000E+00  0.00000E+00  0.00000E+00  0.00000E+00
     1176.0724  0.00000E+00  0.27778E-03  0.00000E+00  0.00000E+00  0.00000E+00  0.00000E+00  0.00000E+00  0.00000E+00  0.26303E+00  0.00000E+00  0.00000E+00  0.00000E+00  0.00000E+00  0.00000E+00  0.00000E+00  0.00000E+00
     1184.8699  0.00000E+00  0.27778E-03  0.00000E+00  0.00000E+00  0.00000E+00  0.00000E+00  0.00000E+00  0.00000E+00  0.26238E+00  0.00000E+00  0.00000E+00  0.00000E+00  0.00000E+00  0.00000E+00  0.00000E+00  0.00000E+00
     1196.3068  0.00000E+00  0.27778E-03  0.00000E+00  0.00000E+00  0.00000E+00  0.00000E+00  0.00000E+00  0.00000E+00  0.25895E+00  0.00000E+00  0.00000E+00  0.00000E+00  0.00000E+00  0.00000E+00  0.00000E+00  0.00000E+00
     1211.1747  0.00000E+00  0.27778E-03  0.00000E+00  0.00000E+00  0.00000E+00  0.00000E+00  0.00000E+00  0.00000E+00  0.25589E+00  0.00000E+00  0.00000E+00  0.00000E+00  0.00000E+00  0.00000E+00  0.00000E+00  0.00000E+00
     1230.5030  0.00000E+00  0.27778E-03  0.00000E+00  0.00000E+00  0.00000E+00  0.00000E+00  0.00000E+00  0.00000E+00  0.25496E+00  0.00000E+00  0.00000E+00  0.00000E+00  0.00000E+00  0.00000E+00  0.00000E+00  0.00000E+00
     1256.6901  0.00000E+00  0.27778E-03  0.00000E+00  0.00000E+00  0.00000E+00  0.00000E+00  0.00000E+00  0.00000E+00  0.25451E+00  0.00000E+00  0.00000E+00  0.00000E+00  0.00000E+00  0.00000E+00  0.00000E+00  0.00000E+00
     1287.2418  0.00000E+00  0.27778E-03  0.00000E+00  0.00000E+00  0.00000E+00  0.00000E+00  0.00000E+00  0.00000E+00  0.25271E+00  0.00000E+00  0.00000E+00  0.00000E+00  0.00000E+00  0.00000E+00  0.00000E+00  0.00000E+00
     1325.4313  0.00000E+00  0.27778E-03  0.00000E+00  0.00000E+00  0.00000E+00  0.00000E+00  0.00000E+00  0.00000E+00  0.24953E+00  0.00000E+00  0.00000E+00  0.00000E+00  0.00000E+00  0.00000E+00  0.00000E+00  0.00000E+00
     1382.7157  0.00000E+00  0.27778E-03  0.00000E+00  0.00000E+00  0.00000E+00  0.00000E+00  0.00000E+00  0.00000E+00  0.24278E+00  0.00000E+00  0.00000E+00  0.00000E+00  0.00000E+00  0.00000E+00  0.00000E+00  0.00000E+00
     1440.0000  0.00000E+00  0.27778E-03  0.00000E+00  0.00000E+00  0.00000E+00  0.00000E+00  0.00000E+00  0.00000E+00  0.23523E+00  0.00000E+00  0.00000E+00  0.00000E+00  0.00000E+00  0.00000E+00  0.00000E+00  0.00000E+00
end
