 Welcome to HYDRUS                                                       
 
 Program HYDRUS3
 Date:  25.12.2019    Time:  10:39:31
 Time dependent boundary conditions
 
 Units: L = cm   , T = min  , M = mmol 
 

----------------------------------------------------------
 Time       [T] 0.00000000E+00
----------------------------------------------------------
 Sub-region num.                     1
----------------------------------------------------------
 Volume  [L3]        0.37804E+05  0.37804E+05
 VolumeW [L3]        0.54234E+04  0.54236E+04
 InFlow  [L3/T]      0.00000E+00  0.00000E+00
 hMean   [L]        -0.15655E+04    -1565.514
----------------------------------------------------------

----------------------------------------------------------
 Time       [T]        5.0000
----------------------------------------------------------
 Sub-region num.                     1
----------------------------------------------------------
 Volume  [L3]        0.37804E+05  0.37804E+05
 VolumeW [L3]        0.57613E+04  0.57610E+04
 InFlow  [L3/T]      0.67498E+02  0.67498E+02
 hMean   [L]        -0.47116E+03     -471.162
 WatBalT [L3]        0.49201E+00
 WatBalR [%]               0.055
----------------------------------------------------------

----------------------------------------------------------
 Time       [T]       15.0000
----------------------------------------------------------
 Sub-region num.                     1
----------------------------------------------------------
 Volume  [L3]        0.37804E+05  0.37804E+05
 VolumeW [L3]        0.64362E+04  0.64363E+04
 InFlow  [L3/T]      0.67479E+02  0.67479E+02
 hMean   [L]        -0.39328E+03     -393.282
 WatBalT [L3]        0.33280E+00
 WatBalR [%]               0.020
----------------------------------------------------------

----------------------------------------------------------
 Time       [T]       30.0000
----------------------------------------------------------
 Sub-region num.                     1
----------------------------------------------------------
 Volume  [L3]        0.37804E+05  0.37804E+05
 VolumeW [L3]        0.74485E+04  0.74489E+04
 InFlow  [L3/T]      0.67506E+02  0.67506E+02
 hMean   [L]        -0.28020E+03     -280.203
 WatBalT [L3]        0.13294E+00
 WatBalR [%]               0.005
----------------------------------------------------------

----------------------------------------------------------
 Time       [T]       60.0000
----------------------------------------------------------
 Sub-region num.                     1
----------------------------------------------------------
 Volume  [L3]        0.37804E+05  0.37804E+05
 VolumeW [L3]        0.94273E+04  0.94281E+04
 InFlow  [L3/T]      0.55810E+02  0.55810E+02
 hMean   [L]        -0.97541E+02      -97.541
 WatBalT [L3]       -0.32679E+00
 WatBalR [%]               0.007
----------------------------------------------------------

----------------------------------------------------------
 Time       [T]      120.0000
----------------------------------------------------------
 Sub-region num.                     1
----------------------------------------------------------
 Volume  [L3]        0.37804E+05  0.37804E+05
 VolumeW [L3]        0.92790E+04  0.92799E+04
 InFlow  [L3/T]     -0.92369E-01 -0.92369E-01
 hMean   [L]        -0.28125E+02      -28.125
 WatBalT [L3]       -0.15597E+00
 WatBalR [%]               0.004
----------------------------------------------------------

----------------------------------------------------------
 Time       [T]      180.0000
----------------------------------------------------------
 Sub-region num.                     1
----------------------------------------------------------
 Volume  [L3]        0.37804E+05  0.37804E+05
 VolumeW [L3]        0.92770E+04  0.92764E+04
 InFlow  [L3/T]     -0.14012E-01 -0.14012E-01
 hMean   [L]        -0.24489E+02      -24.489
 WatBalT [L3]       -0.92926E-01
 WatBalR [%]               0.002
----------------------------------------------------------

----------------------------------------------------------
 Time       [T]      240.0000
----------------------------------------------------------
 Sub-region num.                     1
----------------------------------------------------------
 Volume  [L3]        0.37804E+05  0.37804E+05
 VolumeW [L3]        0.92764E+04  0.92762E+04
 InFlow  [L3/T]     -0.94009E-02 -0.94009E-02
 hMean   [L]        -0.24219E+02      -24.219
 WatBalT [L3]       -0.43092E-01
 WatBalR [%]               0.001
----------------------------------------------------------

----------------------------------------------------------
 Time       [T]      500.0000
----------------------------------------------------------
 Sub-region num.                     1
----------------------------------------------------------
 Volume  [L3]        0.37804E+05  0.37804E+05
 VolumeW [L3]        0.92748E+04  0.92748E+04
 InFlow  [L3/T]     -0.55769E-02 -0.55769E-02
 hMean   [L]        -0.25396E+02      -25.396
 WatBalT [L3]        0.10605E+00
 WatBalR [%]               0.002
----------------------------------------------------------

----------------------------------------------------------
 Time       [T]      720.0000
----------------------------------------------------------
 Sub-region num.                     1
----------------------------------------------------------
 Volume  [L3]        0.37804E+05  0.37804E+05
 VolumeW [L3]        0.92738E+04  0.92737E+04
 InFlow  [L3/T]     -0.44529E-02 -0.44529E-02
 hMean   [L]        -0.26199E+02      -26.199
 WatBalT [L3]        0.13544E+00
 WatBalR [%]               0.003
----------------------------------------------------------

----------------------------------------------------------
 Time       [T]     1440.0000
----------------------------------------------------------
 Sub-region num.                     1
----------------------------------------------------------
 Volume  [L3]        0.37804E+05  0.37804E+05
 VolumeW [L3]        0.92721E+04  0.92720E+04
 InFlow  [L3/T]     -0.36753E-04 -0.36753E-04
 hMean   [L]        -0.27416E+02      -27.416
 WatBalT [L3]        0.64855E+00
 WatBalR [%]               0.015
----------------------------------------------------------

----------------------------------------------------------
 Time       [T]     2160.0000
----------------------------------------------------------
 Sub-region num.                     1
----------------------------------------------------------
 Volume  [L3]        0.37804E+05  0.37804E+05
 VolumeW [L3]        0.92713E+04  0.92713E+04
 InFlow  [L3/T]     -0.14899E-02 -0.14899E-02
 hMean   [L]        -0.27736E+02      -27.736
 WatBalT [L3]        0.15816E+01
 WatBalR [%]               0.037
----------------------------------------------------------

----------------------------------------------------------
 Time       [T]     2880.0000
----------------------------------------------------------
 Sub-region num.                     1
----------------------------------------------------------
 Volume  [L3]        0.37804E+05  0.37804E+05
 VolumeW [L3]        0.92700E+04  0.92702E+04
 InFlow  [L3/T]     -0.18751E-02 -0.18751E-02
 hMean   [L]        -0.27845E+02      -27.845
 WatBalT [L3]        0.18184E+01
 WatBalR [%]               0.042
----------------------------------------------------------
 
 Calculation time [sec]   45.1499999854714     
