 Welcome to HYDRUS                                                       
 
 Program HYDRUS3
 Date:  25.12.2019    Time:  10:39:31
 Time dependent boundary conditions
 
 Units: L = cm   , T = min  , M = mmol 
 

 Max. number of iterations             10
 Absolute water content tolerance [-] 0.00100
 Absolute pressure head tolerance [L] 1.00000



MatNum, Param. array:

   Mat     Qr     Qs        Alfa         n          Ks      l       Qm     Qa     Qk       Kk

    1    0.045  0.430   0.145E+00   0.268E+01   0.495E+00  0.500
    2    0.100  0.390   0.590E-01   0.148E+01   0.218E-02  0.500
    3    0.010  0.530   0.151E+00   0.275E+01   0.200E+02  0.500
    4    0.078  0.430   0.360E-01   0.156E+01   0.173E-01  0.500
    5    0.095  0.410   0.190E-01   0.131E+01   0.433E-02  0.500
    6    0.057  0.410   0.124E+00   0.228E+01   0.243E+00  0.500
    7    0.065  0.410   0.750E-01   0.189E+01   0.737E-01  0.500
    8    0.034  0.460   0.160E-01   0.137E+01   0.417E-02  0.500
    9    0.067  0.450   0.200E-01   0.141E+01   0.750E-02  0.500

       Table of Hydraulic Properties which are interpolated in simulation
       =================================================================

  theta         h        log h        C             K        log K          S
 
  0.4300  -0.100E-01 -0.2000E+01  0.0000E+00  0.4950E+00 -0.3054E+00    1.0000
  0.4300  -0.115E-01 -0.1939E+01  0.0000E+00  0.4950E+00 -0.3054E+00    1.0000
  0.4300  -0.132E-01 -0.1879E+01  0.0000E+00  0.4950E+00 -0.3054E+00    1.0000
  0.4300  -0.152E-01 -0.1818E+01  0.0000E+00  0.4950E+00 -0.3054E+00    1.0000
  0.4300  -0.175E-01 -0.1758E+01  0.0000E+00  0.4950E+00 -0.3054E+00    1.0000
  0.4300  -0.201E-01 -0.1697E+01  0.0000E+00  0.4950E+00 -0.3054E+00    1.0000
  0.4300  -0.231E-01 -0.1636E+01  0.0000E+00  0.4950E+00 -0.3054E+00    1.0000
  0.4300  -0.266E-01 -0.1576E+01  0.0000E+00  0.4950E+00 -0.3054E+00    1.0000
  0.4300  -0.305E-01 -0.1515E+01  0.0000E+00  0.4950E+00 -0.3054E+00    1.0000
  0.4300  -0.351E-01 -0.1455E+01  0.0000E+00  0.4950E+00 -0.3054E+00    1.0000
  0.4300  -0.404E-01 -0.1394E+01  0.0000E+00  0.4950E+00 -0.3054E+00    1.0000
  0.4300  -0.464E-01 -0.1333E+01  0.0000E+00  0.4950E+00 -0.3054E+00    1.0000
  0.4300  -0.534E-01 -0.1273E+01  0.0000E+00  0.4950E+00 -0.3054E+00    1.0000
  0.4300  -0.614E-01 -0.1212E+01  0.0000E+00  0.4950E+00 -0.3054E+00    1.0000
  0.4300  -0.705E-01 -0.1152E+01  0.0000E+00  0.4950E+00 -0.3054E+00    1.0000
  0.4300  -0.811E-01 -0.1091E+01  0.0000E+00  0.4950E+00 -0.3054E+00    1.0000
  0.4300  -0.933E-01 -0.1030E+01  0.0000E+00  0.4950E+00 -0.3054E+00    1.0000
  0.4300  -0.107E+00 -0.9697E+00  0.0000E+00  0.4950E+00 -0.3054E+00    1.0000
  0.4300  -0.123E+00 -0.9091E+00  0.0000E+00  0.4950E+00 -0.3054E+00    1.0000
  0.4300  -0.142E+00 -0.8485E+00  0.0000E+00  0.4950E+00 -0.3054E+00    1.0000
  0.4300  -0.163E+00 -0.7879E+00  0.0000E+00  0.4950E+00 -0.3054E+00    1.0000
  0.4300  -0.187E+00 -0.7273E+00  0.0000E+00  0.4950E+00 -0.3054E+00    1.0000
  0.4300  -0.215E+00 -0.6667E+00  0.0000E+00  0.4950E+00 -0.3054E+00    1.0000
  0.4300  -0.248E+00 -0.6061E+00  0.0000E+00  0.4950E+00 -0.3054E+00    1.0000
  0.4300  -0.285E+00 -0.5455E+00  0.0000E+00  0.4950E+00 -0.3054E+00    1.0000
  0.4300  -0.327E+00 -0.4848E+00  0.0000E+00  0.4950E+00 -0.3054E+00    1.0000
  0.4300  -0.376E+00 -0.4242E+00  0.0000E+00  0.4950E+00 -0.3054E+00    1.0000
  0.4300  -0.433E+00 -0.3636E+00  0.0000E+00  0.4950E+00 -0.3054E+00    1.0000
  0.4300  -0.498E+00 -0.3030E+00  0.0000E+00  0.4950E+00 -0.3054E+00    1.0000
  0.4300  -0.572E+00 -0.2424E+00  0.0000E+00  0.4950E+00 -0.3054E+00    1.0000
  0.4300  -0.658E+00 -0.1818E+00  0.0000E+00  0.4950E+00 -0.3054E+00    1.0000
  0.4300  -0.756E+00 -0.1212E+00  0.0000E+00  0.4950E+00 -0.3054E+00    1.0000
  0.4300  -0.870E+00 -0.6061E-01  0.0000E+00  0.4950E+00 -0.3054E+00    1.0000
  0.4300  -0.100E+01  0.0000E+00  0.0000E+00  0.4950E+00 -0.3054E+00    1.0000
  0.4300  -0.115E+01  0.6061E-01  0.0000E+00  0.4950E+00 -0.3054E+00    1.0000
  0.4300  -0.132E+01  0.1212E+00  0.0000E+00  0.4950E+00 -0.3054E+00    1.0000
  0.4300  -0.152E+01  0.1818E+00  0.0000E+00  0.4950E+00 -0.3054E+00    1.0000
  0.4300  -0.175E+01  0.2424E+00  0.0000E+00  0.4950E+00 -0.3054E+00    1.0000
  0.4299  -0.201E+01  0.3030E+00  0.1139E-01  0.4939E+00 -0.3064E+00    0.9997
  0.4261  -0.231E+01  0.3636E+00  0.1403E-01  0.4573E+00 -0.3398E+00    0.9898
  0.4207  -0.266E+01  0.4242E+00  0.1710E-01  0.4142E+00 -0.3828E+00    0.9758
  0.4132  -0.305E+01  0.4848E+00  0.2051E-01  0.3648E+00 -0.4379E+00    0.9564
  0.4030  -0.351E+01  0.5455E+00  0.2411E-01  0.3101E+00 -0.5086E+00    0.9298
  0.3894  -0.404E+01  0.6061E+00  0.2756E-01  0.2522E+00 -0.5983E+00    0.8944
  0.3718  -0.464E+01  0.6667E+00  0.3041E-01  0.1945E+00 -0.7111E+00    0.8488
  0.3499  -0.534E+01  0.7273E+00  0.3213E-01  0.1410E+00 -0.8509E+00    0.7921
  0.3241  -0.614E+01  0.7879E+00  0.3227E-01  0.9532E-01 -0.1021E+01    0.7249
  0.2951  -0.705E+01  0.8485E+00  0.3068E-01  0.5991E-01 -0.1223E+01    0.6495
  0.2642  -0.811E+01  0.9091E+00  0.2756E-01  0.3500E-01 -0.1456E+01    0.5694
  0.2332  -0.933E+01  0.9697E+00  0.2346E-01  0.1910E-01 -0.1719E+01    0.4889
  0.2036  -0.107E+02  0.1030E+01  0.1902E-01  0.9814E-02 -0.2008E+01    0.4120
  0.1766  -0.123E+02  0.1091E+01  0.1481E-01  0.4796E-02 -0.2319E+01    0.3418
  0.1528  -0.142E+02  0.1152E+01  0.1116E-01  0.2252E-02 -0.2647E+01    0.2800
  0.1325  -0.163E+02  0.1212E+01  0.8197E-02  0.1026E-02 -0.2989E+01    0.2272
  0.1154  -0.187E+02  0.1273E+01  0.5909E-02  0.4567E-03 -0.3340E+01    0.1830
  0.1014  -0.215E+02  0.1333E+01  0.4202E-02  0.2000E-03 -0.3699E+01    0.1466
  0.0900  -0.248E+02  0.1394E+01  0.2958E-02  0.8653E-04 -0.4063E+01    0.1170
  0.0808  -0.285E+02  0.1455E+01  0.2068E-02  0.3713E-04 -0.4430E+01    0.0931
  0.0735  -0.327E+02  0.1515E+01  0.1439E-02  0.1584E-04 -0.4800E+01    0.0740
  0.0676  -0.376E+02  0.1576E+01  0.9975E-03  0.6729E-05 -0.5172E+01    0.0587
  0.0629  -0.433E+02  0.1636E+01  0.6899E-03  0.2851E-05 -0.5545E+01    0.0465
  0.0592  -0.498E+02  0.1697E+01  0.4764E-03  0.1205E-05 -0.5919E+01    0.0368
  0.0562  -0.572E+02  0.1758E+01  0.3286E-03  0.5090E-06 -0.6293E+01    0.0292
  0.0539  -0.658E+02  0.1818E+01  0.2264E-03  0.2147E-06 -0.6668E+01    0.0231
  0.0520  -0.756E+02  0.1879E+01  0.1560E-03  0.9051E-07 -0.7043E+01    0.0183
  0.0506  -0.870E+02  0.1939E+01  0.1074E-03  0.3814E-07 -0.7419E+01    0.0145
  0.0494  -0.100E+03  0.2000E+01  0.7393E-04  0.1607E-07 -0.7794E+01    0.0114
  0.0485  -0.115E+03  0.2061E+01  0.5088E-04  0.6766E-08 -0.8170E+01    0.0090
  0.0478  -0.132E+03  0.2121E+01  0.3502E-04  0.2849E-08 -0.8545E+01    0.0072
  0.0472  -0.152E+03  0.2182E+01  0.2409E-04  0.1200E-08 -0.8921E+01    0.0057
  0.0467  -0.175E+03  0.2242E+01  0.1658E-04  0.5051E-09 -0.9297E+01    0.0045
  0.0464  -0.201E+03  0.2303E+01  0.1141E-04  0.2126E-09 -0.9672E+01    0.0035
  0.0461  -0.231E+03  0.2364E+01  0.7848E-05  0.8952E-10 -0.1005E+02    0.0028
  0.0459  -0.266E+03  0.2424E+01  0.5400E-05  0.3769E-10 -0.1042E+02    0.0022
  0.0457  -0.305E+03  0.2485E+01  0.3715E-05  0.1587E-10 -0.1080E+02    0.0018
  0.0455  -0.351E+03  0.2545E+01  0.2556E-05  0.6679E-11 -0.1118E+02    0.0014
  0.0454  -0.404E+03  0.2606E+01  0.1758E-05  0.2812E-11 -0.1155E+02    0.0011
  0.0453  -0.464E+03  0.2667E+01  0.1210E-05  0.1184E-11 -0.1193E+02    0.0009
  0.0453  -0.534E+03  0.2727E+01  0.8323E-06  0.4982E-12 -0.1230E+02    0.0007
  0.0452  -0.614E+03  0.2788E+01  0.5726E-06  0.2097E-12 -0.1268E+02    0.0005
  0.0452  -0.705E+03  0.2848E+01  0.3939E-06  0.8829E-13 -0.1305E+02    0.0004
  0.0451  -0.811E+03  0.2909E+01  0.2710E-06  0.3717E-13 -0.1343E+02    0.0003
  0.0451  -0.933E+03  0.2970E+01  0.1865E-06  0.1565E-13 -0.1381E+02    0.0003
  0.0451  -0.107E+04  0.3030E+01  0.1283E-06  0.6587E-14 -0.1418E+02    0.0002
  0.0451  -0.123E+04  0.3091E+01  0.8825E-07  0.2773E-14 -0.1456E+02    0.0002
  0.0451  -0.142E+04  0.3152E+01  0.6072E-07  0.1167E-14 -0.1493E+02    0.0001
  0.0450  -0.163E+04  0.3212E+01  0.4177E-07  0.4914E-15 -0.1531E+02    0.0001
  0.0450  -0.187E+04  0.3273E+01  0.2874E-07  0.2068E-15 -0.1568E+02    0.0001
  0.0450  -0.215E+04  0.3333E+01  0.1977E-07  0.8707E-16 -0.1606E+02    0.0001
  0.0450  -0.248E+04  0.3394E+01  0.1360E-07  0.3665E-16 -0.1644E+02    0.0001
  0.0450  -0.285E+04  0.3455E+01  0.9358E-08  0.1543E-16 -0.1681E+02    0.0000
  0.0450  -0.327E+04  0.3515E+01  0.6438E-08  0.6495E-17 -0.1719E+02    0.0000
  0.0450  -0.376E+04  0.3576E+01  0.4429E-08  0.2734E-17 -0.1756E+02    0.0000
  0.0450  -0.433E+04  0.3636E+01  0.3047E-08  0.1151E-17 -0.1794E+02    0.0000
  0.0450  -0.498E+04  0.3697E+01  0.2096E-08  0.4845E-18 -0.1831E+02    0.0000
  0.0450  -0.572E+04  0.3758E+01  0.1442E-08  0.2040E-18 -0.1869E+02    0.0000
  0.0450  -0.658E+04  0.3818E+01  0.9923E-09  0.8587E-19 -0.1907E+02    0.0000
  0.0450  -0.756E+04  0.3879E+01  0.6827E-09  0.3615E-19 -0.1944E+02    0.0000
  0.0450  -0.870E+04  0.3939E+01  0.4697E-09  0.1522E-19 -0.1982E+02    0.0000
  0.0450  -0.100E+05  0.4000E+01  0.3231E-09  0.6405E-20 -0.2019E+02    0.0000
end
 
  0.3900  -0.100E-01 -0.2000E+01  0.0000E+00  0.2183E-02 -0.2661E+01    1.0000
  0.3900  -0.115E-01 -0.1939E+01  0.0000E+00  0.2183E-02 -0.2661E+01    1.0000
  0.3900  -0.132E-01 -0.1879E+01  0.0000E+00  0.2183E-02 -0.2661E+01    1.0000
  0.3900  -0.152E-01 -0.1818E+01  0.0000E+00  0.2183E-02 -0.2661E+01    1.0000
  0.3900  -0.175E-01 -0.1758E+01  0.0000E+00  0.2183E-02 -0.2661E+01    1.0000
  0.3900  -0.201E-01 -0.1697E+01  0.0000E+00  0.2183E-02 -0.2661E+01    1.0000
  0.3900  -0.231E-01 -0.1636E+01  0.0000E+00  0.2183E-02 -0.2661E+01    1.0000
  0.3900  -0.266E-01 -0.1576E+01  0.0000E+00  0.2183E-02 -0.2661E+01    1.0000
  0.3900  -0.305E-01 -0.1515E+01  0.0000E+00  0.2183E-02 -0.2661E+01    1.0000
  0.3900  -0.351E-01 -0.1455E+01  0.0000E+00  0.2183E-02 -0.2661E+01    1.0000
  0.3900  -0.404E-01 -0.1394E+01  0.0000E+00  0.2183E-02 -0.2661E+01    1.0000
  0.3900  -0.464E-01 -0.1333E+01  0.0000E+00  0.2183E-02 -0.2661E+01    1.0000
  0.3900  -0.534E-01 -0.1273E+01  0.0000E+00  0.2183E-02 -0.2661E+01    1.0000
  0.3900  -0.614E-01 -0.1212E+01  0.0000E+00  0.2183E-02 -0.2661E+01    1.0000
  0.3900  -0.705E-01 -0.1152E+01  0.0000E+00  0.2183E-02 -0.2661E+01    1.0000
  0.3900  -0.811E-01 -0.1091E+01  0.0000E+00  0.2183E-02 -0.2661E+01    1.0000
  0.3900  -0.933E-01 -0.1030E+01  0.0000E+00  0.2183E-02 -0.2661E+01    1.0000
  0.3900  -0.107E+00 -0.9697E+00  0.0000E+00  0.2183E-02 -0.2661E+01    1.0000
  0.3900  -0.123E+00 -0.9091E+00  0.0000E+00  0.2183E-02 -0.2661E+01    1.0000
  0.3900  -0.142E+00 -0.8485E+00  0.0000E+00  0.2183E-02 -0.2661E+01    1.0000
  0.3900  -0.163E+00 -0.7879E+00  0.0000E+00  0.2183E-02 -0.2661E+01    1.0000
  0.3900  -0.187E+00 -0.7273E+00  0.0000E+00  0.2183E-02 -0.2661E+01    1.0000
  0.3900  -0.215E+00 -0.6667E+00  0.0000E+00  0.2183E-02 -0.2661E+01    1.0000
  0.3900  -0.248E+00 -0.6061E+00  0.0000E+00  0.2183E-02 -0.2661E+01    1.0000
  0.3900  -0.285E+00 -0.5455E+00  0.0000E+00  0.2183E-02 -0.2661E+01    1.0000
  0.3900  -0.327E+00 -0.4848E+00  0.0000E+00  0.2183E-02 -0.2661E+01    1.0000
  0.3900  -0.376E+00 -0.4242E+00  0.0000E+00  0.2183E-02 -0.2661E+01    1.0000
  0.3900  -0.433E+00 -0.3636E+00  0.0000E+00  0.2183E-02 -0.2661E+01    1.0000
  0.3900  -0.498E+00 -0.3030E+00  0.0000E+00  0.2183E-02 -0.2661E+01    1.0000
  0.3900  -0.572E+00 -0.2424E+00  0.0000E+00  0.2183E-02 -0.2661E+01    1.0000
  0.3900  -0.658E+00 -0.1818E+00  0.0000E+00  0.2183E-02 -0.2661E+01    1.0000
  0.3900  -0.756E+00 -0.1212E+00  0.0000E+00  0.2183E-02 -0.2661E+01    1.0000
  0.3900  -0.870E+00 -0.6061E-01  0.0000E+00  0.2183E-02 -0.2661E+01    1.0000
  0.3900  -0.100E+01  0.0000E+00  0.0000E+00  0.2183E-02 -0.2661E+01    1.0000
  0.3900  -0.115E+01  0.6061E-01  0.0000E+00  0.2183E-02 -0.2661E+01    1.0000
  0.3900  -0.132E+01  0.1212E+00  0.0000E+00  0.2183E-02 -0.2661E+01    1.0000
  0.3900  -0.152E+01  0.1818E+00  0.0000E+00  0.2183E-02 -0.2661E+01    1.0000
  0.3900  -0.175E+01  0.2424E+00  0.0000E+00  0.2183E-02 -0.2661E+01    1.0000
  0.3900  -0.201E+01  0.3030E+00  0.2830E-02  0.2178E-02 -0.2662E+01    0.9999
  0.3891  -0.231E+01  0.3636E+00  0.2989E-02  0.2020E-02 -0.2695E+01    0.9969
  0.3880  -0.266E+01  0.4242E+00  0.3148E-02  0.1859E-02 -0.2731E+01    0.9932
  0.3868  -0.305E+01  0.4848E+00  0.3306E-02  0.1697E-02 -0.2770E+01    0.9888
  0.3852  -0.351E+01  0.5455E+00  0.3457E-02  0.1535E-02 -0.2814E+01    0.9835
  0.3833  -0.404E+01  0.6061E+00  0.3600E-02  0.1375E-02 -0.2862E+01    0.9771
  0.3811  -0.464E+01  0.6667E+00  0.3728E-02  0.1217E-02 -0.2915E+01    0.9694
  0.3785  -0.534E+01  0.7273E+00  0.3836E-02  0.1065E-02 -0.2973E+01    0.9603
  0.3754  -0.614E+01  0.7879E+00  0.3918E-02  0.9187E-03 -0.3037E+01    0.9496
  0.3718  -0.705E+01  0.8485E+00  0.3969E-02  0.7812E-03 -0.3107E+01    0.9371
  0.3676  -0.811E+01  0.9091E+00  0.3982E-02  0.6540E-03 -0.3184E+01    0.9226
  0.3627  -0.933E+01  0.9697E+00  0.3953E-02  0.5384E-03 -0.3269E+01    0.9060
  0.3573  -0.107E+02  0.1030E+01  0.3879E-02  0.4355E-03 -0.3361E+01    0.8871
  0.3511  -0.123E+02  0.1091E+01  0.3758E-02  0.3458E-03 -0.3461E+01    0.8660
  0.3443  -0.142E+02  0.1152E+01  0.3593E-02  0.2696E-03 -0.3569E+01    0.8426
  0.3369  -0.163E+02  0.1212E+01  0.3388E-02  0.2062E-03 -0.3686E+01    0.8170
  0.3290  -0.187E+02  0.1273E+01  0.3150E-02  0.1549E-03 -0.3810E+01    0.7895
  0.3205  -0.215E+02  0.1333E+01  0.2888E-02  0.1142E-03 -0.3942E+01    0.7603
  0.3116  -0.248E+02  0.1394E+01  0.2611E-02  0.8278E-04 -0.4082E+01    0.7297
  0.3025  -0.285E+02  0.1455E+01  0.2331E-02  0.5904E-04 -0.4229E+01    0.6982
  0.2931  -0.327E+02  0.1515E+01  0.2055E-02  0.4149E-04 -0.4382E+01    0.6660
  0.2837  -0.376E+02  0.1576E+01  0.1792E-02  0.2877E-04 -0.4541E+01    0.6335
  0.2743  -0.433E+02  0.1636E+01  0.1547E-02  0.1971E-04 -0.4705E+01    0.6011
  0.2651  -0.498E+02  0.1697E+01  0.1323E-02  0.1336E-04 -0.4874E+01    0.5692
  0.2560  -0.572E+02  0.1758E+01  0.1123E-02  0.8969E-05 -0.5047E+01    0.5378
  0.2471  -0.658E+02  0.1818E+01  0.9464E-03  0.5975E-05 -0.5224E+01    0.5074
  0.2386  -0.756E+02  0.1879E+01  0.7929E-03  0.3954E-05 -0.5403E+01    0.4780
  0.2304  -0.870E+02  0.1939E+01  0.6610E-03  0.2601E-05 -0.5585E+01    0.4497
  0.2226  -0.100E+03  0.2000E+01  0.5487E-03  0.1703E-05 -0.5769E+01    0.4227
  0.2151  -0.115E+03  0.2061E+01  0.4538E-03  0.1110E-05 -0.5954E+01    0.3969
  0.2080  -0.132E+03  0.2121E+01  0.3743E-03  0.7216E-06 -0.6142E+01    0.3724
  0.2013  -0.152E+03  0.2182E+01  0.3079E-03  0.4677E-06 -0.6330E+01    0.3493
  0.1949  -0.175E+03  0.2242E+01  0.2528E-03  0.3024E-06 -0.6519E+01    0.3274
  0.1890  -0.201E+03  0.2303E+01  0.2072E-03  0.1951E-06 -0.6710E+01    0.3068
  0.1833  -0.231E+03  0.2364E+01  0.1696E-03  0.1257E-06 -0.6901E+01    0.2873
  0.1780  -0.266E+03  0.2424E+01  0.1386E-03  0.8090E-07 -0.7092E+01    0.2690
  0.1730  -0.305E+03  0.2485E+01  0.1132E-03  0.5200E-07 -0.7284E+01    0.2519
  0.1684  -0.351E+03  0.2545E+01  0.9242E-04  0.3340E-07 -0.7476E+01    0.2357
  0.1640  -0.404E+03  0.2606E+01  0.7538E-04  0.2144E-07 -0.7669E+01    0.2206
  0.1599  -0.464E+03  0.2667E+01  0.6145E-04  0.1375E-07 -0.7862E+01    0.2064
  0.1560  -0.534E+03  0.2727E+01  0.5008E-04  0.8816E-08 -0.8055E+01    0.1931
  0.1524  -0.614E+03  0.2788E+01  0.4079E-04  0.5650E-08 -0.8248E+01    0.1807
  0.1490  -0.705E+03  0.2848E+01  0.3322E-04  0.3620E-08 -0.8441E+01    0.1690
  0.1459  -0.811E+03  0.2909E+01  0.2705E-04  0.2319E-08 -0.8635E+01    0.1581
  0.1429  -0.933E+03  0.2970E+01  0.2202E-04  0.1485E-08 -0.8828E+01    0.1479
  0.1401  -0.107E+04  0.3030E+01  0.1792E-04  0.9508E-09 -0.9022E+01    0.1383
  0.1375  -0.123E+04  0.3091E+01  0.1459E-04  0.6087E-09 -0.9216E+01    0.1294
  0.1351  -0.142E+04  0.3152E+01  0.1187E-04  0.3896E-09 -0.9409E+01    0.1210
  0.1328  -0.163E+04  0.3212E+01  0.9657E-05  0.2494E-09 -0.9603E+01    0.1132
  0.1307  -0.187E+04  0.3273E+01  0.7858E-05  0.1596E-09 -0.9797E+01    0.1059
  0.1287  -0.215E+04  0.3333E+01  0.6393E-05  0.1022E-09 -0.9991E+01    0.0990
  0.1269  -0.248E+04  0.3394E+01  0.5201E-05  0.6538E-10 -0.1018E+02    0.0926
  0.1251  -0.285E+04  0.3455E+01  0.4231E-05  0.4184E-10 -0.1038E+02    0.0866
  0.1235  -0.327E+04  0.3515E+01  0.3442E-05  0.2677E-10 -0.1057E+02    0.0810
  0.1220  -0.376E+04  0.3576E+01  0.2800E-05  0.1713E-10 -0.1077E+02    0.0758
  0.1205  -0.433E+04  0.3636E+01  0.2278E-05  0.1096E-10 -0.1096E+02    0.0708
  0.1192  -0.498E+04  0.3697E+01  0.1853E-05  0.7014E-11 -0.1115E+02    0.0663
  0.1180  -0.572E+04  0.3758E+01  0.1507E-05  0.4488E-11 -0.1135E+02    0.0620
  0.1168  -0.658E+04  0.3818E+01  0.1226E-05  0.2872E-11 -0.1154E+02    0.0580
  0.1157  -0.756E+04  0.3879E+01  0.9972E-06  0.1838E-11 -0.1174E+02    0.0542
  0.1147  -0.870E+04  0.3939E+01  0.8112E-06  0.1176E-11 -0.1193E+02    0.0507
  0.1137  -0.100E+05  0.4000E+01  0.6598E-06  0.7523E-12 -0.1212E+02    0.0474
end
 
  0.5300  -0.100E-01 -0.2000E+01  0.0000E+00  0.2000E+02  0.1301E+01    1.0000
  0.5300  -0.115E-01 -0.1939E+01  0.0000E+00  0.2000E+02  0.1301E+01    1.0000
  0.5300  -0.132E-01 -0.1879E+01  0.0000E+00  0.2000E+02  0.1301E+01    1.0000
  0.5300  -0.152E-01 -0.1818E+01  0.0000E+00  0.2000E+02  0.1301E+01    1.0000
  0.5300  -0.175E-01 -0.1758E+01  0.0000E+00  0.2000E+02  0.1301E+01    1.0000
  0.5300  -0.201E-01 -0.1697E+01  0.0000E+00  0.2000E+02  0.1301E+01    1.0000
  0.5300  -0.231E-01 -0.1636E+01  0.0000E+00  0.2000E+02  0.1301E+01    1.0000
  0.5300  -0.266E-01 -0.1576E+01  0.0000E+00  0.2000E+02  0.1301E+01    1.0000
  0.5300  -0.305E-01 -0.1515E+01  0.0000E+00  0.2000E+02  0.1301E+01    1.0000
  0.5300  -0.351E-01 -0.1455E+01  0.0000E+00  0.2000E+02  0.1301E+01    1.0000
  0.5300  -0.404E-01 -0.1394E+01  0.0000E+00  0.2000E+02  0.1301E+01    1.0000
  0.5300  -0.464E-01 -0.1333E+01  0.0000E+00  0.2000E+02  0.1301E+01    1.0000
  0.5300  -0.534E-01 -0.1273E+01  0.0000E+00  0.2000E+02  0.1301E+01    1.0000
  0.5300  -0.614E-01 -0.1212E+01  0.0000E+00  0.2000E+02  0.1301E+01    1.0000
  0.5300  -0.705E-01 -0.1152E+01  0.0000E+00  0.2000E+02  0.1301E+01    1.0000
  0.5300  -0.811E-01 -0.1091E+01  0.0000E+00  0.2000E+02  0.1301E+01    1.0000
  0.5300  -0.933E-01 -0.1030E+01  0.0000E+00  0.2000E+02  0.1301E+01    1.0000
  0.5300  -0.107E+00 -0.9697E+00  0.0000E+00  0.2000E+02  0.1301E+01    1.0000
  0.5300  -0.123E+00 -0.9091E+00  0.0000E+00  0.2000E+02  0.1301E+01    1.0000
  0.5300  -0.142E+00 -0.8485E+00  0.0000E+00  0.2000E+02  0.1301E+01    1.0000
  0.5300  -0.163E+00 -0.7879E+00  0.0000E+00  0.2000E+02  0.1301E+01    1.0000
  0.5300  -0.187E+00 -0.7273E+00  0.0000E+00  0.2000E+02  0.1301E+01    1.0000
  0.5300  -0.215E+00 -0.6667E+00  0.0000E+00  0.2000E+02  0.1301E+01    1.0000
  0.5300  -0.248E+00 -0.6061E+00  0.0000E+00  0.2000E+02  0.1301E+01    1.0000
  0.5300  -0.285E+00 -0.5455E+00  0.0000E+00  0.2000E+02  0.1301E+01    1.0000
  0.5300  -0.327E+00 -0.4848E+00  0.0000E+00  0.2000E+02  0.1301E+01    1.0000
  0.5300  -0.376E+00 -0.4242E+00  0.0000E+00  0.2000E+02  0.1301E+01    1.0000
  0.5300  -0.433E+00 -0.3636E+00  0.0000E+00  0.2000E+02  0.1301E+01    1.0000
  0.5300  -0.498E+00 -0.3030E+00  0.0000E+00  0.2000E+02  0.1301E+01    1.0000
  0.5300  -0.572E+00 -0.2424E+00  0.0000E+00  0.2000E+02  0.1301E+01    1.0000
  0.5300  -0.658E+00 -0.1818E+00  0.0000E+00  0.2000E+02  0.1301E+01    1.0000
  0.5300  -0.756E+00 -0.1212E+00  0.0000E+00  0.2000E+02  0.1301E+01    1.0000
  0.5300  -0.870E+00 -0.6061E-01  0.0000E+00  0.2000E+02  0.1301E+01    1.0000
  0.5300  -0.100E+01  0.0000E+00  0.0000E+00  0.2000E+02  0.1301E+01    1.0000
  0.5300  -0.115E+01  0.6061E-01  0.0000E+00  0.2000E+02  0.1301E+01    1.0000
  0.5300  -0.132E+01  0.1212E+00  0.0000E+00  0.2000E+02  0.1301E+01    1.0000
  0.5300  -0.152E+01  0.1818E+00  0.0000E+00  0.2000E+02  0.1301E+01    1.0000
  0.5300  -0.175E+01  0.2424E+00  0.0000E+00  0.2000E+02  0.1301E+01    1.0000
  0.5298  -0.201E+01  0.3030E+00  0.1642E-01  0.1995E+02  0.1300E+01    0.9997
  0.5243  -0.231E+01  0.3636E+00  0.2039E-01  0.1843E+02  0.1266E+01    0.9891
  0.5165  -0.266E+01  0.4242E+00  0.2502E-01  0.1663E+02  0.1221E+01    0.9740
  0.5055  -0.305E+01  0.4848E+00  0.3019E-01  0.1456E+02  0.1163E+01    0.9528
  0.4904  -0.351E+01  0.5455E+00  0.3560E-01  0.1226E+02  0.1089E+01    0.9238
  0.4703  -0.404E+01  0.6061E+00  0.4071E-01  0.9842E+01  0.9931E+00    0.8851
  0.4443  -0.464E+01  0.6667E+00  0.4477E-01  0.7455E+01  0.8724E+00    0.8352
  0.4123  -0.534E+01  0.7273E+00  0.4694E-01  0.5278E+01  0.7225E+00    0.7737
  0.3748  -0.614E+01  0.7879E+00  0.4658E-01  0.3468E+01  0.5401E+00    0.7015
  0.3332  -0.705E+01  0.8485E+00  0.4356E-01  0.2108E+01  0.3239E+00    0.6215
  0.2898  -0.811E+01  0.9091E+00  0.3839E-01  0.1187E+01  0.7461E-01    0.5381
  0.2471  -0.933E+01  0.9697E+00  0.3200E-01  0.6238E+00 -0.2050E+00    0.4559
  0.2071  -0.107E+02  0.1030E+01  0.2542E-01  0.3085E+00 -0.5107E+00    0.3791
  0.1714  -0.123E+02  0.1091E+01  0.1939E-01  0.1453E+00 -0.8377E+00    0.3103
  0.1405  -0.142E+02  0.1152E+01  0.1434E-01  0.6589E-01 -0.1181E+01    0.2509
  0.1146  -0.163E+02  0.1212E+01  0.1036E-01  0.2903E-01 -0.1537E+01    0.2011
  0.0932  -0.187E+02  0.1273E+01  0.7351E-02  0.1253E-01 -0.1902E+01    0.1600
  0.0759  -0.215E+02  0.1333E+01  0.5153E-02  0.5324E-02 -0.2274E+01    0.1268
  0.0620  -0.248E+02  0.1394E+01  0.3580E-02  0.2239E-02 -0.2650E+01    0.1001
  0.0510  -0.285E+02  0.1455E+01  0.2473E-02  0.9349E-03 -0.3029E+01    0.0788
  0.0422  -0.327E+02  0.1515E+01  0.1700E-02  0.3884E-03 -0.3411E+01    0.0619
  0.0353  -0.376E+02  0.1576E+01  0.1166E-02  0.1608E-03 -0.3794E+01    0.0486
  0.0298  -0.433E+02  0.1636E+01  0.7977E-03  0.6639E-04 -0.4178E+01    0.0382
  0.0256  -0.498E+02  0.1697E+01  0.5451E-03  0.2737E-04 -0.4563E+01    0.0299
  0.0222  -0.572E+02  0.1758E+01  0.3721E-03  0.1127E-04 -0.4948E+01    0.0235
  0.0196  -0.658E+02  0.1818E+01  0.2539E-03  0.4638E-05 -0.5334E+01    0.0184
  0.0175  -0.756E+02  0.1879E+01  0.1731E-03  0.1907E-05 -0.5720E+01    0.0144
  0.0159  -0.870E+02  0.1939E+01  0.1180E-03  0.7841E-06 -0.6106E+01    0.0113
  0.0146  -0.100E+03  0.2000E+01  0.8045E-04  0.3223E-06 -0.6492E+01    0.0088
  0.0136  -0.115E+03  0.2061E+01  0.5482E-04  0.1324E-06 -0.6878E+01    0.0069
  0.0128  -0.132E+03  0.2121E+01  0.3736E-04  0.5442E-07 -0.7264E+01    0.0054
  0.0122  -0.152E+03  0.2182E+01  0.2546E-04  0.2236E-07 -0.7651E+01    0.0043
  0.0117  -0.175E+03  0.2242E+01  0.1734E-04  0.9187E-08 -0.8037E+01    0.0033
  0.0114  -0.201E+03  0.2303E+01  0.1182E-04  0.3774E-08 -0.8423E+01    0.0026
  0.0111  -0.231E+03  0.2364E+01  0.8051E-05  0.1551E-08 -0.8809E+01    0.0020
  0.0108  -0.266E+03  0.2424E+01  0.5486E-05  0.6370E-09 -0.9196E+01    0.0016
  0.0107  -0.305E+03  0.2485E+01  0.3737E-05  0.2617E-09 -0.9582E+01    0.0013
  0.0105  -0.351E+03  0.2545E+01  0.2546E-05  0.1075E-09 -0.9969E+01    0.0010
  0.0104  -0.404E+03  0.2606E+01  0.1735E-05  0.4417E-10 -0.1035E+02    0.0008
  0.0103  -0.464E+03  0.2667E+01  0.1182E-05  0.1814E-10 -0.1074E+02    0.0006
  0.0102  -0.534E+03  0.2727E+01  0.8052E-06  0.7454E-11 -0.1113E+02    0.0005
  0.0102  -0.614E+03  0.2788E+01  0.5486E-06  0.3062E-11 -0.1151E+02    0.0004
  0.0102  -0.705E+03  0.2848E+01  0.3737E-06  0.1258E-11 -0.1190E+02    0.0003
  0.0101  -0.811E+03  0.2909E+01  0.2546E-06  0.5168E-12 -0.1229E+02    0.0002
  0.0101  -0.933E+03  0.2970E+01  0.1735E-06  0.2123E-12 -0.1267E+02    0.0002
  0.0101  -0.107E+04  0.3030E+01  0.1182E-06  0.8721E-13 -0.1306E+02    0.0001
  0.0101  -0.123E+04  0.3091E+01  0.8052E-07  0.3583E-13 -0.1345E+02    0.0001
  0.0100  -0.142E+04  0.3152E+01  0.5486E-07  0.1472E-13 -0.1383E+02    0.0001
  0.0100  -0.163E+04  0.3212E+01  0.3737E-07  0.6046E-14 -0.1422E+02    0.0001
  0.0100  -0.187E+04  0.3273E+01  0.2546E-07  0.2484E-14 -0.1460E+02    0.0001
  0.0100  -0.215E+04  0.3333E+01  0.1735E-07  0.1020E-14 -0.1499E+02    0.0000
  0.0100  -0.248E+04  0.3394E+01  0.1182E-07  0.4192E-15 -0.1538E+02    0.0000
  0.0100  -0.285E+04  0.3455E+01  0.8052E-08  0.1722E-15 -0.1576E+02    0.0000
  0.0100  -0.327E+04  0.3515E+01  0.5486E-08  0.7074E-16 -0.1615E+02    0.0000
  0.0100  -0.376E+04  0.3576E+01  0.3737E-08  0.2906E-16 -0.1654E+02    0.0000
  0.0100  -0.433E+04  0.3636E+01  0.2546E-08  0.1194E-16 -0.1692E+02    0.0000
  0.0100  -0.498E+04  0.3697E+01  0.1735E-08  0.4904E-17 -0.1731E+02    0.0000
  0.0100  -0.572E+04  0.3758E+01  0.1182E-08  0.2015E-17 -0.1770E+02    0.0000
  0.0100  -0.658E+04  0.3818E+01  0.8052E-09  0.8276E-18 -0.1808E+02    0.0000
  0.0100  -0.756E+04  0.3879E+01  0.5486E-09  0.3400E-18 -0.1847E+02    0.0000
  0.0100  -0.870E+04  0.3939E+01  0.3737E-09  0.1397E-18 -0.1885E+02    0.0000
  0.0100  -0.100E+05  0.4000E+01  0.2546E-09  0.5738E-19 -0.1924E+02    0.0000
end
 
  0.4300  -0.100E-01 -0.2000E+01  0.0000E+00  0.1733E-01 -0.1761E+01    1.0000
  0.4300  -0.115E-01 -0.1939E+01  0.0000E+00  0.1733E-01 -0.1761E+01    1.0000
  0.4300  -0.132E-01 -0.1879E+01  0.0000E+00  0.1733E-01 -0.1761E+01    1.0000
  0.4300  -0.152E-01 -0.1818E+01  0.0000E+00  0.1733E-01 -0.1761E+01    1.0000
  0.4300  -0.175E-01 -0.1758E+01  0.0000E+00  0.1733E-01 -0.1761E+01    1.0000
  0.4300  -0.201E-01 -0.1697E+01  0.0000E+00  0.1733E-01 -0.1761E+01    1.0000
  0.4300  -0.231E-01 -0.1636E+01  0.0000E+00  0.1733E-01 -0.1761E+01    1.0000
  0.4300  -0.266E-01 -0.1576E+01  0.0000E+00  0.1733E-01 -0.1761E+01    1.0000
  0.4300  -0.305E-01 -0.1515E+01  0.0000E+00  0.1733E-01 -0.1761E+01    1.0000
  0.4300  -0.351E-01 -0.1455E+01  0.0000E+00  0.1733E-01 -0.1761E+01    1.0000
  0.4300  -0.404E-01 -0.1394E+01  0.0000E+00  0.1733E-01 -0.1761E+01    1.0000
  0.4300  -0.464E-01 -0.1333E+01  0.0000E+00  0.1733E-01 -0.1761E+01    1.0000
  0.4300  -0.534E-01 -0.1273E+01  0.0000E+00  0.1733E-01 -0.1761E+01    1.0000
  0.4300  -0.614E-01 -0.1212E+01  0.0000E+00  0.1733E-01 -0.1761E+01    1.0000
  0.4300  -0.705E-01 -0.1152E+01  0.0000E+00  0.1733E-01 -0.1761E+01    1.0000
  0.4300  -0.811E-01 -0.1091E+01  0.0000E+00  0.1733E-01 -0.1761E+01    1.0000
  0.4300  -0.933E-01 -0.1030E+01  0.0000E+00  0.1733E-01 -0.1761E+01    1.0000
  0.4300  -0.107E+00 -0.9697E+00  0.0000E+00  0.1733E-01 -0.1761E+01    1.0000
  0.4300  -0.123E+00 -0.9091E+00  0.0000E+00  0.1733E-01 -0.1761E+01    1.0000
  0.4300  -0.142E+00 -0.8485E+00  0.0000E+00  0.1733E-01 -0.1761E+01    1.0000
  0.4300  -0.163E+00 -0.7879E+00  0.0000E+00  0.1733E-01 -0.1761E+01    1.0000
  0.4300  -0.187E+00 -0.7273E+00  0.0000E+00  0.1733E-01 -0.1761E+01    1.0000
  0.4300  -0.215E+00 -0.6667E+00  0.0000E+00  0.1733E-01 -0.1761E+01    1.0000
  0.4300  -0.248E+00 -0.6061E+00  0.0000E+00  0.1733E-01 -0.1761E+01    1.0000
  0.4300  -0.285E+00 -0.5455E+00  0.0000E+00  0.1733E-01 -0.1761E+01    1.0000
  0.4300  -0.327E+00 -0.4848E+00  0.0000E+00  0.1733E-01 -0.1761E+01    1.0000
  0.4300  -0.376E+00 -0.4242E+00  0.0000E+00  0.1733E-01 -0.1761E+01    1.0000
  0.4300  -0.433E+00 -0.3636E+00  0.0000E+00  0.1733E-01 -0.1761E+01    1.0000
  0.4300  -0.498E+00 -0.3030E+00  0.0000E+00  0.1733E-01 -0.1761E+01    1.0000
  0.4300  -0.572E+00 -0.2424E+00  0.0000E+00  0.1733E-01 -0.1761E+01    1.0000
  0.4300  -0.658E+00 -0.1818E+00  0.0000E+00  0.1733E-01 -0.1761E+01    1.0000
  0.4300  -0.756E+00 -0.1212E+00  0.0000E+00  0.1733E-01 -0.1761E+01    1.0000
  0.4300  -0.870E+00 -0.6061E-01  0.0000E+00  0.1733E-01 -0.1761E+01    1.0000
  0.4300  -0.100E+01  0.0000E+00  0.0000E+00  0.1733E-01 -0.1761E+01    1.0000
  0.4300  -0.115E+01  0.6061E-01  0.0000E+00  0.1733E-01 -0.1761E+01    1.0000
  0.4300  -0.132E+01  0.1212E+00  0.0000E+00  0.1733E-01 -0.1761E+01    1.0000
  0.4300  -0.152E+01  0.1818E+00  0.0000E+00  0.1733E-01 -0.1761E+01    1.0000
  0.4300  -0.175E+01  0.2424E+00  0.0000E+00  0.1733E-01 -0.1761E+01    1.0000
  0.4300  -0.201E+01  0.3030E+00  0.1604E-02  0.1731E-01 -0.1762E+01    1.0000
  0.4295  -0.231E+01  0.3636E+00  0.1725E-02  0.1649E-01 -0.1783E+01    0.9985
  0.4289  -0.266E+01  0.4242E+00  0.1852E-02  0.1563E-01 -0.1806E+01    0.9968
  0.4281  -0.305E+01  0.4848E+00  0.1986E-02  0.1473E-01 -0.1832E+01    0.9946
  0.4272  -0.351E+01  0.5455E+00  0.2126E-02  0.1380E-01 -0.1860E+01    0.9919
  0.4260  -0.404E+01  0.6061E+00  0.2270E-02  0.1283E-01 -0.1892E+01    0.9886
  0.4246  -0.464E+01  0.6667E+00  0.2417E-02  0.1184E-01 -0.1927E+01    0.9846
  0.4229  -0.534E+01  0.7273E+00  0.2565E-02  0.1082E-01 -0.1966E+01    0.9797
  0.4207  -0.614E+01  0.7879E+00  0.2709E-02  0.9798E-02 -0.2009E+01    0.9737
  0.4182  -0.705E+01  0.8485E+00  0.2848E-02  0.8772E-02 -0.2057E+01    0.9664
  0.4151  -0.811E+01  0.9091E+00  0.2975E-02  0.7756E-02 -0.2110E+01    0.9577
  0.4114  -0.933E+01  0.9697E+00  0.3086E-02  0.6764E-02 -0.2170E+01    0.9472
  0.4071  -0.107E+02  0.1030E+01  0.3174E-02  0.5810E-02 -0.2236E+01    0.9348
  0.4019  -0.123E+02  0.1091E+01  0.3233E-02  0.4908E-02 -0.2309E+01    0.9202
  0.3959  -0.142E+02  0.1152E+01  0.3257E-02  0.4073E-02 -0.2390E+01    0.9031
  0.3890  -0.163E+02  0.1212E+01  0.3241E-02  0.3316E-02 -0.2479E+01    0.8835
  0.3812  -0.187E+02  0.1273E+01  0.3181E-02  0.2646E-02 -0.2577E+01    0.8612
  0.3724  -0.215E+02  0.1333E+01  0.3077E-02  0.2068E-02 -0.2684E+01    0.8363
  0.3627  -0.248E+02  0.1394E+01  0.2931E-02  0.1582E-02 -0.2801E+01    0.8087
  0.3521  -0.285E+02  0.1455E+01  0.2748E-02  0.1184E-02 -0.2927E+01    0.7788
  0.3409  -0.327E+02  0.1515E+01  0.2535E-02  0.8684E-03 -0.3061E+01    0.7468
  0.3290  -0.376E+02  0.1576E+01  0.2302E-02  0.6240E-03 -0.3205E+01    0.7131
  0.3167  -0.433E+02  0.1636E+01  0.2058E-02  0.4400E-03 -0.3357E+01    0.6782
  0.3042  -0.498E+02  0.1697E+01  0.1815E-02  0.3048E-03 -0.3516E+01    0.6426
  0.2916  -0.572E+02  0.1758E+01  0.1579E-02  0.2078E-03 -0.3682E+01    0.6068
  0.2790  -0.658E+02  0.1818E+01  0.1358E-02  0.1397E-03 -0.3855E+01    0.5711
  0.2667  -0.756E+02  0.1879E+01  0.1155E-02  0.9274E-04 -0.4033E+01    0.5361
  0.2547  -0.870E+02  0.1939E+01  0.9736E-03  0.6090E-04 -0.4215E+01    0.5020
  0.2431  -0.100E+03  0.2000E+01  0.8142E-03  0.3962E-04 -0.4402E+01    0.4690
  0.2320  -0.115E+03  0.2061E+01  0.6763E-03  0.2558E-04 -0.4592E+01    0.4375
  0.2214  -0.132E+03  0.2121E+01  0.5585E-03  0.1640E-04 -0.4785E+01    0.4074
  0.2114  -0.152E+03  0.2182E+01  0.4591E-03  0.1046E-04 -0.4980E+01    0.3789
  0.2019  -0.175E+03  0.2242E+01  0.3758E-03  0.6640E-05 -0.5178E+01    0.3521
  0.1931  -0.201E+03  0.2303E+01  0.3067E-03  0.4200E-05 -0.5377E+01    0.3269
  0.1847  -0.231E+03  0.2364E+01  0.2496E-03  0.2648E-05 -0.5577E+01    0.3032
  0.1770  -0.266E+03  0.2424E+01  0.2027E-03  0.1665E-05 -0.5779E+01    0.2811
  0.1697  -0.305E+03  0.2485E+01  0.1643E-03  0.1045E-05 -0.5981E+01    0.2605
  0.1629  -0.351E+03  0.2545E+01  0.1329E-03  0.6549E-06 -0.6184E+01    0.2413
  0.1567  -0.404E+03  0.2606E+01  0.1075E-03  0.4098E-06 -0.6387E+01    0.2235
  0.1508  -0.464E+03  0.2667E+01  0.8680E-04  0.2562E-06 -0.6591E+01    0.2069
  0.1454  -0.534E+03  0.2727E+01  0.7004E-04  0.1600E-06 -0.6796E+01    0.1915
  0.1404  -0.614E+03  0.2788E+01  0.5649E-04  0.9984E-07 -0.7001E+01    0.1772
  0.1357  -0.705E+03  0.2848E+01  0.4553E-04  0.6227E-07 -0.7206E+01    0.1640
  0.1314  -0.811E+03  0.2909E+01  0.3669E-04  0.3882E-07 -0.7411E+01    0.1517
  0.1274  -0.933E+03  0.2970E+01  0.2955E-04  0.2419E-07 -0.7616E+01    0.1404
  0.1237  -0.107E+04  0.3030E+01  0.2380E-04  0.1507E-07 -0.7822E+01    0.1299
  0.1203  -0.123E+04  0.3091E+01  0.1916E-04  0.9387E-08 -0.8027E+01    0.1201
  0.1171  -0.142E+04  0.3152E+01  0.1542E-04  0.5845E-08 -0.8233E+01    0.1111
  0.1142  -0.163E+04  0.3212E+01  0.1241E-04  0.3639E-08 -0.8439E+01    0.1028
  0.1115  -0.187E+04  0.3273E+01  0.9988E-05  0.2266E-08 -0.8645E+01    0.0951
  0.1090  -0.215E+04  0.3333E+01  0.8037E-05  0.1410E-08 -0.8851E+01    0.0879
  0.1066  -0.248E+04  0.3394E+01  0.6467E-05  0.8778E-09 -0.9057E+01    0.0813
  0.1045  -0.285E+04  0.3455E+01  0.5203E-05  0.5463E-09 -0.9263E+01    0.0752
  0.1025  -0.327E+04  0.3515E+01  0.4186E-05  0.3400E-09 -0.9469E+01    0.0696
  0.1006  -0.376E+04  0.3576E+01  0.3367E-05  0.2116E-09 -0.9674E+01    0.0643
  0.0989  -0.433E+04  0.3636E+01  0.2709E-05  0.1317E-09 -0.9880E+01    0.0595
  0.0974  -0.498E+04  0.3697E+01  0.2179E-05  0.8194E-10 -0.1009E+02    0.0550
  0.0959  -0.572E+04  0.3758E+01  0.1753E-05  0.5099E-10 -0.1029E+02    0.0509
  0.0946  -0.658E+04  0.3818E+01  0.1410E-05  0.3173E-10 -0.1050E+02    0.0471
  0.0933  -0.756E+04  0.3879E+01  0.1134E-05  0.1974E-10 -0.1070E+02    0.0435
  0.0922  -0.870E+04  0.3939E+01  0.9125E-06  0.1228E-10 -0.1091E+02    0.0403
  0.0911  -0.100E+05  0.4000E+01  0.7340E-06  0.7644E-11 -0.1112E+02    0.0372
end
 
  0.4100  -0.100E-01 -0.2000E+01  0.0000E+00  0.4333E-02 -0.2363E+01    1.0000
  0.4100  -0.115E-01 -0.1939E+01  0.0000E+00  0.4333E-02 -0.2363E+01    1.0000
  0.4100  -0.132E-01 -0.1879E+01  0.0000E+00  0.4333E-02 -0.2363E+01    1.0000
  0.4100  -0.152E-01 -0.1818E+01  0.0000E+00  0.4333E-02 -0.2363E+01    1.0000
  0.4100  -0.175E-01 -0.1758E+01  0.0000E+00  0.4333E-02 -0.2363E+01    1.0000
  0.4100  -0.201E-01 -0.1697E+01  0.0000E+00  0.4333E-02 -0.2363E+01    1.0000
  0.4100  -0.231E-01 -0.1636E+01  0.0000E+00  0.4333E-02 -0.2363E+01    1.0000
  0.4100  -0.266E-01 -0.1576E+01  0.0000E+00  0.4333E-02 -0.2363E+01    1.0000
  0.4100  -0.305E-01 -0.1515E+01  0.0000E+00  0.4333E-02 -0.2363E+01    1.0000
  0.4100  -0.351E-01 -0.1455E+01  0.0000E+00  0.4333E-02 -0.2363E+01    1.0000
  0.4100  -0.404E-01 -0.1394E+01  0.0000E+00  0.4333E-02 -0.2363E+01    1.0000
  0.4100  -0.464E-01 -0.1333E+01  0.0000E+00  0.4333E-02 -0.2363E+01    1.0000
  0.4100  -0.534E-01 -0.1273E+01  0.0000E+00  0.4333E-02 -0.2363E+01    1.0000
  0.4100  -0.614E-01 -0.1212E+01  0.0000E+00  0.4333E-02 -0.2363E+01    1.0000
  0.4100  -0.705E-01 -0.1152E+01  0.0000E+00  0.4333E-02 -0.2363E+01    1.0000
  0.4100  -0.811E-01 -0.1091E+01  0.0000E+00  0.4333E-02 -0.2363E+01    1.0000
  0.4100  -0.933E-01 -0.1030E+01  0.0000E+00  0.4333E-02 -0.2363E+01    1.0000
  0.4100  -0.107E+00 -0.9697E+00  0.0000E+00  0.4333E-02 -0.2363E+01    1.0000
  0.4100  -0.123E+00 -0.9091E+00  0.0000E+00  0.4333E-02 -0.2363E+01    1.0000
  0.4100  -0.142E+00 -0.8485E+00  0.0000E+00  0.4333E-02 -0.2363E+01    1.0000
  0.4100  -0.163E+00 -0.7879E+00  0.0000E+00  0.4333E-02 -0.2363E+01    1.0000
  0.4100  -0.187E+00 -0.7273E+00  0.0000E+00  0.4333E-02 -0.2363E+01    1.0000
  0.4100  -0.215E+00 -0.6667E+00  0.0000E+00  0.4333E-02 -0.2363E+01    1.0000
  0.4100  -0.248E+00 -0.6061E+00  0.0000E+00  0.4333E-02 -0.2363E+01    1.0000
  0.4100  -0.285E+00 -0.5455E+00  0.0000E+00  0.4333E-02 -0.2363E+01    1.0000
  0.4100  -0.327E+00 -0.4848E+00  0.0000E+00  0.4333E-02 -0.2363E+01    1.0000
  0.4100  -0.376E+00 -0.4242E+00  0.0000E+00  0.4333E-02 -0.2363E+01    1.0000
  0.4100  -0.433E+00 -0.3636E+00  0.0000E+00  0.4333E-02 -0.2363E+01    1.0000
  0.4100  -0.498E+00 -0.3030E+00  0.0000E+00  0.4333E-02 -0.2363E+01    1.0000
  0.4100  -0.572E+00 -0.2424E+00  0.0000E+00  0.4333E-02 -0.2363E+01    1.0000
  0.4100  -0.658E+00 -0.1818E+00  0.0000E+00  0.4333E-02 -0.2363E+01    1.0000
  0.4100  -0.756E+00 -0.1212E+00  0.0000E+00  0.4333E-02 -0.2363E+01    1.0000
  0.4100  -0.870E+00 -0.6061E-01  0.0000E+00  0.4333E-02 -0.2363E+01    1.0000
  0.4100  -0.100E+01  0.0000E+00  0.0000E+00  0.4333E-02 -0.2363E+01    1.0000
  0.4100  -0.115E+01  0.6061E-01  0.0000E+00  0.4333E-02 -0.2363E+01    1.0000
  0.4100  -0.132E+01  0.1212E+00  0.0000E+00  0.4333E-02 -0.2363E+01    1.0000
  0.4100  -0.152E+01  0.1818E+00  0.0000E+00  0.4333E-02 -0.2363E+01    1.0000
  0.4100  -0.175E+01  0.2424E+00  0.0000E+00  0.4333E-02 -0.2363E+01    1.0000
  0.4100  -0.201E+01  0.3030E+00  0.6649E-03  0.4326E-02 -0.2364E+01    1.0000
  0.4098  -0.231E+01  0.3636E+00  0.6920E-03  0.4114E-02 -0.2386E+01    0.9993
  0.4095  -0.266E+01  0.4242E+00  0.7197E-03  0.3898E-02 -0.2409E+01    0.9986
  0.4093  -0.305E+01  0.4848E+00  0.7478E-03  0.3680E-02 -0.2434E+01    0.9976
  0.4089  -0.351E+01  0.5455E+00  0.7764E-03  0.3460E-02 -0.2461E+01    0.9965
  0.4085  -0.404E+01  0.6061E+00  0.8051E-03  0.3239E-02 -0.2490E+01    0.9952
  0.4080  -0.464E+01  0.6667E+00  0.8338E-03  0.3017E-02 -0.2520E+01    0.9936
  0.4074  -0.534E+01  0.7273E+00  0.8621E-03  0.2795E-02 -0.2554E+01    0.9918
  0.4067  -0.614E+01  0.7879E+00  0.8897E-03  0.2575E-02 -0.2589E+01    0.9895
  0.4059  -0.705E+01  0.8485E+00  0.9162E-03  0.2358E-02 -0.2628E+01    0.9869
  0.4049  -0.811E+01  0.9091E+00  0.9410E-03  0.2144E-02 -0.2669E+01    0.9838
  0.4037  -0.933E+01  0.9697E+00  0.9636E-03  0.1935E-02 -0.2713E+01    0.9801
  0.4024  -0.107E+02  0.1030E+01  0.9832E-03  0.1732E-02 -0.2761E+01    0.9758
  0.4008  -0.123E+02  0.1091E+01  0.9992E-03  0.1537E-02 -0.2813E+01    0.9707
  0.3989  -0.142E+02  0.1152E+01  0.1011E-02  0.1351E-02 -0.2869E+01    0.9648
  0.3968  -0.163E+02  0.1212E+01  0.1017E-02  0.1176E-02 -0.2930E+01    0.9580
  0.3943  -0.187E+02  0.1273E+01  0.1017E-02  0.1012E-02 -0.2995E+01    0.9501
  0.3914  -0.215E+02  0.1333E+01  0.1010E-02  0.8607E-03 -0.3065E+01    0.9411
  0.3882  -0.248E+02  0.1394E+01  0.9960E-03  0.7233E-03 -0.3141E+01    0.9308
  0.3845  -0.285E+02  0.1455E+01  0.9741E-03  0.6001E-03 -0.3222E+01    0.9192
  0.3805  -0.327E+02  0.1515E+01  0.9442E-03  0.4913E-03 -0.3309E+01    0.9062
  0.3759  -0.376E+02  0.1576E+01  0.9067E-03  0.3968E-03 -0.3401E+01    0.8918
  0.3709  -0.433E+02  0.1636E+01  0.8622E-03  0.3161E-03 -0.3500E+01    0.8760
  0.3655  -0.498E+02  0.1697E+01  0.8116E-03  0.2483E-03 -0.3605E+01    0.8587
  0.3597  -0.572E+02  0.1758E+01  0.7561E-03  0.1925E-03 -0.3716E+01    0.8402
  0.3534  -0.658E+02  0.1818E+01  0.6972E-03  0.1472E-03 -0.3832E+01    0.8204
  0.3469  -0.756E+02  0.1879E+01  0.6365E-03  0.1112E-03 -0.3954E+01    0.7996
  0.3400  -0.870E+02  0.1939E+01  0.5754E-03  0.8294E-04 -0.4081E+01    0.7778
  0.3329  -0.100E+03  0.2000E+01  0.5153E-03  0.6119E-04 -0.4213E+01    0.7553
  0.3257  -0.115E+03  0.2061E+01  0.4575E-03  0.4467E-04 -0.4350E+01    0.7322
  0.3183  -0.132E+03  0.2121E+01  0.4030E-03  0.3231E-04 -0.4491E+01    0.7088
  0.3108  -0.152E+03  0.2182E+01  0.3523E-03  0.2317E-04 -0.4635E+01    0.6851
  0.3033  -0.175E+03  0.2242E+01  0.3060E-03  0.1649E-04 -0.4783E+01    0.6614
  0.2959  -0.201E+03  0.2303E+01  0.2643E-03  0.1165E-04 -0.4934E+01    0.6378
  0.2885  -0.231E+03  0.2364E+01  0.2270E-03  0.8188E-05 -0.5087E+01    0.6144
  0.2813  -0.266E+03  0.2424E+01  0.1941E-03  0.5724E-05 -0.5242E+01    0.5913
  0.2741  -0.305E+03  0.2485E+01  0.1653E-03  0.3984E-05 -0.5400E+01    0.5687
  0.2672  -0.351E+03  0.2545E+01  0.1403E-03  0.2762E-05 -0.5559E+01    0.5466
  0.2604  -0.404E+03  0.2606E+01  0.1188E-03  0.1908E-05 -0.5719E+01    0.5251
  0.2538  -0.464E+03  0.2667E+01  0.1003E-03  0.1315E-05 -0.5881E+01    0.5041
  0.2474  -0.534E+03  0.2727E+01  0.8447E-04  0.9040E-06 -0.6044E+01    0.4839
  0.2412  -0.614E+03  0.2788E+01  0.7103E-04  0.6202E-06 -0.6207E+01    0.4642
  0.2352  -0.705E+03  0.2848E+01  0.5964E-04  0.4248E-06 -0.6372E+01    0.4452
  0.2295  -0.811E+03  0.2909E+01  0.5001E-04  0.2905E-06 -0.6537E+01    0.4269
  0.2239  -0.933E+03  0.2970E+01  0.4189E-04  0.1985E-06 -0.6702E+01    0.4093
  0.2186  -0.107E+04  0.3030E+01  0.3505E-04  0.1354E-06 -0.6868E+01    0.3923
  0.2134  -0.123E+04  0.3091E+01  0.2931E-04  0.9235E-07 -0.7035E+01    0.3760
  0.2085  -0.142E+04  0.3152E+01  0.2449E-04  0.6292E-07 -0.7201E+01    0.3603
  0.2037  -0.163E+04  0.3212E+01  0.2046E-04  0.4285E-07 -0.7368E+01    0.3452
  0.1992  -0.187E+04  0.3273E+01  0.1708E-04  0.2916E-07 -0.7535E+01    0.3307
  0.1948  -0.215E+04  0.3333E+01  0.1425E-04  0.1984E-07 -0.7702E+01    0.3169
  0.1906  -0.248E+04  0.3394E+01  0.1189E-04  0.1349E-07 -0.7870E+01    0.3035
  0.1866  -0.285E+04  0.3455E+01  0.9916E-05  0.9174E-08 -0.8037E+01    0.2908
  0.1827  -0.327E+04  0.3515E+01  0.8268E-05  0.6236E-08 -0.8205E+01    0.2785
  0.1790  -0.376E+04  0.3576E+01  0.6893E-05  0.4238E-08 -0.8373E+01    0.2668
  0.1755  -0.433E+04  0.3636E+01  0.5746E-05  0.2880E-08 -0.8541E+01    0.2555
  0.1721  -0.498E+04  0.3697E+01  0.4789E-05  0.1956E-08 -0.8709E+01    0.2447
  0.1688  -0.572E+04  0.3758E+01  0.3991E-05  0.1329E-08 -0.8876E+01    0.2344
  0.1657  -0.658E+04  0.3818E+01  0.3326E-05  0.9028E-09 -0.9044E+01    0.2245
  0.1627  -0.756E+04  0.3879E+01  0.2771E-05  0.6132E-09 -0.9212E+01    0.2150
  0.1599  -0.870E+04  0.3939E+01  0.2309E-05  0.4164E-09 -0.9380E+01    0.2059
  0.1571  -0.100E+05  0.4000E+01  0.1924E-05  0.2828E-09 -0.9549E+01    0.1972
end
 
  0.4100  -0.100E-01 -0.2000E+01  0.0000E+00  0.2432E+00 -0.6140E+00    1.0000
  0.4100  -0.115E-01 -0.1939E+01  0.0000E+00  0.2432E+00 -0.6140E+00    1.0000
  0.4100  -0.132E-01 -0.1879E+01  0.0000E+00  0.2432E+00 -0.6140E+00    1.0000
  0.4100  -0.152E-01 -0.1818E+01  0.0000E+00  0.2432E+00 -0.6140E+00    1.0000
  0.4100  -0.175E-01 -0.1758E+01  0.0000E+00  0.2432E+00 -0.6140E+00    1.0000
  0.4100  -0.201E-01 -0.1697E+01  0.0000E+00  0.2432E+00 -0.6140E+00    1.0000
  0.4100  -0.231E-01 -0.1636E+01  0.0000E+00  0.2432E+00 -0.6140E+00    1.0000
  0.4100  -0.266E-01 -0.1576E+01  0.0000E+00  0.2432E+00 -0.6140E+00    1.0000
  0.4100  -0.305E-01 -0.1515E+01  0.0000E+00  0.2432E+00 -0.6140E+00    1.0000
  0.4100  -0.351E-01 -0.1455E+01  0.0000E+00  0.2432E+00 -0.6140E+00    1.0000
  0.4100  -0.404E-01 -0.1394E+01  0.0000E+00  0.2432E+00 -0.6140E+00    1.0000
  0.4100  -0.464E-01 -0.1333E+01  0.0000E+00  0.2432E+00 -0.6140E+00    1.0000
  0.4100  -0.534E-01 -0.1273E+01  0.0000E+00  0.2432E+00 -0.6140E+00    1.0000
  0.4100  -0.614E-01 -0.1212E+01  0.0000E+00  0.2432E+00 -0.6140E+00    1.0000
  0.4100  -0.705E-01 -0.1152E+01  0.0000E+00  0.2432E+00 -0.6140E+00    1.0000
  0.4100  -0.811E-01 -0.1091E+01  0.0000E+00  0.2432E+00 -0.6140E+00    1.0000
  0.4100  -0.933E-01 -0.1030E+01  0.0000E+00  0.2432E+00 -0.6140E+00    1.0000
  0.4100  -0.107E+00 -0.9697E+00  0.0000E+00  0.2432E+00 -0.6140E+00    1.0000
  0.4100  -0.123E+00 -0.9091E+00  0.0000E+00  0.2432E+00 -0.6140E+00    1.0000
  0.4100  -0.142E+00 -0.8485E+00  0.0000E+00  0.2432E+00 -0.6140E+00    1.0000
  0.4100  -0.163E+00 -0.7879E+00  0.0000E+00  0.2432E+00 -0.6140E+00    1.0000
  0.4100  -0.187E+00 -0.7273E+00  0.0000E+00  0.2432E+00 -0.6140E+00    1.0000
  0.4100  -0.215E+00 -0.6667E+00  0.0000E+00  0.2432E+00 -0.6140E+00    1.0000
  0.4100  -0.248E+00 -0.6061E+00  0.0000E+00  0.2432E+00 -0.6140E+00    1.0000
  0.4100  -0.285E+00 -0.5455E+00  0.0000E+00  0.2432E+00 -0.6140E+00    1.0000
  0.4100  -0.327E+00 -0.4848E+00  0.0000E+00  0.2432E+00 -0.6140E+00    1.0000
  0.4100  -0.376E+00 -0.4242E+00  0.0000E+00  0.2432E+00 -0.6140E+00    1.0000
  0.4100  -0.433E+00 -0.3636E+00  0.0000E+00  0.2432E+00 -0.6140E+00    1.0000
  0.4100  -0.498E+00 -0.3030E+00  0.0000E+00  0.2432E+00 -0.6140E+00    1.0000
  0.4100  -0.572E+00 -0.2424E+00  0.0000E+00  0.2432E+00 -0.6140E+00    1.0000
  0.4100  -0.658E+00 -0.1818E+00  0.0000E+00  0.2432E+00 -0.6140E+00    1.0000
  0.4100  -0.756E+00 -0.1212E+00  0.0000E+00  0.2432E+00 -0.6140E+00    1.0000
  0.4100  -0.870E+00 -0.6061E-01  0.0000E+00  0.2432E+00 -0.6140E+00    1.0000
  0.4100  -0.100E+01  0.0000E+00  0.0000E+00  0.2432E+00 -0.6140E+00    1.0000
  0.4100  -0.115E+01  0.6061E-01  0.0000E+00  0.2432E+00 -0.6140E+00    1.0000
  0.4100  -0.132E+01  0.1212E+00  0.0000E+00  0.2432E+00 -0.6140E+00    1.0000
  0.4100  -0.152E+01  0.1818E+00  0.0000E+00  0.2432E+00 -0.6140E+00    1.0000
  0.4100  -0.175E+01  0.2424E+00  0.0000E+00  0.2432E+00 -0.6140E+00    1.0000
  0.4099  -0.201E+01  0.3030E+00  0.9075E-02  0.2426E+00 -0.6151E+00    0.9998
  0.4070  -0.231E+01  0.3636E+00  0.1060E-01  0.2242E+00 -0.6493E+00    0.9914
  0.4030  -0.266E+01  0.4242E+00  0.1228E-01  0.2036E+00 -0.6911E+00    0.9802
  0.3978  -0.305E+01  0.4848E+00  0.1407E-01  0.1811E+00 -0.7421E+00    0.9653
  0.3909  -0.351E+01  0.5455E+00  0.1589E-01  0.1570E+00 -0.8041E+00    0.9459
  0.3821  -0.404E+01  0.6061E+00  0.1764E-01  0.1320E+00 -0.8793E+00    0.9208
  0.3709  -0.464E+01  0.6667E+00  0.1914E-01  0.1072E+00 -0.9699E+00    0.8893
  0.3572  -0.534E+01  0.7273E+00  0.2021E-01  0.8348E-01 -0.1078E+01    0.8504
  0.3408  -0.614E+01  0.7879E+00  0.2067E-01  0.6211E-01 -0.1207E+01    0.8040
  0.3219  -0.705E+01  0.8485E+00  0.2039E-01  0.4399E-01 -0.1357E+01    0.7504
  0.3008  -0.811E+01  0.9091E+00  0.1937E-01  0.2959E-01 -0.1529E+01    0.6908
  0.2783  -0.933E+01  0.9697E+00  0.1768E-01  0.1891E-01 -0.1723E+01    0.6269
  0.2551  -0.107E+02  0.1030E+01  0.1553E-01  0.1151E-01 -0.1939E+01    0.5612
  0.2321  -0.123E+02  0.1091E+01  0.1317E-01  0.6705E-02 -0.2174E+01    0.4960
  0.2100  -0.142E+02  0.1152E+01  0.1082E-01  0.3756E-02 -0.2425E+01    0.4334
  0.1894  -0.163E+02  0.1212E+01  0.8659E-02  0.2036E-02 -0.2691E+01    0.3751
  0.1707  -0.187E+02  0.1273E+01  0.6776E-02  0.1075E-02 -0.2969E+01    0.3221
  0.1540  -0.215E+02  0.1333E+01  0.5209E-02  0.5557E-03 -0.3255E+01    0.2748
  0.1394  -0.248E+02  0.1394E+01  0.3950E-02  0.2825E-03 -0.3549E+01    0.2333
  0.1267  -0.285E+02  0.1455E+01  0.2964E-02  0.1418E-03 -0.3848E+01    0.1973
  0.1157  -0.327E+02  0.1515E+01  0.2206E-02  0.7053E-04 -0.4152E+01    0.1664
  0.1064  -0.376E+02  0.1576E+01  0.1632E-02  0.3482E-04 -0.4458E+01    0.1400
  0.0985  -0.433E+02  0.1636E+01  0.1202E-02  0.1710E-04 -0.4767E+01    0.1176
  0.0918  -0.498E+02  0.1697E+01  0.8824E-03  0.8367E-05 -0.5077E+01    0.0987
  0.0862  -0.572E+02  0.1758E+01  0.6462E-03  0.4081E-05 -0.5389E+01    0.0828
  0.0815  -0.658E+02  0.1818E+01  0.4723E-03  0.1987E-05 -0.5702E+01    0.0694
  0.0775  -0.756E+02  0.1879E+01  0.3448E-03  0.9655E-06 -0.6015E+01    0.0581
  0.0742  -0.870E+02  0.1939E+01  0.2515E-03  0.4687E-06 -0.6329E+01    0.0486
  0.0714  -0.100E+03  0.2000E+01  0.1833E-03  0.2274E-06 -0.6643E+01    0.0407
  0.0690  -0.115E+03  0.2061E+01  0.1335E-03  0.1102E-06 -0.6958E+01    0.0341
  0.0671  -0.132E+03  0.2121E+01  0.9724E-04  0.5341E-07 -0.7272E+01    0.0285
  0.0654  -0.152E+03  0.2182E+01  0.7079E-04  0.2587E-07 -0.7587E+01    0.0238
  0.0640  -0.175E+03  0.2242E+01  0.5152E-04  0.1253E-07 -0.7902E+01    0.0199
  0.0629  -0.201E+03  0.2303E+01  0.3750E-04  0.6068E-08 -0.8217E+01    0.0167
  0.0619  -0.231E+03  0.2364E+01  0.2729E-04  0.2938E-08 -0.8532E+01    0.0140
  0.0611  -0.266E+03  0.2424E+01  0.1985E-04  0.1422E-08 -0.8847E+01    0.0117
  0.0604  -0.305E+03  0.2485E+01  0.1445E-04  0.6885E-09 -0.9162E+01    0.0098
  0.0599  -0.351E+03  0.2545E+01  0.1051E-04  0.3333E-09 -0.9477E+01    0.0082
  0.0594  -0.404E+03  0.2606E+01  0.7646E-05  0.1613E-09 -0.9792E+01    0.0068
  0.0590  -0.464E+03  0.2667E+01  0.5563E-05  0.7808E-10 -0.1011E+02    0.0057
  0.0587  -0.534E+03  0.2727E+01  0.4047E-05  0.3780E-10 -0.1042E+02    0.0048
  0.0584  -0.614E+03  0.2788E+01  0.2944E-05  0.1829E-10 -0.1074E+02    0.0040
  0.0582  -0.705E+03  0.2848E+01  0.2142E-05  0.8854E-11 -0.1105E+02    0.0033
  0.0580  -0.811E+03  0.2909E+01  0.1558E-05  0.4286E-11 -0.1137E+02    0.0028
  0.0578  -0.933E+03  0.2970E+01  0.1134E-05  0.2074E-11 -0.1168E+02    0.0023
  0.0577  -0.107E+04  0.3030E+01  0.8246E-06  0.1004E-11 -0.1200E+02    0.0020
  0.0576  -0.123E+04  0.3091E+01  0.5999E-06  0.4859E-12 -0.1231E+02    0.0016
  0.0575  -0.142E+04  0.3152E+01  0.4364E-06  0.2352E-12 -0.1263E+02    0.0014
  0.0574  -0.163E+04  0.3212E+01  0.3175E-06  0.1138E-12 -0.1294E+02    0.0011
  0.0573  -0.187E+04  0.3273E+01  0.2310E-06  0.5510E-13 -0.1326E+02    0.0010
  0.0573  -0.215E+04  0.3333E+01  0.1680E-06  0.2667E-13 -0.1357E+02    0.0008
  0.0572  -0.248E+04  0.3394E+01  0.1222E-06  0.1291E-13 -0.1389E+02    0.0007
  0.0572  -0.285E+04  0.3455E+01  0.8892E-07  0.6247E-14 -0.1420E+02    0.0006
  0.0572  -0.327E+04  0.3515E+01  0.6468E-07  0.3024E-14 -0.1452E+02    0.0005
  0.0571  -0.376E+04  0.3576E+01  0.4706E-07  0.1463E-14 -0.1483E+02    0.0004
  0.0571  -0.433E+04  0.3636E+01  0.3423E-07  0.7083E-15 -0.1515E+02    0.0003
  0.0571  -0.498E+04  0.3697E+01  0.2490E-07  0.3428E-15 -0.1546E+02    0.0003
  0.0571  -0.572E+04  0.3758E+01  0.1812E-07  0.1659E-15 -0.1578E+02    0.0002
  0.0571  -0.658E+04  0.3818E+01  0.1318E-07  0.8031E-16 -0.1610E+02    0.0002
  0.0571  -0.756E+04  0.3879E+01  0.9588E-08  0.3887E-16 -0.1641E+02    0.0002
  0.0570  -0.870E+04  0.3939E+01  0.6975E-08  0.1881E-16 -0.1673E+02    0.0001
  0.0570  -0.100E+05  0.4000E+01  0.5074E-08  0.9106E-17 -0.1704E+02    0.0001
end
 
  0.4100  -0.100E-01 -0.2000E+01  0.0000E+00  0.7368E-01 -0.1133E+01    1.0000
  0.4100  -0.115E-01 -0.1939E+01  0.0000E+00  0.7368E-01 -0.1133E+01    1.0000
  0.4100  -0.132E-01 -0.1879E+01  0.0000E+00  0.7368E-01 -0.1133E+01    1.0000
  0.4100  -0.152E-01 -0.1818E+01  0.0000E+00  0.7368E-01 -0.1133E+01    1.0000
  0.4100  -0.175E-01 -0.1758E+01  0.0000E+00  0.7368E-01 -0.1133E+01    1.0000
  0.4100  -0.201E-01 -0.1697E+01  0.0000E+00  0.7368E-01 -0.1133E+01    1.0000
  0.4100  -0.231E-01 -0.1636E+01  0.0000E+00  0.7368E-01 -0.1133E+01    1.0000
  0.4100  -0.266E-01 -0.1576E+01  0.0000E+00  0.7368E-01 -0.1133E+01    1.0000
  0.4100  -0.305E-01 -0.1515E+01  0.0000E+00  0.7368E-01 -0.1133E+01    1.0000
  0.4100  -0.351E-01 -0.1455E+01  0.0000E+00  0.7368E-01 -0.1133E+01    1.0000
  0.4100  -0.404E-01 -0.1394E+01  0.0000E+00  0.7368E-01 -0.1133E+01    1.0000
  0.4100  -0.464E-01 -0.1333E+01  0.0000E+00  0.7368E-01 -0.1133E+01    1.0000
  0.4100  -0.534E-01 -0.1273E+01  0.0000E+00  0.7368E-01 -0.1133E+01    1.0000
  0.4100  -0.614E-01 -0.1212E+01  0.0000E+00  0.7368E-01 -0.1133E+01    1.0000
  0.4100  -0.705E-01 -0.1152E+01  0.0000E+00  0.7368E-01 -0.1133E+01    1.0000
  0.4100  -0.811E-01 -0.1091E+01  0.0000E+00  0.7368E-01 -0.1133E+01    1.0000
  0.4100  -0.933E-01 -0.1030E+01  0.0000E+00  0.7368E-01 -0.1133E+01    1.0000
  0.4100  -0.107E+00 -0.9697E+00  0.0000E+00  0.7368E-01 -0.1133E+01    1.0000
  0.4100  -0.123E+00 -0.9091E+00  0.0000E+00  0.7368E-01 -0.1133E+01    1.0000
  0.4100  -0.142E+00 -0.8485E+00  0.0000E+00  0.7368E-01 -0.1133E+01    1.0000
  0.4100  -0.163E+00 -0.7879E+00  0.0000E+00  0.7368E-01 -0.1133E+01    1.0000
  0.4100  -0.187E+00 -0.7273E+00  0.0000E+00  0.7368E-01 -0.1133E+01    1.0000
  0.4100  -0.215E+00 -0.6667E+00  0.0000E+00  0.7368E-01 -0.1133E+01    1.0000
  0.4100  -0.248E+00 -0.6061E+00  0.0000E+00  0.7368E-01 -0.1133E+01    1.0000
  0.4100  -0.285E+00 -0.5455E+00  0.0000E+00  0.7368E-01 -0.1133E+01    1.0000
  0.4100  -0.327E+00 -0.4848E+00  0.0000E+00  0.7368E-01 -0.1133E+01    1.0000
  0.4100  -0.376E+00 -0.4242E+00  0.0000E+00  0.7368E-01 -0.1133E+01    1.0000
  0.4100  -0.433E+00 -0.3636E+00  0.0000E+00  0.7368E-01 -0.1133E+01    1.0000
  0.4100  -0.498E+00 -0.3030E+00  0.0000E+00  0.7368E-01 -0.1133E+01    1.0000
  0.4100  -0.572E+00 -0.2424E+00  0.0000E+00  0.7368E-01 -0.1133E+01    1.0000
  0.4100  -0.658E+00 -0.1818E+00  0.0000E+00  0.7368E-01 -0.1133E+01    1.0000
  0.4100  -0.756E+00 -0.1212E+00  0.0000E+00  0.7368E-01 -0.1133E+01    1.0000
  0.4100  -0.870E+00 -0.6061E-01  0.0000E+00  0.7368E-01 -0.1133E+01    1.0000
  0.4100  -0.100E+01  0.0000E+00  0.0000E+00  0.7368E-01 -0.1133E+01    1.0000
  0.4100  -0.115E+01  0.6061E-01  0.0000E+00  0.7368E-01 -0.1133E+01    1.0000
  0.4100  -0.132E+01  0.1212E+00  0.0000E+00  0.7368E-01 -0.1133E+01    1.0000
  0.4100  -0.152E+01  0.1818E+00  0.0000E+00  0.7368E-01 -0.1133E+01    1.0000
  0.4100  -0.175E+01  0.2424E+00  0.0000E+00  0.7368E-01 -0.1133E+01    1.0000
  0.4100  -0.201E+01  0.3030E+00  0.4157E-02  0.7355E-01 -0.1133E+01    0.9999
  0.4086  -0.231E+01  0.3636E+00  0.4650E-02  0.6925E-01 -0.1160E+01    0.9960
  0.4069  -0.266E+01  0.4242E+00  0.5184E-02  0.6460E-01 -0.1190E+01    0.9911
  0.4048  -0.305E+01  0.4848E+00  0.5754E-02  0.5960E-01 -0.1225E+01    0.9848
  0.4020  -0.351E+01  0.5455E+00  0.6350E-02  0.5429E-01 -0.1265E+01    0.9768
  0.3985  -0.404E+01  0.6061E+00  0.6959E-02  0.4872E-01 -0.1312E+01    0.9666
  0.3941  -0.464E+01  0.6667E+00  0.7559E-02  0.4298E-01 -0.1367E+01    0.9539
  0.3886  -0.534E+01  0.7273E+00  0.8123E-02  0.3717E-01 -0.1430E+01    0.9381
  0.3819  -0.614E+01  0.7879E+00  0.8616E-02  0.3144E-01 -0.1503E+01    0.9186
  0.3738  -0.705E+01  0.8485E+00  0.8997E-02  0.2592E-01 -0.1586E+01    0.8951
  0.3642  -0.811E+01  0.9091E+00  0.9226E-02  0.2078E-01 -0.1682E+01    0.8672
  0.3529  -0.933E+01  0.9697E+00  0.9267E-02  0.1616E-01 -0.1792E+01    0.8346
  0.3401  -0.107E+02  0.1030E+01  0.9098E-02  0.1217E-01 -0.1915E+01    0.7973
  0.3258  -0.123E+02  0.1091E+01  0.8717E-02  0.8863E-02 -0.2052E+01    0.7558
  0.3102  -0.142E+02  0.1152E+01  0.8142E-02  0.6241E-02 -0.2205E+01    0.7107
  0.2937  -0.163E+02  0.1212E+01  0.7414E-02  0.4253E-02 -0.2371E+01    0.6628
  0.2766  -0.187E+02  0.1273E+01  0.6587E-02  0.2809E-02 -0.2551E+01    0.6133
  0.2593  -0.215E+02  0.1333E+01  0.5719E-02  0.1803E-02 -0.2744E+01    0.5633
  0.2423  -0.248E+02  0.1394E+01  0.4863E-02  0.1128E-02 -0.2948E+01    0.5140
  0.2258  -0.285E+02  0.1455E+01  0.4059E-02  0.6898E-03 -0.3161E+01    0.4662
  0.2101  -0.327E+02  0.1515E+01  0.3334E-02  0.4140E-03 -0.3383E+01    0.4207
  0.1954  -0.376E+02  0.1576E+01  0.2703E-02  0.2445E-03 -0.3612E+01    0.3780
  0.1818  -0.433E+02  0.1636E+01  0.2166E-02  0.1425E-03 -0.3846E+01    0.3384
  0.1692  -0.498E+02  0.1697E+01  0.1721E-02  0.8221E-04 -0.4085E+01    0.3021
  0.1578  -0.572E+02  0.1758E+01  0.1357E-02  0.4701E-04 -0.4328E+01    0.2691
  0.1475  -0.658E+02  0.1818E+01  0.1064E-02  0.2670E-04 -0.4573E+01    0.2392
  0.1383  -0.756E+02  0.1879E+01  0.8308E-03  0.1509E-04 -0.4821E+01    0.2124
  0.1300  -0.870E+02  0.1939E+01  0.6462E-03  0.8487E-05 -0.5071E+01    0.1883
  0.1226  -0.100E+03  0.2000E+01  0.5012E-03  0.4759E-05 -0.5322E+01    0.1668
  0.1160  -0.115E+03  0.2061E+01  0.3878E-03  0.2662E-05 -0.5575E+01    0.1477
  0.1101  -0.132E+03  0.2121E+01  0.2996E-03  0.1486E-05 -0.5828E+01    0.1307
  0.1049  -0.152E+03  0.2182E+01  0.2312E-03  0.8284E-06 -0.6082E+01    0.1156
  0.1003  -0.175E+03  0.2242E+01  0.1782E-03  0.4612E-06 -0.6336E+01    0.1022
  0.0962  -0.201E+03  0.2303E+01  0.1372E-03  0.2565E-06 -0.6591E+01    0.0903
  0.0925  -0.231E+03  0.2364E+01  0.1056E-03  0.1426E-06 -0.6846E+01    0.0798
  0.0893  -0.266E+03  0.2424E+01  0.8127E-04  0.7922E-07 -0.7101E+01    0.0705
  0.0865  -0.305E+03  0.2485E+01  0.6251E-04  0.4399E-07 -0.7357E+01    0.0623
  0.0840  -0.351E+03  0.2545E+01  0.4806E-04  0.2442E-07 -0.7612E+01    0.0551
  0.0818  -0.404E+03  0.2606E+01  0.3694E-04  0.1355E-07 -0.7868E+01    0.0486
  0.0798  -0.464E+03  0.2667E+01  0.2839E-04  0.7521E-08 -0.8124E+01    0.0430
  0.0781  -0.534E+03  0.2727E+01  0.2182E-04  0.4173E-08 -0.8380E+01    0.0380
  0.0766  -0.614E+03  0.2788E+01  0.1677E-04  0.2315E-08 -0.8635E+01    0.0335
  0.0752  -0.705E+03  0.2848E+01  0.1288E-04  0.1284E-08 -0.8891E+01    0.0296
  0.0740  -0.811E+03  0.2909E+01  0.9898E-05  0.7122E-09 -0.9147E+01    0.0262
  0.0730  -0.933E+03  0.2970E+01  0.7604E-05  0.3950E-09 -0.9403E+01    0.0231
  0.0720  -0.107E+04  0.3030E+01  0.5842E-05  0.2191E-09 -0.9659E+01    0.0204
  0.0712  -0.123E+04  0.3091E+01  0.4488E-05  0.1215E-09 -0.9915E+01    0.0180
  0.0705  -0.142E+04  0.3152E+01  0.3448E-05  0.6739E-10 -0.1017E+02    0.0159
  0.0699  -0.163E+04  0.3212E+01  0.2649E-05  0.3737E-10 -0.1043E+02    0.0141
  0.0693  -0.187E+04  0.3273E+01  0.2035E-05  0.2073E-10 -0.1068E+02    0.0124
  0.0688  -0.215E+04  0.3333E+01  0.1563E-05  0.1149E-10 -0.1094E+02    0.0110
  0.0683  -0.248E+04  0.3394E+01  0.1201E-05  0.6374E-11 -0.1120E+02    0.0097
  0.0680  -0.285E+04  0.3455E+01  0.9223E-06  0.3535E-11 -0.1145E+02    0.0086
  0.0676  -0.327E+04  0.3515E+01  0.7085E-06  0.1960E-11 -0.1171E+02    0.0076
  0.0673  -0.376E+04  0.3576E+01  0.5443E-06  0.1087E-11 -0.1196E+02    0.0067
  0.0670  -0.433E+04  0.3636E+01  0.4181E-06  0.6028E-12 -0.1222E+02    0.0059
  0.0668  -0.498E+04  0.3697E+01  0.3212E-06  0.3343E-12 -0.1248E+02    0.0052
  0.0666  -0.572E+04  0.3758E+01  0.2467E-06  0.1854E-12 -0.1273E+02    0.0046
  0.0664  -0.658E+04  0.3818E+01  0.1895E-06  0.1028E-12 -0.1299E+02    0.0041
  0.0662  -0.756E+04  0.3879E+01  0.1456E-06  0.5701E-13 -0.1324E+02    0.0036
  0.0661  -0.870E+04  0.3939E+01  0.1118E-06  0.3162E-13 -0.1350E+02    0.0032
  0.0660  -0.100E+05  0.4000E+01  0.8590E-07  0.1753E-13 -0.1376E+02    0.0028
end
 
  0.4600  -0.100E-01 -0.2000E+01  0.0000E+00  0.4167E-02 -0.2380E+01    1.0000
  0.4600  -0.115E-01 -0.1939E+01  0.0000E+00  0.4167E-02 -0.2380E+01    1.0000
  0.4600  -0.132E-01 -0.1879E+01  0.0000E+00  0.4167E-02 -0.2380E+01    1.0000
  0.4600  -0.152E-01 -0.1818E+01  0.0000E+00  0.4167E-02 -0.2380E+01    1.0000
  0.4600  -0.175E-01 -0.1758E+01  0.0000E+00  0.4167E-02 -0.2380E+01    1.0000
  0.4600  -0.201E-01 -0.1697E+01  0.0000E+00  0.4167E-02 -0.2380E+01    1.0000
  0.4600  -0.231E-01 -0.1636E+01  0.0000E+00  0.4167E-02 -0.2380E+01    1.0000
  0.4600  -0.266E-01 -0.1576E+01  0.0000E+00  0.4167E-02 -0.2380E+01    1.0000
  0.4600  -0.305E-01 -0.1515E+01  0.0000E+00  0.4167E-02 -0.2380E+01    1.0000
  0.4600  -0.351E-01 -0.1455E+01  0.0000E+00  0.4167E-02 -0.2380E+01    1.0000
  0.4600  -0.404E-01 -0.1394E+01  0.0000E+00  0.4167E-02 -0.2380E+01    1.0000
  0.4600  -0.464E-01 -0.1333E+01  0.0000E+00  0.4167E-02 -0.2380E+01    1.0000
  0.4600  -0.534E-01 -0.1273E+01  0.0000E+00  0.4167E-02 -0.2380E+01    1.0000
  0.4600  -0.614E-01 -0.1212E+01  0.0000E+00  0.4167E-02 -0.2380E+01    1.0000
  0.4600  -0.705E-01 -0.1152E+01  0.0000E+00  0.4167E-02 -0.2380E+01    1.0000
  0.4600  -0.811E-01 -0.1091E+01  0.0000E+00  0.4167E-02 -0.2380E+01    1.0000
  0.4600  -0.933E-01 -0.1030E+01  0.0000E+00  0.4167E-02 -0.2380E+01    1.0000
  0.4600  -0.107E+00 -0.9697E+00  0.0000E+00  0.4167E-02 -0.2380E+01    1.0000
  0.4600  -0.123E+00 -0.9091E+00  0.0000E+00  0.4167E-02 -0.2380E+01    1.0000
  0.4600  -0.142E+00 -0.8485E+00  0.0000E+00  0.4167E-02 -0.2380E+01    1.0000
  0.4600  -0.163E+00 -0.7879E+00  0.0000E+00  0.4167E-02 -0.2380E+01    1.0000
  0.4600  -0.187E+00 -0.7273E+00  0.0000E+00  0.4167E-02 -0.2380E+01    1.0000
  0.4600  -0.215E+00 -0.6667E+00  0.0000E+00  0.4167E-02 -0.2380E+01    1.0000
  0.4600  -0.248E+00 -0.6061E+00  0.0000E+00  0.4167E-02 -0.2380E+01    1.0000
  0.4600  -0.285E+00 -0.5455E+00  0.0000E+00  0.4167E-02 -0.2380E+01    1.0000
  0.4600  -0.327E+00 -0.4848E+00  0.0000E+00  0.4167E-02 -0.2380E+01    1.0000
  0.4600  -0.376E+00 -0.4242E+00  0.0000E+00  0.4167E-02 -0.2380E+01    1.0000
  0.4600  -0.433E+00 -0.3636E+00  0.0000E+00  0.4167E-02 -0.2380E+01    1.0000
  0.4600  -0.498E+00 -0.3030E+00  0.0000E+00  0.4167E-02 -0.2380E+01    1.0000
  0.4600  -0.572E+00 -0.2424E+00  0.0000E+00  0.4167E-02 -0.2380E+01    1.0000
  0.4600  -0.658E+00 -0.1818E+00  0.0000E+00  0.4167E-02 -0.2380E+01    1.0000
  0.4600  -0.756E+00 -0.1212E+00  0.0000E+00  0.4167E-02 -0.2380E+01    1.0000
  0.4600  -0.870E+00 -0.6061E-01  0.0000E+00  0.4167E-02 -0.2380E+01    1.0000
  0.4600  -0.100E+01  0.0000E+00  0.0000E+00  0.4167E-02 -0.2380E+01    1.0000
  0.4600  -0.115E+01  0.6061E-01  0.0000E+00  0.4167E-02 -0.2380E+01    1.0000
  0.4600  -0.132E+01  0.1212E+00  0.0000E+00  0.4167E-02 -0.2380E+01    1.0000
  0.4600  -0.152E+01  0.1818E+00  0.0000E+00  0.4167E-02 -0.2380E+01    1.0000
  0.4600  -0.175E+01  0.2424E+00  0.0000E+00  0.4167E-02 -0.2380E+01    1.0000
  0.4600  -0.201E+01  0.3030E+00  0.7006E-03  0.4161E-02 -0.2381E+01    1.0000
  0.4598  -0.231E+01  0.3636E+00  0.7360E-03  0.3992E-02 -0.2399E+01    0.9995
  0.4595  -0.266E+01  0.4242E+00  0.7727E-03  0.3819E-02 -0.2418E+01    0.9989
  0.4592  -0.305E+01  0.4848E+00  0.8109E-03  0.3641E-02 -0.2439E+01    0.9981
  0.4588  -0.351E+01  0.5455E+00  0.8502E-03  0.3458E-02 -0.2461E+01    0.9972
  0.4584  -0.404E+01  0.6061E+00  0.8908E-03  0.3272E-02 -0.2485E+01    0.9962
  0.4578  -0.464E+01  0.6667E+00  0.9323E-03  0.3082E-02 -0.2511E+01    0.9949
  0.4571  -0.534E+01  0.7273E+00  0.9745E-03  0.2890E-02 -0.2539E+01    0.9933
  0.4564  -0.614E+01  0.7879E+00  0.1017E-02  0.2695E-02 -0.2569E+01    0.9914
  0.4554  -0.705E+01  0.8485E+00  0.1060E-02  0.2499E-02 -0.2602E+01    0.9892
  0.4543  -0.811E+01  0.9091E+00  0.1102E-02  0.2303E-02 -0.2638E+01    0.9865
  0.4529  -0.933E+01  0.9697E+00  0.1142E-02  0.2107E-02 -0.2676E+01    0.9833
  0.4513  -0.107E+02  0.1030E+01  0.1181E-02  0.1913E-02 -0.2718E+01    0.9795
  0.4493  -0.123E+02  0.1091E+01  0.1217E-02  0.1723E-02 -0.2764E+01    0.9750
  0.4471  -0.142E+02  0.1152E+01  0.1249E-02  0.1538E-02 -0.2813E+01    0.9696
  0.4444  -0.163E+02  0.1212E+01  0.1275E-02  0.1359E-02 -0.2867E+01    0.9633
  0.4412  -0.187E+02  0.1273E+01  0.1295E-02  0.1188E-02 -0.2925E+01    0.9560
  0.4376  -0.215E+02  0.1333E+01  0.1307E-02  0.1027E-02 -0.2989E+01    0.9474
  0.4334  -0.248E+02  0.1394E+01  0.1310E-02  0.8763E-03 -0.3057E+01    0.9375
  0.4285  -0.285E+02  0.1455E+01  0.1302E-02  0.7380E-03 -0.3132E+01    0.9261
  0.4230  -0.327E+02  0.1515E+01  0.1284E-02  0.6129E-03 -0.3213E+01    0.9131
  0.4168  -0.376E+02  0.1576E+01  0.1253E-02  0.5017E-03 -0.3300E+01    0.8985
  0.4098  -0.433E+02  0.1636E+01  0.1210E-02  0.4044E-03 -0.3393E+01    0.8822
  0.4022  -0.498E+02  0.1697E+01  0.1157E-02  0.3211E-03 -0.3493E+01    0.8642
  0.3938  -0.572E+02  0.1758E+01  0.1093E-02  0.2510E-03 -0.3600E+01    0.8445
  0.3847  -0.658E+02  0.1818E+01  0.1021E-02  0.1932E-03 -0.3714E+01    0.8233
  0.3750  -0.756E+02  0.1879E+01  0.9425E-03  0.1465E-03 -0.3834E+01    0.8006
  0.3648  -0.870E+02  0.1939E+01  0.8604E-03  0.1095E-03 -0.3961E+01    0.7766
  0.3542  -0.100E+03  0.2000E+01  0.7767E-03  0.8072E-04 -0.4093E+01    0.7516
  0.3432  -0.115E+03  0.2061E+01  0.6940E-03  0.5875E-04 -0.4231E+01    0.7258
  0.3320  -0.132E+03  0.2121E+01  0.6140E-03  0.4226E-04 -0.4374E+01    0.6994
  0.3206  -0.152E+03  0.2182E+01  0.5383E-03  0.3008E-04 -0.4522E+01    0.6727
  0.3092  -0.175E+03  0.2242E+01  0.4681E-03  0.2120E-04 -0.4674E+01    0.6459
  0.2978  -0.201E+03  0.2303E+01  0.4041E-03  0.1482E-04 -0.4829E+01    0.6192
  0.2865  -0.231E+03  0.2364E+01  0.3466E-03  0.1028E-04 -0.4988E+01    0.5928
  0.2754  -0.266E+03  0.2424E+01  0.2956E-03  0.7085E-05 -0.5150E+01    0.5668
  0.2646  -0.305E+03  0.2485E+01  0.2509E-03  0.4855E-05 -0.5314E+01    0.5414
  0.2541  -0.351E+03  0.2545E+01  0.2120E-03  0.3311E-05 -0.5480E+01    0.5166
  0.2439  -0.404E+03  0.2606E+01  0.1785E-03  0.2249E-05 -0.5648E+01    0.4926
  0.2340  -0.464E+03  0.2667E+01  0.1498E-03  0.1522E-05 -0.5818E+01    0.4694
  0.2245  -0.534E+03  0.2727E+01  0.1254E-03  0.1027E-05 -0.5988E+01    0.4471
  0.2153  -0.614E+03  0.2788E+01  0.1047E-03  0.6915E-06 -0.6160E+01    0.4256
  0.2065  -0.705E+03  0.2848E+01  0.8732E-04  0.4645E-06 -0.6333E+01    0.4050
  0.1981  -0.811E+03  0.2909E+01  0.7269E-04  0.3115E-06 -0.6507E+01    0.3852
  0.1901  -0.933E+03  0.2970E+01  0.6042E-04  0.2086E-06 -0.6681E+01    0.3663
  0.1824  -0.107E+04  0.3030E+01  0.5018E-04  0.1395E-06 -0.6855E+01    0.3483
  0.1750  -0.123E+04  0.3091E+01  0.4163E-04  0.9321E-07 -0.7031E+01    0.3311
  0.1680  -0.142E+04  0.3152E+01  0.3451E-04  0.6222E-07 -0.7206E+01    0.3147
  0.1614  -0.163E+04  0.3212E+01  0.2859E-04  0.4151E-07 -0.7382E+01    0.2990
  0.1550  -0.187E+04  0.3273E+01  0.2368E-04  0.2767E-07 -0.7558E+01    0.2841
  0.1490  -0.215E+04  0.3333E+01  0.1960E-04  0.1844E-07 -0.7734E+01    0.2699
  0.1432  -0.248E+04  0.3394E+01  0.1621E-04  0.1228E-07 -0.7911E+01    0.2565
  0.1378  -0.285E+04  0.3455E+01  0.1341E-04  0.8180E-08 -0.8087E+01    0.2436
  0.1326  -0.327E+04  0.3515E+01  0.1109E-04  0.5446E-08 -0.8264E+01    0.2314
  0.1276  -0.376E+04  0.3576E+01  0.9169E-05  0.3624E-08 -0.8441E+01    0.2198
  0.1229  -0.433E+04  0.3636E+01  0.7580E-05  0.2412E-08 -0.8618E+01    0.2088
  0.1185  -0.498E+04  0.3697E+01  0.6265E-05  0.1605E-08 -0.8795E+01    0.1983
  0.1142  -0.572E+04  0.3758E+01  0.5178E-05  0.1068E-08 -0.8972E+01    0.1884
  0.1102  -0.658E+04  0.3818E+01  0.4278E-05  0.7101E-09 -0.9149E+01    0.1789
  0.1064  -0.756E+04  0.3879E+01  0.3535E-05  0.4723E-09 -0.9326E+01    0.1699
  0.1027  -0.870E+04  0.3939E+01  0.2921E-05  0.3141E-09 -0.9503E+01    0.1614
  0.0993  -0.100E+05  0.4000E+01  0.2413E-05  0.2089E-09 -0.9680E+01    0.1533
end
 
  0.4500  -0.100E-01 -0.2000E+01  0.0000E+00  0.7500E-02 -0.2125E+01    1.0000
  0.4500  -0.115E-01 -0.1939E+01  0.0000E+00  0.7500E-02 -0.2125E+01    1.0000
  0.4500  -0.132E-01 -0.1879E+01  0.0000E+00  0.7500E-02 -0.2125E+01    1.0000
  0.4500  -0.152E-01 -0.1818E+01  0.0000E+00  0.7500E-02 -0.2125E+01    1.0000
  0.4500  -0.175E-01 -0.1758E+01  0.0000E+00  0.7500E-02 -0.2125E+01    1.0000
  0.4500  -0.201E-01 -0.1697E+01  0.0000E+00  0.7500E-02 -0.2125E+01    1.0000
  0.4500  -0.231E-01 -0.1636E+01  0.0000E+00  0.7500E-02 -0.2125E+01    1.0000
  0.4500  -0.266E-01 -0.1576E+01  0.0000E+00  0.7500E-02 -0.2125E+01    1.0000
  0.4500  -0.305E-01 -0.1515E+01  0.0000E+00  0.7500E-02 -0.2125E+01    1.0000
  0.4500  -0.351E-01 -0.1455E+01  0.0000E+00  0.7500E-02 -0.2125E+01    1.0000
  0.4500  -0.404E-01 -0.1394E+01  0.0000E+00  0.7500E-02 -0.2125E+01    1.0000
  0.4500  -0.464E-01 -0.1333E+01  0.0000E+00  0.7500E-02 -0.2125E+01    1.0000
  0.4500  -0.534E-01 -0.1273E+01  0.0000E+00  0.7500E-02 -0.2125E+01    1.0000
  0.4500  -0.614E-01 -0.1212E+01  0.0000E+00  0.7500E-02 -0.2125E+01    1.0000
  0.4500  -0.705E-01 -0.1152E+01  0.0000E+00  0.7500E-02 -0.2125E+01    1.0000
  0.4500  -0.811E-01 -0.1091E+01  0.0000E+00  0.7500E-02 -0.2125E+01    1.0000
  0.4500  -0.933E-01 -0.1030E+01  0.0000E+00  0.7500E-02 -0.2125E+01    1.0000
  0.4500  -0.107E+00 -0.9697E+00  0.0000E+00  0.7500E-02 -0.2125E+01    1.0000
  0.4500  -0.123E+00 -0.9091E+00  0.0000E+00  0.7500E-02 -0.2125E+01    1.0000
  0.4500  -0.142E+00 -0.8485E+00  0.0000E+00  0.7500E-02 -0.2125E+01    1.0000
  0.4500  -0.163E+00 -0.7879E+00  0.0000E+00  0.7500E-02 -0.2125E+01    1.0000
  0.4500  -0.187E+00 -0.7273E+00  0.0000E+00  0.7500E-02 -0.2125E+01    1.0000
  0.4500  -0.215E+00 -0.6667E+00  0.0000E+00  0.7500E-02 -0.2125E+01    1.0000
  0.4500  -0.248E+00 -0.6061E+00  0.0000E+00  0.7500E-02 -0.2125E+01    1.0000
  0.4500  -0.285E+00 -0.5455E+00  0.0000E+00  0.7500E-02 -0.2125E+01    1.0000
  0.4500  -0.327E+00 -0.4848E+00  0.0000E+00  0.7500E-02 -0.2125E+01    1.0000
  0.4500  -0.376E+00 -0.4242E+00  0.0000E+00  0.7500E-02 -0.2125E+01    1.0000
  0.4500  -0.433E+00 -0.3636E+00  0.0000E+00  0.7500E-02 -0.2125E+01    1.0000
  0.4500  -0.498E+00 -0.3030E+00  0.0000E+00  0.7500E-02 -0.2125E+01    1.0000
  0.4500  -0.572E+00 -0.2424E+00  0.0000E+00  0.7500E-02 -0.2125E+01    1.0000
  0.4500  -0.658E+00 -0.1818E+00  0.0000E+00  0.7500E-02 -0.2125E+01    1.0000
  0.4500  -0.756E+00 -0.1212E+00  0.0000E+00  0.7500E-02 -0.2125E+01    1.0000
  0.4500  -0.870E+00 -0.6061E-01  0.0000E+00  0.7500E-02 -0.2125E+01    1.0000
  0.4500  -0.100E+01  0.0000E+00  0.0000E+00  0.7500E-02 -0.2125E+01    1.0000
  0.4500  -0.115E+01  0.6061E-01  0.0000E+00  0.7500E-02 -0.2125E+01    1.0000
  0.4500  -0.132E+01  0.1212E+00  0.0000E+00  0.7500E-02 -0.2125E+01    1.0000
  0.4500  -0.152E+01  0.1818E+00  0.0000E+00  0.7500E-02 -0.2125E+01    1.0000
  0.4500  -0.175E+01  0.2424E+00  0.0000E+00  0.7500E-02 -0.2125E+01    1.0000
  0.4500  -0.201E+01  0.3030E+00  0.8318E-03  0.7490E-02 -0.2126E+01    1.0000
  0.4497  -0.231E+01  0.3636E+00  0.8782E-03  0.7173E-02 -0.2144E+01    0.9993
  0.4494  -0.266E+01  0.4242E+00  0.9265E-03  0.6847E-02 -0.2165E+01    0.9985
  0.4490  -0.305E+01  0.4848E+00  0.9768E-03  0.6510E-02 -0.2186E+01    0.9975
  0.4486  -0.351E+01  0.5455E+00  0.1029E-02  0.6165E-02 -0.2210E+01    0.9963
  0.4480  -0.404E+01  0.6061E+00  0.1082E-02  0.5810E-02 -0.2236E+01    0.9949
  0.4474  -0.464E+01  0.6667E+00  0.1137E-02  0.5449E-02 -0.2264E+01    0.9931
  0.4465  -0.534E+01  0.7273E+00  0.1193E-02  0.5082E-02 -0.2294E+01    0.9910
  0.4456  -0.614E+01  0.7879E+00  0.1249E-02  0.4710E-02 -0.2327E+01    0.9884
  0.4444  -0.705E+01  0.8485E+00  0.1304E-02  0.4336E-02 -0.2363E+01    0.9854
  0.4430  -0.811E+01  0.9091E+00  0.1358E-02  0.3963E-02 -0.2402E+01    0.9817
  0.4413  -0.933E+01  0.9697E+00  0.1410E-02  0.3591E-02 -0.2445E+01    0.9773
  0.4393  -0.107E+02  0.1030E+01  0.1458E-02  0.3226E-02 -0.2491E+01    0.9721
  0.4369  -0.123E+02  0.1091E+01  0.1500E-02  0.2869E-02 -0.2542E+01    0.9659
  0.4341  -0.142E+02  0.1152E+01  0.1536E-02  0.2524E-02 -0.2598E+01    0.9586
  0.4308  -0.163E+02  0.1212E+01  0.1562E-02  0.2194E-02 -0.2659E+01    0.9500
  0.4270  -0.187E+02  0.1273E+01  0.1578E-02  0.1884E-02 -0.2725E+01    0.9399
  0.4226  -0.215E+02  0.1333E+01  0.1582E-02  0.1595E-02 -0.2797E+01    0.9284
  0.4175  -0.248E+02  0.1394E+01  0.1571E-02  0.1331E-02 -0.2876E+01    0.9151
  0.4117  -0.285E+02  0.1455E+01  0.1545E-02  0.1094E-02 -0.2961E+01    0.9000
  0.4052  -0.327E+02  0.1515E+01  0.1504E-02  0.8851E-03 -0.3053E+01    0.8830
  0.3979  -0.376E+02  0.1576E+01  0.1446E-02  0.7043E-03 -0.3152E+01    0.8641
  0.3900  -0.433E+02  0.1636E+01  0.1375E-02  0.5512E-03 -0.3259E+01    0.8433
  0.3814  -0.498E+02  0.1697E+01  0.1291E-02  0.4242E-03 -0.3372E+01    0.8208
  0.3721  -0.572E+02  0.1758E+01  0.1197E-02  0.3212E-03 -0.3493E+01    0.7966
  0.3623  -0.658E+02  0.1818E+01  0.1096E-02  0.2394E-03 -0.3621E+01    0.7709
  0.3520  -0.756E+02  0.1879E+01  0.9916E-03  0.1758E-03 -0.3755E+01    0.7441
  0.3414  -0.870E+02  0.1939E+01  0.8870E-03  0.1273E-03 -0.3895E+01    0.7164
  0.3305  -0.100E+03  0.2000E+01  0.7850E-03  0.9093E-04 -0.4041E+01    0.6880
  0.3195  -0.115E+03  0.2061E+01  0.6878E-03  0.6421E-04 -0.4192E+01    0.6593
  0.3085  -0.132E+03  0.2121E+01  0.5973E-03  0.4486E-04 -0.4348E+01    0.6305
  0.2975  -0.152E+03  0.2182E+01  0.5145E-03  0.3104E-04 -0.4508E+01    0.6018
  0.2867  -0.175E+03  0.2242E+01  0.4400E-03  0.2131E-04 -0.4671E+01    0.5735
  0.2761  -0.201E+03  0.2303E+01  0.3740E-03  0.1452E-04 -0.4838E+01    0.5458
  0.2657  -0.231E+03  0.2364E+01  0.3161E-03  0.9833E-05 -0.5007E+01    0.5188
  0.2557  -0.266E+03  0.2424E+01  0.2660E-03  0.6624E-05 -0.5179E+01    0.4926
  0.2460  -0.305E+03  0.2485E+01  0.2229E-03  0.4442E-05 -0.5352E+01    0.4674
  0.2367  -0.351E+03  0.2545E+01  0.1862E-03  0.2968E-05 -0.5528E+01    0.4430
  0.2278  -0.404E+03  0.2606E+01  0.1551E-03  0.1977E-05 -0.5704E+01    0.4197
  0.2192  -0.464E+03  0.2667E+01  0.1289E-03  0.1313E-05 -0.5882E+01    0.3974
  0.2111  -0.534E+03  0.2727E+01  0.1069E-03  0.8700E-06 -0.6060E+01    0.3761
  0.2033  -0.614E+03  0.2788E+01  0.8849E-04  0.5755E-06 -0.6240E+01    0.3558
  0.1959  -0.705E+03  0.2848E+01  0.7316E-04  0.3801E-06 -0.6420E+01    0.3366
  0.1889  -0.811E+03  0.2909E+01  0.6042E-04  0.2507E-06 -0.6601E+01    0.3182
  0.1822  -0.933E+03  0.2970E+01  0.4985E-04  0.1652E-06 -0.6782E+01    0.3008
  0.1759  -0.107E+04  0.3030E+01  0.4109E-04  0.1087E-06 -0.6964E+01    0.2843
  0.1699  -0.123E+04  0.3091E+01  0.3386E-04  0.7154E-07 -0.7145E+01    0.2687
  0.1642  -0.142E+04  0.3152E+01  0.2788E-04  0.4703E-07 -0.7328E+01    0.2539
  0.1589  -0.163E+04  0.3212E+01  0.2295E-04  0.3091E-07 -0.7510E+01    0.2399
  0.1538  -0.187E+04  0.3273E+01  0.1888E-04  0.2030E-07 -0.7692E+01    0.2266
  0.1490  -0.215E+04  0.3333E+01  0.1553E-04  0.1333E-07 -0.7875E+01    0.2141
  0.1445  -0.248E+04  0.3394E+01  0.1277E-04  0.8752E-08 -0.8058E+01    0.2023
  0.1402  -0.285E+04  0.3455E+01  0.1050E-04  0.5744E-08 -0.8241E+01    0.1910
  0.1361  -0.327E+04  0.3515E+01  0.8630E-05  0.3769E-08 -0.8424E+01    0.1805
  0.1323  -0.376E+04  0.3576E+01  0.7093E-05  0.2473E-08 -0.8607E+01    0.1704
  0.1287  -0.433E+04  0.3636E+01  0.5829E-05  0.1622E-08 -0.8790E+01    0.1610
  0.1252  -0.498E+04  0.3697E+01  0.4790E-05  0.1064E-08 -0.8973E+01    0.1520
  0.1220  -0.572E+04  0.3758E+01  0.3936E-05  0.6980E-09 -0.9156E+01    0.1436
  0.1189  -0.658E+04  0.3818E+01  0.3234E-05  0.4578E-09 -0.9339E+01    0.1356
  0.1161  -0.756E+04  0.3879E+01  0.2657E-05  0.3002E-09 -0.9523E+01    0.1281
  0.1133  -0.870E+04  0.3939E+01  0.2183E-05  0.1969E-09 -0.9706E+01    0.1210
  0.1108  -0.100E+05  0.4000E+01  0.1793E-05  0.1291E-09 -0.9889E+01    0.1142
end
