 FileVersion=0003
 Welcome to HYDRUS                                                       
 
 Program HYDRUS3
 Date:  25.12.2019    Time:  10:39:31
 Time dependent boundary conditions
 
 Units: L = cm   , T = min  , M = mmol 
 
 All cumulative fluxes (CumQ) are positive out of the region
          Time     CumQAP      CumQRP     CumQA      CumQR     CumQ3       CumQ1      CumQS      CumQ5      CumQ6      CumQ7      CumQ8      CumQ9     CRunOff    cEvapor   cInfiltr
           [T]      [L3]        [L3]       [L3]       [L3]      [L3]        [L3]       [L3]       [L3]       [L3]       [L3]       [L3]       [L3]       [L3]       [L3]       [L3]

         0.0010  0.000E+00  0.000E+00  0.000E+00  0.000E+00 -0.675E-01  0.000E+00  0.000E+00  0.000E+00  0.382E-03  0.000E+00  0.000E+00  0.000E+00  0.000E+00  0.000E+00  0.000E+00
         0.0020  0.000E+00  0.000E+00  0.000E+00  0.000E+00 -0.135E+00  0.000E+00  0.000E+00  0.000E+00  0.670E-03  0.000E+00  0.000E+00  0.000E+00  0.000E+00  0.000E+00  0.000E+00
         0.0030  0.000E+00  0.000E+00  0.000E+00  0.000E+00 -0.203E+00  0.000E+00  0.000E+00  0.000E+00  0.910E-03  0.000E+00  0.000E+00  0.000E+00  0.000E+00  0.000E+00  0.000E+00
         0.0043  0.000E+00  0.000E+00  0.000E+00  0.000E+00 -0.290E+00  0.000E+00  0.000E+00  0.000E+00  0.118E-02  0.000E+00  0.000E+00  0.000E+00  0.000E+00  0.000E+00  0.000E+00
         0.0060  0.000E+00  0.000E+00  0.000E+00  0.000E+00 -0.404E+00  0.000E+00  0.000E+00  0.000E+00  0.149E-02  0.000E+00  0.000E+00  0.000E+00  0.000E+00  0.000E+00  0.000E+00
         0.0082  0.000E+00  0.000E+00  0.000E+00  0.000E+00 -0.553E+00  0.000E+00  0.000E+00  0.000E+00  0.185E-02  0.000E+00  0.000E+00  0.000E+00  0.000E+00  0.000E+00  0.000E+00
         0.0110  0.000E+00  0.000E+00  0.000E+00  0.000E+00 -0.745E+00  0.000E+00  0.000E+00  0.000E+00  0.226E-02  0.000E+00  0.000E+00  0.000E+00  0.000E+00  0.000E+00  0.000E+00
         0.0148  0.000E+00  0.000E+00  0.000E+00  0.000E+00 -0.996E+00  0.000E+00  0.000E+00  0.000E+00  0.272E-02  0.000E+00  0.000E+00  0.000E+00  0.000E+00  0.000E+00  0.000E+00
         0.0196  0.000E+00  0.000E+00  0.000E+00  0.000E+00 -0.132E+01  0.000E+00  0.000E+00  0.000E+00  0.325E-02  0.000E+00  0.000E+00  0.000E+00  0.000E+00  0.000E+00  0.000E+00
         0.0259  0.000E+00  0.000E+00  0.000E+00  0.000E+00 -0.175E+01  0.000E+00  0.000E+00  0.000E+00  0.385E-02  0.000E+00  0.000E+00  0.000E+00  0.000E+00  0.000E+00  0.000E+00
         0.0340  0.000E+00  0.000E+00  0.000E+00  0.000E+00 -0.230E+01  0.000E+00  0.000E+00  0.000E+00  0.453E-02  0.000E+00  0.000E+00  0.000E+00  0.000E+00  0.000E+00  0.000E+00
         0.0446  0.000E+00  0.000E+00  0.000E+00  0.000E+00 -0.301E+01  0.000E+00  0.000E+00  0.000E+00  0.531E-02  0.000E+00  0.000E+00  0.000E+00  0.000E+00  0.000E+00  0.000E+00
         0.0584  0.000E+00  0.000E+00  0.000E+00  0.000E+00 -0.394E+01  0.000E+00  0.000E+00  0.000E+00  0.619E-02  0.000E+00  0.000E+00  0.000E+00  0.000E+00  0.000E+00  0.000E+00
         0.0722  0.000E+00  0.000E+00  0.000E+00  0.000E+00 -0.487E+01  0.000E+00  0.000E+00  0.000E+00  0.696E-02  0.000E+00  0.000E+00  0.000E+00  0.000E+00  0.000E+00  0.000E+00
         0.0860  0.000E+00  0.000E+00  0.000E+00  0.000E+00 -0.580E+01  0.000E+00  0.000E+00  0.000E+00  0.764E-02  0.000E+00  0.000E+00  0.000E+00  0.000E+00  0.000E+00  0.000E+00
         0.0998  0.000E+00  0.000E+00  0.000E+00  0.000E+00 -0.673E+01  0.000E+00  0.000E+00  0.000E+00  0.827E-02  0.000E+00  0.000E+00  0.000E+00  0.000E+00  0.000E+00  0.000E+00
         0.1135  0.000E+00  0.000E+00  0.000E+00  0.000E+00 -0.766E+01  0.000E+00  0.000E+00  0.000E+00  0.886E-02  0.000E+00  0.000E+00  0.000E+00  0.000E+00  0.000E+00  0.000E+00
         0.1315  0.000E+00  0.000E+00  0.000E+00  0.000E+00 -0.887E+01  0.000E+00  0.000E+00  0.000E+00  0.956E-02  0.000E+00  0.000E+00  0.000E+00  0.000E+00  0.000E+00  0.000E+00
         0.1494  0.000E+00  0.000E+00  0.000E+00  0.000E+00 -0.101E+02  0.000E+00  0.000E+00  0.000E+00  0.102E-01  0.000E+00  0.000E+00  0.000E+00  0.000E+00  0.000E+00  0.000E+00
         0.1673  0.000E+00  0.000E+00  0.000E+00  0.000E+00 -0.113E+02  0.000E+00  0.000E+00  0.000E+00  0.108E-01  0.000E+00  0.000E+00  0.000E+00  0.000E+00  0.000E+00  0.000E+00
         0.1852  0.000E+00  0.000E+00  0.000E+00  0.000E+00 -0.125E+02  0.000E+00  0.000E+00  0.000E+00  0.114E-01  0.000E+00  0.000E+00  0.000E+00  0.000E+00  0.000E+00  0.000E+00
         0.2032  0.000E+00  0.000E+00  0.000E+00  0.000E+00 -0.137E+02  0.000E+00  0.000E+00  0.000E+00  0.120E-01  0.000E+00  0.000E+00  0.000E+00  0.000E+00  0.000E+00  0.000E+00
         0.2211  0.000E+00  0.000E+00  0.000E+00  0.000E+00 -0.149E+02  0.000E+00  0.000E+00  0.000E+00  0.125E-01  0.000E+00  0.000E+00  0.000E+00  0.000E+00  0.000E+00  0.000E+00
         0.2444  0.000E+00  0.000E+00  0.000E+00  0.000E+00 -0.165E+02  0.000E+00  0.000E+00  0.000E+00  0.132E-01  0.000E+00  0.000E+00  0.000E+00  0.000E+00  0.000E+00  0.000E+00
         0.2677  0.000E+00  0.000E+00  0.000E+00  0.000E+00 -0.181E+02  0.000E+00  0.000E+00  0.000E+00  0.138E-01  0.000E+00  0.000E+00  0.000E+00  0.000E+00  0.000E+00  0.000E+00
         0.2910  0.000E+00  0.000E+00  0.000E+00  0.000E+00 -0.196E+02  0.000E+00  0.000E+00  0.000E+00  0.144E-01  0.000E+00  0.000E+00  0.000E+00  0.000E+00  0.000E+00  0.000E+00
         0.3143  0.000E+00  0.000E+00  0.000E+00  0.000E+00 -0.212E+02  0.000E+00  0.000E+00  0.000E+00  0.150E-01  0.000E+00  0.000E+00  0.000E+00  0.000E+00  0.000E+00  0.000E+00
         0.3376  0.000E+00  0.000E+00  0.000E+00  0.000E+00 -0.228E+02  0.000E+00  0.000E+00  0.000E+00  0.155E-01  0.000E+00  0.000E+00  0.000E+00  0.000E+00  0.000E+00  0.000E+00
         0.3609  0.000E+00  0.000E+00  0.000E+00  0.000E+00 -0.244E+02  0.000E+00  0.000E+00  0.000E+00  0.161E-01  0.000E+00  0.000E+00  0.000E+00  0.000E+00  0.000E+00  0.000E+00
         0.3842  0.000E+00  0.000E+00  0.000E+00  0.000E+00 -0.259E+02  0.000E+00  0.000E+00  0.000E+00  0.166E-01  0.000E+00  0.000E+00  0.000E+00  0.000E+00  0.000E+00  0.000E+00
         0.4075  0.000E+00  0.000E+00  0.000E+00  0.000E+00 -0.275E+02  0.000E+00  0.000E+00  0.000E+00  0.171E-01  0.000E+00  0.000E+00  0.000E+00  0.000E+00  0.000E+00  0.000E+00
         0.4308  0.000E+00  0.000E+00  0.000E+00  0.000E+00 -0.291E+02  0.000E+00  0.000E+00  0.000E+00  0.176E-01  0.000E+00  0.000E+00  0.000E+00  0.000E+00  0.000E+00  0.000E+00
         0.4541  0.000E+00  0.000E+00  0.000E+00  0.000E+00 -0.306E+02  0.000E+00  0.000E+00  0.000E+00  0.181E-01  0.000E+00  0.000E+00  0.000E+00  0.000E+00  0.000E+00  0.000E+00
         0.4843  0.000E+00  0.000E+00  0.000E+00  0.000E+00 -0.327E+02  0.000E+00  0.000E+00  0.000E+00  0.187E-01  0.000E+00  0.000E+00  0.000E+00  0.000E+00  0.000E+00  0.000E+00
         0.5146  0.000E+00  0.000E+00  0.000E+00  0.000E+00 -0.347E+02  0.000E+00  0.000E+00  0.000E+00  0.192E-01  0.000E+00  0.000E+00  0.000E+00  0.000E+00  0.000E+00  0.000E+00
         0.5449  0.000E+00  0.000E+00  0.000E+00  0.000E+00 -0.368E+02  0.000E+00  0.000E+00  0.000E+00  0.198E-01  0.000E+00  0.000E+00  0.000E+00  0.000E+00  0.000E+00  0.000E+00
         0.5752  0.000E+00  0.000E+00  0.000E+00  0.000E+00 -0.388E+02  0.000E+00  0.000E+00  0.000E+00  0.203E-01  0.000E+00  0.000E+00  0.000E+00  0.000E+00  0.000E+00  0.000E+00
         0.6055  0.000E+00  0.000E+00  0.000E+00  0.000E+00 -0.409E+02  0.000E+00  0.000E+00  0.000E+00  0.209E-01  0.000E+00  0.000E+00  0.000E+00  0.000E+00  0.000E+00  0.000E+00
         0.6358  0.000E+00  0.000E+00  0.000E+00  0.000E+00 -0.429E+02  0.000E+00  0.000E+00  0.000E+00  0.214E-01  0.000E+00  0.000E+00  0.000E+00  0.000E+00  0.000E+00  0.000E+00
         0.6661  0.000E+00  0.000E+00  0.000E+00  0.000E+00 -0.450E+02  0.000E+00  0.000E+00  0.000E+00  0.219E-01  0.000E+00  0.000E+00  0.000E+00  0.000E+00  0.000E+00  0.000E+00
         0.6964  0.000E+00  0.000E+00  0.000E+00  0.000E+00 -0.470E+02  0.000E+00  0.000E+00  0.000E+00  0.224E-01  0.000E+00  0.000E+00  0.000E+00  0.000E+00  0.000E+00  0.000E+00
         0.7266  0.000E+00  0.000E+00  0.000E+00  0.000E+00 -0.490E+02  0.000E+00  0.000E+00  0.000E+00  0.228E-01  0.000E+00  0.000E+00  0.000E+00  0.000E+00  0.000E+00  0.000E+00
         0.7569  0.000E+00  0.000E+00  0.000E+00  0.000E+00 -0.511E+02  0.000E+00  0.000E+00  0.000E+00  0.233E-01  0.000E+00  0.000E+00  0.000E+00  0.000E+00  0.000E+00  0.000E+00
         0.7872  0.000E+00  0.000E+00  0.000E+00  0.000E+00 -0.531E+02  0.000E+00  0.000E+00  0.000E+00  0.237E-01  0.000E+00  0.000E+00  0.000E+00  0.000E+00  0.000E+00  0.000E+00
         0.8175  0.000E+00  0.000E+00  0.000E+00  0.000E+00 -0.552E+02  0.000E+00  0.000E+00  0.000E+00  0.242E-01  0.000E+00  0.000E+00  0.000E+00  0.000E+00  0.000E+00  0.000E+00
         0.8478  0.000E+00  0.000E+00  0.000E+00  0.000E+00 -0.572E+02  0.000E+00  0.000E+00  0.000E+00  0.246E-01  0.000E+00  0.000E+00  0.000E+00  0.000E+00  0.000E+00  0.000E+00
         0.8781  0.000E+00  0.000E+00  0.000E+00  0.000E+00 -0.593E+02  0.000E+00  0.000E+00  0.000E+00  0.250E-01  0.000E+00  0.000E+00  0.000E+00  0.000E+00  0.000E+00  0.000E+00
         0.9084  0.000E+00  0.000E+00  0.000E+00  0.000E+00 -0.613E+02  0.000E+00  0.000E+00  0.000E+00  0.254E-01  0.000E+00  0.000E+00  0.000E+00  0.000E+00  0.000E+00  0.000E+00
         0.9477  0.000E+00  0.000E+00  0.000E+00  0.000E+00 -0.640E+02  0.000E+00  0.000E+00  0.000E+00  0.259E-01  0.000E+00  0.000E+00  0.000E+00  0.000E+00  0.000E+00  0.000E+00
         0.9871  0.000E+00  0.000E+00  0.000E+00  0.000E+00 -0.666E+02  0.000E+00  0.000E+00  0.000E+00  0.264E-01  0.000E+00  0.000E+00  0.000E+00  0.000E+00  0.000E+00  0.000E+00
         1.0265  0.000E+00  0.000E+00  0.000E+00  0.000E+00 -0.693E+02  0.000E+00  0.000E+00  0.000E+00  0.269E-01  0.000E+00  0.000E+00  0.000E+00  0.000E+00  0.000E+00  0.000E+00
         1.0659  0.000E+00  0.000E+00  0.000E+00  0.000E+00 -0.719E+02  0.000E+00  0.000E+00  0.000E+00  0.274E-01  0.000E+00  0.000E+00  0.000E+00  0.000E+00  0.000E+00  0.000E+00
         1.1052  0.000E+00  0.000E+00  0.000E+00  0.000E+00 -0.746E+02  0.000E+00  0.000E+00  0.000E+00  0.279E-01  0.000E+00  0.000E+00  0.000E+00  0.000E+00  0.000E+00  0.000E+00
         1.1446  0.000E+00  0.000E+00  0.000E+00  0.000E+00 -0.773E+02  0.000E+00  0.000E+00  0.000E+00  0.283E-01  0.000E+00  0.000E+00  0.000E+00  0.000E+00  0.000E+00  0.000E+00
         1.1840  0.000E+00  0.000E+00  0.000E+00  0.000E+00 -0.799E+02  0.000E+00  0.000E+00  0.000E+00  0.288E-01  0.000E+00  0.000E+00  0.000E+00  0.000E+00  0.000E+00  0.000E+00
         1.2234  0.000E+00  0.000E+00  0.000E+00  0.000E+00 -0.826E+02  0.000E+00  0.000E+00  0.000E+00  0.292E-01  0.000E+00  0.000E+00  0.000E+00  0.000E+00  0.000E+00  0.000E+00
         1.2627  0.000E+00  0.000E+00  0.000E+00  0.000E+00 -0.852E+02  0.000E+00  0.000E+00  0.000E+00  0.296E-01  0.000E+00  0.000E+00  0.000E+00  0.000E+00  0.000E+00  0.000E+00
         1.3021  0.000E+00  0.000E+00  0.000E+00  0.000E+00 -0.879E+02  0.000E+00  0.000E+00  0.000E+00  0.300E-01  0.000E+00  0.000E+00  0.000E+00  0.000E+00  0.000E+00  0.000E+00
         1.3415  0.000E+00  0.000E+00  0.000E+00  0.000E+00 -0.906E+02  0.000E+00  0.000E+00  0.000E+00  0.304E-01  0.000E+00  0.000E+00  0.000E+00  0.000E+00  0.000E+00  0.000E+00
         1.3809  0.000E+00  0.000E+00  0.000E+00  0.000E+00 -0.932E+02  0.000E+00  0.000E+00  0.000E+00  0.308E-01  0.000E+00  0.000E+00  0.000E+00  0.000E+00  0.000E+00  0.000E+00
         1.4320  0.000E+00  0.000E+00  0.000E+00  0.000E+00 -0.967E+02  0.000E+00  0.000E+00  0.000E+00  0.313E-01  0.000E+00  0.000E+00  0.000E+00  0.000E+00  0.000E+00  0.000E+00
         1.4832  0.000E+00  0.000E+00  0.000E+00  0.000E+00 -0.100E+03  0.000E+00  0.000E+00  0.000E+00  0.318E-01  0.000E+00  0.000E+00  0.000E+00  0.000E+00  0.000E+00  0.000E+00
         1.5344  0.000E+00  0.000E+00  0.000E+00  0.000E+00 -0.104E+03  0.000E+00  0.000E+00  0.000E+00  0.323E-01  0.000E+00  0.000E+00  0.000E+00  0.000E+00  0.000E+00  0.000E+00
         1.5856  0.000E+00  0.000E+00  0.000E+00  0.000E+00 -0.107E+03  0.000E+00  0.000E+00  0.000E+00  0.327E-01  0.000E+00  0.000E+00  0.000E+00  0.000E+00  0.000E+00  0.000E+00
         1.6368  0.000E+00  0.000E+00  0.000E+00  0.000E+00 -0.110E+03  0.000E+00  0.000E+00  0.000E+00  0.332E-01  0.000E+00  0.000E+00  0.000E+00  0.000E+00  0.000E+00  0.000E+00
         1.6880  0.000E+00  0.000E+00  0.000E+00  0.000E+00 -0.114E+03  0.000E+00  0.000E+00  0.000E+00  0.336E-01  0.000E+00  0.000E+00  0.000E+00  0.000E+00  0.000E+00  0.000E+00
         1.7392  0.000E+00  0.000E+00  0.000E+00  0.000E+00 -0.117E+03  0.000E+00  0.000E+00  0.000E+00  0.340E-01  0.000E+00  0.000E+00  0.000E+00  0.000E+00  0.000E+00  0.000E+00
         1.7903  0.000E+00  0.000E+00  0.000E+00  0.000E+00 -0.121E+03  0.000E+00  0.000E+00  0.000E+00  0.345E-01  0.000E+00  0.000E+00  0.000E+00  0.000E+00  0.000E+00  0.000E+00
         1.8415  0.000E+00  0.000E+00  0.000E+00  0.000E+00 -0.124E+03  0.000E+00  0.000E+00  0.000E+00  0.349E-01  0.000E+00  0.000E+00  0.000E+00  0.000E+00  0.000E+00  0.000E+00
         1.9081  0.000E+00  0.000E+00  0.000E+00  0.000E+00 -0.129E+03  0.000E+00  0.000E+00  0.000E+00  0.354E-01  0.000E+00  0.000E+00  0.000E+00  0.000E+00  0.000E+00  0.000E+00
         1.9746  0.000E+00  0.000E+00  0.000E+00  0.000E+00 -0.133E+03  0.000E+00  0.000E+00  0.000E+00  0.359E-01  0.000E+00  0.000E+00  0.000E+00  0.000E+00  0.000E+00  0.000E+00
         2.0412  0.000E+00  0.000E+00  0.000E+00  0.000E+00 -0.138E+03  0.000E+00  0.000E+00  0.000E+00  0.364E-01  0.000E+00  0.000E+00  0.000E+00  0.000E+00  0.000E+00  0.000E+00
         2.1077  0.000E+00  0.000E+00  0.000E+00  0.000E+00 -0.142E+03  0.000E+00  0.000E+00  0.000E+00  0.368E-01  0.000E+00  0.000E+00  0.000E+00  0.000E+00  0.000E+00  0.000E+00
         2.1742  0.000E+00  0.000E+00  0.000E+00  0.000E+00 -0.147E+03  0.000E+00  0.000E+00  0.000E+00  0.373E-01  0.000E+00  0.000E+00  0.000E+00  0.000E+00  0.000E+00  0.000E+00
         2.2408  0.000E+00  0.000E+00  0.000E+00  0.000E+00 -0.151E+03  0.000E+00  0.000E+00  0.000E+00  0.377E-01  0.000E+00  0.000E+00  0.000E+00  0.000E+00  0.000E+00  0.000E+00
         2.3073  0.000E+00  0.000E+00  0.000E+00  0.000E+00 -0.156E+03  0.000E+00  0.000E+00  0.000E+00  0.382E-01  0.000E+00  0.000E+00  0.000E+00  0.000E+00  0.000E+00  0.000E+00
         2.3938  0.000E+00  0.000E+00  0.000E+00  0.000E+00 -0.162E+03  0.000E+00  0.000E+00  0.000E+00  0.387E-01  0.000E+00  0.000E+00  0.000E+00  0.000E+00  0.000E+00  0.000E+00
         2.4803  0.000E+00  0.000E+00  0.000E+00  0.000E+00 -0.167E+03  0.000E+00  0.000E+00  0.000E+00  0.393E-01  0.000E+00  0.000E+00  0.000E+00  0.000E+00  0.000E+00  0.000E+00
         2.5668  0.000E+00  0.000E+00  0.000E+00  0.000E+00 -0.173E+03  0.000E+00  0.000E+00  0.000E+00  0.398E-01  0.000E+00  0.000E+00  0.000E+00  0.000E+00  0.000E+00  0.000E+00
         2.6533  0.000E+00  0.000E+00  0.000E+00  0.000E+00 -0.179E+03  0.000E+00  0.000E+00  0.000E+00  0.403E-01  0.000E+00  0.000E+00  0.000E+00  0.000E+00  0.000E+00  0.000E+00
         2.7398  0.000E+00  0.000E+00  0.000E+00  0.000E+00 -0.185E+03  0.000E+00  0.000E+00  0.000E+00  0.408E-01  0.000E+00  0.000E+00  0.000E+00  0.000E+00  0.000E+00  0.000E+00
         2.8263  0.000E+00  0.000E+00  0.000E+00  0.000E+00 -0.191E+03  0.000E+00  0.000E+00  0.000E+00  0.412E-01  0.000E+00  0.000E+00  0.000E+00  0.000E+00  0.000E+00  0.000E+00
         2.9128  0.000E+00  0.000E+00  0.000E+00  0.000E+00 -0.197E+03  0.000E+00  0.000E+00  0.000E+00  0.417E-01  0.000E+00  0.000E+00  0.000E+00  0.000E+00  0.000E+00  0.000E+00
         2.9994  0.000E+00  0.000E+00  0.000E+00  0.000E+00 -0.202E+03  0.000E+00  0.000E+00  0.000E+00  0.421E-01  0.000E+00  0.000E+00  0.000E+00  0.000E+00  0.000E+00  0.000E+00
         3.1118  0.000E+00  0.000E+00  0.000E+00  0.000E+00 -0.210E+03  0.000E+00  0.000E+00  0.000E+00  0.427E-01  0.000E+00  0.000E+00  0.000E+00  0.000E+00  0.000E+00  0.000E+00
         3.2243  0.000E+00  0.000E+00  0.000E+00  0.000E+00 -0.218E+03  0.000E+00  0.000E+00  0.000E+00  0.432E-01  0.000E+00  0.000E+00  0.000E+00  0.000E+00  0.000E+00  0.000E+00
         3.3367  0.000E+00  0.000E+00  0.000E+00  0.000E+00 -0.225E+03  0.000E+00  0.000E+00  0.000E+00  0.438E-01  0.000E+00  0.000E+00  0.000E+00  0.000E+00  0.000E+00  0.000E+00
         3.4492  0.000E+00  0.000E+00  0.000E+00  0.000E+00 -0.233E+03  0.000E+00  0.000E+00  0.000E+00  0.443E-01  0.000E+00  0.000E+00  0.000E+00  0.000E+00  0.000E+00  0.000E+00
         3.5616  0.000E+00  0.000E+00  0.000E+00  0.000E+00 -0.240E+03  0.000E+00  0.000E+00  0.000E+00  0.448E-01  0.000E+00  0.000E+00  0.000E+00  0.000E+00  0.000E+00  0.000E+00
         3.6741  0.000E+00  0.000E+00  0.000E+00  0.000E+00 -0.248E+03  0.000E+00  0.000E+00  0.000E+00  0.452E-01  0.000E+00  0.000E+00  0.000E+00  0.000E+00  0.000E+00  0.000E+00
         3.7865  0.000E+00  0.000E+00  0.000E+00  0.000E+00 -0.256E+03  0.000E+00  0.000E+00  0.000E+00  0.457E-01  0.000E+00  0.000E+00  0.000E+00  0.000E+00  0.000E+00  0.000E+00
         3.8990  0.000E+00  0.000E+00  0.000E+00  0.000E+00 -0.263E+03  0.000E+00  0.000E+00  0.000E+00  0.462E-01  0.000E+00  0.000E+00  0.000E+00  0.000E+00  0.000E+00  0.000E+00
         4.0091  0.000E+00  0.000E+00  0.000E+00  0.000E+00 -0.271E+03  0.000E+00  0.000E+00  0.000E+00  0.466E-01  0.000E+00  0.000E+00  0.000E+00  0.000E+00  0.000E+00  0.000E+00
         4.1192  0.000E+00  0.000E+00  0.000E+00  0.000E+00 -0.278E+03  0.000E+00  0.000E+00  0.000E+00  0.470E-01  0.000E+00  0.000E+00  0.000E+00  0.000E+00  0.000E+00  0.000E+00
         4.2293  0.000E+00  0.000E+00  0.000E+00  0.000E+00 -0.285E+03  0.000E+00  0.000E+00  0.000E+00  0.474E-01  0.000E+00  0.000E+00  0.000E+00  0.000E+00  0.000E+00  0.000E+00
         4.3394  0.000E+00  0.000E+00  0.000E+00  0.000E+00 -0.293E+03  0.000E+00  0.000E+00  0.000E+00  0.478E-01  0.000E+00  0.000E+00  0.000E+00  0.000E+00  0.000E+00  0.000E+00
         4.4495  0.000E+00  0.000E+00  0.000E+00  0.000E+00 -0.300E+03  0.000E+00  0.000E+00  0.000E+00  0.482E-01  0.000E+00  0.000E+00  0.000E+00  0.000E+00  0.000E+00  0.000E+00
         4.5596  0.000E+00  0.000E+00  0.000E+00  0.000E+00 -0.308E+03  0.000E+00  0.000E+00  0.000E+00  0.485E-01  0.000E+00  0.000E+00  0.000E+00  0.000E+00  0.000E+00  0.000E+00
         4.6697  0.000E+00  0.000E+00  0.000E+00  0.000E+00 -0.315E+03  0.000E+00  0.000E+00  0.000E+00  0.489E-01  0.000E+00  0.000E+00  0.000E+00  0.000E+00  0.000E+00  0.000E+00
         4.7798  0.000E+00  0.000E+00  0.000E+00  0.000E+00 -0.323E+03  0.000E+00  0.000E+00  0.000E+00  0.493E-01  0.000E+00  0.000E+00  0.000E+00  0.000E+00  0.000E+00  0.000E+00
         4.8899  0.000E+00  0.000E+00  0.000E+00  0.000E+00 -0.330E+03  0.000E+00  0.000E+00  0.000E+00  0.496E-01  0.000E+00  0.000E+00  0.000E+00  0.000E+00  0.000E+00  0.000E+00
         5.0000  0.000E+00  0.000E+00  0.000E+00  0.000E+00 -0.337E+03  0.000E+00  0.000E+00  0.000E+00  0.499E-01  0.000E+00  0.000E+00  0.000E+00  0.000E+00  0.000E+00  0.000E+00
         5.1125  0.000E+00  0.000E+00  0.000E+00  0.000E+00 -0.345E+03  0.000E+00  0.000E+00  0.000E+00  0.503E-01  0.000E+00  0.000E+00  0.000E+00  0.000E+00  0.000E+00  0.000E+00
         5.2249  0.000E+00  0.000E+00  0.000E+00  0.000E+00 -0.353E+03  0.000E+00  0.000E+00  0.000E+00  0.506E-01  0.000E+00  0.000E+00  0.000E+00  0.000E+00  0.000E+00  0.000E+00
         5.3374  0.000E+00  0.000E+00  0.000E+00  0.000E+00 -0.360E+03  0.000E+00  0.000E+00  0.000E+00  0.509E-01  0.000E+00  0.000E+00  0.000E+00  0.000E+00  0.000E+00  0.000E+00
         5.4836  0.000E+00  0.000E+00  0.000E+00  0.000E+00 -0.370E+03  0.000E+00  0.000E+00  0.000E+00  0.513E-01  0.000E+00  0.000E+00  0.000E+00  0.000E+00  0.000E+00  0.000E+00
         5.6297  0.000E+00  0.000E+00  0.000E+00  0.000E+00 -0.380E+03  0.000E+00  0.000E+00  0.000E+00  0.517E-01  0.000E+00  0.000E+00  0.000E+00  0.000E+00  0.000E+00  0.000E+00
         5.7759  0.000E+00  0.000E+00  0.000E+00  0.000E+00 -0.390E+03  0.000E+00  0.000E+00  0.000E+00  0.521E-01  0.000E+00  0.000E+00  0.000E+00  0.000E+00  0.000E+00  0.000E+00
         5.9221  0.000E+00  0.000E+00  0.000E+00  0.000E+00 -0.400E+03  0.000E+00  0.000E+00  0.000E+00  0.525E-01  0.000E+00  0.000E+00  0.000E+00  0.000E+00  0.000E+00  0.000E+00
         6.0683  0.000E+00  0.000E+00  0.000E+00  0.000E+00 -0.410E+03  0.000E+00  0.000E+00  0.000E+00  0.528E-01  0.000E+00  0.000E+00  0.000E+00  0.000E+00  0.000E+00  0.000E+00
         6.2145  0.000E+00  0.000E+00  0.000E+00  0.000E+00 -0.419E+03  0.000E+00  0.000E+00  0.000E+00  0.532E-01  0.000E+00  0.000E+00  0.000E+00  0.000E+00  0.000E+00  0.000E+00
         6.3607  0.000E+00  0.000E+00  0.000E+00  0.000E+00 -0.429E+03  0.000E+00  0.000E+00  0.000E+00  0.535E-01  0.000E+00  0.000E+00  0.000E+00  0.000E+00  0.000E+00  0.000E+00
         6.5069  0.000E+00  0.000E+00  0.000E+00  0.000E+00 -0.439E+03  0.000E+00  0.000E+00  0.000E+00  0.539E-01  0.000E+00  0.000E+00  0.000E+00  0.000E+00  0.000E+00  0.000E+00
         6.6531  0.000E+00  0.000E+00  0.000E+00  0.000E+00 -0.449E+03  0.000E+00  0.000E+00  0.000E+00  0.542E-01  0.000E+00  0.000E+00  0.000E+00  0.000E+00  0.000E+00  0.000E+00
         6.7993  0.000E+00  0.000E+00  0.000E+00  0.000E+00 -0.459E+03  0.000E+00  0.000E+00  0.000E+00  0.545E-01  0.000E+00  0.000E+00  0.000E+00  0.000E+00  0.000E+00  0.000E+00
         6.9455  0.000E+00  0.000E+00  0.000E+00  0.000E+00 -0.469E+03  0.000E+00  0.000E+00  0.000E+00  0.548E-01  0.000E+00  0.000E+00  0.000E+00  0.000E+00  0.000E+00  0.000E+00
         7.0917  0.000E+00  0.000E+00  0.000E+00  0.000E+00 -0.479E+03  0.000E+00  0.000E+00  0.000E+00  0.551E-01  0.000E+00  0.000E+00  0.000E+00  0.000E+00  0.000E+00  0.000E+00
         7.2379  0.000E+00  0.000E+00  0.000E+00  0.000E+00 -0.489E+03  0.000E+00  0.000E+00  0.000E+00  0.554E-01  0.000E+00  0.000E+00  0.000E+00  0.000E+00  0.000E+00  0.000E+00
         7.3841  0.000E+00  0.000E+00  0.000E+00  0.000E+00 -0.498E+03  0.000E+00  0.000E+00  0.000E+00  0.557E-01  0.000E+00  0.000E+00  0.000E+00  0.000E+00  0.000E+00  0.000E+00
         7.5302  0.000E+00  0.000E+00  0.000E+00  0.000E+00 -0.508E+03  0.000E+00  0.000E+00  0.000E+00  0.560E-01  0.000E+00  0.000E+00  0.000E+00  0.000E+00  0.000E+00  0.000E+00
         7.6764  0.000E+00  0.000E+00  0.000E+00  0.000E+00 -0.518E+03  0.000E+00  0.000E+00  0.000E+00  0.563E-01  0.000E+00  0.000E+00  0.000E+00  0.000E+00  0.000E+00  0.000E+00
         7.8226  0.000E+00  0.000E+00  0.000E+00  0.000E+00 -0.528E+03  0.000E+00  0.000E+00  0.000E+00  0.566E-01  0.000E+00  0.000E+00  0.000E+00  0.000E+00  0.000E+00  0.000E+00
         7.9688  0.000E+00  0.000E+00  0.000E+00  0.000E+00 -0.538E+03  0.000E+00  0.000E+00  0.000E+00  0.568E-01  0.000E+00  0.000E+00  0.000E+00  0.000E+00  0.000E+00  0.000E+00
         8.1150  0.000E+00  0.000E+00  0.000E+00  0.000E+00 -0.548E+03  0.000E+00  0.000E+00  0.000E+00  0.571E-01  0.000E+00  0.000E+00  0.000E+00  0.000E+00  0.000E+00  0.000E+00
         8.2612  0.000E+00  0.000E+00  0.000E+00  0.000E+00 -0.558E+03  0.000E+00  0.000E+00  0.000E+00  0.573E-01  0.000E+00  0.000E+00  0.000E+00  0.000E+00  0.000E+00  0.000E+00
         8.4074  0.000E+00  0.000E+00  0.000E+00  0.000E+00 -0.567E+03  0.000E+00  0.000E+00  0.000E+00  0.576E-01  0.000E+00  0.000E+00  0.000E+00  0.000E+00  0.000E+00  0.000E+00
         8.5536  0.000E+00  0.000E+00  0.000E+00  0.000E+00 -0.577E+03  0.000E+00  0.000E+00  0.000E+00  0.578E-01  0.000E+00  0.000E+00  0.000E+00  0.000E+00  0.000E+00  0.000E+00
         8.6998  0.000E+00  0.000E+00  0.000E+00  0.000E+00 -0.587E+03  0.000E+00  0.000E+00  0.000E+00  0.581E-01  0.000E+00  0.000E+00  0.000E+00  0.000E+00  0.000E+00  0.000E+00
         8.8460  0.000E+00  0.000E+00  0.000E+00  0.000E+00 -0.597E+03  0.000E+00  0.000E+00  0.000E+00  0.583E-01  0.000E+00  0.000E+00  0.000E+00  0.000E+00  0.000E+00  0.000E+00
         8.9922  0.000E+00  0.000E+00  0.000E+00  0.000E+00 -0.607E+03  0.000E+00  0.000E+00  0.000E+00  0.585E-01  0.000E+00  0.000E+00  0.000E+00  0.000E+00  0.000E+00  0.000E+00
         9.1384  0.000E+00  0.000E+00  0.000E+00  0.000E+00 -0.617E+03  0.000E+00  0.000E+00  0.000E+00  0.587E-01  0.000E+00  0.000E+00  0.000E+00  0.000E+00  0.000E+00  0.000E+00
         9.2845  0.000E+00  0.000E+00  0.000E+00  0.000E+00 -0.627E+03  0.000E+00  0.000E+00  0.000E+00  0.590E-01  0.000E+00  0.000E+00  0.000E+00  0.000E+00  0.000E+00  0.000E+00
         9.4307  0.000E+00  0.000E+00  0.000E+00  0.000E+00 -0.637E+03  0.000E+00  0.000E+00  0.000E+00  0.592E-01  0.000E+00  0.000E+00  0.000E+00  0.000E+00  0.000E+00  0.000E+00
         9.5769  0.000E+00  0.000E+00  0.000E+00  0.000E+00 -0.646E+03  0.000E+00  0.000E+00  0.000E+00  0.594E-01  0.000E+00  0.000E+00  0.000E+00  0.000E+00  0.000E+00  0.000E+00
         9.7231  0.000E+00  0.000E+00  0.000E+00  0.000E+00 -0.656E+03  0.000E+00  0.000E+00  0.000E+00  0.596E-01  0.000E+00  0.000E+00  0.000E+00  0.000E+00  0.000E+00  0.000E+00
         9.8693  0.000E+00  0.000E+00  0.000E+00  0.000E+00 -0.666E+03  0.000E+00  0.000E+00  0.000E+00  0.598E-01  0.000E+00  0.000E+00  0.000E+00  0.000E+00  0.000E+00  0.000E+00
        10.0155  0.000E+00  0.000E+00  0.000E+00  0.000E+00 -0.676E+03  0.000E+00  0.000E+00  0.000E+00  0.600E-01  0.000E+00  0.000E+00  0.000E+00  0.000E+00  0.000E+00  0.000E+00
        10.1617  0.000E+00  0.000E+00  0.000E+00  0.000E+00 -0.686E+03  0.000E+00  0.000E+00  0.000E+00  0.602E-01  0.000E+00  0.000E+00  0.000E+00  0.000E+00  0.000E+00  0.000E+00
        10.3079  0.000E+00  0.000E+00  0.000E+00  0.000E+00 -0.696E+03  0.000E+00  0.000E+00  0.000E+00  0.604E-01  0.000E+00  0.000E+00  0.000E+00  0.000E+00  0.000E+00  0.000E+00
        10.4541  0.000E+00  0.000E+00  0.000E+00  0.000E+00 -0.706E+03  0.000E+00  0.000E+00  0.000E+00  0.606E-01  0.000E+00  0.000E+00  0.000E+00  0.000E+00  0.000E+00  0.000E+00
        10.6003  0.000E+00  0.000E+00  0.000E+00  0.000E+00 -0.716E+03  0.000E+00  0.000E+00  0.000E+00  0.607E-01  0.000E+00  0.000E+00  0.000E+00  0.000E+00  0.000E+00  0.000E+00
        10.7465  0.000E+00  0.000E+00  0.000E+00  0.000E+00 -0.725E+03  0.000E+00  0.000E+00  0.000E+00  0.609E-01  0.000E+00  0.000E+00  0.000E+00  0.000E+00  0.000E+00  0.000E+00
        10.8927  0.000E+00  0.000E+00  0.000E+00  0.000E+00 -0.735E+03  0.000E+00  0.000E+00  0.000E+00  0.611E-01  0.000E+00  0.000E+00  0.000E+00  0.000E+00  0.000E+00  0.000E+00
        11.0389  0.000E+00  0.000E+00  0.000E+00  0.000E+00 -0.745E+03  0.000E+00  0.000E+00  0.000E+00  0.613E-01  0.000E+00  0.000E+00  0.000E+00  0.000E+00  0.000E+00  0.000E+00
        11.1850  0.000E+00  0.000E+00  0.000E+00  0.000E+00 -0.755E+03  0.000E+00  0.000E+00  0.000E+00  0.614E-01  0.000E+00  0.000E+00  0.000E+00  0.000E+00  0.000E+00  0.000E+00
        11.3312  0.000E+00  0.000E+00  0.000E+00  0.000E+00 -0.765E+03  0.000E+00  0.000E+00  0.000E+00  0.616E-01  0.000E+00  0.000E+00  0.000E+00  0.000E+00  0.000E+00  0.000E+00
        11.4774  0.000E+00  0.000E+00  0.000E+00  0.000E+00 -0.775E+03  0.000E+00  0.000E+00  0.000E+00  0.618E-01  0.000E+00  0.000E+00  0.000E+00  0.000E+00  0.000E+00  0.000E+00
        11.6236  0.000E+00  0.000E+00  0.000E+00  0.000E+00 -0.785E+03  0.000E+00  0.000E+00  0.000E+00  0.619E-01  0.000E+00  0.000E+00  0.000E+00  0.000E+00  0.000E+00  0.000E+00
        11.7698  0.000E+00  0.000E+00  0.000E+00  0.000E+00 -0.794E+03  0.000E+00  0.000E+00  0.000E+00  0.621E-01  0.000E+00  0.000E+00  0.000E+00  0.000E+00  0.000E+00  0.000E+00
        11.9599  0.000E+00  0.000E+00  0.000E+00  0.000E+00 -0.807E+03  0.000E+00  0.000E+00  0.000E+00  0.623E-01  0.000E+00  0.000E+00  0.000E+00  0.000E+00  0.000E+00  0.000E+00
        12.1499  0.000E+00  0.000E+00  0.000E+00  0.000E+00 -0.820E+03  0.000E+00  0.000E+00  0.000E+00  0.625E-01  0.000E+00  0.000E+00  0.000E+00  0.000E+00  0.000E+00  0.000E+00
        12.3400  0.000E+00  0.000E+00  0.000E+00  0.000E+00 -0.833E+03  0.000E+00  0.000E+00  0.000E+00  0.627E-01  0.000E+00  0.000E+00  0.000E+00  0.000E+00  0.000E+00  0.000E+00
        12.5300  0.000E+00  0.000E+00  0.000E+00  0.000E+00 -0.846E+03  0.000E+00  0.000E+00  0.000E+00  0.629E-01  0.000E+00  0.000E+00  0.000E+00  0.000E+00  0.000E+00  0.000E+00
        12.7201  0.000E+00  0.000E+00  0.000E+00  0.000E+00 -0.859E+03  0.000E+00  0.000E+00  0.000E+00  0.631E-01  0.000E+00  0.000E+00  0.000E+00  0.000E+00  0.000E+00  0.000E+00
        12.9101  0.000E+00  0.000E+00  0.000E+00  0.000E+00 -0.871E+03  0.000E+00  0.000E+00  0.000E+00  0.633E-01  0.000E+00  0.000E+00  0.000E+00  0.000E+00  0.000E+00  0.000E+00
        13.1002  0.000E+00  0.000E+00  0.000E+00  0.000E+00 -0.884E+03  0.000E+00  0.000E+00  0.000E+00  0.634E-01  0.000E+00  0.000E+00  0.000E+00  0.000E+00  0.000E+00  0.000E+00
        13.2901  0.000E+00  0.000E+00  0.000E+00  0.000E+00 -0.897E+03  0.000E+00  0.000E+00  0.000E+00  0.636E-01  0.000E+00  0.000E+00  0.000E+00  0.000E+00  0.000E+00  0.000E+00
        13.4801  0.000E+00  0.000E+00  0.000E+00  0.000E+00 -0.910E+03  0.000E+00  0.000E+00  0.000E+00  0.638E-01  0.000E+00  0.000E+00  0.000E+00  0.000E+00  0.000E+00  0.000E+00
        13.6701  0.000E+00  0.000E+00  0.000E+00  0.000E+00 -0.923E+03  0.000E+00  0.000E+00  0.000E+00  0.640E-01  0.000E+00  0.000E+00  0.000E+00  0.000E+00  0.000E+00  0.000E+00
        13.8601  0.000E+00  0.000E+00  0.000E+00  0.000E+00 -0.936E+03  0.000E+00  0.000E+00  0.000E+00  0.641E-01  0.000E+00  0.000E+00  0.000E+00  0.000E+00  0.000E+00  0.000E+00
        14.0501  0.000E+00  0.000E+00  0.000E+00  0.000E+00 -0.948E+03  0.000E+00  0.000E+00  0.000E+00  0.643E-01  0.000E+00  0.000E+00  0.000E+00  0.000E+00  0.000E+00  0.000E+00
        14.2401  0.000E+00  0.000E+00  0.000E+00  0.000E+00 -0.961E+03  0.000E+00  0.000E+00  0.000E+00  0.644E-01  0.000E+00  0.000E+00  0.000E+00  0.000E+00  0.000E+00  0.000E+00
        14.4300  0.000E+00  0.000E+00  0.000E+00  0.000E+00 -0.974E+03  0.000E+00  0.000E+00  0.000E+00  0.646E-01  0.000E+00  0.000E+00  0.000E+00  0.000E+00  0.000E+00  0.000E+00
        14.6200  0.000E+00  0.000E+00  0.000E+00  0.000E+00 -0.987E+03  0.000E+00  0.000E+00  0.000E+00  0.648E-01  0.000E+00  0.000E+00  0.000E+00  0.000E+00  0.000E+00  0.000E+00
        14.8100  0.000E+00  0.000E+00  0.000E+00  0.000E+00 -0.100E+04  0.000E+00  0.000E+00  0.000E+00  0.649E-01  0.000E+00  0.000E+00  0.000E+00  0.000E+00  0.000E+00  0.000E+00
        15.0000  0.000E+00  0.000E+00  0.000E+00  0.000E+00 -0.101E+04  0.000E+00  0.000E+00  0.000E+00  0.651E-01  0.000E+00  0.000E+00  0.000E+00  0.000E+00  0.000E+00  0.000E+00
        15.1900  0.000E+00  0.000E+00  0.000E+00  0.000E+00 -0.103E+04  0.000E+00  0.000E+00  0.000E+00  0.652E-01  0.000E+00  0.000E+00  0.000E+00  0.000E+00  0.000E+00  0.000E+00
        15.3801  0.000E+00  0.000E+00  0.000E+00  0.000E+00 -0.104E+04  0.000E+00  0.000E+00  0.000E+00  0.653E-01  0.000E+00  0.000E+00  0.000E+00  0.000E+00  0.000E+00  0.000E+00
        15.5701  0.000E+00  0.000E+00  0.000E+00  0.000E+00 -0.105E+04  0.000E+00  0.000E+00  0.000E+00  0.655E-01  0.000E+00  0.000E+00  0.000E+00  0.000E+00  0.000E+00  0.000E+00
        15.7602  0.000E+00  0.000E+00  0.000E+00  0.000E+00 -0.106E+04  0.000E+00  0.000E+00  0.000E+00  0.656E-01  0.000E+00  0.000E+00  0.000E+00  0.000E+00  0.000E+00  0.000E+00
        15.9502  0.000E+00  0.000E+00  0.000E+00  0.000E+00 -0.108E+04  0.000E+00  0.000E+00  0.000E+00  0.658E-01  0.000E+00  0.000E+00  0.000E+00  0.000E+00  0.000E+00  0.000E+00
        16.1403  0.000E+00  0.000E+00  0.000E+00  0.000E+00 -0.109E+04  0.000E+00  0.000E+00  0.000E+00  0.659E-01  0.000E+00  0.000E+00  0.000E+00  0.000E+00  0.000E+00  0.000E+00
        16.3303  0.000E+00  0.000E+00  0.000E+00  0.000E+00 -0.110E+04  0.000E+00  0.000E+00  0.000E+00  0.660E-01  0.000E+00  0.000E+00  0.000E+00  0.000E+00  0.000E+00  0.000E+00
        16.5204  0.000E+00  0.000E+00  0.000E+00  0.000E+00 -0.112E+04  0.000E+00  0.000E+00  0.000E+00  0.662E-01  0.000E+00  0.000E+00  0.000E+00  0.000E+00  0.000E+00  0.000E+00
        16.7104  0.000E+00  0.000E+00  0.000E+00  0.000E+00 -0.113E+04  0.000E+00  0.000E+00  0.000E+00  0.663E-01  0.000E+00  0.000E+00  0.000E+00  0.000E+00  0.000E+00  0.000E+00
        16.9005  0.000E+00  0.000E+00  0.000E+00  0.000E+00 -0.114E+04  0.000E+00  0.000E+00  0.000E+00  0.664E-01  0.000E+00  0.000E+00  0.000E+00  0.000E+00  0.000E+00  0.000E+00
        17.0905  0.000E+00  0.000E+00  0.000E+00  0.000E+00 -0.115E+04  0.000E+00  0.000E+00  0.000E+00  0.665E-01  0.000E+00  0.000E+00  0.000E+00  0.000E+00  0.000E+00  0.000E+00
        17.2806  0.000E+00  0.000E+00  0.000E+00  0.000E+00 -0.117E+04  0.000E+00  0.000E+00  0.000E+00  0.667E-01  0.000E+00  0.000E+00  0.000E+00  0.000E+00  0.000E+00  0.000E+00
        17.4706  0.000E+00  0.000E+00  0.000E+00  0.000E+00 -0.118E+04  0.000E+00  0.000E+00  0.000E+00  0.668E-01  0.000E+00  0.000E+00  0.000E+00  0.000E+00  0.000E+00  0.000E+00
        17.6607  0.000E+00  0.000E+00  0.000E+00  0.000E+00 -0.119E+04  0.000E+00  0.000E+00  0.000E+00  0.669E-01  0.000E+00  0.000E+00  0.000E+00  0.000E+00  0.000E+00  0.000E+00
        17.8507  0.000E+00  0.000E+00  0.000E+00  0.000E+00 -0.120E+04  0.000E+00  0.000E+00  0.000E+00  0.670E-01  0.000E+00  0.000E+00  0.000E+00  0.000E+00  0.000E+00  0.000E+00
        18.0408  0.000E+00  0.000E+00  0.000E+00  0.000E+00 -0.122E+04  0.000E+00  0.000E+00  0.000E+00  0.671E-01  0.000E+00  0.000E+00  0.000E+00  0.000E+00  0.000E+00  0.000E+00
        18.2308  0.000E+00  0.000E+00  0.000E+00  0.000E+00 -0.123E+04  0.000E+00  0.000E+00  0.000E+00  0.672E-01  0.000E+00  0.000E+00  0.000E+00  0.000E+00  0.000E+00  0.000E+00
        18.4209  0.000E+00  0.000E+00  0.000E+00  0.000E+00 -0.124E+04  0.000E+00  0.000E+00  0.000E+00  0.673E-01  0.000E+00  0.000E+00  0.000E+00  0.000E+00  0.000E+00  0.000E+00
        18.6109  0.000E+00  0.000E+00  0.000E+00  0.000E+00 -0.126E+04  0.000E+00  0.000E+00  0.000E+00  0.674E-01  0.000E+00  0.000E+00  0.000E+00  0.000E+00  0.000E+00  0.000E+00
        18.8010  0.000E+00  0.000E+00  0.000E+00  0.000E+00 -0.127E+04  0.000E+00  0.000E+00  0.000E+00  0.675E-01  0.000E+00  0.000E+00  0.000E+00  0.000E+00  0.000E+00  0.000E+00
        18.9910  0.000E+00  0.000E+00  0.000E+00  0.000E+00 -0.128E+04  0.000E+00  0.000E+00  0.000E+00  0.677E-01  0.000E+00  0.000E+00  0.000E+00  0.000E+00  0.000E+00  0.000E+00
        19.1811  0.000E+00  0.000E+00  0.000E+00  0.000E+00 -0.129E+04  0.000E+00  0.000E+00  0.000E+00  0.678E-01  0.000E+00  0.000E+00  0.000E+00  0.000E+00  0.000E+00  0.000E+00
        19.3711  0.000E+00  0.000E+00  0.000E+00  0.000E+00 -0.131E+04  0.000E+00  0.000E+00  0.000E+00  0.679E-01  0.000E+00  0.000E+00  0.000E+00  0.000E+00  0.000E+00  0.000E+00
        19.5612  0.000E+00  0.000E+00  0.000E+00  0.000E+00 -0.132E+04  0.000E+00  0.000E+00  0.000E+00  0.680E-01  0.000E+00  0.000E+00  0.000E+00  0.000E+00  0.000E+00  0.000E+00
        19.7512  0.000E+00  0.000E+00  0.000E+00  0.000E+00 -0.133E+04  0.000E+00  0.000E+00  0.000E+00  0.681E-01  0.000E+00  0.000E+00  0.000E+00  0.000E+00  0.000E+00  0.000E+00
        19.9413  0.000E+00  0.000E+00  0.000E+00  0.000E+00 -0.135E+04  0.000E+00  0.000E+00  0.000E+00  0.681E-01  0.000E+00  0.000E+00  0.000E+00  0.000E+00  0.000E+00  0.000E+00
        20.1313  0.000E+00  0.000E+00  0.000E+00  0.000E+00 -0.136E+04  0.000E+00  0.000E+00  0.000E+00  0.682E-01  0.000E+00  0.000E+00  0.000E+00  0.000E+00  0.000E+00  0.000E+00
        20.3784  0.000E+00  0.000E+00  0.000E+00  0.000E+00 -0.138E+04  0.000E+00  0.000E+00  0.000E+00  0.684E-01  0.000E+00  0.000E+00  0.000E+00  0.000E+00  0.000E+00  0.000E+00
        20.6255  0.000E+00  0.000E+00  0.000E+00  0.000E+00 -0.139E+04  0.000E+00  0.000E+00  0.000E+00  0.685E-01  0.000E+00  0.000E+00  0.000E+00  0.000E+00  0.000E+00  0.000E+00
        20.8725  0.000E+00  0.000E+00  0.000E+00  0.000E+00 -0.141E+04  0.000E+00  0.000E+00  0.000E+00  0.686E-01  0.000E+00  0.000E+00  0.000E+00  0.000E+00  0.000E+00  0.000E+00
        21.1196  0.000E+00  0.000E+00  0.000E+00  0.000E+00 -0.143E+04  0.000E+00  0.000E+00  0.000E+00  0.687E-01  0.000E+00  0.000E+00  0.000E+00  0.000E+00  0.000E+00  0.000E+00
        21.3667  0.000E+00  0.000E+00  0.000E+00  0.000E+00 -0.144E+04  0.000E+00  0.000E+00  0.000E+00  0.688E-01  0.000E+00  0.000E+00  0.000E+00  0.000E+00  0.000E+00  0.000E+00
        21.6137  0.000E+00  0.000E+00  0.000E+00  0.000E+00 -0.146E+04  0.000E+00  0.000E+00  0.000E+00  0.689E-01  0.000E+00  0.000E+00  0.000E+00  0.000E+00  0.000E+00  0.000E+00
        21.8608  0.000E+00  0.000E+00  0.000E+00  0.000E+00 -0.148E+04  0.000E+00  0.000E+00  0.000E+00  0.690E-01  0.000E+00  0.000E+00  0.000E+00  0.000E+00  0.000E+00  0.000E+00
        22.1079  0.000E+00  0.000E+00  0.000E+00  0.000E+00 -0.149E+04  0.000E+00  0.000E+00  0.000E+00  0.692E-01  0.000E+00  0.000E+00  0.000E+00  0.000E+00  0.000E+00  0.000E+00
        22.3549  0.000E+00  0.000E+00  0.000E+00  0.000E+00 -0.151E+04  0.000E+00  0.000E+00  0.000E+00  0.693E-01  0.000E+00  0.000E+00  0.000E+00  0.000E+00  0.000E+00  0.000E+00
        22.6020  0.000E+00  0.000E+00  0.000E+00  0.000E+00 -0.153E+04  0.000E+00  0.000E+00  0.000E+00  0.694E-01  0.000E+00  0.000E+00  0.000E+00  0.000E+00  0.000E+00  0.000E+00
        22.8490  0.000E+00  0.000E+00  0.000E+00  0.000E+00 -0.154E+04  0.000E+00  0.000E+00  0.000E+00  0.695E-01  0.000E+00  0.000E+00  0.000E+00  0.000E+00  0.000E+00  0.000E+00
        23.0961  0.000E+00  0.000E+00  0.000E+00  0.000E+00 -0.156E+04  0.000E+00  0.000E+00  0.000E+00  0.696E-01  0.000E+00  0.000E+00  0.000E+00  0.000E+00  0.000E+00  0.000E+00
        23.3432  0.000E+00  0.000E+00  0.000E+00  0.000E+00 -0.158E+04  0.000E+00  0.000E+00  0.000E+00  0.697E-01  0.000E+00  0.000E+00  0.000E+00  0.000E+00  0.000E+00  0.000E+00
        23.5902  0.000E+00  0.000E+00  0.000E+00  0.000E+00 -0.159E+04  0.000E+00  0.000E+00  0.000E+00  0.697E-01  0.000E+00  0.000E+00  0.000E+00  0.000E+00  0.000E+00  0.000E+00
        23.8373  0.000E+00  0.000E+00  0.000E+00  0.000E+00 -0.161E+04  0.000E+00  0.000E+00  0.000E+00  0.698E-01  0.000E+00  0.000E+00  0.000E+00  0.000E+00  0.000E+00  0.000E+00
        24.0844  0.000E+00  0.000E+00  0.000E+00  0.000E+00 -0.163E+04  0.000E+00  0.000E+00  0.000E+00  0.699E-01  0.000E+00  0.000E+00  0.000E+00  0.000E+00  0.000E+00  0.000E+00
        24.3314  0.000E+00  0.000E+00  0.000E+00  0.000E+00 -0.164E+04  0.000E+00  0.000E+00  0.000E+00  0.700E-01  0.000E+00  0.000E+00  0.000E+00  0.000E+00  0.000E+00  0.000E+00
        24.5785  0.000E+00  0.000E+00  0.000E+00  0.000E+00 -0.166E+04  0.000E+00  0.000E+00  0.000E+00  0.701E-01  0.000E+00  0.000E+00  0.000E+00  0.000E+00  0.000E+00  0.000E+00
        24.8256  0.000E+00  0.000E+00  0.000E+00  0.000E+00 -0.168E+04  0.000E+00  0.000E+00  0.000E+00  0.702E-01  0.000E+00  0.000E+00  0.000E+00  0.000E+00  0.000E+00  0.000E+00
        25.0726  0.000E+00  0.000E+00  0.000E+00  0.000E+00 -0.169E+04  0.000E+00  0.000E+00  0.000E+00  0.703E-01  0.000E+00  0.000E+00  0.000E+00  0.000E+00  0.000E+00  0.000E+00
        25.3197  0.000E+00  0.000E+00  0.000E+00  0.000E+00 -0.171E+04  0.000E+00  0.000E+00  0.000E+00  0.704E-01  0.000E+00  0.000E+00  0.000E+00  0.000E+00  0.000E+00  0.000E+00
        25.5668  0.000E+00  0.000E+00  0.000E+00  0.000E+00 -0.173E+04  0.000E+00  0.000E+00  0.000E+00  0.704E-01  0.000E+00  0.000E+00  0.000E+00  0.000E+00  0.000E+00  0.000E+00
        25.8138  0.000E+00  0.000E+00  0.000E+00  0.000E+00 -0.174E+04  0.000E+00  0.000E+00  0.000E+00  0.705E-01  0.000E+00  0.000E+00  0.000E+00  0.000E+00  0.000E+00  0.000E+00
        26.0609  0.000E+00  0.000E+00  0.000E+00  0.000E+00 -0.176E+04  0.000E+00  0.000E+00  0.000E+00  0.706E-01  0.000E+00  0.000E+00  0.000E+00  0.000E+00  0.000E+00  0.000E+00
        26.3079  0.000E+00  0.000E+00  0.000E+00  0.000E+00 -0.178E+04  0.000E+00  0.000E+00  0.000E+00  0.707E-01  0.000E+00  0.000E+00  0.000E+00  0.000E+00  0.000E+00  0.000E+00
        26.5550  0.000E+00  0.000E+00  0.000E+00  0.000E+00 -0.179E+04  0.000E+00  0.000E+00  0.000E+00  0.708E-01  0.000E+00  0.000E+00  0.000E+00  0.000E+00  0.000E+00  0.000E+00
        26.8021  0.000E+00  0.000E+00  0.000E+00  0.000E+00 -0.181E+04  0.000E+00  0.000E+00  0.000E+00  0.708E-01  0.000E+00  0.000E+00  0.000E+00  0.000E+00  0.000E+00  0.000E+00
        27.0491  0.000E+00  0.000E+00  0.000E+00  0.000E+00 -0.183E+04  0.000E+00  0.000E+00  0.000E+00  0.709E-01  0.000E+00  0.000E+00  0.000E+00  0.000E+00  0.000E+00  0.000E+00
        27.2962  0.000E+00  0.000E+00  0.000E+00  0.000E+00 -0.184E+04  0.000E+00  0.000E+00  0.000E+00  0.710E-01  0.000E+00  0.000E+00  0.000E+00  0.000E+00  0.000E+00  0.000E+00
        27.5433  0.000E+00  0.000E+00  0.000E+00  0.000E+00 -0.186E+04  0.000E+00  0.000E+00  0.000E+00  0.711E-01  0.000E+00  0.000E+00  0.000E+00  0.000E+00  0.000E+00  0.000E+00
        27.7889  0.000E+00  0.000E+00  0.000E+00  0.000E+00 -0.188E+04  0.000E+00  0.000E+00  0.000E+00  0.711E-01  0.000E+00  0.000E+00  0.000E+00  0.000E+00  0.000E+00  0.000E+00
        28.0346  0.000E+00  0.000E+00  0.000E+00  0.000E+00 -0.189E+04  0.000E+00  0.000E+00  0.000E+00  0.712E-01  0.000E+00  0.000E+00  0.000E+00  0.000E+00  0.000E+00  0.000E+00
        28.2803  0.000E+00  0.000E+00  0.000E+00  0.000E+00 -0.191E+04  0.000E+00  0.000E+00  0.000E+00  0.713E-01  0.000E+00  0.000E+00  0.000E+00  0.000E+00  0.000E+00  0.000E+00
        28.5260  0.000E+00  0.000E+00  0.000E+00  0.000E+00 -0.193E+04  0.000E+00  0.000E+00  0.000E+00  0.713E-01  0.000E+00  0.000E+00  0.000E+00  0.000E+00  0.000E+00  0.000E+00
        28.7716  0.000E+00  0.000E+00  0.000E+00  0.000E+00 -0.194E+04  0.000E+00  0.000E+00  0.000E+00  0.714E-01  0.000E+00  0.000E+00  0.000E+00  0.000E+00  0.000E+00  0.000E+00
        29.0173  0.000E+00  0.000E+00  0.000E+00  0.000E+00 -0.196E+04  0.000E+00  0.000E+00  0.000E+00  0.715E-01  0.000E+00  0.000E+00  0.000E+00  0.000E+00  0.000E+00  0.000E+00
        29.2630  0.000E+00  0.000E+00  0.000E+00  0.000E+00 -0.198E+04  0.000E+00  0.000E+00  0.000E+00  0.715E-01  0.000E+00  0.000E+00  0.000E+00  0.000E+00  0.000E+00  0.000E+00
        29.5087  0.000E+00  0.000E+00  0.000E+00  0.000E+00 -0.199E+04  0.000E+00  0.000E+00  0.000E+00  0.716E-01  0.000E+00  0.000E+00  0.000E+00  0.000E+00  0.000E+00  0.000E+00
        29.7543  0.000E+00  0.000E+00  0.000E+00  0.000E+00 -0.201E+04  0.000E+00  0.000E+00  0.000E+00  0.717E-01  0.000E+00  0.000E+00  0.000E+00  0.000E+00  0.000E+00  0.000E+00
        30.0000  0.000E+00  0.000E+00  0.000E+00  0.000E+00 -0.203E+04  0.000E+00  0.000E+00  0.000E+00  0.717E-01  0.000E+00  0.000E+00  0.000E+00  0.000E+00  0.000E+00  0.000E+00
        30.2471  0.000E+00  0.000E+00  0.000E+00  0.000E+00 -0.204E+04  0.000E+00  0.000E+00  0.000E+00  0.718E-01  0.000E+00  0.000E+00  0.000E+00  0.000E+00  0.000E+00  0.000E+00
        30.4941  0.000E+00  0.000E+00  0.000E+00  0.000E+00 -0.206E+04  0.000E+00  0.000E+00  0.000E+00  0.718E-01  0.000E+00  0.000E+00  0.000E+00  0.000E+00  0.000E+00  0.000E+00
        30.7412  0.000E+00  0.000E+00  0.000E+00  0.000E+00 -0.208E+04  0.000E+00  0.000E+00  0.000E+00  0.719E-01  0.000E+00  0.000E+00  0.000E+00  0.000E+00  0.000E+00  0.000E+00
        30.9883  0.000E+00  0.000E+00  0.000E+00  0.000E+00 -0.209E+04  0.000E+00  0.000E+00  0.000E+00  0.719E-01  0.000E+00  0.000E+00  0.000E+00  0.000E+00  0.000E+00  0.000E+00
        31.2353  0.000E+00  0.000E+00  0.000E+00  0.000E+00 -0.211E+04  0.000E+00  0.000E+00  0.000E+00  0.720E-01  0.000E+00  0.000E+00  0.000E+00  0.000E+00  0.000E+00  0.000E+00
        31.4824  0.000E+00  0.000E+00  0.000E+00  0.000E+00 -0.213E+04  0.000E+00  0.000E+00  0.000E+00  0.721E-01  0.000E+00  0.000E+00  0.000E+00  0.000E+00  0.000E+00  0.000E+00
        31.7295  0.000E+00  0.000E+00  0.000E+00  0.000E+00 -0.214E+04  0.000E+00  0.000E+00  0.000E+00  0.721E-01  0.000E+00  0.000E+00  0.000E+00  0.000E+00  0.000E+00  0.000E+00
        31.9765  0.000E+00  0.000E+00  0.000E+00  0.000E+00 -0.216E+04  0.000E+00  0.000E+00  0.000E+00  0.722E-01  0.000E+00  0.000E+00  0.000E+00  0.000E+00  0.000E+00  0.000E+00
        32.2236  0.000E+00  0.000E+00  0.000E+00  0.000E+00 -0.218E+04  0.000E+00  0.000E+00  0.000E+00  0.722E-01  0.000E+00  0.000E+00  0.000E+00  0.000E+00  0.000E+00  0.000E+00
        32.4706  0.000E+00  0.000E+00  0.000E+00  0.000E+00 -0.219E+04  0.000E+00  0.000E+00  0.000E+00  0.723E-01  0.000E+00  0.000E+00  0.000E+00  0.000E+00  0.000E+00  0.000E+00
        32.7177  0.000E+00  0.000E+00  0.000E+00  0.000E+00 -0.221E+04  0.000E+00  0.000E+00  0.000E+00  0.723E-01  0.000E+00  0.000E+00  0.000E+00  0.000E+00  0.000E+00  0.000E+00
        32.9648  0.000E+00  0.000E+00  0.000E+00  0.000E+00 -0.223E+04  0.000E+00  0.000E+00  0.000E+00  0.724E-01  0.000E+00  0.000E+00  0.000E+00  0.000E+00  0.000E+00  0.000E+00
        33.2860  0.000E+00  0.000E+00  0.000E+00  0.000E+00 -0.225E+04  0.000E+00  0.000E+00  0.000E+00  0.724E-01  0.000E+00  0.000E+00  0.000E+00  0.000E+00  0.000E+00  0.000E+00
        33.6071  0.000E+00  0.000E+00  0.000E+00  0.000E+00 -0.227E+04  0.000E+00  0.000E+00  0.000E+00  0.725E-01  0.000E+00  0.000E+00  0.000E+00  0.000E+00  0.000E+00  0.000E+00
        33.9283  0.000E+00  0.000E+00  0.000E+00  0.000E+00 -0.229E+04  0.000E+00  0.000E+00  0.000E+00  0.726E-01  0.000E+00  0.000E+00  0.000E+00  0.000E+00  0.000E+00  0.000E+00
        34.2495  0.000E+00  0.000E+00  0.000E+00  0.000E+00 -0.231E+04  0.000E+00  0.000E+00  0.000E+00  0.726E-01  0.000E+00  0.000E+00  0.000E+00  0.000E+00  0.000E+00  0.000E+00
        34.5707  0.000E+00  0.000E+00  0.000E+00  0.000E+00 -0.233E+04  0.000E+00  0.000E+00  0.000E+00  0.727E-01  0.000E+00  0.000E+00  0.000E+00  0.000E+00  0.000E+00  0.000E+00
        34.8919  0.000E+00  0.000E+00  0.000E+00  0.000E+00 -0.236E+04  0.000E+00  0.000E+00  0.000E+00  0.727E-01  0.000E+00  0.000E+00  0.000E+00  0.000E+00  0.000E+00  0.000E+00
        35.2131  0.000E+00  0.000E+00  0.000E+00  0.000E+00 -0.238E+04  0.000E+00  0.000E+00  0.000E+00  0.728E-01  0.000E+00  0.000E+00  0.000E+00  0.000E+00  0.000E+00  0.000E+00
        35.5342  0.000E+00  0.000E+00  0.000E+00  0.000E+00 -0.240E+04  0.000E+00  0.000E+00  0.000E+00  0.729E-01  0.000E+00  0.000E+00  0.000E+00  0.000E+00  0.000E+00  0.000E+00
        35.8554  0.000E+00  0.000E+00  0.000E+00  0.000E+00 -0.242E+04  0.000E+00  0.000E+00  0.000E+00  0.729E-01  0.000E+00  0.000E+00  0.000E+00  0.000E+00  0.000E+00  0.000E+00
        36.1766  0.000E+00  0.000E+00  0.000E+00  0.000E+00 -0.244E+04  0.000E+00  0.000E+00  0.000E+00  0.730E-01  0.000E+00  0.000E+00  0.000E+00  0.000E+00  0.000E+00  0.000E+00
        36.4978  0.000E+00  0.000E+00  0.000E+00  0.000E+00 -0.246E+04  0.000E+00  0.000E+00  0.000E+00  0.730E-01  0.000E+00  0.000E+00  0.000E+00  0.000E+00  0.000E+00  0.000E+00
        36.8190  0.000E+00  0.000E+00  0.000E+00  0.000E+00 -0.249E+04  0.000E+00  0.000E+00  0.000E+00  0.731E-01  0.000E+00  0.000E+00  0.000E+00  0.000E+00  0.000E+00  0.000E+00
        37.1402  0.000E+00  0.000E+00  0.000E+00  0.000E+00 -0.251E+04  0.000E+00  0.000E+00  0.000E+00  0.731E-01  0.000E+00  0.000E+00  0.000E+00  0.000E+00  0.000E+00  0.000E+00
        37.4613  0.000E+00  0.000E+00  0.000E+00  0.000E+00 -0.253E+04  0.000E+00  0.000E+00  0.000E+00  0.732E-01  0.000E+00  0.000E+00  0.000E+00  0.000E+00  0.000E+00  0.000E+00
        37.7825  0.000E+00  0.000E+00  0.000E+00  0.000E+00 -0.255E+04  0.000E+00  0.000E+00  0.000E+00  0.732E-01  0.000E+00  0.000E+00  0.000E+00  0.000E+00  0.000E+00  0.000E+00
        38.1037  0.000E+00  0.000E+00  0.000E+00  0.000E+00 -0.257E+04  0.000E+00  0.000E+00  0.000E+00  0.733E-01  0.000E+00  0.000E+00  0.000E+00  0.000E+00  0.000E+00  0.000E+00
        38.4249  0.000E+00  0.000E+00  0.000E+00  0.000E+00 -0.259E+04  0.000E+00  0.000E+00  0.000E+00  0.733E-01  0.000E+00  0.000E+00  0.000E+00  0.000E+00  0.000E+00  0.000E+00
        38.7461  0.000E+00  0.000E+00  0.000E+00  0.000E+00 -0.262E+04  0.000E+00  0.000E+00  0.000E+00  0.734E-01  0.000E+00  0.000E+00  0.000E+00  0.000E+00  0.000E+00  0.000E+00
        39.0673  0.000E+00  0.000E+00  0.000E+00  0.000E+00 -0.264E+04  0.000E+00  0.000E+00  0.000E+00  0.734E-01  0.000E+00  0.000E+00  0.000E+00  0.000E+00  0.000E+00  0.000E+00
        39.3884  0.000E+00  0.000E+00  0.000E+00  0.000E+00 -0.266E+04  0.000E+00  0.000E+00  0.000E+00  0.735E-01  0.000E+00  0.000E+00  0.000E+00  0.000E+00  0.000E+00  0.000E+00
        39.7096  0.000E+00  0.000E+00  0.000E+00  0.000E+00 -0.268E+04  0.000E+00  0.000E+00  0.000E+00  0.735E-01  0.000E+00  0.000E+00  0.000E+00  0.000E+00  0.000E+00  0.000E+00
        40.0308  0.000E+00  0.000E+00  0.000E+00  0.000E+00 -0.270E+04  0.000E+00  0.000E+00  0.000E+00  0.735E-01  0.000E+00  0.000E+00  0.000E+00  0.000E+00  0.000E+00  0.000E+00
        40.3520  0.000E+00  0.000E+00  0.000E+00  0.000E+00 -0.272E+04  0.000E+00  0.000E+00  0.000E+00  0.736E-01  0.000E+00  0.000E+00  0.000E+00  0.000E+00  0.000E+00  0.000E+00
        40.6732  0.000E+00  0.000E+00  0.000E+00  0.000E+00 -0.275E+04  0.000E+00  0.000E+00  0.000E+00  0.736E-01  0.000E+00  0.000E+00  0.000E+00  0.000E+00  0.000E+00  0.000E+00
        40.9944  0.000E+00  0.000E+00  0.000E+00  0.000E+00 -0.277E+04  0.000E+00  0.000E+00  0.000E+00  0.737E-01  0.000E+00  0.000E+00  0.000E+00  0.000E+00  0.000E+00  0.000E+00
        41.3155  0.000E+00  0.000E+00  0.000E+00  0.000E+00 -0.279E+04  0.000E+00  0.000E+00  0.000E+00  0.737E-01  0.000E+00  0.000E+00  0.000E+00  0.000E+00  0.000E+00  0.000E+00
        41.6367  0.000E+00  0.000E+00  0.000E+00  0.000E+00 -0.281E+04  0.000E+00  0.000E+00  0.000E+00  0.738E-01  0.000E+00  0.000E+00  0.000E+00  0.000E+00  0.000E+00  0.000E+00
        41.9579  0.000E+00  0.000E+00  0.000E+00  0.000E+00 -0.283E+04  0.000E+00  0.000E+00  0.000E+00  0.738E-01  0.000E+00  0.000E+00  0.000E+00  0.000E+00  0.000E+00  0.000E+00
        42.2791  0.000E+00  0.000E+00  0.000E+00  0.000E+00 -0.285E+04  0.000E+00  0.000E+00  0.000E+00  0.738E-01  0.000E+00  0.000E+00  0.000E+00  0.000E+00  0.000E+00  0.000E+00
        42.6003  0.000E+00  0.000E+00  0.000E+00  0.000E+00 -0.288E+04  0.000E+00  0.000E+00  0.000E+00  0.739E-01  0.000E+00  0.000E+00  0.000E+00  0.000E+00  0.000E+00  0.000E+00
        42.9215  0.000E+00  0.000E+00  0.000E+00  0.000E+00 -0.290E+04  0.000E+00  0.000E+00  0.000E+00  0.739E-01  0.000E+00  0.000E+00  0.000E+00  0.000E+00  0.000E+00  0.000E+00
        43.2426  0.000E+00  0.000E+00  0.000E+00  0.000E+00 -0.292E+04  0.000E+00  0.000E+00  0.000E+00  0.739E-01  0.000E+00  0.000E+00  0.000E+00  0.000E+00  0.000E+00  0.000E+00
        43.5638  0.000E+00  0.000E+00  0.000E+00  0.000E+00 -0.294E+04  0.000E+00  0.000E+00  0.000E+00  0.740E-01  0.000E+00  0.000E+00  0.000E+00  0.000E+00  0.000E+00  0.000E+00
        43.8850  0.000E+00  0.000E+00  0.000E+00  0.000E+00 -0.296E+04  0.000E+00  0.000E+00  0.000E+00  0.740E-01  0.000E+00  0.000E+00  0.000E+00  0.000E+00  0.000E+00  0.000E+00
        44.2062  0.000E+00  0.000E+00  0.000E+00  0.000E+00 -0.298E+04  0.000E+00  0.000E+00  0.000E+00  0.740E-01  0.000E+00  0.000E+00  0.000E+00  0.000E+00  0.000E+00  0.000E+00
        44.5274  0.000E+00  0.000E+00  0.000E+00  0.000E+00 -0.301E+04  0.000E+00  0.000E+00  0.000E+00  0.741E-01  0.000E+00  0.000E+00  0.000E+00  0.000E+00  0.000E+00  0.000E+00
        44.8486  0.000E+00  0.000E+00  0.000E+00  0.000E+00 -0.303E+04  0.000E+00  0.000E+00  0.000E+00  0.741E-01  0.000E+00  0.000E+00  0.000E+00  0.000E+00  0.000E+00  0.000E+00
        45.1698  0.000E+00  0.000E+00  0.000E+00  0.000E+00 -0.305E+04  0.000E+00  0.000E+00  0.000E+00  0.741E-01  0.000E+00  0.000E+00  0.000E+00  0.000E+00  0.000E+00  0.000E+00
        45.4909  0.000E+00  0.000E+00  0.000E+00  0.000E+00 -0.307E+04  0.000E+00  0.000E+00  0.000E+00  0.742E-01  0.000E+00  0.000E+00  0.000E+00  0.000E+00  0.000E+00  0.000E+00
        45.8121  0.000E+00  0.000E+00  0.000E+00  0.000E+00 -0.309E+04  0.000E+00  0.000E+00  0.000E+00  0.742E-01  0.000E+00  0.000E+00  0.000E+00  0.000E+00  0.000E+00  0.000E+00
        46.1333  0.000E+00  0.000E+00  0.000E+00  0.000E+00 -0.311E+04  0.000E+00  0.000E+00  0.000E+00  0.742E-01  0.000E+00  0.000E+00  0.000E+00  0.000E+00  0.000E+00  0.000E+00
        46.4545  0.000E+00  0.000E+00  0.000E+00  0.000E+00 -0.314E+04  0.000E+00  0.000E+00  0.000E+00  0.743E-01  0.000E+00  0.000E+00  0.000E+00  0.000E+00  0.000E+00  0.000E+00
        46.7757  0.000E+00  0.000E+00  0.000E+00  0.000E+00 -0.316E+04  0.000E+00  0.000E+00  0.000E+00  0.743E-01  0.000E+00  0.000E+00  0.000E+00  0.000E+00  0.000E+00  0.000E+00
        47.0969  0.000E+00  0.000E+00  0.000E+00  0.000E+00 -0.318E+04  0.000E+00  0.000E+00  0.000E+00  0.743E-01  0.000E+00  0.000E+00  0.000E+00  0.000E+00  0.000E+00  0.000E+00
        47.4180  0.000E+00  0.000E+00  0.000E+00  0.000E+00 -0.320E+04  0.000E+00  0.000E+00  0.000E+00  0.744E-01  0.000E+00  0.000E+00  0.000E+00  0.000E+00  0.000E+00  0.000E+00
        47.7392  0.000E+00  0.000E+00  0.000E+00  0.000E+00 -0.322E+04  0.000E+00  0.000E+00  0.000E+00  0.744E-01  0.000E+00  0.000E+00  0.000E+00  0.000E+00  0.000E+00  0.000E+00
        48.0604  0.000E+00  0.000E+00  0.000E+00  0.000E+00 -0.324E+04  0.000E+00  0.000E+00  0.000E+00  0.745E-01  0.000E+00  0.000E+00  0.000E+00  0.000E+00  0.000E+00  0.000E+00
        48.4779  0.000E+00  0.000E+00  0.000E+00  0.000E+00 -0.327E+04  0.000E+00  0.000E+00  0.000E+00  0.745E-01  0.000E+00  0.000E+00  0.000E+00  0.000E+00  0.000E+00  0.000E+00
        48.8955  0.000E+00  0.000E+00  0.000E+00  0.000E+00 -0.330E+04  0.000E+00  0.000E+00  0.000E+00  0.747E-01  0.000E+00  0.000E+00  0.000E+00  0.000E+00  0.000E+00  0.000E+00
        49.3130  0.000E+00  0.000E+00  0.000E+00  0.000E+00 -0.333E+04  0.000E+00  0.000E+00  0.000E+00  0.751E-01  0.000E+00  0.000E+00  0.000E+00  0.000E+00  0.000E+00  0.000E+00
        49.7306  0.000E+00  0.000E+00  0.000E+00  0.000E+00 -0.336E+04  0.000E+00  0.000E+00  0.000E+00  0.760E-01  0.000E+00  0.000E+00  0.000E+00  0.000E+00  0.000E+00  0.000E+00
        50.1481  0.000E+00  0.000E+00  0.000E+00  0.000E+00 -0.338E+04  0.000E+00  0.000E+00  0.000E+00  0.782E-01  0.000E+00  0.000E+00  0.000E+00  0.000E+00  0.000E+00  0.000E+00
        50.5656  0.000E+00  0.000E+00  0.000E+00  0.000E+00 -0.341E+04  0.000E+00  0.000E+00  0.000E+00  0.836E-01  0.000E+00  0.000E+00  0.000E+00  0.000E+00  0.000E+00  0.000E+00
        50.9832  0.000E+00  0.000E+00  0.000E+00  0.000E+00 -0.344E+04  0.000E+00  0.000E+00  0.000E+00  0.960E-01  0.000E+00  0.000E+00  0.000E+00  0.000E+00  0.000E+00  0.000E+00
        51.4007  0.000E+00  0.000E+00  0.000E+00  0.000E+00 -0.347E+04  0.000E+00  0.000E+00  0.000E+00  0.124E+00  0.000E+00  0.000E+00  0.000E+00  0.000E+00  0.000E+00  0.000E+00
        51.8183  0.000E+00  0.000E+00  0.000E+00  0.000E+00 -0.350E+04  0.000E+00  0.000E+00  0.000E+00  0.181E+00  0.000E+00  0.000E+00  0.000E+00  0.000E+00  0.000E+00  0.000E+00
        52.2358  0.000E+00  0.000E+00  0.000E+00  0.000E+00 -0.353E+04  0.000E+00  0.000E+00  0.000E+00  0.292E+00  0.000E+00  0.000E+00  0.000E+00  0.000E+00  0.000E+00  0.000E+00
        52.6533  0.000E+00  0.000E+00  0.000E+00  0.000E+00 -0.355E+04  0.000E+00  0.000E+00  0.000E+00  0.492E+00  0.000E+00  0.000E+00  0.000E+00  0.000E+00  0.000E+00  0.000E+00
        53.0709  0.000E+00  0.000E+00  0.000E+00  0.000E+00 -0.358E+04  0.000E+00  0.000E+00  0.000E+00  0.824E+00  0.000E+00  0.000E+00  0.000E+00  0.000E+00  0.000E+00  0.000E+00
        53.4884  0.000E+00  0.000E+00  0.000E+00  0.000E+00 -0.361E+04  0.000E+00  0.000E+00  0.000E+00  0.133E+01  0.000E+00  0.000E+00  0.000E+00  0.000E+00  0.000E+00  0.000E+00
        53.9059  0.000E+00  0.000E+00  0.000E+00  0.000E+00 -0.364E+04  0.000E+00  0.000E+00  0.000E+00  0.205E+01  0.000E+00  0.000E+00  0.000E+00  0.000E+00  0.000E+00  0.000E+00
        54.3235  0.000E+00  0.000E+00  0.000E+00  0.000E+00 -0.367E+04  0.000E+00  0.000E+00  0.000E+00  0.303E+01  0.000E+00  0.000E+00  0.000E+00  0.000E+00  0.000E+00  0.000E+00
        54.7410  0.000E+00  0.000E+00  0.000E+00  0.000E+00 -0.370E+04  0.000E+00  0.000E+00  0.000E+00  0.428E+01  0.000E+00  0.000E+00  0.000E+00  0.000E+00  0.000E+00  0.000E+00
        55.2669  0.000E+00  0.000E+00  0.000E+00  0.000E+00 -0.373E+04  0.000E+00  0.000E+00  0.000E+00  0.621E+01  0.000E+00  0.000E+00  0.000E+00  0.000E+00  0.000E+00  0.000E+00
        55.7928  0.000E+00  0.000E+00  0.000E+00  0.000E+00 -0.377E+04  0.000E+00  0.000E+00  0.000E+00  0.867E+01  0.000E+00  0.000E+00  0.000E+00  0.000E+00  0.000E+00  0.000E+00
        56.4940  0.000E+00  0.000E+00  0.000E+00  0.000E+00 -0.381E+04  0.000E+00  0.000E+00  0.000E+00  0.126E+02  0.000E+00  0.000E+00  0.000E+00  0.000E+00  0.000E+00  0.000E+00
        57.1952  0.000E+00  0.000E+00  0.000E+00  0.000E+00 -0.386E+04  0.000E+00  0.000E+00  0.000E+00  0.175E+02  0.000E+00  0.000E+00  0.000E+00  0.000E+00  0.000E+00  0.000E+00
        58.1301  0.000E+00  0.000E+00  0.000E+00  0.000E+00 -0.392E+04  0.000E+00  0.000E+00  0.000E+00  0.253E+02  0.000E+00  0.000E+00  0.000E+00  0.000E+00  0.000E+00  0.000E+00
        59.0651  0.000E+00  0.000E+00  0.000E+00  0.000E+00 -0.399E+04  0.000E+00  0.000E+00  0.000E+00  0.348E+02  0.000E+00  0.000E+00  0.000E+00  0.000E+00  0.000E+00  0.000E+00
        60.0000  0.000E+00  0.000E+00  0.000E+00  0.000E+00 -0.405E+04  0.000E+00  0.000E+00  0.000E+00  0.457E+02  0.000E+00  0.000E+00  0.000E+00  0.000E+00  0.000E+00  0.000E+00
        60.0010  0.000E+00  0.000E+00  0.000E+00  0.000E+00 -0.405E+04  0.000E+00  0.000E+00  0.000E+00  0.458E+02  0.000E+00  0.000E+00  0.000E+00  0.000E+00  0.000E+00  0.000E+00
        60.0023  0.000E+00  0.000E+00  0.000E+00  0.000E+00 -0.405E+04  0.000E+00  0.000E+00  0.000E+00  0.458E+02  0.000E+00  0.000E+00  0.000E+00  0.000E+00  0.000E+00  0.000E+00
        60.0040  0.000E+00  0.000E+00  0.000E+00  0.000E+00 -0.405E+04  0.000E+00  0.000E+00  0.000E+00  0.458E+02  0.000E+00  0.000E+00  0.000E+00  0.000E+00  0.000E+00  0.000E+00
        60.0062  0.000E+00  0.000E+00  0.000E+00  0.000E+00 -0.405E+04  0.000E+00  0.000E+00  0.000E+00  0.458E+02  0.000E+00  0.000E+00  0.000E+00  0.000E+00  0.000E+00  0.000E+00
        60.0090  0.000E+00  0.000E+00  0.000E+00  0.000E+00 -0.405E+04  0.000E+00  0.000E+00  0.000E+00  0.459E+02  0.000E+00  0.000E+00  0.000E+00  0.000E+00  0.000E+00  0.000E+00
        60.0128  0.000E+00  0.000E+00  0.000E+00  0.000E+00 -0.405E+04  0.000E+00  0.000E+00  0.000E+00  0.459E+02  0.000E+00  0.000E+00  0.000E+00  0.000E+00  0.000E+00  0.000E+00
        60.0176  0.000E+00  0.000E+00  0.000E+00  0.000E+00 -0.405E+04  0.000E+00  0.000E+00  0.000E+00  0.460E+02  0.000E+00  0.000E+00  0.000E+00  0.000E+00  0.000E+00  0.000E+00
        60.0239  0.000E+00  0.000E+00  0.000E+00  0.000E+00 -0.405E+04  0.000E+00  0.000E+00  0.000E+00  0.461E+02  0.000E+00  0.000E+00  0.000E+00  0.000E+00  0.000E+00  0.000E+00
        60.0320  0.000E+00  0.000E+00  0.000E+00  0.000E+00 -0.405E+04  0.000E+00  0.000E+00  0.000E+00  0.462E+02  0.000E+00  0.000E+00  0.000E+00  0.000E+00  0.000E+00  0.000E+00
        60.0426  0.000E+00  0.000E+00  0.000E+00  0.000E+00 -0.405E+04  0.000E+00  0.000E+00  0.000E+00  0.463E+02  0.000E+00  0.000E+00  0.000E+00  0.000E+00  0.000E+00  0.000E+00
        60.0564  0.000E+00  0.000E+00  0.000E+00  0.000E+00 -0.405E+04  0.000E+00  0.000E+00  0.000E+00  0.465E+02  0.000E+00  0.000E+00  0.000E+00  0.000E+00  0.000E+00  0.000E+00
        60.0743  0.000E+00  0.000E+00  0.000E+00  0.000E+00 -0.405E+04  0.000E+00  0.000E+00  0.000E+00  0.467E+02  0.000E+00  0.000E+00  0.000E+00  0.000E+00  0.000E+00  0.000E+00
        60.0976  0.000E+00  0.000E+00  0.000E+00  0.000E+00 -0.405E+04  0.000E+00  0.000E+00  0.000E+00  0.470E+02  0.000E+00  0.000E+00  0.000E+00  0.000E+00  0.000E+00  0.000E+00
        60.1279  0.000E+00  0.000E+00  0.000E+00  0.000E+00 -0.405E+04  0.000E+00  0.000E+00  0.000E+00  0.474E+02  0.000E+00  0.000E+00  0.000E+00  0.000E+00  0.000E+00  0.000E+00
        60.1673  0.000E+00  0.000E+00  0.000E+00  0.000E+00 -0.405E+04  0.000E+00  0.000E+00  0.000E+00  0.479E+02  0.000E+00  0.000E+00  0.000E+00  0.000E+00  0.000E+00  0.000E+00
        60.2185  0.000E+00  0.000E+00  0.000E+00  0.000E+00 -0.405E+04  0.000E+00  0.000E+00  0.000E+00  0.486E+02  0.000E+00  0.000E+00  0.000E+00  0.000E+00  0.000E+00  0.000E+00
        60.2850  0.000E+00  0.000E+00  0.000E+00  0.000E+00 -0.405E+04  0.000E+00  0.000E+00  0.000E+00  0.494E+02  0.000E+00  0.000E+00  0.000E+00  0.000E+00  0.000E+00  0.000E+00
        60.3715  0.000E+00  0.000E+00  0.000E+00  0.000E+00 -0.405E+04  0.000E+00  0.000E+00  0.000E+00  0.506E+02  0.000E+00  0.000E+00  0.000E+00  0.000E+00  0.000E+00  0.000E+00
        60.4840  0.000E+00  0.000E+00  0.000E+00  0.000E+00 -0.405E+04  0.000E+00  0.000E+00  0.000E+00  0.521E+02  0.000E+00  0.000E+00  0.000E+00  0.000E+00  0.000E+00  0.000E+00
        60.6302  0.000E+00  0.000E+00  0.000E+00  0.000E+00 -0.405E+04  0.000E+00  0.000E+00  0.000E+00  0.540E+02  0.000E+00  0.000E+00  0.000E+00  0.000E+00  0.000E+00  0.000E+00
        60.8202  0.000E+00  0.000E+00  0.000E+00  0.000E+00 -0.405E+04  0.000E+00  0.000E+00  0.000E+00  0.566E+02  0.000E+00  0.000E+00  0.000E+00  0.000E+00  0.000E+00  0.000E+00
        61.0673  0.000E+00  0.000E+00  0.000E+00  0.000E+00 -0.405E+04  0.000E+00  0.000E+00  0.000E+00  0.600E+02  0.000E+00  0.000E+00  0.000E+00  0.000E+00  0.000E+00  0.000E+00
        61.3885  0.000E+00  0.000E+00  0.000E+00  0.000E+00 -0.405E+04  0.000E+00  0.000E+00  0.000E+00  0.645E+02  0.000E+00  0.000E+00  0.000E+00  0.000E+00  0.000E+00  0.000E+00
        61.8060  0.000E+00  0.000E+00  0.000E+00  0.000E+00 -0.405E+04  0.000E+00  0.000E+00  0.000E+00  0.705E+02  0.000E+00  0.000E+00  0.000E+00  0.000E+00  0.000E+00  0.000E+00
        62.3488  0.000E+00  0.000E+00  0.000E+00  0.000E+00 -0.405E+04  0.000E+00  0.000E+00  0.000E+00  0.782E+02  0.000E+00  0.000E+00  0.000E+00  0.000E+00  0.000E+00  0.000E+00
        62.8916  0.000E+00  0.000E+00  0.000E+00  0.000E+00 -0.405E+04  0.000E+00  0.000E+00  0.000E+00  0.855E+02  0.000E+00  0.000E+00  0.000E+00  0.000E+00  0.000E+00  0.000E+00
        63.5972  0.000E+00  0.000E+00  0.000E+00  0.000E+00 -0.405E+04  0.000E+00  0.000E+00  0.000E+00  0.946E+02  0.000E+00  0.000E+00  0.000E+00  0.000E+00  0.000E+00  0.000E+00
        64.3029  0.000E+00  0.000E+00  0.000E+00  0.000E+00 -0.405E+04  0.000E+00  0.000E+00  0.000E+00  0.103E+03  0.000E+00  0.000E+00  0.000E+00  0.000E+00  0.000E+00  0.000E+00
        65.2202  0.000E+00  0.000E+00  0.000E+00  0.000E+00 -0.405E+04  0.000E+00  0.000E+00  0.000E+00  0.112E+03  0.000E+00  0.000E+00  0.000E+00  0.000E+00  0.000E+00  0.000E+00
        66.1375  0.000E+00  0.000E+00  0.000E+00  0.000E+00 -0.405E+04  0.000E+00  0.000E+00  0.000E+00  0.121E+03  0.000E+00  0.000E+00  0.000E+00  0.000E+00  0.000E+00  0.000E+00
        67.3301  0.000E+00  0.000E+00  0.000E+00  0.000E+00 -0.405E+04  0.000E+00  0.000E+00  0.000E+00  0.130E+03  0.000E+00  0.000E+00  0.000E+00  0.000E+00  0.000E+00  0.000E+00
        68.5226  0.000E+00  0.000E+00  0.000E+00  0.000E+00 -0.405E+04  0.000E+00  0.000E+00  0.000E+00  0.138E+03  0.000E+00  0.000E+00  0.000E+00  0.000E+00  0.000E+00  0.000E+00
        70.0729  0.000E+00  0.000E+00  0.000E+00  0.000E+00 -0.405E+04  0.000E+00  0.000E+00  0.000E+00  0.147E+03  0.000E+00  0.000E+00  0.000E+00  0.000E+00  0.000E+00  0.000E+00
        71.6232  0.000E+00  0.000E+00  0.000E+00  0.000E+00 -0.405E+04  0.000E+00  0.000E+00  0.000E+00  0.154E+03  0.000E+00  0.000E+00  0.000E+00  0.000E+00  0.000E+00  0.000E+00
        73.6386  0.000E+00  0.000E+00  0.000E+00  0.000E+00 -0.405E+04  0.000E+00  0.000E+00  0.000E+00  0.162E+03  0.000E+00  0.000E+00  0.000E+00  0.000E+00  0.000E+00  0.000E+00
        75.6540  0.000E+00  0.000E+00  0.000E+00  0.000E+00 -0.405E+04  0.000E+00  0.000E+00  0.000E+00  0.168E+03  0.000E+00  0.000E+00  0.000E+00  0.000E+00  0.000E+00  0.000E+00
        77.6693  0.000E+00  0.000E+00  0.000E+00  0.000E+00 -0.405E+04  0.000E+00  0.000E+00  0.000E+00  0.172E+03  0.000E+00  0.000E+00  0.000E+00  0.000E+00  0.000E+00  0.000E+00
        80.2893  0.000E+00  0.000E+00  0.000E+00  0.000E+00 -0.405E+04  0.000E+00  0.000E+00  0.000E+00  0.177E+03  0.000E+00  0.000E+00  0.000E+00  0.000E+00  0.000E+00  0.000E+00
        82.9093  0.000E+00  0.000E+00  0.000E+00  0.000E+00 -0.405E+04  0.000E+00  0.000E+00  0.000E+00  0.180E+03  0.000E+00  0.000E+00  0.000E+00  0.000E+00  0.000E+00  0.000E+00
        85.5293  0.000E+00  0.000E+00  0.000E+00  0.000E+00 -0.405E+04  0.000E+00  0.000E+00  0.000E+00  0.183E+03  0.000E+00  0.000E+00  0.000E+00  0.000E+00  0.000E+00  0.000E+00
        88.9764  0.000E+00  0.000E+00  0.000E+00  0.000E+00 -0.405E+04  0.000E+00  0.000E+00  0.000E+00  0.186E+03  0.000E+00  0.000E+00  0.000E+00  0.000E+00  0.000E+00  0.000E+00
        92.4234  0.000E+00  0.000E+00  0.000E+00  0.000E+00 -0.405E+04  0.000E+00  0.000E+00  0.000E+00  0.188E+03  0.000E+00  0.000E+00  0.000E+00  0.000E+00  0.000E+00  0.000E+00
        97.0195  0.000E+00  0.000E+00  0.000E+00  0.000E+00 -0.405E+04  0.000E+00  0.000E+00  0.000E+00  0.190E+03  0.000E+00  0.000E+00  0.000E+00  0.000E+00  0.000E+00  0.000E+00
       101.6156  0.000E+00  0.000E+00  0.000E+00  0.000E+00 -0.405E+04  0.000E+00  0.000E+00  0.000E+00  0.191E+03  0.000E+00  0.000E+00  0.000E+00  0.000E+00  0.000E+00  0.000E+00
       106.2117  0.000E+00  0.000E+00  0.000E+00  0.000E+00 -0.405E+04  0.000E+00  0.000E+00  0.000E+00  0.192E+03  0.000E+00  0.000E+00  0.000E+00  0.000E+00  0.000E+00  0.000E+00
       110.8078  0.000E+00  0.000E+00  0.000E+00  0.000E+00 -0.405E+04  0.000E+00  0.000E+00  0.000E+00  0.193E+03  0.000E+00  0.000E+00  0.000E+00  0.000E+00  0.000E+00  0.000E+00
       115.4039  0.000E+00  0.000E+00  0.000E+00  0.000E+00 -0.405E+04  0.000E+00  0.000E+00  0.000E+00  0.194E+03  0.000E+00  0.000E+00  0.000E+00  0.000E+00  0.000E+00  0.000E+00
       120.0000  0.000E+00  0.000E+00  0.000E+00  0.000E+00 -0.405E+04  0.000E+00  0.000E+00  0.000E+00  0.194E+03  0.000E+00  0.000E+00  0.000E+00  0.000E+00  0.000E+00  0.000E+00
       127.5000  0.000E+00  0.000E+00  0.000E+00  0.000E+00 -0.405E+04  0.000E+00  0.000E+00  0.000E+00  0.195E+03  0.000E+00  0.000E+00  0.000E+00  0.000E+00  0.000E+00  0.000E+00
       135.0000  0.000E+00  0.000E+00  0.000E+00  0.000E+00 -0.405E+04  0.000E+00  0.000E+00  0.000E+00  0.195E+03  0.000E+00  0.000E+00  0.000E+00  0.000E+00  0.000E+00  0.000E+00
       142.5000  0.000E+00  0.000E+00  0.000E+00  0.000E+00 -0.405E+04  0.000E+00  0.000E+00  0.000E+00  0.195E+03  0.000E+00  0.000E+00  0.000E+00  0.000E+00  0.000E+00  0.000E+00
       150.0000  0.000E+00  0.000E+00  0.000E+00  0.000E+00 -0.405E+04  0.000E+00  0.000E+00  0.000E+00  0.196E+03  0.000E+00  0.000E+00  0.000E+00  0.000E+00  0.000E+00  0.000E+00
       157.5000  0.000E+00  0.000E+00  0.000E+00  0.000E+00 -0.405E+04  0.000E+00  0.000E+00  0.000E+00  0.196E+03  0.000E+00  0.000E+00  0.000E+00  0.000E+00  0.000E+00  0.000E+00
       168.7500  0.000E+00  0.000E+00  0.000E+00  0.000E+00 -0.405E+04  0.000E+00  0.000E+00  0.000E+00  0.196E+03  0.000E+00  0.000E+00  0.000E+00  0.000E+00  0.000E+00  0.000E+00
       180.0000  0.000E+00  0.000E+00  0.000E+00  0.000E+00 -0.405E+04  0.000E+00  0.000E+00  0.000E+00  0.196E+03  0.000E+00  0.000E+00  0.000E+00  0.000E+00  0.000E+00  0.000E+00
       192.0000  0.000E+00  0.000E+00  0.000E+00  0.000E+00 -0.405E+04  0.000E+00  0.000E+00  0.000E+00  0.196E+03  0.000E+00  0.000E+00  0.000E+00  0.000E+00  0.000E+00  0.000E+00
       208.0000  0.000E+00  0.000E+00  0.000E+00  0.000E+00 -0.405E+04  0.000E+00  0.000E+00  0.000E+00  0.197E+03  0.000E+00  0.000E+00  0.000E+00  0.000E+00  0.000E+00  0.000E+00
       240.0000  0.000E+00  0.000E+00  0.000E+00  0.000E+00 -0.405E+04  0.000E+00  0.000E+00  0.000E+00  0.197E+03  0.000E+00  0.000E+00  0.000E+00  0.000E+00  0.000E+00  0.000E+00
       261.3721  0.000E+00  0.000E+00  0.000E+00  0.000E+00 -0.405E+04  0.000E+00  0.000E+00  0.000E+00  0.197E+03  0.000E+00  0.000E+00  0.000E+00  0.000E+00  0.000E+00  0.000E+00
       287.8863  0.000E+00  0.000E+00  0.000E+00  0.000E+00 -0.405E+04  0.000E+00  0.000E+00  0.000E+00  0.197E+03  0.000E+00  0.000E+00  0.000E+00  0.000E+00  0.000E+00  0.000E+00
       323.2386  0.000E+00  0.000E+00  0.000E+00  0.000E+00 -0.405E+04  0.000E+00  0.000E+00  0.000E+00  0.198E+03  0.000E+00  0.000E+00  0.000E+00  0.000E+00  0.000E+00  0.000E+00
       367.4289  0.000E+00  0.000E+00  0.000E+00  0.000E+00 -0.405E+04  0.000E+00  0.000E+00  0.000E+00  0.198E+03  0.000E+00  0.000E+00  0.000E+00  0.000E+00  0.000E+00  0.000E+00
       433.7145  0.000E+00  0.000E+00  0.000E+00  0.000E+00 -0.405E+04  0.000E+00  0.000E+00  0.000E+00  0.198E+03  0.000E+00  0.000E+00  0.000E+00  0.000E+00  0.000E+00  0.000E+00
       500.0000  0.000E+00  0.000E+00  0.000E+00  0.000E+00 -0.405E+04  0.000E+00  0.000E+00  0.000E+00  0.199E+03  0.000E+00  0.000E+00  0.000E+00  0.000E+00  0.000E+00  0.000E+00
       573.3333  0.000E+00  0.000E+00  0.000E+00  0.000E+00 -0.405E+04  0.000E+00  0.000E+00  0.000E+00  0.199E+03  0.000E+00  0.000E+00  0.000E+00  0.000E+00  0.000E+00  0.000E+00
       720.0000  0.000E+00  0.000E+00  0.000E+00  0.000E+00 -0.405E+04  0.000E+00  0.000E+00  0.000E+00  0.200E+03  0.000E+00  0.000E+00  0.000E+00  0.000E+00  0.000E+00  0.000E+00
       864.0000  0.000E+00  0.000E+00  0.000E+00  0.000E+00 -0.405E+04  0.000E+00  0.000E+00  0.000E+00  0.200E+03  0.000E+00  0.000E+00  0.000E+00  0.000E+00  0.000E+00  0.000E+00
      1056.0000  0.000E+00  0.000E+00  0.000E+00  0.000E+00 -0.405E+04  0.000E+00  0.000E+00  0.000E+00  0.201E+03  0.000E+00  0.000E+00  0.000E+00  0.000E+00  0.000E+00  0.000E+00
      1248.0000  0.000E+00  0.000E+00  0.000E+00  0.000E+00 -0.405E+04  0.000E+00  0.000E+00  0.000E+00  0.201E+03  0.000E+00  0.000E+00  0.000E+00  0.000E+00  0.000E+00  0.000E+00
      1440.0000  0.000E+00  0.000E+00  0.000E+00  0.000E+00 -0.405E+04  0.000E+00  0.000E+00  0.000E+00  0.202E+03  0.000E+00  0.000E+00  0.000E+00  0.000E+00  0.000E+00  0.000E+00
      1800.0000  0.000E+00  0.000E+00  0.000E+00  0.000E+00 -0.405E+04  0.000E+00  0.000E+00  0.000E+00  0.203E+03  0.000E+00  0.000E+00  0.000E+00  0.000E+00  0.000E+00  0.000E+00
      2160.0000  0.000E+00  0.000E+00  0.000E+00  0.000E+00 -0.405E+04  0.000E+00  0.000E+00  0.000E+00  0.204E+03  0.000E+00  0.000E+00  0.000E+00  0.000E+00  0.000E+00  0.000E+00
      2520.0000  0.000E+00  0.000E+00  0.000E+00  0.000E+00 -0.405E+04  0.000E+00  0.000E+00  0.000E+00  0.204E+03  0.000E+00  0.000E+00  0.000E+00  0.000E+00  0.000E+00  0.000E+00
      2880.0000  0.000E+00  0.000E+00  0.000E+00  0.000E+00 -0.405E+04  0.000E+00  0.000E+00  0.000E+00  0.205E+03  0.000E+00  0.000E+00  0.000E+00  0.000E+00  0.000E+00  0.000E+00
end
