 FileVersion=0003


        Time         hAtm       hRoot     hKode3     hKode1      hSeep     hKode5     hKode6     hKode7     hKode8     hKode9 ... 
         [T]          [L]        [L]        [L]        [L]        [L]        [L]        [L]        [L]        [L]        [L]

         0.0010      -17.9        0.0      -17.6        0.0        0.0        0.0      -18.7        0.0        0.0        0.0
         0.0020      -17.9        0.0      -17.4        0.0        0.0        0.0      -19.3        0.0        0.0        0.0
         0.0030      -17.9        0.0      -17.2        0.0        0.0        0.0      -19.7        0.0        0.0        0.0
         0.0043      -17.9        0.0      -16.9        0.0        0.0        0.0      -20.2        0.0        0.0        0.0
         0.0060      -17.9        0.0      -16.6        0.0        0.0        0.0      -20.6        0.0        0.0        0.0
         0.0082      -17.9        0.0      -16.2        0.0        0.0        0.0      -21.0        0.0        0.0        0.0
         0.0110      -17.9        0.0      -15.8        0.0        0.0        0.0      -21.5        0.0        0.0        0.0
         0.0148      -17.9        0.0      -15.2        0.0        0.0        0.0      -22.0        0.0        0.0        0.0
         0.0196      -18.0        0.0      -14.6        0.0        0.0        0.0      -22.5        0.0        0.0        0.0
         0.0259      -18.0        0.0      -14.0        0.0        0.0        0.0      -23.0        0.0        0.0        0.0
         0.0340      -18.0        0.0      -13.3        0.0        0.0        0.0      -23.5        0.0        0.0        0.0
         0.0446      -18.1        0.0      -12.7        0.0        0.0        0.0      -24.0        0.0        0.0        0.0
         0.0584      -18.1        0.0      -12.1        0.0        0.0        0.0      -24.6        0.0        0.0        0.0
         0.0722      -18.2        0.0      -11.7        0.0        0.0        0.0      -25.0        0.0        0.0        0.0
         0.0860      -18.3        0.0      -11.4        0.0        0.0        0.0      -25.4        0.0        0.0        0.0
         0.0998      -18.3        0.0      -11.2        0.0        0.0        0.0      -25.7        0.0        0.0        0.0
         0.1135      -18.4        0.0      -11.1        0.0        0.0        0.0      -26.0        0.0        0.0        0.0
         0.1315      -18.5        0.0      -10.9        0.0        0.0        0.0      -26.3        0.0        0.0        0.0
         0.1494      -18.6        0.0      -10.8        0.0        0.0        0.0      -26.5        0.0        0.0        0.0
         0.1673      -18.7        0.0      -10.7        0.0        0.0        0.0      -26.8        0.0        0.0        0.0
         0.1852      -18.8        0.0      -10.6        0.0        0.0        0.0      -27.0        0.0        0.0        0.0
         0.2032      -18.9        0.0      -10.6        0.0        0.0        0.0      -27.2        0.0        0.0        0.0
         0.2211      -18.9        0.0      -10.5        0.0        0.0        0.0      -27.4        0.0        0.0        0.0
         0.2444      -19.1        0.0      -10.5        0.0        0.0        0.0      -27.6        0.0        0.0        0.0
         0.2677      -19.2        0.0      -10.4        0.0        0.0        0.0      -27.8        0.0        0.0        0.0
         0.2910      -19.3        0.0      -10.4        0.0        0.0        0.0      -27.9        0.0        0.0        0.0
         0.3143      -19.4        0.0      -10.3        0.0        0.0        0.0      -28.1        0.0        0.0        0.0
         0.3376      -19.5        0.0      -10.3        0.0        0.0        0.0      -28.3        0.0        0.0        0.0
         0.3609      -19.6        0.0      -10.2        0.0        0.0        0.0      -28.4        0.0        0.0        0.0
         0.3842      -19.7        0.0      -10.2        0.0        0.0        0.0      -28.6        0.0        0.0        0.0
         0.4075      -19.8        0.0      -10.2        0.0        0.0        0.0      -28.7        0.0        0.0        0.0
         0.4308      -19.9        0.0      -10.1        0.0        0.0        0.0      -28.8        0.0        0.0        0.0
         0.4541      -20.0        0.0      -10.1        0.0        0.0        0.0      -29.0        0.0        0.0        0.0
         0.4843      -20.2        0.0      -10.1        0.0        0.0        0.0      -29.1        0.0        0.0        0.0
         0.5146      -20.3        0.0      -10.0        0.0        0.0        0.0      -29.3        0.0        0.0        0.0
         0.5449      -20.4        0.0      -10.0        0.0        0.0        0.0      -29.4        0.0        0.0        0.0
         0.5752      -20.6        0.0      -10.0        0.0        0.0        0.0      -29.6        0.0        0.0        0.0
         0.6055      -20.7        0.0       -9.9        0.0        0.0        0.0      -29.7        0.0        0.0        0.0
         0.6358      -20.8        0.0       -9.9        0.0        0.0        0.0      -29.8        0.0        0.0        0.0
         0.6661      -20.9        0.0       -9.9        0.0        0.0        0.0      -30.0        0.0        0.0        0.0
         0.6964      -21.0        0.0       -9.8        0.0        0.0        0.0      -30.1        0.0        0.0        0.0
         0.7266      -21.1        0.0       -9.8        0.0        0.0        0.0      -30.2        0.0        0.0        0.0
         0.7569      -21.2        0.0       -9.8        0.0        0.0        0.0      -30.3        0.0        0.0        0.0
         0.7872      -21.3        0.0       -9.7        0.0        0.0        0.0      -30.5        0.0        0.0        0.0
         0.8175      -21.4        0.0       -9.7        0.0        0.0        0.0      -30.6        0.0        0.0        0.0
         0.8478      -21.5        0.0       -9.7        0.0        0.0        0.0      -30.7        0.0        0.0        0.0
         0.8781      -21.6        0.0       -9.7        0.0        0.0        0.0      -30.8        0.0        0.0        0.0
         0.9084      -21.7        0.0       -9.6        0.0        0.0        0.0      -30.9        0.0        0.0        0.0
         0.9477      -21.9        0.0       -9.6        0.0        0.0        0.0      -31.0        0.0        0.0        0.0
         0.9871      -22.0        0.0       -9.6        0.0        0.0        0.0      -31.2        0.0        0.0        0.0
         1.0265      -22.1        0.0       -9.5        0.0        0.0        0.0      -31.3        0.0        0.0        0.0
         1.0659      -22.2        0.0       -9.5        0.0        0.0        0.0      -31.4        0.0        0.0        0.0
         1.1052      -22.3        0.0       -9.5        0.0        0.0        0.0      -31.6        0.0        0.0        0.0
         1.1446      -22.4        0.0       -9.4        0.0        0.0        0.0      -31.7        0.0        0.0        0.0
         1.1840      -22.5        0.0       -9.4        0.0        0.0        0.0      -31.8        0.0        0.0        0.0
         1.2234      -22.6        0.0       -9.4        0.0        0.0        0.0      -31.9        0.0        0.0        0.0
         1.2627      -22.7        0.0       -9.3        0.0        0.0        0.0      -32.1        0.0        0.0        0.0
         1.3021      -22.8        0.0       -9.3        0.0        0.0        0.0      -32.2        0.0        0.0        0.0
         1.3415      -22.9        0.0       -9.3        0.0        0.0        0.0      -32.3        0.0        0.0        0.0
         1.3809      -23.0        0.0       -9.2        0.0        0.0        0.0      -32.4        0.0        0.0        0.0
         1.4320      -23.1        0.0       -9.2        0.0        0.0        0.0      -32.5        0.0        0.0        0.0
         1.4832      -23.2        0.0       -9.2        0.0        0.0        0.0      -32.7        0.0        0.0        0.0
         1.5344      -23.3        0.0       -9.1        0.0        0.0        0.0      -32.8        0.0        0.0        0.0
         1.5856      -23.4        0.0       -9.1        0.0        0.0        0.0      -33.0        0.0        0.0        0.0
         1.6368      -23.5        0.0       -9.0        0.0        0.0        0.0      -33.1        0.0        0.0        0.0
         1.6880      -23.6        0.0       -9.0        0.0        0.0        0.0      -33.2        0.0        0.0        0.0
         1.7392      -23.7        0.0       -9.0        0.0        0.0        0.0      -33.4        0.0        0.0        0.0
         1.7903      -23.8        0.0       -8.9        0.0        0.0        0.0      -33.5        0.0        0.0        0.0
         1.8415      -23.9        0.0       -8.9        0.0        0.0        0.0      -33.6        0.0        0.0        0.0
         1.9081      -24.0        0.0       -8.9        0.0        0.0        0.0      -33.8        0.0        0.0        0.0
         1.9746      -24.1        0.0       -8.8        0.0        0.0        0.0      -33.9        0.0        0.0        0.0
         2.0412      -24.2        0.0       -8.8        0.0        0.0        0.0      -34.1        0.0        0.0        0.0
         2.1077      -24.3        0.0       -8.7        0.0        0.0        0.0      -34.2        0.0        0.0        0.0
         2.1742      -24.4        0.0       -8.7        0.0        0.0        0.0      -34.4        0.0        0.0        0.0
         2.2408      -24.5        0.0       -8.7        0.0        0.0        0.0      -34.5        0.0        0.0        0.0
         2.3073      -24.6        0.0       -8.6        0.0        0.0        0.0      -34.6        0.0        0.0        0.0
         2.3938      -24.7        0.0       -8.6        0.0        0.0        0.0      -34.8        0.0        0.0        0.0
         2.4803      -24.8        0.0       -8.5        0.0        0.0        0.0      -35.0        0.0        0.0        0.0
         2.5668      -24.9        0.0       -8.5        0.0        0.0        0.0      -35.2        0.0        0.0        0.0
         2.6533      -24.9        0.0       -8.4        0.0        0.0        0.0      -35.3        0.0        0.0        0.0
         2.7398      -25.0        0.0       -8.4        0.0        0.0        0.0      -35.5        0.0        0.0        0.0
         2.8263      -25.1        0.0       -8.4        0.0        0.0        0.0      -35.7        0.0        0.0        0.0
         2.9128      -25.2        0.0       -8.3        0.0        0.0        0.0      -35.8        0.0        0.0        0.0
         2.9994      -25.3        0.0       -8.3        0.0        0.0        0.0      -36.0        0.0        0.0        0.0
         3.1118      -25.4        0.0       -8.2        0.0        0.0        0.0      -36.2        0.0        0.0        0.0
         3.2243      -25.5        0.0       -8.2        0.0        0.0        0.0      -36.4        0.0        0.0        0.0
         3.3367      -25.5        0.0       -8.1        0.0        0.0        0.0      -36.6        0.0        0.0        0.0
         3.4492      -25.6        0.0       -8.1        0.0        0.0        0.0      -36.8        0.0        0.0        0.0
         3.5616      -25.7        0.0       -8.1        0.0        0.0        0.0      -36.9        0.0        0.0        0.0
         3.6741      -25.8        0.0       -8.0        0.0        0.0        0.0      -37.1        0.0        0.0        0.0
         3.7865      -25.8        0.0       -8.0        0.0        0.0        0.0      -37.3        0.0        0.0        0.0
         3.8990      -25.9        0.0       -7.9        0.0        0.0        0.0      -37.5        0.0        0.0        0.0
         4.0091      -25.9        0.0       -7.9        0.0        0.0        0.0      -37.6        0.0        0.0        0.0
         4.1192      -26.0        0.0       -7.9        0.0        0.0        0.0      -37.8        0.0        0.0        0.0
         4.2293      -26.1        0.0       -7.8        0.0        0.0        0.0      -38.0        0.0        0.0        0.0
         4.3394      -26.1        0.0       -7.8        0.0        0.0        0.0      -38.1        0.0        0.0        0.0
         4.4495      -26.2        0.0       -7.8        0.0        0.0        0.0      -38.3        0.0        0.0        0.0
         4.5596      -26.2        0.0       -7.7        0.0        0.0        0.0      -38.4        0.0        0.0        0.0
         4.6697      -26.2        0.0       -7.7        0.0        0.0        0.0      -38.6        0.0        0.0        0.0
         4.7798      -26.3        0.0       -7.7        0.0        0.0        0.0      -38.7        0.0        0.0        0.0
         4.8899      -26.3        0.0       -7.6        0.0        0.0        0.0      -38.9        0.0        0.0        0.0
         5.0000      -26.4        0.0       -7.6        0.0        0.0        0.0      -39.0        0.0        0.0        0.0
         5.1125      -26.4        0.0       -7.6        0.0        0.0        0.0      -39.2        0.0        0.0        0.0
         5.2249      -26.4        0.0       -7.6        0.0        0.0        0.0      -39.3        0.0        0.0        0.0
         5.3374      -26.5        0.0       -7.5        0.0        0.0        0.0      -39.4        0.0        0.0        0.0
         5.4836      -26.5        0.0       -7.5        0.0        0.0        0.0      -39.6        0.0        0.0        0.0
         5.6297      -26.5        0.0       -7.5        0.0        0.0        0.0      -39.8        0.0        0.0        0.0
         5.7759      -26.6        0.0       -7.4        0.0        0.0        0.0      -40.0        0.0        0.0        0.0
         5.9221      -26.6        0.0       -7.4        0.0        0.0        0.0      -40.2        0.0        0.0        0.0
         6.0683      -26.6        0.0       -7.4        0.0        0.0        0.0      -40.3        0.0        0.0        0.0
         6.2145      -26.6        0.0       -7.3        0.0        0.0        0.0      -40.5        0.0        0.0        0.0
         6.3607      -26.7        0.0       -7.3        0.0        0.0        0.0      -40.7        0.0        0.0        0.0
         6.5069      -26.7        0.0       -7.3        0.0        0.0        0.0      -40.8        0.0        0.0        0.0
         6.6531      -26.7        0.0       -7.2        0.0        0.0        0.0      -41.0        0.0        0.0        0.0
         6.7993      -26.7        0.0       -7.2        0.0        0.0        0.0      -41.2        0.0        0.0        0.0
         6.9455      -26.7        0.0       -7.2        0.0        0.0        0.0      -41.3        0.0        0.0        0.0
         7.0917      -26.7        0.0       -7.2        0.0        0.0        0.0      -41.5        0.0        0.0        0.0
         7.2379      -26.7        0.0       -7.1        0.0        0.0        0.0      -41.6        0.0        0.0        0.0
         7.3841      -26.7        0.0       -7.1        0.0        0.0        0.0      -41.8        0.0        0.0        0.0
         7.5302      -26.7        0.0       -7.1        0.0        0.0        0.0      -41.9        0.0        0.0        0.0
         7.6764      -26.7        0.0       -7.1        0.0        0.0        0.0      -42.1        0.0        0.0        0.0
         7.8226      -26.7        0.0       -7.0        0.0        0.0        0.0      -42.2        0.0        0.0        0.0
         7.9688      -26.7        0.0       -7.0        0.0        0.0        0.0      -42.4        0.0        0.0        0.0
         8.1150      -26.7        0.0       -7.0        0.0        0.0        0.0      -42.5        0.0        0.0        0.0
         8.2612      -26.7        0.0       -7.0        0.0        0.0        0.0      -42.7        0.0        0.0        0.0
         8.4074      -26.7        0.0       -7.0        0.0        0.0        0.0      -42.8        0.0        0.0        0.0
         8.5536      -26.7        0.0       -6.9        0.0        0.0        0.0      -43.0        0.0        0.0        0.0
         8.6998      -26.7        0.0       -6.9        0.0        0.0        0.0      -43.1        0.0        0.0        0.0
         8.8460      -26.7        0.0       -6.9        0.0        0.0        0.0      -43.2        0.0        0.0        0.0
         8.9922      -26.7        0.0       -6.9        0.0        0.0        0.0      -43.4        0.0        0.0        0.0
         9.1384      -26.6        0.0       -6.9        0.0        0.0        0.0      -43.5        0.0        0.0        0.0
         9.2845      -26.6        0.0       -6.8        0.0        0.0        0.0      -43.6        0.0        0.0        0.0
         9.4307      -26.6        0.0       -6.8        0.0        0.0        0.0      -43.8        0.0        0.0        0.0
         9.5769      -26.6        0.0       -6.8        0.0        0.0        0.0      -43.9        0.0        0.0        0.0
         9.7231      -26.6        0.0       -6.8        0.0        0.0        0.0      -44.0        0.0        0.0        0.0
         9.8693      -26.6        0.0       -6.8        0.0        0.0        0.0      -44.2        0.0        0.0        0.0
        10.0155      -26.5        0.0       -6.7        0.0        0.0        0.0      -44.3        0.0        0.0        0.0
        10.1617      -26.5        0.0       -6.7        0.0        0.0        0.0      -44.4        0.0        0.0        0.0
        10.3079      -26.5        0.0       -6.7        0.0        0.0        0.0      -44.6        0.0        0.0        0.0
        10.4541      -26.5        0.0       -6.7        0.0        0.0        0.0      -44.7        0.0        0.0        0.0
        10.6003      -26.4        0.0       -6.7        0.0        0.0        0.0      -44.8        0.0        0.0        0.0
        10.7465      -26.4        0.0       -6.7        0.0        0.0        0.0      -44.9        0.0        0.0        0.0
        10.8927      -26.4        0.0       -6.6        0.0        0.0        0.0      -45.1        0.0        0.0        0.0
        11.0389      -26.4        0.0       -6.6        0.0        0.0        0.0      -45.2        0.0        0.0        0.0
        11.1850      -26.3        0.0       -6.6        0.0        0.0        0.0      -45.3        0.0        0.0        0.0
        11.3312      -26.3        0.0       -6.6        0.0        0.0        0.0      -45.4        0.0        0.0        0.0
        11.4774      -26.3        0.0       -6.6        0.0        0.0        0.0      -45.6        0.0        0.0        0.0
        11.6236      -26.2        0.0       -6.6        0.0        0.0        0.0      -45.7        0.0        0.0        0.0
        11.7698      -26.2        0.0       -6.6        0.0        0.0        0.0      -45.8        0.0        0.0        0.0
        11.9599      -26.2        0.0       -6.5        0.0        0.0        0.0      -46.0        0.0        0.0        0.0
        12.1499      -26.1        0.0       -6.5        0.0        0.0        0.0      -46.1        0.0        0.0        0.0
        12.3400      -26.1        0.0       -6.5        0.0        0.0        0.0      -46.3        0.0        0.0        0.0
        12.5300      -26.0        0.0       -6.5        0.0        0.0        0.0      -46.4        0.0        0.0        0.0
        12.7201      -26.0        0.0       -6.5        0.0        0.0        0.0      -46.6        0.0        0.0        0.0
        12.9101      -25.9        0.0       -6.4        0.0        0.0        0.0      -46.7        0.0        0.0        0.0
        13.1002      -25.9        0.0       -6.4        0.0        0.0        0.0      -46.9        0.0        0.0        0.0
        13.2901      -25.8        0.0       -6.4        0.0        0.0        0.0      -47.0        0.0        0.0        0.0
        13.4801      -25.8        0.0       -6.4        0.0        0.0        0.0      -47.1        0.0        0.0        0.0
        13.6701      -25.7        0.0       -6.4        0.0        0.0        0.0      -47.3        0.0        0.0        0.0
        13.8601      -25.7        0.0       -6.4        0.0        0.0        0.0      -47.4        0.0        0.0        0.0
        14.0501      -25.6        0.0       -6.4        0.0        0.0        0.0      -47.6        0.0        0.0        0.0
        14.2401      -25.6        0.0       -6.3        0.0        0.0        0.0      -47.7        0.0        0.0        0.0
        14.4300      -25.5        0.0       -6.3        0.0        0.0        0.0      -47.9        0.0        0.0        0.0
        14.6200      -25.5        0.0       -6.3        0.0        0.0        0.0      -48.0        0.0        0.0        0.0
        14.8100      -25.4        0.0       -6.3        0.0        0.0        0.0      -48.1        0.0        0.0        0.0
        15.0000      -25.3        0.0       -6.3        0.0        0.0        0.0      -48.3        0.0        0.0        0.0
        15.1900      -25.3        0.0       -6.3        0.0        0.0        0.0      -48.4        0.0        0.0        0.0
        15.3801      -25.2        0.0       -6.2        0.0        0.0        0.0      -48.6        0.0        0.0        0.0
        15.5701      -25.2        0.0       -6.2        0.0        0.0        0.0      -48.7        0.0        0.0        0.0
        15.7602      -25.1        0.0       -6.2        0.0        0.0        0.0      -48.8        0.0        0.0        0.0
        15.9502      -25.1        0.0       -6.2        0.0        0.0        0.0      -49.0        0.0        0.0        0.0
        16.1403      -25.0        0.0       -6.2        0.0        0.0        0.0      -49.1        0.0        0.0        0.0
        16.3303      -24.9        0.0       -6.2        0.0        0.0        0.0      -49.2        0.0        0.0        0.0
        16.5204      -24.9        0.0       -6.2        0.0        0.0        0.0      -49.4        0.0        0.0        0.0
        16.7104      -24.8        0.0       -6.2        0.0        0.0        0.0      -49.5        0.0        0.0        0.0
        16.9005      -24.7        0.0       -6.1        0.0        0.0        0.0      -49.6        0.0        0.0        0.0
        17.0905      -24.7        0.0       -6.1        0.0        0.0        0.0      -49.8        0.0        0.0        0.0
        17.2806      -24.6        0.0       -6.1        0.0        0.0        0.0      -49.9        0.0        0.0        0.0
        17.4706      -24.6        0.0       -6.1        0.0        0.0        0.0      -50.0        0.0        0.0        0.0
        17.6607      -24.5        0.0       -6.1        0.0        0.0        0.0      -50.2        0.0        0.0        0.0
        17.8507      -24.4        0.0       -6.1        0.0        0.0        0.0      -50.3        0.0        0.0        0.0
        18.0408      -24.4        0.0       -6.1        0.0        0.0        0.0      -50.4        0.0        0.0        0.0
        18.2308      -24.3        0.0       -6.1        0.0        0.0        0.0      -50.5        0.0        0.0        0.0
        18.4209      -24.2        0.0       -6.0        0.0        0.0        0.0      -50.7        0.0        0.0        0.0
        18.6109      -24.1        0.0       -6.0        0.0        0.0        0.0      -50.8        0.0        0.0        0.0
        18.8010      -24.1        0.0       -6.0        0.0        0.0        0.0      -50.9        0.0        0.0        0.0
        18.9910      -24.0        0.0       -6.0        0.0        0.0        0.0      -51.1        0.0        0.0        0.0
        19.1811      -23.9        0.0       -6.0        0.0        0.0        0.0      -51.2        0.0        0.0        0.0
        19.3711      -23.9        0.0       -6.0        0.0        0.0        0.0      -51.3        0.0        0.0        0.0
        19.5612      -23.8        0.0       -6.0        0.0        0.0        0.0      -51.4        0.0        0.0        0.0
        19.7512      -23.7        0.0       -6.0        0.0        0.0        0.0      -51.6        0.0        0.0        0.0
        19.9413      -23.7        0.0       -6.0        0.0        0.0        0.0      -51.7        0.0        0.0        0.0
        20.1313      -23.6        0.0       -5.9        0.0        0.0        0.0      -51.8        0.0        0.0        0.0
        20.3784      -23.5        0.0       -5.9        0.0        0.0        0.0      -52.0        0.0        0.0        0.0
        20.6255      -23.4        0.0       -5.9        0.0        0.0        0.0      -52.1        0.0        0.0        0.0
        20.8725      -23.3        0.0       -5.9        0.0        0.0        0.0      -52.3        0.0        0.0        0.0
        21.1196      -23.2        0.0       -5.9        0.0        0.0        0.0      -52.4        0.0        0.0        0.0
        21.3667      -23.1        0.0       -5.9        0.0        0.0        0.0      -52.6        0.0        0.0        0.0
        21.6137      -23.0        0.0       -5.9        0.0        0.0        0.0      -52.8        0.0        0.0        0.0
        21.8608      -22.9        0.0       -5.9        0.0        0.0        0.0      -52.9        0.0        0.0        0.0
        22.1079      -22.8        0.0       -5.8        0.0        0.0        0.0      -53.1        0.0        0.0        0.0
        22.3549      -22.7        0.0       -5.8        0.0        0.0        0.0      -53.2        0.0        0.0        0.0
        22.6020      -22.6        0.0       -5.8        0.0        0.0        0.0      -53.4        0.0        0.0        0.0
        22.8490      -22.5        0.0       -5.8        0.0        0.0        0.0      -53.5        0.0        0.0        0.0
        23.0961      -22.4        0.0       -5.8        0.0        0.0        0.0      -53.7        0.0        0.0        0.0
        23.3432      -22.3        0.0       -5.8        0.0        0.0        0.0      -53.8        0.0        0.0        0.0
        23.5902      -22.2        0.0       -5.8        0.0        0.0        0.0      -54.0        0.0        0.0        0.0
        23.8373      -22.1        0.0       -5.8        0.0        0.0        0.0      -54.1        0.0        0.0        0.0
        24.0844      -22.0        0.0       -5.8        0.0        0.0        0.0      -54.3        0.0        0.0        0.0
        24.3314      -21.9        0.0       -5.7        0.0        0.0        0.0      -54.4        0.0        0.0        0.0
        24.5785      -21.8        0.0       -5.7        0.0        0.0        0.0      -54.6        0.0        0.0        0.0
        24.8256      -21.7        0.0       -5.7        0.0        0.0        0.0      -54.8        0.0        0.0        0.0
        25.0726      -21.6        0.0       -5.7        0.0        0.0        0.0      -54.9        0.0        0.0        0.0
        25.3197      -21.5        0.0       -5.7        0.0        0.0        0.0      -55.1        0.0        0.0        0.0
        25.5668      -21.4        0.0       -5.7        0.0        0.0        0.0      -55.2        0.0        0.0        0.0
        25.8138      -21.3        0.0       -5.7        0.0        0.0        0.0      -55.4        0.0        0.0        0.0
        26.0609      -21.2        0.0       -5.7        0.0        0.0        0.0      -55.5        0.0        0.0        0.0
        26.3079      -21.1        0.0       -5.7        0.0        0.0        0.0      -55.6        0.0        0.0        0.0
        26.5550      -21.0        0.0       -5.6        0.0        0.0        0.0      -55.8        0.0        0.0        0.0
        26.8021      -20.9        0.0       -5.6        0.0        0.0        0.0      -55.9        0.0        0.0        0.0
        27.0491      -20.7        0.0       -5.6        0.0        0.0        0.0      -56.1        0.0        0.0        0.0
        27.2962      -20.6        0.0       -5.6        0.0        0.0        0.0      -56.2        0.0        0.0        0.0
        27.5433      -20.5        0.0       -5.6        0.0        0.0        0.0      -56.4        0.0        0.0        0.0
        27.7889      -20.4        0.0       -5.6        0.0        0.0        0.0      -56.5        0.0        0.0        0.0
        28.0346      -20.3        0.0       -5.6        0.0        0.0        0.0      -56.7        0.0        0.0        0.0
        28.2803      -20.2        0.0       -5.6        0.0        0.0        0.0      -56.8        0.0        0.0        0.0
        28.5260      -20.1        0.0       -5.6        0.0        0.0        0.0      -57.0        0.0        0.0        0.0
        28.7716      -20.0        0.0       -5.6        0.0        0.0        0.0      -57.1        0.0        0.0        0.0
        29.0173      -19.9        0.0       -5.5        0.0        0.0        0.0      -57.3        0.0        0.0        0.0
        29.2630      -19.8        0.0       -5.5        0.0        0.0        0.0      -57.4        0.0        0.0        0.0
        29.5087      -19.7        0.0       -5.5        0.0        0.0        0.0      -57.6        0.0        0.0        0.0
        29.7543      -19.6        0.0       -5.5        0.0        0.0        0.0      -57.7        0.0        0.0        0.0
        30.0000      -19.4        0.0       -5.5        0.0        0.0        0.0      -57.8        0.0        0.0        0.0
        30.2471      -19.3        0.0       -5.5        0.0        0.0        0.0      -58.0        0.0        0.0        0.0
        30.4941      -19.2        0.0       -5.5        0.0        0.0        0.0      -58.1        0.0        0.0        0.0
        30.7412      -19.1        0.0       -5.5        0.0        0.0        0.0      -58.3        0.0        0.0        0.0
        30.9883      -19.0        0.0       -5.5        0.0        0.0        0.0      -58.4        0.0        0.0        0.0
        31.2353      -18.9        0.0       -5.5        0.0        0.0        0.0      -58.6        0.0        0.0        0.0
        31.4824      -18.7        0.0       -5.5        0.0        0.0        0.0      -58.7        0.0        0.0        0.0
        31.7295      -18.6        0.0       -5.5        0.0        0.0        0.0      -58.9        0.0        0.0        0.0
        31.9765      -18.5        0.0       -5.4        0.0        0.0        0.0      -59.0        0.0        0.0        0.0
        32.2236      -18.4        0.0       -5.4        0.0        0.0        0.0      -59.1        0.0        0.0        0.0
        32.4706      -18.3        0.0       -5.4        0.0        0.0        0.0      -59.3        0.0        0.0        0.0
        32.7177      -18.2        0.0       -5.4        0.0        0.0        0.0      -59.4        0.0        0.0        0.0
        32.9648      -18.0        0.0       -5.4        0.0        0.0        0.0      -59.6        0.0        0.0        0.0
        33.2860      -17.9        0.0       -5.4        0.0        0.0        0.0      -59.8        0.0        0.0        0.0
        33.6071      -17.7        0.0       -5.4        0.0        0.0        0.0      -60.0        0.0        0.0        0.0
        33.9283      -17.6        0.0       -5.4        0.0        0.0        0.0      -60.1        0.0        0.0        0.0
        34.2495      -17.4        0.0       -5.4        0.0        0.0        0.0      -60.3        0.0        0.0        0.0
        34.5707      -17.3        0.0       -5.4        0.0        0.0        0.0      -60.5        0.0        0.0        0.0
        34.8919      -17.1        0.0       -5.3        0.0        0.0        0.0      -60.7        0.0        0.0        0.0
        35.2131      -16.9        0.0       -5.3        0.0        0.0        0.0      -60.9        0.0        0.0        0.0
        35.5342      -16.8        0.0       -5.3        0.0        0.0        0.0      -61.1        0.0        0.0        0.0
        35.8554      -16.6        0.0       -5.3        0.0        0.0        0.0      -61.3        0.0        0.0        0.0
        36.1766      -16.5        0.0       -5.3        0.0        0.0        0.0      -61.4        0.0        0.0        0.0
        36.4978      -16.3        0.0       -5.3        0.0        0.0        0.0      -61.6        0.0        0.0        0.0
        36.8190      -16.2        0.0       -5.3        0.0        0.0        0.0      -61.8        0.0        0.0        0.0
        37.1402      -16.0        0.0       -5.3        0.0        0.0        0.0      -62.0        0.0        0.0        0.0
        37.4613      -15.8        0.0       -5.3        0.0        0.0        0.0      -62.2        0.0        0.0        0.0
        37.7825      -15.7        0.0       -5.3        0.0        0.0        0.0      -62.4        0.0        0.0        0.0
        38.1037      -15.5        0.0       -5.2        0.0        0.0        0.0      -62.6        0.0        0.0        0.0
        38.4249      -15.4        0.0       -5.2        0.0        0.0        0.0      -62.8        0.0        0.0        0.0
        38.7461      -15.2        0.0       -5.2        0.0        0.0        0.0      -62.9        0.0        0.0        0.0
        39.0673      -15.0        0.0       -5.2        0.0        0.0        0.0      -63.1        0.0        0.0        0.0
        39.3884      -14.9        0.0       -5.2        0.0        0.0        0.0      -63.3        0.0        0.0        0.0
        39.7096      -14.7        0.0       -5.2        0.0        0.0        0.0      -63.5        0.0        0.0        0.0
        40.0308      -14.5        0.0       -5.2        0.0        0.0        0.0      -63.7        0.0        0.0        0.0
        40.3520      -14.4        0.0       -5.2        0.0        0.0        0.0      -63.9        0.0        0.0        0.0
        40.6732      -14.2        0.0       -5.2        0.0        0.0        0.0      -64.1        0.0        0.0        0.0
        40.9944      -14.1        0.0       -5.2        0.0        0.0        0.0      -64.3        0.0        0.0        0.0
        41.3155      -13.9        0.0       -5.2        0.0        0.0        0.0      -64.4        0.0        0.0        0.0
        41.6367      -13.7        0.0       -5.1        0.0        0.0        0.0      -64.6        0.0        0.0        0.0
        41.9579      -13.6        0.0       -5.1        0.0        0.0        0.0      -64.8        0.0        0.0        0.0
        42.2791      -13.4        0.0       -5.1        0.0        0.0        0.0      -65.0        0.0        0.0        0.0
        42.6003      -13.2        0.0       -5.1        0.0        0.0        0.0      -65.2        0.0        0.0        0.0
        42.9215      -13.1        0.0       -5.1        0.0        0.0        0.0      -65.4        0.0        0.0        0.0
        43.2426      -12.9        0.0       -5.1        0.0        0.0        0.0      -65.6        0.0        0.0        0.0
        43.5638      -12.7        0.0       -5.1        0.0        0.0        0.0      -65.8        0.0        0.0        0.0
        43.8850      -12.6        0.0       -5.1        0.0        0.0        0.0      -66.0        0.0        0.0        0.0
        44.2062      -12.4        0.0       -5.1        0.0        0.0        0.0      -66.1        0.0        0.0        0.0
        44.5274      -12.2        0.0       -5.1        0.0        0.0        0.0      -66.3        0.0        0.0        0.0
        44.8486      -12.1        0.0       -5.0        0.0        0.0        0.0      -66.5        0.0        0.0        0.0
        45.1698      -11.9        0.0       -5.0        0.0        0.0        0.0      -66.6        0.0        0.0        0.0
        45.4909      -11.7        0.0       -5.0        0.0        0.0        0.0      -66.7        0.0        0.0        0.0
        45.8121      -11.5        0.0       -5.0        0.0        0.0        0.0      -66.8        0.0        0.0        0.0
        46.1333      -11.3        0.0       -5.0        0.0        0.0        0.0      -66.7        0.0        0.0        0.0
        46.4545      -11.2        0.0       -5.0        0.0        0.0        0.0      -66.6        0.0        0.0        0.0
        46.7757      -11.0        0.0       -5.0        0.0        0.0        0.0      -66.2        0.0        0.0        0.0
        47.0969      -10.8        0.0       -5.0        0.0        0.0        0.0      -65.4        0.0        0.0        0.0
        47.4180      -10.7        0.0       -5.0        0.0        0.0        0.0      -64.1        0.0        0.0        0.0
        47.7392      -10.5        0.0       -5.0        0.0        0.0        0.0      -62.0        0.0        0.0        0.0
        48.0604      -10.3        0.0       -5.0        0.0        0.0        0.0      -59.1        0.0        0.0        0.0
        48.4779      -10.0        0.0       -4.9        0.0        0.0        0.0      -53.9        0.0        0.0        0.0
        48.8955       -9.8        0.0       -4.9        0.0        0.0        0.0      -47.9        0.0        0.0        0.0
        49.3130       -9.5        0.0       -4.9        0.0        0.0        0.0      -42.0        0.0        0.0        0.0
        49.7306       -9.3        0.0       -4.9        0.0        0.0        0.0      -36.6        0.0        0.0        0.0
        50.1481       -9.1        0.0       -4.9        0.0        0.0        0.0      -31.8        0.0        0.0        0.0
        50.5656       -8.9        0.0       -4.9        0.0        0.0        0.0      -27.8        0.0        0.0        0.0
        50.9832       -8.8        0.0       -4.9        0.0        0.0        0.0      -24.4        0.0        0.0        0.0
        51.4007       -8.6        0.0       -4.9        0.0        0.0        0.0      -21.6        0.0        0.0        0.0
        51.8183       -8.5        0.0       -4.9        0.0        0.0        0.0      -19.3        0.0        0.0        0.0
        52.2358       -8.4        0.0       -4.8        0.0        0.0        0.0      -17.5        0.0        0.0        0.0
        52.6533       -8.3        0.0       -4.8        0.0        0.0        0.0      -16.0        0.0        0.0        0.0
        53.0709       -8.2        0.0       -4.8        0.0        0.0        0.0      -14.8        0.0        0.0        0.0
        53.4884       -8.1        0.0       -4.8        0.0        0.0        0.0      -13.9        0.0        0.0        0.0
        53.9059       -8.0        0.0       -4.8        0.0        0.0        0.0      -13.2        0.0        0.0        0.0
        54.3235       -7.9        0.0       -4.8        0.0        0.0        0.0      -12.6        0.0        0.0        0.0
        54.7410       -7.8        0.0       -4.8        0.0        0.0        0.0      -12.1        0.0        0.0        0.0
        55.2669       -7.7        0.0       -4.8        0.0        0.0        0.0      -11.6        0.0        0.0        0.0
        55.7928       -7.6        0.0       -4.7        0.0        0.0        0.0      -11.2        0.0        0.0        0.0
        56.4940       -7.5        0.0       -4.7        0.0        0.0        0.0      -10.7        0.0        0.0        0.0
        57.1952       -7.4        0.0       -4.7        0.0        0.0        0.0      -10.4        0.0        0.0        0.0
        58.1301       -7.3        0.0       -4.7        0.0        0.0        0.0      -10.0        0.0        0.0        0.0
        59.0651       -7.2        0.0       -4.6        0.0        0.0        0.0       -9.7        0.0        0.0        0.0
        60.0000       -7.1        0.0       -4.6        0.0        0.0        0.0       -9.5        0.0        0.0        0.0
        60.0010       -7.1        0.0       -4.7        0.0        0.0        0.0       -9.5        0.0        0.0        0.0
        60.0023       -7.1        0.0       -4.7        0.0        0.0        0.0       -9.5        0.0        0.0        0.0
        60.0040       -7.1        0.0       -4.7        0.0        0.0        0.0       -9.5        0.0        0.0        0.0
        60.0062       -7.1        0.0       -4.7        0.0        0.0        0.0       -9.5        0.0        0.0        0.0
        60.0090       -7.1        0.0       -4.8        0.0        0.0        0.0       -9.5        0.0        0.0        0.0
        60.0128       -7.1        0.0       -4.8        0.0        0.0        0.0       -9.5        0.0        0.0        0.0
        60.0176       -7.1        0.0       -4.8        0.0        0.0        0.0       -9.5        0.0        0.0        0.0
        60.0239       -7.1        0.0       -4.8        0.0        0.0        0.0       -9.5        0.0        0.0        0.0
        60.0320       -7.1        0.0       -4.9        0.0        0.0        0.0       -9.5        0.0        0.0        0.0
        60.0426       -7.1        0.0       -4.9        0.0        0.0        0.0       -9.5        0.0        0.0        0.0
        60.0564       -7.1        0.0       -5.0        0.0        0.0        0.0       -9.5        0.0        0.0        0.0
        60.0743       -7.1        0.0       -5.0        0.0        0.0        0.0       -9.5        0.0        0.0        0.0
        60.0976       -7.1        0.0       -5.1        0.0        0.0        0.0       -9.5        0.0        0.0        0.0
        60.1279       -7.1        0.0       -5.1        0.0        0.0        0.0       -9.5        0.0        0.0        0.0
        60.1673       -7.2        0.0       -5.2        0.0        0.0        0.0       -9.5        0.0        0.0        0.0
        60.2185       -7.2        0.0       -5.3        0.0        0.0        0.0       -9.5        0.0        0.0        0.0
        60.2850       -7.2        0.0       -5.4        0.0        0.0        0.0       -9.5        0.0        0.0        0.0
        60.3715       -7.2        0.0       -5.5        0.0        0.0        0.0       -9.5        0.0        0.0        0.0
        60.4840       -7.3        0.0       -5.6        0.0        0.0        0.0       -9.5        0.0        0.0        0.0
        60.6302       -7.3        0.0       -5.7        0.0        0.0        0.0       -9.4        0.0        0.0        0.0
        60.8202       -7.4        0.0       -5.9        0.0        0.0        0.0       -9.4        0.0        0.0        0.0
        61.0673       -7.4        0.0       -6.0        0.0        0.0        0.0       -9.4        0.0        0.0        0.0
        61.3885       -7.5        0.0       -6.2        0.0        0.0        0.0       -9.3        0.0        0.0        0.0
        61.8060       -7.7        0.0       -6.4        0.0        0.0        0.0       -9.3        0.0        0.0        0.0
        62.3488       -7.8        0.0       -6.6        0.0        0.0        0.0       -9.4        0.0        0.0        0.0
        62.8916       -8.0        0.0       -6.8        0.0        0.0        0.0       -9.5        0.0        0.0        0.0
        63.5972       -8.2        0.0       -7.1        0.0        0.0        0.0       -9.7        0.0        0.0        0.0
        64.3029       -8.4        0.0       -7.3        0.0        0.0        0.0       -9.9        0.0        0.0        0.0
        65.2202       -8.7        0.0       -7.5        0.0        0.0        0.0      -10.2        0.0        0.0        0.0
        66.1375       -8.9        0.0       -7.8        0.0        0.0        0.0      -10.5        0.0        0.0        0.0
        67.3301       -9.2        0.0       -8.0        0.0        0.0        0.0      -10.9        0.0        0.0        0.0
        68.5226       -9.5        0.0       -8.3        0.0        0.0        0.0      -11.2        0.0        0.0        0.0
        70.0729       -9.8        0.0       -8.6        0.0        0.0        0.0      -11.7        0.0        0.0        0.0
        71.6232      -10.2        0.0       -8.9        0.0        0.0        0.0      -12.1        0.0        0.0        0.0
        73.6386      -10.6        0.0       -9.2        0.0        0.0        0.0      -12.7        0.0        0.0        0.0
        75.6540      -11.0        0.0       -9.6        0.0        0.0        0.0      -13.2        0.0        0.0        0.0
        77.6693      -11.4        0.0       -9.9        0.0        0.0        0.0      -13.7        0.0        0.0        0.0
        80.2893      -11.9        0.0      -10.3        0.0        0.0        0.0      -14.5        0.0        0.0        0.0
        82.9093      -12.3        0.0      -10.6        0.0        0.0        0.0      -15.1        0.0        0.0        0.0
        85.5293      -12.8        0.0      -11.0        0.0        0.0        0.0      -15.7        0.0        0.0        0.0
        88.9764      -13.3        0.0      -11.4        0.0        0.0        0.0      -16.7        0.0        0.0        0.0
        92.4234      -13.9        0.0      -11.8        0.0        0.0        0.0      -17.5        0.0        0.0        0.0
        97.0195      -14.6        0.0      -12.3        0.0        0.0        0.0      -18.6        0.0        0.0        0.0
       101.6156      -15.2        0.0      -12.8        0.0        0.0        0.0      -19.6        0.0        0.0        0.0
       106.2117      -15.9        0.0      -13.2        0.0        0.0        0.0      -20.6        0.0        0.0        0.0
       110.8078      -16.5        0.0      -13.7        0.0        0.0        0.0      -21.5        0.0        0.0        0.0
       115.4039      -17.1        0.0      -14.1        0.0        0.0        0.0      -22.4        0.0        0.0        0.0
       120.0000      -17.6        0.0      -14.5        0.0        0.0        0.0      -23.3        0.0        0.0        0.0
       127.5000      -18.5        0.0      -15.1        0.0        0.0        0.0      -24.7        0.0        0.0        0.0
       135.0000      -19.3        0.0      -15.8        0.0        0.0        0.0      -25.8        0.0        0.0        0.0
       142.5000      -20.0        0.0      -16.4        0.0        0.0        0.0      -26.9        0.0        0.0        0.0
       150.0000      -20.7        0.0      -16.9        0.0        0.0        0.0      -27.9        0.0        0.0        0.0
       157.5000      -21.4        0.0      -17.5        0.0        0.0        0.0      -28.8        0.0        0.0        0.0
       168.7500      -22.3        0.0      -18.3        0.0        0.0        0.0      -29.9        0.0        0.0        0.0
       180.0000      -23.1        0.0      -19.1        0.0        0.0        0.0      -30.8        0.0        0.0        0.0
       192.0000      -23.9        0.0      -19.8        0.0        0.0        0.0      -31.6        0.0        0.0        0.0
       208.0000      -24.9        0.0      -20.8        0.0        0.0        0.0      -32.3        0.0        0.0        0.0
       240.0000      -26.5        0.0      -22.5        0.0        0.0        0.0      -33.1        0.0        0.0        0.0
       261.3721      -27.4        0.0      -23.6        0.0        0.0        0.0      -33.4        0.0        0.0        0.0
       287.8863      -28.4        0.0      -24.8        0.0        0.0        0.0      -33.7        0.0        0.0        0.0
       323.2386      -29.6        0.0      -26.2        0.0        0.0        0.0      -34.0        0.0        0.0        0.0
       367.4289      -30.8        0.0      -27.8        0.0        0.0        0.0      -34.4        0.0        0.0        0.0
       433.7145      -32.3        0.0      -29.7        0.0        0.0        0.0      -35.0        0.0        0.0        0.0
       500.0000      -33.6        0.0      -31.3        0.0        0.0        0.0      -35.7        0.0        0.0        0.0
       573.3333      -34.8        0.0      -32.8        0.0        0.0        0.0      -36.3        0.0        0.0        0.0
       720.0000      -36.5        0.0      -34.9        0.0        0.0        0.0      -37.5        0.0        0.0        0.0
       864.0000      -37.8        0.0      -36.4        0.0        0.0        0.0      -38.4        0.0        0.0        0.0
      1056.0000      -39.0        0.0      -37.8        0.0        0.0        0.0      -39.3        0.0        0.0        0.0
      1248.0000      -39.9        0.0      -38.9        0.0        0.0        0.0      -39.9        0.0        0.0        0.0
      1440.0000      -40.5        0.0      -39.6        0.0        0.0        0.0      -40.3        0.0        0.0        0.0
      1800.0000      -41.1        0.0      -40.4        0.0        0.0        0.0      -40.8        0.0        0.0        0.0
      2160.0000      -41.5        0.0      -40.9        0.0        0.0        0.0      -40.9        0.0        0.0        0.0
      2520.0000      -41.7        0.0      -41.3        0.0        0.0        0.0      -41.0        0.0        0.0        0.0
      2880.0000      -41.8        0.0      -41.5        0.0        0.0        0.0      -41.0        0.0        0.0        0.0
end
