 FileVersion=0003
 Welcome to HYDRUS                                                       
 
 Program HYDRUS3
 Date:  25.12.2019    Time:  10:39:31
 Time dependent boundary conditions
 
 Units: L = cm   , T = min  , M = mmol 
 
 All fluxes (v) are positive out of the region
        Time       rAtm       rRoot      vAtm       vRoot      vKode3     vKode1     vSeep      vKode5     vKode6     vKode7     vKode8     vKode9    RunOff      Evapor    Infiltr     SnowLayer...
         [T]      [L/T]       [L/T]     [L/T]       [L/T]      [L3/T]     [L3/T]    [L3/T]      [L3/T]     [L3/T]     [L3/T]     [L3/T]     [L3/T]     [L/T]       [L/T]     [L/T]         [L]

         0.0010  0.000E+00  0.278E-03  0.000E+00  0.000E+00 -0.675E+02  0.000E+00  0.000E+00  0.000E+00  0.382E+00  0.000E+00  0.000E+00  0.000E+00  0.000E+00  0.000E+00  0.000E+00  0.000E+00
         0.0020  0.000E+00  0.278E-03  0.000E+00  0.000E+00 -0.675E+02  0.000E+00  0.000E+00  0.000E+00  0.288E+00  0.000E+00  0.000E+00  0.000E+00  0.000E+00  0.000E+00  0.000E+00  0.000E+00
         0.0030  0.000E+00  0.278E-03  0.000E+00  0.000E+00 -0.675E+02  0.000E+00  0.000E+00  0.000E+00  0.240E+00  0.000E+00  0.000E+00  0.000E+00  0.000E+00  0.000E+00  0.000E+00  0.000E+00
         0.0043  0.000E+00  0.278E-03  0.000E+00  0.000E+00 -0.675E+02  0.000E+00  0.000E+00  0.000E+00  0.210E+00  0.000E+00  0.000E+00  0.000E+00  0.000E+00  0.000E+00  0.000E+00  0.000E+00
         0.0060  0.000E+00  0.278E-03  0.000E+00  0.000E+00 -0.675E+02  0.000E+00  0.000E+00  0.000E+00  0.184E+00  0.000E+00  0.000E+00  0.000E+00  0.000E+00  0.000E+00  0.000E+00  0.000E+00
         0.0082  0.000E+00  0.278E-03  0.000E+00  0.000E+00 -0.675E+02  0.000E+00  0.000E+00  0.000E+00  0.162E+00  0.000E+00  0.000E+00  0.000E+00  0.000E+00  0.000E+00  0.000E+00  0.000E+00
         0.0110  0.000E+00  0.278E-03  0.000E+00  0.000E+00 -0.675E+02  0.000E+00  0.000E+00  0.000E+00  0.142E+00  0.000E+00  0.000E+00  0.000E+00  0.000E+00  0.000E+00  0.000E+00  0.000E+00
         0.0148  0.000E+00  0.278E-03  0.000E+00  0.000E+00 -0.675E+02  0.000E+00  0.000E+00  0.000E+00  0.125E+00  0.000E+00  0.000E+00  0.000E+00  0.000E+00  0.000E+00  0.000E+00  0.000E+00
         0.0196  0.000E+00  0.278E-03  0.000E+00  0.000E+00 -0.675E+02  0.000E+00  0.000E+00  0.000E+00  0.110E+00  0.000E+00  0.000E+00  0.000E+00  0.000E+00  0.000E+00  0.000E+00  0.000E+00
         0.0259  0.000E+00  0.278E-03  0.000E+00  0.000E+00 -0.675E+02  0.000E+00  0.000E+00  0.000E+00  0.958E-01  0.000E+00  0.000E+00  0.000E+00  0.000E+00  0.000E+00  0.000E+00  0.000E+00
         0.0340  0.000E+00  0.278E-03  0.000E+00  0.000E+00 -0.675E+02  0.000E+00  0.000E+00  0.000E+00  0.837E-01  0.000E+00  0.000E+00  0.000E+00  0.000E+00  0.000E+00  0.000E+00  0.000E+00
         0.0446  0.000E+00  0.278E-03  0.000E+00  0.000E+00 -0.675E+02  0.000E+00  0.000E+00  0.000E+00  0.731E-01  0.000E+00  0.000E+00  0.000E+00  0.000E+00  0.000E+00  0.000E+00  0.000E+00
         0.0584  0.000E+00  0.278E-03  0.000E+00  0.000E+00 -0.675E+02  0.000E+00  0.000E+00  0.000E+00  0.638E-01  0.000E+00  0.000E+00  0.000E+00  0.000E+00  0.000E+00  0.000E+00  0.000E+00
         0.0722  0.000E+00  0.278E-03  0.000E+00  0.000E+00 -0.675E+02  0.000E+00  0.000E+00  0.000E+00  0.557E-01  0.000E+00  0.000E+00  0.000E+00  0.000E+00  0.000E+00  0.000E+00  0.000E+00
         0.0860  0.000E+00  0.278E-03  0.000E+00  0.000E+00 -0.675E+02  0.000E+00  0.000E+00  0.000E+00  0.500E-01  0.000E+00  0.000E+00  0.000E+00  0.000E+00  0.000E+00  0.000E+00  0.000E+00
         0.0998  0.000E+00  0.278E-03  0.000E+00  0.000E+00 -0.675E+02  0.000E+00  0.000E+00  0.000E+00  0.456E-01  0.000E+00  0.000E+00  0.000E+00  0.000E+00  0.000E+00  0.000E+00  0.000E+00
         0.1135  0.000E+00  0.278E-03  0.000E+00  0.000E+00 -0.675E+02  0.000E+00  0.000E+00  0.000E+00  0.422E-01  0.000E+00  0.000E+00  0.000E+00  0.000E+00  0.000E+00  0.000E+00  0.000E+00
         0.1315  0.000E+00  0.278E-03  0.000E+00  0.000E+00 -0.675E+02  0.000E+00  0.000E+00  0.000E+00  0.395E-01  0.000E+00  0.000E+00  0.000E+00  0.000E+00  0.000E+00  0.000E+00  0.000E+00
         0.1494  0.000E+00  0.278E-03  0.000E+00  0.000E+00 -0.675E+02  0.000E+00  0.000E+00  0.000E+00  0.367E-01  0.000E+00  0.000E+00  0.000E+00  0.000E+00  0.000E+00  0.000E+00  0.000E+00
         0.1673  0.000E+00  0.278E-03  0.000E+00  0.000E+00 -0.675E+02  0.000E+00  0.000E+00  0.000E+00  0.344E-01  0.000E+00  0.000E+00  0.000E+00  0.000E+00  0.000E+00  0.000E+00  0.000E+00
         0.1852  0.000E+00  0.278E-03  0.000E+00  0.000E+00 -0.675E+02  0.000E+00  0.000E+00  0.000E+00  0.325E-01  0.000E+00  0.000E+00  0.000E+00  0.000E+00  0.000E+00  0.000E+00  0.000E+00
         0.2032  0.000E+00  0.278E-03  0.000E+00  0.000E+00 -0.675E+02  0.000E+00  0.000E+00  0.000E+00  0.310E-01  0.000E+00  0.000E+00  0.000E+00  0.000E+00  0.000E+00  0.000E+00  0.000E+00
         0.2211  0.000E+00  0.278E-03  0.000E+00  0.000E+00 -0.675E+02  0.000E+00  0.000E+00  0.000E+00  0.296E-01  0.000E+00  0.000E+00  0.000E+00  0.000E+00  0.000E+00  0.000E+00  0.000E+00
         0.2444  0.000E+00  0.278E-03  0.000E+00  0.000E+00 -0.675E+02  0.000E+00  0.000E+00  0.000E+00  0.284E-01  0.000E+00  0.000E+00  0.000E+00  0.000E+00  0.000E+00  0.000E+00  0.000E+00
         0.2677  0.000E+00  0.278E-03  0.000E+00  0.000E+00 -0.675E+02  0.000E+00  0.000E+00  0.000E+00  0.270E-01  0.000E+00  0.000E+00  0.000E+00  0.000E+00  0.000E+00  0.000E+00  0.000E+00
         0.2910  0.000E+00  0.278E-03  0.000E+00  0.000E+00 -0.675E+02  0.000E+00  0.000E+00  0.000E+00  0.259E-01  0.000E+00  0.000E+00  0.000E+00  0.000E+00  0.000E+00  0.000E+00  0.000E+00
         0.3143  0.000E+00  0.278E-03  0.000E+00  0.000E+00 -0.675E+02  0.000E+00  0.000E+00  0.000E+00  0.248E-01  0.000E+00  0.000E+00  0.000E+00  0.000E+00  0.000E+00  0.000E+00  0.000E+00
         0.3376  0.000E+00  0.278E-03  0.000E+00  0.000E+00 -0.675E+02  0.000E+00  0.000E+00  0.000E+00  0.239E-01  0.000E+00  0.000E+00  0.000E+00  0.000E+00  0.000E+00  0.000E+00  0.000E+00
         0.3609  0.000E+00  0.278E-03  0.000E+00  0.000E+00 -0.675E+02  0.000E+00  0.000E+00  0.000E+00  0.231E-01  0.000E+00  0.000E+00  0.000E+00  0.000E+00  0.000E+00  0.000E+00  0.000E+00
         0.3842  0.000E+00  0.278E-03  0.000E+00  0.000E+00 -0.675E+02  0.000E+00  0.000E+00  0.000E+00  0.223E-01  0.000E+00  0.000E+00  0.000E+00  0.000E+00  0.000E+00  0.000E+00  0.000E+00
         0.4075  0.000E+00  0.278E-03  0.000E+00  0.000E+00 -0.675E+02  0.000E+00  0.000E+00  0.000E+00  0.216E-01  0.000E+00  0.000E+00  0.000E+00  0.000E+00  0.000E+00  0.000E+00  0.000E+00
         0.4308  0.000E+00  0.278E-03  0.000E+00  0.000E+00 -0.675E+02  0.000E+00  0.000E+00  0.000E+00  0.210E-01  0.000E+00  0.000E+00  0.000E+00  0.000E+00  0.000E+00  0.000E+00  0.000E+00
         0.4541  0.000E+00  0.278E-03  0.000E+00  0.000E+00 -0.675E+02  0.000E+00  0.000E+00  0.000E+00  0.204E-01  0.000E+00  0.000E+00  0.000E+00  0.000E+00  0.000E+00  0.000E+00  0.000E+00
         0.4843  0.000E+00  0.278E-03  0.000E+00  0.000E+00 -0.675E+02  0.000E+00  0.000E+00  0.000E+00  0.198E-01  0.000E+00  0.000E+00  0.000E+00  0.000E+00  0.000E+00  0.000E+00  0.000E+00
         0.5146  0.000E+00  0.278E-03  0.000E+00  0.000E+00 -0.675E+02  0.000E+00  0.000E+00  0.000E+00  0.191E-01  0.000E+00  0.000E+00  0.000E+00  0.000E+00  0.000E+00  0.000E+00  0.000E+00
         0.5449  0.000E+00  0.278E-03  0.000E+00  0.000E+00 -0.675E+02  0.000E+00  0.000E+00  0.000E+00  0.185E-01  0.000E+00  0.000E+00  0.000E+00  0.000E+00  0.000E+00  0.000E+00  0.000E+00
         0.5752  0.000E+00  0.278E-03  0.000E+00  0.000E+00 -0.675E+02  0.000E+00  0.000E+00  0.000E+00  0.179E-01  0.000E+00  0.000E+00  0.000E+00  0.000E+00  0.000E+00  0.000E+00  0.000E+00
         0.6055  0.000E+00  0.278E-03  0.000E+00  0.000E+00 -0.675E+02  0.000E+00  0.000E+00  0.000E+00  0.174E-01  0.000E+00  0.000E+00  0.000E+00  0.000E+00  0.000E+00  0.000E+00  0.000E+00
         0.6358  0.000E+00  0.278E-03  0.000E+00  0.000E+00 -0.675E+02  0.000E+00  0.000E+00  0.000E+00  0.169E-01  0.000E+00  0.000E+00  0.000E+00  0.000E+00  0.000E+00  0.000E+00  0.000E+00
         0.6661  0.000E+00  0.278E-03  0.000E+00  0.000E+00 -0.675E+02  0.000E+00  0.000E+00  0.000E+00  0.164E-01  0.000E+00  0.000E+00  0.000E+00  0.000E+00  0.000E+00  0.000E+00  0.000E+00
         0.6964  0.000E+00  0.278E-03  0.000E+00  0.000E+00 -0.675E+02  0.000E+00  0.000E+00  0.000E+00  0.160E-01  0.000E+00  0.000E+00  0.000E+00  0.000E+00  0.000E+00  0.000E+00  0.000E+00
         0.7266  0.000E+00  0.278E-03  0.000E+00  0.000E+00 -0.675E+02  0.000E+00  0.000E+00  0.000E+00  0.156E-01  0.000E+00  0.000E+00  0.000E+00  0.000E+00  0.000E+00  0.000E+00  0.000E+00
         0.7569  0.000E+00  0.278E-03  0.000E+00  0.000E+00 -0.675E+02  0.000E+00  0.000E+00  0.000E+00  0.152E-01  0.000E+00  0.000E+00  0.000E+00  0.000E+00  0.000E+00  0.000E+00  0.000E+00
         0.7872  0.000E+00  0.278E-03  0.000E+00  0.000E+00 -0.675E+02  0.000E+00  0.000E+00  0.000E+00  0.148E-01  0.000E+00  0.000E+00  0.000E+00  0.000E+00  0.000E+00  0.000E+00  0.000E+00
         0.8175  0.000E+00  0.278E-03  0.000E+00  0.000E+00 -0.675E+02  0.000E+00  0.000E+00  0.000E+00  0.144E-01  0.000E+00  0.000E+00  0.000E+00  0.000E+00  0.000E+00  0.000E+00  0.000E+00
         0.8478  0.000E+00  0.278E-03  0.000E+00  0.000E+00 -0.675E+02  0.000E+00  0.000E+00  0.000E+00  0.141E-01  0.000E+00  0.000E+00  0.000E+00  0.000E+00  0.000E+00  0.000E+00  0.000E+00
         0.8781  0.000E+00  0.278E-03  0.000E+00  0.000E+00 -0.675E+02  0.000E+00  0.000E+00  0.000E+00  0.138E-01  0.000E+00  0.000E+00  0.000E+00  0.000E+00  0.000E+00  0.000E+00  0.000E+00
         0.9084  0.000E+00  0.278E-03  0.000E+00  0.000E+00 -0.675E+02  0.000E+00  0.000E+00  0.000E+00  0.134E-01  0.000E+00  0.000E+00  0.000E+00  0.000E+00  0.000E+00  0.000E+00  0.000E+00
         0.9477  0.000E+00  0.278E-03  0.000E+00  0.000E+00 -0.675E+02  0.000E+00  0.000E+00  0.000E+00  0.131E-01  0.000E+00  0.000E+00  0.000E+00  0.000E+00  0.000E+00  0.000E+00  0.000E+00
         0.9871  0.000E+00  0.278E-03  0.000E+00  0.000E+00 -0.675E+02  0.000E+00  0.000E+00  0.000E+00  0.128E-01  0.000E+00  0.000E+00  0.000E+00  0.000E+00  0.000E+00  0.000E+00  0.000E+00
         1.0265  0.000E+00  0.278E-03  0.000E+00  0.000E+00 -0.675E+02  0.000E+00  0.000E+00  0.000E+00  0.124E-01  0.000E+00  0.000E+00  0.000E+00  0.000E+00  0.000E+00  0.000E+00  0.000E+00
         1.0659  0.000E+00  0.278E-03  0.000E+00  0.000E+00 -0.675E+02  0.000E+00  0.000E+00  0.000E+00  0.121E-01  0.000E+00  0.000E+00  0.000E+00  0.000E+00  0.000E+00  0.000E+00  0.000E+00
         1.1052  0.000E+00  0.278E-03  0.000E+00  0.000E+00 -0.675E+02  0.000E+00  0.000E+00  0.000E+00  0.118E-01  0.000E+00  0.000E+00  0.000E+00  0.000E+00  0.000E+00  0.000E+00  0.000E+00
         1.1446  0.000E+00  0.278E-03  0.000E+00  0.000E+00 -0.675E+02  0.000E+00  0.000E+00  0.000E+00  0.115E-01  0.000E+00  0.000E+00  0.000E+00  0.000E+00  0.000E+00  0.000E+00  0.000E+00
         1.1840  0.000E+00  0.278E-03  0.000E+00  0.000E+00 -0.675E+02  0.000E+00  0.000E+00  0.000E+00  0.112E-01  0.000E+00  0.000E+00  0.000E+00  0.000E+00  0.000E+00  0.000E+00  0.000E+00
         1.2234  0.000E+00  0.278E-03  0.000E+00  0.000E+00 -0.675E+02  0.000E+00  0.000E+00  0.000E+00  0.109E-01  0.000E+00  0.000E+00  0.000E+00  0.000E+00  0.000E+00  0.000E+00  0.000E+00
         1.2627  0.000E+00  0.278E-03  0.000E+00  0.000E+00 -0.675E+02  0.000E+00  0.000E+00  0.000E+00  0.107E-01  0.000E+00  0.000E+00  0.000E+00  0.000E+00  0.000E+00  0.000E+00  0.000E+00
         1.3021  0.000E+00  0.278E-03  0.000E+00  0.000E+00 -0.675E+02  0.000E+00  0.000E+00  0.000E+00  0.104E-01  0.000E+00  0.000E+00  0.000E+00  0.000E+00  0.000E+00  0.000E+00  0.000E+00
         1.3415  0.000E+00  0.278E-03  0.000E+00  0.000E+00 -0.675E+02  0.000E+00  0.000E+00  0.000E+00  0.102E-01  0.000E+00  0.000E+00  0.000E+00  0.000E+00  0.000E+00  0.000E+00  0.000E+00
         1.3809  0.000E+00  0.278E-03  0.000E+00  0.000E+00 -0.675E+02  0.000E+00  0.000E+00  0.000E+00  0.996E-02  0.000E+00  0.000E+00  0.000E+00  0.000E+00  0.000E+00  0.000E+00  0.000E+00
         1.4320  0.000E+00  0.278E-03  0.000E+00  0.000E+00 -0.675E+02  0.000E+00  0.000E+00  0.000E+00  0.974E-02  0.000E+00  0.000E+00  0.000E+00  0.000E+00  0.000E+00  0.000E+00  0.000E+00
         1.4832  0.000E+00  0.278E-03  0.000E+00  0.000E+00 -0.675E+02  0.000E+00  0.000E+00  0.000E+00  0.947E-02  0.000E+00  0.000E+00  0.000E+00  0.000E+00  0.000E+00  0.000E+00  0.000E+00
         1.5344  0.000E+00  0.278E-03  0.000E+00  0.000E+00 -0.675E+02  0.000E+00  0.000E+00  0.000E+00  0.921E-02  0.000E+00  0.000E+00  0.000E+00  0.000E+00  0.000E+00  0.000E+00  0.000E+00
         1.5856  0.000E+00  0.278E-03  0.000E+00  0.000E+00 -0.675E+02  0.000E+00  0.000E+00  0.000E+00  0.897E-02  0.000E+00  0.000E+00  0.000E+00  0.000E+00  0.000E+00  0.000E+00  0.000E+00
         1.6368  0.000E+00  0.278E-03  0.000E+00  0.000E+00 -0.675E+02  0.000E+00  0.000E+00  0.000E+00  0.874E-02  0.000E+00  0.000E+00  0.000E+00  0.000E+00  0.000E+00  0.000E+00  0.000E+00
         1.6880  0.000E+00  0.278E-03  0.000E+00  0.000E+00 -0.675E+02  0.000E+00  0.000E+00  0.000E+00  0.852E-02  0.000E+00  0.000E+00  0.000E+00  0.000E+00  0.000E+00  0.000E+00  0.000E+00
         1.7392  0.000E+00  0.278E-03  0.000E+00  0.000E+00 -0.675E+02  0.000E+00  0.000E+00  0.000E+00  0.831E-02  0.000E+00  0.000E+00  0.000E+00  0.000E+00  0.000E+00  0.000E+00  0.000E+00
         1.7903  0.000E+00  0.278E-03  0.000E+00  0.000E+00 -0.675E+02  0.000E+00  0.000E+00  0.000E+00  0.811E-02  0.000E+00  0.000E+00  0.000E+00  0.000E+00  0.000E+00  0.000E+00  0.000E+00
         1.8415  0.000E+00  0.278E-03  0.000E+00  0.000E+00 -0.675E+02  0.000E+00  0.000E+00  0.000E+00  0.791E-02  0.000E+00  0.000E+00  0.000E+00  0.000E+00  0.000E+00  0.000E+00  0.000E+00
         1.9081  0.000E+00  0.278E-03  0.000E+00  0.000E+00 -0.675E+02  0.000E+00  0.000E+00  0.000E+00  0.773E-02  0.000E+00  0.000E+00  0.000E+00  0.000E+00  0.000E+00  0.000E+00  0.000E+00
         1.9746  0.000E+00  0.278E-03  0.000E+00  0.000E+00 -0.675E+02  0.000E+00  0.000E+00  0.000E+00  0.750E-02  0.000E+00  0.000E+00  0.000E+00  0.000E+00  0.000E+00  0.000E+00  0.000E+00
         2.0412  0.000E+00  0.278E-03  0.000E+00  0.000E+00 -0.675E+02  0.000E+00  0.000E+00  0.000E+00  0.729E-02  0.000E+00  0.000E+00  0.000E+00  0.000E+00  0.000E+00  0.000E+00  0.000E+00
         2.1077  0.000E+00  0.278E-03  0.000E+00  0.000E+00 -0.675E+02  0.000E+00  0.000E+00  0.000E+00  0.708E-02  0.000E+00  0.000E+00  0.000E+00  0.000E+00  0.000E+00  0.000E+00  0.000E+00
         2.1742  0.000E+00  0.278E-03  0.000E+00  0.000E+00 -0.675E+02  0.000E+00  0.000E+00  0.000E+00  0.689E-02  0.000E+00  0.000E+00  0.000E+00  0.000E+00  0.000E+00  0.000E+00  0.000E+00
         2.2408  0.000E+00  0.278E-03  0.000E+00  0.000E+00 -0.675E+02  0.000E+00  0.000E+00  0.000E+00  0.671E-02  0.000E+00  0.000E+00  0.000E+00  0.000E+00  0.000E+00  0.000E+00  0.000E+00
         2.3073  0.000E+00  0.278E-03  0.000E+00  0.000E+00 -0.675E+02  0.000E+00  0.000E+00  0.000E+00  0.653E-02  0.000E+00  0.000E+00  0.000E+00  0.000E+00  0.000E+00  0.000E+00  0.000E+00
         2.3938  0.000E+00  0.278E-03  0.000E+00  0.000E+00 -0.675E+02  0.000E+00  0.000E+00  0.000E+00  0.636E-02  0.000E+00  0.000E+00  0.000E+00  0.000E+00  0.000E+00  0.000E+00  0.000E+00
         2.4803  0.000E+00  0.278E-03  0.000E+00  0.000E+00 -0.675E+02  0.000E+00  0.000E+00  0.000E+00  0.616E-02  0.000E+00  0.000E+00  0.000E+00  0.000E+00  0.000E+00  0.000E+00  0.000E+00
         2.5668  0.000E+00  0.278E-03  0.000E+00  0.000E+00 -0.675E+02  0.000E+00  0.000E+00  0.000E+00  0.597E-02  0.000E+00  0.000E+00  0.000E+00  0.000E+00  0.000E+00  0.000E+00  0.000E+00
         2.6533  0.000E+00  0.278E-03  0.000E+00  0.000E+00 -0.675E+02  0.000E+00  0.000E+00  0.000E+00  0.578E-02  0.000E+00  0.000E+00  0.000E+00  0.000E+00  0.000E+00  0.000E+00  0.000E+00
         2.7398  0.000E+00  0.278E-03  0.000E+00  0.000E+00 -0.675E+02  0.000E+00  0.000E+00  0.000E+00  0.561E-02  0.000E+00  0.000E+00  0.000E+00  0.000E+00  0.000E+00  0.000E+00  0.000E+00
         2.8263  0.000E+00  0.278E-03  0.000E+00  0.000E+00 -0.675E+02  0.000E+00  0.000E+00  0.000E+00  0.545E-02  0.000E+00  0.000E+00  0.000E+00  0.000E+00  0.000E+00  0.000E+00  0.000E+00
         2.9128  0.000E+00  0.278E-03  0.000E+00  0.000E+00 -0.675E+02  0.000E+00  0.000E+00  0.000E+00  0.529E-02  0.000E+00  0.000E+00  0.000E+00  0.000E+00  0.000E+00  0.000E+00  0.000E+00
         2.9994  0.000E+00  0.278E-03  0.000E+00  0.000E+00 -0.675E+02  0.000E+00  0.000E+00  0.000E+00  0.514E-02  0.000E+00  0.000E+00  0.000E+00  0.000E+00  0.000E+00  0.000E+00  0.000E+00
         3.1118  0.000E+00  0.278E-03  0.000E+00  0.000E+00 -0.675E+02  0.000E+00  0.000E+00  0.000E+00  0.500E-02  0.000E+00  0.000E+00  0.000E+00  0.000E+00  0.000E+00  0.000E+00  0.000E+00
         3.2243  0.000E+00  0.278E-03  0.000E+00  0.000E+00 -0.675E+02  0.000E+00  0.000E+00  0.000E+00  0.483E-02  0.000E+00  0.000E+00  0.000E+00  0.000E+00  0.000E+00  0.000E+00  0.000E+00
         3.3367  0.000E+00  0.278E-03  0.000E+00  0.000E+00 -0.675E+02  0.000E+00  0.000E+00  0.000E+00  0.467E-02  0.000E+00  0.000E+00  0.000E+00  0.000E+00  0.000E+00  0.000E+00  0.000E+00
         3.4492  0.000E+00  0.278E-03  0.000E+00  0.000E+00 -0.675E+02  0.000E+00  0.000E+00  0.000E+00  0.452E-02  0.000E+00  0.000E+00  0.000E+00  0.000E+00  0.000E+00  0.000E+00  0.000E+00
         3.5616  0.000E+00  0.278E-03  0.000E+00  0.000E+00 -0.675E+02  0.000E+00  0.000E+00  0.000E+00  0.437E-02  0.000E+00  0.000E+00  0.000E+00  0.000E+00  0.000E+00  0.000E+00  0.000E+00
         3.6741  0.000E+00  0.278E-03  0.000E+00  0.000E+00 -0.675E+02  0.000E+00  0.000E+00  0.000E+00  0.424E-02  0.000E+00  0.000E+00  0.000E+00  0.000E+00  0.000E+00  0.000E+00  0.000E+00
         3.7865  0.000E+00  0.278E-03  0.000E+00  0.000E+00 -0.675E+02  0.000E+00  0.000E+00  0.000E+00  0.411E-02  0.000E+00  0.000E+00  0.000E+00  0.000E+00  0.000E+00  0.000E+00  0.000E+00
         3.8990  0.000E+00  0.278E-03  0.000E+00  0.000E+00 -0.675E+02  0.000E+00  0.000E+00  0.000E+00  0.399E-02  0.000E+00  0.000E+00  0.000E+00  0.000E+00  0.000E+00  0.000E+00  0.000E+00
         4.0091  0.000E+00  0.278E-03  0.000E+00  0.000E+00 -0.675E+02  0.000E+00  0.000E+00  0.000E+00  0.387E-02  0.000E+00  0.000E+00  0.000E+00  0.000E+00  0.000E+00  0.000E+00  0.000E+00
         4.1192  0.000E+00  0.278E-03  0.000E+00  0.000E+00 -0.675E+02  0.000E+00  0.000E+00  0.000E+00  0.376E-02  0.000E+00  0.000E+00  0.000E+00  0.000E+00  0.000E+00  0.000E+00  0.000E+00
         4.2293  0.000E+00  0.278E-03  0.000E+00  0.000E+00 -0.675E+02  0.000E+00  0.000E+00  0.000E+00  0.366E-02  0.000E+00  0.000E+00  0.000E+00  0.000E+00  0.000E+00  0.000E+00  0.000E+00
         4.3394  0.000E+00  0.278E-03  0.000E+00  0.000E+00 -0.675E+02  0.000E+00  0.000E+00  0.000E+00  0.356E-02  0.000E+00  0.000E+00  0.000E+00  0.000E+00  0.000E+00  0.000E+00  0.000E+00
         4.4495  0.000E+00  0.278E-03  0.000E+00  0.000E+00 -0.675E+02  0.000E+00  0.000E+00  0.000E+00  0.347E-02  0.000E+00  0.000E+00  0.000E+00  0.000E+00  0.000E+00  0.000E+00  0.000E+00
         4.5596  0.000E+00  0.278E-03  0.000E+00  0.000E+00 -0.675E+02  0.000E+00  0.000E+00  0.000E+00  0.338E-02  0.000E+00  0.000E+00  0.000E+00  0.000E+00  0.000E+00  0.000E+00  0.000E+00
         4.6697  0.000E+00  0.278E-03  0.000E+00  0.000E+00 -0.675E+02  0.000E+00  0.000E+00  0.000E+00  0.330E-02  0.000E+00  0.000E+00  0.000E+00  0.000E+00  0.000E+00  0.000E+00  0.000E+00
         4.7798  0.000E+00  0.278E-03  0.000E+00  0.000E+00 -0.675E+02  0.000E+00  0.000E+00  0.000E+00  0.321E-02  0.000E+00  0.000E+00  0.000E+00  0.000E+00  0.000E+00  0.000E+00  0.000E+00
         4.8899  0.000E+00  0.278E-03  0.000E+00  0.000E+00 -0.675E+02  0.000E+00  0.000E+00  0.000E+00  0.314E-02  0.000E+00  0.000E+00  0.000E+00  0.000E+00  0.000E+00  0.000E+00  0.000E+00
         5.0000  0.000E+00  0.278E-03  0.000E+00  0.000E+00 -0.675E+02  0.000E+00  0.000E+00  0.000E+00  0.306E-02  0.000E+00  0.000E+00  0.000E+00  0.000E+00  0.000E+00  0.000E+00  0.000E+00
         5.1125  0.000E+00  0.278E-03  0.000E+00  0.000E+00 -0.675E+02  0.000E+00  0.000E+00  0.000E+00  0.299E-02  0.000E+00  0.000E+00  0.000E+00  0.000E+00  0.000E+00  0.000E+00  0.000E+00
         5.2249  0.000E+00  0.278E-03  0.000E+00  0.000E+00 -0.675E+02  0.000E+00  0.000E+00  0.000E+00  0.292E-02  0.000E+00  0.000E+00  0.000E+00  0.000E+00  0.000E+00  0.000E+00  0.000E+00
         5.3374  0.000E+00  0.278E-03  0.000E+00  0.000E+00 -0.675E+02  0.000E+00  0.000E+00  0.000E+00  0.285E-02  0.000E+00  0.000E+00  0.000E+00  0.000E+00  0.000E+00  0.000E+00  0.000E+00
         5.4836  0.000E+00  0.278E-03  0.000E+00  0.000E+00 -0.675E+02  0.000E+00  0.000E+00  0.000E+00  0.279E-02  0.000E+00  0.000E+00  0.000E+00  0.000E+00  0.000E+00  0.000E+00  0.000E+00
         5.6297  0.000E+00  0.278E-03  0.000E+00  0.000E+00 -0.675E+02  0.000E+00  0.000E+00  0.000E+00  0.270E-02  0.000E+00  0.000E+00  0.000E+00  0.000E+00  0.000E+00  0.000E+00  0.000E+00
         5.7759  0.000E+00  0.278E-03  0.000E+00  0.000E+00 -0.675E+02  0.000E+00  0.000E+00  0.000E+00  0.263E-02  0.000E+00  0.000E+00  0.000E+00  0.000E+00  0.000E+00  0.000E+00  0.000E+00
         5.9221  0.000E+00  0.278E-03  0.000E+00  0.000E+00 -0.675E+02  0.000E+00  0.000E+00  0.000E+00  0.255E-02  0.000E+00  0.000E+00  0.000E+00  0.000E+00  0.000E+00  0.000E+00  0.000E+00
         6.0683  0.000E+00  0.278E-03  0.000E+00  0.000E+00 -0.675E+02  0.000E+00  0.000E+00  0.000E+00  0.248E-02  0.000E+00  0.000E+00  0.000E+00  0.000E+00  0.000E+00  0.000E+00  0.000E+00
         6.2145  0.000E+00  0.278E-03  0.000E+00  0.000E+00 -0.675E+02  0.000E+00  0.000E+00  0.000E+00  0.242E-02  0.000E+00  0.000E+00  0.000E+00  0.000E+00  0.000E+00  0.000E+00  0.000E+00
         6.3607  0.000E+00  0.278E-03  0.000E+00  0.000E+00 -0.675E+02  0.000E+00  0.000E+00  0.000E+00  0.235E-02  0.000E+00  0.000E+00  0.000E+00  0.000E+00  0.000E+00  0.000E+00  0.000E+00
         6.5069  0.000E+00  0.278E-03  0.000E+00  0.000E+00 -0.675E+02  0.000E+00  0.000E+00  0.000E+00  0.229E-02  0.000E+00  0.000E+00  0.000E+00  0.000E+00  0.000E+00  0.000E+00  0.000E+00
         6.6531  0.000E+00  0.278E-03  0.000E+00  0.000E+00 -0.675E+02  0.000E+00  0.000E+00  0.000E+00  0.223E-02  0.000E+00  0.000E+00  0.000E+00  0.000E+00  0.000E+00  0.000E+00  0.000E+00
         6.7993  0.000E+00  0.278E-03  0.000E+00  0.000E+00 -0.675E+02  0.000E+00  0.000E+00  0.000E+00  0.218E-02  0.000E+00  0.000E+00  0.000E+00  0.000E+00  0.000E+00  0.000E+00  0.000E+00
         6.9455  0.000E+00  0.278E-03  0.000E+00  0.000E+00 -0.675E+02  0.000E+00  0.000E+00  0.000E+00  0.212E-02  0.000E+00  0.000E+00  0.000E+00  0.000E+00  0.000E+00  0.000E+00  0.000E+00
         7.0917  0.000E+00  0.278E-03  0.000E+00  0.000E+00 -0.675E+02  0.000E+00  0.000E+00  0.000E+00  0.207E-02  0.000E+00  0.000E+00  0.000E+00  0.000E+00  0.000E+00  0.000E+00  0.000E+00
         7.2379  0.000E+00  0.278E-03  0.000E+00  0.000E+00 -0.675E+02  0.000E+00  0.000E+00  0.000E+00  0.202E-02  0.000E+00  0.000E+00  0.000E+00  0.000E+00  0.000E+00  0.000E+00  0.000E+00
         7.3841  0.000E+00  0.278E-03  0.000E+00  0.000E+00 -0.675E+02  0.000E+00  0.000E+00  0.000E+00  0.198E-02  0.000E+00  0.000E+00  0.000E+00  0.000E+00  0.000E+00  0.000E+00  0.000E+00
         7.5302  0.000E+00  0.278E-03  0.000E+00  0.000E+00 -0.675E+02  0.000E+00  0.000E+00  0.000E+00  0.193E-02  0.000E+00  0.000E+00  0.000E+00  0.000E+00  0.000E+00  0.000E+00  0.000E+00
         7.6764  0.000E+00  0.278E-03  0.000E+00  0.000E+00 -0.675E+02  0.000E+00  0.000E+00  0.000E+00  0.189E-02  0.000E+00  0.000E+00  0.000E+00  0.000E+00  0.000E+00  0.000E+00  0.000E+00
         7.8226  0.000E+00  0.278E-03  0.000E+00  0.000E+00 -0.675E+02  0.000E+00  0.000E+00  0.000E+00  0.184E-02  0.000E+00  0.000E+00  0.000E+00  0.000E+00  0.000E+00  0.000E+00  0.000E+00
         7.9688  0.000E+00  0.278E-03  0.000E+00  0.000E+00 -0.675E+02  0.000E+00  0.000E+00  0.000E+00  0.180E-02  0.000E+00  0.000E+00  0.000E+00  0.000E+00  0.000E+00  0.000E+00  0.000E+00
         8.1150  0.000E+00  0.278E-03  0.000E+00  0.000E+00 -0.675E+02  0.000E+00  0.000E+00  0.000E+00  0.176E-02  0.000E+00  0.000E+00  0.000E+00  0.000E+00  0.000E+00  0.000E+00  0.000E+00
         8.2612  0.000E+00  0.278E-03  0.000E+00  0.000E+00 -0.675E+02  0.000E+00  0.000E+00  0.000E+00  0.172E-02  0.000E+00  0.000E+00  0.000E+00  0.000E+00  0.000E+00  0.000E+00  0.000E+00
         8.4074  0.000E+00  0.278E-03  0.000E+00  0.000E+00 -0.675E+02  0.000E+00  0.000E+00  0.000E+00  0.169E-02  0.000E+00  0.000E+00  0.000E+00  0.000E+00  0.000E+00  0.000E+00  0.000E+00
         8.5536  0.000E+00  0.278E-03  0.000E+00  0.000E+00 -0.675E+02  0.000E+00  0.000E+00  0.000E+00  0.165E-02  0.000E+00  0.000E+00  0.000E+00  0.000E+00  0.000E+00  0.000E+00  0.000E+00
         8.6998  0.000E+00  0.278E-03  0.000E+00  0.000E+00 -0.675E+02  0.000E+00  0.000E+00  0.000E+00  0.162E-02  0.000E+00  0.000E+00  0.000E+00  0.000E+00  0.000E+00  0.000E+00  0.000E+00
         8.8460  0.000E+00  0.278E-03  0.000E+00  0.000E+00 -0.675E+02  0.000E+00  0.000E+00  0.000E+00  0.158E-02  0.000E+00  0.000E+00  0.000E+00  0.000E+00  0.000E+00  0.000E+00  0.000E+00
         8.9922  0.000E+00  0.278E-03  0.000E+00  0.000E+00 -0.675E+02  0.000E+00  0.000E+00  0.000E+00  0.155E-02  0.000E+00  0.000E+00  0.000E+00  0.000E+00  0.000E+00  0.000E+00  0.000E+00
         9.1384  0.000E+00  0.278E-03  0.000E+00  0.000E+00 -0.675E+02  0.000E+00  0.000E+00  0.000E+00  0.152E-02  0.000E+00  0.000E+00  0.000E+00  0.000E+00  0.000E+00  0.000E+00  0.000E+00
         9.2845  0.000E+00  0.278E-03  0.000E+00  0.000E+00 -0.675E+02  0.000E+00  0.000E+00  0.000E+00  0.149E-02  0.000E+00  0.000E+00  0.000E+00  0.000E+00  0.000E+00  0.000E+00  0.000E+00
         9.4307  0.000E+00  0.278E-03  0.000E+00  0.000E+00 -0.675E+02  0.000E+00  0.000E+00  0.000E+00  0.146E-02  0.000E+00  0.000E+00  0.000E+00  0.000E+00  0.000E+00  0.000E+00  0.000E+00
         9.5769  0.000E+00  0.278E-03  0.000E+00  0.000E+00 -0.675E+02  0.000E+00  0.000E+00  0.000E+00  0.143E-02  0.000E+00  0.000E+00  0.000E+00  0.000E+00  0.000E+00  0.000E+00  0.000E+00
         9.7231  0.000E+00  0.278E-03  0.000E+00  0.000E+00 -0.675E+02  0.000E+00  0.000E+00  0.000E+00  0.141E-02  0.000E+00  0.000E+00  0.000E+00  0.000E+00  0.000E+00  0.000E+00  0.000E+00
         9.8693  0.000E+00  0.278E-03  0.000E+00  0.000E+00 -0.675E+02  0.000E+00  0.000E+00  0.000E+00  0.138E-02  0.000E+00  0.000E+00  0.000E+00  0.000E+00  0.000E+00  0.000E+00  0.000E+00
        10.0155  0.000E+00  0.278E-03  0.000E+00  0.000E+00 -0.675E+02  0.000E+00  0.000E+00  0.000E+00  0.135E-02  0.000E+00  0.000E+00  0.000E+00  0.000E+00  0.000E+00  0.000E+00  0.000E+00
        10.1617  0.000E+00  0.278E-03  0.000E+00  0.000E+00 -0.675E+02  0.000E+00  0.000E+00  0.000E+00  0.133E-02  0.000E+00  0.000E+00  0.000E+00  0.000E+00  0.000E+00  0.000E+00  0.000E+00
        10.3079  0.000E+00  0.278E-03  0.000E+00  0.000E+00 -0.675E+02  0.000E+00  0.000E+00  0.000E+00  0.130E-02  0.000E+00  0.000E+00  0.000E+00  0.000E+00  0.000E+00  0.000E+00  0.000E+00
        10.4541  0.000E+00  0.278E-03  0.000E+00  0.000E+00 -0.675E+02  0.000E+00  0.000E+00  0.000E+00  0.128E-02  0.000E+00  0.000E+00  0.000E+00  0.000E+00  0.000E+00  0.000E+00  0.000E+00
        10.6003  0.000E+00  0.278E-03  0.000E+00  0.000E+00 -0.675E+02  0.000E+00  0.000E+00  0.000E+00  0.126E-02  0.000E+00  0.000E+00  0.000E+00  0.000E+00  0.000E+00  0.000E+00  0.000E+00
        10.7465  0.000E+00  0.278E-03  0.000E+00  0.000E+00 -0.675E+02  0.000E+00  0.000E+00  0.000E+00  0.123E-02  0.000E+00  0.000E+00  0.000E+00  0.000E+00  0.000E+00  0.000E+00  0.000E+00
        10.8927  0.000E+00  0.278E-03  0.000E+00  0.000E+00 -0.675E+02  0.000E+00  0.000E+00  0.000E+00  0.121E-02  0.000E+00  0.000E+00  0.000E+00  0.000E+00  0.000E+00  0.000E+00  0.000E+00
        11.0389  0.000E+00  0.278E-03  0.000E+00  0.000E+00 -0.675E+02  0.000E+00  0.000E+00  0.000E+00  0.119E-02  0.000E+00  0.000E+00  0.000E+00  0.000E+00  0.000E+00  0.000E+00  0.000E+00
        11.1850  0.000E+00  0.278E-03  0.000E+00  0.000E+00 -0.675E+02  0.000E+00  0.000E+00  0.000E+00  0.117E-02  0.000E+00  0.000E+00  0.000E+00  0.000E+00  0.000E+00  0.000E+00  0.000E+00
        11.3312  0.000E+00  0.278E-03  0.000E+00  0.000E+00 -0.675E+02  0.000E+00  0.000E+00  0.000E+00  0.115E-02  0.000E+00  0.000E+00  0.000E+00  0.000E+00  0.000E+00  0.000E+00  0.000E+00
        11.4774  0.000E+00  0.278E-03  0.000E+00  0.000E+00 -0.675E+02  0.000E+00  0.000E+00  0.000E+00  0.113E-02  0.000E+00  0.000E+00  0.000E+00  0.000E+00  0.000E+00  0.000E+00  0.000E+00
        11.6236  0.000E+00  0.278E-03  0.000E+00  0.000E+00 -0.675E+02  0.000E+00  0.000E+00  0.000E+00  0.111E-02  0.000E+00  0.000E+00  0.000E+00  0.000E+00  0.000E+00  0.000E+00  0.000E+00
        11.7698  0.000E+00  0.278E-03  0.000E+00  0.000E+00 -0.675E+02  0.000E+00  0.000E+00  0.000E+00  0.109E-02  0.000E+00  0.000E+00  0.000E+00  0.000E+00  0.000E+00  0.000E+00  0.000E+00
        11.9599  0.000E+00  0.278E-03  0.000E+00  0.000E+00 -0.675E+02  0.000E+00  0.000E+00  0.000E+00  0.108E-02  0.000E+00  0.000E+00  0.000E+00  0.000E+00  0.000E+00  0.000E+00  0.000E+00
        12.1499  0.000E+00  0.278E-03  0.000E+00  0.000E+00 -0.675E+02  0.000E+00  0.000E+00  0.000E+00  0.105E-02  0.000E+00  0.000E+00  0.000E+00  0.000E+00  0.000E+00  0.000E+00  0.000E+00
        12.3400  0.000E+00  0.278E-03  0.000E+00  0.000E+00 -0.675E+02  0.000E+00  0.000E+00  0.000E+00  0.103E-02  0.000E+00  0.000E+00  0.000E+00  0.000E+00  0.000E+00  0.000E+00  0.000E+00
        12.5300  0.000E+00  0.278E-03  0.000E+00  0.000E+00 -0.675E+02  0.000E+00  0.000E+00  0.000E+00  0.101E-02  0.000E+00  0.000E+00  0.000E+00  0.000E+00  0.000E+00  0.000E+00  0.000E+00
        12.7201  0.000E+00  0.278E-03  0.000E+00  0.000E+00 -0.675E+02  0.000E+00  0.000E+00  0.000E+00  0.989E-03  0.000E+00  0.000E+00  0.000E+00  0.000E+00  0.000E+00  0.000E+00  0.000E+00
        12.9101  0.000E+00  0.278E-03  0.000E+00  0.000E+00 -0.675E+02  0.000E+00  0.000E+00  0.000E+00  0.969E-03  0.000E+00  0.000E+00  0.000E+00  0.000E+00  0.000E+00  0.000E+00  0.000E+00
        13.1002  0.000E+00  0.278E-03  0.000E+00  0.000E+00 -0.675E+02  0.000E+00  0.000E+00  0.000E+00  0.949E-03  0.000E+00  0.000E+00  0.000E+00  0.000E+00  0.000E+00  0.000E+00  0.000E+00
        13.2901  0.000E+00  0.278E-03  0.000E+00  0.000E+00 -0.675E+02  0.000E+00  0.000E+00  0.000E+00  0.930E-03  0.000E+00  0.000E+00  0.000E+00  0.000E+00  0.000E+00  0.000E+00  0.000E+00
        13.4801  0.000E+00  0.278E-03  0.000E+00  0.000E+00 -0.675E+02  0.000E+00  0.000E+00  0.000E+00  0.912E-03  0.000E+00  0.000E+00  0.000E+00  0.000E+00  0.000E+00  0.000E+00  0.000E+00
        13.6701  0.000E+00  0.278E-03  0.000E+00  0.000E+00 -0.675E+02  0.000E+00  0.000E+00  0.000E+00  0.894E-03  0.000E+00  0.000E+00  0.000E+00  0.000E+00  0.000E+00  0.000E+00  0.000E+00
        13.8601  0.000E+00  0.278E-03  0.000E+00  0.000E+00 -0.675E+02  0.000E+00  0.000E+00  0.000E+00  0.877E-03  0.000E+00  0.000E+00  0.000E+00  0.000E+00  0.000E+00  0.000E+00  0.000E+00
        14.0501  0.000E+00  0.278E-03  0.000E+00  0.000E+00 -0.675E+02  0.000E+00  0.000E+00  0.000E+00  0.860E-03  0.000E+00  0.000E+00  0.000E+00  0.000E+00  0.000E+00  0.000E+00  0.000E+00
        14.2401  0.000E+00  0.278E-03  0.000E+00  0.000E+00 -0.675E+02  0.000E+00  0.000E+00  0.000E+00  0.844E-03  0.000E+00  0.000E+00  0.000E+00  0.000E+00  0.000E+00  0.000E+00  0.000E+00
        14.4300  0.000E+00  0.278E-03  0.000E+00  0.000E+00 -0.675E+02  0.000E+00  0.000E+00  0.000E+00  0.828E-03  0.000E+00  0.000E+00  0.000E+00  0.000E+00  0.000E+00  0.000E+00  0.000E+00
        14.6200  0.000E+00  0.278E-03  0.000E+00  0.000E+00 -0.675E+02  0.000E+00  0.000E+00  0.000E+00  0.812E-03  0.000E+00  0.000E+00  0.000E+00  0.000E+00  0.000E+00  0.000E+00  0.000E+00
        14.8100  0.000E+00  0.278E-03  0.000E+00  0.000E+00 -0.675E+02  0.000E+00  0.000E+00  0.000E+00  0.797E-03  0.000E+00  0.000E+00  0.000E+00  0.000E+00  0.000E+00  0.000E+00  0.000E+00
        15.0000  0.000E+00  0.278E-03  0.000E+00  0.000E+00 -0.675E+02  0.000E+00  0.000E+00  0.000E+00  0.783E-03  0.000E+00  0.000E+00  0.000E+00  0.000E+00  0.000E+00  0.000E+00  0.000E+00
        15.1900  0.000E+00  0.278E-03  0.000E+00  0.000E+00 -0.675E+02  0.000E+00  0.000E+00  0.000E+00  0.768E-03  0.000E+00  0.000E+00  0.000E+00  0.000E+00  0.000E+00  0.000E+00  0.000E+00
        15.3801  0.000E+00  0.278E-03  0.000E+00  0.000E+00 -0.675E+02  0.000E+00  0.000E+00  0.000E+00  0.754E-03  0.000E+00  0.000E+00  0.000E+00  0.000E+00  0.000E+00  0.000E+00  0.000E+00
        15.5701  0.000E+00  0.278E-03  0.000E+00  0.000E+00 -0.675E+02  0.000E+00  0.000E+00  0.000E+00  0.741E-03  0.000E+00  0.000E+00  0.000E+00  0.000E+00  0.000E+00  0.000E+00  0.000E+00
        15.7602  0.000E+00  0.278E-03  0.000E+00  0.000E+00 -0.675E+02  0.000E+00  0.000E+00  0.000E+00  0.728E-03  0.000E+00  0.000E+00  0.000E+00  0.000E+00  0.000E+00  0.000E+00  0.000E+00
        15.9502  0.000E+00  0.278E-03  0.000E+00  0.000E+00 -0.675E+02  0.000E+00  0.000E+00  0.000E+00  0.715E-03  0.000E+00  0.000E+00  0.000E+00  0.000E+00  0.000E+00  0.000E+00  0.000E+00
        16.1403  0.000E+00  0.278E-03  0.000E+00  0.000E+00 -0.675E+02  0.000E+00  0.000E+00  0.000E+00  0.702E-03  0.000E+00  0.000E+00  0.000E+00  0.000E+00  0.000E+00  0.000E+00  0.000E+00
        16.3303  0.000E+00  0.278E-03  0.000E+00  0.000E+00 -0.675E+02  0.000E+00  0.000E+00  0.000E+00  0.690E-03  0.000E+00  0.000E+00  0.000E+00  0.000E+00  0.000E+00  0.000E+00  0.000E+00
        16.5204  0.000E+00  0.278E-03  0.000E+00  0.000E+00 -0.675E+02  0.000E+00  0.000E+00  0.000E+00  0.678E-03  0.000E+00  0.000E+00  0.000E+00  0.000E+00  0.000E+00  0.000E+00  0.000E+00
        16.7104  0.000E+00  0.278E-03  0.000E+00  0.000E+00 -0.675E+02  0.000E+00  0.000E+00  0.000E+00  0.667E-03  0.000E+00  0.000E+00  0.000E+00  0.000E+00  0.000E+00  0.000E+00  0.000E+00
        16.9005  0.000E+00  0.278E-03  0.000E+00  0.000E+00 -0.675E+02  0.000E+00  0.000E+00  0.000E+00  0.655E-03  0.000E+00  0.000E+00  0.000E+00  0.000E+00  0.000E+00  0.000E+00  0.000E+00
        17.0905  0.000E+00  0.278E-03  0.000E+00  0.000E+00 -0.675E+02  0.000E+00  0.000E+00  0.000E+00  0.644E-03  0.000E+00  0.000E+00  0.000E+00  0.000E+00  0.000E+00  0.000E+00  0.000E+00
        17.2806  0.000E+00  0.278E-03  0.000E+00  0.000E+00 -0.675E+02  0.000E+00  0.000E+00  0.000E+00  0.634E-03  0.000E+00  0.000E+00  0.000E+00  0.000E+00  0.000E+00  0.000E+00  0.000E+00
        17.4706  0.000E+00  0.278E-03  0.000E+00  0.000E+00 -0.675E+02  0.000E+00  0.000E+00  0.000E+00  0.623E-03  0.000E+00  0.000E+00  0.000E+00  0.000E+00  0.000E+00  0.000E+00  0.000E+00
        17.6607  0.000E+00  0.278E-03  0.000E+00  0.000E+00 -0.675E+02  0.000E+00  0.000E+00  0.000E+00  0.613E-03  0.000E+00  0.000E+00  0.000E+00  0.000E+00  0.000E+00  0.000E+00  0.000E+00
        17.8507  0.000E+00  0.278E-03  0.000E+00  0.000E+00 -0.675E+02  0.000E+00  0.000E+00  0.000E+00  0.603E-03  0.000E+00  0.000E+00  0.000E+00  0.000E+00  0.000E+00  0.000E+00  0.000E+00
        18.0408  0.000E+00  0.278E-03  0.000E+00  0.000E+00 -0.675E+02  0.000E+00  0.000E+00  0.000E+00  0.593E-03  0.000E+00  0.000E+00  0.000E+00  0.000E+00  0.000E+00  0.000E+00  0.000E+00
        18.2308  0.000E+00  0.278E-03  0.000E+00  0.000E+00 -0.675E+02  0.000E+00  0.000E+00  0.000E+00  0.583E-03  0.000E+00  0.000E+00  0.000E+00  0.000E+00  0.000E+00  0.000E+00  0.000E+00
        18.4209  0.000E+00  0.278E-03  0.000E+00  0.000E+00 -0.675E+02  0.000E+00  0.000E+00  0.000E+00  0.574E-03  0.000E+00  0.000E+00  0.000E+00  0.000E+00  0.000E+00  0.000E+00  0.000E+00
        18.6109  0.000E+00  0.278E-03  0.000E+00  0.000E+00 -0.675E+02  0.000E+00  0.000E+00  0.000E+00  0.565E-03  0.000E+00  0.000E+00  0.000E+00  0.000E+00  0.000E+00  0.000E+00  0.000E+00
        18.8010  0.000E+00  0.278E-03  0.000E+00  0.000E+00 -0.675E+02  0.000E+00  0.000E+00  0.000E+00  0.556E-03  0.000E+00  0.000E+00  0.000E+00  0.000E+00  0.000E+00  0.000E+00  0.000E+00
        18.9910  0.000E+00  0.278E-03  0.000E+00  0.000E+00 -0.675E+02  0.000E+00  0.000E+00  0.000E+00  0.547E-03  0.000E+00  0.000E+00  0.000E+00  0.000E+00  0.000E+00  0.000E+00  0.000E+00
        19.1811  0.000E+00  0.278E-03  0.000E+00  0.000E+00 -0.675E+02  0.000E+00  0.000E+00  0.000E+00  0.539E-03  0.000E+00  0.000E+00  0.000E+00  0.000E+00  0.000E+00  0.000E+00  0.000E+00
        19.3711  0.000E+00  0.278E-03  0.000E+00  0.000E+00 -0.675E+02  0.000E+00  0.000E+00  0.000E+00  0.530E-03  0.000E+00  0.000E+00  0.000E+00  0.000E+00  0.000E+00  0.000E+00  0.000E+00
        19.5612  0.000E+00  0.278E-03  0.000E+00  0.000E+00 -0.675E+02  0.000E+00  0.000E+00  0.000E+00  0.522E-03  0.000E+00  0.000E+00  0.000E+00  0.000E+00  0.000E+00  0.000E+00  0.000E+00
        19.7512  0.000E+00  0.278E-03  0.000E+00  0.000E+00 -0.675E+02  0.000E+00  0.000E+00  0.000E+00  0.514E-03  0.000E+00  0.000E+00  0.000E+00  0.000E+00  0.000E+00  0.000E+00  0.000E+00
        19.9413  0.000E+00  0.278E-03  0.000E+00  0.000E+00 -0.675E+02  0.000E+00  0.000E+00  0.000E+00  0.506E-03  0.000E+00  0.000E+00  0.000E+00  0.000E+00  0.000E+00  0.000E+00  0.000E+00
        20.1313  0.000E+00  0.278E-03  0.000E+00  0.000E+00 -0.675E+02  0.000E+00  0.000E+00  0.000E+00  0.499E-03  0.000E+00  0.000E+00  0.000E+00  0.000E+00  0.000E+00  0.000E+00  0.000E+00
        20.3784  0.000E+00  0.278E-03  0.000E+00  0.000E+00 -0.675E+02  0.000E+00  0.000E+00  0.000E+00  0.491E-03  0.000E+00  0.000E+00  0.000E+00  0.000E+00  0.000E+00  0.000E+00  0.000E+00
        20.6255  0.000E+00  0.278E-03  0.000E+00  0.000E+00 -0.675E+02  0.000E+00  0.000E+00  0.000E+00  0.481E-03  0.000E+00  0.000E+00  0.000E+00  0.000E+00  0.000E+00  0.000E+00  0.000E+00
        20.8725  0.000E+00  0.278E-03  0.000E+00  0.000E+00 -0.675E+02  0.000E+00  0.000E+00  0.000E+00  0.472E-03  0.000E+00  0.000E+00  0.000E+00  0.000E+00  0.000E+00  0.000E+00  0.000E+00
        21.1196  0.000E+00  0.278E-03  0.000E+00  0.000E+00 -0.675E+02  0.000E+00  0.000E+00  0.000E+00  0.463E-03  0.000E+00  0.000E+00  0.000E+00  0.000E+00  0.000E+00  0.000E+00  0.000E+00
        21.3667  0.000E+00  0.278E-03  0.000E+00  0.000E+00 -0.675E+02  0.000E+00  0.000E+00  0.000E+00  0.454E-03  0.000E+00  0.000E+00  0.000E+00  0.000E+00  0.000E+00  0.000E+00  0.000E+00
        21.6137  0.000E+00  0.278E-03  0.000E+00  0.000E+00 -0.675E+02  0.000E+00  0.000E+00  0.000E+00  0.446E-03  0.000E+00  0.000E+00  0.000E+00  0.000E+00  0.000E+00  0.000E+00  0.000E+00
        21.8608  0.000E+00  0.278E-03  0.000E+00  0.000E+00 -0.675E+02  0.000E+00  0.000E+00  0.000E+00  0.437E-03  0.000E+00  0.000E+00  0.000E+00  0.000E+00  0.000E+00  0.000E+00  0.000E+00
        22.1079  0.000E+00  0.278E-03  0.000E+00  0.000E+00 -0.675E+02  0.000E+00  0.000E+00  0.000E+00  0.429E-03  0.000E+00  0.000E+00  0.000E+00  0.000E+00  0.000E+00  0.000E+00  0.000E+00
        22.3549  0.000E+00  0.278E-03  0.000E+00  0.000E+00 -0.675E+02  0.000E+00  0.000E+00  0.000E+00  0.421E-03  0.000E+00  0.000E+00  0.000E+00  0.000E+00  0.000E+00  0.000E+00  0.000E+00
        22.6020  0.000E+00  0.278E-03  0.000E+00  0.000E+00 -0.675E+02  0.000E+00  0.000E+00  0.000E+00  0.413E-03  0.000E+00  0.000E+00  0.000E+00  0.000E+00  0.000E+00  0.000E+00  0.000E+00
        22.8490  0.000E+00  0.278E-03  0.000E+00  0.000E+00 -0.675E+02  0.000E+00  0.000E+00  0.000E+00  0.406E-03  0.000E+00  0.000E+00  0.000E+00  0.000E+00  0.000E+00  0.000E+00  0.000E+00
        23.0961  0.000E+00  0.278E-03  0.000E+00  0.000E+00 -0.675E+02  0.000E+00  0.000E+00  0.000E+00  0.399E-03  0.000E+00  0.000E+00  0.000E+00  0.000E+00  0.000E+00  0.000E+00  0.000E+00
        23.3432  0.000E+00  0.278E-03  0.000E+00  0.000E+00 -0.675E+02  0.000E+00  0.000E+00  0.000E+00  0.391E-03  0.000E+00  0.000E+00  0.000E+00  0.000E+00  0.000E+00  0.000E+00  0.000E+00
        23.5902  0.000E+00  0.278E-03  0.000E+00  0.000E+00 -0.675E+02  0.000E+00  0.000E+00  0.000E+00  0.384E-03  0.000E+00  0.000E+00  0.000E+00  0.000E+00  0.000E+00  0.000E+00  0.000E+00
        23.8373  0.000E+00  0.278E-03  0.000E+00  0.000E+00 -0.675E+02  0.000E+00  0.000E+00  0.000E+00  0.377E-03  0.000E+00  0.000E+00  0.000E+00  0.000E+00  0.000E+00  0.000E+00  0.000E+00
        24.0844  0.000E+00  0.278E-03  0.000E+00  0.000E+00 -0.675E+02  0.000E+00  0.000E+00  0.000E+00  0.371E-03  0.000E+00  0.000E+00  0.000E+00  0.000E+00  0.000E+00  0.000E+00  0.000E+00
        24.3314  0.000E+00  0.278E-03  0.000E+00  0.000E+00 -0.675E+02  0.000E+00  0.000E+00  0.000E+00  0.364E-03  0.000E+00  0.000E+00  0.000E+00  0.000E+00  0.000E+00  0.000E+00  0.000E+00
        24.5785  0.000E+00  0.278E-03  0.000E+00  0.000E+00 -0.675E+02  0.000E+00  0.000E+00  0.000E+00  0.358E-03  0.000E+00  0.000E+00  0.000E+00  0.000E+00  0.000E+00  0.000E+00  0.000E+00
        24.8256  0.000E+00  0.278E-03  0.000E+00  0.000E+00 -0.675E+02  0.000E+00  0.000E+00  0.000E+00  0.351E-03  0.000E+00  0.000E+00  0.000E+00  0.000E+00  0.000E+00  0.000E+00  0.000E+00
        25.0726  0.000E+00  0.278E-03  0.000E+00  0.000E+00 -0.675E+02  0.000E+00  0.000E+00  0.000E+00  0.345E-03  0.000E+00  0.000E+00  0.000E+00  0.000E+00  0.000E+00  0.000E+00  0.000E+00
        25.3197  0.000E+00  0.278E-03  0.000E+00  0.000E+00 -0.675E+02  0.000E+00  0.000E+00  0.000E+00  0.339E-03  0.000E+00  0.000E+00  0.000E+00  0.000E+00  0.000E+00  0.000E+00  0.000E+00
        25.5668  0.000E+00  0.278E-03  0.000E+00  0.000E+00 -0.675E+02  0.000E+00  0.000E+00  0.000E+00  0.334E-03  0.000E+00  0.000E+00  0.000E+00  0.000E+00  0.000E+00  0.000E+00  0.000E+00
        25.8138  0.000E+00  0.278E-03  0.000E+00  0.000E+00 -0.675E+02  0.000E+00  0.000E+00  0.000E+00  0.328E-03  0.000E+00  0.000E+00  0.000E+00  0.000E+00  0.000E+00  0.000E+00  0.000E+00
        26.0609  0.000E+00  0.278E-03  0.000E+00  0.000E+00 -0.675E+02  0.000E+00  0.000E+00  0.000E+00  0.322E-03  0.000E+00  0.000E+00  0.000E+00  0.000E+00  0.000E+00  0.000E+00  0.000E+00
        26.3079  0.000E+00  0.278E-03  0.000E+00  0.000E+00 -0.675E+02  0.000E+00  0.000E+00  0.000E+00  0.317E-03  0.000E+00  0.000E+00  0.000E+00  0.000E+00  0.000E+00  0.000E+00  0.000E+00
        26.5550  0.000E+00  0.278E-03  0.000E+00  0.000E+00 -0.675E+02  0.000E+00  0.000E+00  0.000E+00  0.311E-03  0.000E+00  0.000E+00  0.000E+00  0.000E+00  0.000E+00  0.000E+00  0.000E+00
        26.8021  0.000E+00  0.278E-03  0.000E+00  0.000E+00 -0.675E+02  0.000E+00  0.000E+00  0.000E+00  0.306E-03  0.000E+00  0.000E+00  0.000E+00  0.000E+00  0.000E+00  0.000E+00  0.000E+00
        27.0491  0.000E+00  0.278E-03  0.000E+00  0.000E+00 -0.675E+02  0.000E+00  0.000E+00  0.000E+00  0.301E-03  0.000E+00  0.000E+00  0.000E+00  0.000E+00  0.000E+00  0.000E+00  0.000E+00
        27.2962  0.000E+00  0.278E-03  0.000E+00  0.000E+00 -0.675E+02  0.000E+00  0.000E+00  0.000E+00  0.296E-03  0.000E+00  0.000E+00  0.000E+00  0.000E+00  0.000E+00  0.000E+00  0.000E+00
        27.5433  0.000E+00  0.278E-03  0.000E+00  0.000E+00 -0.675E+02  0.000E+00  0.000E+00  0.000E+00  0.291E-03  0.000E+00  0.000E+00  0.000E+00  0.000E+00  0.000E+00  0.000E+00  0.000E+00
        27.7889  0.000E+00  0.278E-03  0.000E+00  0.000E+00 -0.675E+02  0.000E+00  0.000E+00  0.000E+00  0.286E-03  0.000E+00  0.000E+00  0.000E+00  0.000E+00  0.000E+00  0.000E+00  0.000E+00
        28.0346  0.000E+00  0.278E-03  0.000E+00  0.000E+00 -0.675E+02  0.000E+00  0.000E+00  0.000E+00  0.282E-03  0.000E+00  0.000E+00  0.000E+00  0.000E+00  0.000E+00  0.000E+00  0.000E+00
        28.2803  0.000E+00  0.278E-03  0.000E+00  0.000E+00 -0.675E+02  0.000E+00  0.000E+00  0.000E+00  0.277E-03  0.000E+00  0.000E+00  0.000E+00  0.000E+00  0.000E+00  0.000E+00  0.000E+00
        28.5260  0.000E+00  0.278E-03  0.000E+00  0.000E+00 -0.675E+02  0.000E+00  0.000E+00  0.000E+00  0.273E-03  0.000E+00  0.000E+00  0.000E+00  0.000E+00  0.000E+00  0.000E+00  0.000E+00
        28.7716  0.000E+00  0.278E-03  0.000E+00  0.000E+00 -0.675E+02  0.000E+00  0.000E+00  0.000E+00  0.268E-03  0.000E+00  0.000E+00  0.000E+00  0.000E+00  0.000E+00  0.000E+00  0.000E+00
        29.0173  0.000E+00  0.278E-03  0.000E+00  0.000E+00 -0.675E+02  0.000E+00  0.000E+00  0.000E+00  0.264E-03  0.000E+00  0.000E+00  0.000E+00  0.000E+00  0.000E+00  0.000E+00  0.000E+00
        29.2630  0.000E+00  0.278E-03  0.000E+00  0.000E+00 -0.675E+02  0.000E+00  0.000E+00  0.000E+00  0.260E-03  0.000E+00  0.000E+00  0.000E+00  0.000E+00  0.000E+00  0.000E+00  0.000E+00
        29.5087  0.000E+00  0.278E-03  0.000E+00  0.000E+00 -0.675E+02  0.000E+00  0.000E+00  0.000E+00  0.255E-03  0.000E+00  0.000E+00  0.000E+00  0.000E+00  0.000E+00  0.000E+00  0.000E+00
        29.7543  0.000E+00  0.278E-03  0.000E+00  0.000E+00 -0.675E+02  0.000E+00  0.000E+00  0.000E+00  0.251E-03  0.000E+00  0.000E+00  0.000E+00  0.000E+00  0.000E+00  0.000E+00  0.000E+00
        30.0000  0.000E+00  0.278E-03  0.000E+00  0.000E+00 -0.675E+02  0.000E+00  0.000E+00  0.000E+00  0.247E-03  0.000E+00  0.000E+00  0.000E+00  0.000E+00  0.000E+00  0.000E+00  0.000E+00
        30.2471  0.000E+00  0.278E-03  0.000E+00  0.000E+00 -0.675E+02  0.000E+00  0.000E+00  0.000E+00  0.244E-03  0.000E+00  0.000E+00  0.000E+00  0.000E+00  0.000E+00  0.000E+00  0.000E+00
        30.4941  0.000E+00  0.278E-03  0.000E+00  0.000E+00 -0.675E+02  0.000E+00  0.000E+00  0.000E+00  0.240E-03  0.000E+00  0.000E+00  0.000E+00  0.000E+00  0.000E+00  0.000E+00  0.000E+00
        30.7412  0.000E+00  0.278E-03  0.000E+00  0.000E+00 -0.675E+02  0.000E+00  0.000E+00  0.000E+00  0.236E-03  0.000E+00  0.000E+00  0.000E+00  0.000E+00  0.000E+00  0.000E+00  0.000E+00
        30.9883  0.000E+00  0.278E-03  0.000E+00  0.000E+00 -0.675E+02  0.000E+00  0.000E+00  0.000E+00  0.232E-03  0.000E+00  0.000E+00  0.000E+00  0.000E+00  0.000E+00  0.000E+00  0.000E+00
        31.2353  0.000E+00  0.278E-03  0.000E+00  0.000E+00 -0.675E+02  0.000E+00  0.000E+00  0.000E+00  0.229E-03  0.000E+00  0.000E+00  0.000E+00  0.000E+00  0.000E+00  0.000E+00  0.000E+00
        31.4824  0.000E+00  0.278E-03  0.000E+00  0.000E+00 -0.675E+02  0.000E+00  0.000E+00  0.000E+00  0.225E-03  0.000E+00  0.000E+00  0.000E+00  0.000E+00  0.000E+00  0.000E+00  0.000E+00
        31.7295  0.000E+00  0.278E-03  0.000E+00  0.000E+00 -0.675E+02  0.000E+00  0.000E+00  0.000E+00  0.221E-03  0.000E+00  0.000E+00  0.000E+00  0.000E+00  0.000E+00  0.000E+00  0.000E+00
        31.9765  0.000E+00  0.278E-03  0.000E+00  0.000E+00 -0.675E+02  0.000E+00  0.000E+00  0.000E+00  0.218E-03  0.000E+00  0.000E+00  0.000E+00  0.000E+00  0.000E+00  0.000E+00  0.000E+00
        32.2236  0.000E+00  0.278E-03  0.000E+00  0.000E+00 -0.675E+02  0.000E+00  0.000E+00  0.000E+00  0.215E-03  0.000E+00  0.000E+00  0.000E+00  0.000E+00  0.000E+00  0.000E+00  0.000E+00
        32.4706  0.000E+00  0.278E-03  0.000E+00  0.000E+00 -0.675E+02  0.000E+00  0.000E+00  0.000E+00  0.211E-03  0.000E+00  0.000E+00  0.000E+00  0.000E+00  0.000E+00  0.000E+00  0.000E+00
        32.7177  0.000E+00  0.278E-03  0.000E+00  0.000E+00 -0.675E+02  0.000E+00  0.000E+00  0.000E+00  0.208E-03  0.000E+00  0.000E+00  0.000E+00  0.000E+00  0.000E+00  0.000E+00  0.000E+00
        32.9648  0.000E+00  0.278E-03  0.000E+00  0.000E+00 -0.675E+02  0.000E+00  0.000E+00  0.000E+00  0.205E-03  0.000E+00  0.000E+00  0.000E+00  0.000E+00  0.000E+00  0.000E+00  0.000E+00
        33.2860  0.000E+00  0.278E-03  0.000E+00  0.000E+00 -0.675E+02  0.000E+00  0.000E+00  0.000E+00  0.202E-03  0.000E+00  0.000E+00  0.000E+00  0.000E+00  0.000E+00  0.000E+00  0.000E+00
        33.6071  0.000E+00  0.278E-03  0.000E+00  0.000E+00 -0.675E+02  0.000E+00  0.000E+00  0.000E+00  0.198E-03  0.000E+00  0.000E+00  0.000E+00  0.000E+00  0.000E+00  0.000E+00  0.000E+00
        33.9283  0.000E+00  0.278E-03  0.000E+00  0.000E+00 -0.675E+02  0.000E+00  0.000E+00  0.000E+00  0.194E-03  0.000E+00  0.000E+00  0.000E+00  0.000E+00  0.000E+00  0.000E+00  0.000E+00
        34.2495  0.000E+00  0.278E-03  0.000E+00  0.000E+00 -0.675E+02  0.000E+00  0.000E+00  0.000E+00  0.190E-03  0.000E+00  0.000E+00  0.000E+00  0.000E+00  0.000E+00  0.000E+00  0.000E+00
        34.5707  0.000E+00  0.278E-03  0.000E+00  0.000E+00 -0.675E+02  0.000E+00  0.000E+00  0.000E+00  0.186E-03  0.000E+00  0.000E+00  0.000E+00  0.000E+00  0.000E+00  0.000E+00  0.000E+00
        34.8919  0.000E+00  0.278E-03  0.000E+00  0.000E+00 -0.675E+02  0.000E+00  0.000E+00  0.000E+00  0.183E-03  0.000E+00  0.000E+00  0.000E+00  0.000E+00  0.000E+00  0.000E+00  0.000E+00
        35.2131  0.000E+00  0.278E-03  0.000E+00  0.000E+00 -0.675E+02  0.000E+00  0.000E+00  0.000E+00  0.179E-03  0.000E+00  0.000E+00  0.000E+00  0.000E+00  0.000E+00  0.000E+00  0.000E+00
        35.5342  0.000E+00  0.278E-03  0.000E+00  0.000E+00 -0.675E+02  0.000E+00  0.000E+00  0.000E+00  0.176E-03  0.000E+00  0.000E+00  0.000E+00  0.000E+00  0.000E+00  0.000E+00  0.000E+00
        35.8554  0.000E+00  0.278E-03  0.000E+00  0.000E+00 -0.675E+02  0.000E+00  0.000E+00  0.000E+00  0.172E-03  0.000E+00  0.000E+00  0.000E+00  0.000E+00  0.000E+00  0.000E+00  0.000E+00
        36.1766  0.000E+00  0.278E-03  0.000E+00  0.000E+00 -0.675E+02  0.000E+00  0.000E+00  0.000E+00  0.169E-03  0.000E+00  0.000E+00  0.000E+00  0.000E+00  0.000E+00  0.000E+00  0.000E+00
        36.4978  0.000E+00  0.278E-03  0.000E+00  0.000E+00 -0.675E+02  0.000E+00  0.000E+00  0.000E+00  0.166E-03  0.000E+00  0.000E+00  0.000E+00  0.000E+00  0.000E+00  0.000E+00  0.000E+00
        36.8190  0.000E+00  0.278E-03  0.000E+00  0.000E+00 -0.675E+02  0.000E+00  0.000E+00  0.000E+00  0.163E-03  0.000E+00  0.000E+00  0.000E+00  0.000E+00  0.000E+00  0.000E+00  0.000E+00
        37.1402  0.000E+00  0.278E-03  0.000E+00  0.000E+00 -0.675E+02  0.000E+00  0.000E+00  0.000E+00  0.160E-03  0.000E+00  0.000E+00  0.000E+00  0.000E+00  0.000E+00  0.000E+00  0.000E+00
        37.4613  0.000E+00  0.278E-03  0.000E+00  0.000E+00 -0.675E+02  0.000E+00  0.000E+00  0.000E+00  0.157E-03  0.000E+00  0.000E+00  0.000E+00  0.000E+00  0.000E+00  0.000E+00  0.000E+00
        37.7825  0.000E+00  0.278E-03  0.000E+00  0.000E+00 -0.675E+02  0.000E+00  0.000E+00  0.000E+00  0.154E-03  0.000E+00  0.000E+00  0.000E+00  0.000E+00  0.000E+00  0.000E+00  0.000E+00
        38.1037  0.000E+00  0.278E-03  0.000E+00  0.000E+00 -0.675E+02  0.000E+00  0.000E+00  0.000E+00  0.151E-03  0.000E+00  0.000E+00  0.000E+00  0.000E+00  0.000E+00  0.000E+00  0.000E+00
        38.4249  0.000E+00  0.278E-03  0.000E+00  0.000E+00 -0.675E+02  0.000E+00  0.000E+00  0.000E+00  0.148E-03  0.000E+00  0.000E+00  0.000E+00  0.000E+00  0.000E+00  0.000E+00  0.000E+00
        38.7461  0.000E+00  0.278E-03  0.000E+00  0.000E+00 -0.675E+02  0.000E+00  0.000E+00  0.000E+00  0.145E-03  0.000E+00  0.000E+00  0.000E+00  0.000E+00  0.000E+00  0.000E+00  0.000E+00
        39.0673  0.000E+00  0.278E-03  0.000E+00  0.000E+00 -0.675E+02  0.000E+00  0.000E+00  0.000E+00  0.142E-03  0.000E+00  0.000E+00  0.000E+00  0.000E+00  0.000E+00  0.000E+00  0.000E+00
        39.3884  0.000E+00  0.278E-03  0.000E+00  0.000E+00 -0.675E+02  0.000E+00  0.000E+00  0.000E+00  0.140E-03  0.000E+00  0.000E+00  0.000E+00  0.000E+00  0.000E+00  0.000E+00  0.000E+00
        39.7096  0.000E+00  0.278E-03  0.000E+00  0.000E+00 -0.675E+02  0.000E+00  0.000E+00  0.000E+00  0.137E-03  0.000E+00  0.000E+00  0.000E+00  0.000E+00  0.000E+00  0.000E+00  0.000E+00
        40.0308  0.000E+00  0.278E-03  0.000E+00  0.000E+00 -0.675E+02  0.000E+00  0.000E+00  0.000E+00  0.134E-03  0.000E+00  0.000E+00  0.000E+00  0.000E+00  0.000E+00  0.000E+00  0.000E+00
        40.3520  0.000E+00  0.278E-03  0.000E+00  0.000E+00 -0.675E+02  0.000E+00  0.000E+00  0.000E+00  0.132E-03  0.000E+00  0.000E+00  0.000E+00  0.000E+00  0.000E+00  0.000E+00  0.000E+00
        40.6732  0.000E+00  0.278E-03  0.000E+00  0.000E+00 -0.675E+02  0.000E+00  0.000E+00  0.000E+00  0.129E-03  0.000E+00  0.000E+00  0.000E+00  0.000E+00  0.000E+00  0.000E+00  0.000E+00
        40.9944  0.000E+00  0.278E-03  0.000E+00  0.000E+00 -0.675E+02  0.000E+00  0.000E+00  0.000E+00  0.127E-03  0.000E+00  0.000E+00  0.000E+00  0.000E+00  0.000E+00  0.000E+00  0.000E+00
        41.3155  0.000E+00  0.278E-03  0.000E+00  0.000E+00 -0.675E+02  0.000E+00  0.000E+00  0.000E+00  0.125E-03  0.000E+00  0.000E+00  0.000E+00  0.000E+00  0.000E+00  0.000E+00  0.000E+00
        41.6367  0.000E+00  0.278E-03  0.000E+00  0.000E+00 -0.675E+02  0.000E+00  0.000E+00  0.000E+00  0.122E-03  0.000E+00  0.000E+00  0.000E+00  0.000E+00  0.000E+00  0.000E+00  0.000E+00
        41.9579  0.000E+00  0.278E-03  0.000E+00  0.000E+00 -0.675E+02  0.000E+00  0.000E+00  0.000E+00  0.120E-03  0.000E+00  0.000E+00  0.000E+00  0.000E+00  0.000E+00  0.000E+00  0.000E+00
        42.2791  0.000E+00  0.278E-03  0.000E+00  0.000E+00 -0.675E+02  0.000E+00  0.000E+00  0.000E+00  0.118E-03  0.000E+00  0.000E+00  0.000E+00  0.000E+00  0.000E+00  0.000E+00  0.000E+00
        42.6003  0.000E+00  0.278E-03  0.000E+00  0.000E+00 -0.675E+02  0.000E+00  0.000E+00  0.000E+00  0.116E-03  0.000E+00  0.000E+00  0.000E+00  0.000E+00  0.000E+00  0.000E+00  0.000E+00
        42.9215  0.000E+00  0.278E-03  0.000E+00  0.000E+00 -0.675E+02  0.000E+00  0.000E+00  0.000E+00  0.114E-03  0.000E+00  0.000E+00  0.000E+00  0.000E+00  0.000E+00  0.000E+00  0.000E+00
        43.2426  0.000E+00  0.278E-03  0.000E+00  0.000E+00 -0.675E+02  0.000E+00  0.000E+00  0.000E+00  0.112E-03  0.000E+00  0.000E+00  0.000E+00  0.000E+00  0.000E+00  0.000E+00  0.000E+00
        43.5638  0.000E+00  0.278E-03  0.000E+00  0.000E+00 -0.675E+02  0.000E+00  0.000E+00  0.000E+00  0.110E-03  0.000E+00  0.000E+00  0.000E+00  0.000E+00  0.000E+00  0.000E+00  0.000E+00
        43.8850  0.000E+00  0.278E-03  0.000E+00  0.000E+00 -0.675E+02  0.000E+00  0.000E+00  0.000E+00  0.108E-03  0.000E+00  0.000E+00  0.000E+00  0.000E+00  0.000E+00  0.000E+00  0.000E+00
        44.2062  0.000E+00  0.278E-03  0.000E+00  0.000E+00 -0.675E+02  0.000E+00  0.000E+00  0.000E+00  0.106E-03  0.000E+00  0.000E+00  0.000E+00  0.000E+00  0.000E+00  0.000E+00  0.000E+00
        44.5274  0.000E+00  0.278E-03  0.000E+00  0.000E+00 -0.675E+02  0.000E+00  0.000E+00  0.000E+00  0.104E-03  0.000E+00  0.000E+00  0.000E+00  0.000E+00  0.000E+00  0.000E+00  0.000E+00
        44.8486  0.000E+00  0.278E-03  0.000E+00  0.000E+00 -0.675E+02  0.000E+00  0.000E+00  0.000E+00  0.102E-03  0.000E+00  0.000E+00  0.000E+00  0.000E+00  0.000E+00  0.000E+00  0.000E+00
        45.1698  0.000E+00  0.278E-03  0.000E+00  0.000E+00 -0.675E+02  0.000E+00  0.000E+00  0.000E+00  0.100E-03  0.000E+00  0.000E+00  0.000E+00  0.000E+00  0.000E+00  0.000E+00  0.000E+00
        45.4909  0.000E+00  0.278E-03  0.000E+00  0.000E+00 -0.675E+02  0.000E+00  0.000E+00  0.000E+00  0.992E-04  0.000E+00  0.000E+00  0.000E+00  0.000E+00  0.000E+00  0.000E+00  0.000E+00
        45.8121  0.000E+00  0.278E-03  0.000E+00  0.000E+00 -0.675E+02  0.000E+00  0.000E+00  0.000E+00  0.982E-04  0.000E+00  0.000E+00  0.000E+00  0.000E+00  0.000E+00  0.000E+00  0.000E+00
        46.1333  0.000E+00  0.278E-03  0.000E+00  0.000E+00 -0.675E+02  0.000E+00  0.000E+00  0.000E+00  0.977E-04  0.000E+00  0.000E+00  0.000E+00  0.000E+00  0.000E+00  0.000E+00  0.000E+00
        46.4545  0.000E+00  0.278E-03  0.000E+00  0.000E+00 -0.675E+02  0.000E+00  0.000E+00  0.000E+00  0.980E-04  0.000E+00  0.000E+00  0.000E+00  0.000E+00  0.000E+00  0.000E+00  0.000E+00
        46.7757  0.000E+00  0.278E-03  0.000E+00  0.000E+00 -0.675E+02  0.000E+00  0.000E+00  0.000E+00  0.996E-04  0.000E+00  0.000E+00  0.000E+00  0.000E+00  0.000E+00  0.000E+00  0.000E+00
        47.0969  0.000E+00  0.278E-03  0.000E+00  0.000E+00 -0.675E+02  0.000E+00  0.000E+00  0.000E+00  0.103E-03  0.000E+00  0.000E+00  0.000E+00  0.000E+00  0.000E+00  0.000E+00  0.000E+00
        47.4180  0.000E+00  0.278E-03  0.000E+00  0.000E+00 -0.675E+02  0.000E+00  0.000E+00  0.000E+00  0.111E-03  0.000E+00  0.000E+00  0.000E+00  0.000E+00  0.000E+00  0.000E+00  0.000E+00
        47.7392  0.000E+00  0.278E-03  0.000E+00  0.000E+00 -0.675E+02  0.000E+00  0.000E+00  0.000E+00  0.127E-03  0.000E+00  0.000E+00  0.000E+00  0.000E+00  0.000E+00  0.000E+00  0.000E+00
        48.0604  0.000E+00  0.278E-03  0.000E+00  0.000E+00 -0.675E+02  0.000E+00  0.000E+00  0.000E+00  0.159E-03  0.000E+00  0.000E+00  0.000E+00  0.000E+00  0.000E+00  0.000E+00  0.000E+00
        48.4779  0.000E+00  0.278E-03  0.000E+00  0.000E+00 -0.675E+02  0.000E+00  0.000E+00  0.000E+00  0.215E-03  0.000E+00  0.000E+00  0.000E+00  0.000E+00  0.000E+00  0.000E+00  0.000E+00
        48.8955  0.000E+00  0.278E-03  0.000E+00  0.000E+00 -0.675E+02  0.000E+00  0.000E+00  0.000E+00  0.410E-03  0.000E+00  0.000E+00  0.000E+00  0.000E+00  0.000E+00  0.000E+00  0.000E+00
        49.3130  0.000E+00  0.278E-03  0.000E+00  0.000E+00 -0.675E+02  0.000E+00  0.000E+00  0.000E+00  0.907E-03  0.000E+00  0.000E+00  0.000E+00  0.000E+00  0.000E+00  0.000E+00  0.000E+00
        49.7306  0.000E+00  0.278E-03  0.000E+00  0.000E+00 -0.675E+02  0.000E+00  0.000E+00  0.000E+00  0.217E-02  0.000E+00  0.000E+00  0.000E+00  0.000E+00  0.000E+00  0.000E+00  0.000E+00
        50.1481  0.000E+00  0.278E-03  0.000E+00  0.000E+00 -0.675E+02  0.000E+00  0.000E+00  0.000E+00  0.531E-02  0.000E+00  0.000E+00  0.000E+00  0.000E+00  0.000E+00  0.000E+00  0.000E+00
        50.5656  0.000E+00  0.278E-03  0.000E+00  0.000E+00 -0.675E+02  0.000E+00  0.000E+00  0.000E+00  0.128E-01  0.000E+00  0.000E+00  0.000E+00  0.000E+00  0.000E+00  0.000E+00  0.000E+00
        50.9832  0.000E+00  0.278E-03  0.000E+00  0.000E+00 -0.675E+02  0.000E+00  0.000E+00  0.000E+00  0.298E-01  0.000E+00  0.000E+00  0.000E+00  0.000E+00  0.000E+00  0.000E+00  0.000E+00
        51.4007  0.000E+00  0.278E-03  0.000E+00  0.000E+00 -0.675E+02  0.000E+00  0.000E+00  0.000E+00  0.659E-01  0.000E+00  0.000E+00  0.000E+00  0.000E+00  0.000E+00  0.000E+00  0.000E+00
        51.8183  0.000E+00  0.278E-03  0.000E+00  0.000E+00 -0.675E+02  0.000E+00  0.000E+00  0.000E+00  0.137E+00  0.000E+00  0.000E+00  0.000E+00  0.000E+00  0.000E+00  0.000E+00  0.000E+00
        52.2358  0.000E+00  0.278E-03  0.000E+00  0.000E+00 -0.675E+02  0.000E+00  0.000E+00  0.000E+00  0.267E+00  0.000E+00  0.000E+00  0.000E+00  0.000E+00  0.000E+00  0.000E+00  0.000E+00
        52.6533  0.000E+00  0.278E-03  0.000E+00  0.000E+00 -0.675E+02  0.000E+00  0.000E+00  0.000E+00  0.479E+00  0.000E+00  0.000E+00  0.000E+00  0.000E+00  0.000E+00  0.000E+00  0.000E+00
        53.0709  0.000E+00  0.278E-03  0.000E+00  0.000E+00 -0.675E+02  0.000E+00  0.000E+00  0.000E+00  0.794E+00  0.000E+00  0.000E+00  0.000E+00  0.000E+00  0.000E+00  0.000E+00  0.000E+00
        53.4884  0.000E+00  0.278E-03  0.000E+00  0.000E+00 -0.675E+02  0.000E+00  0.000E+00  0.000E+00  0.121E+01  0.000E+00  0.000E+00  0.000E+00  0.000E+00  0.000E+00  0.000E+00  0.000E+00
        53.9059  0.000E+00  0.278E-03  0.000E+00  0.000E+00 -0.675E+02  0.000E+00  0.000E+00  0.000E+00  0.173E+01  0.000E+00  0.000E+00  0.000E+00  0.000E+00  0.000E+00  0.000E+00  0.000E+00
        54.3235  0.000E+00  0.278E-03  0.000E+00  0.000E+00 -0.675E+02  0.000E+00  0.000E+00  0.000E+00  0.233E+01  0.000E+00  0.000E+00  0.000E+00  0.000E+00  0.000E+00  0.000E+00  0.000E+00
        54.7410  0.000E+00  0.278E-03  0.000E+00  0.000E+00 -0.675E+02  0.000E+00  0.000E+00  0.000E+00  0.299E+01  0.000E+00  0.000E+00  0.000E+00  0.000E+00  0.000E+00  0.000E+00  0.000E+00
        55.2669  0.000E+00  0.278E-03  0.000E+00  0.000E+00 -0.675E+02  0.000E+00  0.000E+00  0.000E+00  0.367E+01  0.000E+00  0.000E+00  0.000E+00  0.000E+00  0.000E+00  0.000E+00  0.000E+00
        55.7928  0.000E+00  0.278E-03  0.000E+00  0.000E+00 -0.675E+02  0.000E+00  0.000E+00  0.000E+00  0.468E+01  0.000E+00  0.000E+00  0.000E+00  0.000E+00  0.000E+00  0.000E+00  0.000E+00
        56.4940  0.000E+00  0.278E-03  0.000E+00  0.000E+00 -0.675E+02  0.000E+00  0.000E+00  0.000E+00  0.561E+01  0.000E+00  0.000E+00  0.000E+00  0.000E+00  0.000E+00  0.000E+00  0.000E+00
        57.1952  0.000E+00  0.278E-03  0.000E+00  0.000E+00 -0.675E+02  0.000E+00  0.000E+00  0.000E+00  0.705E+01  0.000E+00  0.000E+00  0.000E+00  0.000E+00  0.000E+00  0.000E+00  0.000E+00
        58.1301  0.000E+00  0.278E-03  0.000E+00  0.000E+00 -0.675E+02  0.000E+00  0.000E+00  0.000E+00  0.828E+01  0.000E+00  0.000E+00  0.000E+00  0.000E+00  0.000E+00  0.000E+00  0.000E+00
        59.0651  0.000E+00  0.278E-03  0.000E+00  0.000E+00 -0.675E+02  0.000E+00  0.000E+00  0.000E+00  0.102E+02  0.000E+00  0.000E+00  0.000E+00  0.000E+00  0.000E+00  0.000E+00  0.000E+00
        60.0000  0.000E+00  0.278E-03  0.000E+00  0.000E+00 -0.675E+02  0.000E+00  0.000E+00  0.000E+00  0.117E+02  0.000E+00  0.000E+00  0.000E+00  0.000E+00  0.000E+00  0.000E+00  0.000E+00
        60.0010  0.000E+00  0.278E-03  0.000E+00  0.000E+00  0.000E+00  0.000E+00  0.000E+00  0.000E+00  0.131E+02  0.000E+00  0.000E+00  0.000E+00  0.000E+00  0.000E+00  0.000E+00  0.000E+00
        60.0023  0.000E+00  0.278E-03  0.000E+00  0.000E+00  0.000E+00  0.000E+00  0.000E+00  0.000E+00  0.131E+02  0.000E+00  0.000E+00  0.000E+00  0.000E+00  0.000E+00  0.000E+00  0.000E+00
        60.0040  0.000E+00  0.278E-03  0.000E+00  0.000E+00  0.000E+00  0.000E+00  0.000E+00  0.000E+00  0.131E+02  0.000E+00  0.000E+00  0.000E+00  0.000E+00  0.000E+00  0.000E+00  0.000E+00
        60.0062  0.000E+00  0.278E-03  0.000E+00  0.000E+00  0.000E+00  0.000E+00  0.000E+00  0.000E+00  0.131E+02  0.000E+00  0.000E+00  0.000E+00  0.000E+00  0.000E+00  0.000E+00  0.000E+00
        60.0090  0.000E+00  0.278E-03  0.000E+00  0.000E+00  0.000E+00  0.000E+00  0.000E+00  0.000E+00  0.131E+02  0.000E+00  0.000E+00  0.000E+00  0.000E+00  0.000E+00  0.000E+00  0.000E+00
        60.0128  0.000E+00  0.278E-03  0.000E+00  0.000E+00  0.000E+00  0.000E+00  0.000E+00  0.000E+00  0.130E+02  0.000E+00  0.000E+00  0.000E+00  0.000E+00  0.000E+00  0.000E+00  0.000E+00
        60.0176  0.000E+00  0.278E-03  0.000E+00  0.000E+00  0.000E+00  0.000E+00  0.000E+00  0.000E+00  0.130E+02  0.000E+00  0.000E+00  0.000E+00  0.000E+00  0.000E+00  0.000E+00  0.000E+00
        60.0239  0.000E+00  0.278E-03  0.000E+00  0.000E+00  0.000E+00  0.000E+00  0.000E+00  0.000E+00  0.130E+02  0.000E+00  0.000E+00  0.000E+00  0.000E+00  0.000E+00  0.000E+00  0.000E+00
        60.0320  0.000E+00  0.278E-03  0.000E+00  0.000E+00  0.000E+00  0.000E+00  0.000E+00  0.000E+00  0.130E+02  0.000E+00  0.000E+00  0.000E+00  0.000E+00  0.000E+00  0.000E+00  0.000E+00
        60.0426  0.000E+00  0.278E-03  0.000E+00  0.000E+00  0.000E+00  0.000E+00  0.000E+00  0.000E+00  0.129E+02  0.000E+00  0.000E+00  0.000E+00  0.000E+00  0.000E+00  0.000E+00  0.000E+00
        60.0564  0.000E+00  0.278E-03  0.000E+00  0.000E+00  0.000E+00  0.000E+00  0.000E+00  0.000E+00  0.129E+02  0.000E+00  0.000E+00  0.000E+00  0.000E+00  0.000E+00  0.000E+00  0.000E+00
        60.0743  0.000E+00  0.278E-03  0.000E+00  0.000E+00  0.000E+00  0.000E+00  0.000E+00  0.000E+00  0.129E+02  0.000E+00  0.000E+00  0.000E+00  0.000E+00  0.000E+00  0.000E+00  0.000E+00
        60.0976  0.000E+00  0.278E-03  0.000E+00  0.000E+00  0.000E+00  0.000E+00  0.000E+00  0.000E+00  0.129E+02  0.000E+00  0.000E+00  0.000E+00  0.000E+00  0.000E+00  0.000E+00  0.000E+00
        60.1279  0.000E+00  0.278E-03  0.000E+00  0.000E+00  0.000E+00  0.000E+00  0.000E+00  0.000E+00  0.129E+02  0.000E+00  0.000E+00  0.000E+00  0.000E+00  0.000E+00  0.000E+00  0.000E+00
        60.1673  0.000E+00  0.278E-03  0.000E+00  0.000E+00  0.000E+00  0.000E+00  0.000E+00  0.000E+00  0.129E+02  0.000E+00  0.000E+00  0.000E+00  0.000E+00  0.000E+00  0.000E+00  0.000E+00
        60.2185  0.000E+00  0.278E-03  0.000E+00  0.000E+00  0.000E+00  0.000E+00  0.000E+00  0.000E+00  0.130E+02  0.000E+00  0.000E+00  0.000E+00  0.000E+00  0.000E+00  0.000E+00  0.000E+00
        60.2850  0.000E+00  0.278E-03  0.000E+00  0.000E+00  0.000E+00  0.000E+00  0.000E+00  0.000E+00  0.130E+02  0.000E+00  0.000E+00  0.000E+00  0.000E+00  0.000E+00  0.000E+00  0.000E+00
        60.3715  0.000E+00  0.278E-03  0.000E+00  0.000E+00  0.000E+00  0.000E+00  0.000E+00  0.000E+00  0.131E+02  0.000E+00  0.000E+00  0.000E+00  0.000E+00  0.000E+00  0.000E+00  0.000E+00
        60.4840  0.000E+00  0.278E-03  0.000E+00  0.000E+00  0.000E+00  0.000E+00  0.000E+00  0.000E+00  0.132E+02  0.000E+00  0.000E+00  0.000E+00  0.000E+00  0.000E+00  0.000E+00  0.000E+00
        60.6302  0.000E+00  0.278E-03  0.000E+00  0.000E+00  0.000E+00  0.000E+00  0.000E+00  0.000E+00  0.133E+02  0.000E+00  0.000E+00  0.000E+00  0.000E+00  0.000E+00  0.000E+00  0.000E+00
        60.8202  0.000E+00  0.278E-03  0.000E+00  0.000E+00  0.000E+00  0.000E+00  0.000E+00  0.000E+00  0.135E+02  0.000E+00  0.000E+00  0.000E+00  0.000E+00  0.000E+00  0.000E+00  0.000E+00
        61.0673  0.000E+00  0.278E-03  0.000E+00  0.000E+00  0.000E+00  0.000E+00  0.000E+00  0.000E+00  0.138E+02  0.000E+00  0.000E+00  0.000E+00  0.000E+00  0.000E+00  0.000E+00  0.000E+00
        61.3885  0.000E+00  0.278E-03  0.000E+00  0.000E+00  0.000E+00  0.000E+00  0.000E+00  0.000E+00  0.141E+02  0.000E+00  0.000E+00  0.000E+00  0.000E+00  0.000E+00  0.000E+00  0.000E+00
        61.8060  0.000E+00  0.278E-03  0.000E+00  0.000E+00  0.000E+00  0.000E+00  0.000E+00  0.000E+00  0.143E+02  0.000E+00  0.000E+00  0.000E+00  0.000E+00  0.000E+00  0.000E+00  0.000E+00
        62.3488  0.000E+00  0.278E-03  0.000E+00  0.000E+00  0.000E+00  0.000E+00  0.000E+00  0.000E+00  0.142E+02  0.000E+00  0.000E+00  0.000E+00  0.000E+00  0.000E+00  0.000E+00  0.000E+00
        62.8916  0.000E+00  0.278E-03  0.000E+00  0.000E+00  0.000E+00  0.000E+00  0.000E+00  0.000E+00  0.135E+02  0.000E+00  0.000E+00  0.000E+00  0.000E+00  0.000E+00  0.000E+00  0.000E+00
        63.5972  0.000E+00  0.278E-03  0.000E+00  0.000E+00  0.000E+00  0.000E+00  0.000E+00  0.000E+00  0.129E+02  0.000E+00  0.000E+00  0.000E+00  0.000E+00  0.000E+00  0.000E+00  0.000E+00
        64.3029  0.000E+00  0.278E-03  0.000E+00  0.000E+00  0.000E+00  0.000E+00  0.000E+00  0.000E+00  0.116E+02  0.000E+00  0.000E+00  0.000E+00  0.000E+00  0.000E+00  0.000E+00  0.000E+00
        65.2202  0.000E+00  0.278E-03  0.000E+00  0.000E+00  0.000E+00  0.000E+00  0.000E+00  0.000E+00  0.106E+02  0.000E+00  0.000E+00  0.000E+00  0.000E+00  0.000E+00  0.000E+00  0.000E+00
        66.1375  0.000E+00  0.278E-03  0.000E+00  0.000E+00  0.000E+00  0.000E+00  0.000E+00  0.000E+00  0.910E+01  0.000E+00  0.000E+00  0.000E+00  0.000E+00  0.000E+00  0.000E+00  0.000E+00
        67.3301  0.000E+00  0.278E-03  0.000E+00  0.000E+00  0.000E+00  0.000E+00  0.000E+00  0.000E+00  0.806E+01  0.000E+00  0.000E+00  0.000E+00  0.000E+00  0.000E+00  0.000E+00  0.000E+00
        68.5226  0.000E+00  0.278E-03  0.000E+00  0.000E+00  0.000E+00  0.000E+00  0.000E+00  0.000E+00  0.664E+01  0.000E+00  0.000E+00  0.000E+00  0.000E+00  0.000E+00  0.000E+00  0.000E+00
        70.0729  0.000E+00  0.278E-03  0.000E+00  0.000E+00  0.000E+00  0.000E+00  0.000E+00  0.000E+00  0.571E+01  0.000E+00  0.000E+00  0.000E+00  0.000E+00  0.000E+00  0.000E+00  0.000E+00
        71.6232  0.000E+00  0.278E-03  0.000E+00  0.000E+00  0.000E+00  0.000E+00  0.000E+00  0.000E+00  0.451E+01  0.000E+00  0.000E+00  0.000E+00  0.000E+00  0.000E+00  0.000E+00  0.000E+00
        73.6386  0.000E+00  0.278E-03  0.000E+00  0.000E+00  0.000E+00  0.000E+00  0.000E+00  0.000E+00  0.376E+01  0.000E+00  0.000E+00  0.000E+00  0.000E+00  0.000E+00  0.000E+00  0.000E+00
        75.6540  0.000E+00  0.278E-03  0.000E+00  0.000E+00  0.000E+00  0.000E+00  0.000E+00  0.000E+00  0.284E+01  0.000E+00  0.000E+00  0.000E+00  0.000E+00  0.000E+00  0.000E+00  0.000E+00
        77.6693  0.000E+00  0.278E-03  0.000E+00  0.000E+00  0.000E+00  0.000E+00  0.000E+00  0.000E+00  0.228E+01  0.000E+00  0.000E+00  0.000E+00  0.000E+00  0.000E+00  0.000E+00  0.000E+00
        80.2893  0.000E+00  0.278E-03  0.000E+00  0.000E+00  0.000E+00  0.000E+00  0.000E+00  0.000E+00  0.185E+01  0.000E+00  0.000E+00  0.000E+00  0.000E+00  0.000E+00  0.000E+00  0.000E+00
        82.9093  0.000E+00  0.278E-03  0.000E+00  0.000E+00  0.000E+00  0.000E+00  0.000E+00  0.000E+00  0.134E+01  0.000E+00  0.000E+00  0.000E+00  0.000E+00  0.000E+00  0.000E+00  0.000E+00
        85.5293  0.000E+00  0.278E-03  0.000E+00  0.000E+00  0.000E+00  0.000E+00  0.000E+00  0.000E+00  0.105E+01  0.000E+00  0.000E+00  0.000E+00  0.000E+00  0.000E+00  0.000E+00  0.000E+00
        88.9764  0.000E+00  0.278E-03  0.000E+00  0.000E+00  0.000E+00  0.000E+00  0.000E+00  0.000E+00  0.826E+00  0.000E+00  0.000E+00  0.000E+00  0.000E+00  0.000E+00  0.000E+00  0.000E+00
        92.4234  0.000E+00  0.278E-03  0.000E+00  0.000E+00  0.000E+00  0.000E+00  0.000E+00  0.000E+00  0.583E+00  0.000E+00  0.000E+00  0.000E+00  0.000E+00  0.000E+00  0.000E+00  0.000E+00
        97.0195  0.000E+00  0.278E-03  0.000E+00  0.000E+00  0.000E+00  0.000E+00  0.000E+00  0.000E+00  0.442E+00  0.000E+00  0.000E+00  0.000E+00  0.000E+00  0.000E+00  0.000E+00  0.000E+00
       101.6156  0.000E+00  0.278E-03  0.000E+00  0.000E+00  0.000E+00  0.000E+00  0.000E+00  0.000E+00  0.299E+00  0.000E+00  0.000E+00  0.000E+00  0.000E+00  0.000E+00  0.000E+00  0.000E+00
       106.2117  0.000E+00  0.278E-03  0.000E+00  0.000E+00  0.000E+00  0.000E+00  0.000E+00  0.000E+00  0.217E+00  0.000E+00  0.000E+00  0.000E+00  0.000E+00  0.000E+00  0.000E+00  0.000E+00
       110.8078  0.000E+00  0.278E-03  0.000E+00  0.000E+00  0.000E+00  0.000E+00  0.000E+00  0.000E+00  0.161E+00  0.000E+00  0.000E+00  0.000E+00  0.000E+00  0.000E+00  0.000E+00  0.000E+00
       115.4039  0.000E+00  0.278E-03  0.000E+00  0.000E+00  0.000E+00  0.000E+00  0.000E+00  0.000E+00  0.123E+00  0.000E+00  0.000E+00  0.000E+00  0.000E+00  0.000E+00  0.000E+00  0.000E+00
       120.0000  0.000E+00  0.278E-03  0.000E+00  0.000E+00  0.000E+00  0.000E+00  0.000E+00  0.000E+00  0.954E-01  0.000E+00  0.000E+00  0.000E+00  0.000E+00  0.000E+00  0.000E+00  0.000E+00
       127.5000  0.000E+00  0.278E-03  0.000E+00  0.000E+00  0.000E+00  0.000E+00  0.000E+00  0.000E+00  0.755E-01  0.000E+00  0.000E+00  0.000E+00  0.000E+00  0.000E+00  0.000E+00  0.000E+00
       135.0000  0.000E+00  0.278E-03  0.000E+00  0.000E+00  0.000E+00  0.000E+00  0.000E+00  0.000E+00  0.526E-01  0.000E+00  0.000E+00  0.000E+00  0.000E+00  0.000E+00  0.000E+00  0.000E+00
       142.5000  0.000E+00  0.278E-03  0.000E+00  0.000E+00  0.000E+00  0.000E+00  0.000E+00  0.000E+00  0.393E-01  0.000E+00  0.000E+00  0.000E+00  0.000E+00  0.000E+00  0.000E+00  0.000E+00
       150.0000  0.000E+00  0.278E-03  0.000E+00  0.000E+00  0.000E+00  0.000E+00  0.000E+00  0.000E+00  0.305E-01  0.000E+00  0.000E+00  0.000E+00  0.000E+00  0.000E+00  0.000E+00  0.000E+00
       157.5000  0.000E+00  0.278E-03  0.000E+00  0.000E+00  0.000E+00  0.000E+00  0.000E+00  0.000E+00  0.243E-01  0.000E+00  0.000E+00  0.000E+00  0.000E+00  0.000E+00  0.000E+00  0.000E+00
       168.7500  0.000E+00  0.278E-03  0.000E+00  0.000E+00  0.000E+00  0.000E+00  0.000E+00  0.000E+00  0.200E-01  0.000E+00  0.000E+00  0.000E+00  0.000E+00  0.000E+00  0.000E+00  0.000E+00
       180.0000  0.000E+00  0.278E-03  0.000E+00  0.000E+00  0.000E+00  0.000E+00  0.000E+00  0.000E+00  0.157E-01  0.000E+00  0.000E+00  0.000E+00  0.000E+00  0.000E+00  0.000E+00  0.000E+00
       192.0000  0.000E+00  0.278E-03  0.000E+00  0.000E+00  0.000E+00  0.000E+00  0.000E+00  0.000E+00  0.130E-01  0.000E+00  0.000E+00  0.000E+00  0.000E+00  0.000E+00  0.000E+00  0.000E+00
       208.0000  0.000E+00  0.278E-03  0.000E+00  0.000E+00  0.000E+00  0.000E+00  0.000E+00  0.000E+00  0.111E-01  0.000E+00  0.000E+00  0.000E+00  0.000E+00  0.000E+00  0.000E+00  0.000E+00
       240.0000  0.000E+00  0.278E-03  0.000E+00  0.000E+00  0.000E+00  0.000E+00  0.000E+00  0.000E+00  0.967E-02  0.000E+00  0.000E+00  0.000E+00  0.000E+00  0.000E+00  0.000E+00  0.000E+00
       261.3721  0.000E+00  0.278E-03  0.000E+00  0.000E+00  0.000E+00  0.000E+00  0.000E+00  0.000E+00  0.828E-02  0.000E+00  0.000E+00  0.000E+00  0.000E+00  0.000E+00  0.000E+00  0.000E+00
       287.8863  0.000E+00  0.278E-03  0.000E+00  0.000E+00  0.000E+00  0.000E+00  0.000E+00  0.000E+00  0.781E-02  0.000E+00  0.000E+00  0.000E+00  0.000E+00  0.000E+00  0.000E+00  0.000E+00
       323.2386  0.000E+00  0.278E-03  0.000E+00  0.000E+00  0.000E+00  0.000E+00  0.000E+00  0.000E+00  0.741E-02  0.000E+00  0.000E+00  0.000E+00  0.000E+00  0.000E+00  0.000E+00  0.000E+00
       367.4289  0.000E+00  0.278E-03  0.000E+00  0.000E+00  0.000E+00  0.000E+00  0.000E+00  0.000E+00  0.699E-02  0.000E+00  0.000E+00  0.000E+00  0.000E+00  0.000E+00  0.000E+00  0.000E+00
       433.7145  0.000E+00  0.278E-03  0.000E+00  0.000E+00  0.000E+00  0.000E+00  0.000E+00  0.000E+00  0.650E-02  0.000E+00  0.000E+00  0.000E+00  0.000E+00  0.000E+00  0.000E+00  0.000E+00
       500.0000  0.000E+00  0.278E-03  0.000E+00  0.000E+00  0.000E+00  0.000E+00  0.000E+00  0.000E+00  0.580E-02  0.000E+00  0.000E+00  0.000E+00  0.000E+00  0.000E+00  0.000E+00  0.000E+00
       573.3333  0.000E+00  0.278E-03  0.000E+00  0.000E+00  0.000E+00  0.000E+00  0.000E+00  0.000E+00  0.518E-02  0.000E+00  0.000E+00  0.000E+00  0.000E+00  0.000E+00  0.000E+00  0.000E+00
       720.0000  0.000E+00  0.278E-03  0.000E+00  0.000E+00  0.000E+00  0.000E+00  0.000E+00  0.000E+00  0.462E-02  0.000E+00  0.000E+00  0.000E+00  0.000E+00  0.000E+00  0.000E+00  0.000E+00
       864.0000  0.000E+00  0.278E-03  0.000E+00  0.000E+00  0.000E+00  0.000E+00  0.000E+00  0.000E+00  0.379E-02  0.000E+00  0.000E+00  0.000E+00  0.000E+00  0.000E+00  0.000E+00  0.000E+00
      1056.0000  0.000E+00  0.278E-03  0.000E+00  0.000E+00  0.000E+00  0.000E+00  0.000E+00  0.000E+00  0.326E-02  0.000E+00  0.000E+00  0.000E+00  0.000E+00  0.000E+00  0.000E+00  0.000E+00
      1248.0000  0.000E+00  0.278E-03  0.000E+00  0.000E+00  0.000E+00  0.000E+00  0.000E+00  0.000E+00  0.282E-02  0.000E+00  0.000E+00  0.000E+00  0.000E+00  0.000E+00  0.000E+00  0.000E+00
      1440.0000  0.000E+00  0.278E-03  0.000E+00  0.000E+00  0.000E+00  0.000E+00  0.000E+00  0.000E+00  0.255E-02  0.000E+00  0.000E+00  0.000E+00  0.000E+00  0.000E+00  0.000E+00  0.000E+00
      1800.0000  0.000E+00  0.278E-03  0.000E+00  0.000E+00  0.000E+00  0.000E+00  0.000E+00  0.000E+00  0.239E-02  0.000E+00  0.000E+00  0.000E+00  0.000E+00  0.000E+00  0.000E+00  0.000E+00
      2160.0000  0.000E+00  0.278E-03  0.000E+00  0.000E+00  0.000E+00  0.000E+00  0.000E+00  0.000E+00  0.224E-02  0.000E+00  0.000E+00  0.000E+00  0.000E+00  0.000E+00  0.000E+00  0.000E+00
      2520.0000  0.000E+00  0.278E-03  0.000E+00  0.000E+00  0.000E+00  0.000E+00  0.000E+00  0.000E+00  0.216E-02  0.000E+00  0.000E+00  0.000E+00  0.000E+00  0.000E+00  0.000E+00  0.000E+00
      2880.0000  0.000E+00  0.278E-03  0.000E+00  0.000E+00  0.000E+00  0.000E+00  0.000E+00  0.000E+00  0.214E-02  0.000E+00  0.000E+00  0.000E+00  0.000E+00  0.000E+00  0.000E+00  0.000E+00
end
