 Welcome to HYDRUS                                                       
 
 Program HYDRUS3
 Date:  18.12.2019    Time:   8:33:55
 Time dependent boundary conditions
 
 Units: L = cm   , T = min  , M = mmol 
 

----------------------------------------------------------
 Time       [T] 0.00000000E+00
----------------------------------------------------------
 Sub-region num.                     1
----------------------------------------------------------
 Volume  [L3]        0.37804E+05  0.37804E+05
 VolumeW [L3]        0.56700E+04  0.56702E+04
 InFlow  [L3/T]      0.00000E+00  0.00000E+00
 hMean   [L]        -0.14187E+04    -1418.667
----------------------------------------------------------

----------------------------------------------------------
 Time       [T]        5.0000
----------------------------------------------------------
 Sub-region num.                     1
----------------------------------------------------------
 Volume  [L3]        0.37804E+05  0.37804E+05
 VolumeW [L3]        0.60076E+04  0.60073E+04
 InFlow  [L3/T]      0.67491E+02  0.67491E+02
 hMean   [L]        -0.45306E+03     -453.060
 WatBalT [L3]        0.37896E+00
 WatBalR [%]               0.035
----------------------------------------------------------

----------------------------------------------------------
 Time       [T]       15.0000
----------------------------------------------------------
 Sub-region num.                     1
----------------------------------------------------------
 Volume  [L3]        0.37804E+05  0.37804E+05
 VolumeW [L3]        0.66825E+04  0.66827E+04
 InFlow  [L3/T]      0.67495E+02  0.67495E+02
 hMean   [L]        -0.35910E+03     -359.099
 WatBalT [L3]        0.31616E+00
 WatBalR [%]               0.018
----------------------------------------------------------

----------------------------------------------------------
 Time       [T]       30.0000
----------------------------------------------------------
 Sub-region num.                     1
----------------------------------------------------------
 Volume  [L3]        0.37804E+05  0.37804E+05
 VolumeW [L3]        0.76950E+04  0.76954E+04
 InFlow  [L3/T]      0.67499E+02  0.67499E+02
 hMean   [L]        -0.23560E+03     -235.599
 WatBalT [L3]        0.32507E+00
 WatBalR [%]               0.012
----------------------------------------------------------

----------------------------------------------------------
 Time       [T]       60.0000
----------------------------------------------------------
 Sub-region num.                     1
----------------------------------------------------------
 Volume  [L3]        0.37804E+05  0.37804E+05
 VolumeW [L3]        0.96752E+04  0.96760E+04
 InFlow  [L3/T]      0.52144E+02  0.52144E+02
 hMean   [L]        -0.62147E+02      -62.147
 WatBalT [L3]        0.26732E+00
 WatBalR [%]               0.006
----------------------------------------------------------

----------------------------------------------------------
 Time       [T]      120.0000
----------------------------------------------------------
 Sub-region num.                     1
----------------------------------------------------------
 Volume  [L3]        0.37804E+05  0.37804E+05
 VolumeW [L3]        0.96201E+04  0.96210E+04
 InFlow  [L3/T]     -0.11422E-01 -0.11422E-01
 hMean   [L]        -0.21629E+02      -21.629
 WatBalT [L3]       -0.13709E+00
 WatBalR [%]               0.003
----------------------------------------------------------

----------------------------------------------------------
 Time       [T]      180.0000
----------------------------------------------------------
 Sub-region num.                     1
----------------------------------------------------------
 Volume  [L3]        0.37804E+05  0.37804E+05
 VolumeW [L3]        0.96199E+04  0.96196E+04
 InFlow  [L3/T]      0.36987E-04  0.36987E-04
 hMean   [L]        -0.20775E+02      -20.775
 WatBalT [L3]       -0.25206E-01
 WatBalR [%]               0.001
----------------------------------------------------------

----------------------------------------------------------
 Time       [T]      240.0000
----------------------------------------------------------
 Sub-region num.                     1
----------------------------------------------------------
 Volume  [L3]        0.37804E+05  0.37804E+05
 VolumeW [L3]        0.96198E+04  0.96197E+04
 InFlow  [L3/T]     -0.36894E-03 -0.36894E-03
 hMean   [L]        -0.21236E+02      -21.236
 WatBalT [L3]        0.57672E-01
 WatBalR [%]               0.001
----------------------------------------------------------

----------------------------------------------------------
 Time       [T]      500.0000
----------------------------------------------------------
 Sub-region num.                     1
----------------------------------------------------------
 Volume  [L3]        0.37804E+05  0.37804E+05
 VolumeW [L3]        0.96197E+04  0.96198E+04
 InFlow  [L3/T]     -0.61567E-03 -0.61567E-03
 hMean   [L]        -0.23247E+02      -23.247
 WatBalT [L3]        0.31263E+00
 WatBalR [%]               0.007
----------------------------------------------------------

----------------------------------------------------------
 Time       [T]      720.0000
----------------------------------------------------------
 Sub-region num.                     1
----------------------------------------------------------
 Volume  [L3]        0.37804E+05  0.37804E+05
 VolumeW [L3]        0.96196E+04  0.96196E+04
 InFlow  [L3/T]     -0.64152E-03 -0.64152E-03
 hMean   [L]        -0.24163E+02      -24.163
 WatBalT [L3]        0.33457E+00
 WatBalR [%]               0.007
----------------------------------------------------------

----------------------------------------------------------
 Time       [T]     1440.0000
----------------------------------------------------------
 Sub-region num.                     1
----------------------------------------------------------
 Volume  [L3]        0.37804E+05  0.37804E+05
 VolumeW [L3]        0.96193E+04  0.96191E+04
 InFlow  [L3/T]     -0.28805E-03 -0.28805E-03
 hMean   [L]        -0.25248E+02      -25.248
 WatBalT [L3]        0.37680E+00
 WatBalR [%]               0.008
----------------------------------------------------------

----------------------------------------------------------
 Time       [T]     2160.0000
----------------------------------------------------------
 Sub-region num.                     1
----------------------------------------------------------
 Volume  [L3]        0.37804E+05  0.37804E+05
 VolumeW [L3]        0.96199E+04  0.96201E+04
 InFlow  [L3/T]      0.43904E-03  0.43904E-03
 hMean   [L]        -0.25465E+02      -25.465
 WatBalT [L3]        0.12373E+01
 WatBalR [%]               0.026
----------------------------------------------------------

----------------------------------------------------------
 Time       [T]     2880.0000
----------------------------------------------------------
 Sub-region num.                     1
----------------------------------------------------------
 Volume  [L3]        0.37804E+05  0.37804E+05
 VolumeW [L3]        0.96198E+04  0.96199E+04
 InFlow  [L3/T]     -0.25167E-03 -0.25167E-03
 hMean   [L]        -0.25520E+02      -25.520
 WatBalT [L3]        0.13599E+01
 WatBalR [%]               0.029
----------------------------------------------------------
 
 Calculation time [sec]   41.7599999904633     
