 FileVersion=0003
 Welcome to HYDRUS                                                       
 
 Program HYDRUS3
 Date:  18.12.2019    Time:   8:33:55
 Time dependent boundary conditions
 
 Units: L = cm   , T = min  , M = mmol 
 
 All cumulative fluxes (CumQ) are positive out of the region
          Time     CumQAP      CumQRP     CumQA      CumQR     CumQ3       CumQ1      CumQS      CumQ5      CumQ6      CumQ7      CumQ8      CumQ9     CRunOff    cEvapor   cInfiltr
           [T]      [L3]        [L3]       [L3]       [L3]      [L3]        [L3]       [L3]       [L3]       [L3]       [L3]       [L3]       [L3]       [L3]       [L3]       [L3]

         0.0010  0.000E+00  0.000E+00  0.000E+00  0.000E+00 -0.675E-01  0.000E+00  0.000E+00  0.000E+00  0.178E-02  0.000E+00  0.000E+00  0.000E+00  0.000E+00  0.000E+00  0.000E+00
         0.0020  0.000E+00  0.000E+00  0.000E+00  0.000E+00 -0.135E+00  0.000E+00  0.000E+00  0.000E+00  0.327E-02  0.000E+00  0.000E+00  0.000E+00  0.000E+00  0.000E+00  0.000E+00
         0.0030  0.000E+00  0.000E+00  0.000E+00  0.000E+00 -0.203E+00  0.000E+00  0.000E+00  0.000E+00  0.458E-02  0.000E+00  0.000E+00  0.000E+00  0.000E+00  0.000E+00  0.000E+00
         0.0043  0.000E+00  0.000E+00  0.000E+00  0.000E+00 -0.290E+00  0.000E+00  0.000E+00  0.000E+00  0.610E-02  0.000E+00  0.000E+00  0.000E+00  0.000E+00  0.000E+00  0.000E+00
         0.0060  0.000E+00  0.000E+00  0.000E+00  0.000E+00 -0.404E+00  0.000E+00  0.000E+00  0.000E+00  0.787E-02  0.000E+00  0.000E+00  0.000E+00  0.000E+00  0.000E+00  0.000E+00
         0.0082  0.000E+00  0.000E+00  0.000E+00  0.000E+00 -0.553E+00  0.000E+00  0.000E+00  0.000E+00  0.992E-02  0.000E+00  0.000E+00  0.000E+00  0.000E+00  0.000E+00  0.000E+00
         0.0110  0.000E+00  0.000E+00  0.000E+00  0.000E+00 -0.745E+00  0.000E+00  0.000E+00  0.000E+00  0.123E-01  0.000E+00  0.000E+00  0.000E+00  0.000E+00  0.000E+00  0.000E+00
         0.0148  0.000E+00  0.000E+00  0.000E+00  0.000E+00 -0.996E+00  0.000E+00  0.000E+00  0.000E+00  0.150E-01  0.000E+00  0.000E+00  0.000E+00  0.000E+00  0.000E+00  0.000E+00
         0.0196  0.000E+00  0.000E+00  0.000E+00  0.000E+00 -0.132E+01  0.000E+00  0.000E+00  0.000E+00  0.181E-01  0.000E+00  0.000E+00  0.000E+00  0.000E+00  0.000E+00  0.000E+00
         0.0259  0.000E+00  0.000E+00  0.000E+00  0.000E+00 -0.175E+01  0.000E+00  0.000E+00  0.000E+00  0.216E-01  0.000E+00  0.000E+00  0.000E+00  0.000E+00  0.000E+00  0.000E+00
         0.0340  0.000E+00  0.000E+00  0.000E+00  0.000E+00 -0.230E+01  0.000E+00  0.000E+00  0.000E+00  0.257E-01  0.000E+00  0.000E+00  0.000E+00  0.000E+00  0.000E+00  0.000E+00
         0.0446  0.000E+00  0.000E+00  0.000E+00  0.000E+00 -0.301E+01  0.000E+00  0.000E+00  0.000E+00  0.303E-01  0.000E+00  0.000E+00  0.000E+00  0.000E+00  0.000E+00  0.000E+00
         0.0584  0.000E+00  0.000E+00  0.000E+00  0.000E+00 -0.394E+01  0.000E+00  0.000E+00  0.000E+00  0.355E-01  0.000E+00  0.000E+00  0.000E+00  0.000E+00  0.000E+00  0.000E+00
         0.0722  0.000E+00  0.000E+00  0.000E+00  0.000E+00 -0.487E+01  0.000E+00  0.000E+00  0.000E+00  0.401E-01  0.000E+00  0.000E+00  0.000E+00  0.000E+00  0.000E+00  0.000E+00
         0.0860  0.000E+00  0.000E+00  0.000E+00  0.000E+00 -0.580E+01  0.000E+00  0.000E+00  0.000E+00  0.443E-01  0.000E+00  0.000E+00  0.000E+00  0.000E+00  0.000E+00  0.000E+00
         0.1039  0.000E+00  0.000E+00  0.000E+00  0.000E+00 -0.701E+01  0.000E+00  0.000E+00  0.000E+00  0.493E-01  0.000E+00  0.000E+00  0.000E+00  0.000E+00  0.000E+00  0.000E+00
         0.1218  0.000E+00  0.000E+00  0.000E+00  0.000E+00 -0.822E+01  0.000E+00  0.000E+00  0.000E+00  0.538E-01  0.000E+00  0.000E+00  0.000E+00  0.000E+00  0.000E+00  0.000E+00
         0.1397  0.000E+00  0.000E+00  0.000E+00  0.000E+00 -0.943E+01  0.000E+00  0.000E+00  0.000E+00  0.580E-01  0.000E+00  0.000E+00  0.000E+00  0.000E+00  0.000E+00  0.000E+00
         0.1577  0.000E+00  0.000E+00  0.000E+00  0.000E+00 -0.106E+02  0.000E+00  0.000E+00  0.000E+00  0.618E-01  0.000E+00  0.000E+00  0.000E+00  0.000E+00  0.000E+00  0.000E+00
         0.1756  0.000E+00  0.000E+00  0.000E+00  0.000E+00 -0.119E+02  0.000E+00  0.000E+00  0.000E+00  0.655E-01  0.000E+00  0.000E+00  0.000E+00  0.000E+00  0.000E+00  0.000E+00
         0.1989  0.000E+00  0.000E+00  0.000E+00  0.000E+00 -0.134E+02  0.000E+00  0.000E+00  0.000E+00  0.700E-01  0.000E+00  0.000E+00  0.000E+00  0.000E+00  0.000E+00  0.000E+00
         0.2222  0.000E+00  0.000E+00  0.000E+00  0.000E+00 -0.150E+02  0.000E+00  0.000E+00  0.000E+00  0.742E-01  0.000E+00  0.000E+00  0.000E+00  0.000E+00  0.000E+00  0.000E+00
         0.2455  0.000E+00  0.000E+00  0.000E+00  0.000E+00 -0.166E+02  0.000E+00  0.000E+00  0.000E+00  0.782E-01  0.000E+00  0.000E+00  0.000E+00  0.000E+00  0.000E+00  0.000E+00
         0.2688  0.000E+00  0.000E+00  0.000E+00  0.000E+00 -0.181E+02  0.000E+00  0.000E+00  0.000E+00  0.820E-01  0.000E+00  0.000E+00  0.000E+00  0.000E+00  0.000E+00  0.000E+00
         0.2921  0.000E+00  0.000E+00  0.000E+00  0.000E+00 -0.197E+02  0.000E+00  0.000E+00  0.000E+00  0.856E-01  0.000E+00  0.000E+00  0.000E+00  0.000E+00  0.000E+00  0.000E+00
         0.3154  0.000E+00  0.000E+00  0.000E+00  0.000E+00 -0.213E+02  0.000E+00  0.000E+00  0.000E+00  0.890E-01  0.000E+00  0.000E+00  0.000E+00  0.000E+00  0.000E+00  0.000E+00
         0.3387  0.000E+00  0.000E+00  0.000E+00  0.000E+00 -0.229E+02  0.000E+00  0.000E+00  0.000E+00  0.922E-01  0.000E+00  0.000E+00  0.000E+00  0.000E+00  0.000E+00  0.000E+00
         0.3620  0.000E+00  0.000E+00  0.000E+00  0.000E+00 -0.244E+02  0.000E+00  0.000E+00  0.000E+00  0.954E-01  0.000E+00  0.000E+00  0.000E+00  0.000E+00  0.000E+00  0.000E+00
         0.3853  0.000E+00  0.000E+00  0.000E+00  0.000E+00 -0.260E+02  0.000E+00  0.000E+00  0.000E+00  0.984E-01  0.000E+00  0.000E+00  0.000E+00  0.000E+00  0.000E+00  0.000E+00
         0.4086  0.000E+00  0.000E+00  0.000E+00  0.000E+00 -0.276E+02  0.000E+00  0.000E+00  0.000E+00  0.101E+00  0.000E+00  0.000E+00  0.000E+00  0.000E+00  0.000E+00  0.000E+00
         0.4319  0.000E+00  0.000E+00  0.000E+00  0.000E+00 -0.292E+02  0.000E+00  0.000E+00  0.000E+00  0.104E+00  0.000E+00  0.000E+00  0.000E+00  0.000E+00  0.000E+00  0.000E+00
         0.4552  0.000E+00  0.000E+00  0.000E+00  0.000E+00 -0.307E+02  0.000E+00  0.000E+00  0.000E+00  0.107E+00  0.000E+00  0.000E+00  0.000E+00  0.000E+00  0.000E+00  0.000E+00
         0.4785  0.000E+00  0.000E+00  0.000E+00  0.000E+00 -0.323E+02  0.000E+00  0.000E+00  0.000E+00  0.109E+00  0.000E+00  0.000E+00  0.000E+00  0.000E+00  0.000E+00  0.000E+00
         0.5018  0.000E+00  0.000E+00  0.000E+00  0.000E+00 -0.339E+02  0.000E+00  0.000E+00  0.000E+00  0.112E+00  0.000E+00  0.000E+00  0.000E+00  0.000E+00  0.000E+00  0.000E+00
         0.5320  0.000E+00  0.000E+00  0.000E+00  0.000E+00 -0.359E+02  0.000E+00  0.000E+00  0.000E+00  0.115E+00  0.000E+00  0.000E+00  0.000E+00  0.000E+00  0.000E+00  0.000E+00
         0.5623  0.000E+00  0.000E+00  0.000E+00  0.000E+00 -0.380E+02  0.000E+00  0.000E+00  0.000E+00  0.118E+00  0.000E+00  0.000E+00  0.000E+00  0.000E+00  0.000E+00  0.000E+00
         0.5926  0.000E+00  0.000E+00  0.000E+00  0.000E+00 -0.400E+02  0.000E+00  0.000E+00  0.000E+00  0.121E+00  0.000E+00  0.000E+00  0.000E+00  0.000E+00  0.000E+00  0.000E+00
         0.6229  0.000E+00  0.000E+00  0.000E+00  0.000E+00 -0.420E+02  0.000E+00  0.000E+00  0.000E+00  0.124E+00  0.000E+00  0.000E+00  0.000E+00  0.000E+00  0.000E+00  0.000E+00
         0.6532  0.000E+00  0.000E+00  0.000E+00  0.000E+00 -0.441E+02  0.000E+00  0.000E+00  0.000E+00  0.126E+00  0.000E+00  0.000E+00  0.000E+00  0.000E+00  0.000E+00  0.000E+00
         0.6835  0.000E+00  0.000E+00  0.000E+00  0.000E+00 -0.461E+02  0.000E+00  0.000E+00  0.000E+00  0.129E+00  0.000E+00  0.000E+00  0.000E+00  0.000E+00  0.000E+00  0.000E+00
         0.7138  0.000E+00  0.000E+00  0.000E+00  0.000E+00 -0.482E+02  0.000E+00  0.000E+00  0.000E+00  0.132E+00  0.000E+00  0.000E+00  0.000E+00  0.000E+00  0.000E+00  0.000E+00
         0.7441  0.000E+00  0.000E+00  0.000E+00  0.000E+00 -0.502E+02  0.000E+00  0.000E+00  0.000E+00  0.134E+00  0.000E+00  0.000E+00  0.000E+00  0.000E+00  0.000E+00  0.000E+00
         0.7743  0.000E+00  0.000E+00  0.000E+00  0.000E+00 -0.523E+02  0.000E+00  0.000E+00  0.000E+00  0.136E+00  0.000E+00  0.000E+00  0.000E+00  0.000E+00  0.000E+00  0.000E+00
         0.8046  0.000E+00  0.000E+00  0.000E+00  0.000E+00 -0.543E+02  0.000E+00  0.000E+00  0.000E+00  0.139E+00  0.000E+00  0.000E+00  0.000E+00  0.000E+00  0.000E+00  0.000E+00
         0.8349  0.000E+00  0.000E+00  0.000E+00  0.000E+00 -0.564E+02  0.000E+00  0.000E+00  0.000E+00  0.141E+00  0.000E+00  0.000E+00  0.000E+00  0.000E+00  0.000E+00  0.000E+00
         0.8652  0.000E+00  0.000E+00  0.000E+00  0.000E+00 -0.584E+02  0.000E+00  0.000E+00  0.000E+00  0.143E+00  0.000E+00  0.000E+00  0.000E+00  0.000E+00  0.000E+00  0.000E+00
         0.8955  0.000E+00  0.000E+00  0.000E+00  0.000E+00 -0.604E+02  0.000E+00  0.000E+00  0.000E+00  0.145E+00  0.000E+00  0.000E+00  0.000E+00  0.000E+00  0.000E+00  0.000E+00
         0.9258  0.000E+00  0.000E+00  0.000E+00  0.000E+00 -0.625E+02  0.000E+00  0.000E+00  0.000E+00  0.147E+00  0.000E+00  0.000E+00  0.000E+00  0.000E+00  0.000E+00  0.000E+00
         0.9561  0.000E+00  0.000E+00  0.000E+00  0.000E+00 -0.645E+02  0.000E+00  0.000E+00  0.000E+00  0.149E+00  0.000E+00  0.000E+00  0.000E+00  0.000E+00  0.000E+00  0.000E+00
         0.9864  0.000E+00  0.000E+00  0.000E+00  0.000E+00 -0.666E+02  0.000E+00  0.000E+00  0.000E+00  0.151E+00  0.000E+00  0.000E+00  0.000E+00  0.000E+00  0.000E+00  0.000E+00
         1.0166  0.000E+00  0.000E+00  0.000E+00  0.000E+00 -0.686E+02  0.000E+00  0.000E+00  0.000E+00  0.153E+00  0.000E+00  0.000E+00  0.000E+00  0.000E+00  0.000E+00  0.000E+00
         1.0560  0.000E+00  0.000E+00  0.000E+00  0.000E+00 -0.713E+02  0.000E+00  0.000E+00  0.000E+00  0.155E+00  0.000E+00  0.000E+00  0.000E+00  0.000E+00  0.000E+00  0.000E+00
         1.0954  0.000E+00  0.000E+00  0.000E+00  0.000E+00 -0.739E+02  0.000E+00  0.000E+00  0.000E+00  0.158E+00  0.000E+00  0.000E+00  0.000E+00  0.000E+00  0.000E+00  0.000E+00
         1.1348  0.000E+00  0.000E+00  0.000E+00  0.000E+00 -0.766E+02  0.000E+00  0.000E+00  0.000E+00  0.160E+00  0.000E+00  0.000E+00  0.000E+00  0.000E+00  0.000E+00  0.000E+00
         1.1741  0.000E+00  0.000E+00  0.000E+00  0.000E+00 -0.793E+02  0.000E+00  0.000E+00  0.000E+00  0.162E+00  0.000E+00  0.000E+00  0.000E+00  0.000E+00  0.000E+00  0.000E+00
         1.2135  0.000E+00  0.000E+00  0.000E+00  0.000E+00 -0.819E+02  0.000E+00  0.000E+00  0.000E+00  0.164E+00  0.000E+00  0.000E+00  0.000E+00  0.000E+00  0.000E+00  0.000E+00
         1.2529  0.000E+00  0.000E+00  0.000E+00  0.000E+00 -0.846E+02  0.000E+00  0.000E+00  0.000E+00  0.166E+00  0.000E+00  0.000E+00  0.000E+00  0.000E+00  0.000E+00  0.000E+00
         1.2923  0.000E+00  0.000E+00  0.000E+00  0.000E+00 -0.872E+02  0.000E+00  0.000E+00  0.000E+00  0.168E+00  0.000E+00  0.000E+00  0.000E+00  0.000E+00  0.000E+00  0.000E+00
         1.3316  0.000E+00  0.000E+00  0.000E+00  0.000E+00 -0.899E+02  0.000E+00  0.000E+00  0.000E+00  0.170E+00  0.000E+00  0.000E+00  0.000E+00  0.000E+00  0.000E+00  0.000E+00
         1.3710  0.000E+00  0.000E+00  0.000E+00  0.000E+00 -0.925E+02  0.000E+00  0.000E+00  0.000E+00  0.172E+00  0.000E+00  0.000E+00  0.000E+00  0.000E+00  0.000E+00  0.000E+00
         1.4104  0.000E+00  0.000E+00  0.000E+00  0.000E+00 -0.952E+02  0.000E+00  0.000E+00  0.000E+00  0.174E+00  0.000E+00  0.000E+00  0.000E+00  0.000E+00  0.000E+00  0.000E+00
         1.4616  0.000E+00  0.000E+00  0.000E+00  0.000E+00 -0.987E+02  0.000E+00  0.000E+00  0.000E+00  0.176E+00  0.000E+00  0.000E+00  0.000E+00  0.000E+00  0.000E+00  0.000E+00
         1.5128  0.000E+00  0.000E+00  0.000E+00  0.000E+00 -0.102E+03  0.000E+00  0.000E+00  0.000E+00  0.178E+00  0.000E+00  0.000E+00  0.000E+00  0.000E+00  0.000E+00  0.000E+00
         1.5639  0.000E+00  0.000E+00  0.000E+00  0.000E+00 -0.106E+03  0.000E+00  0.000E+00  0.000E+00  0.180E+00  0.000E+00  0.000E+00  0.000E+00  0.000E+00  0.000E+00  0.000E+00
         1.6151  0.000E+00  0.000E+00  0.000E+00  0.000E+00 -0.109E+03  0.000E+00  0.000E+00  0.000E+00  0.182E+00  0.000E+00  0.000E+00  0.000E+00  0.000E+00  0.000E+00  0.000E+00
         1.6663  0.000E+00  0.000E+00  0.000E+00  0.000E+00 -0.112E+03  0.000E+00  0.000E+00  0.000E+00  0.184E+00  0.000E+00  0.000E+00  0.000E+00  0.000E+00  0.000E+00  0.000E+00
         1.7175  0.000E+00  0.000E+00  0.000E+00  0.000E+00 -0.116E+03  0.000E+00  0.000E+00  0.000E+00  0.186E+00  0.000E+00  0.000E+00  0.000E+00  0.000E+00  0.000E+00  0.000E+00
         1.7687  0.000E+00  0.000E+00  0.000E+00  0.000E+00 -0.119E+03  0.000E+00  0.000E+00  0.000E+00  0.188E+00  0.000E+00  0.000E+00  0.000E+00  0.000E+00  0.000E+00  0.000E+00
         1.8199  0.000E+00  0.000E+00  0.000E+00  0.000E+00 -0.123E+03  0.000E+00  0.000E+00  0.000E+00  0.190E+00  0.000E+00  0.000E+00  0.000E+00  0.000E+00  0.000E+00  0.000E+00
         1.8711  0.000E+00  0.000E+00  0.000E+00  0.000E+00 -0.126E+03  0.000E+00  0.000E+00  0.000E+00  0.192E+00  0.000E+00  0.000E+00  0.000E+00  0.000E+00  0.000E+00  0.000E+00
         1.9376  0.000E+00  0.000E+00  0.000E+00  0.000E+00 -0.131E+03  0.000E+00  0.000E+00  0.000E+00  0.194E+00  0.000E+00  0.000E+00  0.000E+00  0.000E+00  0.000E+00  0.000E+00
         2.0041  0.000E+00  0.000E+00  0.000E+00  0.000E+00 -0.135E+03  0.000E+00  0.000E+00  0.000E+00  0.196E+00  0.000E+00  0.000E+00  0.000E+00  0.000E+00  0.000E+00  0.000E+00
         2.0707  0.000E+00  0.000E+00  0.000E+00  0.000E+00 -0.140E+03  0.000E+00  0.000E+00  0.000E+00  0.198E+00  0.000E+00  0.000E+00  0.000E+00  0.000E+00  0.000E+00  0.000E+00
         2.1372  0.000E+00  0.000E+00  0.000E+00  0.000E+00 -0.144E+03  0.000E+00  0.000E+00  0.000E+00  0.200E+00  0.000E+00  0.000E+00  0.000E+00  0.000E+00  0.000E+00  0.000E+00
         2.2038  0.000E+00  0.000E+00  0.000E+00  0.000E+00 -0.149E+03  0.000E+00  0.000E+00  0.000E+00  0.202E+00  0.000E+00  0.000E+00  0.000E+00  0.000E+00  0.000E+00  0.000E+00
         2.2703  0.000E+00  0.000E+00  0.000E+00  0.000E+00 -0.153E+03  0.000E+00  0.000E+00  0.000E+00  0.204E+00  0.000E+00  0.000E+00  0.000E+00  0.000E+00  0.000E+00  0.000E+00
         2.3368  0.000E+00  0.000E+00  0.000E+00  0.000E+00 -0.158E+03  0.000E+00  0.000E+00  0.000E+00  0.205E+00  0.000E+00  0.000E+00  0.000E+00  0.000E+00  0.000E+00  0.000E+00
         2.4034  0.000E+00  0.000E+00  0.000E+00  0.000E+00 -0.162E+03  0.000E+00  0.000E+00  0.000E+00  0.207E+00  0.000E+00  0.000E+00  0.000E+00  0.000E+00  0.000E+00  0.000E+00
         2.4699  0.000E+00  0.000E+00  0.000E+00  0.000E+00 -0.167E+03  0.000E+00  0.000E+00  0.000E+00  0.209E+00  0.000E+00  0.000E+00  0.000E+00  0.000E+00  0.000E+00  0.000E+00
         2.5564  0.000E+00  0.000E+00  0.000E+00  0.000E+00 -0.173E+03  0.000E+00  0.000E+00  0.000E+00  0.211E+00  0.000E+00  0.000E+00  0.000E+00  0.000E+00  0.000E+00  0.000E+00
         2.6429  0.000E+00  0.000E+00  0.000E+00  0.000E+00 -0.178E+03  0.000E+00  0.000E+00  0.000E+00  0.213E+00  0.000E+00  0.000E+00  0.000E+00  0.000E+00  0.000E+00  0.000E+00
         2.7294  0.000E+00  0.000E+00  0.000E+00  0.000E+00 -0.184E+03  0.000E+00  0.000E+00  0.000E+00  0.215E+00  0.000E+00  0.000E+00  0.000E+00  0.000E+00  0.000E+00  0.000E+00
         2.8159  0.000E+00  0.000E+00  0.000E+00  0.000E+00 -0.190E+03  0.000E+00  0.000E+00  0.000E+00  0.217E+00  0.000E+00  0.000E+00  0.000E+00  0.000E+00  0.000E+00  0.000E+00
         2.9025  0.000E+00  0.000E+00  0.000E+00  0.000E+00 -0.196E+03  0.000E+00  0.000E+00  0.000E+00  0.219E+00  0.000E+00  0.000E+00  0.000E+00  0.000E+00  0.000E+00  0.000E+00
         2.9890  0.000E+00  0.000E+00  0.000E+00  0.000E+00 -0.202E+03  0.000E+00  0.000E+00  0.000E+00  0.220E+00  0.000E+00  0.000E+00  0.000E+00  0.000E+00  0.000E+00  0.000E+00
         3.0755  0.000E+00  0.000E+00  0.000E+00  0.000E+00 -0.208E+03  0.000E+00  0.000E+00  0.000E+00  0.222E+00  0.000E+00  0.000E+00  0.000E+00  0.000E+00  0.000E+00  0.000E+00
         3.1620  0.000E+00  0.000E+00  0.000E+00  0.000E+00 -0.213E+03  0.000E+00  0.000E+00  0.000E+00  0.224E+00  0.000E+00  0.000E+00  0.000E+00  0.000E+00  0.000E+00  0.000E+00
         3.2485  0.000E+00  0.000E+00  0.000E+00  0.000E+00 -0.219E+03  0.000E+00  0.000E+00  0.000E+00  0.225E+00  0.000E+00  0.000E+00  0.000E+00  0.000E+00  0.000E+00  0.000E+00
         3.3609  0.000E+00  0.000E+00  0.000E+00  0.000E+00 -0.227E+03  0.000E+00  0.000E+00  0.000E+00  0.227E+00  0.000E+00  0.000E+00  0.000E+00  0.000E+00  0.000E+00  0.000E+00
         3.4734  0.000E+00  0.000E+00  0.000E+00  0.000E+00 -0.234E+03  0.000E+00  0.000E+00  0.000E+00  0.229E+00  0.000E+00  0.000E+00  0.000E+00  0.000E+00  0.000E+00  0.000E+00
         3.5858  0.000E+00  0.000E+00  0.000E+00  0.000E+00 -0.242E+03  0.000E+00  0.000E+00  0.000E+00  0.231E+00  0.000E+00  0.000E+00  0.000E+00  0.000E+00  0.000E+00  0.000E+00
         3.6983  0.000E+00  0.000E+00  0.000E+00  0.000E+00 -0.250E+03  0.000E+00  0.000E+00  0.000E+00  0.233E+00  0.000E+00  0.000E+00  0.000E+00  0.000E+00  0.000E+00  0.000E+00
         3.8107  0.000E+00  0.000E+00  0.000E+00  0.000E+00 -0.257E+03  0.000E+00  0.000E+00  0.000E+00  0.234E+00  0.000E+00  0.000E+00  0.000E+00  0.000E+00  0.000E+00  0.000E+00
         3.9232  0.000E+00  0.000E+00  0.000E+00  0.000E+00 -0.265E+03  0.000E+00  0.000E+00  0.000E+00  0.236E+00  0.000E+00  0.000E+00  0.000E+00  0.000E+00  0.000E+00  0.000E+00
         4.0309  0.000E+00  0.000E+00  0.000E+00  0.000E+00 -0.272E+03  0.000E+00  0.000E+00  0.000E+00  0.237E+00  0.000E+00  0.000E+00  0.000E+00  0.000E+00  0.000E+00  0.000E+00
         4.1386  0.000E+00  0.000E+00  0.000E+00  0.000E+00 -0.279E+03  0.000E+00  0.000E+00  0.000E+00  0.239E+00  0.000E+00  0.000E+00  0.000E+00  0.000E+00  0.000E+00  0.000E+00
         4.2462  0.000E+00  0.000E+00  0.000E+00  0.000E+00 -0.287E+03  0.000E+00  0.000E+00  0.000E+00  0.240E+00  0.000E+00  0.000E+00  0.000E+00  0.000E+00  0.000E+00  0.000E+00
         4.3539  0.000E+00  0.000E+00  0.000E+00  0.000E+00 -0.294E+03  0.000E+00  0.000E+00  0.000E+00  0.241E+00  0.000E+00  0.000E+00  0.000E+00  0.000E+00  0.000E+00  0.000E+00
         4.4616  0.000E+00  0.000E+00  0.000E+00  0.000E+00 -0.301E+03  0.000E+00  0.000E+00  0.000E+00  0.243E+00  0.000E+00  0.000E+00  0.000E+00  0.000E+00  0.000E+00  0.000E+00
         4.5693  0.000E+00  0.000E+00  0.000E+00  0.000E+00 -0.308E+03  0.000E+00  0.000E+00  0.000E+00  0.244E+00  0.000E+00  0.000E+00  0.000E+00  0.000E+00  0.000E+00  0.000E+00
         4.6770  0.000E+00  0.000E+00  0.000E+00  0.000E+00 -0.316E+03  0.000E+00  0.000E+00  0.000E+00  0.245E+00  0.000E+00  0.000E+00  0.000E+00  0.000E+00  0.000E+00  0.000E+00
         4.7846  0.000E+00  0.000E+00  0.000E+00  0.000E+00 -0.323E+03  0.000E+00  0.000E+00  0.000E+00  0.246E+00  0.000E+00  0.000E+00  0.000E+00  0.000E+00  0.000E+00  0.000E+00
         4.8923  0.000E+00  0.000E+00  0.000E+00  0.000E+00 -0.330E+03  0.000E+00  0.000E+00  0.000E+00  0.247E+00  0.000E+00  0.000E+00  0.000E+00  0.000E+00  0.000E+00  0.000E+00
         5.0000  0.000E+00  0.000E+00  0.000E+00  0.000E+00 -0.337E+03  0.000E+00  0.000E+00  0.000E+00  0.249E+00  0.000E+00  0.000E+00  0.000E+00  0.000E+00  0.000E+00  0.000E+00
         5.1125  0.000E+00  0.000E+00  0.000E+00  0.000E+00 -0.345E+03  0.000E+00  0.000E+00  0.000E+00  0.250E+00  0.000E+00  0.000E+00  0.000E+00  0.000E+00  0.000E+00  0.000E+00
         5.2249  0.000E+00  0.000E+00  0.000E+00  0.000E+00 -0.353E+03  0.000E+00  0.000E+00  0.000E+00  0.251E+00  0.000E+00  0.000E+00  0.000E+00  0.000E+00  0.000E+00  0.000E+00
         5.3374  0.000E+00  0.000E+00  0.000E+00  0.000E+00 -0.360E+03  0.000E+00  0.000E+00  0.000E+00  0.252E+00  0.000E+00  0.000E+00  0.000E+00  0.000E+00  0.000E+00  0.000E+00
         5.4498  0.000E+00  0.000E+00  0.000E+00  0.000E+00 -0.368E+03  0.000E+00  0.000E+00  0.000E+00  0.253E+00  0.000E+00  0.000E+00  0.000E+00  0.000E+00  0.000E+00  0.000E+00
         5.5623  0.000E+00  0.000E+00  0.000E+00  0.000E+00 -0.375E+03  0.000E+00  0.000E+00  0.000E+00  0.254E+00  0.000E+00  0.000E+00  0.000E+00  0.000E+00  0.000E+00  0.000E+00
         5.6747  0.000E+00  0.000E+00  0.000E+00  0.000E+00 -0.383E+03  0.000E+00  0.000E+00  0.000E+00  0.255E+00  0.000E+00  0.000E+00  0.000E+00  0.000E+00  0.000E+00  0.000E+00
         5.7872  0.000E+00  0.000E+00  0.000E+00  0.000E+00 -0.391E+03  0.000E+00  0.000E+00  0.000E+00  0.256E+00  0.000E+00  0.000E+00  0.000E+00  0.000E+00  0.000E+00  0.000E+00
         5.8996  0.000E+00  0.000E+00  0.000E+00  0.000E+00 -0.398E+03  0.000E+00  0.000E+00  0.000E+00  0.256E+00  0.000E+00  0.000E+00  0.000E+00  0.000E+00  0.000E+00  0.000E+00
         6.0121  0.000E+00  0.000E+00  0.000E+00  0.000E+00 -0.406E+03  0.000E+00  0.000E+00  0.000E+00  0.257E+00  0.000E+00  0.000E+00  0.000E+00  0.000E+00  0.000E+00  0.000E+00
         6.1583  0.000E+00  0.000E+00  0.000E+00  0.000E+00 -0.416E+03  0.000E+00  0.000E+00  0.000E+00  0.258E+00  0.000E+00  0.000E+00  0.000E+00  0.000E+00  0.000E+00  0.000E+00
         6.3045  0.000E+00  0.000E+00  0.000E+00  0.000E+00 -0.426E+03  0.000E+00  0.000E+00  0.000E+00  0.260E+00  0.000E+00  0.000E+00  0.000E+00  0.000E+00  0.000E+00  0.000E+00
         6.4507  0.000E+00  0.000E+00  0.000E+00  0.000E+00 -0.435E+03  0.000E+00  0.000E+00  0.000E+00  0.261E+00  0.000E+00  0.000E+00  0.000E+00  0.000E+00  0.000E+00  0.000E+00
         6.5969  0.000E+00  0.000E+00  0.000E+00  0.000E+00 -0.445E+03  0.000E+00  0.000E+00  0.000E+00  0.262E+00  0.000E+00  0.000E+00  0.000E+00  0.000E+00  0.000E+00  0.000E+00
         6.7431  0.000E+00  0.000E+00  0.000E+00  0.000E+00 -0.455E+03  0.000E+00  0.000E+00  0.000E+00  0.262E+00  0.000E+00  0.000E+00  0.000E+00  0.000E+00  0.000E+00  0.000E+00
         6.8892  0.000E+00  0.000E+00  0.000E+00  0.000E+00 -0.465E+03  0.000E+00  0.000E+00  0.000E+00  0.263E+00  0.000E+00  0.000E+00  0.000E+00  0.000E+00  0.000E+00  0.000E+00
         7.0354  0.000E+00  0.000E+00  0.000E+00  0.000E+00 -0.475E+03  0.000E+00  0.000E+00  0.000E+00  0.264E+00  0.000E+00  0.000E+00  0.000E+00  0.000E+00  0.000E+00  0.000E+00
         7.1816  0.000E+00  0.000E+00  0.000E+00  0.000E+00 -0.485E+03  0.000E+00  0.000E+00  0.000E+00  0.265E+00  0.000E+00  0.000E+00  0.000E+00  0.000E+00  0.000E+00  0.000E+00
         7.3278  0.000E+00  0.000E+00  0.000E+00  0.000E+00 -0.495E+03  0.000E+00  0.000E+00  0.000E+00  0.266E+00  0.000E+00  0.000E+00  0.000E+00  0.000E+00  0.000E+00  0.000E+00
         7.4740  0.000E+00  0.000E+00  0.000E+00  0.000E+00 -0.504E+03  0.000E+00  0.000E+00  0.000E+00  0.267E+00  0.000E+00  0.000E+00  0.000E+00  0.000E+00  0.000E+00  0.000E+00
         7.6202  0.000E+00  0.000E+00  0.000E+00  0.000E+00 -0.514E+03  0.000E+00  0.000E+00  0.000E+00  0.268E+00  0.000E+00  0.000E+00  0.000E+00  0.000E+00  0.000E+00  0.000E+00
         7.7664  0.000E+00  0.000E+00  0.000E+00  0.000E+00 -0.524E+03  0.000E+00  0.000E+00  0.000E+00  0.268E+00  0.000E+00  0.000E+00  0.000E+00  0.000E+00  0.000E+00  0.000E+00
         7.9126  0.000E+00  0.000E+00  0.000E+00  0.000E+00 -0.534E+03  0.000E+00  0.000E+00  0.000E+00  0.269E+00  0.000E+00  0.000E+00  0.000E+00  0.000E+00  0.000E+00  0.000E+00
         8.0588  0.000E+00  0.000E+00  0.000E+00  0.000E+00 -0.544E+03  0.000E+00  0.000E+00  0.000E+00  0.270E+00  0.000E+00  0.000E+00  0.000E+00  0.000E+00  0.000E+00  0.000E+00
         8.2050  0.000E+00  0.000E+00  0.000E+00  0.000E+00 -0.554E+03  0.000E+00  0.000E+00  0.000E+00  0.271E+00  0.000E+00  0.000E+00  0.000E+00  0.000E+00  0.000E+00  0.000E+00
         8.3512  0.000E+00  0.000E+00  0.000E+00  0.000E+00 -0.564E+03  0.000E+00  0.000E+00  0.000E+00  0.271E+00  0.000E+00  0.000E+00  0.000E+00  0.000E+00  0.000E+00  0.000E+00
         8.4974  0.000E+00  0.000E+00  0.000E+00  0.000E+00 -0.574E+03  0.000E+00  0.000E+00  0.000E+00  0.272E+00  0.000E+00  0.000E+00  0.000E+00  0.000E+00  0.000E+00  0.000E+00
         8.6436  0.000E+00  0.000E+00  0.000E+00  0.000E+00 -0.583E+03  0.000E+00  0.000E+00  0.000E+00  0.272E+00  0.000E+00  0.000E+00  0.000E+00  0.000E+00  0.000E+00  0.000E+00
         8.7897  0.000E+00  0.000E+00  0.000E+00  0.000E+00 -0.593E+03  0.000E+00  0.000E+00  0.000E+00  0.273E+00  0.000E+00  0.000E+00  0.000E+00  0.000E+00  0.000E+00  0.000E+00
         8.9359  0.000E+00  0.000E+00  0.000E+00  0.000E+00 -0.603E+03  0.000E+00  0.000E+00  0.000E+00  0.274E+00  0.000E+00  0.000E+00  0.000E+00  0.000E+00  0.000E+00  0.000E+00
         9.0821  0.000E+00  0.000E+00  0.000E+00  0.000E+00 -0.613E+03  0.000E+00  0.000E+00  0.000E+00  0.274E+00  0.000E+00  0.000E+00  0.000E+00  0.000E+00  0.000E+00  0.000E+00
         9.2283  0.000E+00  0.000E+00  0.000E+00  0.000E+00 -0.623E+03  0.000E+00  0.000E+00  0.000E+00  0.275E+00  0.000E+00  0.000E+00  0.000E+00  0.000E+00  0.000E+00  0.000E+00
         9.3745  0.000E+00  0.000E+00  0.000E+00  0.000E+00 -0.633E+03  0.000E+00  0.000E+00  0.000E+00  0.275E+00  0.000E+00  0.000E+00  0.000E+00  0.000E+00  0.000E+00  0.000E+00
         9.5207  0.000E+00  0.000E+00  0.000E+00  0.000E+00 -0.643E+03  0.000E+00  0.000E+00  0.000E+00  0.276E+00  0.000E+00  0.000E+00  0.000E+00  0.000E+00  0.000E+00  0.000E+00
         9.6669  0.000E+00  0.000E+00  0.000E+00  0.000E+00 -0.653E+03  0.000E+00  0.000E+00  0.000E+00  0.276E+00  0.000E+00  0.000E+00  0.000E+00  0.000E+00  0.000E+00  0.000E+00
         9.8131  0.000E+00  0.000E+00  0.000E+00  0.000E+00 -0.662E+03  0.000E+00  0.000E+00  0.000E+00  0.277E+00  0.000E+00  0.000E+00  0.000E+00  0.000E+00  0.000E+00  0.000E+00
        10.0031  0.000E+00  0.000E+00  0.000E+00  0.000E+00 -0.675E+03  0.000E+00  0.000E+00  0.000E+00  0.278E+00  0.000E+00  0.000E+00  0.000E+00  0.000E+00  0.000E+00  0.000E+00
        10.1932  0.000E+00  0.000E+00  0.000E+00  0.000E+00 -0.688E+03  0.000E+00  0.000E+00  0.000E+00  0.278E+00  0.000E+00  0.000E+00  0.000E+00  0.000E+00  0.000E+00  0.000E+00
        10.3832  0.000E+00  0.000E+00  0.000E+00  0.000E+00 -0.701E+03  0.000E+00  0.000E+00  0.000E+00  0.279E+00  0.000E+00  0.000E+00  0.000E+00  0.000E+00  0.000E+00  0.000E+00
        10.5733  0.000E+00  0.000E+00  0.000E+00  0.000E+00 -0.714E+03  0.000E+00  0.000E+00  0.000E+00  0.279E+00  0.000E+00  0.000E+00  0.000E+00  0.000E+00  0.000E+00  0.000E+00
        10.7633  0.000E+00  0.000E+00  0.000E+00  0.000E+00 -0.727E+03  0.000E+00  0.000E+00  0.000E+00  0.280E+00  0.000E+00  0.000E+00  0.000E+00  0.000E+00  0.000E+00  0.000E+00
        10.9534  0.000E+00  0.000E+00  0.000E+00  0.000E+00 -0.739E+03  0.000E+00  0.000E+00  0.000E+00  0.281E+00  0.000E+00  0.000E+00  0.000E+00  0.000E+00  0.000E+00  0.000E+00
        11.1434  0.000E+00  0.000E+00  0.000E+00  0.000E+00 -0.752E+03  0.000E+00  0.000E+00  0.000E+00  0.281E+00  0.000E+00  0.000E+00  0.000E+00  0.000E+00  0.000E+00  0.000E+00
        11.3335  0.000E+00  0.000E+00  0.000E+00  0.000E+00 -0.765E+03  0.000E+00  0.000E+00  0.000E+00  0.282E+00  0.000E+00  0.000E+00  0.000E+00  0.000E+00  0.000E+00  0.000E+00
        11.5235  0.000E+00  0.000E+00  0.000E+00  0.000E+00 -0.778E+03  0.000E+00  0.000E+00  0.000E+00  0.282E+00  0.000E+00  0.000E+00  0.000E+00  0.000E+00  0.000E+00  0.000E+00
        11.7136  0.000E+00  0.000E+00  0.000E+00  0.000E+00 -0.791E+03  0.000E+00  0.000E+00  0.000E+00  0.283E+00  0.000E+00  0.000E+00  0.000E+00  0.000E+00  0.000E+00  0.000E+00
        11.9036  0.000E+00  0.000E+00  0.000E+00  0.000E+00 -0.803E+03  0.000E+00  0.000E+00  0.000E+00  0.283E+00  0.000E+00  0.000E+00  0.000E+00  0.000E+00  0.000E+00  0.000E+00
        12.0937  0.000E+00  0.000E+00  0.000E+00  0.000E+00 -0.816E+03  0.000E+00  0.000E+00  0.000E+00  0.284E+00  0.000E+00  0.000E+00  0.000E+00  0.000E+00  0.000E+00  0.000E+00
        12.2837  0.000E+00  0.000E+00  0.000E+00  0.000E+00 -0.829E+03  0.000E+00  0.000E+00  0.000E+00  0.284E+00  0.000E+00  0.000E+00  0.000E+00  0.000E+00  0.000E+00  0.000E+00
        12.4738  0.000E+00  0.000E+00  0.000E+00  0.000E+00 -0.842E+03  0.000E+00  0.000E+00  0.000E+00  0.284E+00  0.000E+00  0.000E+00  0.000E+00  0.000E+00  0.000E+00  0.000E+00
        12.6638  0.000E+00  0.000E+00  0.000E+00  0.000E+00 -0.855E+03  0.000E+00  0.000E+00  0.000E+00  0.285E+00  0.000E+00  0.000E+00  0.000E+00  0.000E+00  0.000E+00  0.000E+00
        12.8539  0.000E+00  0.000E+00  0.000E+00  0.000E+00 -0.868E+03  0.000E+00  0.000E+00  0.000E+00  0.285E+00  0.000E+00  0.000E+00  0.000E+00  0.000E+00  0.000E+00  0.000E+00
        13.0439  0.000E+00  0.000E+00  0.000E+00  0.000E+00 -0.880E+03  0.000E+00  0.000E+00  0.000E+00  0.286E+00  0.000E+00  0.000E+00  0.000E+00  0.000E+00  0.000E+00  0.000E+00
        13.2395  0.000E+00  0.000E+00  0.000E+00  0.000E+00 -0.894E+03  0.000E+00  0.000E+00  0.000E+00  0.286E+00  0.000E+00  0.000E+00  0.000E+00  0.000E+00  0.000E+00  0.000E+00
        13.4351  0.000E+00  0.000E+00  0.000E+00  0.000E+00 -0.907E+03  0.000E+00  0.000E+00  0.000E+00  0.286E+00  0.000E+00  0.000E+00  0.000E+00  0.000E+00  0.000E+00  0.000E+00
        13.6308  0.000E+00  0.000E+00  0.000E+00  0.000E+00 -0.920E+03  0.000E+00  0.000E+00  0.000E+00  0.287E+00  0.000E+00  0.000E+00  0.000E+00  0.000E+00  0.000E+00  0.000E+00
        13.8264  0.000E+00  0.000E+00  0.000E+00  0.000E+00 -0.933E+03  0.000E+00  0.000E+00  0.000E+00  0.287E+00  0.000E+00  0.000E+00  0.000E+00  0.000E+00  0.000E+00  0.000E+00
        14.0220  0.000E+00  0.000E+00  0.000E+00  0.000E+00 -0.946E+03  0.000E+00  0.000E+00  0.000E+00  0.287E+00  0.000E+00  0.000E+00  0.000E+00  0.000E+00  0.000E+00  0.000E+00
        14.2176  0.000E+00  0.000E+00  0.000E+00  0.000E+00 -0.960E+03  0.000E+00  0.000E+00  0.000E+00  0.288E+00  0.000E+00  0.000E+00  0.000E+00  0.000E+00  0.000E+00  0.000E+00
        14.4132  0.000E+00  0.000E+00  0.000E+00  0.000E+00 -0.973E+03  0.000E+00  0.000E+00  0.000E+00  0.288E+00  0.000E+00  0.000E+00  0.000E+00  0.000E+00  0.000E+00  0.000E+00
        14.6088  0.000E+00  0.000E+00  0.000E+00  0.000E+00 -0.986E+03  0.000E+00  0.000E+00  0.000E+00  0.288E+00  0.000E+00  0.000E+00  0.000E+00  0.000E+00  0.000E+00  0.000E+00
        14.8044  0.000E+00  0.000E+00  0.000E+00  0.000E+00 -0.999E+03  0.000E+00  0.000E+00  0.000E+00  0.289E+00  0.000E+00  0.000E+00  0.000E+00  0.000E+00  0.000E+00  0.000E+00
        15.0000  0.000E+00  0.000E+00  0.000E+00  0.000E+00 -0.101E+04  0.000E+00  0.000E+00  0.000E+00  0.289E+00  0.000E+00  0.000E+00  0.000E+00  0.000E+00  0.000E+00  0.000E+00
        15.1900  0.000E+00  0.000E+00  0.000E+00  0.000E+00 -0.103E+04  0.000E+00  0.000E+00  0.000E+00  0.289E+00  0.000E+00  0.000E+00  0.000E+00  0.000E+00  0.000E+00  0.000E+00
        15.3801  0.000E+00  0.000E+00  0.000E+00  0.000E+00 -0.104E+04  0.000E+00  0.000E+00  0.000E+00  0.290E+00  0.000E+00  0.000E+00  0.000E+00  0.000E+00  0.000E+00  0.000E+00
        15.5701  0.000E+00  0.000E+00  0.000E+00  0.000E+00 -0.105E+04  0.000E+00  0.000E+00  0.000E+00  0.290E+00  0.000E+00  0.000E+00  0.000E+00  0.000E+00  0.000E+00  0.000E+00
        15.7602  0.000E+00  0.000E+00  0.000E+00  0.000E+00 -0.106E+04  0.000E+00  0.000E+00  0.000E+00  0.290E+00  0.000E+00  0.000E+00  0.000E+00  0.000E+00  0.000E+00  0.000E+00
        16.0073  0.000E+00  0.000E+00  0.000E+00  0.000E+00 -0.108E+04  0.000E+00  0.000E+00  0.000E+00  0.290E+00  0.000E+00  0.000E+00  0.000E+00  0.000E+00  0.000E+00  0.000E+00
        16.2543  0.000E+00  0.000E+00  0.000E+00  0.000E+00 -0.110E+04  0.000E+00  0.000E+00  0.000E+00  0.291E+00  0.000E+00  0.000E+00  0.000E+00  0.000E+00  0.000E+00  0.000E+00
        16.5014  0.000E+00  0.000E+00  0.000E+00  0.000E+00 -0.111E+04  0.000E+00  0.000E+00  0.000E+00  0.291E+00  0.000E+00  0.000E+00  0.000E+00  0.000E+00  0.000E+00  0.000E+00
        16.7485  0.000E+00  0.000E+00  0.000E+00  0.000E+00 -0.113E+04  0.000E+00  0.000E+00  0.000E+00  0.291E+00  0.000E+00  0.000E+00  0.000E+00  0.000E+00  0.000E+00  0.000E+00
        16.9955  0.000E+00  0.000E+00  0.000E+00  0.000E+00 -0.115E+04  0.000E+00  0.000E+00  0.000E+00  0.292E+00  0.000E+00  0.000E+00  0.000E+00  0.000E+00  0.000E+00  0.000E+00
        17.2426  0.000E+00  0.000E+00  0.000E+00  0.000E+00 -0.116E+04  0.000E+00  0.000E+00  0.000E+00  0.292E+00  0.000E+00  0.000E+00  0.000E+00  0.000E+00  0.000E+00  0.000E+00
        17.4896  0.000E+00  0.000E+00  0.000E+00  0.000E+00 -0.118E+04  0.000E+00  0.000E+00  0.000E+00  0.292E+00  0.000E+00  0.000E+00  0.000E+00  0.000E+00  0.000E+00  0.000E+00
        17.7367  0.000E+00  0.000E+00  0.000E+00  0.000E+00 -0.120E+04  0.000E+00  0.000E+00  0.000E+00  0.292E+00  0.000E+00  0.000E+00  0.000E+00  0.000E+00  0.000E+00  0.000E+00
        17.9838  0.000E+00  0.000E+00  0.000E+00  0.000E+00 -0.121E+04  0.000E+00  0.000E+00  0.000E+00  0.293E+00  0.000E+00  0.000E+00  0.000E+00  0.000E+00  0.000E+00  0.000E+00
        18.2308  0.000E+00  0.000E+00  0.000E+00  0.000E+00 -0.123E+04  0.000E+00  0.000E+00  0.000E+00  0.293E+00  0.000E+00  0.000E+00  0.000E+00  0.000E+00  0.000E+00  0.000E+00
        18.4779  0.000E+00  0.000E+00  0.000E+00  0.000E+00 -0.125E+04  0.000E+00  0.000E+00  0.000E+00  0.293E+00  0.000E+00  0.000E+00  0.000E+00  0.000E+00  0.000E+00  0.000E+00
        18.7250  0.000E+00  0.000E+00  0.000E+00  0.000E+00 -0.126E+04  0.000E+00  0.000E+00  0.000E+00  0.293E+00  0.000E+00  0.000E+00  0.000E+00  0.000E+00  0.000E+00  0.000E+00
        18.9720  0.000E+00  0.000E+00  0.000E+00  0.000E+00 -0.128E+04  0.000E+00  0.000E+00  0.000E+00  0.294E+00  0.000E+00  0.000E+00  0.000E+00  0.000E+00  0.000E+00  0.000E+00
        19.2191  0.000E+00  0.000E+00  0.000E+00  0.000E+00 -0.130E+04  0.000E+00  0.000E+00  0.000E+00  0.294E+00  0.000E+00  0.000E+00  0.000E+00  0.000E+00  0.000E+00  0.000E+00
        19.4662  0.000E+00  0.000E+00  0.000E+00  0.000E+00 -0.131E+04  0.000E+00  0.000E+00  0.000E+00  0.294E+00  0.000E+00  0.000E+00  0.000E+00  0.000E+00  0.000E+00  0.000E+00
        19.7132  0.000E+00  0.000E+00  0.000E+00  0.000E+00 -0.133E+04  0.000E+00  0.000E+00  0.000E+00  0.294E+00  0.000E+00  0.000E+00  0.000E+00  0.000E+00  0.000E+00  0.000E+00
        19.9603  0.000E+00  0.000E+00  0.000E+00  0.000E+00 -0.135E+04  0.000E+00  0.000E+00  0.000E+00  0.294E+00  0.000E+00  0.000E+00  0.000E+00  0.000E+00  0.000E+00  0.000E+00
        20.2074  0.000E+00  0.000E+00  0.000E+00  0.000E+00 -0.136E+04  0.000E+00  0.000E+00  0.000E+00  0.295E+00  0.000E+00  0.000E+00  0.000E+00  0.000E+00  0.000E+00  0.000E+00
        20.4544  0.000E+00  0.000E+00  0.000E+00  0.000E+00 -0.138E+04  0.000E+00  0.000E+00  0.000E+00  0.295E+00  0.000E+00  0.000E+00  0.000E+00  0.000E+00  0.000E+00  0.000E+00
        20.7015  0.000E+00  0.000E+00  0.000E+00  0.000E+00 -0.140E+04  0.000E+00  0.000E+00  0.000E+00  0.295E+00  0.000E+00  0.000E+00  0.000E+00  0.000E+00  0.000E+00  0.000E+00
        20.9485  0.000E+00  0.000E+00  0.000E+00  0.000E+00 -0.141E+04  0.000E+00  0.000E+00  0.000E+00  0.295E+00  0.000E+00  0.000E+00  0.000E+00  0.000E+00  0.000E+00  0.000E+00
        21.1956  0.000E+00  0.000E+00  0.000E+00  0.000E+00 -0.143E+04  0.000E+00  0.000E+00  0.000E+00  0.295E+00  0.000E+00  0.000E+00  0.000E+00  0.000E+00  0.000E+00  0.000E+00
        21.4427  0.000E+00  0.000E+00  0.000E+00  0.000E+00 -0.145E+04  0.000E+00  0.000E+00  0.000E+00  0.295E+00  0.000E+00  0.000E+00  0.000E+00  0.000E+00  0.000E+00  0.000E+00
        21.6897  0.000E+00  0.000E+00  0.000E+00  0.000E+00 -0.146E+04  0.000E+00  0.000E+00  0.000E+00  0.296E+00  0.000E+00  0.000E+00  0.000E+00  0.000E+00  0.000E+00  0.000E+00
        21.9368  0.000E+00  0.000E+00  0.000E+00  0.000E+00 -0.148E+04  0.000E+00  0.000E+00  0.000E+00  0.296E+00  0.000E+00  0.000E+00  0.000E+00  0.000E+00  0.000E+00  0.000E+00
        22.1839  0.000E+00  0.000E+00  0.000E+00  0.000E+00 -0.150E+04  0.000E+00  0.000E+00  0.000E+00  0.296E+00  0.000E+00  0.000E+00  0.000E+00  0.000E+00  0.000E+00  0.000E+00
        22.4309  0.000E+00  0.000E+00  0.000E+00  0.000E+00 -0.151E+04  0.000E+00  0.000E+00  0.000E+00  0.296E+00  0.000E+00  0.000E+00  0.000E+00  0.000E+00  0.000E+00  0.000E+00
        22.6780  0.000E+00  0.000E+00  0.000E+00  0.000E+00 -0.153E+04  0.000E+00  0.000E+00  0.000E+00  0.296E+00  0.000E+00  0.000E+00  0.000E+00  0.000E+00  0.000E+00  0.000E+00
        22.9251  0.000E+00  0.000E+00  0.000E+00  0.000E+00 -0.155E+04  0.000E+00  0.000E+00  0.000E+00  0.296E+00  0.000E+00  0.000E+00  0.000E+00  0.000E+00  0.000E+00  0.000E+00
        23.1721  0.000E+00  0.000E+00  0.000E+00  0.000E+00 -0.156E+04  0.000E+00  0.000E+00  0.000E+00  0.296E+00  0.000E+00  0.000E+00  0.000E+00  0.000E+00  0.000E+00  0.000E+00
        23.4933  0.000E+00  0.000E+00  0.000E+00  0.000E+00 -0.159E+04  0.000E+00  0.000E+00  0.000E+00  0.297E+00  0.000E+00  0.000E+00  0.000E+00  0.000E+00  0.000E+00  0.000E+00
        23.8145  0.000E+00  0.000E+00  0.000E+00  0.000E+00 -0.161E+04  0.000E+00  0.000E+00  0.000E+00  0.297E+00  0.000E+00  0.000E+00  0.000E+00  0.000E+00  0.000E+00  0.000E+00
        24.1357  0.000E+00  0.000E+00  0.000E+00  0.000E+00 -0.163E+04  0.000E+00  0.000E+00  0.000E+00  0.297E+00  0.000E+00  0.000E+00  0.000E+00  0.000E+00  0.000E+00  0.000E+00
        24.4569  0.000E+00  0.000E+00  0.000E+00  0.000E+00 -0.165E+04  0.000E+00  0.000E+00  0.000E+00  0.297E+00  0.000E+00  0.000E+00  0.000E+00  0.000E+00  0.000E+00  0.000E+00
        24.7780  0.000E+00  0.000E+00  0.000E+00  0.000E+00 -0.167E+04  0.000E+00  0.000E+00  0.000E+00  0.297E+00  0.000E+00  0.000E+00  0.000E+00  0.000E+00  0.000E+00  0.000E+00
        25.0992  0.000E+00  0.000E+00  0.000E+00  0.000E+00 -0.169E+04  0.000E+00  0.000E+00  0.000E+00  0.297E+00  0.000E+00  0.000E+00  0.000E+00  0.000E+00  0.000E+00  0.000E+00
        25.4204  0.000E+00  0.000E+00  0.000E+00  0.000E+00 -0.172E+04  0.000E+00  0.000E+00  0.000E+00  0.297E+00  0.000E+00  0.000E+00  0.000E+00  0.000E+00  0.000E+00  0.000E+00
        25.7416  0.000E+00  0.000E+00  0.000E+00  0.000E+00 -0.174E+04  0.000E+00  0.000E+00  0.000E+00  0.297E+00  0.000E+00  0.000E+00  0.000E+00  0.000E+00  0.000E+00  0.000E+00
        26.0628  0.000E+00  0.000E+00  0.000E+00  0.000E+00 -0.176E+04  0.000E+00  0.000E+00  0.000E+00  0.298E+00  0.000E+00  0.000E+00  0.000E+00  0.000E+00  0.000E+00  0.000E+00
        26.3840  0.000E+00  0.000E+00  0.000E+00  0.000E+00 -0.178E+04  0.000E+00  0.000E+00  0.000E+00  0.298E+00  0.000E+00  0.000E+00  0.000E+00  0.000E+00  0.000E+00  0.000E+00
        26.7051  0.000E+00  0.000E+00  0.000E+00  0.000E+00 -0.180E+04  0.000E+00  0.000E+00  0.000E+00  0.298E+00  0.000E+00  0.000E+00  0.000E+00  0.000E+00  0.000E+00  0.000E+00
        27.0346  0.000E+00  0.000E+00  0.000E+00  0.000E+00 -0.182E+04  0.000E+00  0.000E+00  0.000E+00  0.298E+00  0.000E+00  0.000E+00  0.000E+00  0.000E+00  0.000E+00  0.000E+00
        27.3641  0.000E+00  0.000E+00  0.000E+00  0.000E+00 -0.185E+04  0.000E+00  0.000E+00  0.000E+00  0.298E+00  0.000E+00  0.000E+00  0.000E+00  0.000E+00  0.000E+00  0.000E+00
        27.6936  0.000E+00  0.000E+00  0.000E+00  0.000E+00 -0.187E+04  0.000E+00  0.000E+00  0.000E+00  0.298E+00  0.000E+00  0.000E+00  0.000E+00  0.000E+00  0.000E+00  0.000E+00
        28.0231  0.000E+00  0.000E+00  0.000E+00  0.000E+00 -0.189E+04  0.000E+00  0.000E+00  0.000E+00  0.298E+00  0.000E+00  0.000E+00  0.000E+00  0.000E+00  0.000E+00  0.000E+00
        28.3526  0.000E+00  0.000E+00  0.000E+00  0.000E+00 -0.191E+04  0.000E+00  0.000E+00  0.000E+00  0.298E+00  0.000E+00  0.000E+00  0.000E+00  0.000E+00  0.000E+00  0.000E+00
        28.6821  0.000E+00  0.000E+00  0.000E+00  0.000E+00 -0.194E+04  0.000E+00  0.000E+00  0.000E+00  0.298E+00  0.000E+00  0.000E+00  0.000E+00  0.000E+00  0.000E+00  0.000E+00
        29.0115  0.000E+00  0.000E+00  0.000E+00  0.000E+00 -0.196E+04  0.000E+00  0.000E+00  0.000E+00  0.298E+00  0.000E+00  0.000E+00  0.000E+00  0.000E+00  0.000E+00  0.000E+00
        29.3410  0.000E+00  0.000E+00  0.000E+00  0.000E+00 -0.198E+04  0.000E+00  0.000E+00  0.000E+00  0.298E+00  0.000E+00  0.000E+00  0.000E+00  0.000E+00  0.000E+00  0.000E+00
        29.6705  0.000E+00  0.000E+00  0.000E+00  0.000E+00 -0.200E+04  0.000E+00  0.000E+00  0.000E+00  0.299E+00  0.000E+00  0.000E+00  0.000E+00  0.000E+00  0.000E+00  0.000E+00
        30.0000  0.000E+00  0.000E+00  0.000E+00  0.000E+00 -0.203E+04  0.000E+00  0.000E+00  0.000E+00  0.299E+00  0.000E+00  0.000E+00  0.000E+00  0.000E+00  0.000E+00  0.000E+00
        30.3212  0.000E+00  0.000E+00  0.000E+00  0.000E+00 -0.205E+04  0.000E+00  0.000E+00  0.000E+00  0.299E+00  0.000E+00  0.000E+00  0.000E+00  0.000E+00  0.000E+00  0.000E+00
        30.6424  0.000E+00  0.000E+00  0.000E+00  0.000E+00 -0.207E+04  0.000E+00  0.000E+00  0.000E+00  0.299E+00  0.000E+00  0.000E+00  0.000E+00  0.000E+00  0.000E+00  0.000E+00
        30.9636  0.000E+00  0.000E+00  0.000E+00  0.000E+00 -0.209E+04  0.000E+00  0.000E+00  0.000E+00  0.299E+00  0.000E+00  0.000E+00  0.000E+00  0.000E+00  0.000E+00  0.000E+00
        31.2847  0.000E+00  0.000E+00  0.000E+00  0.000E+00 -0.211E+04  0.000E+00  0.000E+00  0.000E+00  0.299E+00  0.000E+00  0.000E+00  0.000E+00  0.000E+00  0.000E+00  0.000E+00
        31.6059  0.000E+00  0.000E+00  0.000E+00  0.000E+00 -0.213E+04  0.000E+00  0.000E+00  0.000E+00  0.299E+00  0.000E+00  0.000E+00  0.000E+00  0.000E+00  0.000E+00  0.000E+00
        31.9271  0.000E+00  0.000E+00  0.000E+00  0.000E+00 -0.216E+04  0.000E+00  0.000E+00  0.000E+00  0.299E+00  0.000E+00  0.000E+00  0.000E+00  0.000E+00  0.000E+00  0.000E+00
        32.2483  0.000E+00  0.000E+00  0.000E+00  0.000E+00 -0.218E+04  0.000E+00  0.000E+00  0.000E+00  0.299E+00  0.000E+00  0.000E+00  0.000E+00  0.000E+00  0.000E+00  0.000E+00
        32.5695  0.000E+00  0.000E+00  0.000E+00  0.000E+00 -0.220E+04  0.000E+00  0.000E+00  0.000E+00  0.299E+00  0.000E+00  0.000E+00  0.000E+00  0.000E+00  0.000E+00  0.000E+00
        32.8907  0.000E+00  0.000E+00  0.000E+00  0.000E+00 -0.222E+04  0.000E+00  0.000E+00  0.000E+00  0.299E+00  0.000E+00  0.000E+00  0.000E+00  0.000E+00  0.000E+00  0.000E+00
        33.2118  0.000E+00  0.000E+00  0.000E+00  0.000E+00 -0.224E+04  0.000E+00  0.000E+00  0.000E+00  0.299E+00  0.000E+00  0.000E+00  0.000E+00  0.000E+00  0.000E+00  0.000E+00
        33.5330  0.000E+00  0.000E+00  0.000E+00  0.000E+00 -0.226E+04  0.000E+00  0.000E+00  0.000E+00  0.299E+00  0.000E+00  0.000E+00  0.000E+00  0.000E+00  0.000E+00  0.000E+00
        33.8542  0.000E+00  0.000E+00  0.000E+00  0.000E+00 -0.229E+04  0.000E+00  0.000E+00  0.000E+00  0.299E+00  0.000E+00  0.000E+00  0.000E+00  0.000E+00  0.000E+00  0.000E+00
        34.1754  0.000E+00  0.000E+00  0.000E+00  0.000E+00 -0.231E+04  0.000E+00  0.000E+00  0.000E+00  0.299E+00  0.000E+00  0.000E+00  0.000E+00  0.000E+00  0.000E+00  0.000E+00
        34.4966  0.000E+00  0.000E+00  0.000E+00  0.000E+00 -0.233E+04  0.000E+00  0.000E+00  0.000E+00  0.299E+00  0.000E+00  0.000E+00  0.000E+00  0.000E+00  0.000E+00  0.000E+00
        34.8178  0.000E+00  0.000E+00  0.000E+00  0.000E+00 -0.235E+04  0.000E+00  0.000E+00  0.000E+00  0.299E+00  0.000E+00  0.000E+00  0.000E+00  0.000E+00  0.000E+00  0.000E+00
        35.1389  0.000E+00  0.000E+00  0.000E+00  0.000E+00 -0.237E+04  0.000E+00  0.000E+00  0.000E+00  0.299E+00  0.000E+00  0.000E+00  0.000E+00  0.000E+00  0.000E+00  0.000E+00
        35.4601  0.000E+00  0.000E+00  0.000E+00  0.000E+00 -0.239E+04  0.000E+00  0.000E+00  0.000E+00  0.299E+00  0.000E+00  0.000E+00  0.000E+00  0.000E+00  0.000E+00  0.000E+00
        35.7813  0.000E+00  0.000E+00  0.000E+00  0.000E+00 -0.242E+04  0.000E+00  0.000E+00  0.000E+00  0.299E+00  0.000E+00  0.000E+00  0.000E+00  0.000E+00  0.000E+00  0.000E+00
        36.1025  0.000E+00  0.000E+00  0.000E+00  0.000E+00 -0.244E+04  0.000E+00  0.000E+00  0.000E+00  0.299E+00  0.000E+00  0.000E+00  0.000E+00  0.000E+00  0.000E+00  0.000E+00
        36.4237  0.000E+00  0.000E+00  0.000E+00  0.000E+00 -0.246E+04  0.000E+00  0.000E+00  0.000E+00  0.299E+00  0.000E+00  0.000E+00  0.000E+00  0.000E+00  0.000E+00  0.000E+00
        36.7449  0.000E+00  0.000E+00  0.000E+00  0.000E+00 -0.248E+04  0.000E+00  0.000E+00  0.000E+00  0.299E+00  0.000E+00  0.000E+00  0.000E+00  0.000E+00  0.000E+00  0.000E+00
        37.0660  0.000E+00  0.000E+00  0.000E+00  0.000E+00 -0.250E+04  0.000E+00  0.000E+00  0.000E+00  0.299E+00  0.000E+00  0.000E+00  0.000E+00  0.000E+00  0.000E+00  0.000E+00
        37.3872  0.000E+00  0.000E+00  0.000E+00  0.000E+00 -0.252E+04  0.000E+00  0.000E+00  0.000E+00  0.299E+00  0.000E+00  0.000E+00  0.000E+00  0.000E+00  0.000E+00  0.000E+00
        37.7084  0.000E+00  0.000E+00  0.000E+00  0.000E+00 -0.255E+04  0.000E+00  0.000E+00  0.000E+00  0.300E+00  0.000E+00  0.000E+00  0.000E+00  0.000E+00  0.000E+00  0.000E+00
        38.0296  0.000E+00  0.000E+00  0.000E+00  0.000E+00 -0.257E+04  0.000E+00  0.000E+00  0.000E+00  0.300E+00  0.000E+00  0.000E+00  0.000E+00  0.000E+00  0.000E+00  0.000E+00
        38.3508  0.000E+00  0.000E+00  0.000E+00  0.000E+00 -0.259E+04  0.000E+00  0.000E+00  0.000E+00  0.300E+00  0.000E+00  0.000E+00  0.000E+00  0.000E+00  0.000E+00  0.000E+00
        38.6720  0.000E+00  0.000E+00  0.000E+00  0.000E+00 -0.261E+04  0.000E+00  0.000E+00  0.000E+00  0.300E+00  0.000E+00  0.000E+00  0.000E+00  0.000E+00  0.000E+00  0.000E+00
        38.9931  0.000E+00  0.000E+00  0.000E+00  0.000E+00 -0.263E+04  0.000E+00  0.000E+00  0.000E+00  0.300E+00  0.000E+00  0.000E+00  0.000E+00  0.000E+00  0.000E+00  0.000E+00
        39.3143  0.000E+00  0.000E+00  0.000E+00  0.000E+00 -0.265E+04  0.000E+00  0.000E+00  0.000E+00  0.300E+00  0.000E+00  0.000E+00  0.000E+00  0.000E+00  0.000E+00  0.000E+00
        39.6355  0.000E+00  0.000E+00  0.000E+00  0.000E+00 -0.268E+04  0.000E+00  0.000E+00  0.000E+00  0.300E+00  0.000E+00  0.000E+00  0.000E+00  0.000E+00  0.000E+00  0.000E+00
        39.9567  0.000E+00  0.000E+00  0.000E+00  0.000E+00 -0.270E+04  0.000E+00  0.000E+00  0.000E+00  0.300E+00  0.000E+00  0.000E+00  0.000E+00  0.000E+00  0.000E+00  0.000E+00
        40.2779  0.000E+00  0.000E+00  0.000E+00  0.000E+00 -0.272E+04  0.000E+00  0.000E+00  0.000E+00  0.300E+00  0.000E+00  0.000E+00  0.000E+00  0.000E+00  0.000E+00  0.000E+00
        40.5991  0.000E+00  0.000E+00  0.000E+00  0.000E+00 -0.274E+04  0.000E+00  0.000E+00  0.000E+00  0.300E+00  0.000E+00  0.000E+00  0.000E+00  0.000E+00  0.000E+00  0.000E+00
        40.9202  0.000E+00  0.000E+00  0.000E+00  0.000E+00 -0.276E+04  0.000E+00  0.000E+00  0.000E+00  0.300E+00  0.000E+00  0.000E+00  0.000E+00  0.000E+00  0.000E+00  0.000E+00
        41.2414  0.000E+00  0.000E+00  0.000E+00  0.000E+00 -0.278E+04  0.000E+00  0.000E+00  0.000E+00  0.300E+00  0.000E+00  0.000E+00  0.000E+00  0.000E+00  0.000E+00  0.000E+00
        41.5626  0.000E+00  0.000E+00  0.000E+00  0.000E+00 -0.281E+04  0.000E+00  0.000E+00  0.000E+00  0.300E+00  0.000E+00  0.000E+00  0.000E+00  0.000E+00  0.000E+00  0.000E+00
        41.8838  0.000E+00  0.000E+00  0.000E+00  0.000E+00 -0.283E+04  0.000E+00  0.000E+00  0.000E+00  0.300E+00  0.000E+00  0.000E+00  0.000E+00  0.000E+00  0.000E+00  0.000E+00
        42.2050  0.000E+00  0.000E+00  0.000E+00  0.000E+00 -0.285E+04  0.000E+00  0.000E+00  0.000E+00  0.300E+00  0.000E+00  0.000E+00  0.000E+00  0.000E+00  0.000E+00  0.000E+00
        42.5262  0.000E+00  0.000E+00  0.000E+00  0.000E+00 -0.287E+04  0.000E+00  0.000E+00  0.000E+00  0.300E+00  0.000E+00  0.000E+00  0.000E+00  0.000E+00  0.000E+00  0.000E+00
        42.8473  0.000E+00  0.000E+00  0.000E+00  0.000E+00 -0.289E+04  0.000E+00  0.000E+00  0.000E+00  0.300E+00  0.000E+00  0.000E+00  0.000E+00  0.000E+00  0.000E+00  0.000E+00
        43.1685  0.000E+00  0.000E+00  0.000E+00  0.000E+00 -0.291E+04  0.000E+00  0.000E+00  0.000E+00  0.300E+00  0.000E+00  0.000E+00  0.000E+00  0.000E+00  0.000E+00  0.000E+00
        43.4897  0.000E+00  0.000E+00  0.000E+00  0.000E+00 -0.294E+04  0.000E+00  0.000E+00  0.000E+00  0.300E+00  0.000E+00  0.000E+00  0.000E+00  0.000E+00  0.000E+00  0.000E+00
        43.8109  0.000E+00  0.000E+00  0.000E+00  0.000E+00 -0.296E+04  0.000E+00  0.000E+00  0.000E+00  0.300E+00  0.000E+00  0.000E+00  0.000E+00  0.000E+00  0.000E+00  0.000E+00
        44.1321  0.000E+00  0.000E+00  0.000E+00  0.000E+00 -0.298E+04  0.000E+00  0.000E+00  0.000E+00  0.300E+00  0.000E+00  0.000E+00  0.000E+00  0.000E+00  0.000E+00  0.000E+00
        44.4533  0.000E+00  0.000E+00  0.000E+00  0.000E+00 -0.300E+04  0.000E+00  0.000E+00  0.000E+00  0.300E+00  0.000E+00  0.000E+00  0.000E+00  0.000E+00  0.000E+00  0.000E+00
        44.7744  0.000E+00  0.000E+00  0.000E+00  0.000E+00 -0.302E+04  0.000E+00  0.000E+00  0.000E+00  0.300E+00  0.000E+00  0.000E+00  0.000E+00  0.000E+00  0.000E+00  0.000E+00
        45.0956  0.000E+00  0.000E+00  0.000E+00  0.000E+00 -0.304E+04  0.000E+00  0.000E+00  0.000E+00  0.300E+00  0.000E+00  0.000E+00  0.000E+00  0.000E+00  0.000E+00  0.000E+00
        45.4168  0.000E+00  0.000E+00  0.000E+00  0.000E+00 -0.307E+04  0.000E+00  0.000E+00  0.000E+00  0.300E+00  0.000E+00  0.000E+00  0.000E+00  0.000E+00  0.000E+00  0.000E+00
        45.7380  0.000E+00  0.000E+00  0.000E+00  0.000E+00 -0.309E+04  0.000E+00  0.000E+00  0.000E+00  0.300E+00  0.000E+00  0.000E+00  0.000E+00  0.000E+00  0.000E+00  0.000E+00
        46.0592  0.000E+00  0.000E+00  0.000E+00  0.000E+00 -0.311E+04  0.000E+00  0.000E+00  0.000E+00  0.300E+00  0.000E+00  0.000E+00  0.000E+00  0.000E+00  0.000E+00  0.000E+00
        46.3804  0.000E+00  0.000E+00  0.000E+00  0.000E+00 -0.313E+04  0.000E+00  0.000E+00  0.000E+00  0.300E+00  0.000E+00  0.000E+00  0.000E+00  0.000E+00  0.000E+00  0.000E+00
        46.7015  0.000E+00  0.000E+00  0.000E+00  0.000E+00 -0.315E+04  0.000E+00  0.000E+00  0.000E+00  0.300E+00  0.000E+00  0.000E+00  0.000E+00  0.000E+00  0.000E+00  0.000E+00
        47.0227  0.000E+00  0.000E+00  0.000E+00  0.000E+00 -0.317E+04  0.000E+00  0.000E+00  0.000E+00  0.300E+00  0.000E+00  0.000E+00  0.000E+00  0.000E+00  0.000E+00  0.000E+00
        47.3439  0.000E+00  0.000E+00  0.000E+00  0.000E+00 -0.320E+04  0.000E+00  0.000E+00  0.000E+00  0.300E+00  0.000E+00  0.000E+00  0.000E+00  0.000E+00  0.000E+00  0.000E+00
        47.6651  0.000E+00  0.000E+00  0.000E+00  0.000E+00 -0.322E+04  0.000E+00  0.000E+00  0.000E+00  0.300E+00  0.000E+00  0.000E+00  0.000E+00  0.000E+00  0.000E+00  0.000E+00
        47.9863  0.000E+00  0.000E+00  0.000E+00  0.000E+00 -0.324E+04  0.000E+00  0.000E+00  0.000E+00  0.300E+00  0.000E+00  0.000E+00  0.000E+00  0.000E+00  0.000E+00  0.000E+00
        48.3075  0.000E+00  0.000E+00  0.000E+00  0.000E+00 -0.326E+04  0.000E+00  0.000E+00  0.000E+00  0.300E+00  0.000E+00  0.000E+00  0.000E+00  0.000E+00  0.000E+00  0.000E+00
        48.6287  0.000E+00  0.000E+00  0.000E+00  0.000E+00 -0.328E+04  0.000E+00  0.000E+00  0.000E+00  0.300E+00  0.000E+00  0.000E+00  0.000E+00  0.000E+00  0.000E+00  0.000E+00
        48.9498  0.000E+00  0.000E+00  0.000E+00  0.000E+00 -0.330E+04  0.000E+00  0.000E+00  0.000E+00  0.300E+00  0.000E+00  0.000E+00  0.000E+00  0.000E+00  0.000E+00  0.000E+00
        49.2710  0.000E+00  0.000E+00  0.000E+00  0.000E+00 -0.333E+04  0.000E+00  0.000E+00  0.000E+00  0.300E+00  0.000E+00  0.000E+00  0.000E+00  0.000E+00  0.000E+00  0.000E+00
        49.5922  0.000E+00  0.000E+00  0.000E+00  0.000E+00 -0.335E+04  0.000E+00  0.000E+00  0.000E+00  0.300E+00  0.000E+00  0.000E+00  0.000E+00  0.000E+00  0.000E+00  0.000E+00
        49.9134  0.000E+00  0.000E+00  0.000E+00  0.000E+00 -0.337E+04  0.000E+00  0.000E+00  0.000E+00  0.300E+00  0.000E+00  0.000E+00  0.000E+00  0.000E+00  0.000E+00  0.000E+00
        50.2346  0.000E+00  0.000E+00  0.000E+00  0.000E+00 -0.339E+04  0.000E+00  0.000E+00  0.000E+00  0.300E+00  0.000E+00  0.000E+00  0.000E+00  0.000E+00  0.000E+00  0.000E+00
        50.5558  0.000E+00  0.000E+00  0.000E+00  0.000E+00 -0.341E+04  0.000E+00  0.000E+00  0.000E+00  0.300E+00  0.000E+00  0.000E+00  0.000E+00  0.000E+00  0.000E+00  0.000E+00
        50.8769  0.000E+00  0.000E+00  0.000E+00  0.000E+00 -0.343E+04  0.000E+00  0.000E+00  0.000E+00  0.300E+00  0.000E+00  0.000E+00  0.000E+00  0.000E+00  0.000E+00  0.000E+00
        51.1981  0.000E+00  0.000E+00  0.000E+00  0.000E+00 -0.346E+04  0.000E+00  0.000E+00  0.000E+00  0.300E+00  0.000E+00  0.000E+00  0.000E+00  0.000E+00  0.000E+00  0.000E+00
        51.5193  0.000E+00  0.000E+00  0.000E+00  0.000E+00 -0.348E+04  0.000E+00  0.000E+00  0.000E+00  0.300E+00  0.000E+00  0.000E+00  0.000E+00  0.000E+00  0.000E+00  0.000E+00
        51.8405  0.000E+00  0.000E+00  0.000E+00  0.000E+00 -0.350E+04  0.000E+00  0.000E+00  0.000E+00  0.300E+00  0.000E+00  0.000E+00  0.000E+00  0.000E+00  0.000E+00  0.000E+00
        52.1617  0.000E+00  0.000E+00  0.000E+00  0.000E+00 -0.352E+04  0.000E+00  0.000E+00  0.000E+00  0.301E+00  0.000E+00  0.000E+00  0.000E+00  0.000E+00  0.000E+00  0.000E+00
        52.4829  0.000E+00  0.000E+00  0.000E+00  0.000E+00 -0.354E+04  0.000E+00  0.000E+00  0.000E+00  0.303E+00  0.000E+00  0.000E+00  0.000E+00  0.000E+00  0.000E+00  0.000E+00
        52.8040  0.000E+00  0.000E+00  0.000E+00  0.000E+00 -0.356E+04  0.000E+00  0.000E+00  0.000E+00  0.306E+00  0.000E+00  0.000E+00  0.000E+00  0.000E+00  0.000E+00  0.000E+00
        53.1252  0.000E+00  0.000E+00  0.000E+00  0.000E+00 -0.359E+04  0.000E+00  0.000E+00  0.000E+00  0.316E+00  0.000E+00  0.000E+00  0.000E+00  0.000E+00  0.000E+00  0.000E+00
        53.4464  0.000E+00  0.000E+00  0.000E+00  0.000E+00 -0.361E+04  0.000E+00  0.000E+00  0.000E+00  0.338E+00  0.000E+00  0.000E+00  0.000E+00  0.000E+00  0.000E+00  0.000E+00
        53.7676  0.000E+00  0.000E+00  0.000E+00  0.000E+00 -0.363E+04  0.000E+00  0.000E+00  0.000E+00  0.386E+00  0.000E+00  0.000E+00  0.000E+00  0.000E+00  0.000E+00  0.000E+00
        54.0888  0.000E+00  0.000E+00  0.000E+00  0.000E+00 -0.365E+04  0.000E+00  0.000E+00  0.000E+00  0.484E+00  0.000E+00  0.000E+00  0.000E+00  0.000E+00  0.000E+00  0.000E+00
        54.4100  0.000E+00  0.000E+00  0.000E+00  0.000E+00 -0.367E+04  0.000E+00  0.000E+00  0.000E+00  0.666E+00  0.000E+00  0.000E+00  0.000E+00  0.000E+00  0.000E+00  0.000E+00
        54.7311  0.000E+00  0.000E+00  0.000E+00  0.000E+00 -0.369E+04  0.000E+00  0.000E+00  0.000E+00  0.975E+00  0.000E+00  0.000E+00  0.000E+00  0.000E+00  0.000E+00  0.000E+00
        55.0523  0.000E+00  0.000E+00  0.000E+00  0.000E+00 -0.372E+04  0.000E+00  0.000E+00  0.000E+00  0.146E+01  0.000E+00  0.000E+00  0.000E+00  0.000E+00  0.000E+00  0.000E+00
        55.3735  0.000E+00  0.000E+00  0.000E+00  0.000E+00 -0.374E+04  0.000E+00  0.000E+00  0.000E+00  0.215E+01  0.000E+00  0.000E+00  0.000E+00  0.000E+00  0.000E+00  0.000E+00
        55.6947  0.000E+00  0.000E+00  0.000E+00  0.000E+00 -0.376E+04  0.000E+00  0.000E+00  0.000E+00  0.310E+01  0.000E+00  0.000E+00  0.000E+00  0.000E+00  0.000E+00  0.000E+00
        56.0159  0.000E+00  0.000E+00  0.000E+00  0.000E+00 -0.378E+04  0.000E+00  0.000E+00  0.000E+00  0.432E+01  0.000E+00  0.000E+00  0.000E+00  0.000E+00  0.000E+00  0.000E+00
        56.3371  0.000E+00  0.000E+00  0.000E+00  0.000E+00 -0.380E+04  0.000E+00  0.000E+00  0.000E+00  0.584E+01  0.000E+00  0.000E+00  0.000E+00  0.000E+00  0.000E+00  0.000E+00
        56.6582  0.000E+00  0.000E+00  0.000E+00  0.000E+00 -0.382E+04  0.000E+00  0.000E+00  0.000E+00  0.766E+01  0.000E+00  0.000E+00  0.000E+00  0.000E+00  0.000E+00  0.000E+00
        56.9924  0.000E+00  0.000E+00  0.000E+00  0.000E+00 -0.385E+04  0.000E+00  0.000E+00  0.000E+00  0.988E+01  0.000E+00  0.000E+00  0.000E+00  0.000E+00  0.000E+00  0.000E+00
        57.4221  0.000E+00  0.000E+00  0.000E+00  0.000E+00 -0.388E+04  0.000E+00  0.000E+00  0.000E+00  0.132E+02  0.000E+00  0.000E+00  0.000E+00  0.000E+00  0.000E+00  0.000E+00
        57.8517  0.000E+00  0.000E+00  0.000E+00  0.000E+00 -0.390E+04  0.000E+00  0.000E+00  0.000E+00  0.171E+02  0.000E+00  0.000E+00  0.000E+00  0.000E+00  0.000E+00  0.000E+00
        58.2814  0.000E+00  0.000E+00  0.000E+00  0.000E+00 -0.393E+04  0.000E+00  0.000E+00  0.000E+00  0.216E+02  0.000E+00  0.000E+00  0.000E+00  0.000E+00  0.000E+00  0.000E+00
        58.7110  0.000E+00  0.000E+00  0.000E+00  0.000E+00 -0.396E+04  0.000E+00  0.000E+00  0.000E+00  0.267E+02  0.000E+00  0.000E+00  0.000E+00  0.000E+00  0.000E+00  0.000E+00
        59.1407  0.000E+00  0.000E+00  0.000E+00  0.000E+00 -0.399E+04  0.000E+00  0.000E+00  0.000E+00  0.323E+02  0.000E+00  0.000E+00  0.000E+00  0.000E+00  0.000E+00  0.000E+00
        59.5703  0.000E+00  0.000E+00  0.000E+00  0.000E+00 -0.402E+04  0.000E+00  0.000E+00  0.000E+00  0.385E+02  0.000E+00  0.000E+00  0.000E+00  0.000E+00  0.000E+00  0.000E+00
        60.0000  0.000E+00  0.000E+00  0.000E+00  0.000E+00 -0.405E+04  0.000E+00  0.000E+00  0.000E+00  0.451E+02  0.000E+00  0.000E+00  0.000E+00  0.000E+00  0.000E+00  0.000E+00
        60.0010  0.000E+00  0.000E+00  0.000E+00  0.000E+00 -0.405E+04  0.000E+00  0.000E+00  0.000E+00  0.451E+02  0.000E+00  0.000E+00  0.000E+00  0.000E+00  0.000E+00  0.000E+00
        60.0020  0.000E+00  0.000E+00  0.000E+00  0.000E+00 -0.405E+04  0.000E+00  0.000E+00  0.000E+00  0.451E+02  0.000E+00  0.000E+00  0.000E+00  0.000E+00  0.000E+00  0.000E+00
        60.0033  0.000E+00  0.000E+00  0.000E+00  0.000E+00 -0.405E+04  0.000E+00  0.000E+00  0.000E+00  0.451E+02  0.000E+00  0.000E+00  0.000E+00  0.000E+00  0.000E+00  0.000E+00
        60.0050  0.000E+00  0.000E+00  0.000E+00  0.000E+00 -0.405E+04  0.000E+00  0.000E+00  0.000E+00  0.451E+02  0.000E+00  0.000E+00  0.000E+00  0.000E+00  0.000E+00  0.000E+00
        60.0072  0.000E+00  0.000E+00  0.000E+00  0.000E+00 -0.405E+04  0.000E+00  0.000E+00  0.000E+00  0.452E+02  0.000E+00  0.000E+00  0.000E+00  0.000E+00  0.000E+00  0.000E+00
        60.0100  0.000E+00  0.000E+00  0.000E+00  0.000E+00 -0.405E+04  0.000E+00  0.000E+00  0.000E+00  0.452E+02  0.000E+00  0.000E+00  0.000E+00  0.000E+00  0.000E+00  0.000E+00
        60.0138  0.000E+00  0.000E+00  0.000E+00  0.000E+00 -0.405E+04  0.000E+00  0.000E+00  0.000E+00  0.453E+02  0.000E+00  0.000E+00  0.000E+00  0.000E+00  0.000E+00  0.000E+00
        60.0186  0.000E+00  0.000E+00  0.000E+00  0.000E+00 -0.405E+04  0.000E+00  0.000E+00  0.000E+00  0.454E+02  0.000E+00  0.000E+00  0.000E+00  0.000E+00  0.000E+00  0.000E+00
        60.0249  0.000E+00  0.000E+00  0.000E+00  0.000E+00 -0.405E+04  0.000E+00  0.000E+00  0.000E+00  0.455E+02  0.000E+00  0.000E+00  0.000E+00  0.000E+00  0.000E+00  0.000E+00
        60.0330  0.000E+00  0.000E+00  0.000E+00  0.000E+00 -0.405E+04  0.000E+00  0.000E+00  0.000E+00  0.456E+02  0.000E+00  0.000E+00  0.000E+00  0.000E+00  0.000E+00  0.000E+00
        60.0436  0.000E+00  0.000E+00  0.000E+00  0.000E+00 -0.405E+04  0.000E+00  0.000E+00  0.000E+00  0.458E+02  0.000E+00  0.000E+00  0.000E+00  0.000E+00  0.000E+00  0.000E+00
        60.0574  0.000E+00  0.000E+00  0.000E+00  0.000E+00 -0.405E+04  0.000E+00  0.000E+00  0.000E+00  0.460E+02  0.000E+00  0.000E+00  0.000E+00  0.000E+00  0.000E+00  0.000E+00
        60.0753  0.000E+00  0.000E+00  0.000E+00  0.000E+00 -0.405E+04  0.000E+00  0.000E+00  0.000E+00  0.463E+02  0.000E+00  0.000E+00  0.000E+00  0.000E+00  0.000E+00  0.000E+00
        60.0986  0.000E+00  0.000E+00  0.000E+00  0.000E+00 -0.405E+04  0.000E+00  0.000E+00  0.000E+00  0.467E+02  0.000E+00  0.000E+00  0.000E+00  0.000E+00  0.000E+00  0.000E+00
        60.1289  0.000E+00  0.000E+00  0.000E+00  0.000E+00 -0.405E+04  0.000E+00  0.000E+00  0.000E+00  0.471E+02  0.000E+00  0.000E+00  0.000E+00  0.000E+00  0.000E+00  0.000E+00
        60.1683  0.000E+00  0.000E+00  0.000E+00  0.000E+00 -0.405E+04  0.000E+00  0.000E+00  0.000E+00  0.478E+02  0.000E+00  0.000E+00  0.000E+00  0.000E+00  0.000E+00  0.000E+00
        60.2195  0.000E+00  0.000E+00  0.000E+00  0.000E+00 -0.405E+04  0.000E+00  0.000E+00  0.000E+00  0.486E+02  0.000E+00  0.000E+00  0.000E+00  0.000E+00  0.000E+00  0.000E+00
        60.2860  0.000E+00  0.000E+00  0.000E+00  0.000E+00 -0.405E+04  0.000E+00  0.000E+00  0.000E+00  0.497E+02  0.000E+00  0.000E+00  0.000E+00  0.000E+00  0.000E+00  0.000E+00
        60.3725  0.000E+00  0.000E+00  0.000E+00  0.000E+00 -0.405E+04  0.000E+00  0.000E+00  0.000E+00  0.510E+02  0.000E+00  0.000E+00  0.000E+00  0.000E+00  0.000E+00  0.000E+00
        60.4850  0.000E+00  0.000E+00  0.000E+00  0.000E+00 -0.405E+04  0.000E+00  0.000E+00  0.000E+00  0.527E+02  0.000E+00  0.000E+00  0.000E+00  0.000E+00  0.000E+00  0.000E+00
        60.6312  0.000E+00  0.000E+00  0.000E+00  0.000E+00 -0.405E+04  0.000E+00  0.000E+00  0.000E+00  0.547E+02  0.000E+00  0.000E+00  0.000E+00  0.000E+00  0.000E+00  0.000E+00
        60.8212  0.000E+00  0.000E+00  0.000E+00  0.000E+00 -0.405E+04  0.000E+00  0.000E+00  0.000E+00  0.572E+02  0.000E+00  0.000E+00  0.000E+00  0.000E+00  0.000E+00  0.000E+00
        61.0683  0.000E+00  0.000E+00  0.000E+00  0.000E+00 -0.405E+04  0.000E+00  0.000E+00  0.000E+00  0.600E+02  0.000E+00  0.000E+00  0.000E+00  0.000E+00  0.000E+00  0.000E+00
        61.3895  0.000E+00  0.000E+00  0.000E+00  0.000E+00 -0.405E+04  0.000E+00  0.000E+00  0.000E+00  0.633E+02  0.000E+00  0.000E+00  0.000E+00  0.000E+00  0.000E+00  0.000E+00
        61.8070  0.000E+00  0.000E+00  0.000E+00  0.000E+00 -0.405E+04  0.000E+00  0.000E+00  0.000E+00  0.670E+02  0.000E+00  0.000E+00  0.000E+00  0.000E+00  0.000E+00  0.000E+00
        62.3498  0.000E+00  0.000E+00  0.000E+00  0.000E+00 -0.405E+04  0.000E+00  0.000E+00  0.000E+00  0.709E+02  0.000E+00  0.000E+00  0.000E+00  0.000E+00  0.000E+00  0.000E+00
        63.0554  0.000E+00  0.000E+00  0.000E+00  0.000E+00 -0.405E+04  0.000E+00  0.000E+00  0.000E+00  0.751E+02  0.000E+00  0.000E+00  0.000E+00  0.000E+00  0.000E+00  0.000E+00
        63.7611  0.000E+00  0.000E+00  0.000E+00  0.000E+00 -0.405E+04  0.000E+00  0.000E+00  0.000E+00  0.784E+02  0.000E+00  0.000E+00  0.000E+00  0.000E+00  0.000E+00  0.000E+00
        64.6784  0.000E+00  0.000E+00  0.000E+00  0.000E+00 -0.405E+04  0.000E+00  0.000E+00  0.000E+00  0.818E+02  0.000E+00  0.000E+00  0.000E+00  0.000E+00  0.000E+00  0.000E+00
        65.5957  0.000E+00  0.000E+00  0.000E+00  0.000E+00 -0.405E+04  0.000E+00  0.000E+00  0.000E+00  0.845E+02  0.000E+00  0.000E+00  0.000E+00  0.000E+00  0.000E+00  0.000E+00
        66.7883  0.000E+00  0.000E+00  0.000E+00  0.000E+00 -0.405E+04  0.000E+00  0.000E+00  0.000E+00  0.874E+02  0.000E+00  0.000E+00  0.000E+00  0.000E+00  0.000E+00  0.000E+00
        67.9808  0.000E+00  0.000E+00  0.000E+00  0.000E+00 -0.405E+04  0.000E+00  0.000E+00  0.000E+00  0.895E+02  0.000E+00  0.000E+00  0.000E+00  0.000E+00  0.000E+00  0.000E+00
        69.5311  0.000E+00  0.000E+00  0.000E+00  0.000E+00 -0.405E+04  0.000E+00  0.000E+00  0.000E+00  0.917E+02  0.000E+00  0.000E+00  0.000E+00  0.000E+00  0.000E+00  0.000E+00
        71.0814  0.000E+00  0.000E+00  0.000E+00  0.000E+00 -0.405E+04  0.000E+00  0.000E+00  0.000E+00  0.932E+02  0.000E+00  0.000E+00  0.000E+00  0.000E+00  0.000E+00  0.000E+00
        73.0968  0.000E+00  0.000E+00  0.000E+00  0.000E+00 -0.405E+04  0.000E+00  0.000E+00  0.000E+00  0.948E+02  0.000E+00  0.000E+00  0.000E+00  0.000E+00  0.000E+00  0.000E+00
        75.1122  0.000E+00  0.000E+00  0.000E+00  0.000E+00 -0.405E+04  0.000E+00  0.000E+00  0.000E+00  0.958E+02  0.000E+00  0.000E+00  0.000E+00  0.000E+00  0.000E+00  0.000E+00
        77.7321  0.000E+00  0.000E+00  0.000E+00  0.000E+00 -0.405E+04  0.000E+00  0.000E+00  0.000E+00  0.969E+02  0.000E+00  0.000E+00  0.000E+00  0.000E+00  0.000E+00  0.000E+00
        80.3521  0.000E+00  0.000E+00  0.000E+00  0.000E+00 -0.405E+04  0.000E+00  0.000E+00  0.000E+00  0.976E+02  0.000E+00  0.000E+00  0.000E+00  0.000E+00  0.000E+00  0.000E+00
        82.9721  0.000E+00  0.000E+00  0.000E+00  0.000E+00 -0.405E+04  0.000E+00  0.000E+00  0.000E+00  0.981E+02  0.000E+00  0.000E+00  0.000E+00  0.000E+00  0.000E+00  0.000E+00
        86.3781  0.000E+00  0.000E+00  0.000E+00  0.000E+00 -0.405E+04  0.000E+00  0.000E+00  0.000E+00  0.985E+02  0.000E+00  0.000E+00  0.000E+00  0.000E+00  0.000E+00  0.000E+00
        89.7403  0.000E+00  0.000E+00  0.000E+00  0.000E+00 -0.405E+04  0.000E+00  0.000E+00  0.000E+00  0.989E+02  0.000E+00  0.000E+00  0.000E+00  0.000E+00  0.000E+00  0.000E+00
        93.1025  0.000E+00  0.000E+00  0.000E+00  0.000E+00 -0.405E+04  0.000E+00  0.000E+00  0.000E+00  0.991E+02  0.000E+00  0.000E+00  0.000E+00  0.000E+00  0.000E+00  0.000E+00
        97.5854  0.000E+00  0.000E+00  0.000E+00  0.000E+00 -0.405E+04  0.000E+00  0.000E+00  0.000E+00  0.993E+02  0.000E+00  0.000E+00  0.000E+00  0.000E+00  0.000E+00  0.000E+00
       102.0683  0.000E+00  0.000E+00  0.000E+00  0.000E+00 -0.405E+04  0.000E+00  0.000E+00  0.000E+00  0.995E+02  0.000E+00  0.000E+00  0.000E+00  0.000E+00  0.000E+00  0.000E+00
       106.5512  0.000E+00  0.000E+00  0.000E+00  0.000E+00 -0.405E+04  0.000E+00  0.000E+00  0.000E+00  0.996E+02  0.000E+00  0.000E+00  0.000E+00  0.000E+00  0.000E+00  0.000E+00
       111.0342  0.000E+00  0.000E+00  0.000E+00  0.000E+00 -0.405E+04  0.000E+00  0.000E+00  0.000E+00  0.997E+02  0.000E+00  0.000E+00  0.000E+00  0.000E+00  0.000E+00  0.000E+00
       115.5171  0.000E+00  0.000E+00  0.000E+00  0.000E+00 -0.405E+04  0.000E+00  0.000E+00  0.000E+00  0.997E+02  0.000E+00  0.000E+00  0.000E+00  0.000E+00  0.000E+00  0.000E+00
       120.0000  0.000E+00  0.000E+00  0.000E+00  0.000E+00 -0.405E+04  0.000E+00  0.000E+00  0.000E+00  0.998E+02  0.000E+00  0.000E+00  0.000E+00  0.000E+00  0.000E+00  0.000E+00
       124.4278  0.000E+00  0.000E+00  0.000E+00  0.000E+00 -0.405E+04  0.000E+00  0.000E+00  0.000E+00  0.998E+02  0.000E+00  0.000E+00  0.000E+00  0.000E+00  0.000E+00  0.000E+00
       128.8556  0.000E+00  0.000E+00  0.000E+00  0.000E+00 -0.405E+04  0.000E+00  0.000E+00  0.000E+00  0.999E+02  0.000E+00  0.000E+00  0.000E+00  0.000E+00  0.000E+00  0.000E+00
       134.5383  0.000E+00  0.000E+00  0.000E+00  0.000E+00 -0.405E+04  0.000E+00  0.000E+00  0.000E+00  0.999E+02  0.000E+00  0.000E+00  0.000E+00  0.000E+00  0.000E+00  0.000E+00
       142.1152  0.000E+00  0.000E+00  0.000E+00  0.000E+00 -0.405E+04  0.000E+00  0.000E+00  0.000E+00  0.999E+02  0.000E+00  0.000E+00  0.000E+00  0.000E+00  0.000E+00  0.000E+00
       151.5864  0.000E+00  0.000E+00  0.000E+00  0.000E+00 -0.405E+04  0.000E+00  0.000E+00  0.000E+00  0.100E+03  0.000E+00  0.000E+00  0.000E+00  0.000E+00  0.000E+00  0.000E+00
       165.7932  0.000E+00  0.000E+00  0.000E+00  0.000E+00 -0.405E+04  0.000E+00  0.000E+00  0.000E+00  0.100E+03  0.000E+00  0.000E+00  0.000E+00  0.000E+00  0.000E+00  0.000E+00
       180.0000  0.000E+00  0.000E+00  0.000E+00  0.000E+00 -0.405E+04  0.000E+00  0.000E+00  0.000E+00  0.100E+03  0.000E+00  0.000E+00  0.000E+00  0.000E+00  0.000E+00  0.000E+00
       195.0000  0.000E+00  0.000E+00  0.000E+00  0.000E+00 -0.405E+04  0.000E+00  0.000E+00  0.000E+00  0.100E+03  0.000E+00  0.000E+00  0.000E+00  0.000E+00  0.000E+00  0.000E+00
       217.5000  0.000E+00  0.000E+00  0.000E+00  0.000E+00 -0.405E+04  0.000E+00  0.000E+00  0.000E+00  0.100E+03  0.000E+00  0.000E+00  0.000E+00  0.000E+00  0.000E+00  0.000E+00
       240.0000  0.000E+00  0.000E+00  0.000E+00  0.000E+00 -0.405E+04  0.000E+00  0.000E+00  0.000E+00  0.100E+03  0.000E+00  0.000E+00  0.000E+00  0.000E+00  0.000E+00  0.000E+00
       268.8889  0.000E+00  0.000E+00  0.000E+00  0.000E+00 -0.405E+04  0.000E+00  0.000E+00  0.000E+00  0.100E+03  0.000E+00  0.000E+00  0.000E+00  0.000E+00  0.000E+00  0.000E+00
       307.4074  0.000E+00  0.000E+00  0.000E+00  0.000E+00 -0.405E+04  0.000E+00  0.000E+00  0.000E+00  0.100E+03  0.000E+00  0.000E+00  0.000E+00  0.000E+00  0.000E+00  0.000E+00
       355.5556  0.000E+00  0.000E+00  0.000E+00  0.000E+00 -0.405E+04  0.000E+00  0.000E+00  0.000E+00  0.100E+03  0.000E+00  0.000E+00  0.000E+00  0.000E+00  0.000E+00  0.000E+00
       427.7778  0.000E+00  0.000E+00  0.000E+00  0.000E+00 -0.405E+04  0.000E+00  0.000E+00  0.000E+00  0.101E+03  0.000E+00  0.000E+00  0.000E+00  0.000E+00  0.000E+00  0.000E+00
       500.0000  0.000E+00  0.000E+00  0.000E+00  0.000E+00 -0.405E+04  0.000E+00  0.000E+00  0.000E+00  0.101E+03  0.000E+00  0.000E+00  0.000E+00  0.000E+00  0.000E+00  0.000E+00
       573.3333  0.000E+00  0.000E+00  0.000E+00  0.000E+00 -0.405E+04  0.000E+00  0.000E+00  0.000E+00  0.101E+03  0.000E+00  0.000E+00  0.000E+00  0.000E+00  0.000E+00  0.000E+00
       720.0000  0.000E+00  0.000E+00  0.000E+00  0.000E+00 -0.405E+04  0.000E+00  0.000E+00  0.000E+00  0.101E+03  0.000E+00  0.000E+00  0.000E+00  0.000E+00  0.000E+00  0.000E+00
       822.8571  0.000E+00  0.000E+00  0.000E+00  0.000E+00 -0.405E+04  0.000E+00  0.000E+00  0.000E+00  0.101E+03  0.000E+00  0.000E+00  0.000E+00  0.000E+00  0.000E+00  0.000E+00
       946.2857  0.000E+00  0.000E+00  0.000E+00  0.000E+00 -0.405E+04  0.000E+00  0.000E+00  0.000E+00  0.101E+03  0.000E+00  0.000E+00  0.000E+00  0.000E+00  0.000E+00  0.000E+00
      1110.8571  0.000E+00  0.000E+00  0.000E+00  0.000E+00 -0.405E+04  0.000E+00  0.000E+00  0.000E+00  0.101E+03  0.000E+00  0.000E+00  0.000E+00  0.000E+00  0.000E+00  0.000E+00
      1440.0000  0.000E+00  0.000E+00  0.000E+00  0.000E+00 -0.405E+04  0.000E+00  0.000E+00  0.000E+00  0.101E+03  0.000E+00  0.000E+00  0.000E+00  0.000E+00  0.000E+00  0.000E+00
      1800.0000  0.000E+00  0.000E+00  0.000E+00  0.000E+00 -0.405E+04  0.000E+00  0.000E+00  0.000E+00  0.101E+03  0.000E+00  0.000E+00  0.000E+00  0.000E+00  0.000E+00  0.000E+00
      2160.0000  0.000E+00  0.000E+00  0.000E+00  0.000E+00 -0.405E+04  0.000E+00  0.000E+00  0.000E+00  0.101E+03  0.000E+00  0.000E+00  0.000E+00  0.000E+00  0.000E+00  0.000E+00
      2520.0000  0.000E+00  0.000E+00  0.000E+00  0.000E+00 -0.405E+04  0.000E+00  0.000E+00  0.000E+00  0.101E+03  0.000E+00  0.000E+00  0.000E+00  0.000E+00  0.000E+00  0.000E+00
      2880.0000  0.000E+00  0.000E+00  0.000E+00  0.000E+00 -0.405E+04  0.000E+00  0.000E+00  0.000E+00  0.102E+03  0.000E+00  0.000E+00  0.000E+00  0.000E+00  0.000E+00  0.000E+00
end
