 FileVersion=0003


        Time         hAtm       hRoot     hKode3     hKode1      hSeep     hKode5     hKode6     hKode7     hKode8     hKode9 ... 
         [T]          [L]        [L]        [L]        [L]        [L]        [L]        [L]        [L]        [L]        [L]

         0.0010       -8.9        0.0       -8.8        0.0        0.0        0.0       -9.2        0.0        0.0        0.0
         0.0020       -8.9        0.0       -8.7        0.0        0.0        0.0       -9.5        0.0        0.0        0.0
         0.0030       -8.9        0.0       -8.6        0.0        0.0        0.0       -9.7        0.0        0.0        0.0
         0.0043       -8.9        0.0       -8.5        0.0        0.0        0.0       -9.9        0.0        0.0        0.0
         0.0060       -9.0        0.0       -8.4        0.0        0.0        0.0      -10.2        0.0        0.0        0.0
         0.0082       -9.0        0.0       -8.2        0.0        0.0        0.0      -10.4        0.0        0.0        0.0
         0.0110       -9.0        0.0       -8.0        0.0        0.0        0.0      -10.7        0.0        0.0        0.0
         0.0148       -9.0        0.0       -7.8        0.0        0.0        0.0      -10.9        0.0        0.0        0.0
         0.0196       -9.1        0.0       -7.5        0.0        0.0        0.0      -11.2        0.0        0.0        0.0
         0.0259       -9.1        0.0       -7.2        0.0        0.0        0.0      -11.5        0.0        0.0        0.0
         0.0340       -9.2        0.0       -6.9        0.0        0.0        0.0      -11.8        0.0        0.0        0.0
         0.0446       -9.3        0.0       -6.6        0.0        0.0        0.0      -12.1        0.0        0.0        0.0
         0.0584       -9.3        0.0       -6.3        0.0        0.0        0.0      -12.3        0.0        0.0        0.0
         0.0722       -9.4        0.0       -6.1        0.0        0.0        0.0      -12.6        0.0        0.0        0.0
         0.0860       -9.5        0.0       -5.9        0.0        0.0        0.0      -12.8        0.0        0.0        0.0
         0.1039       -9.7        0.0       -5.8        0.0        0.0        0.0      -13.0        0.0        0.0        0.0
         0.1218       -9.8        0.0       -5.7        0.0        0.0        0.0      -13.2        0.0        0.0        0.0
         0.1397       -9.9        0.0       -5.7        0.0        0.0        0.0      -13.3        0.0        0.0        0.0
         0.1577      -10.0        0.0       -5.6        0.0        0.0        0.0      -13.5        0.0        0.0        0.0
         0.1756      -10.1        0.0       -5.6        0.0        0.0        0.0      -13.6        0.0        0.0        0.0
         0.1989      -10.2        0.0       -5.6        0.0        0.0        0.0      -13.8        0.0        0.0        0.0
         0.2222      -10.3        0.0       -5.5        0.0        0.0        0.0      -13.9        0.0        0.0        0.0
         0.2455      -10.5        0.0       -5.5        0.0        0.0        0.0      -14.1        0.0        0.0        0.0
         0.2688      -10.6        0.0       -5.5        0.0        0.0        0.0      -14.2        0.0        0.0        0.0
         0.2921      -10.7        0.0       -5.5        0.0        0.0        0.0      -14.3        0.0        0.0        0.0
         0.3154      -10.8        0.0       -5.4        0.0        0.0        0.0      -14.4        0.0        0.0        0.0
         0.3387      -10.9        0.0       -5.4        0.0        0.0        0.0      -14.5        0.0        0.0        0.0
         0.3620      -11.0        0.0       -5.4        0.0        0.0        0.0      -14.6        0.0        0.0        0.0
         0.3853      -11.1        0.0       -5.4        0.0        0.0        0.0      -14.7        0.0        0.0        0.0
         0.4086      -11.2        0.0       -5.4        0.0        0.0        0.0      -14.8        0.0        0.0        0.0
         0.4319      -11.3        0.0       -5.3        0.0        0.0        0.0      -14.9        0.0        0.0        0.0
         0.4552      -11.3        0.0       -5.3        0.0        0.0        0.0      -15.0        0.0        0.0        0.0
         0.4785      -11.4        0.0       -5.3        0.0        0.0        0.0      -15.1        0.0        0.0        0.0
         0.5018      -11.5        0.0       -5.3        0.0        0.0        0.0      -15.1        0.0        0.0        0.0
         0.5320      -11.6        0.0       -5.3        0.0        0.0        0.0      -15.3        0.0        0.0        0.0
         0.5623      -11.7        0.0       -5.2        0.0        0.0        0.0      -15.4        0.0        0.0        0.0
         0.5926      -11.8        0.0       -5.2        0.0        0.0        0.0      -15.5        0.0        0.0        0.0
         0.6229      -11.9        0.0       -5.2        0.0        0.0        0.0      -15.5        0.0        0.0        0.0
         0.6532      -12.0        0.0       -5.2        0.0        0.0        0.0      -15.6        0.0        0.0        0.0
         0.6835      -12.1        0.0       -5.2        0.0        0.0        0.0      -15.7        0.0        0.0        0.0
         0.7138      -12.2        0.0       -5.1        0.0        0.0        0.0      -15.8        0.0        0.0        0.0
         0.7441      -12.2        0.0       -5.1        0.0        0.0        0.0      -15.9        0.0        0.0        0.0
         0.7743      -12.3        0.0       -5.1        0.0        0.0        0.0      -16.0        0.0        0.0        0.0
         0.8046      -12.4        0.0       -5.1        0.0        0.0        0.0      -16.1        0.0        0.0        0.0
         0.8349      -12.5        0.0       -5.0        0.0        0.0        0.0      -16.2        0.0        0.0        0.0
         0.8652      -12.5        0.0       -5.0        0.0        0.0        0.0      -16.2        0.0        0.0        0.0
         0.8955      -12.6        0.0       -5.0        0.0        0.0        0.0      -16.3        0.0        0.0        0.0
         0.9258      -12.7        0.0       -5.0        0.0        0.0        0.0      -16.4        0.0        0.0        0.0
         0.9561      -12.8        0.0       -5.0        0.0        0.0        0.0      -16.5        0.0        0.0        0.0
         0.9864      -12.8        0.0       -4.9        0.0        0.0        0.0      -16.5        0.0        0.0        0.0
         1.0166      -12.9        0.0       -4.9        0.0        0.0        0.0      -16.6        0.0        0.0        0.0
         1.0560      -13.0        0.0       -4.9        0.0        0.0        0.0      -16.7        0.0        0.0        0.0
         1.0954      -13.0        0.0       -4.9        0.0        0.0        0.0      -16.8        0.0        0.0        0.0
         1.1348      -13.1        0.0       -4.8        0.0        0.0        0.0      -16.9        0.0        0.0        0.0
         1.1741      -13.2        0.0       -4.8        0.0        0.0        0.0      -17.0        0.0        0.0        0.0
         1.2135      -13.3        0.0       -4.8        0.0        0.0        0.0      -17.1        0.0        0.0        0.0
         1.2529      -13.3        0.0       -4.7        0.0        0.0        0.0      -17.1        0.0        0.0        0.0
         1.2923      -13.4        0.0       -4.7        0.0        0.0        0.0      -17.2        0.0        0.0        0.0
         1.3316      -13.5        0.0       -4.7        0.0        0.0        0.0      -17.3        0.0        0.0        0.0
         1.3710      -13.5        0.0       -4.6        0.0        0.0        0.0      -17.4        0.0        0.0        0.0
         1.4104      -13.6        0.0       -4.6        0.0        0.0        0.0      -17.5        0.0        0.0        0.0
         1.4616      -13.7        0.0       -4.6        0.0        0.0        0.0      -17.6        0.0        0.0        0.0
         1.5128      -13.7        0.0       -4.5        0.0        0.0        0.0      -17.7        0.0        0.0        0.0
         1.5639      -13.8        0.0       -4.5        0.0        0.0        0.0      -17.8        0.0        0.0        0.0
         1.6151      -13.9        0.0       -4.5        0.0        0.0        0.0      -17.9        0.0        0.0        0.0
         1.6663      -13.9        0.0       -4.4        0.0        0.0        0.0      -18.0        0.0        0.0        0.0
         1.7175      -14.0        0.0       -4.4        0.0        0.0        0.0      -18.1        0.0        0.0        0.0
         1.7687      -14.1        0.0       -4.3        0.0        0.0        0.0      -18.1        0.0        0.0        0.0
         1.8199      -14.1        0.0       -4.3        0.0        0.0        0.0      -18.2        0.0        0.0        0.0
         1.8711      -14.2        0.0       -4.3        0.0        0.0        0.0      -18.3        0.0        0.0        0.0
         1.9376      -14.2        0.0       -4.2        0.0        0.0        0.0      -18.4        0.0        0.0        0.0
         2.0041      -14.3        0.0       -4.2        0.0        0.0        0.0      -18.5        0.0        0.0        0.0
         2.0707      -14.4        0.0       -4.1        0.0        0.0        0.0      -18.7        0.0        0.0        0.0
         2.1372      -14.4        0.0       -4.1        0.0        0.0        0.0      -18.8        0.0        0.0        0.0
         2.2038      -14.5        0.0       -4.1        0.0        0.0        0.0      -18.9        0.0        0.0        0.0
         2.2703      -14.6        0.0       -4.0        0.0        0.0        0.0      -19.0        0.0        0.0        0.0
         2.3368      -14.6        0.0       -4.0        0.0        0.0        0.0      -19.1        0.0        0.0        0.0
         2.4034      -14.7        0.0       -3.9        0.0        0.0        0.0      -19.2        0.0        0.0        0.0
         2.4699      -14.7        0.0       -3.9        0.0        0.0        0.0      -19.3        0.0        0.0        0.0
         2.5564      -14.8        0.0       -3.8        0.0        0.0        0.0      -19.4        0.0        0.0        0.0
         2.6429      -14.9        0.0       -3.8        0.0        0.0        0.0      -19.5        0.0        0.0        0.0
         2.7294      -14.9        0.0       -3.8        0.0        0.0        0.0      -19.7        0.0        0.0        0.0
         2.8159      -15.0        0.0       -3.7        0.0        0.0        0.0      -19.8        0.0        0.0        0.0
         2.9025      -15.0        0.0       -3.7        0.0        0.0        0.0      -19.9        0.0        0.0        0.0
         2.9890      -15.1        0.0       -3.6        0.0        0.0        0.0      -20.0        0.0        0.0        0.0
         3.0755      -15.1        0.0       -3.6        0.0        0.0        0.0      -20.1        0.0        0.0        0.0
         3.1620      -15.2        0.0       -3.5        0.0        0.0        0.0      -20.2        0.0        0.0        0.0
         3.2485      -15.2        0.0       -3.5        0.0        0.0        0.0      -20.4        0.0        0.0        0.0
         3.3609      -15.3        0.0       -3.4        0.0        0.0        0.0      -20.5        0.0        0.0        0.0
         3.4734      -15.3        0.0       -3.4        0.0        0.0        0.0      -20.6        0.0        0.0        0.0
         3.5858      -15.4        0.0       -3.3        0.0        0.0        0.0      -20.8        0.0        0.0        0.0
         3.6983      -15.4        0.0       -3.3        0.0        0.0        0.0      -20.9        0.0        0.0        0.0
         3.8107      -15.5        0.0       -3.2        0.0        0.0        0.0      -21.0        0.0        0.0        0.0
         3.9232      -15.5        0.0       -3.2        0.0        0.0        0.0      -21.2        0.0        0.0        0.0
         4.0309      -15.6        0.0       -3.1        0.0        0.0        0.0      -21.3        0.0        0.0        0.0
         4.1386      -15.6        0.0       -3.1        0.0        0.0        0.0      -21.4        0.0        0.0        0.0
         4.2462      -15.6        0.0       -3.0        0.0        0.0        0.0      -21.5        0.0        0.0        0.0
         4.3539      -15.7        0.0       -3.0        0.0        0.0        0.0      -21.7        0.0        0.0        0.0
         4.4616      -15.7        0.0       -2.9        0.0        0.0        0.0      -21.8        0.0        0.0        0.0
         4.5693      -15.7        0.0       -2.9        0.0        0.0        0.0      -21.9        0.0        0.0        0.0
         4.6770      -15.8        0.0       -2.8        0.0        0.0        0.0      -22.0        0.0        0.0        0.0
         4.7846      -15.8        0.0       -2.8        0.0        0.0        0.0      -22.1        0.0        0.0        0.0
         4.8923      -15.8        0.0       -2.7        0.0        0.0        0.0      -22.2        0.0        0.0        0.0
         5.0000      -15.8        0.0       -2.7        0.0        0.0        0.0      -22.3        0.0        0.0        0.0
         5.1125      -15.9        0.0       -2.7        0.0        0.0        0.0      -22.5        0.0        0.0        0.0
         5.2249      -15.9        0.0       -2.6        0.0        0.0        0.0      -22.6        0.0        0.0        0.0
         5.3374      -15.9        0.0       -2.6        0.0        0.0        0.0      -22.7        0.0        0.0        0.0
         5.4498      -15.9        0.0       -2.5        0.0        0.0        0.0      -22.8        0.0        0.0        0.0
         5.5623      -15.9        0.0       -2.5        0.0        0.0        0.0      -22.9        0.0        0.0        0.0
         5.6747      -16.0        0.0       -2.5        0.0        0.0        0.0      -23.0        0.0        0.0        0.0
         5.7872      -16.0        0.0       -2.4        0.0        0.0        0.0      -23.1        0.0        0.0        0.0
         5.8996      -16.0        0.0       -2.4        0.0        0.0        0.0      -23.2        0.0        0.0        0.0
         6.0121      -16.0        0.0       -2.3        0.0        0.0        0.0      -23.3        0.0        0.0        0.0
         6.1583      -16.0        0.0       -2.3        0.0        0.0        0.0      -23.5        0.0        0.0        0.0
         6.3045      -16.0        0.0       -2.2        0.0        0.0        0.0      -23.6        0.0        0.0        0.0
         6.4507      -16.0        0.0       -2.2        0.0        0.0        0.0      -23.7        0.0        0.0        0.0
         6.5969      -16.1        0.0       -2.1        0.0        0.0        0.0      -23.9        0.0        0.0        0.0
         6.7431      -16.1        0.0       -2.1        0.0        0.0        0.0      -24.0        0.0        0.0        0.0
         6.8892      -16.1        0.0       -2.0        0.0        0.0        0.0      -24.1        0.0        0.0        0.0
         7.0354      -16.1        0.0       -2.0        0.0        0.0        0.0      -24.3        0.0        0.0        0.0
         7.1816      -16.1        0.0       -1.9        0.0        0.0        0.0      -24.4        0.0        0.0        0.0
         7.3278      -16.1        0.0       -1.9        0.0        0.0        0.0      -24.5        0.0        0.0        0.0
         7.4740      -16.1        0.0       -1.8        0.0        0.0        0.0      -24.6        0.0        0.0        0.0
         7.6202      -16.1        0.0       -1.8        0.0        0.0        0.0      -24.8        0.0        0.0        0.0
         7.7664      -16.1        0.0       -1.7        0.0        0.0        0.0      -24.9        0.0        0.0        0.0
         7.9126      -16.1        0.0       -1.7        0.0        0.0        0.0      -25.0        0.0        0.0        0.0
         8.0588      -16.1        0.0       -1.7        0.0        0.0        0.0      -25.1        0.0        0.0        0.0
         8.2050      -16.1        0.0       -1.6        0.0        0.0        0.0      -25.2        0.0        0.0        0.0
         8.3512      -16.1        0.0       -1.6        0.0        0.0        0.0      -25.4        0.0        0.0        0.0
         8.4974      -16.1        0.0       -1.5        0.0        0.0        0.0      -25.5        0.0        0.0        0.0
         8.6436      -16.1        0.0       -1.5        0.0        0.0        0.0      -25.6        0.0        0.0        0.0
         8.7897      -16.1        0.0       -1.4        0.0        0.0        0.0      -25.7        0.0        0.0        0.0
         8.9359      -16.1        0.0       -1.4        0.0        0.0        0.0      -25.8        0.0        0.0        0.0
         9.0821      -16.1        0.0       -1.4        0.0        0.0        0.0      -25.9        0.0        0.0        0.0
         9.2283      -16.1        0.0       -1.3        0.0        0.0        0.0      -26.0        0.0        0.0        0.0
         9.3745      -16.1        0.0       -1.3        0.0        0.0        0.0      -26.2        0.0        0.0        0.0
         9.5207      -16.1        0.0       -1.2        0.0        0.0        0.0      -26.3        0.0        0.0        0.0
         9.6669      -16.0        0.0       -1.2        0.0        0.0        0.0      -26.4        0.0        0.0        0.0
         9.8131      -16.0        0.0       -1.2        0.0        0.0        0.0      -26.5        0.0        0.0        0.0
        10.0031      -16.0        0.0       -1.1        0.0        0.0        0.0      -26.6        0.0        0.0        0.0
        10.1932      -16.0        0.0       -1.1        0.0        0.0        0.0      -26.8        0.0        0.0        0.0
        10.3832      -16.0        0.0       -1.0        0.0        0.0        0.0      -26.9        0.0        0.0        0.0
        10.5733      -16.0        0.0       -1.0        0.0        0.0        0.0      -27.1        0.0        0.0        0.0
        10.7633      -16.0        0.0       -0.9        0.0        0.0        0.0      -27.2        0.0        0.0        0.0
        10.9534      -15.9        0.0       -0.9        0.0        0.0        0.0      -27.3        0.0        0.0        0.0
        11.1434      -15.9        0.0       -0.8        0.0        0.0        0.0      -27.5        0.0        0.0        0.0
        11.3335      -15.9        0.0       -0.8        0.0        0.0        0.0      -27.6        0.0        0.0        0.0
        11.5235      -15.9        0.0       -0.8        0.0        0.0        0.0      -27.8        0.0        0.0        0.0
        11.7136      -15.9        0.0       -0.7        0.0        0.0        0.0      -27.9        0.0        0.0        0.0
        11.9036      -15.8        0.0       -0.7        0.0        0.0        0.0      -28.0        0.0        0.0        0.0
        12.0937      -15.8        0.0       -0.6        0.0        0.0        0.0      -28.2        0.0        0.0        0.0
        12.2837      -15.8        0.0       -0.6        0.0        0.0        0.0      -28.3        0.0        0.0        0.0
        12.4738      -15.8        0.0       -0.5        0.0        0.0        0.0      -28.4        0.0        0.0        0.0
        12.6638      -15.8        0.0       -0.5        0.0        0.0        0.0      -28.6        0.0        0.0        0.0
        12.8539      -15.7        0.0       -0.5        0.0        0.0        0.0      -28.7        0.0        0.0        0.0
        13.0439      -15.7        0.0       -0.4        0.0        0.0        0.0      -28.9        0.0        0.0        0.0
        13.2395      -15.7        0.0       -0.4        0.0        0.0        0.0      -29.0        0.0        0.0        0.0
        13.4351      -15.7        0.0       -0.3        0.0        0.0        0.0      -29.1        0.0        0.0        0.0
        13.6308      -15.6        0.0       -0.3        0.0        0.0        0.0      -29.3        0.0        0.0        0.0
        13.8264      -15.6        0.0       -0.3        0.0        0.0        0.0      -29.4        0.0        0.0        0.0
        14.0220      -15.6        0.0       -0.2        0.0        0.0        0.0      -29.5        0.0        0.0        0.0
        14.2176      -15.5        0.0       -0.2        0.0        0.0        0.0      -29.7        0.0        0.0        0.0
        14.4132      -15.5        0.0       -0.1        0.0        0.0        0.0      -29.8        0.0        0.0        0.0
        14.6088      -15.5        0.0       -0.1        0.0        0.0        0.0      -30.0        0.0        0.0        0.0
        14.8044      -15.5        0.0       -0.1        0.0        0.0        0.0      -30.1        0.0        0.0        0.0
        15.0000      -15.4        0.0        0.0        0.0        0.0        0.0      -30.2        0.0        0.0        0.0
        15.1900      -15.4        0.0        0.0        0.0        0.0        0.0      -30.4        0.0        0.0        0.0
        15.3801      -15.4        0.0        0.1        0.0        0.0        0.0      -30.5        0.0        0.0        0.0
        15.5701      -15.3        0.0        0.1        0.0        0.0        0.0      -30.6        0.0        0.0        0.0
        15.7602      -15.3        0.0        0.1        0.0        0.0        0.0      -30.8        0.0        0.0        0.0
        16.0073      -15.3        0.0        0.2        0.0        0.0        0.0      -30.9        0.0        0.0        0.0
        16.2543      -15.2        0.0        0.2        0.0        0.0        0.0      -31.1        0.0        0.0        0.0
        16.5014      -15.2        0.0        0.3        0.0        0.0        0.0      -31.3        0.0        0.0        0.0
        16.7485      -15.2        0.0        0.3        0.0        0.0        0.0      -31.5        0.0        0.0        0.0
        16.9955      -15.1        0.0        0.4        0.0        0.0        0.0      -31.6        0.0        0.0        0.0
        17.2426      -15.1        0.0        0.4        0.0        0.0        0.0      -31.8        0.0        0.0        0.0
        17.4896      -15.0        0.0        0.4        0.0        0.0        0.0      -32.0        0.0        0.0        0.0
        17.7367      -15.0        0.0        0.5        0.0        0.0        0.0      -32.2        0.0        0.0        0.0
        17.9838      -14.9        0.0        0.5        0.0        0.0        0.0      -32.3        0.0        0.0        0.0
        18.2308      -14.9        0.0        0.6        0.0        0.0        0.0      -32.5        0.0        0.0        0.0
        18.4779      -14.8        0.0        0.6        0.0        0.0        0.0      -32.7        0.0        0.0        0.0
        18.7250      -14.8        0.0        0.7        0.0        0.0        0.0      -32.9        0.0        0.0        0.0
        18.9720      -14.7        0.0        0.7        0.0        0.0        0.0      -33.0        0.0        0.0        0.0
        19.2191      -14.7        0.0        0.7        0.0        0.0        0.0      -33.2        0.0        0.0        0.0
        19.4662      -14.6        0.0        0.8        0.0        0.0        0.0      -33.4        0.0        0.0        0.0
        19.7132      -14.6        0.0        0.8        0.0        0.0        0.0      -33.6        0.0        0.0        0.0
        19.9603      -14.6        0.0        0.9        0.0        0.0        0.0      -33.8        0.0        0.0        0.0
        20.2074      -14.5        0.0        0.9        0.0        0.0        0.0      -33.9        0.0        0.0        0.0
        20.4544      -14.5        0.0        1.0        0.0        0.0        0.0      -34.1        0.0        0.0        0.0
        20.7015      -14.4        0.0        1.0        0.0        0.0        0.0      -34.3        0.0        0.0        0.0
        20.9485      -14.4        0.0        1.0        0.0        0.0        0.0      -34.5        0.0        0.0        0.0
        21.1956      -14.3        0.0        1.1        0.0        0.0        0.0      -34.7        0.0        0.0        0.0
        21.4427      -14.2        0.0        1.1        0.0        0.0        0.0      -34.9        0.0        0.0        0.0
        21.6897      -14.2        0.0        1.2        0.0        0.0        0.0      -35.0        0.0        0.0        0.0
        21.9368      -14.1        0.0        1.2        0.0        0.0        0.0      -35.2        0.0        0.0        0.0
        22.1839      -14.1        0.0        1.2        0.0        0.0        0.0      -35.4        0.0        0.0        0.0
        22.4309      -14.0        0.0        1.3        0.0        0.0        0.0      -35.6        0.0        0.0        0.0
        22.6780      -14.0        0.0        1.3        0.0        0.0        0.0      -35.8        0.0        0.0        0.0
        22.9251      -13.9        0.0        1.4        0.0        0.0        0.0      -36.0        0.0        0.0        0.0
        23.1721      -13.9        0.0        1.4        0.0        0.0        0.0      -36.2        0.0        0.0        0.0
        23.4933      -13.8        0.0        1.4        0.0        0.0        0.0      -36.4        0.0        0.0        0.0
        23.8145      -13.7        0.0        1.5        0.0        0.0        0.0      -36.7        0.0        0.0        0.0
        24.1357      -13.6        0.0        1.5        0.0        0.0        0.0      -36.9        0.0        0.0        0.0
        24.4569      -13.6        0.0        1.6        0.0        0.0        0.0      -37.2        0.0        0.0        0.0
        24.7780      -13.5        0.0        1.7        0.0        0.0        0.0      -37.4        0.0        0.0        0.0
        25.0992      -13.4        0.0        1.7        0.0        0.0        0.0      -37.7        0.0        0.0        0.0
        25.4204      -13.3        0.0        1.8        0.0        0.0        0.0      -38.0        0.0        0.0        0.0
        25.7416      -13.3        0.0        1.8        0.0        0.0        0.0      -38.2        0.0        0.0        0.0
        26.0628      -13.2        0.0        1.9        0.0        0.0        0.0      -38.5        0.0        0.0        0.0
        26.3840      -13.1        0.0        1.9        0.0        0.0        0.0      -38.7        0.0        0.0        0.0
        26.7051      -13.0        0.0        2.0        0.0        0.0        0.0      -39.0        0.0        0.0        0.0
        27.0346      -12.9        0.0        2.0        0.0        0.0        0.0      -39.3        0.0        0.0        0.0
        27.3641      -12.8        0.0        2.1        0.0        0.0        0.0      -39.6        0.0        0.0        0.0
        27.6936      -12.8        0.0        2.2        0.0        0.0        0.0      -39.9        0.0        0.0        0.0
        28.0231      -12.7        0.0        2.2        0.0        0.0        0.0      -40.1        0.0        0.0        0.0
        28.3526      -12.6        0.0        2.3        0.0        0.0        0.0      -40.4        0.0        0.0        0.0
        28.6821      -12.5        0.0        2.3        0.0        0.0        0.0      -40.7        0.0        0.0        0.0
        29.0115      -12.4        0.0        2.4        0.0        0.0        0.0      -41.0        0.0        0.0        0.0
        29.3410      -12.3        0.0        2.5        0.0        0.0        0.0      -41.3        0.0        0.0        0.0
        29.6705      -12.2        0.0        2.5        0.0        0.0        0.0      -41.6        0.0        0.0        0.0
        30.0000      -12.1        0.0        2.6        0.0        0.0        0.0      -41.9        0.0        0.0        0.0
        30.3212      -12.0        0.0        2.6        0.0        0.0        0.0      -42.2        0.0        0.0        0.0
        30.6424      -11.9        0.0        2.7        0.0        0.0        0.0      -42.5        0.0        0.0        0.0
        30.9636      -11.8        0.0        2.8        0.0        0.0        0.0      -42.8        0.0        0.0        0.0
        31.2847      -11.7        0.0        2.8        0.0        0.0        0.0      -43.1        0.0        0.0        0.0
        31.6059      -11.6        0.0        2.9        0.0        0.0        0.0      -43.4        0.0        0.0        0.0
        31.9271      -11.5        0.0        3.0        0.0        0.0        0.0      -43.7        0.0        0.0        0.0
        32.2483      -11.4        0.0        3.0        0.0        0.0        0.0      -44.0        0.0        0.0        0.0
        32.5695      -11.3        0.0        3.1        0.0        0.0        0.0      -44.3        0.0        0.0        0.0
        32.8907      -11.2        0.0        3.2        0.0        0.0        0.0      -44.6        0.0        0.0        0.0
        33.2118      -11.1        0.0        3.2        0.0        0.0        0.0      -44.9        0.0        0.0        0.0
        33.5330      -11.0        0.0        3.3        0.0        0.0        0.0      -45.2        0.0        0.0        0.0
        33.8542      -10.8        0.0        3.4        0.0        0.0        0.0      -45.5        0.0        0.0        0.0
        34.1754      -10.7        0.0        3.4        0.0        0.0        0.0      -45.8        0.0        0.0        0.0
        34.4966      -10.6        0.0        3.5        0.0        0.0        0.0      -46.2        0.0        0.0        0.0
        34.8178      -10.5        0.0        3.6        0.0        0.0        0.0      -46.5        0.0        0.0        0.0
        35.1389      -10.4        0.0        3.6        0.0        0.0        0.0      -46.8        0.0        0.0        0.0
        35.4601      -10.3        0.0        3.7        0.0        0.0        0.0      -47.1        0.0        0.0        0.0
        35.7813      -10.1        0.0        3.8        0.0        0.0        0.0      -47.5        0.0        0.0        0.0
        36.1025      -10.0        0.0        3.8        0.0        0.0        0.0      -47.8        0.0        0.0        0.0
        36.4237       -9.9        0.0        3.9        0.0        0.0        0.0      -48.1        0.0        0.0        0.0
        36.7449       -9.8        0.0        4.0        0.0        0.0        0.0      -48.4        0.0        0.0        0.0
        37.0660       -9.7        0.0        4.0        0.0        0.0        0.0      -48.8        0.0        0.0        0.0
        37.3872       -9.5        0.0        4.1        0.0        0.0        0.0      -49.1        0.0        0.0        0.0
        37.7084       -9.4        0.0        4.2        0.0        0.0        0.0      -49.4        0.0        0.0        0.0
        38.0296       -9.3        0.0        4.3        0.0        0.0        0.0      -49.8        0.0        0.0        0.0
        38.3508       -9.1        0.0        4.3        0.0        0.0        0.0      -50.1        0.0        0.0        0.0
        38.6720       -9.0        0.0        4.4        0.0        0.0        0.0      -50.4        0.0        0.0        0.0
        38.9931       -8.9        0.0        4.5        0.0        0.0        0.0      -50.8        0.0        0.0        0.0
        39.3143       -8.7        0.0        4.6        0.0        0.0        0.0      -51.1        0.0        0.0        0.0
        39.6355       -8.6        0.0        4.6        0.0        0.0        0.0      -51.5        0.0        0.0        0.0
        39.9567       -8.5        0.0        4.7        0.0        0.0        0.0      -51.8        0.0        0.0        0.0
        40.2779       -8.3        0.0        4.8        0.0        0.0        0.0      -52.2        0.0        0.0        0.0
        40.5991       -8.2        0.0        4.9        0.0        0.0        0.0      -52.5        0.0        0.0        0.0
        40.9202       -8.0        0.0        4.9        0.0        0.0        0.0      -52.8        0.0        0.0        0.0
        41.2414       -7.9        0.0        5.0        0.0        0.0        0.0      -53.2        0.0        0.0        0.0
        41.5626       -7.7        0.0        5.1        0.0        0.0        0.0      -53.5        0.0        0.0        0.0
        41.8838       -7.6        0.0        5.2        0.0        0.0        0.0      -53.9        0.0        0.0        0.0
        42.2050       -7.5        0.0        5.2        0.0        0.0        0.0      -54.2        0.0        0.0        0.0
        42.5262       -7.3        0.0        5.3        0.0        0.0        0.0      -54.6        0.0        0.0        0.0
        42.8473       -7.2        0.0        5.4        0.0        0.0        0.0      -54.9        0.0        0.0        0.0
        43.1685       -7.0        0.0        5.5        0.0        0.0        0.0      -55.3        0.0        0.0        0.0
        43.4897       -6.9        0.0        5.5        0.0        0.0        0.0      -55.6        0.0        0.0        0.0
        43.8109       -6.7        0.0        5.6        0.0        0.0        0.0      -56.0        0.0        0.0        0.0
        44.1321       -6.5        0.0        5.7        0.0        0.0        0.0      -56.3        0.0        0.0        0.0
        44.4533       -6.4        0.0        5.8        0.0        0.0        0.0      -56.7        0.0        0.0        0.0
        44.7744       -6.2        0.0        5.9        0.0        0.0        0.0      -57.0        0.0        0.0        0.0
        45.0956       -6.1        0.0        5.9        0.0        0.0        0.0      -57.4        0.0        0.0        0.0
        45.4168       -5.9        0.0        6.0        0.0        0.0        0.0      -57.7        0.0        0.0        0.0
        45.7380       -5.8        0.0        6.1        0.0        0.0        0.0      -58.0        0.0        0.0        0.0
        46.0592       -5.6        0.0        6.2        0.0        0.0        0.0      -58.4        0.0        0.0        0.0
        46.3804       -5.4        0.0        6.2        0.0        0.0        0.0      -58.7        0.0        0.0        0.0
        46.7015       -5.3        0.0        6.3        0.0        0.0        0.0      -59.0        0.0        0.0        0.0
        47.0227       -5.1        0.0        6.4        0.0        0.0        0.0      -59.3        0.0        0.0        0.0
        47.3439       -5.0        0.0        6.4        0.0        0.0        0.0      -59.5        0.0        0.0        0.0
        47.6651       -4.8        0.0        6.5        0.0        0.0        0.0      -59.6        0.0        0.0        0.0
        47.9863       -4.6        0.0        6.6        0.0        0.0        0.0      -59.7        0.0        0.0        0.0
        48.3075       -4.4        0.0        6.7        0.0        0.0        0.0      -59.6        0.0        0.0        0.0
        48.6287       -4.3        0.0        6.8        0.0        0.0        0.0      -59.4        0.0        0.0        0.0
        48.9498       -4.1        0.0        6.8        0.0        0.0        0.0      -59.0        0.0        0.0        0.0
        49.2710       -3.9        0.0        6.9        0.0        0.0        0.0      -58.4        0.0        0.0        0.0
        49.5922       -3.7        0.0        7.0        0.0        0.0        0.0      -57.4        0.0        0.0        0.0
        49.9134       -3.6        0.0        7.1        0.0        0.0        0.0      -55.8        0.0        0.0        0.0
        50.2346       -3.4        0.0        7.1        0.0        0.0        0.0      -53.3        0.0        0.0        0.0
        50.5558       -3.2        0.0        7.2        0.0        0.0        0.0      -49.8        0.0        0.0        0.0
        50.8769       -3.0        0.0        7.3        0.0        0.0        0.0      -45.1        0.0        0.0        0.0
        51.1981       -2.8        0.0        7.4        0.0        0.0        0.0      -39.8        0.0        0.0        0.0
        51.5193       -2.6        0.0        7.4        0.0        0.0        0.0      -34.6        0.0        0.0        0.0
        51.8405       -2.4        0.0        7.5        0.0        0.0        0.0      -29.8        0.0        0.0        0.0
        52.1617       -2.2        0.0        7.6        0.0        0.0        0.0      -25.6        0.0        0.0        0.0
        52.4829       -2.1        0.0        7.6        0.0        0.0        0.0      -22.1        0.0        0.0        0.0
        52.8040       -1.9        0.0        7.7        0.0        0.0        0.0      -19.1        0.0        0.0        0.0
        53.1252       -1.7        0.0        7.8        0.0        0.0        0.0      -16.6        0.0        0.0        0.0
        53.4464       -1.6        0.0        7.8        0.0        0.0        0.0      -14.5        0.0        0.0        0.0
        53.7676       -1.5        0.0        7.9        0.0        0.0        0.0      -12.8        0.0        0.0        0.0
        54.0888       -1.3        0.0        8.0        0.0        0.0        0.0      -11.3        0.0        0.0        0.0
        54.4100       -1.2        0.0        8.1        0.0        0.0        0.0      -10.2        0.0        0.0        0.0
        54.7311       -1.1        0.0        8.1        0.0        0.0        0.0       -9.3        0.0        0.0        0.0
        55.0523       -1.0        0.0        8.2        0.0        0.0        0.0       -8.6        0.0        0.0        0.0
        55.3735       -0.9        0.0        8.3        0.0        0.0        0.0       -8.0        0.0        0.0        0.0
        55.6947       -0.8        0.0        8.3        0.0        0.0        0.0       -7.5        0.0        0.0        0.0
        56.0159       -0.6        0.0        8.4        0.0        0.0        0.0       -7.1        0.0        0.0        0.0
        56.3371       -0.5        0.0        8.5        0.0        0.0        0.0       -6.8        0.0        0.0        0.0
        56.6582       -0.4        0.0        8.6        0.0        0.0        0.0       -6.5        0.0        0.0        0.0
        56.9924       -0.3        0.0        8.7        0.0        0.0        0.0       -6.2        0.0        0.0        0.0
        57.4221       -0.2        0.0        8.8        0.0        0.0        0.0       -5.9        0.0        0.0        0.0
        57.8517        0.0        0.0        8.9        0.0        0.0        0.0       -5.6        0.0        0.0        0.0
        58.2814        0.1        0.0        9.1        0.0        0.0        0.0       -5.4        0.0        0.0        0.0
        58.7110        0.2        0.0        9.2        0.0        0.0        0.0       -5.2        0.0        0.0        0.0
        59.1407        0.4        0.0        9.3        0.0        0.0        0.0       -5.0        0.0        0.0        0.0
        59.5703        0.5        0.0        9.4        0.0        0.0        0.0       -4.9        0.0        0.0        0.0
        60.0000        0.6        0.0        9.5        0.0        0.0        0.0       -4.7        0.0        0.0        0.0
        60.0010       -2.7        0.0       -2.0        0.0        0.0        0.0       -4.7        0.0        0.0        0.0
        60.0020       -2.7        0.0       -2.0        0.0        0.0        0.0       -4.7        0.0        0.0        0.0
        60.0033       -2.8        0.0       -2.0        0.0        0.0        0.0       -4.7        0.0        0.0        0.0
        60.0050       -2.8        0.0       -2.0        0.0        0.0        0.0       -4.7        0.0        0.0        0.0
        60.0072       -2.8        0.0       -2.0        0.0        0.0        0.0       -4.7        0.0        0.0        0.0
        60.0100       -2.8        0.0       -2.0        0.0        0.0        0.0       -4.7        0.0        0.0        0.0
        60.0138       -2.8        0.0       -2.1        0.0        0.0        0.0       -4.7        0.0        0.0        0.0
        60.0186       -2.9        0.0       -2.1        0.0        0.0        0.0       -4.7        0.0        0.0        0.0
        60.0249       -2.9        0.0       -2.1        0.0        0.0        0.0       -4.7        0.0        0.0        0.0
        60.0330       -2.9        0.0       -2.1        0.0        0.0        0.0       -4.7        0.0        0.0        0.0
        60.0436       -3.0        0.0       -2.1        0.0        0.0        0.0       -4.7        0.0        0.0        0.0
        60.0574       -3.1        0.0       -2.2        0.0        0.0        0.0       -4.7        0.0        0.0        0.0
        60.0753       -3.1        0.0       -2.2        0.0        0.0        0.0       -4.7        0.0        0.0        0.0
        60.0986       -3.2        0.0       -2.3        0.0        0.0        0.0       -4.7        0.0        0.0        0.0
        60.1289       -3.3        0.0       -2.4        0.0        0.0        0.0       -4.7        0.0        0.0        0.0
        60.1683       -3.4        0.0       -2.5        0.0        0.0        0.0       -4.8        0.0        0.0        0.0
        60.2195       -3.5        0.0       -2.7        0.0        0.0        0.0       -4.8        0.0        0.0        0.0
        60.2860       -3.7        0.0       -2.8        0.0        0.0        0.0       -4.8        0.0        0.0        0.0
        60.3725       -3.8        0.0       -3.0        0.0        0.0        0.0       -4.9        0.0        0.0        0.0
        60.4850       -3.9        0.0       -3.1        0.0        0.0        0.0       -5.1        0.0        0.0        0.0
        60.6312       -4.1        0.0       -3.2        0.0        0.0        0.0       -5.2        0.0        0.0        0.0
        60.8212       -4.3        0.0       -3.4        0.0        0.0        0.0       -5.4        0.0        0.0        0.0
        61.0683       -4.5        0.0       -3.6        0.0        0.0        0.0       -5.7        0.0        0.0        0.0
        61.3895       -4.8        0.0       -3.8        0.0        0.0        0.0       -6.0        0.0        0.0        0.0
        61.8070       -5.0        0.0       -4.1        0.0        0.0        0.0       -6.3        0.0        0.0        0.0
        62.3498       -5.3        0.0       -4.3        0.0        0.0        0.0       -6.7        0.0        0.0        0.0
        63.0554       -5.6        0.0       -4.6        0.0        0.0        0.0       -7.1        0.0        0.0        0.0
        63.7611       -5.9        0.0       -4.8        0.0        0.0        0.0       -7.5        0.0        0.0        0.0
        64.6784       -6.2        0.0       -5.1        0.0        0.0        0.0       -8.0        0.0        0.0        0.0
        65.5957       -6.5        0.0       -5.4        0.0        0.0        0.0       -8.4        0.0        0.0        0.0
        66.7883       -6.9        0.0       -5.6        0.0        0.0        0.0       -8.9        0.0        0.0        0.0
        67.9808       -7.2        0.0       -5.9        0.0        0.0        0.0       -9.4        0.0        0.0        0.0
        69.5311       -7.6        0.0       -6.2        0.0        0.0        0.0      -10.0        0.0        0.0        0.0
        71.0814       -8.0        0.0       -6.5        0.0        0.0        0.0      -10.6        0.0        0.0        0.0
        73.0968       -8.4        0.0       -6.8        0.0        0.0        0.0      -11.3        0.0        0.0        0.0
        75.1122       -8.8        0.0       -7.1        0.0        0.0        0.0      -12.0        0.0        0.0        0.0
        77.7321       -9.3        0.0       -7.5        0.0        0.0        0.0      -12.8        0.0        0.0        0.0
        80.3521       -9.8        0.0       -7.9        0.0        0.0        0.0      -13.6        0.0        0.0        0.0
        82.9721      -10.2        0.0       -8.2        0.0        0.0        0.0      -14.4        0.0        0.0        0.0
        86.3781      -10.8        0.0       -8.6        0.0        0.0        0.0      -15.4        0.0        0.0        0.0
        89.7403      -11.3        0.0       -9.0        0.0        0.0        0.0      -16.2        0.0        0.0        0.0
        93.1025      -11.8        0.0       -9.4        0.0        0.0        0.0      -17.1        0.0        0.0        0.0
        97.5854      -12.4        0.0       -9.9        0.0        0.0        0.0      -18.2        0.0        0.0        0.0
       102.0683      -13.0        0.0      -10.3        0.0        0.0        0.0      -19.1        0.0        0.0        0.0
       106.5512      -13.6        0.0      -10.8        0.0        0.0        0.0      -20.1        0.0        0.0        0.0
       111.0342      -14.2        0.0      -11.2        0.0        0.0        0.0      -20.9        0.0        0.0        0.0
       115.5171      -14.7        0.0      -11.7        0.0        0.0        0.0      -21.7        0.0        0.0        0.0
       120.0000      -15.2        0.0      -12.1        0.0        0.0        0.0      -22.5        0.0        0.0        0.0
       124.4278      -15.7        0.0      -12.6        0.0        0.0        0.0      -23.2        0.0        0.0        0.0
       128.8556      -16.2        0.0      -13.0        0.0        0.0        0.0      -23.8        0.0        0.0        0.0
       134.5383      -16.8        0.0      -13.5        0.0        0.0        0.0      -24.5        0.0        0.0        0.0
       142.1152      -17.6        0.0      -14.2        0.0        0.0        0.0      -25.3        0.0        0.0        0.0
       151.5864      -18.4        0.0      -15.0        0.0        0.0        0.0      -26.1        0.0        0.0        0.0
       165.7932      -19.6        0.0      -16.2        0.0        0.0        0.0      -26.8        0.0        0.0        0.0
       180.0000      -20.6        0.0      -17.3        0.0        0.0        0.0      -27.3        0.0        0.0        0.0
       195.0000      -21.6        0.0      -18.4        0.0        0.0        0.0      -27.7        0.0        0.0        0.0
       217.5000      -22.9        0.0      -19.9        0.0        0.0        0.0      -28.2        0.0        0.0        0.0
       240.0000      -24.1        0.0      -21.2        0.0        0.0        0.0      -28.6        0.0        0.0        0.0
       268.8889      -25.4        0.0      -22.8        0.0        0.0        0.0      -29.2        0.0        0.0        0.0
       307.4074      -26.9        0.0      -24.6        0.0        0.0        0.0      -29.9        0.0        0.0        0.0
       355.5556      -28.4        0.0      -26.4        0.0        0.0        0.0      -30.8        0.0        0.0        0.0
       427.7778      -30.3        0.0      -28.6        0.0        0.0        0.0      -32.0        0.0        0.0        0.0
       500.0000      -31.8        0.0      -30.3        0.0        0.0        0.0      -33.1        0.0        0.0        0.0
       573.3333      -33.1        0.0      -31.8        0.0        0.0        0.0      -34.0        0.0        0.0        0.0
       720.0000      -34.9        0.0      -33.7        0.0        0.0        0.0      -35.4        0.0        0.0        0.0
       822.8571      -35.9        0.0      -34.8        0.0        0.0        0.0      -36.2        0.0        0.0        0.0
       946.2857      -36.8        0.0      -35.8        0.0        0.0        0.0      -36.9        0.0        0.0        0.0
      1110.8571      -37.6        0.0      -36.8        0.0        0.0        0.0      -37.5        0.0        0.0        0.0
      1440.0000      -38.5        0.0      -37.8        0.0        0.0        0.0      -38.0        0.0        0.0        0.0
      1800.0000      -39.1        0.0      -38.5        0.0        0.0        0.0      -38.2        0.0        0.0        0.0
      2160.0000      -39.3        0.0      -38.9        0.0        0.0        0.0      -38.3        0.0        0.0        0.0
      2520.0000      -39.4        0.0      -39.2        0.0        0.0        0.0      -38.3        0.0        0.0        0.0
      2880.0000      -39.5        0.0      -39.3        0.0        0.0        0.0      -38.2        0.0        0.0        0.0
end
