 FileVersion=0003
 Welcome to HYDRUS                                                       
 
 Program HYDRUS3
 Date:  18.12.2019    Time:   8:33:55
 Time dependent boundary conditions
 
 Units: L = cm   , T = min  , M = mmol 
 
 All fluxes (v) are positive out of the region
        Time       rAtm       rRoot      vAtm       vRoot      vKode3     vKode1     vSeep      vKode5     vKode6     vKode7     vKode8     vKode9    RunOff      Evapor    Infiltr     SnowLayer...
         [T]      [L/T]       [L/T]     [L/T]       [L/T]      [L3/T]     [L3/T]    [L3/T]      [L3/T]     [L3/T]     [L3/T]     [L3/T]     [L3/T]     [L/T]       [L/T]     [L/T]         [L]

         0.0010  0.000E+00  0.278E-03  0.000E+00  0.000E+00 -0.675E+02  0.000E+00  0.000E+00  0.000E+00  0.178E+01  0.000E+00  0.000E+00  0.000E+00  0.000E+00  0.000E+00  0.000E+00  0.000E+00
         0.0020  0.000E+00  0.278E-03  0.000E+00  0.000E+00 -0.675E+02  0.000E+00  0.000E+00  0.000E+00  0.149E+01  0.000E+00  0.000E+00  0.000E+00  0.000E+00  0.000E+00  0.000E+00  0.000E+00
         0.0030  0.000E+00  0.278E-03  0.000E+00  0.000E+00 -0.675E+02  0.000E+00  0.000E+00  0.000E+00  0.131E+01  0.000E+00  0.000E+00  0.000E+00  0.000E+00  0.000E+00  0.000E+00  0.000E+00
         0.0043  0.000E+00  0.278E-03  0.000E+00  0.000E+00 -0.675E+02  0.000E+00  0.000E+00  0.000E+00  0.117E+01  0.000E+00  0.000E+00  0.000E+00  0.000E+00  0.000E+00  0.000E+00  0.000E+00
         0.0060  0.000E+00  0.278E-03  0.000E+00  0.000E+00 -0.675E+02  0.000E+00  0.000E+00  0.000E+00  0.105E+01  0.000E+00  0.000E+00  0.000E+00  0.000E+00  0.000E+00  0.000E+00  0.000E+00
         0.0082  0.000E+00  0.278E-03  0.000E+00  0.000E+00 -0.675E+02  0.000E+00  0.000E+00  0.000E+00  0.931E+00  0.000E+00  0.000E+00  0.000E+00  0.000E+00  0.000E+00  0.000E+00  0.000E+00
         0.0110  0.000E+00  0.278E-03  0.000E+00  0.000E+00 -0.675E+02  0.000E+00  0.000E+00  0.000E+00  0.825E+00  0.000E+00  0.000E+00  0.000E+00  0.000E+00  0.000E+00  0.000E+00  0.000E+00
         0.0148  0.000E+00  0.278E-03  0.000E+00  0.000E+00 -0.675E+02  0.000E+00  0.000E+00  0.000E+00  0.729E+00  0.000E+00  0.000E+00  0.000E+00  0.000E+00  0.000E+00  0.000E+00  0.000E+00
         0.0196  0.000E+00  0.278E-03  0.000E+00  0.000E+00 -0.675E+02  0.000E+00  0.000E+00  0.000E+00  0.642E+00  0.000E+00  0.000E+00  0.000E+00  0.000E+00  0.000E+00  0.000E+00  0.000E+00
         0.0259  0.000E+00  0.278E-03  0.000E+00  0.000E+00 -0.675E+02  0.000E+00  0.000E+00  0.000E+00  0.564E+00  0.000E+00  0.000E+00  0.000E+00  0.000E+00  0.000E+00  0.000E+00  0.000E+00
         0.0340  0.000E+00  0.278E-03  0.000E+00  0.000E+00 -0.675E+02  0.000E+00  0.000E+00  0.000E+00  0.495E+00  0.000E+00  0.000E+00  0.000E+00  0.000E+00  0.000E+00  0.000E+00  0.000E+00
         0.0446  0.000E+00  0.278E-03  0.000E+00  0.000E+00 -0.675E+02  0.000E+00  0.000E+00  0.000E+00  0.434E+00  0.000E+00  0.000E+00  0.000E+00  0.000E+00  0.000E+00  0.000E+00  0.000E+00
         0.0584  0.000E+00  0.278E-03  0.000E+00  0.000E+00 -0.675E+02  0.000E+00  0.000E+00  0.000E+00  0.381E+00  0.000E+00  0.000E+00  0.000E+00  0.000E+00  0.000E+00  0.000E+00  0.000E+00
         0.0722  0.000E+00  0.278E-03  0.000E+00  0.000E+00 -0.675E+02  0.000E+00  0.000E+00  0.000E+00  0.335E+00  0.000E+00  0.000E+00  0.000E+00  0.000E+00  0.000E+00  0.000E+00  0.000E+00
         0.0860  0.000E+00  0.278E-03  0.000E+00  0.000E+00 -0.675E+02  0.000E+00  0.000E+00  0.000E+00  0.302E+00  0.000E+00  0.000E+00  0.000E+00  0.000E+00  0.000E+00  0.000E+00  0.000E+00
         0.1039  0.000E+00  0.278E-03  0.000E+00  0.000E+00 -0.675E+02  0.000E+00  0.000E+00  0.000E+00  0.277E+00  0.000E+00  0.000E+00  0.000E+00  0.000E+00  0.000E+00  0.000E+00  0.000E+00
         0.1218  0.000E+00  0.278E-03  0.000E+00  0.000E+00 -0.675E+02  0.000E+00  0.000E+00  0.000E+00  0.252E+00  0.000E+00  0.000E+00  0.000E+00  0.000E+00  0.000E+00  0.000E+00  0.000E+00
         0.1397  0.000E+00  0.278E-03  0.000E+00  0.000E+00 -0.675E+02  0.000E+00  0.000E+00  0.000E+00  0.233E+00  0.000E+00  0.000E+00  0.000E+00  0.000E+00  0.000E+00  0.000E+00  0.000E+00
         0.1577  0.000E+00  0.278E-03  0.000E+00  0.000E+00 -0.675E+02  0.000E+00  0.000E+00  0.000E+00  0.217E+00  0.000E+00  0.000E+00  0.000E+00  0.000E+00  0.000E+00  0.000E+00  0.000E+00
         0.1756  0.000E+00  0.278E-03  0.000E+00  0.000E+00 -0.675E+02  0.000E+00  0.000E+00  0.000E+00  0.204E+00  0.000E+00  0.000E+00  0.000E+00  0.000E+00  0.000E+00  0.000E+00  0.000E+00
         0.1989  0.000E+00  0.278E-03  0.000E+00  0.000E+00 -0.675E+02  0.000E+00  0.000E+00  0.000E+00  0.193E+00  0.000E+00  0.000E+00  0.000E+00  0.000E+00  0.000E+00  0.000E+00  0.000E+00
         0.2222  0.000E+00  0.278E-03  0.000E+00  0.000E+00 -0.675E+02  0.000E+00  0.000E+00  0.000E+00  0.181E+00  0.000E+00  0.000E+00  0.000E+00  0.000E+00  0.000E+00  0.000E+00  0.000E+00
         0.2455  0.000E+00  0.278E-03  0.000E+00  0.000E+00 -0.675E+02  0.000E+00  0.000E+00  0.000E+00  0.171E+00  0.000E+00  0.000E+00  0.000E+00  0.000E+00  0.000E+00  0.000E+00  0.000E+00
         0.2688  0.000E+00  0.278E-03  0.000E+00  0.000E+00 -0.675E+02  0.000E+00  0.000E+00  0.000E+00  0.162E+00  0.000E+00  0.000E+00  0.000E+00  0.000E+00  0.000E+00  0.000E+00  0.000E+00
         0.2921  0.000E+00  0.278E-03  0.000E+00  0.000E+00 -0.675E+02  0.000E+00  0.000E+00  0.000E+00  0.154E+00  0.000E+00  0.000E+00  0.000E+00  0.000E+00  0.000E+00  0.000E+00  0.000E+00
         0.3154  0.000E+00  0.278E-03  0.000E+00  0.000E+00 -0.675E+02  0.000E+00  0.000E+00  0.000E+00  0.147E+00  0.000E+00  0.000E+00  0.000E+00  0.000E+00  0.000E+00  0.000E+00  0.000E+00
         0.3387  0.000E+00  0.278E-03  0.000E+00  0.000E+00 -0.675E+02  0.000E+00  0.000E+00  0.000E+00  0.140E+00  0.000E+00  0.000E+00  0.000E+00  0.000E+00  0.000E+00  0.000E+00  0.000E+00
         0.3620  0.000E+00  0.278E-03  0.000E+00  0.000E+00 -0.675E+02  0.000E+00  0.000E+00  0.000E+00  0.134E+00  0.000E+00  0.000E+00  0.000E+00  0.000E+00  0.000E+00  0.000E+00  0.000E+00
         0.3853  0.000E+00  0.278E-03  0.000E+00  0.000E+00 -0.675E+02  0.000E+00  0.000E+00  0.000E+00  0.129E+00  0.000E+00  0.000E+00  0.000E+00  0.000E+00  0.000E+00  0.000E+00  0.000E+00
         0.4086  0.000E+00  0.278E-03  0.000E+00  0.000E+00 -0.675E+02  0.000E+00  0.000E+00  0.000E+00  0.124E+00  0.000E+00  0.000E+00  0.000E+00  0.000E+00  0.000E+00  0.000E+00  0.000E+00
         0.4319  0.000E+00  0.278E-03  0.000E+00  0.000E+00 -0.675E+02  0.000E+00  0.000E+00  0.000E+00  0.119E+00  0.000E+00  0.000E+00  0.000E+00  0.000E+00  0.000E+00  0.000E+00  0.000E+00
         0.4552  0.000E+00  0.278E-03  0.000E+00  0.000E+00 -0.675E+02  0.000E+00  0.000E+00  0.000E+00  0.115E+00  0.000E+00  0.000E+00  0.000E+00  0.000E+00  0.000E+00  0.000E+00  0.000E+00
         0.4785  0.000E+00  0.278E-03  0.000E+00  0.000E+00 -0.675E+02  0.000E+00  0.000E+00  0.000E+00  0.111E+00  0.000E+00  0.000E+00  0.000E+00  0.000E+00  0.000E+00  0.000E+00  0.000E+00
         0.5018  0.000E+00  0.278E-03  0.000E+00  0.000E+00 -0.675E+02  0.000E+00  0.000E+00  0.000E+00  0.108E+00  0.000E+00  0.000E+00  0.000E+00  0.000E+00  0.000E+00  0.000E+00  0.000E+00
         0.5320  0.000E+00  0.278E-03  0.000E+00  0.000E+00 -0.675E+02  0.000E+00  0.000E+00  0.000E+00  0.104E+00  0.000E+00  0.000E+00  0.000E+00  0.000E+00  0.000E+00  0.000E+00  0.000E+00
         0.5623  0.000E+00  0.278E-03  0.000E+00  0.000E+00 -0.675E+02  0.000E+00  0.000E+00  0.000E+00  0.100E+00  0.000E+00  0.000E+00  0.000E+00  0.000E+00  0.000E+00  0.000E+00  0.000E+00
         0.5926  0.000E+00  0.278E-03  0.000E+00  0.000E+00 -0.675E+02  0.000E+00  0.000E+00  0.000E+00  0.962E-01  0.000E+00  0.000E+00  0.000E+00  0.000E+00  0.000E+00  0.000E+00  0.000E+00
         0.6229  0.000E+00  0.278E-03  0.000E+00  0.000E+00 -0.675E+02  0.000E+00  0.000E+00  0.000E+00  0.926E-01  0.000E+00  0.000E+00  0.000E+00  0.000E+00  0.000E+00  0.000E+00  0.000E+00
         0.6532  0.000E+00  0.278E-03  0.000E+00  0.000E+00 -0.675E+02  0.000E+00  0.000E+00  0.000E+00  0.893E-01  0.000E+00  0.000E+00  0.000E+00  0.000E+00  0.000E+00  0.000E+00  0.000E+00
         0.6835  0.000E+00  0.278E-03  0.000E+00  0.000E+00 -0.675E+02  0.000E+00  0.000E+00  0.000E+00  0.862E-01  0.000E+00  0.000E+00  0.000E+00  0.000E+00  0.000E+00  0.000E+00  0.000E+00
         0.7138  0.000E+00  0.278E-03  0.000E+00  0.000E+00 -0.675E+02  0.000E+00  0.000E+00  0.000E+00  0.833E-01  0.000E+00  0.000E+00  0.000E+00  0.000E+00  0.000E+00  0.000E+00  0.000E+00
         0.7441  0.000E+00  0.278E-03  0.000E+00  0.000E+00 -0.675E+02  0.000E+00  0.000E+00  0.000E+00  0.806E-01  0.000E+00  0.000E+00  0.000E+00  0.000E+00  0.000E+00  0.000E+00  0.000E+00
         0.7743  0.000E+00  0.278E-03  0.000E+00  0.000E+00 -0.675E+02  0.000E+00  0.000E+00  0.000E+00  0.780E-01  0.000E+00  0.000E+00  0.000E+00  0.000E+00  0.000E+00  0.000E+00  0.000E+00
         0.8046  0.000E+00  0.278E-03  0.000E+00  0.000E+00 -0.675E+02  0.000E+00  0.000E+00  0.000E+00  0.756E-01  0.000E+00  0.000E+00  0.000E+00  0.000E+00  0.000E+00  0.000E+00  0.000E+00
         0.8349  0.000E+00  0.278E-03  0.000E+00  0.000E+00 -0.675E+02  0.000E+00  0.000E+00  0.000E+00  0.733E-01  0.000E+00  0.000E+00  0.000E+00  0.000E+00  0.000E+00  0.000E+00  0.000E+00
         0.8652  0.000E+00  0.278E-03  0.000E+00  0.000E+00 -0.675E+02  0.000E+00  0.000E+00  0.000E+00  0.711E-01  0.000E+00  0.000E+00  0.000E+00  0.000E+00  0.000E+00  0.000E+00  0.000E+00
         0.8955  0.000E+00  0.278E-03  0.000E+00  0.000E+00 -0.675E+02  0.000E+00  0.000E+00  0.000E+00  0.690E-01  0.000E+00  0.000E+00  0.000E+00  0.000E+00  0.000E+00  0.000E+00  0.000E+00
         0.9258  0.000E+00  0.278E-03  0.000E+00  0.000E+00 -0.675E+02  0.000E+00  0.000E+00  0.000E+00  0.671E-01  0.000E+00  0.000E+00  0.000E+00  0.000E+00  0.000E+00  0.000E+00  0.000E+00
         0.9561  0.000E+00  0.278E-03  0.000E+00  0.000E+00 -0.675E+02  0.000E+00  0.000E+00  0.000E+00  0.652E-01  0.000E+00  0.000E+00  0.000E+00  0.000E+00  0.000E+00  0.000E+00  0.000E+00
         0.9864  0.000E+00  0.278E-03  0.000E+00  0.000E+00 -0.675E+02  0.000E+00  0.000E+00  0.000E+00  0.634E-01  0.000E+00  0.000E+00  0.000E+00  0.000E+00  0.000E+00  0.000E+00  0.000E+00
         1.0166  0.000E+00  0.278E-03  0.000E+00  0.000E+00 -0.675E+02  0.000E+00  0.000E+00  0.000E+00  0.618E-01  0.000E+00  0.000E+00  0.000E+00  0.000E+00  0.000E+00  0.000E+00  0.000E+00
         1.0560  0.000E+00  0.278E-03  0.000E+00  0.000E+00 -0.675E+02  0.000E+00  0.000E+00  0.000E+00  0.601E-01  0.000E+00  0.000E+00  0.000E+00  0.000E+00  0.000E+00  0.000E+00  0.000E+00
         1.0954  0.000E+00  0.278E-03  0.000E+00  0.000E+00 -0.675E+02  0.000E+00  0.000E+00  0.000E+00  0.582E-01  0.000E+00  0.000E+00  0.000E+00  0.000E+00  0.000E+00  0.000E+00  0.000E+00
         1.1348  0.000E+00  0.278E-03  0.000E+00  0.000E+00 -0.675E+02  0.000E+00  0.000E+00  0.000E+00  0.563E-01  0.000E+00  0.000E+00  0.000E+00  0.000E+00  0.000E+00  0.000E+00  0.000E+00
         1.1741  0.000E+00  0.278E-03  0.000E+00  0.000E+00 -0.675E+02  0.000E+00  0.000E+00  0.000E+00  0.545E-01  0.000E+00  0.000E+00  0.000E+00  0.000E+00  0.000E+00  0.000E+00  0.000E+00
         1.2135  0.000E+00  0.278E-03  0.000E+00  0.000E+00 -0.675E+02  0.000E+00  0.000E+00  0.000E+00  0.528E-01  0.000E+00  0.000E+00  0.000E+00  0.000E+00  0.000E+00  0.000E+00  0.000E+00
         1.2529  0.000E+00  0.278E-03  0.000E+00  0.000E+00 -0.675E+02  0.000E+00  0.000E+00  0.000E+00  0.513E-01  0.000E+00  0.000E+00  0.000E+00  0.000E+00  0.000E+00  0.000E+00  0.000E+00
         1.2923  0.000E+00  0.278E-03  0.000E+00  0.000E+00 -0.675E+02  0.000E+00  0.000E+00  0.000E+00  0.497E-01  0.000E+00  0.000E+00  0.000E+00  0.000E+00  0.000E+00  0.000E+00  0.000E+00
         1.3316  0.000E+00  0.278E-03  0.000E+00  0.000E+00 -0.675E+02  0.000E+00  0.000E+00  0.000E+00  0.483E-01  0.000E+00  0.000E+00  0.000E+00  0.000E+00  0.000E+00  0.000E+00  0.000E+00
         1.3710  0.000E+00  0.278E-03  0.000E+00  0.000E+00 -0.675E+02  0.000E+00  0.000E+00  0.000E+00  0.469E-01  0.000E+00  0.000E+00  0.000E+00  0.000E+00  0.000E+00  0.000E+00  0.000E+00
         1.4104  0.000E+00  0.278E-03  0.000E+00  0.000E+00 -0.675E+02  0.000E+00  0.000E+00  0.000E+00  0.456E-01  0.000E+00  0.000E+00  0.000E+00  0.000E+00  0.000E+00  0.000E+00  0.000E+00
         1.4616  0.000E+00  0.278E-03  0.000E+00  0.000E+00 -0.675E+02  0.000E+00  0.000E+00  0.000E+00  0.444E-01  0.000E+00  0.000E+00  0.000E+00  0.000E+00  0.000E+00  0.000E+00  0.000E+00
         1.5128  0.000E+00  0.278E-03  0.000E+00  0.000E+00 -0.675E+02  0.000E+00  0.000E+00  0.000E+00  0.429E-01  0.000E+00  0.000E+00  0.000E+00  0.000E+00  0.000E+00  0.000E+00  0.000E+00
         1.5639  0.000E+00  0.278E-03  0.000E+00  0.000E+00 -0.675E+02  0.000E+00  0.000E+00  0.000E+00  0.414E-01  0.000E+00  0.000E+00  0.000E+00  0.000E+00  0.000E+00  0.000E+00  0.000E+00
         1.6151  0.000E+00  0.278E-03  0.000E+00  0.000E+00 -0.675E+02  0.000E+00  0.000E+00  0.000E+00  0.401E-01  0.000E+00  0.000E+00  0.000E+00  0.000E+00  0.000E+00  0.000E+00  0.000E+00
         1.6663  0.000E+00  0.278E-03  0.000E+00  0.000E+00 -0.675E+02  0.000E+00  0.000E+00  0.000E+00  0.388E-01  0.000E+00  0.000E+00  0.000E+00  0.000E+00  0.000E+00  0.000E+00  0.000E+00
         1.7175  0.000E+00  0.278E-03  0.000E+00  0.000E+00 -0.675E+02  0.000E+00  0.000E+00  0.000E+00  0.375E-01  0.000E+00  0.000E+00  0.000E+00  0.000E+00  0.000E+00  0.000E+00  0.000E+00
         1.7687  0.000E+00  0.278E-03  0.000E+00  0.000E+00 -0.675E+02  0.000E+00  0.000E+00  0.000E+00  0.364E-01  0.000E+00  0.000E+00  0.000E+00  0.000E+00  0.000E+00  0.000E+00  0.000E+00
         1.8199  0.000E+00  0.278E-03  0.000E+00  0.000E+00 -0.675E+02  0.000E+00  0.000E+00  0.000E+00  0.353E-01  0.000E+00  0.000E+00  0.000E+00  0.000E+00  0.000E+00  0.000E+00  0.000E+00
         1.8711  0.000E+00  0.278E-03  0.000E+00  0.000E+00 -0.675E+02  0.000E+00  0.000E+00  0.000E+00  0.342E-01  0.000E+00  0.000E+00  0.000E+00  0.000E+00  0.000E+00  0.000E+00  0.000E+00
         1.9376  0.000E+00  0.278E-03  0.000E+00  0.000E+00 -0.675E+02  0.000E+00  0.000E+00  0.000E+00  0.332E-01  0.000E+00  0.000E+00  0.000E+00  0.000E+00  0.000E+00  0.000E+00  0.000E+00
         2.0041  0.000E+00  0.278E-03  0.000E+00  0.000E+00 -0.675E+02  0.000E+00  0.000E+00  0.000E+00  0.320E-01  0.000E+00  0.000E+00  0.000E+00  0.000E+00  0.000E+00  0.000E+00  0.000E+00
         2.0707  0.000E+00  0.278E-03  0.000E+00  0.000E+00 -0.675E+02  0.000E+00  0.000E+00  0.000E+00  0.308E-01  0.000E+00  0.000E+00  0.000E+00  0.000E+00  0.000E+00  0.000E+00  0.000E+00
         2.1372  0.000E+00  0.278E-03  0.000E+00  0.000E+00 -0.675E+02  0.000E+00  0.000E+00  0.000E+00  0.298E-01  0.000E+00  0.000E+00  0.000E+00  0.000E+00  0.000E+00  0.000E+00  0.000E+00
         2.2038  0.000E+00  0.278E-03  0.000E+00  0.000E+00 -0.675E+02  0.000E+00  0.000E+00  0.000E+00  0.287E-01  0.000E+00  0.000E+00  0.000E+00  0.000E+00  0.000E+00  0.000E+00  0.000E+00
         2.2703  0.000E+00  0.278E-03  0.000E+00  0.000E+00 -0.675E+02  0.000E+00  0.000E+00  0.000E+00  0.278E-01  0.000E+00  0.000E+00  0.000E+00  0.000E+00  0.000E+00  0.000E+00  0.000E+00
         2.3368  0.000E+00  0.278E-03  0.000E+00  0.000E+00 -0.675E+02  0.000E+00  0.000E+00  0.000E+00  0.268E-01  0.000E+00  0.000E+00  0.000E+00  0.000E+00  0.000E+00  0.000E+00  0.000E+00
         2.4034  0.000E+00  0.278E-03  0.000E+00  0.000E+00 -0.675E+02  0.000E+00  0.000E+00  0.000E+00  0.260E-01  0.000E+00  0.000E+00  0.000E+00  0.000E+00  0.000E+00  0.000E+00  0.000E+00
         2.4699  0.000E+00  0.278E-03  0.000E+00  0.000E+00 -0.675E+02  0.000E+00  0.000E+00  0.000E+00  0.251E-01  0.000E+00  0.000E+00  0.000E+00  0.000E+00  0.000E+00  0.000E+00  0.000E+00
         2.5564  0.000E+00  0.278E-03  0.000E+00  0.000E+00 -0.675E+02  0.000E+00  0.000E+00  0.000E+00  0.244E-01  0.000E+00  0.000E+00  0.000E+00  0.000E+00  0.000E+00  0.000E+00  0.000E+00
         2.6429  0.000E+00  0.278E-03  0.000E+00  0.000E+00 -0.675E+02  0.000E+00  0.000E+00  0.000E+00  0.234E-01  0.000E+00  0.000E+00  0.000E+00  0.000E+00  0.000E+00  0.000E+00  0.000E+00
         2.7294  0.000E+00  0.278E-03  0.000E+00  0.000E+00 -0.675E+02  0.000E+00  0.000E+00  0.000E+00  0.225E-01  0.000E+00  0.000E+00  0.000E+00  0.000E+00  0.000E+00  0.000E+00  0.000E+00
         2.8159  0.000E+00  0.278E-03  0.000E+00  0.000E+00 -0.675E+02  0.000E+00  0.000E+00  0.000E+00  0.216E-01  0.000E+00  0.000E+00  0.000E+00  0.000E+00  0.000E+00  0.000E+00  0.000E+00
         2.9025  0.000E+00  0.278E-03  0.000E+00  0.000E+00 -0.675E+02  0.000E+00  0.000E+00  0.000E+00  0.209E-01  0.000E+00  0.000E+00  0.000E+00  0.000E+00  0.000E+00  0.000E+00  0.000E+00
         2.9890  0.000E+00  0.278E-03  0.000E+00  0.000E+00 -0.675E+02  0.000E+00  0.000E+00  0.000E+00  0.201E-01  0.000E+00  0.000E+00  0.000E+00  0.000E+00  0.000E+00  0.000E+00  0.000E+00
         3.0755  0.000E+00  0.278E-03  0.000E+00  0.000E+00 -0.675E+02  0.000E+00  0.000E+00  0.000E+00  0.194E-01  0.000E+00  0.000E+00  0.000E+00  0.000E+00  0.000E+00  0.000E+00  0.000E+00
         3.1620  0.000E+00  0.278E-03  0.000E+00  0.000E+00 -0.675E+02  0.000E+00  0.000E+00  0.000E+00  0.187E-01  0.000E+00  0.000E+00  0.000E+00  0.000E+00  0.000E+00  0.000E+00  0.000E+00
         3.2485  0.000E+00  0.278E-03  0.000E+00  0.000E+00 -0.675E+02  0.000E+00  0.000E+00  0.000E+00  0.181E-01  0.000E+00  0.000E+00  0.000E+00  0.000E+00  0.000E+00  0.000E+00  0.000E+00
         3.3609  0.000E+00  0.278E-03  0.000E+00  0.000E+00 -0.675E+02  0.000E+00  0.000E+00  0.000E+00  0.175E-01  0.000E+00  0.000E+00  0.000E+00  0.000E+00  0.000E+00  0.000E+00  0.000E+00
         3.4734  0.000E+00  0.278E-03  0.000E+00  0.000E+00 -0.675E+02  0.000E+00  0.000E+00  0.000E+00  0.167E-01  0.000E+00  0.000E+00  0.000E+00  0.000E+00  0.000E+00  0.000E+00  0.000E+00
         3.5858  0.000E+00  0.278E-03  0.000E+00  0.000E+00 -0.675E+02  0.000E+00  0.000E+00  0.000E+00  0.161E-01  0.000E+00  0.000E+00  0.000E+00  0.000E+00  0.000E+00  0.000E+00  0.000E+00
         3.6983  0.000E+00  0.278E-03  0.000E+00  0.000E+00 -0.675E+02  0.000E+00  0.000E+00  0.000E+00  0.154E-01  0.000E+00  0.000E+00  0.000E+00  0.000E+00  0.000E+00  0.000E+00  0.000E+00
         3.8107  0.000E+00  0.278E-03  0.000E+00  0.000E+00 -0.675E+02  0.000E+00  0.000E+00  0.000E+00  0.148E-01  0.000E+00  0.000E+00  0.000E+00  0.000E+00  0.000E+00  0.000E+00  0.000E+00
         3.9232  0.000E+00  0.278E-03  0.000E+00  0.000E+00 -0.675E+02  0.000E+00  0.000E+00  0.000E+00  0.142E-01  0.000E+00  0.000E+00  0.000E+00  0.000E+00  0.000E+00  0.000E+00  0.000E+00
         4.0309  0.000E+00  0.278E-03  0.000E+00  0.000E+00 -0.675E+02  0.000E+00  0.000E+00  0.000E+00  0.137E-01  0.000E+00  0.000E+00  0.000E+00  0.000E+00  0.000E+00  0.000E+00  0.000E+00
         4.1386  0.000E+00  0.278E-03  0.000E+00  0.000E+00 -0.675E+02  0.000E+00  0.000E+00  0.000E+00  0.132E-01  0.000E+00  0.000E+00  0.000E+00  0.000E+00  0.000E+00  0.000E+00  0.000E+00
         4.2462  0.000E+00  0.278E-03  0.000E+00  0.000E+00 -0.675E+02  0.000E+00  0.000E+00  0.000E+00  0.128E-01  0.000E+00  0.000E+00  0.000E+00  0.000E+00  0.000E+00  0.000E+00  0.000E+00
         4.3539  0.000E+00  0.278E-03  0.000E+00  0.000E+00 -0.675E+02  0.000E+00  0.000E+00  0.000E+00  0.123E-01  0.000E+00  0.000E+00  0.000E+00  0.000E+00  0.000E+00  0.000E+00  0.000E+00
         4.4616  0.000E+00  0.278E-03  0.000E+00  0.000E+00 -0.675E+02  0.000E+00  0.000E+00  0.000E+00  0.119E-01  0.000E+00  0.000E+00  0.000E+00  0.000E+00  0.000E+00  0.000E+00  0.000E+00
         4.5693  0.000E+00  0.278E-03  0.000E+00  0.000E+00 -0.675E+02  0.000E+00  0.000E+00  0.000E+00  0.115E-01  0.000E+00  0.000E+00  0.000E+00  0.000E+00  0.000E+00  0.000E+00  0.000E+00
         4.6770  0.000E+00  0.278E-03  0.000E+00  0.000E+00 -0.675E+02  0.000E+00  0.000E+00  0.000E+00  0.112E-01  0.000E+00  0.000E+00  0.000E+00  0.000E+00  0.000E+00  0.000E+00  0.000E+00
         4.7846  0.000E+00  0.278E-03  0.000E+00  0.000E+00 -0.675E+02  0.000E+00  0.000E+00  0.000E+00  0.108E-01  0.000E+00  0.000E+00  0.000E+00  0.000E+00  0.000E+00  0.000E+00  0.000E+00
         4.8923  0.000E+00  0.278E-03  0.000E+00  0.000E+00 -0.675E+02  0.000E+00  0.000E+00  0.000E+00  0.105E-01  0.000E+00  0.000E+00  0.000E+00  0.000E+00  0.000E+00  0.000E+00  0.000E+00
         5.0000  0.000E+00  0.278E-03  0.000E+00  0.000E+00 -0.675E+02  0.000E+00  0.000E+00  0.000E+00  0.101E-01  0.000E+00  0.000E+00  0.000E+00  0.000E+00  0.000E+00  0.000E+00  0.000E+00
         5.1125  0.000E+00  0.278E-03  0.000E+00  0.000E+00 -0.675E+02  0.000E+00  0.000E+00  0.000E+00  0.983E-02  0.000E+00  0.000E+00  0.000E+00  0.000E+00  0.000E+00  0.000E+00  0.000E+00
         5.2249  0.000E+00  0.278E-03  0.000E+00  0.000E+00 -0.675E+02  0.000E+00  0.000E+00  0.000E+00  0.952E-02  0.000E+00  0.000E+00  0.000E+00  0.000E+00  0.000E+00  0.000E+00  0.000E+00
         5.3374  0.000E+00  0.278E-03  0.000E+00  0.000E+00 -0.675E+02  0.000E+00  0.000E+00  0.000E+00  0.923E-02  0.000E+00  0.000E+00  0.000E+00  0.000E+00  0.000E+00  0.000E+00  0.000E+00
         5.4498  0.000E+00  0.278E-03  0.000E+00  0.000E+00 -0.675E+02  0.000E+00  0.000E+00  0.000E+00  0.895E-02  0.000E+00  0.000E+00  0.000E+00  0.000E+00  0.000E+00  0.000E+00  0.000E+00
         5.5623  0.000E+00  0.278E-03  0.000E+00  0.000E+00 -0.675E+02  0.000E+00  0.000E+00  0.000E+00  0.869E-02  0.000E+00  0.000E+00  0.000E+00  0.000E+00  0.000E+00  0.000E+00  0.000E+00
         5.6747  0.000E+00  0.278E-03  0.000E+00  0.000E+00 -0.675E+02  0.000E+00  0.000E+00  0.000E+00  0.843E-02  0.000E+00  0.000E+00  0.000E+00  0.000E+00  0.000E+00  0.000E+00  0.000E+00
         5.7872  0.000E+00  0.278E-03  0.000E+00  0.000E+00 -0.675E+02  0.000E+00  0.000E+00  0.000E+00  0.819E-02  0.000E+00  0.000E+00  0.000E+00  0.000E+00  0.000E+00  0.000E+00  0.000E+00
         5.8996  0.000E+00  0.278E-03  0.000E+00  0.000E+00 -0.675E+02  0.000E+00  0.000E+00  0.000E+00  0.796E-02  0.000E+00  0.000E+00  0.000E+00  0.000E+00  0.000E+00  0.000E+00  0.000E+00
         6.0121  0.000E+00  0.278E-03  0.000E+00  0.000E+00 -0.675E+02  0.000E+00  0.000E+00  0.000E+00  0.773E-02  0.000E+00  0.000E+00  0.000E+00  0.000E+00  0.000E+00  0.000E+00  0.000E+00
         6.1583  0.000E+00  0.278E-03  0.000E+00  0.000E+00 -0.675E+02  0.000E+00  0.000E+00  0.000E+00  0.752E-02  0.000E+00  0.000E+00  0.000E+00  0.000E+00  0.000E+00  0.000E+00  0.000E+00
         6.3045  0.000E+00  0.278E-03  0.000E+00  0.000E+00 -0.675E+02  0.000E+00  0.000E+00  0.000E+00  0.725E-02  0.000E+00  0.000E+00  0.000E+00  0.000E+00  0.000E+00  0.000E+00  0.000E+00
         6.4507  0.000E+00  0.278E-03  0.000E+00  0.000E+00 -0.675E+02  0.000E+00  0.000E+00  0.000E+00  0.700E-02  0.000E+00  0.000E+00  0.000E+00  0.000E+00  0.000E+00  0.000E+00  0.000E+00
         6.5969  0.000E+00  0.278E-03  0.000E+00  0.000E+00 -0.675E+02  0.000E+00  0.000E+00  0.000E+00  0.676E-02  0.000E+00  0.000E+00  0.000E+00  0.000E+00  0.000E+00  0.000E+00  0.000E+00
         6.7431  0.000E+00  0.278E-03  0.000E+00  0.000E+00 -0.675E+02  0.000E+00  0.000E+00  0.000E+00  0.654E-02  0.000E+00  0.000E+00  0.000E+00  0.000E+00  0.000E+00  0.000E+00  0.000E+00
         6.8892  0.000E+00  0.278E-03  0.000E+00  0.000E+00 -0.675E+02  0.000E+00  0.000E+00  0.000E+00  0.632E-02  0.000E+00  0.000E+00  0.000E+00  0.000E+00  0.000E+00  0.000E+00  0.000E+00
         7.0354  0.000E+00  0.278E-03  0.000E+00  0.000E+00 -0.675E+02  0.000E+00  0.000E+00  0.000E+00  0.611E-02  0.000E+00  0.000E+00  0.000E+00  0.000E+00  0.000E+00  0.000E+00  0.000E+00
         7.1816  0.000E+00  0.278E-03  0.000E+00  0.000E+00 -0.675E+02  0.000E+00  0.000E+00  0.000E+00  0.592E-02  0.000E+00  0.000E+00  0.000E+00  0.000E+00  0.000E+00  0.000E+00  0.000E+00
         7.3278  0.000E+00  0.278E-03  0.000E+00  0.000E+00 -0.675E+02  0.000E+00  0.000E+00  0.000E+00  0.573E-02  0.000E+00  0.000E+00  0.000E+00  0.000E+00  0.000E+00  0.000E+00  0.000E+00
         7.4740  0.000E+00  0.278E-03  0.000E+00  0.000E+00 -0.675E+02  0.000E+00  0.000E+00  0.000E+00  0.555E-02  0.000E+00  0.000E+00  0.000E+00  0.000E+00  0.000E+00  0.000E+00  0.000E+00
         7.6202  0.000E+00  0.278E-03  0.000E+00  0.000E+00 -0.675E+02  0.000E+00  0.000E+00  0.000E+00  0.538E-02  0.000E+00  0.000E+00  0.000E+00  0.000E+00  0.000E+00  0.000E+00  0.000E+00
         7.7664  0.000E+00  0.278E-03  0.000E+00  0.000E+00 -0.675E+02  0.000E+00  0.000E+00  0.000E+00  0.521E-02  0.000E+00  0.000E+00  0.000E+00  0.000E+00  0.000E+00  0.000E+00  0.000E+00
         7.9126  0.000E+00  0.278E-03  0.000E+00  0.000E+00 -0.675E+02  0.000E+00  0.000E+00  0.000E+00  0.506E-02  0.000E+00  0.000E+00  0.000E+00  0.000E+00  0.000E+00  0.000E+00  0.000E+00
         8.0588  0.000E+00  0.278E-03  0.000E+00  0.000E+00 -0.675E+02  0.000E+00  0.000E+00  0.000E+00  0.491E-02  0.000E+00  0.000E+00  0.000E+00  0.000E+00  0.000E+00  0.000E+00  0.000E+00
         8.2050  0.000E+00  0.278E-03  0.000E+00  0.000E+00 -0.675E+02  0.000E+00  0.000E+00  0.000E+00  0.476E-02  0.000E+00  0.000E+00  0.000E+00  0.000E+00  0.000E+00  0.000E+00  0.000E+00
         8.3512  0.000E+00  0.278E-03  0.000E+00  0.000E+00 -0.675E+02  0.000E+00  0.000E+00  0.000E+00  0.462E-02  0.000E+00  0.000E+00  0.000E+00  0.000E+00  0.000E+00  0.000E+00  0.000E+00
         8.4974  0.000E+00  0.278E-03  0.000E+00  0.000E+00 -0.675E+02  0.000E+00  0.000E+00  0.000E+00  0.449E-02  0.000E+00  0.000E+00  0.000E+00  0.000E+00  0.000E+00  0.000E+00  0.000E+00
         8.6436  0.000E+00  0.278E-03  0.000E+00  0.000E+00 -0.675E+02  0.000E+00  0.000E+00  0.000E+00  0.436E-02  0.000E+00  0.000E+00  0.000E+00  0.000E+00  0.000E+00  0.000E+00  0.000E+00
         8.7897  0.000E+00  0.278E-03  0.000E+00  0.000E+00 -0.675E+02  0.000E+00  0.000E+00  0.000E+00  0.424E-02  0.000E+00  0.000E+00  0.000E+00  0.000E+00  0.000E+00  0.000E+00  0.000E+00
         8.9359  0.000E+00  0.278E-03  0.000E+00  0.000E+00 -0.675E+02  0.000E+00  0.000E+00  0.000E+00  0.412E-02  0.000E+00  0.000E+00  0.000E+00  0.000E+00  0.000E+00  0.000E+00  0.000E+00
         9.0821  0.000E+00  0.278E-03  0.000E+00  0.000E+00 -0.675E+02  0.000E+00  0.000E+00  0.000E+00  0.401E-02  0.000E+00  0.000E+00  0.000E+00  0.000E+00  0.000E+00  0.000E+00  0.000E+00
         9.2283  0.000E+00  0.278E-03  0.000E+00  0.000E+00 -0.675E+02  0.000E+00  0.000E+00  0.000E+00  0.390E-02  0.000E+00  0.000E+00  0.000E+00  0.000E+00  0.000E+00  0.000E+00  0.000E+00
         9.3745  0.000E+00  0.278E-03  0.000E+00  0.000E+00 -0.675E+02  0.000E+00  0.000E+00  0.000E+00  0.379E-02  0.000E+00  0.000E+00  0.000E+00  0.000E+00  0.000E+00  0.000E+00  0.000E+00
         9.5207  0.000E+00  0.278E-03  0.000E+00  0.000E+00 -0.675E+02  0.000E+00  0.000E+00  0.000E+00  0.369E-02  0.000E+00  0.000E+00  0.000E+00  0.000E+00  0.000E+00  0.000E+00  0.000E+00
         9.6669  0.000E+00  0.278E-03  0.000E+00  0.000E+00 -0.675E+02  0.000E+00  0.000E+00  0.000E+00  0.360E-02  0.000E+00  0.000E+00  0.000E+00  0.000E+00  0.000E+00  0.000E+00  0.000E+00
         9.8131  0.000E+00  0.278E-03  0.000E+00  0.000E+00 -0.675E+02  0.000E+00  0.000E+00  0.000E+00  0.350E-02  0.000E+00  0.000E+00  0.000E+00  0.000E+00  0.000E+00  0.000E+00  0.000E+00
        10.0031  0.000E+00  0.278E-03  0.000E+00  0.000E+00 -0.675E+02  0.000E+00  0.000E+00  0.000E+00  0.341E-02  0.000E+00  0.000E+00  0.000E+00  0.000E+00  0.000E+00  0.000E+00  0.000E+00
        10.1932  0.000E+00  0.278E-03  0.000E+00  0.000E+00 -0.675E+02  0.000E+00  0.000E+00  0.000E+00  0.330E-02  0.000E+00  0.000E+00  0.000E+00  0.000E+00  0.000E+00  0.000E+00  0.000E+00
        10.3832  0.000E+00  0.278E-03  0.000E+00  0.000E+00 -0.675E+02  0.000E+00  0.000E+00  0.000E+00  0.319E-02  0.000E+00  0.000E+00  0.000E+00  0.000E+00  0.000E+00  0.000E+00  0.000E+00
        10.5733  0.000E+00  0.278E-03  0.000E+00  0.000E+00 -0.675E+02  0.000E+00  0.000E+00  0.000E+00  0.308E-02  0.000E+00  0.000E+00  0.000E+00  0.000E+00  0.000E+00  0.000E+00  0.000E+00
        10.7633  0.000E+00  0.278E-03  0.000E+00  0.000E+00 -0.675E+02  0.000E+00  0.000E+00  0.000E+00  0.298E-02  0.000E+00  0.000E+00  0.000E+00  0.000E+00  0.000E+00  0.000E+00  0.000E+00
        10.9534  0.000E+00  0.278E-03  0.000E+00  0.000E+00 -0.675E+02  0.000E+00  0.000E+00  0.000E+00  0.289E-02  0.000E+00  0.000E+00  0.000E+00  0.000E+00  0.000E+00  0.000E+00  0.000E+00
        11.1434  0.000E+00  0.278E-03  0.000E+00  0.000E+00 -0.675E+02  0.000E+00  0.000E+00  0.000E+00  0.280E-02  0.000E+00  0.000E+00  0.000E+00  0.000E+00  0.000E+00  0.000E+00  0.000E+00
        11.3335  0.000E+00  0.278E-03  0.000E+00  0.000E+00 -0.675E+02  0.000E+00  0.000E+00  0.000E+00  0.271E-02  0.000E+00  0.000E+00  0.000E+00  0.000E+00  0.000E+00  0.000E+00  0.000E+00
        11.5235  0.000E+00  0.278E-03  0.000E+00  0.000E+00 -0.675E+02  0.000E+00  0.000E+00  0.000E+00  0.263E-02  0.000E+00  0.000E+00  0.000E+00  0.000E+00  0.000E+00  0.000E+00  0.000E+00
        11.7136  0.000E+00  0.278E-03  0.000E+00  0.000E+00 -0.675E+02  0.000E+00  0.000E+00  0.000E+00  0.254E-02  0.000E+00  0.000E+00  0.000E+00  0.000E+00  0.000E+00  0.000E+00  0.000E+00
        11.9036  0.000E+00  0.278E-03  0.000E+00  0.000E+00 -0.675E+02  0.000E+00  0.000E+00  0.000E+00  0.247E-02  0.000E+00  0.000E+00  0.000E+00  0.000E+00  0.000E+00  0.000E+00  0.000E+00
        12.0937  0.000E+00  0.278E-03  0.000E+00  0.000E+00 -0.675E+02  0.000E+00  0.000E+00  0.000E+00  0.239E-02  0.000E+00  0.000E+00  0.000E+00  0.000E+00  0.000E+00  0.000E+00  0.000E+00
        12.2837  0.000E+00  0.278E-03  0.000E+00  0.000E+00 -0.675E+02  0.000E+00  0.000E+00  0.000E+00  0.232E-02  0.000E+00  0.000E+00  0.000E+00  0.000E+00  0.000E+00  0.000E+00  0.000E+00
        12.4738  0.000E+00  0.278E-03  0.000E+00  0.000E+00 -0.675E+02  0.000E+00  0.000E+00  0.000E+00  0.225E-02  0.000E+00  0.000E+00  0.000E+00  0.000E+00  0.000E+00  0.000E+00  0.000E+00
        12.6638  0.000E+00  0.278E-03  0.000E+00  0.000E+00 -0.675E+02  0.000E+00  0.000E+00  0.000E+00  0.218E-02  0.000E+00  0.000E+00  0.000E+00  0.000E+00  0.000E+00  0.000E+00  0.000E+00
        12.8539  0.000E+00  0.278E-03  0.000E+00  0.000E+00 -0.675E+02  0.000E+00  0.000E+00  0.000E+00  0.212E-02  0.000E+00  0.000E+00  0.000E+00  0.000E+00  0.000E+00  0.000E+00  0.000E+00
        13.0439  0.000E+00  0.278E-03  0.000E+00  0.000E+00 -0.675E+02  0.000E+00  0.000E+00  0.000E+00  0.206E-02  0.000E+00  0.000E+00  0.000E+00  0.000E+00  0.000E+00  0.000E+00  0.000E+00
        13.2395  0.000E+00  0.278E-03  0.000E+00  0.000E+00 -0.675E+02  0.000E+00  0.000E+00  0.000E+00  0.200E-02  0.000E+00  0.000E+00  0.000E+00  0.000E+00  0.000E+00  0.000E+00  0.000E+00
        13.4351  0.000E+00  0.278E-03  0.000E+00  0.000E+00 -0.675E+02  0.000E+00  0.000E+00  0.000E+00  0.194E-02  0.000E+00  0.000E+00  0.000E+00  0.000E+00  0.000E+00  0.000E+00  0.000E+00
        13.6308  0.000E+00  0.278E-03  0.000E+00  0.000E+00 -0.675E+02  0.000E+00  0.000E+00  0.000E+00  0.188E-02  0.000E+00  0.000E+00  0.000E+00  0.000E+00  0.000E+00  0.000E+00  0.000E+00
        13.8264  0.000E+00  0.278E-03  0.000E+00  0.000E+00 -0.675E+02  0.000E+00  0.000E+00  0.000E+00  0.183E-02  0.000E+00  0.000E+00  0.000E+00  0.000E+00  0.000E+00  0.000E+00  0.000E+00
        14.0220  0.000E+00  0.278E-03  0.000E+00  0.000E+00 -0.675E+02  0.000E+00  0.000E+00  0.000E+00  0.177E-02  0.000E+00  0.000E+00  0.000E+00  0.000E+00  0.000E+00  0.000E+00  0.000E+00
        14.2176  0.000E+00  0.278E-03  0.000E+00  0.000E+00 -0.675E+02  0.000E+00  0.000E+00  0.000E+00  0.172E-02  0.000E+00  0.000E+00  0.000E+00  0.000E+00  0.000E+00  0.000E+00  0.000E+00
        14.4132  0.000E+00  0.278E-03  0.000E+00  0.000E+00 -0.675E+02  0.000E+00  0.000E+00  0.000E+00  0.167E-02  0.000E+00  0.000E+00  0.000E+00  0.000E+00  0.000E+00  0.000E+00  0.000E+00
        14.6088  0.000E+00  0.278E-03  0.000E+00  0.000E+00 -0.675E+02  0.000E+00  0.000E+00  0.000E+00  0.162E-02  0.000E+00  0.000E+00  0.000E+00  0.000E+00  0.000E+00  0.000E+00  0.000E+00
        14.8044  0.000E+00  0.278E-03  0.000E+00  0.000E+00 -0.675E+02  0.000E+00  0.000E+00  0.000E+00  0.158E-02  0.000E+00  0.000E+00  0.000E+00  0.000E+00  0.000E+00  0.000E+00  0.000E+00
        15.0000  0.000E+00  0.278E-03  0.000E+00  0.000E+00 -0.675E+02  0.000E+00  0.000E+00  0.000E+00  0.153E-02  0.000E+00  0.000E+00  0.000E+00  0.000E+00  0.000E+00  0.000E+00  0.000E+00
        15.1900  0.000E+00  0.278E-03  0.000E+00  0.000E+00 -0.675E+02  0.000E+00  0.000E+00  0.000E+00  0.149E-02  0.000E+00  0.000E+00  0.000E+00  0.000E+00  0.000E+00  0.000E+00  0.000E+00
        15.3801  0.000E+00  0.278E-03  0.000E+00  0.000E+00 -0.675E+02  0.000E+00  0.000E+00  0.000E+00  0.145E-02  0.000E+00  0.000E+00  0.000E+00  0.000E+00  0.000E+00  0.000E+00  0.000E+00
        15.5701  0.000E+00  0.278E-03  0.000E+00  0.000E+00 -0.675E+02  0.000E+00  0.000E+00  0.000E+00  0.141E-02  0.000E+00  0.000E+00  0.000E+00  0.000E+00  0.000E+00  0.000E+00  0.000E+00
        15.7602  0.000E+00  0.278E-03  0.000E+00  0.000E+00 -0.675E+02  0.000E+00  0.000E+00  0.000E+00  0.137E-02  0.000E+00  0.000E+00  0.000E+00  0.000E+00  0.000E+00  0.000E+00  0.000E+00
        16.0073  0.000E+00  0.278E-03  0.000E+00  0.000E+00 -0.675E+02  0.000E+00  0.000E+00  0.000E+00  0.133E-02  0.000E+00  0.000E+00  0.000E+00  0.000E+00  0.000E+00  0.000E+00  0.000E+00
        16.2543  0.000E+00  0.278E-03  0.000E+00  0.000E+00 -0.675E+02  0.000E+00  0.000E+00  0.000E+00  0.129E-02  0.000E+00  0.000E+00  0.000E+00  0.000E+00  0.000E+00  0.000E+00  0.000E+00
        16.5014  0.000E+00  0.278E-03  0.000E+00  0.000E+00 -0.675E+02  0.000E+00  0.000E+00  0.000E+00  0.124E-02  0.000E+00  0.000E+00  0.000E+00  0.000E+00  0.000E+00  0.000E+00  0.000E+00
        16.7485  0.000E+00  0.278E-03  0.000E+00  0.000E+00 -0.675E+02  0.000E+00  0.000E+00  0.000E+00  0.120E-02  0.000E+00  0.000E+00  0.000E+00  0.000E+00  0.000E+00  0.000E+00  0.000E+00
        16.9955  0.000E+00  0.278E-03  0.000E+00  0.000E+00 -0.675E+02  0.000E+00  0.000E+00  0.000E+00  0.116E-02  0.000E+00  0.000E+00  0.000E+00  0.000E+00  0.000E+00  0.000E+00  0.000E+00
        17.2426  0.000E+00  0.278E-03  0.000E+00  0.000E+00 -0.675E+02  0.000E+00  0.000E+00  0.000E+00  0.112E-02  0.000E+00  0.000E+00  0.000E+00  0.000E+00  0.000E+00  0.000E+00  0.000E+00
        17.4896  0.000E+00  0.278E-03  0.000E+00  0.000E+00 -0.675E+02  0.000E+00  0.000E+00  0.000E+00  0.108E-02  0.000E+00  0.000E+00  0.000E+00  0.000E+00  0.000E+00  0.000E+00  0.000E+00
        17.7367  0.000E+00  0.278E-03  0.000E+00  0.000E+00 -0.675E+02  0.000E+00  0.000E+00  0.000E+00  0.105E-02  0.000E+00  0.000E+00  0.000E+00  0.000E+00  0.000E+00  0.000E+00  0.000E+00
        17.9838  0.000E+00  0.278E-03  0.000E+00  0.000E+00 -0.675E+02  0.000E+00  0.000E+00  0.000E+00  0.101E-02  0.000E+00  0.000E+00  0.000E+00  0.000E+00  0.000E+00  0.000E+00  0.000E+00
        18.2308  0.000E+00  0.278E-03  0.000E+00  0.000E+00 -0.675E+02  0.000E+00  0.000E+00  0.000E+00  0.976E-03  0.000E+00  0.000E+00  0.000E+00  0.000E+00  0.000E+00  0.000E+00  0.000E+00
        18.4779  0.000E+00  0.278E-03  0.000E+00  0.000E+00 -0.675E+02  0.000E+00  0.000E+00  0.000E+00  0.943E-03  0.000E+00  0.000E+00  0.000E+00  0.000E+00  0.000E+00  0.000E+00  0.000E+00
        18.7250  0.000E+00  0.278E-03  0.000E+00  0.000E+00 -0.675E+02  0.000E+00  0.000E+00  0.000E+00  0.911E-03  0.000E+00  0.000E+00  0.000E+00  0.000E+00  0.000E+00  0.000E+00  0.000E+00
        18.9720  0.000E+00  0.278E-03  0.000E+00  0.000E+00 -0.675E+02  0.000E+00  0.000E+00  0.000E+00  0.880E-03  0.000E+00  0.000E+00  0.000E+00  0.000E+00  0.000E+00  0.000E+00  0.000E+00
        19.2191  0.000E+00  0.278E-03  0.000E+00  0.000E+00 -0.675E+02  0.000E+00  0.000E+00  0.000E+00  0.851E-03  0.000E+00  0.000E+00  0.000E+00  0.000E+00  0.000E+00  0.000E+00  0.000E+00
        19.4662  0.000E+00  0.278E-03  0.000E+00  0.000E+00 -0.675E+02  0.000E+00  0.000E+00  0.000E+00  0.823E-03  0.000E+00  0.000E+00  0.000E+00  0.000E+00  0.000E+00  0.000E+00  0.000E+00
        19.7132  0.000E+00  0.278E-03  0.000E+00  0.000E+00 -0.675E+02  0.000E+00  0.000E+00  0.000E+00  0.795E-03  0.000E+00  0.000E+00  0.000E+00  0.000E+00  0.000E+00  0.000E+00  0.000E+00
        19.9603  0.000E+00  0.278E-03  0.000E+00  0.000E+00 -0.675E+02  0.000E+00  0.000E+00  0.000E+00  0.769E-03  0.000E+00  0.000E+00  0.000E+00  0.000E+00  0.000E+00  0.000E+00  0.000E+00
        20.2074  0.000E+00  0.278E-03  0.000E+00  0.000E+00 -0.675E+02  0.000E+00  0.000E+00  0.000E+00  0.743E-03  0.000E+00  0.000E+00  0.000E+00  0.000E+00  0.000E+00  0.000E+00  0.000E+00
        20.4544  0.000E+00  0.278E-03  0.000E+00  0.000E+00 -0.675E+02  0.000E+00  0.000E+00  0.000E+00  0.718E-03  0.000E+00  0.000E+00  0.000E+00  0.000E+00  0.000E+00  0.000E+00  0.000E+00
        20.7015  0.000E+00  0.278E-03  0.000E+00  0.000E+00 -0.675E+02  0.000E+00  0.000E+00  0.000E+00  0.695E-03  0.000E+00  0.000E+00  0.000E+00  0.000E+00  0.000E+00  0.000E+00  0.000E+00
        20.9485  0.000E+00  0.278E-03  0.000E+00  0.000E+00 -0.675E+02  0.000E+00  0.000E+00  0.000E+00  0.672E-03  0.000E+00  0.000E+00  0.000E+00  0.000E+00  0.000E+00  0.000E+00  0.000E+00
        21.1956  0.000E+00  0.278E-03  0.000E+00  0.000E+00 -0.675E+02  0.000E+00  0.000E+00  0.000E+00  0.649E-03  0.000E+00  0.000E+00  0.000E+00  0.000E+00  0.000E+00  0.000E+00  0.000E+00
        21.4427  0.000E+00  0.278E-03  0.000E+00  0.000E+00 -0.675E+02  0.000E+00  0.000E+00  0.000E+00  0.628E-03  0.000E+00  0.000E+00  0.000E+00  0.000E+00  0.000E+00  0.000E+00  0.000E+00
        21.6897  0.000E+00  0.278E-03  0.000E+00  0.000E+00 -0.675E+02  0.000E+00  0.000E+00  0.000E+00  0.607E-03  0.000E+00  0.000E+00  0.000E+00  0.000E+00  0.000E+00  0.000E+00  0.000E+00
        21.9368  0.000E+00  0.278E-03  0.000E+00  0.000E+00 -0.675E+02  0.000E+00  0.000E+00  0.000E+00  0.587E-03  0.000E+00  0.000E+00  0.000E+00  0.000E+00  0.000E+00  0.000E+00  0.000E+00
        22.1839  0.000E+00  0.278E-03  0.000E+00  0.000E+00 -0.675E+02  0.000E+00  0.000E+00  0.000E+00  0.568E-03  0.000E+00  0.000E+00  0.000E+00  0.000E+00  0.000E+00  0.000E+00  0.000E+00
        22.4309  0.000E+00  0.278E-03  0.000E+00  0.000E+00 -0.675E+02  0.000E+00  0.000E+00  0.000E+00  0.549E-03  0.000E+00  0.000E+00  0.000E+00  0.000E+00  0.000E+00  0.000E+00  0.000E+00
        22.6780  0.000E+00  0.278E-03  0.000E+00  0.000E+00 -0.675E+02  0.000E+00  0.000E+00  0.000E+00  0.531E-03  0.000E+00  0.000E+00  0.000E+00  0.000E+00  0.000E+00  0.000E+00  0.000E+00
        22.9251  0.000E+00  0.278E-03  0.000E+00  0.000E+00 -0.675E+02  0.000E+00  0.000E+00  0.000E+00  0.513E-03  0.000E+00  0.000E+00  0.000E+00  0.000E+00  0.000E+00  0.000E+00  0.000E+00
        23.1721  0.000E+00  0.278E-03  0.000E+00  0.000E+00 -0.675E+02  0.000E+00  0.000E+00  0.000E+00  0.497E-03  0.000E+00  0.000E+00  0.000E+00  0.000E+00  0.000E+00  0.000E+00  0.000E+00
        23.4933  0.000E+00  0.278E-03  0.000E+00  0.000E+00 -0.675E+02  0.000E+00  0.000E+00  0.000E+00  0.480E-03  0.000E+00  0.000E+00  0.000E+00  0.000E+00  0.000E+00  0.000E+00  0.000E+00
        23.8145  0.000E+00  0.278E-03  0.000E+00  0.000E+00 -0.675E+02  0.000E+00  0.000E+00  0.000E+00  0.460E-03  0.000E+00  0.000E+00  0.000E+00  0.000E+00  0.000E+00  0.000E+00  0.000E+00
        24.1357  0.000E+00  0.278E-03  0.000E+00  0.000E+00 -0.675E+02  0.000E+00  0.000E+00  0.000E+00  0.440E-03  0.000E+00  0.000E+00  0.000E+00  0.000E+00  0.000E+00  0.000E+00  0.000E+00
        24.4569  0.000E+00  0.278E-03  0.000E+00  0.000E+00 -0.675E+02  0.000E+00  0.000E+00  0.000E+00  0.421E-03  0.000E+00  0.000E+00  0.000E+00  0.000E+00  0.000E+00  0.000E+00  0.000E+00
        24.7780  0.000E+00  0.278E-03  0.000E+00  0.000E+00 -0.675E+02  0.000E+00  0.000E+00  0.000E+00  0.403E-03  0.000E+00  0.000E+00  0.000E+00  0.000E+00  0.000E+00  0.000E+00  0.000E+00
        25.0992  0.000E+00  0.278E-03  0.000E+00  0.000E+00 -0.675E+02  0.000E+00  0.000E+00  0.000E+00  0.386E-03  0.000E+00  0.000E+00  0.000E+00  0.000E+00  0.000E+00  0.000E+00  0.000E+00
        25.4204  0.000E+00  0.278E-03  0.000E+00  0.000E+00 -0.675E+02  0.000E+00  0.000E+00  0.000E+00  0.370E-03  0.000E+00  0.000E+00  0.000E+00  0.000E+00  0.000E+00  0.000E+00  0.000E+00
        25.7416  0.000E+00  0.278E-03  0.000E+00  0.000E+00 -0.675E+02  0.000E+00  0.000E+00  0.000E+00  0.354E-03  0.000E+00  0.000E+00  0.000E+00  0.000E+00  0.000E+00  0.000E+00  0.000E+00
        26.0628  0.000E+00  0.278E-03  0.000E+00  0.000E+00 -0.675E+02  0.000E+00  0.000E+00  0.000E+00  0.339E-03  0.000E+00  0.000E+00  0.000E+00  0.000E+00  0.000E+00  0.000E+00  0.000E+00
        26.3840  0.000E+00  0.278E-03  0.000E+00  0.000E+00 -0.675E+02  0.000E+00  0.000E+00  0.000E+00  0.324E-03  0.000E+00  0.000E+00  0.000E+00  0.000E+00  0.000E+00  0.000E+00  0.000E+00
        26.7051  0.000E+00  0.278E-03  0.000E+00  0.000E+00 -0.675E+02  0.000E+00  0.000E+00  0.000E+00  0.311E-03  0.000E+00  0.000E+00  0.000E+00  0.000E+00  0.000E+00  0.000E+00  0.000E+00
        27.0346  0.000E+00  0.278E-03  0.000E+00  0.000E+00 -0.675E+02  0.000E+00  0.000E+00  0.000E+00  0.297E-03  0.000E+00  0.000E+00  0.000E+00  0.000E+00  0.000E+00  0.000E+00  0.000E+00
        27.3641  0.000E+00  0.278E-03  0.000E+00  0.000E+00 -0.675E+02  0.000E+00  0.000E+00  0.000E+00  0.284E-03  0.000E+00  0.000E+00  0.000E+00  0.000E+00  0.000E+00  0.000E+00  0.000E+00
        27.6936  0.000E+00  0.278E-03  0.000E+00  0.000E+00 -0.675E+02  0.000E+00  0.000E+00  0.000E+00  0.272E-03  0.000E+00  0.000E+00  0.000E+00  0.000E+00  0.000E+00  0.000E+00  0.000E+00
        28.0231  0.000E+00  0.278E-03  0.000E+00  0.000E+00 -0.675E+02  0.000E+00  0.000E+00  0.000E+00  0.260E-03  0.000E+00  0.000E+00  0.000E+00  0.000E+00  0.000E+00  0.000E+00  0.000E+00
        28.3526  0.000E+00  0.278E-03  0.000E+00  0.000E+00 -0.675E+02  0.000E+00  0.000E+00  0.000E+00  0.248E-03  0.000E+00  0.000E+00  0.000E+00  0.000E+00  0.000E+00  0.000E+00  0.000E+00
        28.6821  0.000E+00  0.278E-03  0.000E+00  0.000E+00 -0.675E+02  0.000E+00  0.000E+00  0.000E+00  0.237E-03  0.000E+00  0.000E+00  0.000E+00  0.000E+00  0.000E+00  0.000E+00  0.000E+00
        29.0115  0.000E+00  0.278E-03  0.000E+00  0.000E+00 -0.675E+02  0.000E+00  0.000E+00  0.000E+00  0.227E-03  0.000E+00  0.000E+00  0.000E+00  0.000E+00  0.000E+00  0.000E+00  0.000E+00
        29.3410  0.000E+00  0.278E-03  0.000E+00  0.000E+00 -0.675E+02  0.000E+00  0.000E+00  0.000E+00  0.217E-03  0.000E+00  0.000E+00  0.000E+00  0.000E+00  0.000E+00  0.000E+00  0.000E+00
        29.6705  0.000E+00  0.278E-03  0.000E+00  0.000E+00 -0.675E+02  0.000E+00  0.000E+00  0.000E+00  0.207E-03  0.000E+00  0.000E+00  0.000E+00  0.000E+00  0.000E+00  0.000E+00  0.000E+00
        30.0000  0.000E+00  0.278E-03  0.000E+00  0.000E+00 -0.675E+02  0.000E+00  0.000E+00  0.000E+00  0.198E-03  0.000E+00  0.000E+00  0.000E+00  0.000E+00  0.000E+00  0.000E+00  0.000E+00
        30.3212  0.000E+00  0.278E-03  0.000E+00  0.000E+00 -0.675E+02  0.000E+00  0.000E+00  0.000E+00  0.189E-03  0.000E+00  0.000E+00  0.000E+00  0.000E+00  0.000E+00  0.000E+00  0.000E+00
        30.6424  0.000E+00  0.278E-03  0.000E+00  0.000E+00 -0.675E+02  0.000E+00  0.000E+00  0.000E+00  0.181E-03  0.000E+00  0.000E+00  0.000E+00  0.000E+00  0.000E+00  0.000E+00  0.000E+00
        30.9636  0.000E+00  0.278E-03  0.000E+00  0.000E+00 -0.675E+02  0.000E+00  0.000E+00  0.000E+00  0.174E-03  0.000E+00  0.000E+00  0.000E+00  0.000E+00  0.000E+00  0.000E+00  0.000E+00
        31.2847  0.000E+00  0.278E-03  0.000E+00  0.000E+00 -0.675E+02  0.000E+00  0.000E+00  0.000E+00  0.166E-03  0.000E+00  0.000E+00  0.000E+00  0.000E+00  0.000E+00  0.000E+00  0.000E+00
        31.6059  0.000E+00  0.278E-03  0.000E+00  0.000E+00 -0.675E+02  0.000E+00  0.000E+00  0.000E+00  0.159E-03  0.000E+00  0.000E+00  0.000E+00  0.000E+00  0.000E+00  0.000E+00  0.000E+00
        31.9271  0.000E+00  0.278E-03  0.000E+00  0.000E+00 -0.675E+02  0.000E+00  0.000E+00  0.000E+00  0.152E-03  0.000E+00  0.000E+00  0.000E+00  0.000E+00  0.000E+00  0.000E+00  0.000E+00
        32.2483  0.000E+00  0.278E-03  0.000E+00  0.000E+00 -0.675E+02  0.000E+00  0.000E+00  0.000E+00  0.145E-03  0.000E+00  0.000E+00  0.000E+00  0.000E+00  0.000E+00  0.000E+00  0.000E+00
        32.5695  0.000E+00  0.278E-03  0.000E+00  0.000E+00 -0.675E+02  0.000E+00  0.000E+00  0.000E+00  0.139E-03  0.000E+00  0.000E+00  0.000E+00  0.000E+00  0.000E+00  0.000E+00  0.000E+00
        32.8907  0.000E+00  0.278E-03  0.000E+00  0.000E+00 -0.675E+02  0.000E+00  0.000E+00  0.000E+00  0.133E-03  0.000E+00  0.000E+00  0.000E+00  0.000E+00  0.000E+00  0.000E+00  0.000E+00
        33.2118  0.000E+00  0.278E-03  0.000E+00  0.000E+00 -0.675E+02  0.000E+00  0.000E+00  0.000E+00  0.127E-03  0.000E+00  0.000E+00  0.000E+00  0.000E+00  0.000E+00  0.000E+00  0.000E+00
        33.5330  0.000E+00  0.278E-03  0.000E+00  0.000E+00 -0.675E+02  0.000E+00  0.000E+00  0.000E+00  0.122E-03  0.000E+00  0.000E+00  0.000E+00  0.000E+00  0.000E+00  0.000E+00  0.000E+00
        33.8542  0.000E+00  0.278E-03  0.000E+00  0.000E+00 -0.675E+02  0.000E+00  0.000E+00  0.000E+00  0.117E-03  0.000E+00  0.000E+00  0.000E+00  0.000E+00  0.000E+00  0.000E+00  0.000E+00
        34.1754  0.000E+00  0.278E-03  0.000E+00  0.000E+00 -0.675E+02  0.000E+00  0.000E+00  0.000E+00  0.112E-03  0.000E+00  0.000E+00  0.000E+00  0.000E+00  0.000E+00  0.000E+00  0.000E+00
        34.4966  0.000E+00  0.278E-03  0.000E+00  0.000E+00 -0.675E+02  0.000E+00  0.000E+00  0.000E+00  0.107E-03  0.000E+00  0.000E+00  0.000E+00  0.000E+00  0.000E+00  0.000E+00  0.000E+00
        34.8178  0.000E+00  0.278E-03  0.000E+00  0.000E+00 -0.675E+02  0.000E+00  0.000E+00  0.000E+00  0.102E-03  0.000E+00  0.000E+00  0.000E+00  0.000E+00  0.000E+00  0.000E+00  0.000E+00
        35.1389  0.000E+00  0.278E-03  0.000E+00  0.000E+00 -0.675E+02  0.000E+00  0.000E+00  0.000E+00  0.979E-04  0.000E+00  0.000E+00  0.000E+00  0.000E+00  0.000E+00  0.000E+00  0.000E+00
        35.4601  0.000E+00  0.278E-03  0.000E+00  0.000E+00 -0.675E+02  0.000E+00  0.000E+00  0.000E+00  0.937E-04  0.000E+00  0.000E+00  0.000E+00  0.000E+00  0.000E+00  0.000E+00  0.000E+00
        35.7813  0.000E+00  0.278E-03  0.000E+00  0.000E+00 -0.675E+02  0.000E+00  0.000E+00  0.000E+00  0.897E-04  0.000E+00  0.000E+00  0.000E+00  0.000E+00  0.000E+00  0.000E+00  0.000E+00
        36.1025  0.000E+00  0.278E-03  0.000E+00  0.000E+00 -0.675E+02  0.000E+00  0.000E+00  0.000E+00  0.859E-04  0.000E+00  0.000E+00  0.000E+00  0.000E+00  0.000E+00  0.000E+00  0.000E+00
        36.4237  0.000E+00  0.278E-03  0.000E+00  0.000E+00 -0.675E+02  0.000E+00  0.000E+00  0.000E+00  0.822E-04  0.000E+00  0.000E+00  0.000E+00  0.000E+00  0.000E+00  0.000E+00  0.000E+00
        36.7449  0.000E+00  0.278E-03  0.000E+00  0.000E+00 -0.675E+02  0.000E+00  0.000E+00  0.000E+00  0.787E-04  0.000E+00  0.000E+00  0.000E+00  0.000E+00  0.000E+00  0.000E+00  0.000E+00
        37.0660  0.000E+00  0.278E-03  0.000E+00  0.000E+00 -0.675E+02  0.000E+00  0.000E+00  0.000E+00  0.753E-04  0.000E+00  0.000E+00  0.000E+00  0.000E+00  0.000E+00  0.000E+00  0.000E+00
        37.3872  0.000E+00  0.278E-03  0.000E+00  0.000E+00 -0.675E+02  0.000E+00  0.000E+00  0.000E+00  0.721E-04  0.000E+00  0.000E+00  0.000E+00  0.000E+00  0.000E+00  0.000E+00  0.000E+00
        37.7084  0.000E+00  0.278E-03  0.000E+00  0.000E+00 -0.675E+02  0.000E+00  0.000E+00  0.000E+00  0.691E-04  0.000E+00  0.000E+00  0.000E+00  0.000E+00  0.000E+00  0.000E+00  0.000E+00
        38.0296  0.000E+00  0.278E-03  0.000E+00  0.000E+00 -0.675E+02  0.000E+00  0.000E+00  0.000E+00  0.662E-04  0.000E+00  0.000E+00  0.000E+00  0.000E+00  0.000E+00  0.000E+00  0.000E+00
        38.3508  0.000E+00  0.278E-03  0.000E+00  0.000E+00 -0.675E+02  0.000E+00  0.000E+00  0.000E+00  0.634E-04  0.000E+00  0.000E+00  0.000E+00  0.000E+00  0.000E+00  0.000E+00  0.000E+00
        38.6720  0.000E+00  0.278E-03  0.000E+00  0.000E+00 -0.675E+02  0.000E+00  0.000E+00  0.000E+00  0.607E-04  0.000E+00  0.000E+00  0.000E+00  0.000E+00  0.000E+00  0.000E+00  0.000E+00
        38.9931  0.000E+00  0.278E-03  0.000E+00  0.000E+00 -0.675E+02  0.000E+00  0.000E+00  0.000E+00  0.582E-04  0.000E+00  0.000E+00  0.000E+00  0.000E+00  0.000E+00  0.000E+00  0.000E+00
        39.3143  0.000E+00  0.278E-03  0.000E+00  0.000E+00 -0.675E+02  0.000E+00  0.000E+00  0.000E+00  0.558E-04  0.000E+00  0.000E+00  0.000E+00  0.000E+00  0.000E+00  0.000E+00  0.000E+00
        39.6355  0.000E+00  0.278E-03  0.000E+00  0.000E+00 -0.675E+02  0.000E+00  0.000E+00  0.000E+00  0.534E-04  0.000E+00  0.000E+00  0.000E+00  0.000E+00  0.000E+00  0.000E+00  0.000E+00
        39.9567  0.000E+00  0.278E-03  0.000E+00  0.000E+00 -0.675E+02  0.000E+00  0.000E+00  0.000E+00  0.512E-04  0.000E+00  0.000E+00  0.000E+00  0.000E+00  0.000E+00  0.000E+00  0.000E+00
        40.2779  0.000E+00  0.278E-03  0.000E+00  0.000E+00 -0.675E+02  0.000E+00  0.000E+00  0.000E+00  0.491E-04  0.000E+00  0.000E+00  0.000E+00  0.000E+00  0.000E+00  0.000E+00  0.000E+00
        40.5991  0.000E+00  0.278E-03  0.000E+00  0.000E+00 -0.675E+02  0.000E+00  0.000E+00  0.000E+00  0.471E-04  0.000E+00  0.000E+00  0.000E+00  0.000E+00  0.000E+00  0.000E+00  0.000E+00
        40.9202  0.000E+00  0.278E-03  0.000E+00  0.000E+00 -0.675E+02  0.000E+00  0.000E+00  0.000E+00  0.452E-04  0.000E+00  0.000E+00  0.000E+00  0.000E+00  0.000E+00  0.000E+00  0.000E+00
        41.2414  0.000E+00  0.278E-03  0.000E+00  0.000E+00 -0.675E+02  0.000E+00  0.000E+00  0.000E+00  0.433E-04  0.000E+00  0.000E+00  0.000E+00  0.000E+00  0.000E+00  0.000E+00  0.000E+00
        41.5626  0.000E+00  0.278E-03  0.000E+00  0.000E+00 -0.675E+02  0.000E+00  0.000E+00  0.000E+00  0.416E-04  0.000E+00  0.000E+00  0.000E+00  0.000E+00  0.000E+00  0.000E+00  0.000E+00
        41.8838  0.000E+00  0.278E-03  0.000E+00  0.000E+00 -0.675E+02  0.000E+00  0.000E+00  0.000E+00  0.399E-04  0.000E+00  0.000E+00  0.000E+00  0.000E+00  0.000E+00  0.000E+00  0.000E+00
        42.2050  0.000E+00  0.278E-03  0.000E+00  0.000E+00 -0.675E+02  0.000E+00  0.000E+00  0.000E+00  0.383E-04  0.000E+00  0.000E+00  0.000E+00  0.000E+00  0.000E+00  0.000E+00  0.000E+00
        42.5262  0.000E+00  0.278E-03  0.000E+00  0.000E+00 -0.675E+02  0.000E+00  0.000E+00  0.000E+00  0.367E-04  0.000E+00  0.000E+00  0.000E+00  0.000E+00  0.000E+00  0.000E+00  0.000E+00
        42.8473  0.000E+00  0.278E-03  0.000E+00  0.000E+00 -0.675E+02  0.000E+00  0.000E+00  0.000E+00  0.353E-04  0.000E+00  0.000E+00  0.000E+00  0.000E+00  0.000E+00  0.000E+00  0.000E+00
        43.1685  0.000E+00  0.278E-03  0.000E+00  0.000E+00 -0.675E+02  0.000E+00  0.000E+00  0.000E+00  0.339E-04  0.000E+00  0.000E+00  0.000E+00  0.000E+00  0.000E+00  0.000E+00  0.000E+00
        43.4897  0.000E+00  0.278E-03  0.000E+00  0.000E+00 -0.675E+02  0.000E+00  0.000E+00  0.000E+00  0.326E-04  0.000E+00  0.000E+00  0.000E+00  0.000E+00  0.000E+00  0.000E+00  0.000E+00
        43.8109  0.000E+00  0.278E-03  0.000E+00  0.000E+00 -0.675E+02  0.000E+00  0.000E+00  0.000E+00  0.313E-04  0.000E+00  0.000E+00  0.000E+00  0.000E+00  0.000E+00  0.000E+00  0.000E+00
        44.1321  0.000E+00  0.278E-03  0.000E+00  0.000E+00 -0.675E+02  0.000E+00  0.000E+00  0.000E+00  0.301E-04  0.000E+00  0.000E+00  0.000E+00  0.000E+00  0.000E+00  0.000E+00  0.000E+00
        44.4533  0.000E+00  0.278E-03  0.000E+00  0.000E+00 -0.675E+02  0.000E+00  0.000E+00  0.000E+00  0.289E-04  0.000E+00  0.000E+00  0.000E+00  0.000E+00  0.000E+00  0.000E+00  0.000E+00
        44.7744  0.000E+00  0.278E-03  0.000E+00  0.000E+00 -0.675E+02  0.000E+00  0.000E+00  0.000E+00  0.278E-04  0.000E+00  0.000E+00  0.000E+00  0.000E+00  0.000E+00  0.000E+00  0.000E+00
        45.0956  0.000E+00  0.278E-03  0.000E+00  0.000E+00 -0.675E+02  0.000E+00  0.000E+00  0.000E+00  0.267E-04  0.000E+00  0.000E+00  0.000E+00  0.000E+00  0.000E+00  0.000E+00  0.000E+00
        45.4168  0.000E+00  0.278E-03  0.000E+00  0.000E+00 -0.675E+02  0.000E+00  0.000E+00  0.000E+00  0.257E-04  0.000E+00  0.000E+00  0.000E+00  0.000E+00  0.000E+00  0.000E+00  0.000E+00
        45.7380  0.000E+00  0.278E-03  0.000E+00  0.000E+00 -0.675E+02  0.000E+00  0.000E+00  0.000E+00  0.248E-04  0.000E+00  0.000E+00  0.000E+00  0.000E+00  0.000E+00  0.000E+00  0.000E+00
        46.0592  0.000E+00  0.278E-03  0.000E+00  0.000E+00 -0.675E+02  0.000E+00  0.000E+00  0.000E+00  0.239E-04  0.000E+00  0.000E+00  0.000E+00  0.000E+00  0.000E+00  0.000E+00  0.000E+00
        46.3804  0.000E+00  0.278E-03  0.000E+00  0.000E+00 -0.675E+02  0.000E+00  0.000E+00  0.000E+00  0.231E-04  0.000E+00  0.000E+00  0.000E+00  0.000E+00  0.000E+00  0.000E+00  0.000E+00
        46.7015  0.000E+00  0.278E-03  0.000E+00  0.000E+00 -0.675E+02  0.000E+00  0.000E+00  0.000E+00  0.223E-04  0.000E+00  0.000E+00  0.000E+00  0.000E+00  0.000E+00  0.000E+00  0.000E+00
        47.0227  0.000E+00  0.278E-03  0.000E+00  0.000E+00 -0.675E+02  0.000E+00  0.000E+00  0.000E+00  0.216E-04  0.000E+00  0.000E+00  0.000E+00  0.000E+00  0.000E+00  0.000E+00  0.000E+00
        47.3439  0.000E+00  0.278E-03  0.000E+00  0.000E+00 -0.675E+02  0.000E+00  0.000E+00  0.000E+00  0.209E-04  0.000E+00  0.000E+00  0.000E+00  0.000E+00  0.000E+00  0.000E+00  0.000E+00
        47.6651  0.000E+00  0.278E-03  0.000E+00  0.000E+00 -0.675E+02  0.000E+00  0.000E+00  0.000E+00  0.204E-04  0.000E+00  0.000E+00  0.000E+00  0.000E+00  0.000E+00  0.000E+00  0.000E+00
        47.9863  0.000E+00  0.278E-03  0.000E+00  0.000E+00 -0.675E+02  0.000E+00  0.000E+00  0.000E+00  0.201E-04  0.000E+00  0.000E+00  0.000E+00  0.000E+00  0.000E+00  0.000E+00  0.000E+00
        48.3075  0.000E+00  0.278E-03  0.000E+00  0.000E+00 -0.675E+02  0.000E+00  0.000E+00  0.000E+00  0.200E-04  0.000E+00  0.000E+00  0.000E+00  0.000E+00  0.000E+00  0.000E+00  0.000E+00
        48.6287  0.000E+00  0.278E-03  0.000E+00  0.000E+00 -0.675E+02  0.000E+00  0.000E+00  0.000E+00  0.201E-04  0.000E+00  0.000E+00  0.000E+00  0.000E+00  0.000E+00  0.000E+00  0.000E+00
        48.9498  0.000E+00  0.278E-03  0.000E+00  0.000E+00 -0.675E+02  0.000E+00  0.000E+00  0.000E+00  0.206E-04  0.000E+00  0.000E+00  0.000E+00  0.000E+00  0.000E+00  0.000E+00  0.000E+00
        49.2710  0.000E+00  0.278E-03  0.000E+00  0.000E+00 -0.675E+02  0.000E+00  0.000E+00  0.000E+00  0.215E-04  0.000E+00  0.000E+00  0.000E+00  0.000E+00  0.000E+00  0.000E+00  0.000E+00
        49.5922  0.000E+00  0.278E-03  0.000E+00  0.000E+00 -0.675E+02  0.000E+00  0.000E+00  0.000E+00  0.230E-04  0.000E+00  0.000E+00  0.000E+00  0.000E+00  0.000E+00  0.000E+00  0.000E+00
        49.9134  0.000E+00  0.278E-03  0.000E+00  0.000E+00 -0.675E+02  0.000E+00  0.000E+00  0.000E+00  0.257E-04  0.000E+00  0.000E+00  0.000E+00  0.000E+00  0.000E+00  0.000E+00  0.000E+00
        50.2346  0.000E+00  0.278E-03  0.000E+00  0.000E+00 -0.675E+02  0.000E+00  0.000E+00  0.000E+00  0.307E-04  0.000E+00  0.000E+00  0.000E+00  0.000E+00  0.000E+00  0.000E+00  0.000E+00
        50.5558  0.000E+00  0.278E-03  0.000E+00  0.000E+00 -0.675E+02  0.000E+00  0.000E+00  0.000E+00  0.412E-04  0.000E+00  0.000E+00  0.000E+00  0.000E+00  0.000E+00  0.000E+00  0.000E+00
        50.8769  0.000E+00  0.278E-03  0.000E+00  0.000E+00 -0.675E+02  0.000E+00  0.000E+00  0.000E+00  0.655E-04  0.000E+00  0.000E+00  0.000E+00  0.000E+00  0.000E+00  0.000E+00  0.000E+00
        51.1981  0.000E+00  0.278E-03  0.000E+00  0.000E+00 -0.675E+02  0.000E+00  0.000E+00  0.000E+00  0.126E-03  0.000E+00  0.000E+00  0.000E+00  0.000E+00  0.000E+00  0.000E+00  0.000E+00
        51.5193  0.000E+00  0.278E-03  0.000E+00  0.000E+00 -0.675E+02  0.000E+00  0.000E+00  0.000E+00  0.287E-03  0.000E+00  0.000E+00  0.000E+00  0.000E+00  0.000E+00  0.000E+00  0.000E+00
        51.8405  0.000E+00  0.278E-03  0.000E+00  0.000E+00 -0.675E+02  0.000E+00  0.000E+00  0.000E+00  0.721E-03  0.000E+00  0.000E+00  0.000E+00  0.000E+00  0.000E+00  0.000E+00  0.000E+00
        52.1617  0.000E+00  0.278E-03  0.000E+00  0.000E+00 -0.675E+02  0.000E+00  0.000E+00  0.000E+00  0.188E-02  0.000E+00  0.000E+00  0.000E+00  0.000E+00  0.000E+00  0.000E+00  0.000E+00
        52.4829  0.000E+00  0.278E-03  0.000E+00  0.000E+00 -0.675E+02  0.000E+00  0.000E+00  0.000E+00  0.487E-02  0.000E+00  0.000E+00  0.000E+00  0.000E+00  0.000E+00  0.000E+00  0.000E+00
        52.8040  0.000E+00  0.278E-03  0.000E+00  0.000E+00 -0.675E+02  0.000E+00  0.000E+00  0.000E+00  0.123E-01  0.000E+00  0.000E+00  0.000E+00  0.000E+00  0.000E+00  0.000E+00  0.000E+00
        53.1252  0.000E+00  0.278E-03  0.000E+00  0.000E+00 -0.675E+02  0.000E+00  0.000E+00  0.000E+00  0.297E-01  0.000E+00  0.000E+00  0.000E+00  0.000E+00  0.000E+00  0.000E+00  0.000E+00
        53.4464  0.000E+00  0.278E-03  0.000E+00  0.000E+00 -0.675E+02  0.000E+00  0.000E+00  0.000E+00  0.686E-01  0.000E+00  0.000E+00  0.000E+00  0.000E+00  0.000E+00  0.000E+00  0.000E+00
        53.7676  0.000E+00  0.278E-03  0.000E+00  0.000E+00 -0.675E+02  0.000E+00  0.000E+00  0.000E+00  0.150E+00  0.000E+00  0.000E+00  0.000E+00  0.000E+00  0.000E+00  0.000E+00  0.000E+00
        54.0888  0.000E+00  0.278E-03  0.000E+00  0.000E+00 -0.675E+02  0.000E+00  0.000E+00  0.000E+00  0.304E+00  0.000E+00  0.000E+00  0.000E+00  0.000E+00  0.000E+00  0.000E+00  0.000E+00
        54.4100  0.000E+00  0.278E-03  0.000E+00  0.000E+00 -0.675E+02  0.000E+00  0.000E+00  0.000E+00  0.566E+00  0.000E+00  0.000E+00  0.000E+00  0.000E+00  0.000E+00  0.000E+00  0.000E+00
        54.7311  0.000E+00  0.278E-03  0.000E+00  0.000E+00 -0.675E+02  0.000E+00  0.000E+00  0.000E+00  0.964E+00  0.000E+00  0.000E+00  0.000E+00  0.000E+00  0.000E+00  0.000E+00  0.000E+00
        55.0523  0.000E+00  0.278E-03  0.000E+00  0.000E+00 -0.675E+02  0.000E+00  0.000E+00  0.000E+00  0.150E+01  0.000E+00  0.000E+00  0.000E+00  0.000E+00  0.000E+00  0.000E+00  0.000E+00
        55.3735  0.000E+00  0.278E-03  0.000E+00  0.000E+00 -0.675E+02  0.000E+00  0.000E+00  0.000E+00  0.217E+01  0.000E+00  0.000E+00  0.000E+00  0.000E+00  0.000E+00  0.000E+00  0.000E+00
        55.6947  0.000E+00  0.278E-03  0.000E+00  0.000E+00 -0.675E+02  0.000E+00  0.000E+00  0.000E+00  0.294E+01  0.000E+00  0.000E+00  0.000E+00  0.000E+00  0.000E+00  0.000E+00  0.000E+00
        56.0159  0.000E+00  0.278E-03  0.000E+00  0.000E+00 -0.675E+02  0.000E+00  0.000E+00  0.000E+00  0.380E+01  0.000E+00  0.000E+00  0.000E+00  0.000E+00  0.000E+00  0.000E+00  0.000E+00
        56.3371  0.000E+00  0.278E-03  0.000E+00  0.000E+00 -0.675E+02  0.000E+00  0.000E+00  0.000E+00  0.472E+01  0.000E+00  0.000E+00  0.000E+00  0.000E+00  0.000E+00  0.000E+00  0.000E+00
        56.6582  0.000E+00  0.278E-03  0.000E+00  0.000E+00 -0.675E+02  0.000E+00  0.000E+00  0.000E+00  0.567E+01  0.000E+00  0.000E+00  0.000E+00  0.000E+00  0.000E+00  0.000E+00  0.000E+00
        56.9924  0.000E+00  0.278E-03  0.000E+00  0.000E+00 -0.675E+02  0.000E+00  0.000E+00  0.000E+00  0.665E+01  0.000E+00  0.000E+00  0.000E+00  0.000E+00  0.000E+00  0.000E+00  0.000E+00
        57.4221  0.000E+00  0.278E-03  0.000E+00  0.000E+00 -0.675E+02  0.000E+00  0.000E+00  0.000E+00  0.767E+01  0.000E+00  0.000E+00  0.000E+00  0.000E+00  0.000E+00  0.000E+00  0.000E+00
        57.8517  0.000E+00  0.278E-03  0.000E+00  0.000E+00 -0.675E+02  0.000E+00  0.000E+00  0.000E+00  0.920E+01  0.000E+00  0.000E+00  0.000E+00  0.000E+00  0.000E+00  0.000E+00  0.000E+00
        58.2814  0.000E+00  0.278E-03  0.000E+00  0.000E+00 -0.675E+02  0.000E+00  0.000E+00  0.000E+00  0.105E+02  0.000E+00  0.000E+00  0.000E+00  0.000E+00  0.000E+00  0.000E+00  0.000E+00
        58.7110  0.000E+00  0.278E-03  0.000E+00  0.000E+00 -0.675E+02  0.000E+00  0.000E+00  0.000E+00  0.118E+02  0.000E+00  0.000E+00  0.000E+00  0.000E+00  0.000E+00  0.000E+00  0.000E+00
        59.1407  0.000E+00  0.278E-03  0.000E+00  0.000E+00 -0.675E+02  0.000E+00  0.000E+00  0.000E+00  0.131E+02  0.000E+00  0.000E+00  0.000E+00  0.000E+00  0.000E+00  0.000E+00  0.000E+00
        59.5703  0.000E+00  0.278E-03  0.000E+00  0.000E+00 -0.675E+02  0.000E+00  0.000E+00  0.000E+00  0.142E+02  0.000E+00  0.000E+00  0.000E+00  0.000E+00  0.000E+00  0.000E+00  0.000E+00
        60.0000  0.000E+00  0.278E-03  0.000E+00  0.000E+00 -0.675E+02  0.000E+00  0.000E+00  0.000E+00  0.154E+02  0.000E+00  0.000E+00  0.000E+00  0.000E+00  0.000E+00  0.000E+00  0.000E+00
        60.0010  0.000E+00  0.278E-03  0.000E+00  0.000E+00  0.000E+00  0.000E+00  0.000E+00  0.000E+00  0.164E+02  0.000E+00  0.000E+00  0.000E+00  0.000E+00  0.000E+00  0.000E+00  0.000E+00
        60.0020  0.000E+00  0.278E-03  0.000E+00  0.000E+00  0.000E+00  0.000E+00  0.000E+00  0.000E+00  0.164E+02  0.000E+00  0.000E+00  0.000E+00  0.000E+00  0.000E+00  0.000E+00  0.000E+00
        60.0033  0.000E+00  0.278E-03  0.000E+00  0.000E+00  0.000E+00  0.000E+00  0.000E+00  0.000E+00  0.164E+02  0.000E+00  0.000E+00  0.000E+00  0.000E+00  0.000E+00  0.000E+00  0.000E+00
        60.0050  0.000E+00  0.278E-03  0.000E+00  0.000E+00  0.000E+00  0.000E+00  0.000E+00  0.000E+00  0.164E+02  0.000E+00  0.000E+00  0.000E+00  0.000E+00  0.000E+00  0.000E+00  0.000E+00
        60.0072  0.000E+00  0.278E-03  0.000E+00  0.000E+00  0.000E+00  0.000E+00  0.000E+00  0.000E+00  0.163E+02  0.000E+00  0.000E+00  0.000E+00  0.000E+00  0.000E+00  0.000E+00  0.000E+00
        60.0100  0.000E+00  0.278E-03  0.000E+00  0.000E+00  0.000E+00  0.000E+00  0.000E+00  0.000E+00  0.163E+02  0.000E+00  0.000E+00  0.000E+00  0.000E+00  0.000E+00  0.000E+00  0.000E+00
        60.0138  0.000E+00  0.278E-03  0.000E+00  0.000E+00  0.000E+00  0.000E+00  0.000E+00  0.000E+00  0.163E+02  0.000E+00  0.000E+00  0.000E+00  0.000E+00  0.000E+00  0.000E+00  0.000E+00
        60.0186  0.000E+00  0.278E-03  0.000E+00  0.000E+00  0.000E+00  0.000E+00  0.000E+00  0.000E+00  0.163E+02  0.000E+00  0.000E+00  0.000E+00  0.000E+00  0.000E+00  0.000E+00  0.000E+00
        60.0249  0.000E+00  0.278E-03  0.000E+00  0.000E+00  0.000E+00  0.000E+00  0.000E+00  0.000E+00  0.163E+02  0.000E+00  0.000E+00  0.000E+00  0.000E+00  0.000E+00  0.000E+00  0.000E+00
        60.0330  0.000E+00  0.278E-03  0.000E+00  0.000E+00  0.000E+00  0.000E+00  0.000E+00  0.000E+00  0.163E+02  0.000E+00  0.000E+00  0.000E+00  0.000E+00  0.000E+00  0.000E+00  0.000E+00
        60.0436  0.000E+00  0.278E-03  0.000E+00  0.000E+00  0.000E+00  0.000E+00  0.000E+00  0.000E+00  0.163E+02  0.000E+00  0.000E+00  0.000E+00  0.000E+00  0.000E+00  0.000E+00  0.000E+00
        60.0574  0.000E+00  0.278E-03  0.000E+00  0.000E+00  0.000E+00  0.000E+00  0.000E+00  0.000E+00  0.163E+02  0.000E+00  0.000E+00  0.000E+00  0.000E+00  0.000E+00  0.000E+00  0.000E+00
        60.0753  0.000E+00  0.278E-03  0.000E+00  0.000E+00  0.000E+00  0.000E+00  0.000E+00  0.000E+00  0.163E+02  0.000E+00  0.000E+00  0.000E+00  0.000E+00  0.000E+00  0.000E+00  0.000E+00
        60.0986  0.000E+00  0.278E-03  0.000E+00  0.000E+00  0.000E+00  0.000E+00  0.000E+00  0.000E+00  0.163E+02  0.000E+00  0.000E+00  0.000E+00  0.000E+00  0.000E+00  0.000E+00  0.000E+00
        60.1289  0.000E+00  0.278E-03  0.000E+00  0.000E+00  0.000E+00  0.000E+00  0.000E+00  0.000E+00  0.163E+02  0.000E+00  0.000E+00  0.000E+00  0.000E+00  0.000E+00  0.000E+00  0.000E+00
        60.1683  0.000E+00  0.278E-03  0.000E+00  0.000E+00  0.000E+00  0.000E+00  0.000E+00  0.000E+00  0.162E+02  0.000E+00  0.000E+00  0.000E+00  0.000E+00  0.000E+00  0.000E+00  0.000E+00
        60.2195  0.000E+00  0.278E-03  0.000E+00  0.000E+00  0.000E+00  0.000E+00  0.000E+00  0.000E+00  0.161E+02  0.000E+00  0.000E+00  0.000E+00  0.000E+00  0.000E+00  0.000E+00  0.000E+00
        60.2860  0.000E+00  0.278E-03  0.000E+00  0.000E+00  0.000E+00  0.000E+00  0.000E+00  0.000E+00  0.159E+02  0.000E+00  0.000E+00  0.000E+00  0.000E+00  0.000E+00  0.000E+00  0.000E+00
        60.3725  0.000E+00  0.278E-03  0.000E+00  0.000E+00  0.000E+00  0.000E+00  0.000E+00  0.000E+00  0.155E+02  0.000E+00  0.000E+00  0.000E+00  0.000E+00  0.000E+00  0.000E+00  0.000E+00
        60.4850  0.000E+00  0.278E-03  0.000E+00  0.000E+00  0.000E+00  0.000E+00  0.000E+00  0.000E+00  0.148E+02  0.000E+00  0.000E+00  0.000E+00  0.000E+00  0.000E+00  0.000E+00  0.000E+00
        60.6312  0.000E+00  0.278E-03  0.000E+00  0.000E+00  0.000E+00  0.000E+00  0.000E+00  0.000E+00  0.140E+02  0.000E+00  0.000E+00  0.000E+00  0.000E+00  0.000E+00  0.000E+00  0.000E+00
        60.8212  0.000E+00  0.278E-03  0.000E+00  0.000E+00  0.000E+00  0.000E+00  0.000E+00  0.000E+00  0.129E+02  0.000E+00  0.000E+00  0.000E+00  0.000E+00  0.000E+00  0.000E+00  0.000E+00
        61.0683  0.000E+00  0.278E-03  0.000E+00  0.000E+00  0.000E+00  0.000E+00  0.000E+00  0.000E+00  0.116E+02  0.000E+00  0.000E+00  0.000E+00  0.000E+00  0.000E+00  0.000E+00  0.000E+00
        61.3895  0.000E+00  0.278E-03  0.000E+00  0.000E+00  0.000E+00  0.000E+00  0.000E+00  0.000E+00  0.102E+02  0.000E+00  0.000E+00  0.000E+00  0.000E+00  0.000E+00  0.000E+00  0.000E+00
        61.8070  0.000E+00  0.278E-03  0.000E+00  0.000E+00  0.000E+00  0.000E+00  0.000E+00  0.000E+00  0.875E+01  0.000E+00  0.000E+00  0.000E+00  0.000E+00  0.000E+00  0.000E+00  0.000E+00
        62.3498  0.000E+00  0.278E-03  0.000E+00  0.000E+00  0.000E+00  0.000E+00  0.000E+00  0.000E+00  0.730E+01  0.000E+00  0.000E+00  0.000E+00  0.000E+00  0.000E+00  0.000E+00  0.000E+00
        63.0554  0.000E+00  0.278E-03  0.000E+00  0.000E+00  0.000E+00  0.000E+00  0.000E+00  0.000E+00  0.592E+01  0.000E+00  0.000E+00  0.000E+00  0.000E+00  0.000E+00  0.000E+00  0.000E+00
        63.7611  0.000E+00  0.278E-03  0.000E+00  0.000E+00  0.000E+00  0.000E+00  0.000E+00  0.000E+00  0.462E+01  0.000E+00  0.000E+00  0.000E+00  0.000E+00  0.000E+00  0.000E+00  0.000E+00
        64.6784  0.000E+00  0.278E-03  0.000E+00  0.000E+00  0.000E+00  0.000E+00  0.000E+00  0.000E+00  0.381E+01  0.000E+00  0.000E+00  0.000E+00  0.000E+00  0.000E+00  0.000E+00  0.000E+00
        65.5957  0.000E+00  0.278E-03  0.000E+00  0.000E+00  0.000E+00  0.000E+00  0.000E+00  0.000E+00  0.293E+01  0.000E+00  0.000E+00  0.000E+00  0.000E+00  0.000E+00  0.000E+00  0.000E+00
        66.7883  0.000E+00  0.278E-03  0.000E+00  0.000E+00  0.000E+00  0.000E+00  0.000E+00  0.000E+00  0.237E+01  0.000E+00  0.000E+00  0.000E+00  0.000E+00  0.000E+00  0.000E+00  0.000E+00
        67.9808  0.000E+00  0.278E-03  0.000E+00  0.000E+00  0.000E+00  0.000E+00  0.000E+00  0.000E+00  0.177E+01  0.000E+00  0.000E+00  0.000E+00  0.000E+00  0.000E+00  0.000E+00  0.000E+00
        69.5311  0.000E+00  0.278E-03  0.000E+00  0.000E+00  0.000E+00  0.000E+00  0.000E+00  0.000E+00  0.140E+01  0.000E+00  0.000E+00  0.000E+00  0.000E+00  0.000E+00  0.000E+00  0.000E+00
        71.0814  0.000E+00  0.278E-03  0.000E+00  0.000E+00  0.000E+00  0.000E+00  0.000E+00  0.000E+00  0.101E+01  0.000E+00  0.000E+00  0.000E+00  0.000E+00  0.000E+00  0.000E+00  0.000E+00
        73.0968  0.000E+00  0.278E-03  0.000E+00  0.000E+00  0.000E+00  0.000E+00  0.000E+00  0.000E+00  0.771E+00  0.000E+00  0.000E+00  0.000E+00  0.000E+00  0.000E+00  0.000E+00  0.000E+00
        75.1122  0.000E+00  0.278E-03  0.000E+00  0.000E+00  0.000E+00  0.000E+00  0.000E+00  0.000E+00  0.534E+00  0.000E+00  0.000E+00  0.000E+00  0.000E+00  0.000E+00  0.000E+00  0.000E+00
        77.7321  0.000E+00  0.278E-03  0.000E+00  0.000E+00  0.000E+00  0.000E+00  0.000E+00  0.000E+00  0.395E+00  0.000E+00  0.000E+00  0.000E+00  0.000E+00  0.000E+00  0.000E+00  0.000E+00
        80.3521  0.000E+00  0.278E-03  0.000E+00  0.000E+00  0.000E+00  0.000E+00  0.000E+00  0.000E+00  0.264E+00  0.000E+00  0.000E+00  0.000E+00  0.000E+00  0.000E+00  0.000E+00  0.000E+00
        82.9721  0.000E+00  0.278E-03  0.000E+00  0.000E+00  0.000E+00  0.000E+00  0.000E+00  0.000E+00  0.189E+00  0.000E+00  0.000E+00  0.000E+00  0.000E+00  0.000E+00  0.000E+00  0.000E+00
        86.3781  0.000E+00  0.278E-03  0.000E+00  0.000E+00  0.000E+00  0.000E+00  0.000E+00  0.000E+00  0.139E+00  0.000E+00  0.000E+00  0.000E+00  0.000E+00  0.000E+00  0.000E+00  0.000E+00
        89.7403  0.000E+00  0.278E-03  0.000E+00  0.000E+00  0.000E+00  0.000E+00  0.000E+00  0.000E+00  0.940E-01  0.000E+00  0.000E+00  0.000E+00  0.000E+00  0.000E+00  0.000E+00  0.000E+00
        93.1025  0.000E+00  0.278E-03  0.000E+00  0.000E+00  0.000E+00  0.000E+00  0.000E+00  0.000E+00  0.679E-01  0.000E+00  0.000E+00  0.000E+00  0.000E+00  0.000E+00  0.000E+00  0.000E+00
        97.5854  0.000E+00  0.278E-03  0.000E+00  0.000E+00  0.000E+00  0.000E+00  0.000E+00  0.000E+00  0.502E-01  0.000E+00  0.000E+00  0.000E+00  0.000E+00  0.000E+00  0.000E+00  0.000E+00
       102.0683  0.000E+00  0.278E-03  0.000E+00  0.000E+00  0.000E+00  0.000E+00  0.000E+00  0.000E+00  0.347E-01  0.000E+00  0.000E+00  0.000E+00  0.000E+00  0.000E+00  0.000E+00  0.000E+00
       106.5512  0.000E+00  0.278E-03  0.000E+00  0.000E+00  0.000E+00  0.000E+00  0.000E+00  0.000E+00  0.252E-01  0.000E+00  0.000E+00  0.000E+00  0.000E+00  0.000E+00  0.000E+00  0.000E+00
       111.0342  0.000E+00  0.278E-03  0.000E+00  0.000E+00  0.000E+00  0.000E+00  0.000E+00  0.000E+00  0.189E-01  0.000E+00  0.000E+00  0.000E+00  0.000E+00  0.000E+00  0.000E+00  0.000E+00
       115.5171  0.000E+00  0.278E-03  0.000E+00  0.000E+00  0.000E+00  0.000E+00  0.000E+00  0.000E+00  0.146E-01  0.000E+00  0.000E+00  0.000E+00  0.000E+00  0.000E+00  0.000E+00  0.000E+00
       120.0000  0.000E+00  0.278E-03  0.000E+00  0.000E+00  0.000E+00  0.000E+00  0.000E+00  0.000E+00  0.116E-01  0.000E+00  0.000E+00  0.000E+00  0.000E+00  0.000E+00  0.000E+00  0.000E+00
       124.4278  0.000E+00  0.278E-03  0.000E+00  0.000E+00  0.000E+00  0.000E+00  0.000E+00  0.000E+00  0.936E-02  0.000E+00  0.000E+00  0.000E+00  0.000E+00  0.000E+00  0.000E+00  0.000E+00
       128.8556  0.000E+00  0.278E-03  0.000E+00  0.000E+00  0.000E+00  0.000E+00  0.000E+00  0.000E+00  0.777E-02  0.000E+00  0.000E+00  0.000E+00  0.000E+00  0.000E+00  0.000E+00  0.000E+00
       134.5383  0.000E+00  0.278E-03  0.000E+00  0.000E+00  0.000E+00  0.000E+00  0.000E+00  0.000E+00  0.658E-02  0.000E+00  0.000E+00  0.000E+00  0.000E+00  0.000E+00  0.000E+00  0.000E+00
       142.1152  0.000E+00  0.278E-03  0.000E+00  0.000E+00  0.000E+00  0.000E+00  0.000E+00  0.000E+00  0.548E-02  0.000E+00  0.000E+00  0.000E+00  0.000E+00  0.000E+00  0.000E+00  0.000E+00
       151.5864  0.000E+00  0.278E-03  0.000E+00  0.000E+00  0.000E+00  0.000E+00  0.000E+00  0.000E+00  0.450E-02  0.000E+00  0.000E+00  0.000E+00  0.000E+00  0.000E+00  0.000E+00  0.000E+00
       165.7932  0.000E+00  0.278E-03  0.000E+00  0.000E+00  0.000E+00  0.000E+00  0.000E+00  0.000E+00  0.375E-02  0.000E+00  0.000E+00  0.000E+00  0.000E+00  0.000E+00  0.000E+00  0.000E+00
       180.0000  0.000E+00  0.278E-03  0.000E+00  0.000E+00  0.000E+00  0.000E+00  0.000E+00  0.000E+00  0.312E-02  0.000E+00  0.000E+00  0.000E+00  0.000E+00  0.000E+00  0.000E+00  0.000E+00
       195.0000  0.000E+00  0.278E-03  0.000E+00  0.000E+00  0.000E+00  0.000E+00  0.000E+00  0.000E+00  0.277E-02  0.000E+00  0.000E+00  0.000E+00  0.000E+00  0.000E+00  0.000E+00  0.000E+00
       217.5000  0.000E+00  0.278E-03  0.000E+00  0.000E+00  0.000E+00  0.000E+00  0.000E+00  0.000E+00  0.252E-02  0.000E+00  0.000E+00  0.000E+00  0.000E+00  0.000E+00  0.000E+00  0.000E+00
       240.0000  0.000E+00  0.278E-03  0.000E+00  0.000E+00  0.000E+00  0.000E+00  0.000E+00  0.000E+00  0.227E-02  0.000E+00  0.000E+00  0.000E+00  0.000E+00  0.000E+00  0.000E+00  0.000E+00
       268.8889  0.000E+00  0.278E-03  0.000E+00  0.000E+00  0.000E+00  0.000E+00  0.000E+00  0.000E+00  0.206E-02  0.000E+00  0.000E+00  0.000E+00  0.000E+00  0.000E+00  0.000E+00  0.000E+00
       307.4074  0.000E+00  0.278E-03  0.000E+00  0.000E+00  0.000E+00  0.000E+00  0.000E+00  0.000E+00  0.183E-02  0.000E+00  0.000E+00  0.000E+00  0.000E+00  0.000E+00  0.000E+00  0.000E+00
       355.5556  0.000E+00  0.278E-03  0.000E+00  0.000E+00  0.000E+00  0.000E+00  0.000E+00  0.000E+00  0.156E-02  0.000E+00  0.000E+00  0.000E+00  0.000E+00  0.000E+00  0.000E+00  0.000E+00
       427.7778  0.000E+00  0.278E-03  0.000E+00  0.000E+00  0.000E+00  0.000E+00  0.000E+00  0.000E+00  0.130E-02  0.000E+00  0.000E+00  0.000E+00  0.000E+00  0.000E+00  0.000E+00  0.000E+00
       500.0000  0.000E+00  0.278E-03  0.000E+00  0.000E+00  0.000E+00  0.000E+00  0.000E+00  0.000E+00  0.102E-02  0.000E+00  0.000E+00  0.000E+00  0.000E+00  0.000E+00  0.000E+00  0.000E+00
       573.3333  0.000E+00  0.278E-03  0.000E+00  0.000E+00  0.000E+00  0.000E+00  0.000E+00  0.000E+00  0.829E-03  0.000E+00  0.000E+00  0.000E+00  0.000E+00  0.000E+00  0.000E+00  0.000E+00
       720.0000  0.000E+00  0.278E-03  0.000E+00  0.000E+00  0.000E+00  0.000E+00  0.000E+00  0.000E+00  0.696E-03  0.000E+00  0.000E+00  0.000E+00  0.000E+00  0.000E+00  0.000E+00  0.000E+00
       822.8571  0.000E+00  0.278E-03  0.000E+00  0.000E+00  0.000E+00  0.000E+00  0.000E+00  0.000E+00  0.542E-03  0.000E+00  0.000E+00  0.000E+00  0.000E+00  0.000E+00  0.000E+00  0.000E+00
       946.2857  0.000E+00  0.278E-03  0.000E+00  0.000E+00  0.000E+00  0.000E+00  0.000E+00  0.000E+00  0.474E-03  0.000E+00  0.000E+00  0.000E+00  0.000E+00  0.000E+00  0.000E+00  0.000E+00
      1110.8571  0.000E+00  0.278E-03  0.000E+00  0.000E+00  0.000E+00  0.000E+00  0.000E+00  0.000E+00  0.421E-03  0.000E+00  0.000E+00  0.000E+00  0.000E+00  0.000E+00  0.000E+00  0.000E+00
      1440.0000  0.000E+00  0.278E-03  0.000E+00  0.000E+00  0.000E+00  0.000E+00  0.000E+00  0.000E+00  0.380E-03  0.000E+00  0.000E+00  0.000E+00  0.000E+00  0.000E+00  0.000E+00  0.000E+00
      1800.0000  0.000E+00  0.278E-03  0.000E+00  0.000E+00  0.000E+00  0.000E+00  0.000E+00  0.000E+00  0.346E-03  0.000E+00  0.000E+00  0.000E+00  0.000E+00  0.000E+00  0.000E+00  0.000E+00
      2160.0000  0.000E+00  0.278E-03  0.000E+00  0.000E+00  0.000E+00  0.000E+00  0.000E+00  0.000E+00  0.335E-03  0.000E+00  0.000E+00  0.000E+00  0.000E+00  0.000E+00  0.000E+00  0.000E+00
      2520.0000  0.000E+00  0.278E-03  0.000E+00  0.000E+00  0.000E+00  0.000E+00  0.000E+00  0.000E+00  0.331E-03  0.000E+00  0.000E+00  0.000E+00  0.000E+00  0.000E+00  0.000E+00  0.000E+00
      2880.0000  0.000E+00  0.278E-03  0.000E+00  0.000E+00  0.000E+00  0.000E+00  0.000E+00  0.000E+00  0.331E-03  0.000E+00  0.000E+00  0.000E+00  0.000E+00  0.000E+00  0.000E+00  0.000E+00
end
